-----------------------------构建第11颗树-----------------------------
--树的深度：0
('----划分特征：', 1)
------划分值:0.000,左节点损失:0.000,右节点损失:58.193,总损失:58.193
('----划分特征：', 2)
------划分值:0.000,左节点损失:0.000,右节点损失:58.193,总损失:58.193
('----划分特征：', 3)
------划分值:0.000,左节点损失:0.000,右节点损失:58.193,总损失:58.193
('----划分特征：', 4)
------划分值:0.000,左节点损失:0.000,右节点损失:58.193,总损失:58.193
('----划分特征：', 5)
------划分值:0.000,左节点损失:0.000,右节点损失:58.193,总损失:58.193
('----划分特征：', 6)
------划分值:0.000,左节点损失:0.000,右节点损失:58.193,总损失:58.193
('----划分特征：', 7)
------划分值:0.000,左节点损失:0.000,右节点损失:58.193,总损失:58.193
('----划分特征：', 8)
------划分值:0.000,左节点损失:0.000,右节点损失:58.193,总损失:58.193
('----划分特征：', 9)
------划分值:0.000,左节点损失:0.000,右节点损失:58.193,总损失:58.193
('----划分特征：', 10)
------划分值:0.000,左节点损失:0.000,右节点损失:58.193,总损失:58.193
('----划分特征：', 11)
------划分值:0.000,左节点损失:0.000,右节点损失:58.193,总损失:58.193
('----划分特征：', 12)
------划分值:0.000,左节点损失:0.000,右节点损失:58.193,总损失:58.193
('----划分特征：', 13)
------划分值:0.000,左节点损失:0.000,右节点损失:58.193,总损失:58.193
('----划分特征：', 14)
------划分值:0.000,左节点损失:0.000,右节点损失:58.193,总损失:58.193
('----划分特征：', 15)
------划分值:0.000,左节点损失:0.000,右节点损失:58.193,总损失:58.193
('----划分特征：', 16)
------划分值:0.000,左节点损失:0.000,右节点损失:58.193,总损失:58.193
('----划分特征：', 17)
------划分值:0.000,左节点损失:0.000,右节点损失:58.193,总损失:58.193
('----划分特征：', 18)
------划分值:0.000,左节点损失:0.000,右节点损失:58.193,总损失:58.193
('----划分特征：', 19)
------划分值:0.000,左节点损失:0.000,右节点损失:58.193,总损失:58.193
('----划分特征：', 20)
------划分值:0.000,左节点损失:0.000,右节点损失:58.193,总损失:58.193
('----划分特征：', 21)
------划分值:0.000,左节点损失:0.000,右节点损失:58.193,总损失:58.193
('----划分特征：', 22)
------划分值:0.000,左节点损失:0.000,右节点损失:58.193,总损失:58.193
('----划分特征：', 23)
------划分值:0.000,左节点损失:0.000,右节点损失:58.193,总损失:58.193
('----划分特征：', 24)
------划分值:0.000,左节点损失:0.000,右节点损失:58.193,总损失:58.193
('----划分特征：', 25)
------划分值:0.000,左节点损失:0.000,右节点损失:58.193,总损失:58.193
('----划分特征：', 26)
------划分值:0.000,左节点损失:0.000,右节点损失:58.193,总损失:58.193
('----划分特征：', 27)
------划分值:0.000,左节点损失:0.000,右节点损失:58.193,总损失:58.193
('----划分特征：', 28)
------划分值:0.000,左节点损失:0.000,右节点损失:58.193,总损失:58.193
('----划分特征：', 29)
------划分值:0.000,左节点损失:0.000,右节点损失:58.193,总损失:58.193
('----划分特征：', 30)
------划分值:0.000,左节点损失:0.000,右节点损失:58.193,总损失:58.193
('----划分特征：', 31)
------划分值:0.000,左节点损失:0.000,右节点损失:58.193,总损失:58.193
('----划分特征：', 32)
------划分值:0.000,左节点损失:0.000,右节点损失:58.193,总损失:58.193
('----划分特征：', 33)
------划分值:0.000,左节点损失:0.000,右节点损失:58.193,总损失:58.193
('----划分特征：', 34)
------划分值:0.000,左节点损失:0.000,右节点损失:58.193,总损失:58.193
('----划分特征：', 35)
------划分值:0.000,左节点损失:0.000,右节点损失:58.193,总损失:58.193
('----划分特征：', 36)
------划分值:0.000,左节点损失:0.000,右节点损失:58.193,总损失:58.193
------划分值:1.000,左节点损失:58.192,右节点损失:0.000,总损失:58.192
('----划分特征：', 37)
------划分值:0.000,左节点损失:0.000,右节点损失:58.193,总损失:58.193
------划分值:1.000,左节点损失:58.191,右节点损失:0.000,总损失:58.191
('----划分特征：', 38)
------划分值:0.000,左节点损失:0.000,右节点损失:58.193,总损失:58.193
------划分值:1.000,左节点损失:58.192,右节点损失:0.000,总损失:58.192
('----划分特征：', 39)
------划分值:0.000,左节点损失:0.000,右节点损失:58.193,总损失:58.193
------划分值:1.000,左节点损失:58.190,右节点损失:0.000,总损失:58.190
('----划分特征：', 40)
------划分值:0.000,左节点损失:0.000,右节点损失:58.193,总损失:58.193
------划分值:1.000,左节点损失:58.192,右节点损失:0.000,总损失:58.192
('----划分特征：', 41)
------划分值:0.000,左节点损失:0.000,右节点损失:58.193,总损失:58.193
------划分值:1.000,左节点损失:58.191,右节点损失:0.000,总损失:58.191
('----划分特征：', 42)
------划分值:0.000,左节点损失:0.000,右节点损失:58.193,总损失:58.193
------划分值:1.000,左节点损失:58.192,右节点损失:0.000,总损失:58.192
('----划分特征：', 43)
------划分值:0.000,左节点损失:0.000,右节点损失:58.193,总损失:58.193
------划分值:1.000,左节点损失:58.189,右节点损失:0.000,总损失:58.189
('----划分特征：', 44)
------划分值:0.000,左节点损失:0.000,右节点损失:58.193,总损失:58.193
------划分值:1.000,左节点损失:58.187,右节点损失:0.000,总损失:58.187
('----划分特征：', 45)
------划分值:0.000,左节点损失:0.000,右节点损失:58.193,总损失:58.193
------划分值:1.000,左节点损失:58.190,右节点损失:0.000,总损失:58.190
('----划分特征：', 46)
------划分值:0.000,左节点损失:0.000,右节点损失:58.193,总损失:58.193
------划分值:1.000,左节点损失:58.190,右节点损失:0.000,总损失:58.190
('----划分特征：', 47)
------划分值:0.000,左节点损失:0.000,右节点损失:58.193,总损失:58.193
------划分值:1.000,左节点损失:58.192,右节点损失:0.000,总损失:58.192
('----划分特征：', 48)
------划分值:0.000,左节点损失:0.000,右节点损失:58.193,总损失:58.193
------划分值:1.000,左节点损失:58.191,右节点损失:0.000,总损失:58.191
('----划分特征：', 49)
------划分值:0.000,左节点损失:0.000,右节点损失:58.193,总损失:58.193
------划分值:1.000,左节点损失:58.192,右节点损失:0.000,总损失:58.192
('----划分特征：', 50)
------划分值:0.000,左节点损失:0.000,右节点损失:58.193,总损失:58.193
------划分值:1.000,左节点损失:58.192,右节点损失:0.000,总损失:58.192
('----划分特征：', 51)
------划分值:0.000,左节点损失:0.000,右节点损失:58.193,总损失:58.193
('----划分特征：', 52)
------划分值:0.000,左节点损失:0.000,右节点损失:58.193,总损失:58.193
('----划分特征：', 53)
------划分值:0.000,左节点损失:0.000,右节点损失:58.193,总损失:58.193
('----划分特征：', 54)
------划分值:0.000,左节点损失:0.000,右节点损失:58.193,总损失:58.193
('----划分特征：', 55)
------划分值:0.000,左节点损失:0.000,右节点损失:58.193,总损失:58.193
('----划分特征：', 56)
------划分值:0.000,左节点损失:0.000,右节点损失:58.193,总损失:58.193
('----划分特征：', 57)
------划分值:0.000,左节点损失:0.000,右节点损失:58.193,总损失:58.193
('----划分特征：', 58)
------划分值:0.000,左节点损失:0.000,右节点损失:58.193,总损失:58.193
('----划分特征：', 59)
------划分值:0.000,左节点损失:0.000,右节点损失:58.193,总损失:58.193
('----划分特征：', 60)
------划分值:0.000,左节点损失:0.000,右节点损失:58.193,总损失:58.193
('----划分特征：', 61)
------划分值:0.000,左节点损失:0.000,右节点损失:58.193,总损失:58.193
('----划分特征：', 62)
------划分值:0.000,左节点损失:0.000,右节点损失:58.193,总损失:58.193
('----划分特征：', 63)
------划分值:0.000,左节点损失:0.000,右节点损失:58.193,总损失:58.193
('----划分特征：', 64)
------划分值:0.000,左节点损失:0.000,右节点损失:58.193,总损失:58.193
------划分值:1.000,左节点损失:58.189,右节点损失:0.000,总损失:58.189
('----划分特征：', 65)
------划分值:0.000,左节点损失:0.000,右节点损失:58.193,总损失:58.193
------划分值:1.000,左节点损失:58.185,右节点损失:0.000,总损失:58.185
('----划分特征：', 66)
------划分值:0.000,左节点损失:0.000,右节点损失:58.193,总损失:58.193
------划分值:1.000,左节点损失:58.178,右节点损失:0.000,总损失:58.178
('----划分特征：', 67)
------划分值:0.000,左节点损失:0.000,右节点损失:58.193,总损失:58.193
------划分值:1.000,左节点损失:58.171,右节点损失:0.000,总损失:58.171
('----划分特征：', 68)
------划分值:0.000,左节点损失:0.000,右节点损失:58.193,总损失:58.193
------划分值:1.000,左节点损失:58.161,右节点损失:0.000,总损失:58.161
('----划分特征：', 69)
------划分值:0.000,左节点损失:0.000,右节点损失:58.193,总损失:58.193
------划分值:1.000,左节点损失:58.157,右节点损失:0.000,总损失:58.157
('----划分特征：', 70)
------划分值:0.000,左节点损失:0.000,右节点损失:58.193,总损失:58.193
------划分值:1.000,左节点损失:58.129,右节点损失:0.000,总损失:58.129
('----划分特征：', 71)
------划分值:0.000,左节点损失:0.000,右节点损失:58.193,总损失:58.193
------划分值:1.000,左节点损失:58.114,右节点损失:0.000,总损失:58.114
('----划分特征：', 72)
------划分值:0.000,左节点损失:0.000,右节点损失:58.193,总损失:58.193
------划分值:1.000,左节点损失:58.073,右节点损失:0.000,总损失:58.073
('----划分特征：', 73)
------划分值:0.000,左节点损失:0.000,右节点损失:58.193,总损失:58.193
------划分值:1.000,左节点损失:58.071,右节点损失:0.000,总损失:58.071
('----划分特征：', 74)
------划分值:0.000,左节点损失:0.000,右节点损失:58.193,总损失:58.193
------划分值:1.000,左节点损失:58.096,右节点损失:0.000,总损失:58.096
('----划分特征：', 75)
------划分值:0.000,左节点损失:0.000,右节点损失:58.193,总损失:58.193
------划分值:1.000,左节点损失:58.129,右节点损失:0.000,总损失:58.129
('----划分特征：', 76)
------划分值:0.000,左节点损失:0.000,右节点损失:58.193,总损失:58.193
------划分值:1.000,左节点损失:58.165,右节点损失:0.000,总损失:58.165
('----划分特征：', 77)
------划分值:0.000,左节点损失:0.000,右节点损失:58.193,总损失:58.193
------划分值:1.000,左节点损失:58.183,右节点损失:0.000,总损失:58.183
('----划分特征：', 78)
------划分值:0.000,左节点损失:0.000,右节点损失:58.193,总损失:58.193
------划分值:1.000,左节点损失:58.190,右节点损失:0.000,总损失:58.190
('----划分特征：', 79)
------划分值:0.000,左节点损失:0.000,右节点损失:58.193,总损失:58.193
------划分值:1.000,左节点损失:58.192,右节点损失:0.000,总损失:58.192
('----划分特征：', 80)
------划分值:0.000,左节点损失:0.000,右节点损失:58.193,总损失:58.193
('----划分特征：', 81)
------划分值:0.000,左节点损失:0.000,右节点损失:58.193,总损失:58.193
('----划分特征：', 82)
------划分值:0.000,左节点损失:0.000,右节点损失:58.193,总损失:58.193
('----划分特征：', 83)
------划分值:0.000,左节点损失:0.000,右节点损失:58.193,总损失:58.193
('----划分特征：', 84)
------划分值:0.000,左节点损失:0.000,右节点损失:58.193,总损失:58.193
('----划分特征：', 85)
------划分值:0.000,左节点损失:0.000,右节点损失:58.193,总损失:58.193
('----划分特征：', 86)
------划分值:0.000,左节点损失:0.000,右节点损失:58.193,总损失:58.193
('----划分特征：', 87)
------划分值:0.000,左节点损失:0.000,右节点损失:58.193,总损失:58.193
('----划分特征：', 88)
------划分值:0.000,左节点损失:0.000,右节点损失:58.193,总损失:58.193
('----划分特征：', 89)
------划分值:0.000,左节点损失:0.000,右节点损失:58.193,总损失:58.193
------划分值:1.000,左节点损失:58.191,右节点损失:0.000,总损失:58.191
('----划分特征：', 90)
------划分值:0.000,左节点损失:0.000,右节点损失:58.193,总损失:58.193
------划分值:1.000,左节点损失:58.187,右节点损失:0.000,总损失:58.187
('----划分特征：', 91)
------划分值:0.000,左节点损失:0.000,右节点损失:58.193,总损失:58.193
------划分值:1.000,左节点损失:58.185,右节点损失:0.000,总损失:58.185
('----划分特征：', 92)
------划分值:0.000,左节点损失:0.000,右节点损失:58.193,总损失:58.193
------划分值:1.000,左节点损失:58.170,右节点损失:0.000,总损失:58.170
('----划分特征：', 93)
------划分值:0.000,左节点损失:0.000,右节点损失:58.193,总损失:58.193
------划分值:1.000,左节点损失:58.155,右节点损失:0.000,总损失:58.155
('----划分特征：', 94)
------划分值:0.000,左节点损失:0.000,右节点损失:58.193,总损失:58.193
------划分值:1.000,左节点损失:58.115,右节点损失:0.000,总损失:58.115
('----划分特征：', 95)
------划分值:0.000,左节点损失:0.000,右节点损失:58.193,总损失:58.193
------划分值:1.000,左节点损失:57.994,右节点损失:0.108,总损失:58.102
('----划分特征：', 96)
------划分值:0.000,左节点损失:0.000,右节点损失:58.193,总损失:58.193
------划分值:1.000,左节点损失:57.686,右节点损失:0.424,总损失:58.110
('----划分特征：', 97)
------划分值:0.000,左节点损失:0.000,右节点损失:58.193,总损失:58.193
------划分值:1.000,左节点损失:57.369,右节点损失:0.736,总损失:58.106
('----划分特征：', 98)
------划分值:0.000,左节点损失:0.000,右节点损失:58.193,总损失:58.193
------划分值:1.000,左节点损失:57.044,右节点损失:1.048,总损失:58.092
('----划分特征：', 99)
------划分值:0.000,左节点损失:0.000,右节点损失:58.193,总损失:58.193
------划分值:1.000,左节点损失:56.885,右节点损失:1.158,总损失:58.043
('----划分特征：', 100)
------划分值:0.000,左节点损失:0.000,右节点损失:58.193,总损失:58.193
------划分值:1.000,左节点损失:57.005,右节点损失:0.957,总损失:57.962
('----划分特征：', 101)
------划分值:0.000,左节点损失:0.000,右节点损失:58.193,总损失:58.193
------划分值:1.000,左节点损失:57.114,右节点损失:0.852,总损失:57.966
('----划分特征：', 102)
------划分值:0.000,左节点损失:0.000,右节点损失:58.193,总损失:58.193
------划分值:1.000,左节点损失:57.557,右节点损失:0.430,总损失:57.987
('----划分特征：', 103)
------划分值:0.000,左节点损失:0.000,右节点损失:58.193,总损失:58.193
------划分值:1.000,左节点损失:57.559,右节点损失:0.530,总损失:58.089
('----划分特征：', 104)
------划分值:0.000,左节点损失:0.000,右节点损失:58.193,总损失:58.193
------划分值:1.000,左节点损失:57.921,右节点损失:0.213,总损失:58.134
('----划分特征：', 105)
------划分值:0.000,左节点损失:0.000,右节点损失:58.193,总损失:58.193
------划分值:1.000,左节点损失:58.146,右节点损失:0.000,总损失:58.146
('----划分特征：', 106)
------划分值:0.000,左节点损失:0.000,右节点损失:58.193,总损失:58.193
------划分值:1.000,左节点损失:58.175,右节点损失:0.000,总损失:58.175
('----划分特征：', 107)
------划分值:0.000,左节点损失:0.000,右节点损失:58.193,总损失:58.193
------划分值:1.000,左节点损失:58.188,右节点损失:0.000,总损失:58.188
('----划分特征：', 108)
------划分值:0.000,左节点损失:0.000,右节点损失:58.193,总损失:58.193
------划分值:1.000,左节点损失:58.192,右节点损失:0.000,总损失:58.192
('----划分特征：', 109)
------划分值:0.000,左节点损失:0.000,右节点损失:58.193,总损失:58.193
('----划分特征：', 110)
------划分值:0.000,左节点损失:0.000,右节点损失:58.193,总损失:58.193
('----划分特征：', 111)
------划分值:0.000,左节点损失:0.000,右节点损失:58.193,总损失:58.193
('----划分特征：', 112)
------划分值:0.000,左节点损失:0.000,右节点损失:58.193,总损失:58.193
('----划分特征：', 113)
------划分值:0.000,左节点损失:0.000,右节点损失:58.193,总损失:58.193
('----划分特征：', 114)
------划分值:0.000,左节点损失:0.000,右节点损失:58.193,总损失:58.193
('----划分特征：', 115)
------划分值:0.000,左节点损失:0.000,右节点损失:58.193,总损失:58.193
('----划分特征：', 116)
------划分值:0.000,左节点损失:0.000,右节点损失:58.193,总损失:58.193
------划分值:1.000,左节点损失:58.192,右节点损失:0.000,总损失:58.192
('----划分特征：', 117)
------划分值:0.000,左节点损失:0.000,右节点损失:58.193,总损失:58.193
------划分值:1.000,左节点损失:58.185,右节点损失:0.000,总损失:58.185
('----划分特征：', 118)
------划分值:0.000,左节点损失:0.000,右节点损失:58.193,总损失:58.193
------划分值:1.000,左节点损失:58.174,右节点损失:0.000,总损失:58.174
('----划分特征：', 119)
------划分值:0.000,左节点损失:0.000,右节点损失:58.193,总损失:58.193
------划分值:1.000,左节点损失:58.156,右节点损失:0.000,总损失:58.156
('----划分特征：', 120)
------划分值:0.000,左节点损失:0.000,右节点损失:58.193,总损失:58.193
------划分值:1.000,左节点损失:58.105,右节点损失:0.000,总损失:58.105
('----划分特征：', 121)
------划分值:0.000,左节点损失:0.000,右节点损失:58.193,总损失:58.193
------划分值:1.000,左节点损失:57.765,右节点损失:0.321,总损失:58.086
('----划分特征：', 122)
------划分值:0.000,左节点损失:0.000,右节点损失:58.193,总损失:58.193
------划分值:1.000,左节点损失:56.950,右节点损失:1.149,总损失:58.099
('----划分特征：', 123)
------划分值:0.000,左节点损失:0.000,右节点损失:58.193,总损失:58.193
------划分值:1.000,左节点损失:55.578,右节点损失:2.555,总损失:58.133
('----划分特征：', 124)
------划分值:0.000,左节点损失:0.000,右节点损失:58.193,总损失:58.193
------划分值:1.000,左节点损失:52.511,右节点损失:5.682,总损失:58.193
('----划分特征：', 125)
------划分值:0.000,左节点损失:0.000,右节点损失:58.193,总损失:58.193
------划分值:1.000,左节点损失:48.157,右节点损失:9.910,总损失:58.067
('----划分特征：', 126)
------划分值:0.000,左节点损失:0.000,右节点损失:58.193,总损失:58.193
------划分值:1.000,左节点损失:46.818,右节点损失:11.312,总损失:58.130
('----划分特征：', 127)
------划分值:0.000,左节点损失:0.000,右节点损失:58.193,总损失:58.193
------划分值:1.000,左节点损失:44.018,右节点损失:14.006,总损失:58.024
('----划分特征：', 128)
------划分值:0.000,左节点损失:0.000,右节点损失:58.193,总损失:58.193
------划分值:1.000,左节点损失:42.641,右节点损失:15.275,总损失:57.916
('----划分特征：', 129)
------划分值:0.000,左节点损失:0.000,右节点损失:58.193,总损失:58.193
------划分值:1.000,左节点损失:43.896,右节点损失:14.033,总损失:57.929
('----划分特征：', 130)
------划分值:0.000,左节点损失:0.000,右节点损失:58.193,总损失:58.193
------划分值:1.000,左节点损失:45.957,右节点损失:11.929,总损失:57.885
('----划分特征：', 131)
------划分值:0.000,左节点损失:0.000,右节点损失:58.193,总损失:58.193
------划分值:1.000,左节点损失:48.577,右节点损失:9.279,总损失:57.856
('----划分特征：', 132)
------划分值:0.000,左节点损失:0.000,右节点损失:58.193,总损失:58.193
------划分值:1.000,左节点损失:51.903,右节点损失:6.035,总损失:57.938
('----划分特征：', 133)
------划分值:0.000,左节点损失:0.000,右节点损失:58.193,总损失:58.193
------划分值:1.000,左节点损失:55.363,右节点损失:2.755,总损失:58.118
('----划分特征：', 134)
------划分值:0.000,左节点损失:0.000,右节点损失:58.193,总损失:58.193
------划分值:1.000,左节点损失:57.120,右节点损失:1.073,总损失:58.193
('----划分特征：', 135)
------划分值:0.000,左节点损失:0.000,右节点损失:58.193,总损失:58.193
------划分值:1.000,左节点损失:57.969,右节点损失:0.209,总损失:58.178
('----划分特征：', 136)
------划分值:0.000,左节点损失:0.000,右节点损失:58.193,总损失:58.193
------划分值:1.000,左节点损失:58.090,右节点损失:0.102,总损失:58.192
('----划分特征：', 137)
------划分值:0.000,左节点损失:0.000,右节点损失:58.193,总损失:58.193
('----划分特征：', 138)
------划分值:0.000,左节点损失:0.000,右节点损失:58.193,总损失:58.193
('----划分特征：', 139)
------划分值:0.000,左节点损失:0.000,右节点损失:58.193,总损失:58.193
('----划分特征：', 140)
------划分值:0.000,左节点损失:0.000,右节点损失:58.193,总损失:58.193
('----划分特征：', 141)
------划分值:0.000,左节点损失:0.000,右节点损失:58.193,总损失:58.193
('----划分特征：', 142)
------划分值:0.000,左节点损失:0.000,右节点损失:58.193,总损失:58.193
('----划分特征：', 143)
------划分值:0.000,左节点损失:0.000,右节点损失:58.193,总损失:58.193
------划分值:1.000,左节点损失:58.191,右节点损失:0.000,总损失:58.191
('----划分特征：', 144)
------划分值:0.000,左节点损失:0.000,右节点损失:58.193,总损失:58.193
------划分值:1.000,左节点损失:58.184,右节点损失:0.000,总损失:58.184
('----划分特征：', 145)
------划分值:0.000,左节点损失:0.000,右节点损失:58.193,总损失:58.193
------划分值:1.000,左节点损失:58.152,右节点损失:0.000,总损失:58.152
('----划分特征：', 146)
------划分值:0.000,左节点损失:0.000,右节点损失:58.193,总损失:58.193
------划分值:1.000,左节点损失:58.119,右节点损失:0.000,总损失:58.119
('----划分特征：', 147)
------划分值:0.000,左节点损失:0.000,右节点损失:58.193,总损失:58.193
------划分值:1.000,左节点损失:57.952,右节点损失:0.108,总损失:58.060
('----划分特征：', 148)
------划分值:0.000,左节点损失:0.000,右节点损失:58.193,总损失:58.193
------划分值:1.000,左节点损失:57.657,右节点损失:0.323,总损失:57.981
('----划分特征：', 149)
------划分值:0.000,左节点损失:0.000,右节点损失:58.193,总损失:58.193
------划分值:1.000,左节点损失:56.252,右节点损失:1.778,总损失:58.030
('----划分特征：', 150)
------划分值:0.000,左节点损失:0.000,右节点损失:58.193,总损失:58.193
------划分值:1.000,左节点损失:53.829,右节点损失:4.279,总损失:58.109
('----划分特征：', 151)
------划分值:0.000,左节点损失:0.000,右节点损失:58.193,总损失:58.193
------划分值:1.000,左节点损失:48.779,右节点损失:9.414,总损失:58.193
('----划分特征：', 152)
------划分值:0.000,左节点损失:0.000,右节点损失:58.193,总损失:58.193
------划分值:1.000,左节点损失:42.714,右节点损失:15.347,总损失:58.061
('----划分特征：', 153)
------划分值:0.000,左节点损失:0.000,右节点损失:58.193,总损失:58.193
------划分值:1.000,左节点损失:36.642,右节点损失:21.208,总损失:57.850
('----划分特征：', 154)
------划分值:0.000,左节点损失:0.000,右节点损失:58.193,总损失:58.193
------划分值:1.000,左节点损失:29.056,右节点损失:28.183,总损失:57.239
('----划分特征：', 155)
------划分值:0.000,左节点损失:0.000,右节点损失:58.193,总损失:58.193
------划分值:1.000,左节点损失:24.043,右节点损失:32.622,总损失:56.665
('----划分特征：', 156)
------划分值:0.000,左节点损失:0.000,右节点损失:58.193,总损失:58.193
------划分值:1.000,左节点损失:22.027,右节点损失:34.116,总损失:56.143
('----划分特征：', 157)
------划分值:1.000,左节点损失:25.072,右节点损失:31.362,总损失:56.435
------划分值:0.000,左节点损失:0.000,右节点损失:58.193,总损失:58.193
('----划分特征：', 158)
------划分值:1.000,左节点损失:29.580,右节点损失:27.076,总损失:56.655
------划分值:0.000,左节点损失:0.000,右节点损失:58.193,总损失:58.193
('----划分特征：', 159)
------划分值:0.000,左节点损失:0.000,右节点损失:58.193,总损失:58.193
------划分值:1.000,左节点损失:37.848,右节点损失:19.434,总损失:57.282
('----划分特征：', 160)
------划分值:1.000,左节点损失:44.793,右节点损失:12.884,总损失:57.677
------划分值:0.000,左节点损失:0.000,右节点损失:58.193,总损失:58.193
('----划分特征：', 161)
------划分值:1.000,左节点损失:50.811,右节点损失:7.198,总损失:58.009
------划分值:0.000,左节点损失:0.000,右节点损失:58.193,总损失:58.193
('----划分特征：', 162)
------划分值:1.000,左节点损失:54.742,右节点损失:3.423,总损失:58.165
------划分值:0.000,左节点损失:0.000,右节点损失:58.193,总损失:58.193
('----划分特征：', 163)
------划分值:0.000,左节点损失:0.000,右节点损失:58.193,总损失:58.193
------划分值:1.000,左节点损失:56.982,右节点损失:1.205,总损失:58.187
('----划分特征：', 164)
------划分值:0.000,左节点损失:0.000,右节点损失:58.193,总损失:58.193
------划分值:1.000,左节点损失:57.951,右节点损失:0.211,总损失:58.162
('----划分特征：', 165)
------划分值:0.000,左节点损失:0.000,右节点损失:58.193,总损失:58.193
------划分值:1.000,左节点损失:58.177,右节点损失:0.000,总损失:58.177
('----划分特征：', 166)
------划分值:0.000,左节点损失:0.000,右节点损失:58.193,总损失:58.193
------划分值:1.000,左节点损失:58.192,右节点损失:0.000,总损失:58.192
('----划分特征：', 167)
------划分值:0.000,左节点损失:0.000,右节点损失:58.193,总损失:58.193
('----划分特征：', 168)
------划分值:0.000,左节点损失:0.000,右节点损失:58.193,总损失:58.193
('----划分特征：', 169)
------划分值:0.000,左节点损失:0.000,右节点损失:58.193,总损失:58.193
('----划分特征：', 170)
------划分值:0.000,左节点损失:0.000,右节点损失:58.193,总损失:58.193
('----划分特征：', 171)
------划分值:0.000,左节点损失:0.000,右节点损失:58.193,总损失:58.193
------划分值:1.000,左节点损失:58.189,右节点损失:0.000,总损失:58.189
('----划分特征：', 172)
------划分值:0.000,左节点损失:0.000,右节点损失:58.193,总损失:58.193
------划分值:1.000,左节点损失:58.170,右节点损失:0.000,总损失:58.170
('----划分特征：', 173)
------划分值:0.000,左节点损失:0.000,右节点损失:58.193,总损失:58.193
------划分值:1.000,左节点损失:58.039,右节点损失:0.107,总损失:58.147
('----划分特征：', 174)
------划分值:0.000,左节点损失:0.000,右节点损失:58.193,总损失:58.193
------划分值:1.000,左节点损失:57.954,右节点损失:0.108,总损失:58.062
('----划分特征：', 175)
------划分值:0.000,左节点损失:0.000,右节点损失:58.193,总损失:58.193
------划分值:1.000,左节点损失:57.692,右节点损失:0.217,总损失:57.909
('----划分特征：', 176)
------划分值:0.000,左节点损失:0.000,右节点损失:58.193,总损失:58.193
------划分值:1.000,左节点损失:56.006,右节点损失:1.990,总损失:57.996
('----划分特征：', 177)
------划分值:0.000,左节点损失:0.000,右节点损失:58.193,总损失:58.193
------划分值:1.000,左节点损失:52.458,右节点损失:5.667,总损失:58.125
('----划分特征：', 178)
------划分值:0.000,左节点损失:0.000,右节点损失:58.193,总损失:58.193
------划分值:1.000,左节点损失:47.160,右节点损失:11.032,总损失:58.193
('----划分特征：', 179)
------划分值:1.000,左节点损失:39.422,右节点损失:18.615,总损失:58.037
------划分值:0.000,左节点损失:0.000,右节点损失:58.193,总损失:58.193
('----划分特征：', 180)
------划分值:1.000,左节点损失:33.038,右节点损失:24.785,总损失:57.823
------划分值:0.000,左节点损失:0.000,右节点损失:58.193,总损失:58.193
('----划分特征：', 181)
------划分值:1.000,左节点损失:25.722,右节点损失:31.766,总损失:57.488
------划分值:0.000,左节点损失:0.000,右节点损失:58.193,总损失:58.193
('----划分特征：', 182)
------划分值:1.000,左节点损失:18.320,右节点损失:38.567,总损失:56.886
------划分值:0.000,左节点损失:0.000,右节点损失:58.193,总损失:58.193
('----划分特征：', 183)
------划分值:1.000,左节点损失:13.167,右节点损失:42.893,总损失:56.060
------划分值:0.000,左节点损失:0.000,右节点损失:58.193,总损失:58.193
('----划分特征：', 184)
------划分值:1.000,左节点损失:12.372,右节点损失:43.374,总损失:55.746
------划分值:0.000,左节点损失:0.000,右节点损失:58.193,总损失:58.193
('----划分特征：', 185)
------划分值:1.000,左节点损失:14.414,右节点损失:41.294,总损失:55.708
------划分值:0.000,左节点损失:0.000,右节点损失:58.193,总损失:58.193
('----划分特征：', 186)
------划分值:1.000,左节点损失:18.362,右节点损失:37.338,总损失:55.700
------划分值:0.000,左节点损失:0.000,右节点损失:58.193,总损失:58.193
('----划分特征：', 187)
------划分值:1.000,左节点损失:26.187,右节点损失:30.078,总损失:56.264
------划分值:0.000,左节点损失:0.000,右节点损失:58.193,总损失:58.193
('----划分特征：', 188)
------划分值:1.000,左节点损失:35.137,右节点损失:21.650,总损失:56.788
------划分值:0.000,左节点损失:0.000,右节点损失:58.193,总损失:58.193
('----划分特征：', 189)
------划分值:1.000,左节点损失:44.527,右节点损失:13.084,总损失:57.611
------划分值:0.000,左节点损失:0.000,右节点损失:58.193,总损失:58.193
('----划分特征：', 190)
------划分值:1.000,左节点损失:51.343,右节点损失:6.737,总损失:58.080
------划分值:0.000,左节点损失:0.000,右节点损失:58.193,总损失:58.193
('----划分特征：', 191)
------划分值:0.000,左节点损失:0.000,右节点损失:58.193,总损失:58.193
------划分值:1.000,左节点损失:55.896,右节点损失:2.292,总损失:58.188
('----划分特征：', 192)
------划分值:0.000,左节点损失:0.000,右节点损失:58.193,总损失:58.193
------划分值:1.000,左节点损失:57.700,右节点损失:0.423,总损失:58.123
('----划分特征：', 193)
------划分值:0.000,左节点损失:0.000,右节点损失:58.193,总损失:58.193
------划分值:1.000,左节点损失:58.152,右节点损失:0.000,总损失:58.152
('----划分特征：', 194)
------划分值:0.000,左节点损失:0.000,右节点损失:58.193,总损失:58.193
------划分值:1.000,左节点损失:58.187,右节点损失:0.000,总损失:58.187
('----划分特征：', 195)
------划分值:0.000,左节点损失:0.000,右节点损失:58.193,总损失:58.193
------划分值:1.000,左节点损失:58.190,右节点损失:0.000,总损失:58.190
('----划分特征：', 196)
------划分值:0.000,左节点损失:0.000,右节点损失:58.193,总损失:58.193
('----划分特征：', 197)
------划分值:0.000,左节点损失:0.000,右节点损失:58.193,总损失:58.193
------划分值:1.000,左节点损失:58.192,右节点损失:0.000,总损失:58.192
('----划分特征：', 198)
------划分值:0.000,左节点损失:0.000,右节点损失:58.193,总损失:58.193
------划分值:1.000,左节点损失:58.190,右节点损失:0.000,总损失:58.190
('----划分特征：', 199)
------划分值:0.000,左节点损失:0.000,右节点损失:58.193,总损失:58.193
------划分值:1.000,左节点损失:58.182,右节点损失:0.000,总损失:58.182
('----划分特征：', 200)
------划分值:0.000,左节点损失:0.000,右节点损失:58.193,总损失:58.193
------划分值:1.000,左节点损失:58.147,右节点损失:0.000,总损失:58.147
('----划分特征：', 201)
------划分值:0.000,左节点损失:0.000,右节点损失:58.193,总损失:58.193
------划分值:1.000,左节点损失:57.977,右节点损失:0.108,总损失:58.085
('----划分特征：', 202)
------划分值:0.000,左节点损失:0.000,右节点损失:58.193,总损失:58.193
------划分值:1.000,左节点损失:57.865,右节点损失:0.109,总损失:57.974
('----划分特征：', 203)
------划分值:0.000,左节点损失:0.000,右节点损失:58.193,总损失:58.193
------划分值:1.000,左节点损失:56.672,右节点损失:1.272,总损失:57.944
('----划分特征：', 204)
------划分值:1.000,左节点损失:53.620,右节点损失:4.419,总损失:58.038
------划分值:0.000,左节点损失:0.000,右节点损失:58.193,总损失:58.193
('----划分特征：', 205)
------划分值:1.000,左节点损失:47.524,右节点损失:10.667,总损失:58.190
------划分值:0.000,左节点损失:0.000,右节点损失:58.193,总损失:58.193
('----划分特征：', 206)
------划分值:1.000,左节点损失:40.243,右节点损失:17.902,总损失:58.144
------划分值:0.000,左节点损失:0.000,右节点损失:58.193,总损失:58.193
('----划分特征：', 207)
------划分值:1.000,左节点损失:33.242,右节点损失:24.707,总损失:57.949
------划分值:0.000,左节点损失:0.000,右节点损失:58.193,总损失:58.193
('----划分特征：', 208)
------划分值:1.000,左节点损失:24.173,右节点损失:33.216,总损失:57.389
------划分值:0.000,左节点损失:0.000,右节点损失:58.193,总损失:58.193
('----划分特征：', 209)
------划分值:1.000,左节点损失:18.362,右节点损失:38.814,总损失:57.176
------划分值:0.000,左节点损失:0.000,右节点损失:58.193,总损失:58.193
('----划分特征：', 210)
------划分值:1.000,左节点损失:15.196,右节点损失:41.740,总损失:56.936
------划分值:0.000,左节点损失:0.000,右节点损失:58.193,总损失:58.193
('----划分特征：', 211)
------划分值:1.000,左节点损失:12.827,右节点损失:43.627,总损失:56.454
------划分值:0.000,左节点损失:0.000,右节点损失:58.193,总损失:58.193
('----划分特征：', 212)
------划分值:1.000,左节点损失:13.325,右节点损失:43.227,总损失:56.552
------划分值:0.000,左节点损失:0.000,右节点损失:58.193,总损失:58.193
('----划分特征：', 213)
------划分值:1.000,左节点损失:12.453,右节点损失:43.609,总损失:56.062
------划分值:0.000,左节点损失:0.000,右节点损失:58.193,总损失:58.193
('----划分特征：', 214)
------划分值:0.000,左节点损失:0.000,右节点损失:58.193,总损失:58.193
------划分值:1.000,左节点损失:14.411,右节点损失:41.336,总损失:55.747
('----划分特征：', 215)
------划分值:0.000,左节点损失:0.000,右节点损失:58.193,总损失:58.193
------划分值:1.000,左节点损失:19.152,右节点损失:36.713,总损失:55.865
('----划分特征：', 216)
------划分值:0.000,左节点损失:0.000,右节点损失:58.193,总损失:58.193
------划分值:1.000,左节点损失:27.481,右节点损失:28.717,总损失:56.198
('----划分特征：', 217)
------划分值:0.000,左节点损失:0.000,右节点损失:58.193,总损失:58.193
------划分值:1.000,左节点损失:37.994,右节点损失:19.095,总损失:57.089
('----划分特征：', 218)
------划分值:0.000,左节点损失:0.000,右节点损失:58.193,总损失:58.193
------划分值:1.000,左节点损失:47.347,右节点损失:10.458,总损失:57.804
('----划分特征：', 219)
------划分值:0.000,左节点损失:0.000,右节点损失:58.193,总损失:58.193
------划分值:1.000,左节点损失:53.765,右节点损失:4.405,总损失:58.169
('----划分特征：', 220)
------划分值:0.000,左节点损失:0.000,右节点损失:58.193,总损失:58.193
------划分值:1.000,左节点损失:57.131,右节点损失:1.028,总损失:58.159
('----划分特征：', 221)
------划分值:0.000,左节点损失:0.000,右节点损失:58.193,总损失:58.193
------划分值:1.000,左节点损失:58.114,右节点损失:0.000,总损失:58.114
('----划分特征：', 222)
------划分值:0.000,左节点损失:0.000,右节点损失:58.193,总损失:58.193
------划分值:1.000,左节点损失:58.172,右节点损失:0.000,总损失:58.172
('----划分特征：', 223)
------划分值:0.000,左节点损失:0.000,右节点损失:58.193,总损失:58.193
------划分值:1.000,左节点损失:58.192,右节点损失:0.000,总损失:58.192
('----划分特征：', 224)
------划分值:0.000,左节点损失:0.000,右节点损失:58.193,总损失:58.193
------划分值:1.000,左节点损失:58.192,右节点损失:0.000,总损失:58.192
('----划分特征：', 225)
------划分值:0.000,左节点损失:0.000,右节点损失:58.193,总损失:58.193
------划分值:1.000,左节点损失:58.190,右节点损失:0.000,总损失:58.190
('----划分特征：', 226)
------划分值:0.000,左节点损失:0.000,右节点损失:58.193,总损失:58.193
------划分值:1.000,左节点损失:58.189,右节点损失:0.000,总损失:58.189
('----划分特征：', 227)
------划分值:0.000,左节点损失:0.000,右节点损失:58.193,总损失:58.193
------划分值:1.000,左节点损失:58.167,右节点损失:0.000,总损失:58.167
('----划分特征：', 228)
------划分值:0.000,左节点损失:0.000,右节点损失:58.193,总损失:58.193
------划分值:1.000,左节点损失:58.108,右节点损失:0.000,总损失:58.108
('----划分特征：', 229)
------划分值:0.000,左节点损失:0.000,右节点损失:58.193,总损失:58.193
------划分值:1.000,左节点损失:57.825,右节点损失:0.216,总损失:58.040
('----划分特征：', 230)
------划分值:0.000,左节点损失:0.000,右节点损失:58.193,总损失:58.193
------划分值:1.000,左节点损失:57.222,右节点损失:0.747,总损失:57.969
('----划分特征：', 231)
------划分值:0.000,左节点损失:0.000,右节点损失:58.193,总损失:58.193
------划分值:1.000,左节点损失:54.897,右节点损失:3.112,总损失:58.009
('----划分特征：', 232)
------划分值:1.000,左节点损失:49.174,右节点损失:9.013,总损失:58.187
------划分值:0.000,左节点损失:0.000,右节点损失:58.193,总损失:58.193
('----划分特征：', 233)
------划分值:1.000,左节点损失:42.172,右节点损失:15.985,总损失:58.157
------划分值:0.000,左节点损失:0.000,右节点损失:58.193,总损失:58.193
('----划分特征：', 234)
------划分值:1.000,左节点损失:32.627,右节点损失:25.225,总损失:57.853
------划分值:0.000,左节点损失:0.000,右节点损失:58.193,总损失:58.193
('----划分特征：', 235)
------划分值:1.000,左节点损失:24.856,右节点损失:32.564,总损失:57.420
------划分值:0.000,左节点损失:0.000,右节点损失:58.193,总损失:58.193
('----划分特征：', 236)
------划分值:1.000,左节点损失:19.278,右节点损失:37.825,总损失:57.103
------划分值:0.000,左节点损失:0.000,右节点损失:58.193,总损失:58.193
('----划分特征：', 237)
------划分值:1.000,左节点损失:17.492,右节点损失:39.536,总损失:57.028
------划分值:0.000,左节点损失:0.000,右节点损失:58.193,总损失:58.193
('----划分特征：', 238)
------划分值:1.000,左节点损失:17.798,右节点损失:39.199,总损失:56.997
------划分值:0.000,左节点损失:0.000,右节点损失:58.193,总损失:58.193
('----划分特征：', 239)
------划分值:1.000,左节点损失:20.709,右节点损失:36.650,总损失:57.359
------划分值:0.000,左节点损失:0.000,右节点损失:58.193,总损失:58.193
('----划分特征：', 240)
------划分值:1.000,左节点损失:22.965,右节点损失:34.734,总损失:57.698
------划分值:0.000,左节点损失:0.000,右节点损失:58.193,总损失:58.193
('----划分特征：', 241)
------划分值:1.000,左节点损失:21.636,右节点损失:35.922,总损失:57.559
------划分值:0.000,左节点损失:0.000,右节点损失:58.193,总损失:58.193
('----划分特征：', 242)
------划分值:0.000,左节点损失:0.000,右节点损失:58.193,总损失:58.193
------划分值:1.000,左节点损失:18.035,右节点损失:38.758,总损失:56.792
('----划分特征：', 243)
------划分值:0.000,左节点损失:0.000,右节点损失:58.193,总损失:58.193
------划分值:1.000,左节点损失:17.827,右节点损失:38.222,总损失:56.049
('----划分特征：', 244)
------划分值:0.000,左节点损失:0.000,右节点损失:58.193,总损失:58.193
------划分值:1.000,左节点损失:21.508,右节点损失:33.794,总损失:55.302
('----划分特征：', 245)
------划分值:0.000,左节点损失:0.000,右节点损失:58.193,总损失:58.193
------划分值:1.000,左节点损失:31.634,右节点损失:24.410,总损失:56.044
('----划分特征：', 246)
------划分值:0.000,左节点损失:0.000,右节点损失:58.193,总损失:58.193
------划分值:1.000,左节点损失:42.011,右节点损失:14.813,总损失:56.823
('----划分特征：', 247)
------划分值:0.000,左节点损失:0.000,右节点损失:58.193,总损失:58.193
------划分值:1.000,左节点损失:51.437,右节点损失:6.470,总损失:57.907
('----划分特征：', 248)
------划分值:0.000,左节点损失:0.000,右节点损失:58.193,总损失:58.193
------划分值:1.000,左节点损失:56.605,右节点损失:1.587,总损失:58.192
('----划分特征：', 249)
------划分值:0.000,左节点损失:0.000,右节点损失:58.193,总损失:58.193
------划分值:1.000,左节点损失:58.121,右节点损失:0.000,总损失:58.121
('----划分特征：', 250)
------划分值:0.000,左节点损失:0.000,右节点损失:58.193,总损失:58.193
------划分值:1.000,左节点损失:58.182,右节点损失:0.000,总损失:58.182
('----划分特征：', 251)
------划分值:0.000,左节点损失:0.000,右节点损失:58.193,总损失:58.193
------划分值:1.000,左节点损失:58.192,右节点损失:0.000,总损失:58.192
('----划分特征：', 252)
------划分值:0.000,左节点损失:0.000,右节点损失:58.193,总损失:58.193
('----划分特征：', 253)
------划分值:0.000,左节点损失:0.000,右节点损失:58.193,总损失:58.193
------划分值:1.000,左节点损失:58.191,右节点损失:0.000,总损失:58.191
('----划分特征：', 254)
------划分值:0.000,左节点损失:0.000,右节点损失:58.193,总损失:58.193
------划分值:1.000,左节点损失:58.182,右节点损失:0.000,总损失:58.182
('----划分特征：', 255)
------划分值:0.000,左节点损失:0.000,右节点损失:58.193,总损失:58.193
------划分值:1.000,左节点损失:58.159,右节点损失:0.000,总损失:58.159
('----划分特征：', 256)
------划分值:0.000,左节点损失:0.000,右节点损失:58.193,总损失:58.193
------划分值:1.000,左节点损失:58.096,右节点损失:0.000,总损失:58.096
('----划分特征：', 257)
------划分值:0.000,左节点损失:0.000,右节点损失:58.193,总损失:58.193
------划分值:1.000,左节点损失:57.776,右节点损失:0.216,总损失:57.992
('----划分特征：', 258)
------划分值:0.000,左节点损失:0.000,右节点损失:58.193,总损失:58.193
------划分值:1.000,左节点损失:55.466,右节点损失:2.660,总损失:58.126
('----划分特征：', 259)
------划分值:0.000,左节点损失:0.000,右节点损失:58.193,总损失:58.193
------划分值:1.000,左节点损失:51.177,右节点损失:7.014,总损失:58.191
('----划分特征：', 260)
------划分值:0.000,左节点损失:0.000,右节点损失:58.193,总损失:58.193
------划分值:1.000,左节点损失:44.208,右节点损失:13.906,总损失:58.114
('----划分特征：', 261)
------划分值:1.000,左节点损失:35.122,右节点损失:22.653,总损失:57.776
------划分值:0.000,左节点损失:0.000,右节点损失:58.193,总损失:58.193
('----划分特征：', 262)
------划分值:0.000,左节点损失:0.000,右节点损失:58.193,总损失:58.193
------划分值:1.000,左节点损失:25.425,右节点损失:31.743,总损失:57.167
('----划分特征：', 263)
------划分值:1.000,左节点损失:18.677,右节点损失:37.837,总损失:56.515
------划分值:0.000,左节点损失:0.000,右节点损失:58.193,总损失:58.193
('----划分特征：', 264)
------划分值:1.000,左节点损失:18.750,右节点损失:37.960,总损失:56.709
------划分值:0.000,左节点损失:0.000,右节点损失:58.193,总损失:58.193
('----划分特征：', 265)
------划分值:1.000,左节点损失:20.646,右节点损失:36.089,总损失:56.735
------划分值:0.000,左节点损失:0.000,右节点损失:58.193,总损失:58.193
('----划分特征：', 266)
------划分值:0.000,左节点损失:0.000,右节点损失:58.193,总损失:58.193
------划分值:1.000,左节点损失:27.352,右节点损失:30.255,总损失:57.607
('----划分特征：', 267)
------划分值:0.000,左节点损失:0.000,右节点损失:58.193,总损失:58.193
------划分值:1.000,左节点损失:32.170,右节点损失:25.871,总损失:58.041
('----划分特征：', 268)
------划分值:0.000,左节点损失:0.000,右节点损失:58.193,总损失:58.193
------划分值:1.000,左节点损失:34.179,右节点损失:24.011,总损失:58.190
('----划分特征：', 269)
------划分值:1.000,左节点损失:32.171,右节点损失:26.022,总损失:58.193
------划分值:0.000,左节点损失:0.000,右节点损失:58.193,总损失:58.193
('----划分特征：', 270)
------划分值:0.000,左节点损失:0.000,右节点损失:58.193,总损失:58.193
------划分值:1.000,左节点损失:27.510,右节点损失:30.477,总损失:57.987
('----划分特征：', 271)
------划分值:0.000,左节点损失:0.000,右节点损失:58.193,总损失:58.193
------划分值:1.000,左节点损失:20.195,右节点损失:36.213,总损失:56.408
('----划分特征：', 272)
------划分值:0.000,左节点损失:0.000,右节点损失:58.193,总损失:58.193
------划分值:1.000,左节点损失:19.736,右节点损失:35.043,总损失:54.779
('----划分特征：', 273)
------划分值:0.000,左节点损失:0.000,右节点损失:58.193,总损失:58.193
------划分值:1.000,左节点损失:25.301,右节点损失:28.376,总损失:53.677
('----划分特征：', 274)
------划分值:0.000,左节点损失:0.000,右节点损失:58.193,总损失:58.193
------划分值:1.000,左节点损失:36.074,右节点损失:18.180,总损失:54.254
('----划分特征：', 275)
------划分值:0.000,左节点损失:0.000,右节点损失:58.193,总损失:58.193
------划分值:1.000,左节点损失:49.357,右节点损失:7.478,总损失:56.835
('----划分特征：', 276)
------划分值:0.000,左节点损失:0.000,右节点损失:58.193,总损失:58.193
------划分值:1.000,左节点损失:55.774,右节点损失:2.277,总损失:58.051
('----划分特征：', 277)
------划分值:0.000,左节点损失:0.000,右节点损失:58.193,总损失:58.193
------划分值:1.000,左节点损失:58.156,右节点损失:0.000,总损失:58.156
('----划分特征：', 278)
------划分值:0.000,左节点损失:0.000,右节点损失:58.193,总损失:58.193
------划分值:1.000,左节点损失:58.189,右节点损失:0.000,总损失:58.189
('----划分特征：', 279)
------划分值:0.000,左节点损失:0.000,右节点损失:58.193,总损失:58.193
('----划分特征：', 280)
------划分值:0.000,左节点损失:0.000,右节点损失:58.193,总损失:58.193
('----划分特征：', 281)
------划分值:0.000,左节点损失:0.000,右节点损失:58.193,总损失:58.193
------划分值:1.000,左节点损失:58.190,右节点损失:0.000,总损失:58.190
('----划分特征：', 282)
------划分值:0.000,左节点损失:0.000,右节点损失:58.193,总损失:58.193
------划分值:1.000,左节点损失:58.185,右节点损失:0.000,总损失:58.185
('----划分特征：', 283)
------划分值:0.000,左节点损失:0.000,右节点损失:58.193,总损失:58.193
------划分值:1.000,左节点损失:58.158,右节点损失:0.000,总损失:58.158
('----划分特征：', 284)
------划分值:0.000,左节点损失:0.000,右节点损失:58.193,总损失:58.193
------划分值:1.000,左节点损失:58.089,右节点损失:0.000,总损失:58.089
('----划分特征：', 285)
------划分值:0.000,左节点损失:0.000,右节点损失:58.193,总损失:58.193
------划分值:1.000,左节点损失:57.158,右节点损失:0.943,总损失:58.101
('----划分特征：', 286)
------划分值:0.000,左节点损失:0.000,右节点损失:58.193,总损失:58.193
------划分值:1.000,左节点损失:53.342,右节点损失:4.842,总损失:58.184
('----划分特征：', 287)
------划分值:0.000,左节点损失:0.000,右节点损失:58.193,总损失:58.193
------划分值:1.000,左节点损失:46.537,右节点损失:11.349,总损失:57.886
('----划分特征：', 288)
------划分值:0.000,左节点损失:0.000,右节点损失:58.193,总损失:58.193
------划分值:1.000,左节点损失:37.509,右节点损失:19.933,总损失:57.441
('----划分特征：', 289)
------划分值:0.000,左节点损失:0.000,右节点损失:58.193,总损失:58.193
------划分值:1.000,左节点损失:26.564,右节点损失:29.831,总损失:56.395
('----划分特征：', 290)
------划分值:0.000,左节点损失:0.000,右节点损失:58.193,总损失:58.193
------划分值:1.000,左节点损失:19.546,右节点损失:36.401,总损失:55.947
('----划分特征：', 291)
------划分值:1.000,左节点损失:20.090,右节点损失:36.352,总损失:56.442
------划分值:0.000,左节点损失:0.000,右节点损失:58.193,总损失:58.193
('----划分特征：', 292)
------划分值:1.000,左节点损失:23.058,右节点损失:33.557,总损失:56.615
------划分值:0.000,左节点损失:0.000,右节点损失:58.193,总损失:58.193
('----划分特征：', 293)
------划分值:0.000,左节点损失:0.000,右节点损失:58.193,总损失:58.193
------划分值:1.000,左节点损失:29.699,右节点损失:27.689,总损失:57.388
('----划分特征：', 294)
------划分值:0.000,左节点损失:0.000,右节点损失:58.193,总损失:58.193
------划分值:1.000,左节点损失:36.597,右节点损失:21.429,总损失:58.027
('----划分特征：', 295)
------划分值:0.000,左节点损失:0.000,右节点损失:58.193,总损失:58.193
------划分值:1.000,左节点损失:41.585,右节点损失:16.555,总损失:58.140
('----划分特征：', 296)
------划分值:0.000,左节点损失:0.000,右节点损失:58.193,总损失:58.193
------划分值:1.000,左节点损失:43.735,右节点损失:13.996,总损失:57.731
('----划分特征：', 297)
------划分值:0.000,左节点损失:0.000,右节点损失:58.193,总损失:58.193
------划分值:1.000,左节点损失:40.745,右节点损失:16.990,总损失:57.734
('----划分特征：', 298)
------划分值:0.000,左节点损失:0.000,右节点损失:58.193,总损失:58.193
------划分值:1.000,左节点损失:34.948,右节点损失:23.232,总损失:58.181
('----划分特征：', 299)
------划分值:0.000,左节点损失:0.000,右节点损失:58.193,总损失:58.193
------划分值:1.000,左节点损失:25.953,右节点损失:31.438,总损失:57.391
('----划分特征：', 300)
------划分值:0.000,左节点损失:0.000,右节点损失:58.193,总损失:58.193
------划分值:1.000,左节点损失:19.668,右节点损失:34.510,总损失:54.177
('----划分特征：', 301)
------划分值:0.000,左节点损失:0.000,右节点损失:58.193,总损失:58.193
------划分值:1.000,左节点损失:23.180,右节点损失:28.316,总损失:51.495
('----划分特征：', 302)
------划分值:0.000,左节点损失:0.000,右节点损失:58.193,总损失:58.193
------划分值:1.000,左节点损失:32.125,右节点损失:18.071,总损失:50.195
('----划分特征：', 303)
------划分值:0.000,左节点损失:0.000,右节点损失:58.193,总损失:58.193
------划分值:1.000,左节点损失:45.217,右节点损失:7.576,总损失:52.794
('----划分特征：', 304)
------划分值:0.000,左节点损失:0.000,右节点损失:58.193,总损失:58.193
------划分值:1.000,左节点损失:55.392,右节点损失:1.945,总损失:57.337
('----划分特征：', 305)
------划分值:0.000,左节点损失:0.000,右节点损失:58.193,总损失:58.193
------划分值:1.000,左节点损失:58.177,右节点损失:0.000,总损失:58.177
('----划分特征：', 306)
------划分值:0.000,左节点损失:0.000,右节点损失:58.193,总损失:58.193
------划分值:1.000,左节点损失:58.192,右节点损失:0.000,总损失:58.192
('----划分特征：', 307)
------划分值:0.000,左节点损失:0.000,右节点损失:58.193,总损失:58.193
('----划分特征：', 308)
------划分值:0.000,左节点损失:0.000,右节点损失:58.193,总损失:58.193
('----划分特征：', 309)
------划分值:0.000,左节点损失:0.000,右节点损失:58.193,总损失:58.193
------划分值:1.000,左节点损失:58.192,右节点损失:0.000,总损失:58.192
('----划分特征：', 310)
------划分值:0.000,左节点损失:0.000,右节点损失:58.193,总损失:58.193
------划分值:1.000,左节点损失:58.180,右节点损失:0.000,总损失:58.180
('----划分特征：', 311)
------划分值:0.000,左节点损失:0.000,右节点损失:58.193,总损失:58.193
------划分值:1.000,左节点损失:58.160,右节点损失:0.000,总损失:58.160
('----划分特征：', 312)
------划分值:0.000,左节点损失:0.000,右节点损失:58.193,总损失:58.193
------划分值:1.000,左节点损失:58.106,右节点损失:0.000,总损失:58.106
('----划分特征：', 313)
------划分值:0.000,左节点损失:0.000,右节点损失:58.193,总损失:58.193
------划分值:1.000,左节点损失:56.024,右节点损失:2.169,总损失:58.193
('----划分特征：', 314)
------划分值:0.000,左节点损失:0.000,右节点损失:58.193,总损失:58.193
------划分值:1.000,左节点损失:50.320,右节点损失:7.495,总损失:57.816
('----划分特征：', 315)
------划分值:0.000,左节点损失:0.000,右节点损失:58.193,总损失:58.193
------划分值:1.000,左节点损失:41.137,右节点损失:15.720,总损失:56.858
('----划分特征：', 316)
------划分值:0.000,左节点损失:0.000,右节点损失:58.193,总损失:58.193
------划分值:1.000,左节点损失:30.849,右节点损失:25.197,总损失:56.046
('----划分特征：', 317)
------划分值:0.000,左节点损失:0.000,右节点损失:58.193,总损失:58.193
------划分值:1.000,左节点损失:21.505,右节点损失:33.838,总损失:55.343
('----划分特征：', 318)
------划分值:0.000,左节点损失:0.000,右节点损失:58.193,总损失:58.193
------划分值:1.000,左节点损失:19.548,右节点损失:36.385,总损失:55.933
('----划分特征：', 319)
------划分值:1.000,左节点损失:23.350,右节点损失:33.304,总损失:56.654
------划分值:0.000,左节点损失:0.000,右节点损失:58.193,总损失:58.193
('----划分特征：', 320)
------划分值:1.000,左节点损失:31.672,右节点损失:25.951,总损失:57.623
------划分值:0.000,左节点损失:0.000,右节点损失:58.193,总损失:58.193
('----划分特征：', 321)
------划分值:1.000,左节点损失:38.454,右节点损失:19.652,总损失:58.106
------划分值:0.000,左节点损失:0.000,右节点损失:58.193,总损失:58.193
('----划分特征：', 322)
------划分值:0.000,左节点损失:0.000,右节点损失:58.193,总损失:58.193
------划分值:1.000,左节点损失:45.421,右节点损失:12.565,总损失:57.986
('----划分特征：', 323)
------划分值:0.000,左节点损失:0.000,右节点损失:58.193,总损失:58.193
------划分值:1.000,左节点损失:49.275,右节点损失:7.764,总损失:57.038
('----划分特征：', 324)
------划分值:0.000,左节点损失:0.000,右节点损失:58.193,总损失:58.193
------划分值:1.000,左节点损失:49.412,右节点损失:6.983,总损失:56.395
('----划分特征：', 325)
------划分值:0.000,左节点损失:0.000,右节点损失:58.193,总损失:58.193
------划分值:1.000,左节点损失:47.195,右节点损失:9.057,总损失:56.252
('----划分特征：', 326)
------划分值:0.000,左节点损失:0.000,右节点损失:58.193,总损失:58.193
------划分值:1.000,左节点损失:42.219,右节点损失:15.277,总损失:57.496
('----划分特征：', 327)
------划分值:0.000,左节点损失:0.000,右节点损失:58.193,总损失:58.193
------划分值:1.000,左节点损失:31.816,右节点损失:26.191,总损失:58.007
('----划分特征：', 328)
------划分值:0.000,左节点损失:0.000,右节点损失:58.193,总损失:58.193
------划分值:1.000,左节点损失:22.970,右节点损失:31.417,总损失:54.387
('----划分特征：', 329)
------划分值:0.000,左节点损失:0.000,右节点损失:58.193,总损失:58.193
------划分值:1.000,左节点损失:21.633,右节点损失:26.459,总损失:48.092
('----划分特征：', 330)
------划分值:0.000,左节点损失:0.000,右节点损失:58.193,总损失:58.193
------划分值:1.000,左节点损失:28.074,右节点损失:16.058,总损失:44.132
('----划分特征：', 331)
------划分值:0.000,左节点损失:0.000,右节点损失:58.193,总损失:58.193
------划分值:1.000,左节点损失:42.641,右节点损失:6.276,总损失:48.918
('----划分特征：', 332)
------划分值:0.000,左节点损失:0.000,右节点损失:58.193,总损失:58.193
------划分值:1.000,左节点损失:54.326,右节点损失:2.001,总损失:56.327
('----划分特征：', 333)
------划分值:0.000,左节点损失:0.000,右节点损失:58.193,总损失:58.193
------划分值:1.000,左节点损失:58.185,右节点损失:0.000,总损失:58.185
('----划分特征：', 334)
------划分值:0.000,左节点损失:0.000,右节点损失:58.193,总损失:58.193
------划分值:1.000,左节点损失:58.104,右节点损失:0.055,总损失:58.158
('----划分特征：', 335)
------划分值:0.000,左节点损失:0.000,右节点损失:58.193,总损失:58.193
('----划分特征：', 336)
------划分值:0.000,左节点损失:0.000,右节点损失:58.193,总损失:58.193
('----划分特征：', 337)
------划分值:0.000,左节点损失:0.000,右节点损失:58.193,总损失:58.193
------划分值:1.000,左节点损失:58.192,右节点损失:0.000,总损失:58.192
('----划分特征：', 338)
------划分值:0.000,左节点损失:0.000,右节点损失:58.193,总损失:58.193
------划分值:1.000,左节点损失:58.185,右节点损失:0.000,总损失:58.185
('----划分特征：', 339)
------划分值:0.000,左节点损失:0.000,右节点损失:58.193,总损失:58.193
------划分值:1.000,左节点损失:58.172,右节点损失:0.000,总损失:58.172
('----划分特征：', 340)
------划分值:0.000,左节点损失:0.000,右节点损失:58.193,总损失:58.193
------划分值:1.000,左节点损失:58.026,右节点损失:0.108,总损失:58.134
('----划分特征：', 341)
------划分值:0.000,左节点损失:0.000,右节点损失:58.193,总损失:58.193
------划分值:1.000,左节点损失:54.184,右节点损失:3.785,总损失:57.969
('----划分特征：', 342)
------划分值:0.000,左节点损失:0.000,右节点损失:58.193,总损失:58.193
------划分值:1.000,左节点损失:45.520,右节点损失:10.814,总损失:56.334
('----划分特征：', 343)
------划分值:0.000,左节点损失:0.000,右节点损失:58.193,总损失:58.193
------划分值:1.000,左节点损失:34.651,右节点损失:20.537,总损失:55.188
('----划分特征：', 344)
------划分值:0.000,左节点损失:0.000,右节点损失:58.193,总损失:58.193
------划分值:1.000,左节点损失:22.992,右节点损失:30.980,总损失:53.971
('----划分特征：', 345)
------划分值:0.000,左节点损失:0.000,右节点损失:58.193,总损失:58.193
------划分值:1.000,左节点损失:18.024,右节点损失:36.707,总损失:54.731
('----划分特征：', 346)
------划分值:0.000,左节点损失:0.000,右节点损失:58.193,总损失:58.193
------划分值:1.000,左节点损失:21.311,右节点损失:34.969,总损失:56.280
('----划分特征：', 347)
------划分值:0.000,左节点损失:0.000,右节点损失:58.193,总损失:58.193
------划分值:1.000,左节点损失:29.878,右节点损失:27.803,总损失:57.681
('----划分特征：', 348)
------划分值:1.000,左节点损失:39.520,右节点损失:18.673,总损失:58.193
------划分值:0.000,左节点损失:0.000,右节点损失:58.193,总损失:58.193
('----划分特征：', 349)
------划分值:1.000,左节点损失:45.867,右节点损失:11.955,总损失:57.822
------划分值:0.000,左节点损失:0.000,右节点损失:58.193,总损失:58.193
('----划分特征：', 350)
------划分值:0.000,左节点损失:0.000,右节点损失:58.193,总损失:58.193
------划分值:1.000,左节点损失:49.966,右节点损失:6.660,总损失:56.626
('----划分特征：', 351)
------划分值:0.000,左节点损失:0.000,右节点损失:58.193,总损失:58.193
------划分值:1.000,左节点损失:51.473,右节点损失:3.865,总损失:55.339
('----划分特征：', 352)
------划分值:0.000,左节点损失:0.000,右节点损失:58.193,总损失:58.193
------划分值:1.000,左节点损失:51.109,右节点损失:3.128,总损失:54.237
('----划分特征：', 353)
------划分值:0.000,左节点损失:0.000,右节点损失:58.193,总损失:58.193
------划分值:1.000,左节点损失:49.195,右节点损失:5.459,总损失:54.654
('----划分特征：', 354)
------划分值:0.000,左节点损失:0.000,右节点损失:58.193,总损失:58.193
------划分值:1.000,左节点损失:43.474,右节点损失:13.565,总损失:57.039
('----划分特征：', 355)
------划分值:0.000,左节点损失:0.000,右节点损失:58.193,总损失:58.193
------划分值:1.000,左节点损失:36.069,右节点损失:22.097,总损失:58.166
('----划分特征：', 356)
------划分值:0.000,左节点损失:0.000,右节点损失:58.193,总损失:58.193
------划分值:1.000,左节点损失:24.199,右节点损失:29.606,总损失:53.804
('----划分特征：', 357)
------划分值:0.000,左节点损失:0.000,右节点损失:58.193,总损失:58.193
------划分值:1.000,左节点损失:21.355,右节点损失:24.469,总损失:45.824
('----划分特征：', 358)
------划分值:0.000,左节点损失:0.000,右节点损失:58.193,总损失:58.193
------划分值:1.000,左节点损失:27.300,右节点损失:14.221,总损失:41.521
('----划分特征：', 359)
------划分值:0.000,左节点损失:0.000,右节点损失:58.193,总损失:58.193
------划分值:1.000,左节点损失:40.862,右节点损失:6.022,总损失:46.883
('----划分特征：', 360)
------划分值:0.000,左节点损失:0.000,右节点损失:58.193,总损失:58.193
------划分值:1.000,左节点损失:53.149,右节点损失:2.545,总损失:55.694
('----划分特征：', 361)
------划分值:0.000,左节点损失:0.000,右节点损失:58.193,总损失:58.193
------划分值:1.000,左节点损失:58.187,右节点损失:0.000,总损失:58.187
('----划分特征：', 362)
------划分值:0.000,左节点损失:0.000,右节点损失:58.193,总损失:58.193
------划分值:1.000,左节点损失:58.102,右节点损失:0.073,总损失:58.175
('----划分特征：', 363)
------划分值:0.000,左节点损失:0.000,右节点损失:58.193,总损失:58.193
('----划分特征：', 364)
------划分值:0.000,左节点损失:0.000,右节点损失:58.193,总损失:58.193
('----划分特征：', 365)
------划分值:0.000,左节点损失:0.000,右节点损失:58.193,总损失:58.193
------划分值:1.000,左节点损失:58.192,右节点损失:0.000,总损失:58.192
('----划分特征：', 366)
------划分值:0.000,左节点损失:0.000,右节点损失:58.193,总损失:58.193
------划分值:1.000,左节点损失:58.190,右节点损失:0.000,总损失:58.190
('----划分特征：', 367)
------划分值:0.000,左节点损失:0.000,右节点损失:58.193,总损失:58.193
------划分值:1.000,左节点损失:58.183,右节点损失:0.000,总损失:58.183
('----划分特征：', 368)
------划分值:0.000,左节点损失:0.000,右节点损失:58.193,总损失:58.193
------划分值:1.000,左节点损失:57.691,右节点损失:0.501,总损失:58.191
('----划分特征：', 369)
------划分值:0.000,左节点损失:0.000,右节点损失:58.193,总损失:58.193
------划分值:1.000,左节点损失:51.592,右节点损失:5.487,总损失:57.079
('----划分特征：', 370)
------划分值:0.000,左节点损失:0.000,右节点损失:58.193,总损失:58.193
------划分值:1.000,左节点损失:40.216,右节点损失:14.129,总损失:54.345
('----划分特征：', 371)
------划分值:0.000,左节点损失:0.000,右节点损失:58.193,总损失:58.193
------划分值:1.000,左节点损失:28.108,右节点损失:24.863,总损失:52.972
('----划分特征：', 372)
------划分值:0.000,左节点损失:0.000,右节点损失:58.193,总损失:58.193
------划分值:1.000,左节点损失:19.506,右节点损失:33.671,总损失:53.178
('----划分特征：', 373)
------划分值:0.000,左节点损失:0.000,右节点损失:58.193,总损失:58.193
------划分值:1.000,左节点损失:19.398,右节点损失:35.926,总损失:55.324
('----划分特征：', 374)
------划分值:0.000,左节点损失:0.000,右节点损失:58.193,总损失:58.193
------划分值:1.000,左节点损失:26.737,右节点损失:30.673,总损失:57.409
('----划分特征：', 375)
------划分值:0.000,左节点损失:0.000,右节点损失:58.193,总损失:58.193
------划分值:1.000,左节点损失:37.868,右节点损失:20.322,总损失:58.189
('----划分特征：', 376)
------划分值:0.000,左节点损失:0.000,右节点损失:58.193,总损失:58.193
------划分值:1.000,左节点损失:45.650,右节点损失:11.936,总损失:57.587
('----划分特征：', 377)
------划分值:1.000,左节点损失:50.795,右节点损失:5.019,总损失:55.814
------划分值:0.000,左节点损失:0.000,右节点损失:58.193,总损失:58.193
('----划分特征：', 378)
------划分值:1.000,左节点损失:51.833,右节点损失:2.272,总损失:54.105
------划分值:0.000,左节点损失:0.000,右节点损失:58.193,总损失:58.193
('----划分特征：', 379)
------划分值:1.000,左节点损失:51.632,右节点损失:0.978,总损失:52.611
------划分值:0.000,左节点损失:0.000,右节点损失:58.193,总损失:58.193
('----划分特征：', 380)
------划分值:0.000,左节点损失:0.000,右节点损失:58.193,总损失:58.193
------划分值:1.000,左节点损失:50.617,右节点损失:1.304,总损失:51.921
('----划分特征：', 381)
------划分值:0.000,左节点损失:0.000,右节点损失:58.193,总损失:58.193
------划分值:1.000,左节点损失:48.862,右节点损失:4.623,总损失:53.485
('----划分特征：', 382)
------划分值:0.000,左节点损失:0.000,右节点损失:58.193,总损失:58.193
------划分值:1.000,左节点损失:44.621,右节点损失:12.089,总损失:56.710
('----划分特征：', 383)
------划分值:0.000,左节点损失:0.000,右节点损失:58.193,总损失:58.193
------划分值:1.000,左节点损失:36.448,右节点损失:21.684,总损失:58.132
('----划分特征：', 384)
------划分值:0.000,左节点损失:0.000,右节点损失:58.193,总损失:58.193
------划分值:1.000,左节点损失:25.207,右节点损失:28.347,总损失:53.554
('----划分特征：', 385)
------划分值:0.000,左节点损失:0.000,右节点损失:58.193,总损失:58.193
------划分值:1.000,左节点损失:21.861,右节点损失:23.775,总损失:45.636
('----划分特征：', 386)
------划分值:0.000,左节点损失:0.000,右节点损失:58.193,总损失:58.193
------划分值:1.000,左节点损失:27.097,右节点损失:15.062,总损失:42.159
('----划分特征：', 387)
------划分值:0.000,左节点损失:0.000,右节点损失:58.193,总损失:58.193
------划分值:1.000,左节点损失:40.090,右节点损失:7.698,总损失:47.788
('----划分特征：', 388)
------划分值:0.000,左节点损失:0.000,右节点损失:58.193,总损失:58.193
------划分值:1.000,左节点损失:52.599,右节点损失:3.019,总损失:55.617
('----划分特征：', 389)
------划分值:0.000,左节点损失:0.000,右节点损失:58.193,总损失:58.193
------划分值:1.000,左节点损失:58.179,右节点损失:0.000,总损失:58.179
('----划分特征：', 390)
------划分值:0.000,左节点损失:0.000,右节点损失:58.193,总损失:58.193
('----划分特征：', 391)
------划分值:0.000,左节点损失:0.000,右节点损失:58.193,总损失:58.193
('----划分特征：', 392)
------划分值:0.000,左节点损失:0.000,右节点损失:58.193,总损失:58.193
('----划分特征：', 393)
------划分值:0.000,左节点损失:0.000,右节点损失:58.193,总损失:58.193
('----划分特征：', 394)
------划分值:0.000,左节点损失:0.000,右节点损失:58.193,总损失:58.193
------划分值:1.000,左节点损失:58.192,右节点损失:0.000,总损失:58.192
('----划分特征：', 395)
------划分值:0.000,左节点损失:0.000,右节点损失:58.193,总损失:58.193
------划分值:1.000,左节点损失:58.183,右节点损失:0.000,总损失:58.183
('----划分特征：', 396)
------划分值:0.000,左节点损失:0.000,右节点损失:58.193,总损失:58.193
------划分值:1.000,左节点损失:57.078,右节点损失:1.047,总损失:58.125
('----划分特征：', 397)
------划分值:0.000,左节点损失:0.000,右节点损失:58.193,总损失:58.193
------划分值:1.000,左节点损失:47.141,右节点损失:7.390,总损失:54.531
('----划分特征：', 398)
------划分值:0.000,左节点损失:0.000,右节点损失:58.193,总损失:58.193
------划分值:1.000,左节点损失:35.003,右节点损失:16.957,总损失:51.961
('----划分特征：', 399)
------划分值:0.000,左节点损失:0.000,右节点损失:58.193,总损失:58.193
------划分值:1.000,左节点损失:23.186,右节点损失:28.041,总损失:51.228
('----划分特征：', 400)
------划分值:0.000,左节点损失:0.000,右节点损失:58.193,总损失:58.193
------划分值:1.000,左节点损失:17.998,右节点损失:34.862,总损失:52.860
('----划分特征：', 401)
------划分值:0.000,左节点损失:0.000,右节点损失:58.193,总损失:58.193
------划分值:1.000,左节点损失:22.425,右节点损失:33.729,总损失:56.154
('----划分特征：', 402)
------划分值:0.000,左节点损失:0.000,右节点损失:58.193,总损失:58.193
------划分值:1.000,左节点损失:33.549,右节点损失:24.559,总损失:58.108
('----划分特征：', 403)
------划分值:0.000,左节点损失:0.000,右节点损失:58.193,总损失:58.193
------划分值:1.000,左节点损失:44.164,右节点损失:13.439,总损失:57.604
('----划分特征：', 404)
------划分值:0.000,左节点损失:0.000,右节点损失:58.193,总损失:58.193
------划分值:1.000,左节点损失:49.783,右节点损失:6.167,总损失:55.950
('----划分特征：', 405)
------划分值:0.000,左节点损失:0.000,右节点损失:58.193,总损失:58.193
------划分值:1.000,左节点损失:51.234,右节点损失:2.273,总损失:53.507
('----划分特征：', 406)
------划分值:1.000,左节点损失:51.153,右节点损失:0.544,总损失:51.698
------划分值:0.000,左节点损失:0.000,右节点损失:58.193,总损失:58.193
('----划分特征：', 407)
------划分值:1.000,左节点损失:49.766,右节点损失:0.218,总损失:49.984
------划分值:0.000,左节点损失:0.000,右节点损失:58.193,总损失:58.193
('----划分特征：', 408)
------划分值:1.000,左节点损失:49.628,右节点损失:0.870,总损失:50.499
------划分值:0.000,左节点损失:0.000,右节点损失:58.193,总损失:58.193
('----划分特征：', 409)
------划分值:0.000,左节点损失:0.000,右节点损失:58.193,总损失:58.193
------划分值:1.000,左节点损失:48.046,右节点损失:5.260,总损失:53.306
('----划分特征：', 410)
------划分值:0.000,左节点损失:0.000,右节点损失:58.193,总损失:58.193
------划分值:1.000,左节点损失:43.301,右节点损失:13.849,总损失:57.150
('----划分特征：', 411)
------划分值:0.000,左节点损失:0.000,右节点损失:58.193,总损失:58.193
------划分值:1.000,左节点损失:34.892,右节点损失:23.075,总损失:57.967
('----划分特征：', 412)
------划分值:0.000,左节点损失:0.000,右节点损失:58.193,总损失:58.193
------划分值:1.000,左节点损失:26.089,右节点损失:27.728,总损失:53.817
('----划分特征：', 413)
------划分值:0.000,左节点损失:0.000,右节点损失:58.193,总损失:58.193
------划分值:1.000,左节点损失:22.255,右节点损失:24.361,总损失:46.617
('----划分特征：', 414)
------划分值:0.000,左节点损失:0.000,右节点损失:58.193,总损失:58.193
------划分值:1.000,左节点损失:29.157,右节点损失:15.550,总损失:44.706
('----划分特征：', 415)
------划分值:0.000,左节点损失:0.000,右节点损失:58.193,总损失:58.193
------划分值:1.000,左节点损失:40.362,右节点损失:8.528,总损失:48.890
('----划分特征：', 416)
------划分值:0.000,左节点损失:0.000,右节点损失:58.193,总损失:58.193
------划分值:1.000,左节点损失:53.046,右节点损失:3.024,总损失:56.071
('----划分特征：', 417)
------划分值:0.000,左节点损失:0.000,右节点损失:58.193,总损失:58.193
------划分值:1.000,左节点损失:58.091,右节点损失:0.101,总损失:58.192
('----划分特征：', 418)
------划分值:0.000,左节点损失:0.000,右节点损失:58.193,总损失:58.193
('----划分特征：', 419)
------划分值:0.000,左节点损失:0.000,右节点损失:58.193,总损失:58.193
('----划分特征：', 420)
------划分值:0.000,左节点损失:0.000,右节点损失:58.193,总损失:58.193
('----划分特征：', 421)
------划分值:0.000,左节点损失:0.000,右节点损失:58.193,总损失:58.193
('----划分特征：', 422)
------划分值:0.000,左节点损失:0.000,右节点损失:58.193,总损失:58.193
------划分值:1.000,左节点损失:58.192,右节点损失:0.000,总损失:58.192
('----划分特征：', 423)
------划分值:0.000,左节点损失:0.000,右节点损失:58.193,总损失:58.193
------划分值:1.000,左节点损失:58.183,右节点损失:0.000,总损失:58.183
('----划分特征：', 424)
------划分值:0.000,左节点损失:0.000,右节点损失:58.193,总损失:58.193
------划分值:1.000,左节点损失:56.099,右节点损失:1.707,总损失:57.806
('----划分特征：', 425)
------划分值:0.000,左节点损失:0.000,右节点损失:58.193,总损失:58.193
------划分值:1.000,左节点损失:43.704,右节点损失:9.177,总损失:52.880
('----划分特征：', 426)
------划分值:0.000,左节点损失:0.000,右节点损失:58.193,总损失:58.193
------划分值:1.000,左节点损失:29.587,右节点损失:19.826,总损失:49.413
('----划分特征：', 427)
------划分值:0.000,左节点损失:0.000,右节点损失:58.193,总损失:58.193
------划分值:1.000,左节点损失:19.190,右节点损失:29.940,总损失:49.130
('----划分特征：', 428)
------划分值:0.000,左节点损失:0.000,右节点损失:58.193,总损失:58.193
------划分值:1.000,左节点损失:18.002,右节点损失:34.723,总损失:52.725
('----划分特征：', 429)
------划分值:0.000,左节点损失:0.000,右节点损失:58.193,总损失:58.193
------划分值:1.000,左节点损失:26.854,右节点损失:30.125,总损失:56.979
('----划分特征：', 430)
------划分值:0.000,左节点损失:0.000,右节点损失:58.193,总损失:58.193
------划分值:1.000,左节点损失:39.652,右节点损失:18.468,总损失:58.120
('----划分特征：', 431)
------划分值:0.000,左节点损失:0.000,右节点损失:58.193,总损失:58.193
------划分值:1.000,左节点损失:48.174,右节点损失:8.417,总损失:56.591
('----划分特征：', 432)
------划分值:0.000,左节点损失:0.000,右节点损失:58.193,总损失:58.193
------划分值:1.000,左节点损失:51.536,右节点损失:2.913,总损失:54.450
('----划分特征：', 433)
------划分值:0.000,左节点损失:0.000,右节点损失:58.193,总损失:58.193
------划分值:1.000,左节点损失:51.246,右节点损失:0.979,总损失:52.225
('----划分特征：', 434)
------划分值:0.000,左节点损失:0.000,右节点损失:58.193,总损失:58.193
------划分值:1.000,左节点损失:50.627,右节点损失:0.327,总损失:50.953
('----划分特征：', 435)
------划分值:1.000,左节点损失:49.697,右节点损失:0.436,总损失:50.132
------划分值:0.000,左节点损失:0.000,右节点损失:58.193,总损失:58.193
('----划分特征：', 436)
------划分值:1.000,左节点损失:49.746,右节点损失:1.736,总损失:51.483
------划分值:0.000,左节点损失:0.000,右节点损失:58.193,总损失:58.193
('----划分特征：', 437)
------划分值:1.000,左节点损失:46.621,右节点损失:8.078,总损失:54.699
------划分值:0.000,左节点损失:0.000,右节点损失:58.193,总损失:58.193
('----划分特征：', 438)
------划分值:1.000,左节点损失:40.966,右节点损失:16.783,总损失:57.749
------划分值:0.000,左节点损失:0.000,右节点损失:58.193,总损失:58.193
('----划分特征：', 439)
------划分值:0.000,左节点损失:0.000,右节点损失:58.193,总损失:58.193
------划分值:1.000,左节点损失:31.086,右节点损失:26.267,总损失:57.353
('----划分特征：', 440)
------划分值:0.000,左节点损失:0.000,右节点损失:58.193,总损失:58.193
------划分值:1.000,左节点损失:24.422,右节点损失:28.846,总损失:53.268
('----划分特征：', 441)
------划分值:0.000,左节点损失:0.000,右节点损失:58.193,总损失:58.193
------划分值:1.000,左节点损失:25.227,右节点损失:24.064,总损失:49.291
('----划分特征：', 442)
------划分值:0.000,左节点损失:0.000,右节点损失:58.193,总损失:58.193
------划分值:1.000,左节点损失:32.738,右节点损失:16.020,总损失:48.759
('----划分特征：', 443)
------划分值:0.000,左节点损失:0.000,右节点损失:58.193,总损失:58.193
------划分值:1.000,左节点损失:42.980,右节点损失:8.472,总损失:51.452
('----划分特征：', 444)
------划分值:0.000,左节点损失:0.000,右节点损失:58.193,总损失:58.193
------划分值:1.000,左节点损失:53.579,右节点损失:3.052,总损失:56.631
('----划分特征：', 445)
------划分值:0.000,左节点损失:0.000,右节点损失:58.193,总损失:58.193
------划分值:1.000,左节点损失:58.089,右节点损失:0.102,总损失:58.191
('----划分特征：', 446)
------划分值:0.000,左节点损失:0.000,右节点损失:58.193,总损失:58.193
------划分值:1.000,左节点损失:58.191,右节点损失:0.000,总损失:58.191
('----划分特征：', 447)
------划分值:0.000,左节点损失:0.000,右节点损失:58.193,总损失:58.193
('----划分特征：', 448)
------划分值:0.000,左节点损失:0.000,右节点损失:58.193,总损失:58.193
('----划分特征：', 449)
------划分值:0.000,左节点损失:0.000,右节点损失:58.193,总损失:58.193
('----划分特征：', 450)
------划分值:0.000,左节点损失:0.000,右节点损失:58.193,总损失:58.193
------划分值:1.000,左节点损失:58.191,右节点损失:0.000,总损失:58.191
('----划分特征：', 451)
------划分值:0.000,左节点损失:0.000,右节点损失:58.193,总损失:58.193
------划分值:1.000,左节点损失:58.180,右节点损失:0.000,总损失:58.180
('----划分特征：', 452)
------划分值:0.000,左节点损失:0.000,右节点损失:58.193,总损失:58.193
------划分值:1.000,左节点损失:55.098,右节点损失:2.472,总损失:57.570
('----划分特征：', 453)
------划分值:0.000,左节点损失:0.000,右节点损失:58.193,总损失:58.193
------划分值:1.000,左节点损失:40.970,右节点损失:11.070,总损失:52.039
('----划分特征：', 454)
------划分值:0.000,左节点损失:0.000,右节点损失:58.193,总损失:58.193
------划分值:1.000,左节点损失:27.129,右节点损失:21.488,总损失:48.617
('----划分特征：', 455)
------划分值:0.000,左节点损失:0.000,右节点损失:58.193,总损失:58.193
------划分值:1.000,左节点损失:17.876,右节点损失:30.511,总损失:48.387
('----划分特征：', 456)
------划分值:0.000,左节点损失:0.000,右节点损失:58.193,总损失:58.193
------划分值:1.000,左节点损失:19.817,右节点损失:33.128,总损失:52.945
('----划分特征：', 457)
------划分值:0.000,左节点损失:0.000,右节点损失:58.193,总损失:58.193
------划分值:1.000,左节点损失:31.529,右节点损失:25.962,总损失:57.491
('----划分特征：', 458)
------划分值:0.000,左节点损失:0.000,右节点损失:58.193,总损失:58.193
------划分值:1.000,左节点损失:45.003,右节点损失:12.775,总损失:57.778
('----划分特征：', 459)
------划分值:0.000,左节点损失:0.000,右节点损失:58.193,总损失:58.193
------划分值:1.000,左节点损失:51.128,右节点损失:4.909,总损失:56.037
('----划分特征：', 460)
------划分值:0.000,左节点损失:0.000,右节点损失:58.193,总损失:58.193
------划分值:1.000,左节点损失:52.365,右节点损失:2.163,总损失:54.528
('----划分特征：', 461)
------划分值:0.000,左节点损失:0.000,右节点损失:58.193,总损失:58.193
------划分值:1.000,左节点损失:52.409,右节点损失:0.544,总损失:52.953
('----划分特征：', 462)
------划分值:0.000,左节点损失:0.000,右节点损失:58.193,总损失:58.193
------划分值:1.000,左节点损失:51.258,右节点损失:0.436,总损失:51.694
('----划分特征：', 463)
------划分值:0.000,左节点损失:0.000,右节点损失:58.193,总损失:58.193
------划分值:1.000,左节点损失:50.585,右节点损失:1.195,总损失:51.781
('----划分特征：', 464)
------划分值:0.000,左节点损失:0.000,右节点损失:58.193,总损失:58.193
------划分值:1.000,左节点损失:49.059,右节点损失:4.516,总损失:53.575
('----划分特征：', 465)
------划分值:1.000,左节点损失:44.164,右节点损失:12.316,总损失:56.480
------划分值:0.000,左节点损失:0.000,右节点损失:58.193,总损失:58.193
('----划分特征：', 466)
------划分值:1.000,左节点损失:36.005,右节点损失:22.185,总损失:58.190
------划分值:0.000,左节点损失:0.000,右节点损失:58.193,总损失:58.193
('----划分特征：', 467)
------划分值:1.000,左节点损失:27.138,右节点损失:29.379,总损失:56.517
------划分值:0.000,左节点损失:0.000,右节点损失:58.193,总损失:58.193
('----划分特征：', 468)
------划分值:0.000,左节点损失:0.000,右节点损失:58.193,总损失:58.193
------划分值:1.000,左节点损失:23.432,右节点损失:29.613,总损失:53.045
('----划分特征：', 469)
------划分值:0.000,左节点损失:0.000,右节点损失:58.193,总损失:58.193
------划分值:1.000,左节点损失:27.681,右节点损失:23.130,总损失:50.811
('----划分特征：', 470)
------划分值:0.000,左节点损失:0.000,右节点损失:58.193,总损失:58.193
------划分值:1.000,左节点损失:35.512,右节点损失:15.606,总损失:51.117
('----划分特征：', 471)
------划分值:0.000,左节点损失:0.000,右节点损失:58.193,总损失:58.193
------划分值:1.000,左节点损失:45.476,右节点损失:8.182,总损失:53.658
('----划分特征：', 472)
------划分值:0.000,左节点损失:0.000,右节点损失:58.193,总损失:58.193
------划分值:1.000,左节点损失:54.910,右节点损失:2.675,总损失:57.586
('----划分特征：', 473)
------划分值:0.000,左节点损失:0.000,右节点损失:58.193,总损失:58.193
------划分值:1.000,左节点损失:58.174,右节点损失:0.000,总损失:58.174
('----划分特征：', 474)
------划分值:0.000,左节点损失:0.000,右节点损失:58.193,总损失:58.193
------划分值:1.000,左节点损失:58.191,右节点损失:0.000,总损失:58.191
('----划分特征：', 475)
------划分值:0.000,左节点损失:0.000,右节点损失:58.193,总损失:58.193
('----划分特征：', 476)
------划分值:0.000,左节点损失:0.000,右节点损失:58.193,总损失:58.193
('----划分特征：', 477)
------划分值:0.000,左节点损失:0.000,右节点损失:58.193,总损失:58.193
('----划分特征：', 478)
------划分值:0.000,左节点损失:0.000,右节点损失:58.193,总损失:58.193
------划分值:1.000,左节点损失:58.190,右节点损失:0.000,总损失:58.190
('----划分特征：', 479)
------划分值:0.000,左节点损失:0.000,右节点损失:58.193,总损失:58.193
------划分值:1.000,左节点损失:58.168,右节点损失:0.000,总损失:58.168
('----划分特征：', 480)
------划分值:0.000,左节点损失:0.000,右节点损失:58.193,总损失:58.193
------划分值:1.000,左节点损失:54.447,右节点损失:3.113,总损失:57.560
('----划分特征：', 481)
------划分值:0.000,左节点损失:0.000,右节点损失:58.193,总损失:58.193
------划分值:1.000,左节点损失:38.589,右节点损失:12.930,总损失:51.520
('----划分特征：', 482)
------划分值:0.000,左节点损失:0.000,右节点损失:58.193,总损失:58.193
------划分值:1.000,左节点损失:24.760,右节点损失:22.220,总损失:46.980
('----划分特征：', 483)
------划分值:0.000,左节点损失:0.000,右节点损失:58.193,总损失:58.193
------划分值:1.000,左节点损失:17.473,右节点损失:30.421,总损失:47.894
('----划分特征：', 484)
------划分值:0.000,左节点损失:0.000,右节点损失:58.193,总损失:58.193
------划分值:1.000,左节点损失:21.140,右节点损失:31.437,总损失:52.577
('----划分特征：', 485)
------划分值:0.000,左节点损失:0.000,右节点损失:58.193,总损失:58.193
------划分值:1.000,左节点损失:33.332,右节点损失:24.048,总损失:57.379
('----划分特征：', 486)
------划分值:0.000,左节点损失:0.000,右节点损失:58.193,总损失:58.193
------划分值:1.000,左节点损失:47.053,右节点损失:10.757,总损失:57.810
('----划分特征：', 487)
------划分值:0.000,左节点损失:0.000,右节点损失:58.193,总损失:58.193
------划分值:1.000,左节点损失:51.504,右节点损失:5.000,总损失:56.504
('----划分特征：', 488)
------划分值:0.000,左节点损失:0.000,右节点损失:58.193,总损失:58.193
------划分值:1.000,左节点损失:52.976,右节点损失:2.481,总损失:55.457
('----划分特征：', 489)
------划分值:0.000,左节点损失:0.000,右节点损失:58.193,总损失:58.193
------划分值:1.000,左节点损失:52.919,右节点损失:1.410,总损失:54.329
('----划分特征：', 490)
------划分值:0.000,左节点损失:0.000,右节点损失:58.193,总损失:58.193
------划分值:1.000,左节点损失:51.383,右节点损失:2.165,总损失:53.548
('----划分特征：', 491)
------划分值:0.000,左节点损失:0.000,右节点损失:58.193,总损失:58.193
------划分值:1.000,左节点损失:49.364,右节点损失:4.935,总损失:54.299
('----划分特征：', 492)
------划分值:0.000,左节点损失:0.000,右节点损失:58.193,总损失:58.193
------划分值:1.000,左节点损失:46.197,右节点损失:9.793,总损失:55.990
('----划分特征：', 493)
------划分值:1.000,左节点损失:38.822,右节点损失:19.083,总损失:57.904
------划分值:0.000,左节点损失:0.000,右节点损失:58.193,总损失:58.193
('----划分特征：', 494)
------划分值:1.000,左节点损失:29.105,右节点损失:28.547,总损失:57.652
------划分值:0.000,左节点损失:0.000,右节点损失:58.193,总损失:58.193
('----划分特征：', 495)
------划分值:1.000,左节点损失:23.996,右节点损失:31.413,总损失:55.408
------划分值:0.000,左节点损失:0.000,右节点损失:58.193,总损失:58.193
('----划分特征：', 496)
------划分值:0.000,左节点损失:0.000,右节点损失:58.193,总损失:58.193
------划分值:1.000,左节点损失:24.123,右节点损失:29.141,总损失:53.264
('----划分特征：', 497)
------划分值:0.000,左节点损失:0.000,右节点损失:58.193,总损失:58.193
------划分值:1.000,左节点损失:31.363,右节点损失:21.463,总损失:52.826
('----划分特征：', 498)
------划分值:0.000,左节点损失:0.000,右节点损失:58.193,总损失:58.193
------划分值:1.000,左节点损失:39.673,右节点损失:13.966,总损失:53.639
('----划分特征：', 499)
------划分值:0.000,左节点损失:0.000,右节点损失:58.193,总损失:58.193
------划分值:1.000,左节点损失:49.686,右节点损失:6.583,总损失:56.269
('----划分特征：', 500)
------划分值:0.000,左节点损失:0.000,右节点损失:58.193,总损失:58.193
------划分值:1.000,左节点损失:55.428,右节点损失:2.493,总损失:57.920
('----划分特征：', 501)
------划分值:0.000,左节点损失:0.000,右节点损失:58.193,总损失:58.193
------划分值:1.000,左节点损失:58.159,右节点损失:0.000,总损失:58.159
('----划分特征：', 502)
------划分值:0.000,左节点损失:0.000,右节点损失:58.193,总损失:58.193
------划分值:1.000,左节点损失:58.186,右节点损失:0.000,总损失:58.186
('----划分特征：', 503)
------划分值:0.000,左节点损失:0.000,右节点损失:58.193,总损失:58.193
('----划分特征：', 504)
------划分值:0.000,左节点损失:0.000,右节点损失:58.193,总损失:58.193
('----划分特征：', 505)
------划分值:0.000,左节点损失:0.000,右节点损失:58.193,总损失:58.193
('----划分特征：', 506)
------划分值:0.000,左节点损失:0.000,右节点损失:58.193,总损失:58.193
------划分值:1.000,左节点损失:58.190,右节点损失:0.000,总损失:58.190
('----划分特征：', 507)
------划分值:0.000,左节点损失:0.000,右节点损失:58.193,总损失:58.193
------划分值:1.000,左节点损失:58.146,右节点损失:0.000,总损失:58.146
('----划分特征：', 508)
------划分值:0.000,左节点损失:0.000,右节点损失:58.193,总损失:58.193
------划分值:1.000,左节点损失:53.492,右节点损失:4.185,总损失:57.677
('----划分特征：', 509)
------划分值:0.000,左节点损失:0.000,右节点损失:58.193,总损失:58.193
------划分值:1.000,左节点损失:40.255,右节点损失:13.234,总损失:53.488
('----划分特征：', 510)
------划分值:0.000,左节点损失:0.000,右节点损失:58.193,总损失:58.193
------划分值:1.000,左节点损失:24.747,右节点损失:23.268,总损失:48.015
('----划分特征：', 511)
------划分值:0.000,左节点损失:0.000,右节点损失:58.193,总损失:58.193
------划分值:1.000,左节点损失:16.253,右节点损失:30.717,总损失:46.970
('----划分特征：', 512)
------划分值:0.000,左节点损失:0.000,右节点损失:58.193,总损失:58.193
------划分值:1.000,左节点损失:20.667,右节点损失:30.763,总损失:51.430
('----划分特征：', 513)
------划分值:0.000,左节点损失:0.000,右节点损失:58.193,总损失:58.193
------划分值:1.000,左节点损失:32.959,右节点损失:23.976,总损失:56.935
('----划分特征：', 514)
------划分值:0.000,左节点损失:0.000,右节点损失:58.193,总损失:58.193
------划分值:1.000,左节点损失:44.731,右节点损失:13.361,总损失:58.093
('----划分特征：', 515)
------划分值:0.000,左节点损失:0.000,右节点损失:58.193,总损失:58.193
------划分值:1.000,左节点损失:50.723,右节点损失:6.322,总损失:57.045
('----划分特征：', 516)
------划分值:0.000,左节点损失:0.000,右节点损失:58.193,总损失:58.193
------划分值:1.000,左节点损失:52.058,右节点损失:4.271,总损失:56.330
('----划分特征：', 517)
------划分值:0.000,左节点损失:0.000,右节点损失:58.193,总损失:58.193
------划分值:1.000,左节点损失:51.567,右节点损失:3.864,总损失:55.431
('----划分特征：', 518)
------划分值:0.000,左节点损失:0.000,右节点损失:58.193,总损失:58.193
------划分值:1.000,左节点损失:49.359,右节点损失:5.871,总损失:55.229
('----划分特征：', 519)
------划分值:1.000,左节点损失:44.383,右节点损失:12.111,总损失:56.495
------划分值:0.000,左节点损失:0.000,右节点损失:58.193,总损失:58.193
('----划分特征：', 520)
------划分值:1.000,左节点损失:38.920,右节点损失:18.859,总损失:57.779
------划分值:0.000,左节点损失:0.000,右节点损失:58.193,总损失:58.193
('----划分特征：', 521)
------划分值:1.000,左节点损失:29.009,右节点损失:28.953,总损失:57.962
------划分值:0.000,左节点损失:0.000,右节点损失:58.193,总损失:58.193
('----划分特征：', 522)
------划分值:1.000,左节点损失:23.070,右节点损失:33.470,总损失:56.540
------划分值:0.000,左节点损失:0.000,右节点损失:58.193,总损失:58.193
('----划分特征：', 523)
------划分值:1.000,左节点损失:22.057,右节点损失:32.543,总损失:54.599
------划分值:0.000,左节点损失:0.000,右节点损失:58.193,总损失:58.193
('----划分特征：', 524)
------划分值:0.000,左节点损失:0.000,右节点损失:58.193,总损失:58.193
------划分值:1.000,左节点损失:29.208,右节点损失:25.413,总损失:54.621
('----划分特征：', 525)
------划分值:0.000,左节点损失:0.000,右节点损失:58.193,总损失:58.193
------划分值:1.000,左节点损失:36.895,右节点损失:18.156,总损失:55.051
('----划分特征：', 526)
------划分值:0.000,左节点损失:0.000,右节点损失:58.193,总损失:58.193
------划分值:1.000,左节点损失:45.986,右节点损失:10.445,总损失:56.431
('----划分特征：', 527)
------划分值:0.000,左节点损失:0.000,右节点损失:58.193,总损失:58.193
------划分值:1.000,左节点损失:53.295,右节点损失:4.431,总损失:57.726
('----划分特征：', 528)
------划分值:0.000,左节点损失:0.000,右节点损失:58.193,总损失:58.193
------划分值:1.000,左节点损失:57.142,右节点损失:1.041,总损失:58.183
('----划分特征：', 529)
------划分值:0.000,左节点损失:0.000,右节点损失:58.193,总损失:58.193
------划分值:1.000,左节点损失:58.167,右节点损失:0.000,总损失:58.167
('----划分特征：', 530)
------划分值:0.000,左节点损失:0.000,右节点损失:58.193,总损失:58.193
------划分值:1.000,左节点损失:58.192,右节点损失:0.000,总损失:58.192
('----划分特征：', 531)
------划分值:0.000,左节点损失:0.000,右节点损失:58.193,总损失:58.193
------划分值:1.000,左节点损失:58.192,右节点损失:0.000,总损失:58.192
('----划分特征：', 532)
------划分值:0.000,左节点损失:0.000,右节点损失:58.193,总损失:58.193
('----划分特征：', 533)
------划分值:0.000,左节点损失:0.000,右节点损失:58.193,总损失:58.193
('----划分特征：', 534)
------划分值:0.000,左节点损失:0.000,右节点损失:58.193,总损失:58.193
------划分值:1.000,左节点损失:58.187,右节点损失:0.000,总损失:58.187
('----划分特征：', 535)
------划分值:0.000,左节点损失:0.000,右节点损失:58.193,总损失:58.193
------划分值:1.000,左节点损失:57.942,右节点损失:0.212,总损失:58.154
('----划分特征：', 536)
------划分值:0.000,左节点损失:0.000,右节点损失:58.193,总损失:58.193
------划分值:1.000,左节点损失:53.813,右节点损失:4.126,总损失:57.939
('----划分特征：', 537)
------划分值:0.000,左节点损失:0.000,右节点损失:58.193,总损失:58.193
------划分值:1.000,左节点损失:40.677,右节点损失:14.021,总损失:54.697
('----划分特征：', 538)
------划分值:0.000,左节点损失:0.000,右节点损失:58.193,总损失:58.193
------划分值:1.000,左节点损失:26.595,右节点损失:23.982,总损失:50.577
('----划分特征：', 539)
------划分值:0.000,左节点损失:0.000,右节点损失:58.193,总损失:58.193
------划分值:1.000,左节点损失:16.448,右节点损失:31.639,总损失:48.088
('----划分特征：', 540)
------划分值:0.000,左节点损失:0.000,右节点损失:58.193,总损失:58.193
------划分值:1.000,左节点损失:18.545,右节点损失:32.721,总损失:51.266
('----划分特征：', 541)
------划分值:0.000,左节点损失:0.000,右节点损失:58.193,总损失:58.193
------划分值:1.000,左节点损失:27.894,右节点损失:28.164,总损失:56.058
('----划分特征：', 542)
------划分值:0.000,左节点损失:0.000,右节点损失:58.193,总损失:58.193
------划分值:1.000,左节点损失:38.212,右节点损失:19.921,总损失:58.132
('----划分特征：', 543)
------划分值:0.000,左节点损失:0.000,右节点损失:58.193,总损失:58.193
------划分值:1.000,左节点损失:44.147,右节点损失:13.792,总损失:57.939
('----划分特征：', 544)
------划分值:0.000,左节点损失:0.000,右节点损失:58.193,总损失:58.193
------划分值:1.000,左节点损失:45.718,右节点损失:11.680,总损失:57.398
('----划分特征：', 545)
------划分值:1.000,左节点损失:44.328,右节点损失:12.836,总损失:57.165
------划分值:0.000,左节点损失:0.000,右节点损失:58.193,总损失:58.193
('----划分特征：', 546)
------划分值:1.000,左节点损失:40.454,右节点损失:16.914,总损失:57.368
------划分值:0.000,左节点损失:0.000,右节点损失:58.193,总损失:58.193
('----划分特征：', 547)
------划分值:1.000,左节点损失:34.602,右节点损失:23.472,总损失:58.074
------划分值:0.000,左节点损失:0.000,右节点损失:58.193,总损失:58.193
('----划分特征：', 548)
------划分值:1.000,左节点损失:26.479,右节点损失:31.447,总损失:57.926
------划分值:0.000,左节点损失:0.000,右节点损失:58.193,总损失:58.193
('----划分特征：', 549)
------划分值:1.000,左节点损失:21.715,右节点损失:35.176,总损失:56.891
------划分值:0.000,左节点损失:0.000,右节点损失:58.193,总损失:58.193
('----划分特征：', 550)
------划分值:1.000,左节点损失:20.875,右节点损失:34.811,总损失:55.686
------划分值:0.000,左节点损失:0.000,右节点损失:58.193,总损失:58.193
('----划分特征：', 551)
------划分值:1.000,左节点损失:26.279,右节点损失:29.146,总损失:55.425
------划分值:0.000,左节点损失:0.000,右节点损失:58.193,总损失:58.193
('----划分特征：', 552)
------划分值:0.000,左节点损失:0.000,右节点损失:58.193,总损失:58.193
------划分值:1.000,左节点损失:35.337,右节点损失:20.782,总损失:56.119
('----划分特征：', 553)
------划分值:0.000,左节点损失:0.000,右节点损失:58.193,总损失:58.193
------划分值:1.000,左节点损失:42.717,右节点损失:13.883,总损失:56.600
('----划分特征：', 554)
------划分值:0.000,左节点损失:0.000,右节点损失:58.193,总损失:58.193
------划分值:1.000,左节点损失:51.292,右节点损失:6.474,总损失:57.765
('----划分特征：', 555)
------划分值:0.000,左节点损失:0.000,右节点损失:58.193,总损失:58.193
------划分值:1.000,左节点损失:55.280,右节点损失:2.814,总损失:58.094
('----划分特征：', 556)
------划分值:0.000,左节点损失:0.000,右节点损失:58.193,总损失:58.193
------划分值:1.000,左节点损失:57.776,右节点损失:0.409,总损失:58.185
('----划分特征：', 557)
------划分值:0.000,左节点损失:0.000,右节点损失:58.193,总损失:58.193
------划分值:1.000,左节点损失:58.180,右节点损失:0.000,总损失:58.180
('----划分特征：', 558)
------划分值:0.000,左节点损失:0.000,右节点损失:58.193,总损失:58.193
('----划分特征：', 559)
------划分值:0.000,左节点损失:0.000,右节点损失:58.193,总损失:58.193
('----划分特征：', 560)
------划分值:0.000,左节点损失:0.000,右节点损失:58.193,总损失:58.193
('----划分特征：', 561)
------划分值:0.000,左节点损失:0.000,右节点损失:58.193,总损失:58.193
('----划分特征：', 562)
------划分值:0.000,左节点损失:0.000,右节点损失:58.193,总损失:58.193
------划分值:1.000,左节点损失:58.180,右节点损失:0.000,总损失:58.180
('----划分特征：', 563)
------划分值:0.000,左节点损失:0.000,右节点损失:58.193,总损失:58.193
------划分值:1.000,左节点损失:58.031,右节点损失:0.108,总损失:58.138
('----划分特征：', 564)
------划分值:0.000,左节点损失:0.000,右节点损失:58.193,总损失:58.193
------划分值:1.000,左节点损失:54.600,右节点损失:3.509,总损失:58.109
('----划分特征：', 565)
------划分值:0.000,左节点损失:0.000,右节点损失:58.193,总损失:58.193
------划分值:1.000,左节点损失:46.112,右节点损失:10.845,总损失:56.957
('----划分特征：', 566)
------划分值:0.000,左节点损失:0.000,右节点损失:58.193,总损失:58.193
------划分值:1.000,左节点损失:31.621,右节点损失:22.032,总损失:53.654
('----划分特征：', 567)
------划分值:0.000,左节点损失:0.000,右节点损失:58.193,总损失:58.193
------划分值:1.000,左节点损失:19.566,右节点损失:31.364,总损失:50.930
('----划分特征：', 568)
------划分值:0.000,左节点损失:0.000,右节点损失:58.193,总损失:58.193
------划分值:1.000,左节点损失:16.503,右节点损失:35.032,总损失:51.534
('----划分特征：', 569)
------划分值:0.000,左节点损失:0.000,右节点损失:58.193,总损失:58.193
------划分值:1.000,左节点损失:18.362,右节点损失:35.650,总损失:54.012
('----划分特征：', 570)
------划分值:0.000,左节点损失:0.000,右节点损失:58.193,总损失:58.193
------划分值:1.000,左节点损失:25.500,右节点损失:31.332,总损失:56.832
('----划分特征：', 571)
------划分值:0.000,左节点损失:0.000,右节点损失:58.193,总损失:58.193
------划分值:1.000,左节点损失:32.430,右节点损失:25.639,总损失:58.069
('----划分特征：', 572)
------划分值:1.000,左节点损失:33.080,右节点损失:25.111,总损失:58.191
------划分值:0.000,左节点损失:0.000,右节点损失:58.193,总损失:58.193
('----划分特征：', 573)
------划分值:1.000,左节点损失:30.557,右节点损失:27.636,总损失:58.193
------划分值:0.000,左节点损失:0.000,右节点损失:58.193,总损失:58.193
('----划分特征：', 574)
------划分值:1.000,左节点损失:26.516,右节点损失:31.621,总损失:58.137
------划分值:0.000,左节点损失:0.000,右节点损失:58.193,总损失:58.193
('----划分特征：', 575)
------划分值:1.000,左节点损失:21.498,右节点损失:36.158,总损失:57.656
------划分值:0.000,左节点损失:0.000,右节点损失:58.193,总损失:58.193
('----划分特征：', 576)
------划分值:1.000,左节点损失:17.863,右节点损失:38.736,总损失:56.599
------划分值:0.000,左节点损失:0.000,右节点损失:58.193,总损失:58.193
('----划分特征：', 577)
------划分值:1.000,左节点损失:18.561,右节点损失:37.166,总损失:55.727
------划分值:0.000,左节点损失:0.000,右节点损失:58.193,总损失:58.193
('----划分特征：', 578)
------划分值:0.000,左节点损失:0.000,右节点损失:58.193,总损失:58.193
------划分值:1.000,左节点损失:25.708,右节点损失:30.433,总损失:56.141
('----划分特征：', 579)
------划分值:0.000,左节点损失:0.000,右节点损失:58.193,总损失:58.193
------划分值:1.000,左节点损失:35.100,右节点损失:21.871,总损失:56.971
('----划分特征：', 580)
------划分值:0.000,左节点损失:0.000,右节点损失:58.193,总损失:58.193
------划分值:1.000,左节点损失:42.498,右节点损失:14.784,总损失:57.282
('----划分特征：', 581)
------划分值:0.000,左节点损失:0.000,右节点损失:58.193,总损失:58.193
------划分值:1.000,左节点损失:49.732,右节点损失:8.120,总损失:57.852
('----划分特征：', 582)
------划分值:0.000,左节点损失:0.000,右节点损失:58.193,总损失:58.193
------划分值:1.000,左节点损失:54.485,右节点损失:3.650,总损失:58.135
('----划分特征：', 583)
------划分值:0.000,左节点损失:0.000,右节点损失:58.193,总损失:58.193
------划分值:1.000,左节点损失:57.011,右节点损失:1.182,总损失:58.193
('----划分特征：', 584)
------划分值:0.000,左节点损失:0.000,右节点损失:58.193,总损失:58.193
------划分值:1.000,左节点损失:57.961,右节点损失:0.210,总损失:58.171
('----划分特征：', 585)
------划分值:0.000,左节点损失:0.000,右节点损失:58.193,总损失:58.193
------划分值:1.000,左节点损失:58.184,右节点损失:0.000,总损失:58.184
('----划分特征：', 586)
------划分值:0.000,左节点损失:0.000,右节点损失:58.193,总损失:58.193
------划分值:1.000,左节点损失:58.102,右节点损失:0.073,总损失:58.175
('----划分特征：', 587)
------划分值:0.000,左节点损失:0.000,右节点损失:58.193,总损失:58.193
('----划分特征：', 588)
------划分值:0.000,左节点损失:0.000,右节点损失:58.193,总损失:58.193
('----划分特征：', 589)
------划分值:0.000,左节点损失:0.000,右节点损失:58.193,总损失:58.193
('----划分特征：', 590)
------划分值:0.000,左节点损失:0.000,右节点损失:58.193,总损失:58.193
------划分值:1.000,左节点损失:58.184,右节点损失:0.000,总损失:58.184
('----划分特征：', 591)
------划分值:0.000,左节点损失:0.000,右节点损失:58.193,总损失:58.193
------划分值:1.000,左节点损失:58.045,右节点损失:0.107,总损失:58.152
('----划分特征：', 592)
------划分值:0.000,左节点损失:0.000,右节点损失:58.193,总损失:58.193
------划分值:1.000,左节点损失:55.985,右节点损失:2.193,总损失:58.178
('----划分特征：', 593)
------划分值:0.000,左节点损失:0.000,右节点损失:58.193,总损失:58.193
------划分值:1.000,左节点损失:49.606,右节点损失:8.040,总损失:57.646
('----划分特征：', 594)
------划分值:0.000,左节点损失:0.000,右节点损失:58.193,总损失:58.193
------划分值:1.000,左节点损失:39.295,右节点损失:16.962,总损失:56.256
('----划分特征：', 595)
------划分值:0.000,左节点损失:0.000,右节点损失:58.193,总损失:58.193
------划分值:1.000,左节点损失:25.984,右节点损失:27.938,总损失:53.922
('----划分特征：', 596)
------划分值:0.000,左节点损失:0.000,右节点损失:58.193,总损失:58.193
------划分值:1.000,左节点损失:17.192,右节点损失:35.403,总损失:52.595
('----划分特征：', 597)
------划分值:0.000,左节点损失:0.000,右节点损失:58.193,总损失:58.193
------划分值:1.000,左节点损失:11.958,右节点损失:40.803,总损失:52.762
('----划分特征：', 598)
------划分值:1.000,左节点损失:12.029,右节点损失:42.119,总损失:54.148
------划分值:0.000,左节点损失:0.000,右节点损失:58.193,总损失:58.193
('----划分特征：', 599)
------划分值:1.000,左节点损失:14.801,右节点损失:41.164,总损失:55.965
------划分值:0.000,左节点损失:0.000,右节点损失:58.193,总损失:58.193
('----划分特征：', 600)
------划分值:1.000,左节点损失:16.904,右节点损失:40.045,总损失:56.949
------划分值:0.000,左节点损失:0.000,右节点损失:58.193,总损失:58.193
('----划分特征：', 601)
------划分值:1.000,左节点损失:16.369,右节点损失:40.754,总损失:57.124
------划分值:0.000,左节点损失:0.000,右节点损失:58.193,总损失:58.193
('----划分特征：', 602)
------划分值:1.000,左节点损失:15.405,右节点损失:41.482,总损失:56.888
------划分值:0.000,左节点损失:0.000,右节点损失:58.193,总损失:58.193
('----划分特征：', 603)
------划分值:1.000,左节点损失:14.480,右节点损失:41.684,总损失:56.164
------划分值:0.000,左节点损失:0.000,右节点损失:58.193,总损失:58.193
('----划分特征：', 604)
------划分值:0.000,左节点损失:0.000,右节点损失:58.193,总损失:58.193
------划分值:1.000,左节点损失:16.957,右节点损失:38.641,总损失:55.598
('----划分特征：', 605)
------划分值:0.000,左节点损失:0.000,右节点损失:58.193,总损失:58.193
------划分值:1.000,左节点损失:25.681,右节点损失:30.659,总损失:56.340
('----划分特征：', 606)
------划分值:0.000,左节点损失:0.000,右节点损失:58.193,总损失:58.193
------划分值:1.000,左节点损失:34.864,右节点损失:22.283,总损失:57.147
('----划分特征：', 607)
------划分值:0.000,左节点损失:0.000,右节点损失:58.193,总损失:58.193
------划分值:1.000,左节点损失:42.868,右节点损失:14.788,总损失:57.656
('----划分特征：', 608)
------划分值:0.000,左节点损失:0.000,右节点损失:58.193,总损失:58.193
------划分值:1.000,左节点损失:49.200,右节点损失:8.760,总损失:57.960
('----划分特征：', 609)
------划分值:0.000,左节点损失:0.000,右节点损失:58.193,总损失:58.193
------划分值:1.000,左节点损失:53.796,右节点损失:4.350,总损失:58.146
('----划分特征：', 610)
------划分值:0.000,左节点损失:0.000,右节点损失:58.193,总损失:58.193
------划分值:1.000,左节点损失:56.869,右节点损失:1.312,总损失:58.182
('----划分特征：', 611)
------划分值:0.000,左节点损失:0.000,右节点损失:58.193,总损失:58.193
------划分值:1.000,左节点损失:57.851,右节点损失:0.314,总损失:58.165
('----划分特征：', 612)
------划分值:0.000,左节点损失:0.000,右节点损失:58.193,总损失:58.193
------划分值:1.000,左节点损失:58.068,右节点损失:0.106,总损失:58.174
('----划分特征：', 613)
------划分值:0.000,左节点损失:0.000,右节点损失:58.193,总损失:58.193
------划分值:1.000,左节点损失:58.184,右节点损失:0.000,总损失:58.184
('----划分特征：', 614)
------划分值:0.000,左节点损失:0.000,右节点损失:58.193,总损失:58.193
------划分值:1.000,左节点损失:58.104,右节点损失:0.055,总损失:58.158
('----划分特征：', 615)
------划分值:0.000,左节点损失:0.000,右节点损失:58.193,总损失:58.193
('----划分特征：', 616)
------划分值:0.000,左节点损失:0.000,右节点损失:58.193,总损失:58.193
('----划分特征：', 617)
------划分值:0.000,左节点损失:0.000,右节点损失:58.193,总损失:58.193
('----划分特征：', 618)
------划分值:0.000,左节点损失:0.000,右节点损失:58.193,总损失:58.193
------划分值:1.000,左节点损失:58.190,右节点损失:0.000,总损失:58.190
('----划分特征：', 619)
------划分值:0.000,左节点损失:0.000,右节点损失:58.193,总损失:58.193
------划分值:1.000,左节点损失:58.078,右节点损失:0.105,总损失:58.183
('----划分特征：', 620)
------划分值:0.000,左节点损失:0.000,右节点损失:58.193,总损失:58.193
------划分值:1.000,左节点损失:57.572,右节点损失:0.611,总损失:58.183
('----划分特征：', 621)
------划分值:0.000,左节点损失:0.000,右节点损失:58.193,总损失:58.193
------划分值:1.000,左节点损失:53.425,右节点损失:4.534,总损失:57.959
('----划分特征：', 622)
------划分值:0.000,左节点损失:0.000,右节点损失:58.193,总损失:58.193
------划分值:1.000,左节点损失:46.716,右节点损失:10.613,总损失:57.329
('----划分特征：', 623)
------划分值:1.000,左节点损失:36.594,右节点损失:19.573,总损失:56.168
------划分值:0.000,左节点损失:0.000,右节点损失:58.193,总损失:58.193
('----划分特征：', 624)
------划分值:1.000,左节点损失:26.796,右节点损失:28.375,总损失:55.171
------划分值:0.000,左节点损失:0.000,右节点损失:58.193,总损失:58.193
('----划分特征：', 625)
------划分值:1.000,左节点损失:17.047,右节点损失:36.894,总损失:53.941
------划分值:0.000,左节点损失:0.000,右节点损失:58.193,总损失:58.193
('----划分特征：', 626)
------划分值:1.000,左节点损失:10.594,右节点损失:43.110,总损失:53.704
------划分值:0.000,左节点损失:0.000,右节点损失:58.193,总损失:58.193
('----划分特征：', 627)
------划分值:1.000,左节点损失:9.331,右节点损失:45.153,总损失:54.484
------划分值:0.000,左节点损失:0.000,右节点损失:58.193,总损失:58.193
('----划分特征：', 628)
------划分值:1.000,左节点损失:9.420,右节点损失:45.604,总损失:55.024
------划分值:0.000,左节点损失:0.000,右节点损失:58.193,总损失:58.193
('----划分特征：', 629)
------划分值:1.000,左节点损失:11.462,右节点损失:44.069,总损失:55.531
------划分值:0.000,左节点损失:0.000,右节点损失:58.193,总损失:58.193
('----划分特征：', 630)
------划分值:0.000,左节点损失:0.000,右节点损失:58.193,总损失:58.193
------划分值:1.000,左节点损失:13.807,右节点损失:41.849,总损失:55.655
('----划分特征：', 631)
------划分值:0.000,左节点损失:0.000,右节点损失:58.193,总损失:58.193
------划分值:1.000,左节点损失:20.703,右节点损失:35.643,总损失:56.346
('----划分特征：', 632)
------划分值:0.000,左节点损失:0.000,右节点损失:58.193,总损失:58.193
------划分值:1.000,左节点损失:29.398,右节点损失:27.659,总损失:57.058
('----划分特征：', 633)
------划分值:0.000,左节点损失:0.000,右节点损失:58.193,总损失:58.193
------划分值:1.000,左节点损失:38.957,右节点损失:18.763,总损失:57.720
('----划分特征：', 634)
------划分值:0.000,左节点损失:0.000,右节点损失:58.193,总损失:58.193
------划分值:1.000,左节点损失:45.400,右节点损失:12.597,总损失:57.998
('----划分特征：', 635)
------划分值:0.000,左节点损失:0.000,右节点损失:58.193,总损失:58.193
------划分值:1.000,左节点损失:50.785,右节点损失:7.361,总损失:58.147
('----划分特征：', 636)
------划分值:0.000,左节点损失:0.000,右节点损失:58.193,总损失:58.193
------划分值:1.000,左节点损失:54.383,右节点损失:3.809,总损失:58.192
('----划分特征：', 637)
------划分值:0.000,左节点损失:0.000,右节点损失:58.193,总损失:58.193
------划分值:1.000,左节点损失:56.835,右节点损失:1.328,总损失:58.164
('----划分特征：', 638)
------划分值:0.000,左节点损失:0.000,右节点损失:58.193,总损失:58.193
------划分值:1.000,左节点损失:57.646,右节点损失:0.519,总损失:58.165
('----划分特征：', 639)
------划分值:0.000,左节点损失:0.000,右节点损失:58.193,总损失:58.193
------划分值:1.000,左节点损失:58.064,右节点损失:0.106,总损失:58.170
('----划分特征：', 640)
------划分值:0.000,左节点损失:0.000,右节点损失:58.193,总损失:58.193
------划分值:1.000,左节点损失:58.176,右节点损失:0.000,总损失:58.176
('----划分特征：', 641)
------划分值:0.000,左节点损失:0.000,右节点损失:58.193,总损失:58.193
------划分值:1.000,左节点损失:58.185,右节点损失:0.000,总损失:58.185
('----划分特征：', 642)
------划分值:0.000,左节点损失:0.000,右节点损失:58.193,总损失:58.193
------划分值:1.000,左节点损失:58.105,右节点损失:0.000,总损失:58.105
('----划分特征：', 643)
------划分值:0.000,左节点损失:0.000,右节点损失:58.193,总损失:58.193
('----划分特征：', 644)
------划分值:0.000,左节点损失:0.000,右节点损失:58.193,总损失:58.193
('----划分特征：', 645)
------划分值:0.000,左节点损失:0.000,右节点损失:58.193,总损失:58.193
('----划分特征：', 646)
------划分值:0.000,左节点损失:0.000,右节点损失:58.193,总损失:58.193
------划分值:1.000,左节点损失:58.192,右节点损失:0.000,总损失:58.192
('----划分特征：', 647)
------划分值:0.000,左节点损失:0.000,右节点损失:58.193,总损失:58.193
------划分值:1.000,左节点损失:58.187,右节点损失:0.000,总损失:58.187
('----划分特征：', 648)
------划分值:0.000,左节点损失:0.000,右节点损失:58.193,总损失:58.193
------划分值:1.000,左节点损失:57.984,右节点损失:0.204,总损失:58.189
('----划分特征：', 649)
------划分值:1.000,左节点损失:56.843,右节点损失:1.344,总损失:58.187
------划分值:0.000,左节点损失:0.000,右节点损失:58.193,总损失:58.193
('----划分特征：', 650)
------划分值:1.000,左节点损失:54.656,右节点损失:3.500,总损失:58.156
------划分值:0.000,左节点损失:0.000,右节点损失:58.193,总损失:58.193
('----划分特征：', 651)
------划分值:1.000,左节点损失:50.498,右节点损失:7.549,总损失:58.047
------划分值:0.000,左节点损失:0.000,右节点损失:58.193,总损失:58.193
('----划分特征：', 652)
------划分值:1.000,左节点损失:43.318,右节点损失:14.421,总损失:57.739
------划分值:0.000,左节点损失:0.000,右节点损失:58.193,总损失:58.193
('----划分特征：', 653)
------划分值:1.000,左节点损失:34.744,右节点损失:22.490,总损失:57.234
------划分值:0.000,左节点损失:0.000,右节点损失:58.193,总损失:58.193
('----划分特征：', 654)
------划分值:1.000,左节点损失:28.895,右节点损失:28.208,总损失:57.103
------划分值:0.000,左节点损失:0.000,右节点损失:58.193,总损失:58.193
('----划分特征：', 655)
------划分值:1.000,左节点损失:23.152,右节点损失:33.497,总损失:56.649
------划分值:0.000,左节点损失:0.000,右节点损失:58.193,总损失:58.193
('----划分特征：', 656)
------划分值:1.000,左节点损失:22.643,右节点损失:34.074,总损失:56.716
------划分值:0.000,左节点损失:0.000,右节点损失:58.193,总损失:58.193
('----划分特征：', 657)
------划分值:0.000,左节点损失:0.000,右节点损失:58.193,总损失:58.193
------划分值:1.000,左节点损失:26.300,右节点损失:30.920,总损失:57.221
('----划分特征：', 658)
------划分值:0.000,左节点损失:0.000,右节点损失:58.193,总损失:58.193
------划分值:1.000,左节点损失:32.849,右节点损失:24.965,总损失:57.813
('----划分特征：', 659)
------划分值:0.000,左节点损失:0.000,右节点损失:58.193,总损失:58.193
------划分值:1.000,左节点损失:39.773,右节点损失:18.298,总损失:58.071
('----划分特征：', 660)
------划分值:0.000,左节点损失:0.000,右节点损失:58.193,总损失:58.193
------划分值:1.000,左节点损失:47.336,右节点损失:10.855,总损失:58.191
('----划分特征：', 661)
------划分值:0.000,左节点损失:0.000,右节点损失:58.193,总损失:58.193
------划分值:1.000,左节点损失:50.854,右节点损失:7.334,总损失:58.188
('----划分特征：', 662)
------划分值:0.000,左节点损失:0.000,右节点损失:58.193,总损失:58.193
------划分值:1.000,左节点损失:53.785,右节点损失:4.395,总损失:58.180
('----划分特征：', 663)
------划分值:0.000,左节点损失:0.000,右节点损失:58.193,总损失:58.193
------划分值:1.000,左节点损失:56.616,右节点损失:1.461,总损失:58.077
('----划分特征：', 664)
------划分值:0.000,左节点损失:0.000,右节点损失:58.193,总损失:58.193
------划分值:1.000,左节点损失:57.378,右节点损失:0.735,总损失:58.113
('----划分特征：', 665)
------划分值:0.000,左节点损失:0.000,右节点损失:58.193,总损失:58.193
------划分值:1.000,左节点损失:57.902,右节点损失:0.214,总损失:58.116
('----划分特征：', 666)
------划分值:0.000,左节点损失:0.000,右节点损失:58.193,总损失:58.193
------划分值:1.000,左节点损失:58.049,右节点损失:0.107,总损失:58.156
('----划分特征：', 667)
------划分值:0.000,左节点损失:0.000,右节点损失:58.193,总损失:58.193
------划分值:1.000,左节点损失:58.172,右节点损失:0.000,总损失:58.172
('----划分特征：', 668)
------划分值:0.000,左节点损失:0.000,右节点损失:58.193,总损失:58.193
------划分值:1.000,左节点损失:58.191,右节点损失:0.000,总损失:58.191
('----划分特征：', 669)
------划分值:0.000,左节点损失:0.000,右节点损失:58.193,总损失:58.193
('----划分特征：', 670)
------划分值:0.000,左节点损失:0.000,右节点损失:58.193,总损失:58.193
('----划分特征：', 671)
------划分值:0.000,左节点损失:0.000,右节点损失:58.193,总损失:58.193
('----划分特征：', 672)
------划分值:0.000,左节点损失:0.000,右节点损失:58.193,总损失:58.193
('----划分特征：', 673)
------划分值:0.000,左节点损失:0.000,右节点损失:58.193,总损失:58.193
('----划分特征：', 674)
------划分值:0.000,左节点损失:0.000,右节点损失:58.193,总损失:58.193
('----划分特征：', 675)
------划分值:0.000,左节点损失:0.000,右节点损失:58.193,总损失:58.193
------划分值:1.000,左节点损失:58.190,右节点损失:0.000,总损失:58.190
('----划分特征：', 676)
------划分值:1.000,左节点损失:58.089,右节点损失:0.102,总损失:58.191
------划分值:0.000,左节点损失:0.000,右节点损失:58.193,总损失:58.193
('----划分特征：', 677)
------划分值:1.000,左节点损失:57.977,右节点损失:0.207,总损失:58.184
------划分值:0.000,左节点损失:0.000,右节点损失:58.193,总损失:58.193
('----划分特征：', 678)
------划分值:1.000,左节点损失:57.821,右节点损失:0.318,总损失:58.139
------划分值:0.000,左节点损失:0.000,右节点损失:58.193,总损失:58.193
('----划分特征：', 679)
------划分值:1.000,左节点损失:57.252,右节点损失:0.841,总损失:58.094
------划分值:0.000,左节点损失:0.000,右节点损失:58.193,总损失:58.193
('----划分特征：', 680)
------划分值:1.000,左节点损失:56.236,右节点损失:1.781,总损失:58.017
------划分值:0.000,左节点损失:0.000,右节点损失:58.193,总损失:58.193
('----划分特征：', 681)
------划分值:1.000,左节点损失:54.459,右节点损失:3.526,总损失:57.985
------划分值:0.000,左节点损失:0.000,右节点损失:58.193,总损失:58.193
('----划分特征：', 682)
------划分值:1.000,左节点损失:51.910,右节点损失:6.129,总损失:58.040
------划分值:0.000,左节点损失:0.000,右节点损失:58.193,总损失:58.193
('----划分特征：', 683)
------划分值:0.000,左节点损失:0.000,右节点损失:58.193,总损失:58.193
------划分值:1.000,左节点损失:50.357,右节点损失:7.712,总损失:58.070
('----划分特征：', 684)
------划分值:0.000,左节点损失:0.000,右节点损失:58.193,总损失:58.193
------划分值:1.000,左节点损失:49.381,右节点损失:8.749,总损失:58.129
('----划分特征：', 685)
------划分值:0.000,左节点损失:0.000,右节点损失:58.193,总损失:58.193
------划分值:1.000,左节点损失:50.012,右节点损失:8.086,总损失:58.099
('----划分特征：', 686)
------划分值:0.000,左节点损失:0.000,右节点损失:58.193,总损失:58.193
------划分值:1.000,左节点损失:51.891,右节点损失:6.136,总损失:58.027
('----划分特征：', 687)
------划分值:0.000,左节点损失:0.000,右节点损失:58.193,总损失:58.193
------划分值:1.000,左节点损失:53.883,右节点损失:4.127,总损失:58.010
('----划分特征：', 688)
------划分值:0.000,左节点损失:0.000,右节点损失:58.193,总损失:58.193
------划分值:1.000,左节点损失:55.679,右节点损失:2.301,总损失:57.980
('----划分特征：', 689)
------划分值:0.000,左节点损失:0.000,右节点损失:58.193,总损失:58.193
------划分值:1.000,左节点损失:56.826,右节点损失:1.164,总损失:57.990
('----划分特征：', 690)
------划分值:0.000,左节点损失:0.000,右节点损失:58.193,总损失:58.193
------划分值:1.000,左节点损失:57.478,右节点损失:0.535,总损失:58.013
('----划分特征：', 691)
------划分值:0.000,左节点损失:0.000,右节点损失:58.193,总损失:58.193
------划分值:1.000,左节点损失:57.837,右节点损失:0.216,总损失:58.052
('----划分特征：', 692)
------划分值:0.000,左节点损失:0.000,右节点损失:58.193,总损失:58.193
------划分值:1.000,左节点损失:57.900,右节点损失:0.214,总损失:58.114
('----划分特征：', 693)
------划分值:0.000,左节点损失:0.000,右节点损失:58.193,总损失:58.193
------划分值:1.000,左节点损失:58.048,右节点损失:0.107,总损失:58.155
('----划分特征：', 694)
------划分值:0.000,左节点损失:0.000,右节点损失:58.193,总损失:58.193
------划分值:1.000,左节点损失:58.163,右节点损失:0.000,总损失:58.163
('----划分特征：', 695)
------划分值:0.000,左节点损失:0.000,右节点损失:58.193,总损失:58.193
------划分值:1.000,左节点损失:58.183,右节点损失:0.000,总损失:58.183
('----划分特征：', 696)
------划分值:0.000,左节点损失:0.000,右节点损失:58.193,总损失:58.193
------划分值:1.000,左节点损失:58.192,右节点损失:0.000,总损失:58.192
('----划分特征：', 697)
------划分值:0.000,左节点损失:0.000,右节点损失:58.193,总损失:58.193
('----划分特征：', 698)
------划分值:0.000,左节点损失:0.000,右节点损失:58.193,总损失:58.193
('----划分特征：', 699)
------划分值:0.000,左节点损失:0.000,右节点损失:58.193,总损失:58.193
('----划分特征：', 700)
------划分值:0.000,左节点损失:0.000,右节点损失:58.193,总损失:58.193
('----划分特征：', 701)
------划分值:0.000,左节点损失:0.000,右节点损失:58.193,总损失:58.193
('----划分特征：', 702)
------划分值:0.000,左节点损失:0.000,右节点损失:58.193,总损失:58.193
('----划分特征：', 703)
------划分值:0.000,左节点损失:0.000,右节点损失:58.193,总损失:58.193
('----划分特征：', 704)
------划分值:0.000,左节点损失:0.000,右节点损失:58.193,总损失:58.193
------划分值:1.000,左节点损失:58.191,右节点损失:0.000,总损失:58.191
('----划分特征：', 705)
------划分值:0.000,左节点损失:0.000,右节点损失:58.193,总损失:58.193
------划分值:1.000,左节点损失:58.177,右节点损失:0.000,总损失:58.177
('----划分特征：', 706)
------划分值:0.000,左节点损失:0.000,右节点损失:58.193,总损失:58.193
------划分值:1.000,左节点损失:58.153,右节点损失:0.000,总损失:58.153
('----划分特征：', 707)
------划分值:0.000,左节点损失:0.000,右节点损失:58.193,总损失:58.193
------划分值:1.000,左节点损失:58.091,右节点损失:0.000,总损失:58.091
('----划分特征：', 708)
------划分值:0.000,左节点损失:0.000,右节点损失:58.193,总损失:58.193
------划分值:1.000,左节点损失:57.986,右节点损失:0.000,总损失:57.986
('----划分特征：', 709)
------划分值:0.000,左节点损失:0.000,右节点损失:58.193,总损失:58.193
------划分值:1.000,左节点损失:57.865,右节点损失:0.000,总损失:57.865
('----划分特征：', 710)
------划分值:0.000,左节点损失:0.000,右节点损失:58.193,总损失:58.193
------划分值:1.000,左节点损失:57.682,右节点损失:0.109,总损失:57.791
('----划分特征：', 711)
------划分值:0.000,左节点损失:0.000,右节点损失:58.193,总损失:58.193
------划分值:1.000,左节点损失:57.573,右节点损失:0.217,总损失:57.790
('----划分特征：', 712)
------划分值:0.000,左节点损失:0.000,右节点损失:58.193,总损失:58.193
------划分值:1.000,左节点损失:57.596,右节点损失:0.217,总损失:57.813
('----划分特征：', 713)
------划分值:0.000,左节点损失:0.000,右节点损失:58.193,总损失:58.193
------划分值:1.000,左节点损失:57.527,右节点损失:0.324,总损失:57.851
('----划分特征：', 714)
------划分值:0.000,左节点损失:0.000,右节点损失:58.193,总损失:58.193
------划分值:1.000,左节点损失:57.664,右节点损失:0.217,总损失:57.881
('----划分特征：', 715)
------划分值:0.000,左节点损失:0.000,右节点损失:58.193,总损失:58.193
------划分值:1.000,左节点损失:57.805,右节点损失:0.109,总损失:57.914
('----划分特征：', 716)
------划分值:0.000,左节点损失:0.000,右节点损失:58.193,总损失:58.193
------划分值:1.000,左节点损失:57.936,右节点损失:0.000,总损失:57.936
('----划分特征：', 717)
------划分值:0.000,左节点损失:0.000,右节点损失:58.193,总损失:58.193
------划分值:1.000,左节点损失:58.022,右节点损失:0.000,总损失:58.022
('----划分特征：', 718)
------划分值:0.000,左节点损失:0.000,右节点损失:58.193,总损失:58.193
------划分值:1.000,左节点损失:58.079,右节点损失:0.000,总损失:58.079
('----划分特征：', 719)
------划分值:0.000,左节点损失:0.000,右节点损失:58.193,总损失:58.193
------划分值:1.000,左节点损失:58.119,右节点损失:0.000,总损失:58.119
('----划分特征：', 720)
------划分值:0.000,左节点损失:0.000,右节点损失:58.193,总损失:58.193
------划分值:1.000,左节点损失:58.141,右节点损失:0.000,总损失:58.141
('----划分特征：', 721)
------划分值:0.000,左节点损失:0.000,右节点损失:58.193,总损失:58.193
------划分值:1.000,左节点损失:58.162,右节点损失:0.000,总损失:58.162
('----划分特征：', 722)
------划分值:0.000,左节点损失:0.000,右节点损失:58.193,总损失:58.193
------划分值:1.000,左节点损失:58.180,右节点损失:0.000,总损失:58.180
('----划分特征：', 723)
------划分值:0.000,左节点损失:0.000,右节点损失:58.193,总损失:58.193
------划分值:1.000,左节点损失:58.189,右节点损失:0.000,总损失:58.189
('----划分特征：', 724)
------划分值:0.000,左节点损失:0.000,右节点损失:58.193,总损失:58.193
('----划分特征：', 725)
------划分值:0.000,左节点损失:0.000,右节点损失:58.193,总损失:58.193
('----划分特征：', 726)
------划分值:0.000,左节点损失:0.000,右节点损失:58.193,总损失:58.193
('----划分特征：', 727)
------划分值:0.000,左节点损失:0.000,右节点损失:58.193,总损失:58.193
('----划分特征：', 728)
------划分值:0.000,左节点损失:0.000,右节点损失:58.193,总损失:58.193
('----划分特征：', 729)
------划分值:0.000,左节点损失:0.000,右节点损失:58.193,总损失:58.193
('----划分特征：', 730)
------划分值:0.000,左节点损失:0.000,右节点损失:58.193,总损失:58.193
('----划分特征：', 731)
------划分值:0.000,左节点损失:0.000,右节点损失:58.193,总损失:58.193
('----划分特征：', 732)
------划分值:0.000,左节点损失:0.000,右节点损失:58.193,总损失:58.193
------划分值:1.000,左节点损失:58.192,右节点损失:0.000,总损失:58.192
('----划分特征：', 733)
------划分值:0.000,左节点损失:0.000,右节点损失:58.193,总损失:58.193
------划分值:1.000,左节点损失:58.188,右节点损失:0.000,总损失:58.188
('----划分特征：', 734)
------划分值:0.000,左节点损失:0.000,右节点损失:58.193,总损失:58.193
------划分值:1.000,左节点损失:58.170,右节点损失:0.000,总损失:58.170
('----划分特征：', 735)
------划分值:0.000,左节点损失:0.000,右节点损失:58.193,总损失:58.193
------划分值:1.000,左节点损失:58.146,右节点损失:0.000,总损失:58.146
('----划分特征：', 736)
------划分值:0.000,左节点损失:0.000,右节点损失:58.193,总损失:58.193
------划分值:1.000,左节点损失:58.098,右节点损失:0.000,总损失:58.098
('----划分特征：', 737)
------划分值:0.000,左节点损失:0.000,右节点损失:58.193,总损失:58.193
------划分值:1.000,左节点损失:58.062,右节点损失:0.000,总损失:58.062
('----划分特征：', 738)
------划分值:0.000,左节点损失:0.000,右节点损失:58.193,总损失:58.193
------划分值:1.000,左节点损失:58.038,右节点损失:0.000,总损失:58.038
('----划分特征：', 739)
------划分值:0.000,左节点损失:0.000,右节点损失:58.193,总损失:58.193
------划分值:1.000,左节点损失:58.039,右节点损失:0.000,总损失:58.039
('----划分特征：', 740)
------划分值:0.000,左节点损失:0.000,右节点损失:58.193,总损失:58.193
------划分值:1.000,左节点损失:58.059,右节点损失:0.000,总损失:58.059
('----划分特征：', 741)
------划分值:0.000,左节点损失:0.000,右节点损失:58.193,总损失:58.193
------划分值:1.000,左节点损失:58.068,右节点损失:0.000,总损失:58.068
('----划分特征：', 742)
------划分值:0.000,左节点损失:0.000,右节点损失:58.193,总损失:58.193
------划分值:1.000,左节点损失:58.069,右节点损失:0.000,总损失:58.069
('----划分特征：', 743)
------划分值:0.000,左节点损失:0.000,右节点损失:58.193,总损失:58.193
------划分值:1.000,左节点损失:58.098,右节点损失:0.000,总损失:58.098
('----划分特征：', 744)
------划分值:0.000,左节点损失:0.000,右节点损失:58.193,总损失:58.193
------划分值:1.000,左节点损失:58.108,右节点损失:0.000,总损失:58.108
('----划分特征：', 745)
------划分值:0.000,左节点损失:0.000,右节点损失:58.193,总损失:58.193
------划分值:1.000,左节点损失:58.122,右节点损失:0.000,总损失:58.122
('----划分特征：', 746)
------划分值:0.000,左节点损失:0.000,右节点损失:58.193,总损失:58.193
------划分值:1.000,左节点损失:58.146,右节点损失:0.000,总损失:58.146
('----划分特征：', 747)
------划分值:0.000,左节点损失:0.000,右节点损失:58.193,总损失:58.193
------划分值:1.000,左节点损失:58.165,右节点损失:0.000,总损失:58.165
('----划分特征：', 748)
------划分值:0.000,左节点损失:0.000,右节点损失:58.193,总损失:58.193
------划分值:1.000,左节点损失:58.176,右节点损失:0.000,总损失:58.176
('----划分特征：', 749)
------划分值:0.000,左节点损失:0.000,右节点损失:58.193,总损失:58.193
------划分值:1.000,左节点损失:58.184,右节点损失:0.000,总损失:58.184
('----划分特征：', 750)
------划分值:0.000,左节点损失:0.000,右节点损失:58.193,总损失:58.193
------划分值:1.000,左节点损失:58.190,右节点损失:0.000,总损失:58.190
('----划分特征：', 751)
------划分值:0.000,左节点损失:0.000,右节点损失:58.193,总损失:58.193
------划分值:1.000,左节点损失:58.192,右节点损失:0.000,总损失:58.192
('----划分特征：', 752)
------划分值:0.000,左节点损失:0.000,右节点损失:58.193,总损失:58.193
('----划分特征：', 753)
------划分值:0.000,左节点损失:0.000,右节点损失:58.193,总损失:58.193
('----划分特征：', 754)
------划分值:0.000,左节点损失:0.000,右节点损失:58.193,总损失:58.193
('----划分特征：', 755)
------划分值:0.000,左节点损失:0.000,右节点损失:58.193,总损失:58.193
('----划分特征：', 756)
------划分值:0.000,左节点损失:0.000,右节点损失:58.193,总损失:58.193
('----划分特征：', 757)
------划分值:0.000,左节点损失:0.000,右节点损失:58.193,总损失:58.193
('----划分特征：', 758)
------划分值:0.000,左节点损失:0.000,右节点损失:58.193,总损失:58.193
('----划分特征：', 759)
------划分值:0.000,左节点损失:0.000,右节点损失:58.193,总损失:58.193
('----划分特征：', 760)
------划分值:0.000,左节点损失:0.000,右节点损失:58.193,总损失:58.193
('----划分特征：', 761)
------划分值:0.000,左节点损失:0.000,右节点损失:58.193,总损失:58.193
------划分值:1.000,左节点损失:58.192,右节点损失:0.000,总损失:58.192
('----划分特征：', 762)
------划分值:0.000,左节点损失:0.000,右节点损失:58.193,总损失:58.193
------划分值:1.000,左节点损失:58.191,右节点损失:0.000,总损失:58.191
('----划分特征：', 763)
------划分值:0.000,左节点损失:0.000,右节点损失:58.193,总损失:58.193
------划分值:1.000,左节点损失:58.190,右节点损失:0.000,总损失:58.190
('----划分特征：', 764)
------划分值:0.000,左节点损失:0.000,右节点损失:58.193,总损失:58.193
------划分值:1.000,左节点损失:58.190,右节点损失:0.000,总损失:58.190
('----划分特征：', 765)
------划分值:0.000,左节点损失:0.000,右节点损失:58.193,总损失:58.193
------划分值:1.000,左节点损失:58.189,右节点损失:0.000,总损失:58.189
('----划分特征：', 766)
------划分值:0.000,左节点损失:0.000,右节点损失:58.193,总损失:58.193
------划分值:1.000,左节点损失:58.184,右节点损失:0.000,总损失:58.184
('----划分特征：', 767)
------划分值:0.000,左节点损失:0.000,右节点损失:58.193,总损失:58.193
------划分值:1.000,左节点损失:58.180,右节点损失:0.000,总损失:58.180
('----划分特征：', 768)
------划分值:0.000,左节点损失:0.000,右节点损失:58.193,总损失:58.193
------划分值:1.000,左节点损失:58.174,右节点损失:0.000,总损失:58.174
('----划分特征：', 769)
------划分值:0.000,左节点损失:0.000,右节点损失:58.193,总损失:58.193
------划分值:1.000,左节点损失:58.173,右节点损失:0.000,总损失:58.173
('----划分特征：', 770)
------划分值:0.000,左节点损失:0.000,右节点损失:58.193,总损失:58.193
------划分值:1.000,左节点损失:58.178,右节点损失:0.000,总损失:58.178
('----划分特征：', 771)
------划分值:0.000,左节点损失:0.000,右节点损失:58.193,总损失:58.193
------划分值:1.000,左节点损失:58.180,右节点损失:0.000,总损失:58.180
('----划分特征：', 772)
------划分值:0.000,左节点损失:0.000,右节点损失:58.193,总损失:58.193
------划分值:1.000,左节点损失:58.180,右节点损失:0.000,总损失:58.180
('----划分特征：', 773)
------划分值:0.000,左节点损失:0.000,右节点损失:58.193,总损失:58.193
------划分值:1.000,左节点损失:58.188,右节点损失:0.000,总损失:58.188
('----划分特征：', 774)
------划分值:0.000,左节点损失:0.000,右节点损失:58.193,总损失:58.193
------划分值:1.000,左节点损失:58.189,右节点损失:0.000,总损失:58.189
('----划分特征：', 775)
------划分值:0.000,左节点损失:0.000,右节点损失:58.193,总损失:58.193
------划分值:1.000,左节点损失:58.191,右节点损失:0.000,总损失:58.191
('----划分特征：', 776)
------划分值:0.000,左节点损失:0.000,右节点损失:58.193,总损失:58.193
------划分值:1.000,左节点损失:58.191,右节点损失:0.000,总损失:58.191
('----划分特征：', 777)
------划分值:0.000,左节点损失:0.000,右节点损失:58.193,总损失:58.193
------划分值:1.000,左节点损失:58.192,右节点损失:0.000,总损失:58.192
('----划分特征：', 778)
------划分值:0.000,左节点损失:0.000,右节点损失:58.193,总损失:58.193
('----划分特征：', 779)
------划分值:0.000,左节点损失:0.000,右节点损失:58.193,总损失:58.193
('----划分特征：', 780)
------划分值:0.000,左节点损失:0.000,右节点损失:58.193,总损失:58.193
('----划分特征：', 781)
------划分值:0.000,左节点损失:0.000,右节点损失:58.193,总损失:58.193
('----划分特征：', 782)
------划分值:0.000,左节点损失:0.000,右节点损失:58.193,总损失:58.193
('----划分特征：', 783)
------划分值:0.000,左节点损失:0.000,右节点损失:58.193,总损失:58.193
('----划分特征：', 'label')
------划分值:0.000,左节点损失:0.000,右节点损失:58.193,总损失:58.193
------划分值:1.000,左节点损失:0.000,右节点损失:0.000,总损失:0.000
('----划分特征：', 'f_0')
------划分值:-2.212,左节点损失:0.000,右节点损失:58.193,总损失:58.193
('----划分特征：', 'res_1')
------划分值:-0.099,左节点损失:0.000,右节点损失:58.193,总损失:58.193
------划分值:0.901,左节点损失:0.000,右节点损失:0.000,总损失:0.000
('----划分特征：', 'f_1')
------划分值:-2.323,左节点损失:0.000,右节点损失:58.193,总损失:58.193
------划分值:-1.199,左节点损失:0.000,右节点损失:0.000,总损失:0.000
('----划分特征：', 'res_2')
------划分值:-0.089,左节点损失:0.000,右节点损失:58.193,总损失:58.193
------划分值:0.768,左节点损失:0.000,右节点损失:0.000,总损失:0.000
('----划分特征：', 'f_2')
------划分值:-2.433,左节点损失:0.000,右节点损失:58.193,总损失:58.193
------划分值:-0.767,左节点损失:0.000,右节点损失:0.000,总损失:0.000
('----划分特征：', 'res_3')
------划分值:-0.081,左节点损失:0.000,右节点损失:58.193,总损失:58.193
------划分值:0.683,左节点损失:0.000,右节点损失:0.000,总损失:0.000
('----划分特征：', 'f_3')
------划分值:-2.542,左节点损失:0.000,右节点损失:58.193,总损失:58.193
------划分值:-0.452,左节点损失:0.000,右节点损失:0.000,总损失:0.000
('----划分特征：', 'res_4')
------划分值:-0.073,左节点损失:0.000,右节点损失:58.193,总损失:58.193
------划分值:0.611,左节点损失:0.000,右节点损失:0.000,总损失:0.000
('----划分特征：', 'f_4')
------划分值:-2.650,左节点损失:0.000,右节点损失:58.193,总损失:58.193
------划分值:-0.195,左节点损失:0.000,右节点损失:0.000,总损失:0.000
('----划分特征：', 'res_5')
------划分值:-0.066,左节点损失:0.000,右节点损失:58.193,总损失:58.193
------划分值:0.549,左节点损失:0.000,右节点损失:0.000,总损失:0.000
('----划分特征：', 'f_5')
------划分值:-2.757,左节点损失:0.000,右节点损失:58.193,总损失:58.193
------划分值:0.027,左节点损失:0.000,右节点损失:0.000,总损失:0.000
('----划分特征：', 'res_6')
------划分值:-0.060,左节点损失:0.000,右节点损失:58.193,总损失:58.193
------划分值:0.493,左节点损失:0.000,右节点损失:0.000,总损失:0.000
('----划分特征：', 'f_6')
------划分值:-2.863,左节点损失:0.000,右节点损失:58.193,总损失:58.193
------划分值:0.224,左节点损失:0.000,右节点损失:0.000,总损失:0.000
('----划分特征：', 'res_7')
------划分值:-0.054,左节点损失:0.000,右节点损失:58.193,总损失:58.193
------划分值:0.444,左节点损失:0.000,右节点损失:0.000,总损失:0.000
('----划分特征：', 'f_7')
------划分值:-2.969,左节点损失:0.000,右节点损失:58.193,总损失:58.193
------划分值:0.404,左节点损失:0.000,右节点损失:0.000,总损失:0.000
('----划分特征：', 'res_8')
------划分值:-0.049,左节点损失:0.000,右节点损失:58.193,总损失:58.193
------划分值:0.400,左节点损失:0.000,右节点损失:0.000,总损失:0.000
('----划分特征：', 'f_8')
------划分值:-3.074,左节点损失:0.000,右节点损失:58.193,总损失:58.193
------划分值:0.571,左节点损失:0.000,右节点损失:0.000,总损失:0.000
('----划分特征：', 'res_9')
------划分值:-0.044,左节点损失:0.000,右节点损失:58.193,总损失:58.193
------划分值:0.361,左节点损失:0.000,右节点损失:0.000,总损失:0.000
('----划分特征：', 'f_9')
------划分值:-3.178,左节点损失:0.000,右节点损失:58.193,总损失:58.193
------划分值:0.727,左节点损失:0.000,右节点损失:0.000,总损失:0.000
('----划分特征：', 'res_10')
------划分值:-0.040,左节点损失:0.000,右节点损失:58.193,总损失:58.193
------划分值:0.326,左节点损失:0.000,右节点损失:0.000,总损失:0.000
('--最佳划分特征：', 'label')
('--最佳划分值：', 1)
('叶子节点预测值：', -1.037531291355648)
('叶子节点预测值：', 1.4165682250560072)
第11棵树: log-likelihood:1.4487
