-----------------------------构建第13颗树-----------------------------
--树的深度：0
('----划分特征：', 1)
------划分值:0.000,左节点损失:0.000,右节点损失:38.741,总损失:38.741
('----划分特征：', 2)
------划分值:0.000,左节点损失:0.000,右节点损失:38.741,总损失:38.741
('----划分特征：', 3)
------划分值:0.000,左节点损失:0.000,右节点损失:38.741,总损失:38.741
('----划分特征：', 4)
------划分值:0.000,左节点损失:0.000,右节点损失:38.741,总损失:38.741
('----划分特征：', 5)
------划分值:0.000,左节点损失:0.000,右节点损失:38.741,总损失:38.741
('----划分特征：', 6)
------划分值:0.000,左节点损失:0.000,右节点损失:38.741,总损失:38.741
('----划分特征：', 7)
------划分值:0.000,左节点损失:0.000,右节点损失:38.741,总损失:38.741
('----划分特征：', 8)
------划分值:0.000,左节点损失:0.000,右节点损失:38.741,总损失:38.741
('----划分特征：', 9)
------划分值:0.000,左节点损失:0.000,右节点损失:38.741,总损失:38.741
('----划分特征：', 10)
------划分值:0.000,左节点损失:0.000,右节点损失:38.741,总损失:38.741
('----划分特征：', 11)
------划分值:0.000,左节点损失:0.000,右节点损失:38.741,总损失:38.741
('----划分特征：', 12)
------划分值:0.000,左节点损失:0.000,右节点损失:38.741,总损失:38.741
('----划分特征：', 13)
------划分值:0.000,左节点损失:0.000,右节点损失:38.741,总损失:38.741
('----划分特征：', 14)
------划分值:0.000,左节点损失:0.000,右节点损失:38.741,总损失:38.741
('----划分特征：', 15)
------划分值:0.000,左节点损失:0.000,右节点损失:38.741,总损失:38.741
('----划分特征：', 16)
------划分值:0.000,左节点损失:0.000,右节点损失:38.741,总损失:38.741
('----划分特征：', 17)
------划分值:0.000,左节点损失:0.000,右节点损失:38.741,总损失:38.741
('----划分特征：', 18)
------划分值:0.000,左节点损失:0.000,右节点损失:38.741,总损失:38.741
('----划分特征：', 19)
------划分值:0.000,左节点损失:0.000,右节点损失:38.741,总损失:38.741
('----划分特征：', 20)
------划分值:0.000,左节点损失:0.000,右节点损失:38.741,总损失:38.741
('----划分特征：', 21)
------划分值:0.000,左节点损失:0.000,右节点损失:38.741,总损失:38.741
('----划分特征：', 22)
------划分值:0.000,左节点损失:0.000,右节点损失:38.741,总损失:38.741
('----划分特征：', 23)
------划分值:0.000,左节点损失:0.000,右节点损失:38.741,总损失:38.741
('----划分特征：', 24)
------划分值:0.000,左节点损失:0.000,右节点损失:38.741,总损失:38.741
('----划分特征：', 25)
------划分值:0.000,左节点损失:0.000,右节点损失:38.741,总损失:38.741
('----划分特征：', 26)
------划分值:0.000,左节点损失:0.000,右节点损失:38.741,总损失:38.741
('----划分特征：', 27)
------划分值:0.000,左节点损失:0.000,右节点损失:38.741,总损失:38.741
('----划分特征：', 28)
------划分值:0.000,左节点损失:0.000,右节点损失:38.741,总损失:38.741
('----划分特征：', 29)
------划分值:0.000,左节点损失:0.000,右节点损失:38.741,总损失:38.741
('----划分特征：', 30)
------划分值:0.000,左节点损失:0.000,右节点损失:38.741,总损失:38.741
('----划分特征：', 31)
------划分值:0.000,左节点损失:0.000,右节点损失:38.741,总损失:38.741
('----划分特征：', 32)
------划分值:0.000,左节点损失:0.000,右节点损失:38.741,总损失:38.741
('----划分特征：', 33)
------划分值:0.000,左节点损失:0.000,右节点损失:38.741,总损失:38.741
('----划分特征：', 34)
------划分值:0.000,左节点损失:0.000,右节点损失:38.741,总损失:38.741
('----划分特征：', 35)
------划分值:0.000,左节点损失:0.000,右节点损失:38.741,总损失:38.741
('----划分特征：', 36)
------划分值:0.000,左节点损失:0.000,右节点损失:38.741,总损失:38.741
------划分值:1.000,左节点损失:38.741,右节点损失:0.000,总损失:38.741
('----划分特征：', 37)
------划分值:0.000,左节点损失:0.000,右节点损失:38.741,总损失:38.741
------划分值:1.000,左节点损失:38.740,右节点损失:0.000,总损失:38.740
('----划分特征：', 38)
------划分值:0.000,左节点损失:0.000,右节点损失:38.741,总损失:38.741
------划分值:1.000,左节点损失:38.741,右节点损失:0.000,总损失:38.741
('----划分特征：', 39)
------划分值:0.000,左节点损失:0.000,右节点损失:38.741,总损失:38.741
------划分值:1.000,左节点损失:38.739,右节点损失:0.000,总损失:38.739
('----划分特征：', 40)
------划分值:0.000,左节点损失:0.000,右节点损失:38.741,总损失:38.741
------划分值:1.000,左节点损失:38.741,右节点损失:0.000,总损失:38.741
('----划分特征：', 41)
------划分值:0.000,左节点损失:0.000,右节点损失:38.741,总损失:38.741
------划分值:1.000,左节点损失:38.740,右节点损失:0.000,总损失:38.740
('----划分特征：', 42)
------划分值:0.000,左节点损失:0.000,右节点损失:38.741,总损失:38.741
------划分值:1.000,左节点损失:38.741,右节点损失:0.000,总损失:38.741
('----划分特征：', 43)
------划分值:0.000,左节点损失:0.000,右节点损失:38.741,总损失:38.741
------划分值:1.000,左节点损失:38.739,右节点损失:0.000,总损失:38.739
('----划分特征：', 44)
------划分值:0.000,左节点损失:0.000,右节点损失:38.741,总损失:38.741
------划分值:1.000,左节点损失:38.737,右节点损失:0.000,总损失:38.737
('----划分特征：', 45)
------划分值:0.000,左节点损失:0.000,右节点损失:38.741,总损失:38.741
------划分值:1.000,左节点损失:38.739,右节点损失:0.000,总损失:38.739
('----划分特征：', 46)
------划分值:0.000,左节点损失:0.000,右节点损失:38.741,总损失:38.741
------划分值:1.000,左节点损失:38.739,右节点损失:0.000,总损失:38.739
('----划分特征：', 47)
------划分值:0.000,左节点损失:0.000,右节点损失:38.741,总损失:38.741
------划分值:1.000,左节点损失:38.741,右节点损失:0.000,总损失:38.741
('----划分特征：', 48)
------划分值:0.000,左节点损失:0.000,右节点损失:38.741,总损失:38.741
------划分值:1.000,左节点损失:38.740,右节点损失:0.000,总损失:38.740
('----划分特征：', 49)
------划分值:0.000,左节点损失:0.000,右节点损失:38.741,总损失:38.741
------划分值:1.000,左节点损失:38.741,右节点损失:0.000,总损失:38.741
('----划分特征：', 50)
------划分值:0.000,左节点损失:0.000,右节点损失:38.741,总损失:38.741
------划分值:1.000,左节点损失:38.741,右节点损失:0.000,总损失:38.741
('----划分特征：', 51)
------划分值:0.000,左节点损失:0.000,右节点损失:38.741,总损失:38.741
('----划分特征：', 52)
------划分值:0.000,左节点损失:0.000,右节点损失:38.741,总损失:38.741
('----划分特征：', 53)
------划分值:0.000,左节点损失:0.000,右节点损失:38.741,总损失:38.741
('----划分特征：', 54)
------划分值:0.000,左节点损失:0.000,右节点损失:38.741,总损失:38.741
('----划分特征：', 55)
------划分值:0.000,左节点损失:0.000,右节点损失:38.741,总损失:38.741
('----划分特征：', 56)
------划分值:0.000,左节点损失:0.000,右节点损失:38.741,总损失:38.741
('----划分特征：', 57)
------划分值:0.000,左节点损失:0.000,右节点损失:38.741,总损失:38.741
('----划分特征：', 58)
------划分值:0.000,左节点损失:0.000,右节点损失:38.741,总损失:38.741
('----划分特征：', 59)
------划分值:0.000,左节点损失:0.000,右节点损失:38.741,总损失:38.741
('----划分特征：', 60)
------划分值:0.000,左节点损失:0.000,右节点损失:38.741,总损失:38.741
('----划分特征：', 61)
------划分值:0.000,左节点损失:0.000,右节点损失:38.741,总损失:38.741
('----划分特征：', 62)
------划分值:0.000,左节点损失:0.000,右节点损失:38.741,总损失:38.741
('----划分特征：', 63)
------划分值:0.000,左节点损失:0.000,右节点损失:38.741,总损失:38.741
('----划分特征：', 64)
------划分值:0.000,左节点损失:0.000,右节点损失:38.741,总损失:38.741
------划分值:1.000,左节点损失:38.739,右节点损失:0.000,总损失:38.739
('----划分特征：', 65)
------划分值:0.000,左节点损失:0.000,右节点损失:38.741,总损失:38.741
------划分值:1.000,左节点损失:38.736,右节点损失:0.000,总损失:38.736
('----划分特征：', 66)
------划分值:0.000,左节点损失:0.000,右节点损失:38.741,总损失:38.741
------划分值:1.000,左节点损失:38.731,右节点损失:0.000,总损失:38.731
('----划分特征：', 67)
------划分值:0.000,左节点损失:0.000,右节点损失:38.741,总损失:38.741
------划分值:1.000,左节点损失:38.726,右节点损失:0.000,总损失:38.726
('----划分特征：', 68)
------划分值:0.000,左节点损失:0.000,右节点损失:38.741,总损失:38.741
------划分值:1.000,左节点损失:38.720,右节点损失:0.000,总损失:38.720
('----划分特征：', 69)
------划分值:0.000,左节点损失:0.000,右节点损失:38.741,总损失:38.741
------划分值:1.000,左节点损失:38.717,右节点损失:0.000,总损失:38.717
('----划分特征：', 70)
------划分值:0.000,左节点损失:0.000,右节点损失:38.741,总损失:38.741
------划分值:1.000,左节点损失:38.699,右节点损失:0.000,总损失:38.699
('----划分特征：', 71)
------划分值:0.000,左节点损失:0.000,右节点损失:38.741,总损失:38.741
------划分值:1.000,左节点损失:38.688,右节点损失:0.000,总损失:38.688
('----划分特征：', 72)
------划分值:0.000,左节点损失:0.000,右节点损失:38.741,总损失:38.741
------划分值:1.000,左节点损失:38.661,右节点损失:0.000,总损失:38.661
('----划分特征：', 73)
------划分值:0.000,左节点损失:0.000,右节点损失:38.741,总损失:38.741
------划分值:1.000,左节点损失:38.660,右节点损失:0.000,总损失:38.660
('----划分特征：', 74)
------划分值:0.000,左节点损失:0.000,右节点损失:38.741,总损失:38.741
------划分值:1.000,左节点损失:38.677,右节点损失:0.000,总损失:38.677
('----划分特征：', 75)
------划分值:0.000,左节点损失:0.000,右节点损失:38.741,总损失:38.741
------划分值:1.000,左节点损失:38.699,右节点损失:0.000,总损失:38.699
('----划分特征：', 76)
------划分值:0.000,左节点损失:0.000,右节点损失:38.741,总损失:38.741
------划分值:1.000,左节点损失:38.723,右节点损失:0.000,总损失:38.723
('----划分特征：', 77)
------划分值:0.000,左节点损失:0.000,右节点损失:38.741,总损失:38.741
------划分值:1.000,左节点损失:38.734,右节点损失:0.000,总损失:38.734
('----划分特征：', 78)
------划分值:0.000,左节点损失:0.000,右节点损失:38.741,总损失:38.741
------划分值:1.000,左节点损失:38.739,右节点损失:0.000,总损失:38.739
('----划分特征：', 79)
------划分值:0.000,左节点损失:0.000,右节点损失:38.741,总损失:38.741
------划分值:1.000,左节点损失:38.741,右节点损失:0.000,总损失:38.741
('----划分特征：', 80)
------划分值:0.000,左节点损失:0.000,右节点损失:38.741,总损失:38.741
('----划分特征：', 81)
------划分值:0.000,左节点损失:0.000,右节点损失:38.741,总损失:38.741
('----划分特征：', 82)
------划分值:0.000,左节点损失:0.000,右节点损失:38.741,总损失:38.741
('----划分特征：', 83)
------划分值:0.000,左节点损失:0.000,右节点损失:38.741,总损失:38.741
('----划分特征：', 84)
------划分值:0.000,左节点损失:0.000,右节点损失:38.741,总损失:38.741
('----划分特征：', 85)
------划分值:0.000,左节点损失:0.000,右节点损失:38.741,总损失:38.741
('----划分特征：', 86)
------划分值:0.000,左节点损失:0.000,右节点损失:38.741,总损失:38.741
('----划分特征：', 87)
------划分值:0.000,左节点损失:0.000,右节点损失:38.741,总损失:38.741
('----划分特征：', 88)
------划分值:0.000,左节点损失:0.000,右节点损失:38.741,总损失:38.741
('----划分特征：', 89)
------划分值:0.000,左节点损失:0.000,右节点损失:38.741,总损失:38.741
------划分值:1.000,左节点损失:38.740,右节点损失:0.000,总损失:38.740
('----划分特征：', 90)
------划分值:0.000,左节点损失:0.000,右节点损失:38.741,总损失:38.741
------划分值:1.000,左节点损失:38.737,右节点损失:0.000,总损失:38.737
('----划分特征：', 91)
------划分值:0.000,左节点损失:0.000,右节点损失:38.741,总损失:38.741
------划分值:1.000,左节点损失:38.736,右节点损失:0.000,总损失:38.736
('----划分特征：', 92)
------划分值:0.000,左节点损失:0.000,右节点损失:38.741,总损失:38.741
------划分值:1.000,左节点损失:38.726,右节点损失:0.000,总损失:38.726
('----划分特征：', 93)
------划分值:0.000,左节点损失:0.000,右节点损失:38.741,总损失:38.741
------划分值:1.000,左节点损失:38.716,右节点损失:0.000,总损失:38.716
('----划分特征：', 94)
------划分值:0.000,左节点损失:0.000,右节点损失:38.741,总损失:38.741
------划分值:1.000,左节点损失:38.689,右节点损失:0.000,总损失:38.689
('----划分特征：', 95)
------划分值:0.000,左节点损失:0.000,右节点损失:38.741,总损失:38.741
------划分值:1.000,左节点损失:38.609,右节点损失:0.072,总损失:38.680
('----划分特征：', 96)
------划分值:0.000,左节点损失:0.000,右节点损失:38.741,总损失:38.741
------划分值:1.000,左节点损失:38.404,右节点损失:0.282,总损失:38.686
('----划分特征：', 97)
------划分值:0.000,左节点损失:0.000,右节点损失:38.741,总损失:38.741
------划分值:1.000,左节点损失:38.193,右节点损失:0.490,总损失:38.683
('----划分特征：', 98)
------划分值:0.000,左节点损失:0.000,右节点损失:38.741,总损失:38.741
------划分值:1.000,左节点损失:37.976,右节点损失:0.697,总损失:38.674
('----划分特征：', 99)
------划分值:0.000,左节点损失:0.000,右节点损失:38.741,总损失:38.741
------划分值:1.000,左节点损失:37.870,右节点损失:0.771,总损失:38.641
('----划分特征：', 100)
------划分值:0.000,左节点损失:0.000,右节点损失:38.741,总损失:38.741
------划分值:1.000,左节点损失:37.950,右节点损失:0.637,总损失:38.588
('----划分特征：', 101)
------划分值:0.000,左节点损失:0.000,右节点损失:38.741,总损失:38.741
------划分值:1.000,左节点损失:38.023,右节点损失:0.567,总损失:38.590
('----划分特征：', 102)
------划分值:0.000,左节点损失:0.000,右节点损失:38.741,总损失:38.741
------划分值:1.000,左节点损失:38.318,右节点损失:0.286,总损失:38.604
('----划分特征：', 103)
------划分值:0.000,左节点损失:0.000,右节点损失:38.741,总损失:38.741
------划分值:1.000,左节点损失:38.319,右节点损失:0.353,总损失:38.672
('----划分特征：', 104)
------划分值:0.000,左节点损失:0.000,右节点损失:38.741,总损失:38.741
------划分值:1.000,左节点损失:38.560,右节点损失:0.142,总损失:38.702
('----划分特征：', 105)
------划分值:0.000,左节点损失:0.000,右节点损失:38.741,总损失:38.741
------划分值:1.000,左节点损失:38.710,右节点损失:0.000,总损失:38.710
('----划分特征：', 106)
------划分值:0.000,左节点损失:0.000,右节点损失:38.741,总损失:38.741
------划分值:1.000,左节点损失:38.729,右节点损失:0.000,总损失:38.729
('----划分特征：', 107)
------划分值:0.000,左节点损失:0.000,右节点损失:38.741,总损失:38.741
------划分值:1.000,左节点损失:38.738,右节点损失:0.000,总损失:38.738
('----划分特征：', 108)
------划分值:0.000,左节点损失:0.000,右节点损失:38.741,总损失:38.741
------划分值:1.000,左节点损失:38.741,右节点损失:0.000,总损失:38.741
('----划分特征：', 109)
------划分值:0.000,左节点损失:0.000,右节点损失:38.741,总损失:38.741
('----划分特征：', 110)
------划分值:0.000,左节点损失:0.000,右节点损失:38.741,总损失:38.741
('----划分特征：', 111)
------划分值:0.000,左节点损失:0.000,右节点损失:38.741,总损失:38.741
('----划分特征：', 112)
------划分值:0.000,左节点损失:0.000,右节点损失:38.741,总损失:38.741
('----划分特征：', 113)
------划分值:0.000,左节点损失:0.000,右节点损失:38.741,总损失:38.741
('----划分特征：', 114)
------划分值:0.000,左节点损失:0.000,右节点损失:38.741,总损失:38.741
('----划分特征：', 115)
------划分值:0.000,左节点损失:0.000,右节点损失:38.741,总损失:38.741
('----划分特征：', 116)
------划分值:0.000,左节点损失:0.000,右节点损失:38.741,总损失:38.741
------划分值:1.000,左节点损失:38.741,右节点损失:0.000,总损失:38.741
('----划分特征：', 117)
------划分值:0.000,左节点损失:0.000,右节点损失:38.741,总损失:38.741
------划分值:1.000,左节点损失:38.736,右节点损失:0.000,总损失:38.736
('----划分特征：', 118)
------划分值:0.000,左节点损失:0.000,右节点损失:38.741,总损失:38.741
------划分值:1.000,左节点损失:38.729,右节点损失:0.000,总损失:38.729
('----划分特征：', 119)
------划分值:0.000,左节点损失:0.000,右节点损失:38.741,总损失:38.741
------划分值:1.000,左节点损失:38.716,右节点损失:0.000,总损失:38.716
('----划分特征：', 120)
------划分值:0.000,左节点损失:0.000,右节点损失:38.741,总损失:38.741
------划分值:1.000,左节点损失:38.683,右节点损失:0.000,总损失:38.683
('----划分特征：', 121)
------划分值:0.000,左节点损失:0.000,右节点损失:38.741,总损失:38.741
------划分值:1.000,左节点损失:38.457,右节点损失:0.214,总损失:38.670
('----划分特征：', 122)
------划分值:0.000,左节点损失:0.000,右节点损失:38.741,总损失:38.741
------划分值:1.000,左节点损失:37.914,右节点损失:0.765,总损失:38.679
('----划分特征：', 123)
------划分值:0.000,左节点损失:0.000,右节点损失:38.741,总损失:38.741
------划分值:1.000,左节点损失:37.000,右节点损失:1.701,总损失:38.702
('----划分特征：', 124)
------划分值:0.000,左节点损失:0.000,右节点损失:38.741,总损失:38.741
------划分值:1.000,左节点损失:34.958,右节点损失:3.783,总损失:38.741
('----划分特征：', 125)
------划分值:0.000,左节点损失:0.000,右节点损失:38.741,总损失:38.741
------划分值:1.000,左节点损失:32.060,右节点损失:6.597,总损失:38.657
('----划分特征：', 126)
------划分值:0.000,左节点损失:0.000,右节点损失:38.741,总损失:38.741
------划分值:1.000,左节点损失:31.169,右节点损失:7.531,总损失:38.699
('----划分特征：', 127)
------划分值:0.000,左节点损失:0.000,右节点损失:38.741,总损失:38.741
------划分值:1.000,左节点损失:29.304,右节点损失:9.324,总损失:38.629
('----划分特征：', 128)
------划分值:0.000,左节点损失:0.000,右节点损失:38.741,总损失:38.741
------划分值:1.000,左节点损失:28.388,右节点损失:10.169,总损失:38.557
('----划分特征：', 129)
------划分值:0.000,左节点损失:0.000,右节点损失:38.741,总损失:38.741
------划分值:1.000,左节点损失:29.223,右节点损失:9.342,总损失:38.565
('----划分特征：', 130)
------划分值:0.000,左节点损失:0.000,右节点损失:38.741,总损失:38.741
------划分值:1.000,左节点损失:30.595,右节点损失:7.941,总损失:38.536
('----划分特征：', 131)
------划分值:0.000,左节点损失:0.000,右节点损失:38.741,总损失:38.741
------划分值:1.000,左节点损失:32.339,右节点损失:6.177,总损失:38.517
('----划分特征：', 132)
------划分值:0.000,左节点损失:0.000,右节点损失:38.741,总损失:38.741
------划分值:1.000,左节点损失:34.554,右节点损失:4.018,总损失:38.572
('----划分特征：', 133)
------划分值:0.000,左节点损失:0.000,右节点损失:38.741,总损失:38.741
------划分值:1.000,左节点损失:36.857,右节点损失:1.834,总损失:38.691
('----划分特征：', 134)
------划分值:0.000,左节点损失:0.000,右节点损失:38.741,总损失:38.741
------划分值:1.000,左节点损失:38.027,右节点损失:0.714,总损失:38.741
('----划分特征：', 135)
------划分值:0.000,左节点损失:0.000,右节点损失:38.741,总损失:38.741
------划分值:1.000,左节点损失:38.592,右节点损失:0.139,总损失:38.731
('----划分特征：', 136)
------划分值:0.000,左节点损失:0.000,右节点损失:38.741,总损失:38.741
------划分值:1.000,左节点损失:38.672,右节点损失:0.068,总损失:38.740
('----划分特征：', 137)
------划分值:0.000,左节点损失:0.000,右节点损失:38.741,总损失:38.741
('----划分特征：', 138)
------划分值:0.000,左节点损失:0.000,右节点损失:38.741,总损失:38.741
('----划分特征：', 139)
------划分值:0.000,左节点损失:0.000,右节点损失:38.741,总损失:38.741
('----划分特征：', 140)
------划分值:0.000,左节点损失:0.000,右节点损失:38.741,总损失:38.741
('----划分特征：', 141)
------划分值:0.000,左节点损失:0.000,右节点损失:38.741,总损失:38.741
('----划分特征：', 142)
------划分值:0.000,左节点损失:0.000,右节点损失:38.741,总损失:38.741
('----划分特征：', 143)
------划分值:0.000,左节点损失:0.000,右节点损失:38.741,总损失:38.741
------划分值:1.000,左节点损失:38.740,右节点损失:0.000,总损失:38.740
('----划分特征：', 144)
------划分值:0.000,左节点损失:0.000,右节点损失:38.741,总损失:38.741
------划分值:1.000,左节点损失:38.735,右节点损失:0.000,总损失:38.735
('----划分特征：', 145)
------划分值:0.000,左节点损失:0.000,右节点损失:38.741,总损失:38.741
------划分值:1.000,左节点损失:38.714,右节点损失:0.000,总损失:38.714
('----划分特征：', 146)
------划分值:0.000,左节点损失:0.000,右节点损失:38.741,总损失:38.741
------划分值:1.000,左节点损失:38.692,右节点损失:0.000,总损失:38.692
('----划分特征：', 147)
------划分值:0.000,左节点损失:0.000,右节点损失:38.741,总损失:38.741
------划分值:1.000,左节点损失:38.581,右节点损失:0.072,总损失:38.653
('----划分特征：', 148)
------划分值:0.000,左节点损失:0.000,右节点损失:38.741,总损失:38.741
------划分值:1.000,左节点损失:38.385,右节点损失:0.215,总损失:38.600
('----划分特征：', 149)
------划分值:0.000,左节点损失:0.000,右节点损失:38.741,总损失:38.741
------划分值:1.000,左节点损失:37.449,右节点损失:1.184,总损失:38.633
('----划分特征：', 150)
------划分值:0.000,左节点损失:0.000,右节点损失:38.741,总损失:38.741
------划分值:1.000,左节点损失:35.836,右节点损失:2.849,总损失:38.685
('----划分特征：', 151)
------划分值:0.000,左节点损失:0.000,右节点损失:38.741,总损失:38.741
------划分值:1.000,左节点损失:32.474,右节点损失:6.267,总损失:38.741
('----划分特征：', 152)
------划分值:0.000,左节点损失:0.000,右节点损失:38.741,总损失:38.741
------划分值:1.000,左节点损失:28.437,右节点损失:10.217,总损失:38.653
('----划分特征：', 153)
------划分值:0.000,左节点损失:0.000,右节点损失:38.741,总损失:38.741
------划分值:1.000,左节点损失:24.394,右节点损失:14.119,总损失:38.513
('----划分特征：', 154)
------划分值:0.000,左节点损失:0.000,右节点损失:38.741,总损失:38.741
------划分值:1.000,左节点损失:19.344,右节点损失:18.762,总损失:38.106
('----划分特征：', 155)
------划分值:0.000,左节点损失:0.000,右节点损失:38.741,总损失:38.741
------划分值:1.000,左节点损失:16.007,右节点损失:21.718,总损失:37.724
('----划分特征：', 156)
------划分值:0.000,左节点损失:0.000,右节点损失:38.741,总损失:38.741
------划分值:1.000,左节点损失:14.664,右节点损失:22.712,总损失:37.376
('----划分特征：', 157)
------划分值:1.000,左节点损失:16.692,右节点损失:20.879,总损失:37.571
------划分值:0.000,左节点损失:0.000,右节点损失:38.741,总损失:38.741
('----划分特征：', 158)
------划分值:1.000,左节点损失:19.692,右节点损失:18.025,总损失:37.718
------划分值:0.000,左节点损失:0.000,右节点损失:38.741,总损失:38.741
('----划分特征：', 159)
------划分值:0.000,左节点损失:0.000,右节点损失:38.741,总损失:38.741
------划分值:1.000,左节点损失:25.197,右节点损失:12.938,总损失:38.135
('----划分特征：', 160)
------划分值:1.000,左节点损失:29.820,右节点损失:8.577,总损失:38.398
------划分值:0.000,左节点损失:0.000,右节点损失:38.741,总损失:38.741
('----划分特征：', 161)
------划分值:1.000,左节点损失:33.827,右节点损失:4.792,总损失:38.619
------划分值:0.000,左节点损失:0.000,右节点损失:38.741,总损失:38.741
('----划分特征：', 162)
------划分值:1.000,左节点损失:36.444,右节点损失:2.279,总损失:38.723
------划分值:0.000,左节点损失:0.000,右节点损失:38.741,总损失:38.741
('----划分特征：', 163)
------划分值:0.000,左节点损失:0.000,右节点损失:38.741,总损失:38.741
------划分值:1.000,左节点损失:37.935,右节点损失:0.802,总损失:38.737
('----划分特征：', 164)
------划分值:0.000,左节点损失:0.000,右节点损失:38.741,总损失:38.741
------划分值:1.000,左节点损失:38.580,右节点损失:0.141,总损失:38.721
('----划分特征：', 165)
------划分值:0.000,左节点损失:0.000,右节点损失:38.741,总损失:38.741
------划分值:1.000,左节点损失:38.731,右节点损失:0.000,总损失:38.731
('----划分特征：', 166)
------划分值:0.000,左节点损失:0.000,右节点损失:38.741,总损失:38.741
------划分值:1.000,左节点损失:38.741,右节点损失:0.000,总损失:38.741
('----划分特征：', 167)
------划分值:0.000,左节点损失:0.000,右节点损失:38.741,总损失:38.741
('----划分特征：', 168)
------划分值:0.000,左节点损失:0.000,右节点损失:38.741,总损失:38.741
('----划分特征：', 169)
------划分值:0.000,左节点损失:0.000,右节点损失:38.741,总损失:38.741
('----划分特征：', 170)
------划分值:0.000,左节点损失:0.000,右节点损失:38.741,总损失:38.741
('----划分特征：', 171)
------划分值:0.000,左节点损失:0.000,右节点损失:38.741,总损失:38.741
------划分值:1.000,左节点损失:38.739,右节点损失:0.000,总损失:38.739
('----划分特征：', 172)
------划分值:0.000,左节点损失:0.000,右节点损失:38.741,总损失:38.741
------划分值:1.000,左节点损失:38.726,右节点损失:0.000,总损失:38.726
('----划分特征：', 173)
------划分值:0.000,左节点损失:0.000,右节点损失:38.741,总损失:38.741
------划分值:1.000,左节点损失:38.639,右节点损失:0.071,总损失:38.710
('----划分特征：', 174)
------划分值:0.000,左节点损失:0.000,右节点损失:38.741,总损失:38.741
------划分值:1.000,左节点损失:38.582,右节点损失:0.072,总损失:38.654
('----划分特征：', 175)
------划分值:0.000,左节点损失:0.000,右节点损失:38.741,总损失:38.741
------划分值:1.000,左节点损失:38.408,右节点损失:0.144,总损失:38.552
('----划分特征：', 176)
------划分值:0.000,左节点损失:0.000,右节点损失:38.741,总损失:38.741
------划分值:1.000,左节点损失:37.285,右节点损失:1.325,总损失:38.610
('----划分特征：', 177)
------划分值:0.000,左节点损失:0.000,右节点损失:38.741,总损失:38.741
------划分值:1.000,左节点损失:34.923,右节点损失:3.772,总损失:38.696
('----划分特征：', 178)
------划分值:0.000,左节点损失:0.000,右节点损失:38.741,总损失:38.741
------划分值:1.000,左节点损失:31.396,右节点损失:7.345,总损失:38.741
('----划分特征：', 179)
------划分值:1.000,左节点损失:26.245,右节点损失:12.393,总损失:38.637
------划分值:0.000,左节点损失:0.000,右节点损失:38.741,总损失:38.741
('----划分特征：', 180)
------划分值:1.000,左节点损失:21.995,右节点损失:16.500,总损失:38.495
------划分值:0.000,左节点损失:0.000,右节点损失:38.741,总损失:38.741
('----划分特征：', 181)
------划分值:1.000,左节点损失:17.124,右节点损失:21.148,总损失:38.272
------划分值:0.000,左节点损失:0.000,右节点损失:38.741,总损失:38.741
('----划分特征：', 182)
------划分值:1.000,左节点损失:12.196,右节点损失:25.675,总损失:37.871
------划分值:0.000,左节点损失:0.000,右节点损失:38.741,总损失:38.741
('----划分特征：', 183)
------划分值:1.000,左节点损失:8.766,右节点损失:28.556,总损失:37.321
------划分值:0.000,左节点损失:0.000,右节点损失:38.741,总损失:38.741
('----划分特征：', 184)
------划分值:1.000,左节点损失:8.236,右节点损失:28.876,总损失:37.112
------划分值:0.000,左节点损失:0.000,右节点损失:38.741,总损失:38.741
('----划分特征：', 185)
------划分值:1.000,左节点损失:9.596,右节点损失:27.491,总损失:37.087
------划分值:0.000,左节点损失:0.000,右节点损失:38.741,总损失:38.741
('----划分特征：', 186)
------划分值:1.000,左节点损失:12.224,右节点损失:24.857,总损失:37.082
------划分值:0.000,左节点损失:0.000,右节点损失:38.741,总损失:38.741
('----划分特征：', 187)
------划分值:1.000,左节点损失:17.433,右节点损失:20.024,总损失:37.457
------划分值:0.000,左节点损失:0.000,右节点损失:38.741,总损失:38.741
('----划分特征：', 188)
------划分值:1.000,左节点损失:23.392,右节点损失:14.413,总损失:37.806
------划分值:0.000,左节点损失:0.000,右节点损失:38.741,总损失:38.741
('----划分特征：', 189)
------划分值:1.000,左节点损失:29.643,右节点损失:8.710,总损失:38.354
------划分值:0.000,左节点损失:0.000,右节点损失:38.741,总损失:38.741
('----划分特征：', 190)
------划分值:1.000,左节点损失:34.181,右节点损失:4.485,总损失:38.666
------划分值:0.000,左节点损失:0.000,右节点损失:38.741,总损失:38.741
('----划分特征：', 191)
------划分值:0.000,左节点损失:0.000,右节点损失:38.741,总损失:38.741
------划分值:1.000,左节点损失:37.212,右节点损失:1.526,总损失:38.738
('----划分特征：', 192)
------划分值:0.000,左节点损失:0.000,右节点损失:38.741,总损失:38.741
------划分值:1.000,左节点损失:38.413,右节点损失:0.282,总损失:38.695
('----划分特征：', 193)
------划分值:0.000,左节点损失:0.000,右节点损失:38.741,总损失:38.741
------划分值:1.000,左节点损失:38.714,右节点损失:0.000,总损失:38.714
('----划分特征：', 194)
------划分值:0.000,左节点损失:0.000,右节点损失:38.741,总损失:38.741
------划分值:1.000,左节点损失:38.737,右节点损失:0.000,总损失:38.737
('----划分特征：', 195)
------划分值:0.000,左节点损失:0.000,右节点损失:38.741,总损失:38.741
------划分值:1.000,左节点损失:38.739,右节点损失:0.000,总损失:38.739
('----划分特征：', 196)
------划分值:0.000,左节点损失:0.000,右节点损失:38.741,总损失:38.741
('----划分特征：', 197)
------划分值:0.000,左节点损失:0.000,右节点损失:38.741,总损失:38.741
------划分值:1.000,左节点损失:38.741,右节点损失:0.000,总损失:38.741
('----划分特征：', 198)
------划分值:0.000,左节点损失:0.000,右节点损失:38.741,总损失:38.741
------划分值:1.000,左节点损失:38.739,右节点损失:0.000,总损失:38.739
('----划分特征：', 199)
------划分值:0.000,左节点损失:0.000,右节点损失:38.741,总损失:38.741
------划分值:1.000,左节点损失:38.734,右节点损失:0.000,总损失:38.734
('----划分特征：', 200)
------划分值:0.000,左节点损失:0.000,右节点损失:38.741,总损失:38.741
------划分值:1.000,左节点损失:38.711,右节点损失:0.000,总损失:38.711
('----划分特征：', 201)
------划分值:0.000,左节点损失:0.000,右节点损失:38.741,总损失:38.741
------划分值:1.000,左节点损失:38.598,右节点损失:0.072,总损失:38.670
('----划分特征：', 202)
------划分值:0.000,左节点损失:0.000,右节点损失:38.741,总损失:38.741
------划分值:1.000,左节点损失:38.523,右节点损失:0.072,总损失:38.595
('----划分特征：', 203)
------划分值:0.000,左节点损失:0.000,右节点损失:38.741,总损失:38.741
------划分值:1.000,左节点损失:37.728,右节点损失:0.847,总损失:38.575
('----划分特征：', 204)
------划分值:1.000,左节点损失:35.697,右节点损失:2.942,总损失:38.638
------划分值:0.000,左节点损失:0.000,右节点损失:38.741,总损失:38.741
('----划分特征：', 205)
------划分值:1.000,左节点损失:31.638,右节点损失:7.101,总损失:38.740
------划分值:0.000,左节点损失:0.000,右节点损失:38.741,总损失:38.741
('----划分特征：', 206)
------划分值:1.000,左节点损失:26.791,右节点损失:11.918,总损失:38.709
------划分值:0.000,左节点损失:0.000,右节点损失:38.741,总损失:38.741
('----划分特征：', 207)
------划分值:1.000,左节点损失:22.130,右节点损失:16.448,总损失:38.579
------划分值:0.000,左节点损失:0.000,右节点损失:38.741,总损失:38.741
('----划分特征：', 208)
------划分值:1.000,左节点损失:16.093,右节点损失:22.113,总损失:38.206
------划分值:0.000,左节点损失:0.000,右节点损失:38.741,总损失:38.741
('----划分特征：', 209)
------划分值:1.000,左节点损失:12.224,右节点损失:25.840,总损失:38.064
------划分值:0.000,左节点损失:0.000,右节点损失:38.741,总损失:38.741
('----划分特征：', 210)
------划分值:1.000,左节点损失:10.117,右节点损失:27.788,总损失:37.905
------划分值:0.000,左节点损失:0.000,右节点损失:38.741,总损失:38.741
('----划分特征：', 211)
------划分值:1.000,左节点损失:8.540,右节点损失:29.044,总损失:37.584
------划分值:0.000,左节点损失:0.000,右节点损失:38.741,总损失:38.741
('----划分特征：', 212)
------划分值:1.000,左节点损失:8.871,右节点损失:28.778,总损失:37.649
------划分值:0.000,左节点损失:0.000,右节点损失:38.741,总损失:38.741
('----划分特征：', 213)
------划分值:1.000,左节点损失:8.290,右节点损失:29.032,总损失:37.323
------划分值:0.000,左节点损失:0.000,右节点损失:38.741,总损失:38.741
('----划分特征：', 214)
------划分值:0.000,左节点损失:0.000,右节点损失:38.741,总损失:38.741
------划分值:1.000,左节点损失:9.594,右节点损失:27.519,总损失:37.113
('----划分特征：', 215)
------划分值:0.000,左节点损失:0.000,右节点损失:38.741,总损失:38.741
------划分值:1.000,左节点损失:12.750,右节点损失:24.441,总损失:37.192
('----划分特征：', 216)
------划分值:0.000,左节点损失:0.000,右节点损失:38.741,总损失:38.741
------划分值:1.000,左节点损失:18.295,右节点损失:19.118,总损失:37.413
('----划分特征：', 217)
------划分值:0.000,左节点损失:0.000,右节点损失:38.741,总损失:38.741
------划分值:1.000,左节点损失:25.294,右节点损失:12.713,总损失:38.006
('----划分特征：', 218)
------划分值:0.000,左节点损失:0.000,右节点损失:38.741,总损失:38.741
------划分值:1.000,左节点损失:31.520,右节点损失:6.962,总损失:38.482
('----划分特征：', 219)
------划分值:0.000,左节点损失:0.000,右节点损失:38.741,总损失:38.741
------划分值:1.000,左节点损失:35.793,右节点损失:2.932,总损失:38.725
('----划分特征：', 220)
------划分值:0.000,左节点损失:0.000,右节点损失:38.741,总损失:38.741
------划分值:1.000,左节点损失:38.034,右节点损失:0.685,总损失:38.719
('----划分特征：', 221)
------划分值:0.000,左节点损失:0.000,右节点损失:38.741,总损失:38.741
------划分值:1.000,左节点损失:38.688,右节点损失:0.000,总损失:38.688
('----划分特征：', 222)
------划分值:0.000,左节点损失:0.000,右节点损失:38.741,总损失:38.741
------划分值:1.000,左节点损失:38.727,右节点损失:0.000,总损失:38.727
('----划分特征：', 223)
------划分值:0.000,左节点损失:0.000,右节点损失:38.741,总损失:38.741
------划分值:1.000,左节点损失:38.741,右节点损失:0.000,总损失:38.741
('----划分特征：', 224)
------划分值:0.000,左节点损失:0.000,右节点损失:38.741,总损失:38.741
------划分值:1.000,左节点损失:38.741,右节点损失:0.000,总损失:38.741
('----划分特征：', 225)
------划分值:0.000,左节点损失:0.000,右节点损失:38.741,总损失:38.741
------划分值:1.000,左节点损失:38.739,右节点损失:0.000,总损失:38.739
('----划分特征：', 226)
------划分值:0.000,左节点损失:0.000,右节点损失:38.741,总损失:38.741
------划分值:1.000,左节点损失:38.739,右节点损失:0.000,总损失:38.739
('----划分特征：', 227)
------划分值:0.000,左节点损失:0.000,右节点损失:38.741,总损失:38.741
------划分值:1.000,左节点损失:38.724,右节点损失:0.000,总损失:38.724
('----划分特征：', 228)
------划分值:0.000,左节点损失:0.000,右节点损失:38.741,总损失:38.741
------划分值:1.000,左节点损失:38.685,右节点损失:0.000,总损失:38.685
('----划分特征：', 229)
------划分值:0.000,左节点损失:0.000,右节点损失:38.741,总损失:38.741
------划分值:1.000,左节点损失:38.496,右节点损失:0.144,总损失:38.640
('----划分特征：', 230)
------划分值:0.000,左节点损失:0.000,右节点损失:38.741,总损失:38.741
------划分值:1.000,左节点损失:38.095,右节点损失:0.497,总损失:38.592
('----划分特征：', 231)
------划分值:0.000,左节点损失:0.000,右节点损失:38.741,总损失:38.741
------划分值:1.000,左节点损失:36.547,右节点损失:2.072,总损失:38.619
('----划分特征：', 232)
------划分值:1.000,左节点损失:32.737,右节点损失:6.000,总损失:38.737
------划分值:0.000,左节点损失:0.000,右节点损失:38.741,总损失:38.741
('----划分特征：', 233)
------划分值:1.000,左节点损失:28.076,右节点损失:10.642,总损失:38.717
------划分值:0.000,左节点损失:0.000,右节点损失:38.741,总损失:38.741
('----划分特征：', 234)
------划分值:1.000,左节点损失:21.721,右节点损失:16.793,总损失:38.515
------划分值:0.000,左节点损失:0.000,右节点损失:38.741,总损失:38.741
('----划分特征：', 235)
------划分值:1.000,左节点损失:16.548,右节点损失:21.679,总损失:38.227
------划分值:0.000,左节点损失:0.000,右节点损失:38.741,总损失:38.741
('----划分特征：', 236)
------划分值:1.000,左节点损失:12.834,右节点损失:25.182,总损失:38.016
------划分值:0.000,左节点损失:0.000,右节点损失:38.741,总损失:38.741
('----划分特征：', 237)
------划分值:1.000,左节点损失:11.645,右节点损失:26.321,总损失:37.966
------划分值:0.000,左节点损失:0.000,右节点损失:38.741,总损失:38.741
('----划分特征：', 238)
------划分值:1.000,左节点损失:11.849,右节点损失:26.096,总损失:37.945
------划分值:0.000,左节点损失:0.000,右节点损失:38.741,总损失:38.741
('----划分特征：', 239)
------划分值:1.000,左节点损失:13.787,右节点损失:24.399,总损失:38.186
------划分值:0.000,左节点损失:0.000,右节点损失:38.741,总损失:38.741
('----划分特征：', 240)
------划分值:1.000,左节点损失:15.288,右节点损失:23.124,总损失:38.412
------划分值:0.000,左节点损失:0.000,右节点损失:38.741,总损失:38.741
('----划分特征：', 241)
------划分值:1.000,左节点损失:14.404,右节点损失:23.915,总损失:38.319
------划分值:0.000,左节点损失:0.000,右节点损失:38.741,总损失:38.741
('----划分特征：', 242)
------划分值:0.000,左节点损失:0.000,右节点损失:38.741,总损失:38.741
------划分值:1.000,左节点损失:12.006,右节点损失:25.803,总损失:37.809
('----划分特征：', 243)
------划分值:0.000,左节点损失:0.000,右节点损失:38.741,总损失:38.741
------划分值:1.000,左节点损失:11.868,右节点损失:25.446,总损失:37.314
('----划分特征：', 244)
------划分值:0.000,左节点损失:0.000,右节点损失:38.741,总损失:38.741
------划分值:1.000,左节点损失:14.319,右节点损失:22.498,总损失:36.817
('----划分特征：', 245)
------划分值:0.000,左节点损失:0.000,右节点损失:38.741,总损失:38.741
------划分值:1.000,左节点损失:21.060,右节点损失:16.251,总损失:37.311
('----划分特征：', 246)
------划分值:0.000,左节点损失:0.000,右节点损失:38.741,总损失:38.741
------划分值:1.000,左节点损失:27.968,右节点损失:9.861,总损失:37.829
('----划分特征：', 247)
------划分值:0.000,左节点损失:0.000,右节点损失:38.741,总损失:38.741
------划分值:1.000,左节点损失:34.243,右节点损失:4.307,总损失:38.551
('----划分特征：', 248)
------划分值:0.000,左节点损失:0.000,右节点损失:38.741,总损失:38.741
------划分值:1.000,左节点损失:37.684,右节点损失:1.057,总损失:38.740
('----划分特征：', 249)
------划分值:0.000,左节点损失:0.000,右节点损失:38.741,总损失:38.741
------划分值:1.000,左节点损失:38.693,右节点损失:0.000,总损失:38.693
('----划分特征：', 250)
------划分值:0.000,左节点损失:0.000,右节点损失:38.741,总损失:38.741
------划分值:1.000,左节点损失:38.734,右节点损失:0.000,总损失:38.734
('----划分特征：', 251)
------划分值:0.000,左节点损失:0.000,右节点损失:38.741,总损失:38.741
------划分值:1.000,左节点损失:38.741,右节点损失:0.000,总损失:38.741
('----划分特征：', 252)
------划分值:0.000,左节点损失:0.000,右节点损失:38.741,总损失:38.741
('----划分特征：', 253)
------划分值:0.000,左节点损失:0.000,右节点损失:38.741,总损失:38.741
------划分值:1.000,左节点损失:38.740,右节点损失:0.000,总损失:38.740
('----划分特征：', 254)
------划分值:0.000,左节点损失:0.000,右节点损失:38.741,总损失:38.741
------划分值:1.000,左节点损失:38.734,右节点损失:0.000,总损失:38.734
('----划分特征：', 255)
------划分值:0.000,左节点损失:0.000,右节点损失:38.741,总损失:38.741
------划分值:1.000,左节点损失:38.719,右节点损失:0.000,总损失:38.719
('----划分特征：', 256)
------划分值:0.000,左节点损失:0.000,右节点损失:38.741,总损失:38.741
------划分值:1.000,左节点损失:38.677,右节点损失:0.000,总损失:38.677
('----划分特征：', 257)
------划分值:0.000,左节点损失:0.000,右节点损失:38.741,总损失:38.741
------划分值:1.000,左节点损失:38.464,右节点损失:0.144,总损失:38.608
('----划分特征：', 258)
------划分值:0.000,左节点损失:0.000,右节点损失:38.741,总损失:38.741
------划分值:1.000,左节点损失:36.925,右节点损失:1.771,总损失:38.697
('----划分特征：', 259)
------划分值:0.000,左节点损失:0.000,右节点损失:38.741,总损失:38.741
------划分值:1.000,左节点损失:34.071,右节点损失:4.670,总损失:38.740
('----划分特征：', 260)
------划分值:0.000,左节点损失:0.000,右节点损失:38.741,总损失:38.741
------划分值:1.000,左节点损失:29.431,右节点损失:9.258,总损失:38.689
('----划分特征：', 261)
------划分值:1.000,左节点损失:23.382,右节点损失:15.081,总损失:38.463
------划分值:0.000,左节点损失:0.000,右节点损失:38.741,总损失:38.741
('----划分特征：', 262)
------划分值:0.000,左节点损失:0.000,右节点损失:38.741,总损失:38.741
------划分值:1.000,左节点损失:16.926,右节点损失:21.132,总损失:38.058
('----划分特征：', 263)
------划分值:1.000,左节点损失:12.434,右节点损失:25.190,总损失:37.624
------划分值:0.000,左节点损失:0.000,右节点损失:38.741,总损失:38.741
('----划分特征：', 264)
------划分值:1.000,左节点损失:12.482,右节点损失:25.271,总损失:37.753
------划分值:0.000,左节点损失:0.000,右节点损失:38.741,总损失:38.741
('----划分特征：', 265)
------划分值:1.000,左节点损失:13.745,右节点损失:24.025,总损失:37.770
------划分值:0.000,左节点损失:0.000,右节点损失:38.741,总损失:38.741
('----划分特征：', 266)
------划分值:0.000,左节点损失:0.000,右节点损失:38.741,总损失:38.741
------划分值:1.000,左节点损失:18.210,右节点损失:20.142,总损失:38.351
('----划分特征：', 267)
------划分值:0.000,左节点损失:0.000,右节点损失:38.741,总损失:38.741
------划分值:1.000,左节点损失:21.417,右节点损失:17.223,总损失:38.640
('----划分特征：', 268)
------划分值:0.000,左节点损失:0.000,右节点损失:38.741,总损失:38.741
------划分值:1.000,左节点损失:22.754,右节点损失:15.985,总损失:38.739
('----划分特征：', 269)
------划分值:1.000,左节点损失:21.417,右节点损失:17.324,总损失:38.741
------划分值:0.000,左节点损失:0.000,右节点损失:38.741,总损失:38.741
('----划分特征：', 270)
------划分值:0.000,左节点损失:0.000,右节点损失:38.741,总损失:38.741
------划分值:1.000,左节点损失:18.315,右节点损失:20.289,总损失:38.604
('----划分特征：', 271)
------划分值:0.000,左节点损失:0.000,右节点损失:38.741,总损失:38.741
------划分值:1.000,左节点损失:13.444,右节点损失:24.108,总损失:37.553
('----划分特征：', 272)
------划分值:0.000,左节点损失:0.000,右节点损失:38.741,总损失:38.741
------划分值:1.000,左节点损失:13.139,右节点损失:23.329,总损失:36.469
('----划分特征：', 273)
------划分值:0.000,左节点损失:0.000,右节点损失:38.741,总损失:38.741
------划分值:1.000,左节点损失:16.844,右节点损失:18.891,总损失:35.735
('----划分特征：', 274)
------划分值:0.000,左节点损失:0.000,右节点损失:38.741,总损失:38.741
------划分值:1.000,左节点损失:24.016,右节点损失:12.103,总损失:36.119
('----划分特征：', 275)
------划分值:0.000,左节点损失:0.000,右节点损失:38.741,总损失:38.741
------划分值:1.000,左节点损失:32.859,右节点损失:4.979,总损失:37.837
('----划分特征：', 276)
------划分值:0.000,左节点损失:0.000,右节点损失:38.741,总损失:38.741
------划分值:1.000,左节点损失:37.131,右节点损失:1.516,总损失:38.647
('----划分特征：', 277)
------划分值:0.000,左节点损失:0.000,右节点损失:38.741,总损失:38.741
------划分值:1.000,左节点损失:38.716,右节点损失:0.000,总损失:38.716
('----划分特征：', 278)
------划分值:0.000,左节点损失:0.000,右节点损失:38.741,总损失:38.741
------划分值:1.000,左节点损失:38.739,右节点损失:0.000,总损失:38.739
('----划分特征：', 279)
------划分值:0.000,左节点损失:0.000,右节点损失:38.741,总损失:38.741
('----划分特征：', 280)
------划分值:0.000,左节点损失:0.000,右节点损失:38.741,总损失:38.741
('----划分特征：', 281)
------划分值:0.000,左节点损失:0.000,右节点损失:38.741,总损失:38.741
------划分值:1.000,左节点损失:38.739,右节点损失:0.000,总损失:38.739
('----划分特征：', 282)
------划分值:0.000,左节点损失:0.000,右节点损失:38.741,总损失:38.741
------划分值:1.000,左节点损失:38.736,右节点损失:0.000,总损失:38.736
('----划分特征：', 283)
------划分值:0.000,左节点损失:0.000,右节点损失:38.741,总损失:38.741
------划分值:1.000,左节点损失:38.718,右节点损失:0.000,总损失:38.718
('----划分特征：', 284)
------划分值:0.000,左节点损失:0.000,右节点损失:38.741,总损失:38.741
------划分值:1.000,左节点损失:38.672,右节点损失:0.000,总损失:38.672
('----划分特征：', 285)
------划分值:0.000,左节点损失:0.000,右节点损失:38.741,总损失:38.741
------划分值:1.000,左节点损失:38.052,右节点损失:0.628,总损失:38.680
('----划分特征：', 286)
------划分值:0.000,左节点损失:0.000,右节点损失:38.741,总损失:38.741
------划分值:1.000,左节点损失:35.512,右节点损失:3.223,总损失:38.735
('----划分特征：', 287)
------划分值:0.000,左节点损失:0.000,右节点损失:38.741,总损失:38.741
------划分值:1.000,左节点损失:30.981,右节点损失:7.556,总损失:38.537
('----划分特征：', 288)
------划分值:0.000,左节点损失:0.000,右节点损失:38.741,总损失:38.741
------划分值:1.000,左节点损失:24.971,右节点损失:13.270,总损失:38.241
('----划分特征：', 289)
------划分值:0.000,左节点损失:0.000,右节点损失:38.741,总损失:38.741
------划分值:1.000,左节点损失:17.685,右节点损失:19.859,总损失:37.544
('----划分特征：', 290)
------划分值:0.000,左节点损失:0.000,右节点损失:38.741,总损失:38.741
------划分值:1.000,左节点损失:13.013,右节点损失:24.234,总损失:37.246
('----划分特征：', 291)
------划分值:1.000,左节点损失:13.375,右节点损失:24.201,总损失:37.576
------划分值:0.000,左节点损失:0.000,右节点损失:38.741,总损失:38.741
('----划分特征：', 292)
------划分值:1.000,左节点损失:15.350,右节点损失:22.340,总损失:37.691
------划分值:0.000,左节点损失:0.000,右节点损失:38.741,总损失:38.741
('----划分特征：', 293)
------划分值:0.000,左节点损失:0.000,右节点损失:38.741,总损失:38.741
------划分值:1.000,左节点损失:19.772,右节点损失:18.433,总损失:38.205
('----划分特征：', 294)
------划分值:0.000,左节点损失:0.000,右节点损失:38.741,总损失:38.741
------划分值:1.000,左节点损失:24.364,右节点损失:14.266,总损失:38.630
('----划分特征：', 295)
------划分值:0.000,左节点损失:0.000,右节点损失:38.741,总损失:38.741
------划分值:1.000,左节点损失:27.684,右节点损失:11.021,总损失:38.706
('----划分特征：', 296)
------划分值:0.000,左节点损失:0.000,右节点损失:38.741,总损失:38.741
------划分值:1.000,左节点损失:29.116,右节点损失:9.317,总损失:38.433
('----划分特征：', 297)
------划分值:0.000,左节点损失:0.000,右节点损失:38.741,总损失:38.741
------划分值:1.000,左节点损失:27.125,右节点损失:11.311,总损失:38.436
('----划分特征：', 298)
------划分值:0.000,左节点损失:0.000,右节点损失:38.741,总损失:38.741
------划分值:1.000,左节点损失:23.266,右节点损失:15.467,总损失:38.733
('----划分特征：', 299)
------划分值:0.000,左节点损失:0.000,右节点损失:38.741,总损失:38.741
------划分值:1.000,左节点损失:17.278,右节点损失:20.929,总损失:38.207
('----划分特征：', 300)
------划分值:0.000,左节点损失:0.000,右节点损失:38.741,总损失:38.741
------划分值:1.000,左节点损失:13.094,右节点损失:22.974,总损失:36.068
('----划分特征：', 301)
------划分值:0.000,左节点损失:0.000,右节点损失:38.741,总损失:38.741
------划分值:1.000,左节点损失:15.432,右节点损失:18.851,总损失:34.282
('----划分特征：', 302)
------划分值:0.000,左节点损失:0.000,右节点损失:38.741,总损失:38.741
------划分值:1.000,左节点损失:21.387,右节点损失:12.030,总损失:33.417
('----划分特征：', 303)
------划分值:0.000,左节点损失:0.000,右节点损失:38.741,总损失:38.741
------划分值:1.000,左节点损失:30.103,右节点损失:5.044,总损失:35.147
('----划分特征：', 304)
------划分值:0.000,左节点损失:0.000,右节点损失:38.741,总损失:38.741
------划分值:1.000,左节点损失:36.876,右节点损失:1.295,总损失:38.171
('----划分特征：', 305)
------划分值:0.000,左节点损失:0.000,右节点损失:38.741,总损失:38.741
------划分值:1.000,左节点损失:38.731,右节点损失:0.000,总损失:38.731
('----划分特征：', 306)
------划分值:0.000,左节点损失:0.000,右节点损失:38.741,总损失:38.741
------划分值:1.000,左节点损失:38.741,右节点损失:0.000,总损失:38.741
('----划分特征：', 307)
------划分值:0.000,左节点损失:0.000,右节点损失:38.741,总损失:38.741
('----划分特征：', 308)
------划分值:0.000,左节点损失:0.000,右节点损失:38.741,总损失:38.741
('----划分特征：', 309)
------划分值:0.000,左节点损失:0.000,右节点损失:38.741,总损失:38.741
------划分值:1.000,左节点损失:38.741,右节点损失:0.000,总损失:38.741
('----划分特征：', 310)
------划分值:0.000,左节点损失:0.000,右节点损失:38.741,总损失:38.741
------划分值:1.000,左节点损失:38.733,右节点损失:0.000,总损失:38.733
('----划分特征：', 311)
------划分值:0.000,左节点损失:0.000,右节点损失:38.741,总损失:38.741
------划分值:1.000,左节点损失:38.719,右节点损失:0.000,总损失:38.719
('----划分特征：', 312)
------划分值:0.000,左节点损失:0.000,右节点损失:38.741,总损失:38.741
------划分值:1.000,左节点损失:38.683,右节点损失:0.000,总损失:38.683
('----划分特征：', 313)
------划分值:0.000,左节点损失:0.000,右节点损失:38.741,总损失:38.741
------划分值:1.000,左节点损失:37.297,右节点损失:1.444,总损失:38.741
('----划分特征：', 314)
------划分值:0.000,左节点损失:0.000,右节点损失:38.741,总损失:38.741
------划分值:1.000,左节点损失:33.500,右节点损失:4.990,总损失:38.490
('----划分特征：', 315)
------划分值:0.000,左节点损失:0.000,右节点损失:38.741,总损失:38.741
------划分值:1.000,左节点损失:27.387,右节点损失:10.466,总损失:37.852
('----划分特征：', 316)
------划分值:0.000,左节点损失:0.000,右节点损失:38.741,总损失:38.741
------划分值:1.000,左节点损失:20.537,右节点损失:16.775,总损失:37.312
('----划分特征：', 317)
------划分值:0.000,左节点损失:0.000,右节点损失:38.741,总损失:38.741
------划分值:1.000,左节点损失:14.317,右节点损失:22.527,总损失:36.844
('----划分特征：', 318)
------划分值:0.000,左节点损失:0.000,右节点损失:38.741,总损失:38.741
------划分值:1.000,左节点损失:13.014,右节点损失:24.223,总损失:37.236
('----划分特征：', 319)
------划分值:1.000,左节点损失:15.545,右节点损失:22.172,总损失:37.717
------划分值:0.000,左节点损失:0.000,右节点损失:38.741,总损失:38.741
('----划分特征：', 320)
------划分值:1.000,左节点损失:21.085,右节点损失:17.277,总损失:38.362
------划分值:0.000,左节点损失:0.000,右节点损失:38.741,总损失:38.741
('----划分特征：', 321)
------划分值:1.000,左节点损失:25.600,右节点损失:13.083,总损失:38.683
------划分值:0.000,左节点损失:0.000,右节点损失:38.741,总损失:38.741
('----划分特征：', 322)
------划分值:0.000,左节点损失:0.000,右节点损失:38.741,总损失:38.741
------划分值:1.000,左节点损失:30.238,右节点损失:8.365,总损失:38.603
('----划分特征：', 323)
------划分值:0.000,左节点损失:0.000,右节点损失:38.741,总损失:38.741
------划分值:1.000,左节点损失:32.804,右节点损失:5.168,总损失:37.972
('----划分特征：', 324)
------划分值:0.000,左节点损失:0.000,右节点损失:38.741,总损失:38.741
------划分值:1.000,左节点损失:32.896,右节点损失:4.649,总损失:37.544
('----划分特征：', 325)
------划分值:0.000,左节点损失:0.000,右节点损失:38.741,总损失:38.741
------划分值:1.000,左节点损失:31.419,右节点损失:6.030,总损失:37.449
('----划分特征：', 326)
------划分值:0.000,左节点损失:0.000,右节点损失:38.741,总损失:38.741
------划分值:1.000,左节点损失:28.107,右节点损失:10.170,总损失:38.277
('----划分特征：', 327)
------划分值:0.000,左节点损失:0.000,右节点损失:38.741,总损失:38.741
------划分值:1.000,左节点损失:21.181,右节点损失:17.436,总损失:38.617
('----划分特征：', 328)
------划分值:0.000,左节点损失:0.000,右节点损失:38.741,总损失:38.741
------划分值:1.000,左节点损失:15.292,右节点损失:20.916,总损失:36.207
('----划分特征：', 329)
------划分值:0.000,左节点损失:0.000,右节点损失:38.741,总损失:38.741
------划分值:1.000,左节点损失:14.402,右节点损失:17.615,总损失:32.017
('----划分特征：', 330)
------划分值:0.000,左节点损失:0.000,右节点损失:38.741,总损失:38.741
------划分值:1.000,左节点损失:18.690,右节点损失:10.690,总损失:29.380
('----划分特征：', 331)
------划分值:0.000,左节点损失:0.000,右节点损失:38.741,总损失:38.741
------划分值:1.000,左节点损失:28.388,右节点损失:4.178,总损失:32.566
('----划分特征：', 332)
------划分值:0.000,左节点损失:0.000,右节点损失:38.741,总损失:38.741
------划分值:1.000,左节点损失:36.167,右节点损失:1.332,总损失:37.499
('----划分特征：', 333)
------划分值:0.000,左节点损失:0.000,右节点损失:38.741,总损失:38.741
------划分值:1.000,左节点损失:38.736,右节点损失:0.000,总损失:38.736
('----划分特征：', 334)
------划分值:0.000,左节点损失:0.000,右节点损失:38.741,总损失:38.741
------划分值:1.000,左节点损失:38.682,右节点损失:0.036,总损失:38.718
('----划分特征：', 335)
------划分值:0.000,左节点损失:0.000,右节点损失:38.741,总损失:38.741
('----划分特征：', 336)
------划分值:0.000,左节点损失:0.000,右节点损失:38.741,总损失:38.741
('----划分特征：', 337)
------划分值:0.000,左节点损失:0.000,右节点损失:38.741,总损失:38.741
------划分值:1.000,左节点损失:38.741,右节点损失:0.000,总损失:38.741
('----划分特征：', 338)
------划分值:0.000,左节点损失:0.000,右节点损失:38.741,总损失:38.741
------划分值:1.000,左节点损失:38.736,右节点损失:0.000,总损失:38.736
('----划分特征：', 339)
------划分值:0.000,左节点损失:0.000,右节点损失:38.741,总损失:38.741
------划分值:1.000,左节点损失:38.727,右节点损失:0.000,总损失:38.727
('----划分特征：', 340)
------划分值:0.000,左节点损失:0.000,右节点损失:38.741,总损失:38.741
------划分值:1.000,左节点损失:38.630,右节点损失:0.072,总损失:38.702
('----划分特征：', 341)
------划分值:0.000,左节点损失:0.000,右节点损失:38.741,总损失:38.741
------划分值:1.000,左节点损失:36.072,右节点损失:2.520,总损失:38.592
('----划分特征：', 342)
------划分值:0.000,左节点损失:0.000,右节点损失:38.741,总损失:38.741
------划分值:1.000,左节点损失:30.304,右节点损失:7.199,总损失:37.504
('----划分特征：', 343)
------划分值:0.000,左节点损失:0.000,右节点损失:38.741,总损失:38.741
------划分值:1.000,左节点损失:23.068,右节点损失:13.672,总损失:36.741
('----划分特征：', 344)
------划分值:0.000,左节点损失:0.000,右节点损失:38.741,总损失:38.741
------划分值:1.000,左节点损失:15.306,右节点损失:20.624,总损失:35.931
('----划分特征：', 345)
------划分值:0.000,左节点损失:0.000,右节点损失:38.741,总损失:38.741
------划分值:1.000,左节点损失:11.999,右节点损失:24.437,总损失:36.436
('----划分特征：', 346)
------划分值:0.000,左节点损失:0.000,右节点损失:38.741,总损失:38.741
------划分值:1.000,左节点损失:14.188,右节点损失:23.280,总损失:37.468
('----划分特征：', 347)
------划分值:0.000,左节点损失:0.000,右节点损失:38.741,总损失:38.741
------划分值:1.000,左节点损失:19.891,右节点损失:18.509,总损失:38.400
('----划分特征：', 348)
------划分值:1.000,左节点损失:26.310,右节点损失:12.431,总损失:38.741
------划分值:0.000,左节点损失:0.000,右节点损失:38.741,总损失:38.741
('----划分特征：', 349)
------划分值:1.000,左节点损失:30.535,右节点损失:7.959,总损失:38.494
------划分值:0.000,左节点损失:0.000,右节点损失:38.741,总损失:38.741
('----划分特征：', 350)
------划分值:0.000,左节点损失:0.000,右节点损失:38.741,总损失:38.741
------划分值:1.000,左节点损失:33.264,右节点损失:4.434,总损失:37.698
('----划分特征：', 351)
------划分值:0.000,左节点损失:0.000,右节点损失:38.741,总损失:38.741
------划分值:1.000,左节点损失:34.268,右节点损失:2.573,总损失:36.841
('----划分特征：', 352)
------划分值:0.000,左节点损失:0.000,右节点损失:38.741,总损失:38.741
------划分值:1.000,左节点损失:34.025,右节点损失:2.082,总损失:36.108
('----划分特征：', 353)
------划分值:0.000,左节点损失:0.000,右节点损失:38.741,总损失:38.741
------划分值:1.000,左节点损失:32.751,右节点损失:3.634,总损失:36.385
('----划分特征：', 354)
------划分值:0.000,左节点损失:0.000,右节点损失:38.741,总损失:38.741
------划分值:1.000,左节点损失:28.942,右节点损失:9.031,总损失:37.973
('----划分特征：', 355)
------划分值:0.000,左节点损失:0.000,右节点损失:38.741,总损失:38.741
------划分值:1.000,左节点损失:24.012,右节点损失:14.711,总损失:38.723
('----划分特征：', 356)
------划分值:0.000,左节点损失:0.000,右节点损失:38.741,总损失:38.741
------划分值:1.000,左节点损失:16.110,右节点损失:19.710,总损失:35.819
('----划分特征：', 357)
------划分值:0.000,左节点损失:0.000,右节点损失:38.741,总损失:38.741
------划分值:1.000,左节点损失:14.217,右节点损失:16.290,总损失:30.507
('----划分特征：', 358)
------划分值:0.000,左节点损失:0.000,右节点损失:38.741,总损失:38.741
------划分值:1.000,左节点损失:18.175,右节点损失:9.467,总损失:27.642
('----划分特征：', 359)
------划分值:0.000,左节点损失:0.000,右节点损失:38.741,总损失:38.741
------划分值:1.000,左节点损失:27.203,右节点损失:4.009,总损失:31.212
('----划分特征：', 360)
------划分值:0.000,左节点损失:0.000,右节点损失:38.741,总损失:38.741
------划分值:1.000,左节点损失:35.383,右节点损失:1.694,总损失:37.077
('----划分特征：', 361)
------划分值:0.000,左节点损失:0.000,右节点损失:38.741,总损失:38.741
------划分值:1.000,左节点损失:38.737,右节点损失:0.000,总损失:38.737
('----划分特征：', 362)
------划分值:0.000,左节点损失:0.000,右节点损失:38.741,总损失:38.741
------划分值:1.000,左节点损失:38.681,右节点损失:0.048,总损失:38.729
('----划分特征：', 363)
------划分值:0.000,左节点损失:0.000,右节点损失:38.741,总损失:38.741
('----划分特征：', 364)
------划分值:0.000,左节点损失:0.000,右节点损失:38.741,总损失:38.741
('----划分特征：', 365)
------划分值:0.000,左节点损失:0.000,右节点损失:38.741,总损失:38.741
------划分值:1.000,左节点损失:38.741,右节点损失:0.000,总损失:38.741
('----划分特征：', 366)
------划分值:0.000,左节点损失:0.000,右节点损失:38.741,总损失:38.741
------划分值:1.000,左节点损失:38.739,右节点损失:0.000,总损失:38.739
('----划分特征：', 367)
------划分值:0.000,左节点损失:0.000,右节点损失:38.741,总损失:38.741
------划分值:1.000,左节点损失:38.734,右节点损失:0.000,总损失:38.734
('----划分特征：', 368)
------划分值:0.000,左节点损失:0.000,右节点损失:38.741,总损失:38.741
------划分值:1.000,左节点损失:38.407,右节点损失:0.333,总损失:38.740
('----划分特征：', 369)
------划分值:0.000,左节点损失:0.000,右节点损失:38.741,总损失:38.741
------划分值:1.000,左节点损失:34.347,右节点损失:3.653,总损失:38.000
('----划分特征：', 370)
------划分值:0.000,左节点损失:0.000,右节点损失:38.741,总损失:38.741
------划分值:1.000,左节点损失:26.773,右节点损失:9.406,总损失:36.180
('----划分特征：', 371)
------划分值:0.000,左节点损失:0.000,右节点损失:38.741,总损失:38.741
------划分值:1.000,左节点损失:18.713,右节点损失:16.553,总损失:35.265
('----划分特征：', 372)
------划分值:0.000,左节点损失:0.000,右节点损失:38.741,总损失:38.741
------划分值:1.000,左节点损失:12.986,右节点损失:22.416,总损失:35.402
('----划分特征：', 373)
------划分值:0.000,左节点损失:0.000,右节点损失:38.741,总损失:38.741
------划分值:1.000,左节点损失:12.914,右节点损失:23.917,总损失:36.831
('----划分特征：', 374)
------划分值:0.000,左节点损失:0.000,右节点损失:38.741,总损失:38.741
------划分值:1.000,左节点损失:17.800,右节点损失:20.420,总损失:38.220
('----划分特征：', 375)
------划分值:0.000,左节点损失:0.000,右节点损失:38.741,总损失:38.741
------划分值:1.000,左节点损失:25.210,右节点损失:13.529,总损失:38.739
('----划分特征：', 376)
------划分值:0.000,左节点损失:0.000,右节点损失:38.741,总损失:38.741
------划分值:1.000,左节点损失:30.391,右节点损失:7.947,总损失:38.338
('----划分特征：', 377)
------划分值:1.000,左节点损失:33.816,右节点损失:3.341,总损失:37.157
------划分值:0.000,左节点损失:0.000,右节点损失:38.741,总损失:38.741
('----划分特征：', 378)
------划分值:1.000,左节点损失:34.507,右节点损失:1.512,总损失:36.020
------划分值:0.000,左节点损失:0.000,右节点损失:38.741,总损失:38.741
('----划分特征：', 379)
------划分值:1.000,左节点损失:34.373,右节点损失:0.651,总损失:35.025
------划分值:0.000,左节点损失:0.000,右节点损失:38.741,总损失:38.741
('----划分特征：', 380)
------划分值:0.000,左节点损失:0.000,右节点损失:38.741,总损失:38.741
------划分值:1.000,左节点损失:33.698,右节点损失:0.868,总损失:34.565
('----划分特征：', 381)
------划分值:0.000,左节点损失:0.000,右节点损失:38.741,总损失:38.741
------划分值:1.000,左节点损失:32.529,右节点损失:3.077,总损失:35.607
('----划分特征：', 382)
------划分值:0.000,左节点损失:0.000,右节点损失:38.741,总损失:38.741
------划分值:1.000,左节点损失:29.706,右节点损失:8.048,总损失:37.754
('----划分特征：', 383)
------划分值:0.000,左节点损失:0.000,右节点损失:38.741,总损失:38.741
------划分值:1.000,左节点损失:24.265,右节点损失:14.436,总损失:38.701
('----划分特征：', 384)
------划分值:0.000,左节点损失:0.000,右节点损失:38.741,总损失:38.741
------划分值:1.000,左节点损失:16.781,右节点损失:18.872,总损失:35.653
('----划分特征：', 385)
------划分值:0.000,左节点损失:0.000,右节点损失:38.741,总损失:38.741
------划分值:1.000,左节点损失:14.554,右节点损失:15.828,总损失:30.382
('----划分特征：', 386)
------划分值:0.000,左节点损失:0.000,右节点损失:38.741,总损失:38.741
------划分值:1.000,左节点损失:18.039,右节点损失:10.028,总损失:28.067
('----划分特征：', 387)
------划分值:0.000,左节点损失:0.000,右节点损失:38.741,总损失:38.741
------划分值:1.000,左节点损失:26.689,右节点损失:5.125,总损失:31.814
('----划分特征：', 388)
------划分值:0.000,左节点损失:0.000,右节点损失:38.741,总损失:38.741
------划分值:1.000,左节点损失:35.017,右节点损失:2.010,总损失:37.027
('----划分特征：', 389)
------划分值:0.000,左节点损失:0.000,右节点损失:38.741,总损失:38.741
------划分值:1.000,左节点损失:38.732,右节点损失:0.000,总损失:38.732
('----划分特征：', 390)
------划分值:0.000,左节点损失:0.000,右节点损失:38.741,总损失:38.741
('----划分特征：', 391)
------划分值:0.000,左节点损失:0.000,右节点损失:38.741,总损失:38.741
('----划分特征：', 392)
------划分值:0.000,左节点损失:0.000,右节点损失:38.741,总损失:38.741
('----划分特征：', 393)
------划分值:0.000,左节点损失:0.000,右节点损失:38.741,总损失:38.741
('----划分特征：', 394)
------划分值:0.000,左节点损失:0.000,右节点损失:38.741,总损失:38.741
------划分值:1.000,左节点损失:38.741,右节点损失:0.000,总损失:38.741
('----划分特征：', 395)
------划分值:0.000,左节点损失:0.000,右节点损失:38.741,总损失:38.741
------划分值:1.000,左节点损失:38.734,右节点损失:0.000,总损失:38.734
('----划分特征：', 396)
------划分值:0.000,左节点损失:0.000,右节点损失:38.741,总损失:38.741
------划分值:1.000,左节点损失:37.999,右节点损失:0.697,总损失:38.696
('----划分特征：', 397)
------划分值:0.000,左节点损失:0.000,右节点损失:38.741,总损失:38.741
------划分值:1.000,左节点损失:31.384,右节点损失:4.920,总损失:36.303
('----划分特征：', 398)
------划分值:0.000,左节点损失:0.000,右节点损失:38.741,总损失:38.741
------划分值:1.000,左节点损失:23.303,右节点损失:11.289,总损失:34.592
('----划分特征：', 399)
------划分值:0.000,左节点损失:0.000,右节点损失:38.741,总损失:38.741
------划分值:1.000,左节点损失:15.436,右节点损失:18.668,总损失:34.104
('----划分特征：', 400)
------划分值:0.000,左节点损失:0.000,右节点损失:38.741,总损失:38.741
------划分值:1.000,左节点损失:11.982,右节点损失:23.209,总损失:35.191
('----划分特征：', 401)
------划分值:0.000,左节点损失:0.000,右节点损失:38.741,总损失:38.741
------划分值:1.000,左节点损失:14.929,右节点损失:22.455,总损失:37.384
('----划分特征：', 402)
------划分值:0.000,左节点损失:0.000,右节点损失:38.741,总损失:38.741
------划分值:1.000,左节点损失:22.335,右节点损失:16.350,总损失:38.685
('----划分特征：', 403)
------划分值:0.000,左节点损失:0.000,右节点损失:38.741,总损失:38.741
------划分值:1.000,左节点损失:29.402,右节点损失:8.947,总损失:38.349
('----划分特征：', 404)
------划分值:0.000,左节点损失:0.000,右节点损失:38.741,总损失:38.741
------划分值:1.000,左节点损失:33.142,右节点损失:4.106,总损失:37.248
('----划分特征：', 405)
------划分值:0.000,左节点损失:0.000,右节点损失:38.741,总损失:38.741
------划分值:1.000,左节点损失:34.108,右节点损失:1.513,总损失:35.621
('----划分特征：', 406)
------划分值:1.000,左节点损失:34.055,右节点损失:0.362,总损失:34.417
------划分值:0.000,左节点损失:0.000,右节点损失:38.741,总损失:38.741
('----划分特征：', 407)
------划分值:1.000,左节点损失:33.131,右节点损失:0.145,总损失:33.276
------划分值:0.000,左节点损失:0.000,右节点损失:38.741,总损失:38.741
('----划分特征：', 408)
------划分值:1.000,左节点损失:33.039,右节点损失:0.579,总损失:33.619
------划分值:0.000,左节点损失:0.000,右节点损失:38.741,总损失:38.741
('----划分特征：', 409)
------划分值:0.000,左节点损失:0.000,右节点损失:38.741,总损失:38.741
------划分值:1.000,左节点损失:31.986,右节点损失:3.502,总损失:35.488
('----划分特征：', 410)
------划分值:0.000,左节点损失:0.000,右节点损失:38.741,总损失:38.741
------划分值:1.000,左节点损失:28.827,右节点损失:9.220,总损失:38.047
('----划分特征：', 411)
------划分值:0.000,左节点损失:0.000,右节点损失:38.741,总损失:38.741
------划分值:1.000,左节点损失:23.229,右节点损失:15.362,总损失:38.591
('----划分特征：', 412)
------划分值:0.000,左节点损失:0.000,右节点损失:38.741,总损失:38.741
------划分值:1.000,左节点损失:17.368,右节点损失:18.460,总损失:35.828
('----划分特征：', 413)
------划分值:0.000,左节点损失:0.000,右节点损失:38.741,总损失:38.741
------划分值:1.000,左节点损失:14.816,右节点损失:16.218,总损失:31.034
('----划分特征：', 414)
------划分值:0.000,左节点损失:0.000,右节点损失:38.741,总损失:38.741
------划分值:1.000,左节点损失:19.411,右节点损失:10.352,总损失:29.763
('----划分特征：', 415)
------划分值:0.000,左节点损失:0.000,右节点损失:38.741,总损失:38.741
------划分值:1.000,左节点损失:26.870,右节点损失:5.678,总损失:32.548
('----划分特征：', 416)
------划分值:0.000,左节点损失:0.000,右节点损失:38.741,总损失:38.741
------划分值:1.000,左节点损失:35.315,右节点损失:2.013,总损失:37.328
('----划分特征：', 417)
------划分值:0.000,左节点损失:0.000,右节点损失:38.741,总损失:38.741
------划分值:1.000,左节点损失:38.673,右节点损失:0.067,总损失:38.741
('----划分特征：', 418)
------划分值:0.000,左节点损失:0.000,右节点损失:38.741,总损失:38.741
('----划分特征：', 419)
------划分值:0.000,左节点损失:0.000,右节点损失:38.741,总损失:38.741
('----划分特征：', 420)
------划分值:0.000,左节点损失:0.000,右节点损失:38.741,总损失:38.741
('----划分特征：', 421)
------划分值:0.000,左节点损失:0.000,右节点损失:38.741,总损失:38.741
('----划分特征：', 422)
------划分值:0.000,左节点损失:0.000,右节点损失:38.741,总损失:38.741
------划分值:1.000,左节点损失:38.741,右节点损失:0.000,总损失:38.741
('----划分特征：', 423)
------划分值:0.000,左节点损失:0.000,右节点损失:38.741,总损失:38.741
------划分值:1.000,左节点损失:38.734,右节点损失:0.000,总损失:38.734
('----划分特征：', 424)
------划分值:0.000,左节点损失:0.000,右节点损失:38.741,总损失:38.741
------划分值:1.000,左节点损失:37.347,右节点损失:1.136,总损失:38.483
('----划分特征：', 425)
------划分值:0.000,左节点损失:0.000,右节点损失:38.741,总损失:38.741
------划分值:1.000,左节点损失:29.095,右节点损失:6.109,总损失:35.204
('----划分特征：', 426)
------划分值:0.000,左节点损失:0.000,右节点损失:38.741,总损失:38.741
------划分值:1.000,左节点损失:19.697,右节点损失:13.199,总损失:32.896
('----划分特征：', 427)
------划分值:0.000,左节点损失:0.000,右节点损失:38.741,总损失:38.741
------划分值:1.000,左节点损失:12.776,右节点损失:19.932,总损失:32.708
('----划分特征：', 428)
------划分值:0.000,左节点损失:0.000,右节点损失:38.741,总损失:38.741
------划分值:1.000,左节点损失:11.984,右节点损失:23.117,总损失:35.101
('----划分特征：', 429)
------划分值:0.000,左节点损失:0.000,右节点损失:38.741,总损失:38.741
------划分值:1.000,左节点损失:17.878,右节点损失:20.056,总损失:37.933
('----划分特征：', 430)
------划分值:0.000,左节点损失:0.000,右节点损失:38.741,总损失:38.741
------划分值:1.000,左节点损失:26.398,右节点损失:12.295,总损失:38.692
('----划分特征：', 431)
------划分值:0.000,左节点损失:0.000,右节点损失:38.741,总损失:38.741
------划分值:1.000,左节点损失:32.071,右节点损失:5.604,总损失:37.675
('----划分特征：', 432)
------划分值:0.000,左节点损失:0.000,右节点损失:38.741,总损失:38.741
------划分值:1.000,左节点损失:34.310,右节点损失:1.940,总损失:36.249
('----划分特征：', 433)
------划分值:0.000,左节点损失:0.000,右节点损失:38.741,总损失:38.741
------划分值:1.000,左节点损失:34.117,右节点损失:0.651,总损失:34.768
('----划分特征：', 434)
------划分值:0.000,左节点损失:0.000,右节点损失:38.741,总损失:38.741
------划分值:1.000,左节点损失:33.704,右节点损失:0.218,总损失:33.922
('----划分特征：', 435)
------划分值:1.000,左节点损失:33.085,右节点损失:0.290,总损失:33.375
------划分值:0.000,左节点损失:0.000,右节点损失:38.741,总损失:38.741
('----划分特征：', 436)
------划分值:1.000,左节点损失:33.118,右节点损失:1.156,总损失:34.274
------划分值:0.000,左节点损失:0.000,右节点损失:38.741,总损失:38.741
('----划分特征：', 437)
------划分值:1.000,左节点损失:31.038,右节点损失:5.378,总损失:36.415
------划分值:0.000,左节点损失:0.000,右节点损失:38.741,总损失:38.741
('----划分特征：', 438)
------划分值:1.000,左节点损失:27.272,右节点损失:11.173,总损失:38.446
------划分值:0.000,左节点损失:0.000,右节点损失:38.741,总损失:38.741
('----划分特征：', 439)
------划分值:0.000,左节点损失:0.000,右节点损失:38.741,总损失:38.741
------划分值:1.000,左节点损失:20.695,右节点损失:17.487,总损失:38.182
('----划分特征：', 440)
------划分值:0.000,左节点损失:0.000,右节点损失:38.741,总损失:38.741
------划分值:1.000,左节点损失:16.259,右节点损失:19.204,总损失:35.462
('----划分特征：', 441)
------划分值:0.000,左节点损失:0.000,右节点损失:38.741,总损失:38.741
------划分值:1.000,左节点损失:16.794,右节点损失:16.021,总损失:32.815
('----划分特征：', 442)
------划分值:0.000,左节点损失:0.000,右节点损失:38.741,总损失:38.741
------划分值:1.000,左节点损失:21.795,右节点损失:10.665,总损失:32.460
('----划分特征：', 443)
------划分值:0.000,左节点损失:0.000,右节点损失:38.741,总损失:38.741
------划分值:1.000,左节点损失:28.613,右节点损失:5.640,总损失:34.253
('----划分特征：', 444)
------划分值:0.000,左节点损失:0.000,右节点损失:38.741,总损失:38.741
------划分值:1.000,左节点损失:35.670,右节点损失:2.032,总损失:37.701
('----划分特征：', 445)
------划分值:0.000,左节点损失:0.000,右节点损失:38.741,总损失:38.741
------划分值:1.000,左节点损失:38.672,右节点损失:0.068,总损失:38.740
('----划分特征：', 446)
------划分值:0.000,左节点损失:0.000,右节点损失:38.741,总损失:38.741
------划分值:1.000,左节点损失:38.740,右节点损失:0.000,总损失:38.740
('----划分特征：', 447)
------划分值:0.000,左节点损失:0.000,右节点损失:38.741,总损失:38.741
('----划分特征：', 448)
------划分值:0.000,左节点损失:0.000,右节点损失:38.741,总损失:38.741
('----划分特征：', 449)
------划分值:0.000,左节点损失:0.000,右节点损失:38.741,总损失:38.741
('----划分特征：', 450)
------划分值:0.000,左节点损失:0.000,右节点损失:38.741,总损失:38.741
------划分值:1.000,左节点损失:38.740,右节点损失:0.000,总损失:38.740
('----划分特征：', 451)
------划分值:0.000,左节点损失:0.000,右节点损失:38.741,总损失:38.741
------划分值:1.000,左节点损失:38.733,右节点损失:0.000,总损失:38.733
('----划分特征：', 452)
------划分值:0.000,左节点损失:0.000,右节点损失:38.741,总损失:38.741
------划分值:1.000,左节点损失:36.681,右节点损失:1.646,总损失:38.327
('----划分特征：', 453)
------划分值:0.000,左节点损失:0.000,右节点损失:38.741,总损失:38.741
------划分值:1.000,左节点损失:27.275,右节点损失:7.370,总损失:34.645
('----划分特征：', 454)
------划分值:0.000,左节点损失:0.000,右节点损失:38.741,总损失:38.741
------划分值:1.000,左节点损失:18.061,右节点损失:14.306,总损失:32.366
('----划分特征：', 455)
------划分值:0.000,左节点损失:0.000,右节点损失:38.741,总损失:38.741
------划分值:1.000,左节点损失:11.901,右节点损失:20.312,总损失:32.213
('----划分特征：', 456)
------划分值:0.000,左节点损失:0.000,右节点损失:38.741,总损失:38.741
------划分值:1.000,左节点损失:13.193,右节点损失:22.055,总损失:35.248
('----划分特征：', 457)
------划分值:0.000,左节点损失:0.000,右节点损失:38.741,总损失:38.741
------划分值:1.000,左节点损失:20.990,右节点损失:17.284,总损失:38.274
('----划分特征：', 458)
------划分值:0.000,左节点损失:0.000,右节点损失:38.741,总损失:38.741
------划分值:1.000,左节点损失:29.960,右节点损失:8.505,总损失:38.465
('----划分特征：', 459)
------划分值:0.000,左节点损失:0.000,右节点损失:38.741,总损失:38.741
------划分值:1.000,左节点损失:34.038,右节点损失:3.268,总损失:37.306
('----划分特征：', 460)
------划分值:0.000,左节点损失:0.000,右节点损失:38.741,总损失:38.741
------划分值:1.000,左节点损失:34.861,右节点损失:1.440,总损失:36.301
('----划分特征：', 461)
------划分值:0.000,左节点损失:0.000,右节点损失:38.741,总损失:38.741
------划分值:1.000,左节点损失:34.891,右节点损失:0.362,总损失:35.253
('----划分特征：', 462)
------划分值:0.000,左节点损失:0.000,右节点损失:38.741,总损失:38.741
------划分值:1.000,左节点损失:34.124,右节点损失:0.290,总损失:34.414
('----划分特征：', 463)
------划分值:0.000,左节点损失:0.000,右节点损失:38.741,总损失:38.741
------划分值:1.000,左节点损失:33.677,右节点损失:0.796,总损失:34.472
('----划分特征：', 464)
------划分值:0.000,左节点损失:0.000,右节点损失:38.741,总损失:38.741
------划分值:1.000,左节点损失:32.660,右节点损失:3.006,总损失:35.667
('----划分特征：', 465)
------划分值:1.000,左节点损失:29.402,右节点损失:8.199,总损失:37.601
------划分值:0.000,左节点损失:0.000,右节点损失:38.741,总损失:38.741
('----划分特征：', 466)
------划分值:1.000,左节点损失:23.970,右节点损失:14.769,总损失:38.739
------划分值:0.000,左节点损失:0.000,右节点损失:38.741,总损失:38.741
('----划分特征：', 467)
------划分值:1.000,左节点损失:18.067,右节点损失:19.558,总损失:37.625
------划分值:0.000,左节点损失:0.000,右节点损失:38.741,总损失:38.741
('----划分特征：', 468)
------划分值:0.000,左节点损失:0.000,右节点损失:38.741,总损失:38.741
------划分值:1.000,左节点损失:15.599,右节点损失:19.715,总损失:35.314
('----划分特征：', 469)
------划分值:0.000,左节点损失:0.000,右节点损失:38.741,总损失:38.741
------划分值:1.000,左节点损失:18.428,右节点损失:15.399,总损失:33.827
('----划分特征：', 470)
------划分值:0.000,左节点损失:0.000,右节点损失:38.741,总损失:38.741
------划分值:1.000,左节点损失:23.641,右节点损失:10.389,总损失:34.031
('----划分特征：', 471)
------划分值:0.000,左节点损失:0.000,右节点损失:38.741,总损失:38.741
------划分值:1.000,左节点损失:30.275,右节点损失:5.447,总损失:35.722
('----划分特征：', 472)
------划分值:0.000,左节点损失:0.000,右节点损失:38.741,总损失:38.741
------划分值:1.000,左节点损失:36.556,右节点损失:1.781,总损失:38.337
('----划分特征：', 473)
------划分值:0.000,左节点损失:0.000,右节点损失:38.741,总损失:38.741
------划分值:1.000,左节点损失:38.729,右节点损失:0.000,总损失:38.729
('----划分特征：', 474)
------划分值:0.000,左节点损失:0.000,右节点损失:38.741,总损失:38.741
------划分值:1.000,左节点损失:38.740,右节点损失:0.000,总损失:38.740
('----划分特征：', 475)
------划分值:0.000,左节点损失:0.000,右节点损失:38.741,总损失:38.741
('----划分特征：', 476)
------划分值:0.000,左节点损失:0.000,右节点损失:38.741,总损失:38.741
('----划分特征：', 477)
------划分值:0.000,左节点损失:0.000,右节点损失:38.741,总损失:38.741
('----划分特征：', 478)
------划分值:0.000,左节点损失:0.000,右节点损失:38.741,总损失:38.741
------划分值:1.000,左节点损失:38.739,右节点损失:0.000,总损失:38.739
('----划分特征：', 479)
------划分值:0.000,左节点损失:0.000,右节点损失:38.741,总损失:38.741
------划分值:1.000,左节点损失:38.724,右节点损失:0.000,总损失:38.724
('----划分特征：', 480)
------划分值:0.000,左节点损失:0.000,右节点损失:38.741,总损失:38.741
------划分值:1.000,左节点损失:36.247,右节点损失:2.073,总损失:38.320
('----划分特征：', 481)
------划分值:0.000,左节点损失:0.000,右节点损失:38.741,总损失:38.741
------划分值:1.000,左节点损失:25.690,右节点损失:8.608,总损失:34.299
('----划分特征：', 482)
------划分值:0.000,左节点损失:0.000,右节点损失:38.741,总损失:38.741
------划分值:1.000,左节点损失:16.484,右节点损失:14.793,总损失:31.277
('----划分特征：', 483)
------划分值:0.000,左节点损失:0.000,右节点损失:38.741,总损失:38.741
------划分值:1.000,左节点损失:11.633,右节点损失:20.252,总损失:31.885
('----划分特征：', 484)
------划分值:0.000,左节点损失:0.000,右节点损失:38.741,总损失:38.741
------划分值:1.000,左节点损失:14.074,右节点损失:20.929,总损失:35.002
('----划分特征：', 485)
------划分值:0.000,左节点损失:0.000,右节点损失:38.741,总损失:38.741
------划分值:1.000,左节点损失:22.190,右节点损失:16.009,总损失:38.200
('----划分特征：', 486)
------划分值:0.000,左节点损失:0.000,右节点损失:38.741,总损失:38.741
------划分值:1.000,左节点损失:31.325,右节点损失:7.161,总损失:38.486
('----划分特征：', 487)
------划分值:0.000,左节点损失:0.000,右节点损失:38.741,总损失:38.741
------划分值:1.000,左节点损失:34.288,右节点损失:3.329,总损失:37.617
('----划分特征：', 488)
------划分值:0.000,左节点损失:0.000,右节点损失:38.741,总损失:38.741
------划分值:1.000,左节点损失:35.268,右节点损失:1.652,总损失:36.920
('----划分特征：', 489)
------划分值:0.000,左节点损失:0.000,右节点损失:38.741,总损失:38.741
------划分值:1.000,左节点损失:35.230,右节点损失:0.939,总损失:36.169
('----划分特征：', 490)
------划分值:0.000,左节点损失:0.000,右节点损失:38.741,总损失:38.741
------划分值:1.000,左节点损失:34.207,右节点损失:1.442,总损失:35.649
('----划分特征：', 491)
------划分值:0.000,左节点损失:0.000,右节点损失:38.741,总损失:38.741
------划分值:1.000,左节点损失:32.864,右节点损失:3.285,总损失:36.149
('----划分特征：', 492)
------划分值:0.000,左节点损失:0.000,右节点损失:38.741,总损失:38.741
------划分值:1.000,左节点损失:30.755,右节点损失:6.520,总损失:37.274
('----划分特征：', 493)
------划分值:1.000,左节点损失:25.845,右节点损失:12.704,总损失:38.549
------划分值:0.000,左节点损失:0.000,右节点损失:38.741,总损失:38.741
('----划分特征：', 494)
------划分值:1.000,左节点损失:19.376,右节点损失:19.005,总损失:38.381
------划分值:0.000,左节点损失:0.000,右节点损失:38.741,总损失:38.741
('----划分特征：', 495)
------划分值:1.000,左节点损失:15.975,右节点损失:20.913,总损失:36.887
------划分值:0.000,左节点损失:0.000,右节点损失:38.741,总损失:38.741
('----划分特征：', 496)
------划分值:0.000,左节点损失:0.000,右节点损失:38.741,总损失:38.741
------划分值:1.000,左节点损失:16.059,右节点损失:19.400,总损失:35.460
('----划分特征：', 497)
------划分值:0.000,左节点损失:0.000,右节点损失:38.741,总损失:38.741
------划分值:1.000,左节点损失:20.880,右节点损失:14.289,总损失:35.168
('----划分特征：', 498)
------划分值:0.000,左节点损失:0.000,右节点损失:38.741,总损失:38.741
------划分值:1.000,左节点损失:26.412,右节点损失:9.298,总损失:35.710
('----划分特征：', 499)
------划分值:0.000,左节点损失:0.000,右节点损失:38.741,总损失:38.741
------划分值:1.000,左节点损失:33.078,右节点损失:4.383,总损失:37.460
('----划分特征：', 500)
------划分值:0.000,左节点损失:0.000,右节点损失:38.741,总损失:38.741
------划分值:1.000,左节点损失:36.900,右节点损失:1.660,总损失:38.560
('----划分特征：', 501)
------划分值:0.000,左节点损失:0.000,右节点损失:38.741,总损失:38.741
------划分值:1.000,左节点损失:38.719,右节点损失:0.000,总损失:38.719
('----划分特征：', 502)
------划分值:0.000,左节点损失:0.000,右节点损失:38.741,总损失:38.741
------划分值:1.000,左节点损失:38.736,右节点损失:0.000,总损失:38.736
('----划分特征：', 503)
------划分值:0.000,左节点损失:0.000,右节点损失:38.741,总损失:38.741
('----划分特征：', 504)
------划分值:0.000,左节点损失:0.000,右节点损失:38.741,总损失:38.741
('----划分特征：', 505)
------划分值:0.000,左节点损失:0.000,右节点损失:38.741,总损失:38.741
('----划分特征：', 506)
------划分值:0.000,左节点损失:0.000,右节点损失:38.741,总损失:38.741
------划分值:1.000,左节点损失:38.739,右节点损失:0.000,总损失:38.739
('----划分特征：', 507)
------划分值:0.000,左节点损失:0.000,右节点损失:38.741,总损失:38.741
------划分值:1.000,左节点损失:38.710,右节点损失:0.000,总损失:38.710
('----划分特征：', 508)
------划分值:0.000,左节点损失:0.000,右节点损失:38.741,总损失:38.741
------划分值:1.000,左节点损失:35.612,右节点损失:2.786,总损失:38.398
('----划分特征：', 509)
------划分值:0.000,左节点损失:0.000,右节点损失:38.741,总损失:38.741
------划分值:1.000,左节点损失:26.799,右节点损失:8.810,总损失:35.609
('----划分特征：', 510)
------划分值:0.000,左节点损失:0.000,右节点损失:38.741,总损失:38.741
------划分值:1.000,左节点损失:16.475,右节点损失:15.491,总损失:31.966
('----划分特征：', 511)
------划分值:0.000,左节点损失:0.000,右节点损失:38.741,总损失:38.741
------划分值:1.000,左节点损失:10.820,右节点损失:20.449,总损失:31.270
('----划分特征：', 512)
------划分值:0.000,左节点损失:0.000,右节点损失:38.741,总损失:38.741
------划分值:1.000,左节点损失:13.759,右节点损失:20.480,总损失:34.239
('----划分特征：', 513)
------划分值:0.000,左节点损失:0.000,右节点损失:38.741,总损失:38.741
------划分值:1.000,左节点损失:21.942,右节点损失:15.962,总损失:37.904
('----划分特征：', 514)
------划分值:0.000,左节点损失:0.000,右节点损失:38.741,总损失:38.741
------划分值:1.000,左节点损失:29.779,右节点损失:8.895,总损失:38.674
('----划分特征：', 515)
------划分值:0.000,左节点损失:0.000,右节点损失:38.741,总损失:38.741
------划分值:1.000,左节点损失:33.768,右节点损失:4.209,总损失:37.977
('----划分特征：', 516)
------划分值:0.000,左节点损失:0.000,右节点损失:38.741,总损失:38.741
------划分值:1.000,左节点损失:34.657,右节点损失:2.844,总损失:37.501
('----划分特征：', 517)
------划分值:0.000,左节点损失:0.000,右节点损失:38.741,总损失:38.741
------划分值:1.000,左节点损失:34.330,右节点损失:2.573,总损失:36.903
('----划分特征：', 518)
------划分值:0.000,左节点损失:0.000,右节点损失:38.741,总损失:38.741
------划分值:1.000,左节点损失:32.860,右节点损失:3.908,总损失:36.768
('----划分特征：', 519)
------划分值:1.000,左节点损失:29.548,右节点损失:8.063,总损失:37.610
------划分值:0.000,左节点损失:0.000,右节点损失:38.741,总损失:38.741
('----划分特征：', 520)
------划分值:1.000,左节点损失:25.911,右节点损失:12.555,总损失:38.465
------划分值:0.000,左节点损失:0.000,右节点损失:38.741,总损失:38.741
('----划分特征：', 521)
------划分值:1.000,左节点损失:19.312,右节点损失:19.275,总损失:38.587
------划分值:0.000,左节点损失:0.000,右节点损失:38.741,总损失:38.741
('----划分特征：', 522)
------划分值:1.000,左节点损失:15.358,右节点损失:22.282,总损失:37.641
------划分值:0.000,左节点损失:0.000,右节点损失:38.741,总损失:38.741
('----划分特征：', 523)
------划分值:1.000,左节点损失:14.684,右节点损失:21.665,总损失:36.349
------划分值:0.000,左节点损失:0.000,右节点损失:38.741,总损失:38.741
('----划分特征：', 524)
------划分值:0.000,左节点损失:0.000,右节点损失:38.741,总损失:38.741
------划分值:1.000,左节点损失:19.445,右节点损失:16.919,总损失:36.363
('----划分特征：', 525)
------划分值:0.000,左节点损失:0.000,右节点损失:38.741,总损失:38.741
------划分值:1.000,左节点损失:24.562,右节点损失:12.087,总损失:36.650
('----划分特征：', 526)
------划分值:0.000,左节点损失:0.000,右节点损失:38.741,总损失:38.741
------划分值:1.000,左节点损失:30.615,右节点损失:6.954,总损失:37.569
('----划分特征：', 527)
------划分值:0.000,左节点损失:0.000,右节点损失:38.741,总损失:38.741
------划分值:1.000,左节点损失:35.480,右节点损失:2.950,总损失:38.430
('----划分特征：', 528)
------划分值:0.000,左节点损失:0.000,右节点损失:38.741,总损失:38.741
------划分值:1.000,左节点损失:38.042,右节点损失:0.693,总损失:38.734
('----划分特征：', 529)
------划分值:0.000,左节点损失:0.000,右节点损失:38.741,总损失:38.741
------划分值:1.000,左节点损失:38.724,右节点损失:0.000,总损失:38.724
('----划分特征：', 530)
------划分值:0.000,左节点损失:0.000,右节点损失:38.741,总损失:38.741
------划分值:1.000,左节点损失:38.741,右节点损失:0.000,总损失:38.741
('----划分特征：', 531)
------划分值:0.000,左节点损失:0.000,右节点损失:38.741,总损失:38.741
------划分值:1.000,左节点损失:38.741,右节点损失:0.000,总损失:38.741
('----划分特征：', 532)
------划分值:0.000,左节点损失:0.000,右节点损失:38.741,总损失:38.741
('----划分特征：', 533)
------划分值:0.000,左节点损失:0.000,右节点损失:38.741,总损失:38.741
('----划分特征：', 534)
------划分值:0.000,左节点损失:0.000,右节点损失:38.741,总损失:38.741
------划分值:1.000,左节点损失:38.737,右节点损失:0.000,总损失:38.737
('----划分特征：', 535)
------划分值:0.000,左节点损失:0.000,右节点损失:38.741,总损失:38.741
------划分值:1.000,左节点损失:38.574,右节点损失:0.141,总损失:38.715
('----划分特征：', 536)
------划分值:0.000,左节点损失:0.000,右节点损失:38.741,总损失:38.741
------划分值:1.000,左节点损失:35.825,右节点损失:2.747,总损失:38.572
('----划分特征：', 537)
------划分值:0.000,左节点损失:0.000,右节点损失:38.741,总损失:38.741
------划分值:1.000,左节点损失:27.080,右节点损失:9.334,总损失:36.414
('----划分特征：', 538)
------划分值:0.000,左节点损失:0.000,右节点损失:38.741,总损失:38.741
------划分值:1.000,左节点损失:17.705,右节点损失:15.966,总损失:33.671
('----划分特征：', 539)
------划分值:0.000,左节点损失:0.000,右节点损失:38.741,总损失:38.741
------划分值:1.000,左节点损失:10.950,右节点损失:21.063,总损失:32.014
('----划分特征：', 540)
------划分值:0.000,左节点损失:0.000,右节点损失:38.741,总损失:38.741
------划分值:1.000,左节点损失:12.346,右节点损失:21.784,总损失:34.130
('----划分特征：', 541)
------划分值:0.000,左节点损失:0.000,右节点损失:38.741,总损失:38.741
------划分值:1.000,左节点损失:18.570,右节点损失:18.750,总损失:37.320
('----划分特征：', 542)
------划分值:0.000,左节点损失:0.000,右节点损失:38.741,总损失:38.741
------划分值:1.000,左节点损失:25.439,右节点损失:13.262,总损失:38.701
('----划分特征：', 543)
------划分值:0.000,左节点损失:0.000,右节点损失:38.741,总损失:38.741
------划分值:1.000,左节点损失:29.390,右节点损失:9.182,总损失:38.572
('----划分特征：', 544)
------划分值:0.000,左节点损失:0.000,右节点损失:38.741,总损失:38.741
------划分值:1.000,左节点损失:30.436,右节点损失:7.776,总损失:38.212
('----划分特征：', 545)
------划分值:1.000,左节点损失:29.511,右节点损失:8.546,总损失:38.057
------划分值:0.000,左节点损失:0.000,右节点损失:38.741,总损失:38.741
('----划分特征：', 546)
------划分值:1.000,左节点损失:26.932,右节点损失:11.261,总损失:38.192
------划分值:0.000,左节点损失:0.000,右节点损失:38.741,总损失:38.741
('----划分特征：', 547)
------划分值:1.000,左节点损失:23.036,右节点损失:15.626,总损失:38.662
------划分值:0.000,左节点损失:0.000,右节点损失:38.741,总损失:38.741
('----划分特征：', 548)
------划分值:1.000,左节点损失:17.628,右节点损失:20.935,总损失:38.564
------划分值:0.000,左节点损失:0.000,右节点损失:38.741,总损失:38.741
('----划分特征：', 549)
------划分值:1.000,左节点损失:14.457,右节点损失:23.418,总损失:37.875
------划分值:0.000,左节点损失:0.000,右节点损失:38.741,总损失:38.741
('----划分特征：', 550)
------划分值:1.000,左节点损失:13.897,右节点损失:23.175,总损失:37.072
------划分值:0.000,左节点损失:0.000,右节点损失:38.741,总损失:38.741
('----划分特征：', 551)
------划分值:1.000,左节点损失:17.495,右节点损失:19.403,总损失:36.898
------划分值:0.000,左节点损失:0.000,右节点损失:38.741,总损失:38.741
('----划分特征：', 552)
------划分值:0.000,左节点损失:0.000,右节点损失:38.741,总损失:38.741
------划分值:1.000,左节点损失:23.525,右节点损失:13.836,总损失:37.360
('----划分特征：', 553)
------划分值:0.000,左节点损失:0.000,右节点损失:38.741,总损失:38.741
------划分值:1.000,左节点损失:28.438,右节点损失:9.242,总损失:37.681
('----划分特征：', 554)
------划分值:0.000,左节点损失:0.000,右节点损失:38.741,总损失:38.741
------划分值:1.000,左节点损失:34.147,右节点损失:4.310,总损失:38.456
('----划分特征：', 555)
------划分值:0.000,左节点损失:0.000,右节点损失:38.741,总损失:38.741
------划分值:1.000,左节点损失:36.802,右节点损失:1.874,总损失:38.676
('----划分特征：', 556)
------划分值:0.000,左节点损失:0.000,右节点损失:38.741,总损失:38.741
------划分值:1.000,左节点损失:38.464,右节点损失:0.272,总损失:38.736
('----划分特征：', 557)
------划分值:0.000,左节点损失:0.000,右节点损失:38.741,总损失:38.741
------划分值:1.000,左节点损失:38.733,右节点损失:0.000,总损失:38.733
('----划分特征：', 558)
------划分值:0.000,左节点损失:0.000,右节点损失:38.741,总损失:38.741
('----划分特征：', 559)
------划分值:0.000,左节点损失:0.000,右节点损失:38.741,总损失:38.741
('----划分特征：', 560)
------划分值:0.000,左节点损失:0.000,右节点损失:38.741,总损失:38.741
('----划分特征：', 561)
------划分值:0.000,左节点损失:0.000,右节点损失:38.741,总损失:38.741
('----划分特征：', 562)
------划分值:0.000,左节点损失:0.000,右节点损失:38.741,总损失:38.741
------划分值:1.000,左节点损失:38.733,右节点损失:0.000,总损失:38.733
('----划分特征：', 563)
------划分值:0.000,左节点损失:0.000,右节点损失:38.741,总损失:38.741
------划分值:1.000,左节点损失:38.633,右节点损失:0.072,总损失:38.705
('----划分特征：', 564)
------划分值:0.000,左节点损失:0.000,右节点损失:38.741,总损失:38.741
------划分值:1.000,左节点损失:36.349,右节点损失:2.336,总损失:38.685
('----划分特征：', 565)
------划分值:0.000,左节点损失:0.000,右节点损失:38.741,总损失:38.741
------划分值:1.000,左节点损失:30.699,右节点损失:7.220,总损失:37.918
('----划分特征：', 566)
------划分值:0.000,左节点损失:0.000,右节点损失:38.741,总损失:38.741
------划分值:1.000,左节点损失:21.052,右节点损失:14.668,总损失:35.719
('----划分特征：', 567)
------划分值:0.000,左节点损失:0.000,右节点损失:38.741,总损失:38.741
------划分值:1.000,左节点损失:13.026,右节点损失:20.880,总损失:33.906
('----划分特征：', 568)
------划分值:0.000,左节点损失:0.000,右节点损失:38.741,总损失:38.741
------划分值:1.000,左节点损失:10.986,右节点损失:23.322,总损失:34.308
('----划分特征：', 569)
------划分值:0.000,左节点损失:0.000,右节点损失:38.741,总损失:38.741
------划分值:1.000,左节点损失:12.224,右节点损失:23.734,总损失:35.958
('----划分特征：', 570)
------划分值:0.000,左节点损失:0.000,右节点损失:38.741,总损失:38.741
------划分值:1.000,左节点损失:16.976,右节点损失:20.859,总损失:37.835
('----划分特征：', 571)
------划分值:0.000,左节点损失:0.000,右节点损失:38.741,总损失:38.741
------划分值:1.000,左节点损失:21.590,右节点损失:17.069,总损失:38.659
('----划分特征：', 572)
------划分值:1.000,左节点损失:22.023,右节点损失:16.717,总损失:38.740
------划分值:0.000,左节点损失:0.000,右节点损失:38.741,总损失:38.741
('----划分特征：', 573)
------划分值:1.000,左节点损失:20.343,右节点损失:18.398,总损失:38.741
------划分值:0.000,左节点损失:0.000,右节点损失:38.741,总损失:38.741
('----划分特征：', 574)
------划分值:1.000,左节点损失:17.653,右节点损失:21.051,总损失:38.704
------划分值:0.000,左节点损失:0.000,右节点损失:38.741,总损失:38.741
('----划分特征：', 575)
------划分值:1.000,左节点损失:14.312,右节点损失:24.072,总损失:38.384
------划分值:0.000,左节点损失:0.000,右节点损失:38.741,总损失:38.741
('----划分特征：', 576)
------划分值:1.000,左节点损失:11.892,右节点损失:25.788,总损失:37.680
------划分值:0.000,左节点损失:0.000,右节点损失:38.741,总损失:38.741
('----划分特征：', 577)
------划分值:1.000,左节点损失:12.357,右节点损失:24.743,总损失:37.100
------划分值:0.000,左节点损失:0.000,右节点损失:38.741,总损失:38.741
('----划分特征：', 578)
------划分值:0.000,左节点损失:0.000,右节点损失:38.741,总损失:38.741
------划分值:1.000,左节点损失:17.114,右节点损失:20.260,总损失:37.375
('----划分特征：', 579)
------划分值:0.000,左节点损失:0.000,右节点损失:38.741,总损失:38.741
------划分值:1.000,左节点损失:23.368,右节点损失:14.560,总损失:37.928
('----划分特征：', 580)
------划分值:0.000,左节点损失:0.000,右节点损失:38.741,总损失:38.741
------划分值:1.000,左节点损失:28.292,右节点损失:9.842,总损失:38.135
('----划分特征：', 581)
------划分值:0.000,左节点损失:0.000,右节点损失:38.741,总损失:38.741
------划分值:1.000,左节点损失:33.108,右节点损失:5.406,总损失:38.514
('----划分特征：', 582)
------划分值:0.000,左节点损失:0.000,右节点损失:38.741,总损失:38.741
------划分值:1.000,左节点损失:36.272,右节点损失:2.430,总损失:38.702
('----划分特征：', 583)
------划分值:0.000,左节点损失:0.000,右节点损失:38.741,总损失:38.741
------划分值:1.000,左节点损失:37.954,右节点损失:0.787,总损失:38.741
('----划分特征：', 584)
------划分值:0.000,左节点损失:0.000,右节点损失:38.741,总损失:38.741
------划分值:1.000,左节点损失:38.587,右节点损失:0.140,总损失:38.726
('----划分特征：', 585)
------划分值:0.000,左节点损失:0.000,右节点损失:38.741,总损失:38.741
------划分值:1.000,左节点损失:38.735,右节点损失:0.000,总损失:38.735
('----划分特征：', 586)
------划分值:0.000,左节点损失:0.000,右节点损失:38.741,总损失:38.741
------划分值:1.000,左节点损失:38.681,右节点损失:0.048,总损失:38.729
('----划分特征：', 587)
------划分值:0.000,左节点损失:0.000,右节点损失:38.741,总损失:38.741
('----划分特征：', 588)
------划分值:0.000,左节点损失:0.000,右节点损失:38.741,总损失:38.741
('----划分特征：', 589)
------划分值:0.000,左节点损失:0.000,右节点损失:38.741,总损失:38.741
('----划分特征：', 590)
------划分值:0.000,左节点损失:0.000,右节点损失:38.741,总损失:38.741
------划分值:1.000,左节点损失:38.735,右节点损失:0.000,总损失:38.735
('----划分特征：', 591)
------划分值:0.000,左节点损失:0.000,右节点损失:38.741,总损失:38.741
------划分值:1.000,左节点损失:38.643,右节点损失:0.071,总损失:38.714
('----划分特征：', 592)
------划分值:0.000,左节点损失:0.000,右节点损失:38.741,总损失:38.741
------划分值:1.000,左节点损失:37.271,右节点损失:1.460,总损失:38.731
('----划分特征：', 593)
------划分值:0.000,左节点损失:0.000,右节点损失:38.741,总损失:38.741
------划分值:1.000,左节点损失:33.024,右节点损失:5.352,总损失:38.377
('----划分特征：', 594)
------划分值:0.000,左节点损失:0.000,右节点损失:38.741,总损失:38.741
------划分值:1.000,左节点损失:26.160,右节点损失:11.292,总损失:37.452
('----划分特征：', 595)
------划分值:0.000,左节点损失:0.000,右节点损失:38.741,总损失:38.741
------划分值:1.000,左节点损失:17.299,右节点损失:18.599,总损失:35.898
('----划分特征：', 596)
------划分值:0.000,左节点损失:0.000,右节点损失:38.741,总损失:38.741
------划分值:1.000,左节点损失:11.445,右节点损失:23.569,总损失:35.015
('----划分特征：', 597)
------划分值:0.000,左节点损失:0.000,右节点损失:38.741,总损失:38.741
------划分值:1.000,左节点损失:7.961,右节点损失:27.164,总损失:35.125
('----划分特征：', 598)
------划分值:1.000,左节点损失:8.008,右节点损失:28.040,总损失:36.049
------划分值:0.000,左节点损失:0.000,右节点损失:38.741,总损失:38.741
('----划分特征：', 599)
------划分值:1.000,左节点损失:9.854,右节点损失:27.405,总损失:37.258
------划分值:0.000,左节点损失:0.000,右节点损失:38.741,总损失:38.741
('----划分特征：', 600)
------划分值:1.000,左节点损失:11.254,右节点损失:26.659,总损失:37.913
------划分值:0.000,左节点损失:0.000,右节点损失:38.741,总损失:38.741
('----划分特征：', 601)
------划分值:1.000,左节点损失:10.898,右节点损失:27.132,总损失:38.029
------划分值:0.000,左节点损失:0.000,右节点损失:38.741,总损失:38.741
('----划分特征：', 602)
------划分值:1.000,左节点损失:10.256,右节点损失:27.616,总损失:37.872
------划分值:0.000,左节点损失:0.000,右节点损失:38.741,总损失:38.741
('----划分特征：', 603)
------划分值:1.000,左节点损失:9.640,右节点损失:27.751,总损失:37.390
------划分值:0.000,左节点损失:0.000,右节点损失:38.741,总损失:38.741
('----划分特征：', 604)
------划分值:0.000,左节点损失:0.000,右节点损失:38.741,总损失:38.741
------划分值:1.000,左节点损失:11.289,右节点损失:25.725,总损失:37.014
('----划分特征：', 605)
------划分值:0.000,左节点损失:0.000,右节点损失:38.741,总损失:38.741
------划分值:1.000,左节点损失:17.097,右节点损失:20.411,总损失:37.508
('----划分特征：', 606)
------划分值:0.000,左节点损失:0.000,右节点损失:38.741,总损失:38.741
------划分值:1.000,左节点损失:23.210,右节点损失:14.835,总损失:38.045
('----划分特征：', 607)
------划分值:0.000,左节点损失:0.000,右节点损失:38.741,总损失:38.741
------划分值:1.000,左节点损失:28.539,右节点损失:9.845,总损失:38.384
('----划分特征：', 608)
------划分值:0.000,左节点损失:0.000,右节点损失:38.741,总损失:38.741
------划分值:1.000,左节点损失:32.754,右节点损失:5.832,总损失:38.586
('----划分特征：', 609)
------划分值:0.000,左节点损失:0.000,右节点损失:38.741,总损失:38.741
------划分值:1.000,左节点损失:35.814,右节点损失:2.896,总损失:38.710
('----划分特征：', 610)
------划分值:0.000,左节点损失:0.000,右节点损失:38.741,总损失:38.741
------划分值:1.000,左节点损失:37.860,右节点损失:0.874,总损失:38.734
('----划分特征：', 611)
------划分值:0.000,左节点损失:0.000,右节点损失:38.741,总损失:38.741
------划分值:1.000,左节点损失:38.513,右节点损失:0.209,总损失:38.722
('----划分特征：', 612)
------划分值:0.000,左节点损失:0.000,右节点损失:38.741,总损失:38.741
------划分值:1.000,左节点损失:38.658,右节点损失:0.071,总损失:38.729
('----划分特征：', 613)
------划分值:0.000,左节点损失:0.000,右节点损失:38.741,总损失:38.741
------划分值:1.000,左节点损失:38.735,右节点损失:0.000,总损失:38.735
('----划分特征：', 614)
------划分值:0.000,左节点损失:0.000,右节点损失:38.741,总损失:38.741
------划分值:1.000,左节点损失:38.682,右节点损失:0.036,总损失:38.718
('----划分特征：', 615)
------划分值:0.000,左节点损失:0.000,右节点损失:38.741,总损失:38.741
('----划分特征：', 616)
------划分值:0.000,左节点损失:0.000,右节点损失:38.741,总损失:38.741
('----划分特征：', 617)
------划分值:0.000,左节点损失:0.000,右节点损失:38.741,总损失:38.741
('----划分特征：', 618)
------划分值:0.000,左节点损失:0.000,右节点损失:38.741,总损失:38.741
------划分值:1.000,左节点损失:38.739,右节点损失:0.000,总损失:38.739
('----划分特征：', 619)
------划分值:0.000,左节点损失:0.000,右节点损失:38.741,总损失:38.741
------划分值:1.000,左节点损失:38.665,右节点损失:0.070,总损失:38.735
('----划分特征：', 620)
------划分值:0.000,左节点损失:0.000,右节点损失:38.741,总损失:38.741
------划分值:1.000,左节点损失:38.328,右节点损失:0.407,总损失:38.735
('----划分特征：', 621)
------划分值:0.000,左节点损失:0.000,右节点损失:38.741,总损失:38.741
------划分值:1.000,左节点损失:35.567,右节点损失:3.019,总损失:38.586
('----划分特征：', 622)
------划分值:0.000,左节点损失:0.000,右节点损失:38.741,总损失:38.741
------划分值:1.000,左节点损失:31.100,右节点损失:7.066,总损失:38.166
('----划分特征：', 623)
------划分值:1.000,左节点损失:24.362,右节点损失:13.031,总损失:37.393
------划分值:0.000,左节点损失:0.000,右节点损失:38.741,总损失:38.741
('----划分特征：', 624)
------划分值:1.000,左节点损失:17.839,右节点损失:18.890,总损失:36.730
------划分值:0.000,左节点损失:0.000,右节点损失:38.741,总损失:38.741
('----划分特征：', 625)
------划分值:1.000,左节点损失:11.349,右节点损失:24.562,总损失:35.911
------划分值:0.000,左节点损失:0.000,右节点损失:38.741,总损失:38.741
('----划分特征：', 626)
------划分值:1.000,左节点损失:7.053,右节点损失:28.700,总损失:35.753
------划分值:0.000,左节点损失:0.000,右节点损失:38.741,总损失:38.741
('----划分特征：', 627)
------划分值:1.000,左节点损失:6.212,右节点损失:30.060,总损失:36.272
------划分值:0.000,左节点损失:0.000,右节点损失:38.741,总损失:38.741
('----划分特征：', 628)
------划分值:1.000,左节点损失:6.271,右节点损失:30.360,总损失:36.632
------划分值:0.000,左节点损失:0.000,右节点损失:38.741,总损失:38.741
('----划分特征：', 629)
------划分值:1.000,左节点损失:7.631,右节点损失:29.338,总损失:36.969
------划分值:0.000,左节点损失:0.000,右节点损失:38.741,总损失:38.741
('----划分特征：', 630)
------划分值:0.000,左节点损失:0.000,右节点损失:38.741,总损失:38.741
------划分值:1.000,左节点损失:9.192,右节点损失:27.860,总损失:37.052
('----划分特征：', 631)
------划分值:0.000,左节点损失:0.000,右节点损失:38.741,总损失:38.741
------划分值:1.000,左节点损失:13.783,右节点损失:23.729,总损失:37.512
('----划分特征：', 632)
------划分值:0.000,左节点损失:0.000,右节点损失:38.741,总损失:38.741
------划分值:1.000,左节点损失:19.572,右节点损失:18.414,总损失:37.985
('----划分特征：', 633)
------划分值:0.000,左节点损失:0.000,右节点损失:38.741,总损失:38.741
------划分值:1.000,左节点损失:25.935,右节点损失:12.491,总损失:38.426
('----划分特征：', 634)
------划分值:0.000,左节点损失:0.000,右节点损失:38.741,总损失:38.741
------划分值:1.000,左节点损失:30.225,右节点损失:8.386,总损失:38.611
('----划分特征：', 635)
------划分值:0.000,左节点损失:0.000,右节点损失:38.741,总损失:38.741
------划分值:1.000,左节点损失:33.810,右节点损失:4.901,总损失:38.710
('----划分特征：', 636)
------划分值:0.000,左节点损失:0.000,右节点损失:38.741,总损失:38.741
------划分值:1.000,左节点损失:36.205,右节点损失:2.536,总损失:38.740
('----划分特征：', 637)
------划分值:0.000,左节点损失:0.000,右节点损失:38.741,总损失:38.741
------划分值:1.000,左节点损失:37.837,右节点损失:0.884,总损失:38.722
('----划分特征：', 638)
------划分值:0.000,左节点损失:0.000,右节点损失:38.741,总损失:38.741
------划分值:1.000,左节点损失:38.377,右节点损失:0.345,总损失:38.722
('----划分特征：', 639)
------划分值:0.000,左节点损失:0.000,右节点损失:38.741,总损失:38.741
------划分值:1.000,左节点损失:38.655,右节点损失:0.071,总损失:38.726
('----划分特征：', 640)
------划分值:0.000,左节点损失:0.000,右节点损失:38.741,总损失:38.741
------划分值:1.000,左节点损失:38.730,右节点损失:0.000,总损失:38.730
('----划分特征：', 641)
------划分值:0.000,左节点损失:0.000,右节点损失:38.741,总损失:38.741
------划分值:1.000,左节点损失:38.736,右节点损失:0.000,总损失:38.736
('----划分特征：', 642)
------划分值:0.000,左节点损失:0.000,右节点损失:38.741,总损失:38.741
------划分值:1.000,左节点损失:38.682,右节点损失:0.000,总损失:38.682
('----划分特征：', 643)
------划分值:0.000,左节点损失:0.000,右节点损失:38.741,总损失:38.741
('----划分特征：', 644)
------划分值:0.000,左节点损失:0.000,右节点损失:38.741,总损失:38.741
('----划分特征：', 645)
------划分值:0.000,左节点损失:0.000,右节点损失:38.741,总损失:38.741
('----划分特征：', 646)
------划分值:0.000,左节点损失:0.000,右节点损失:38.741,总损失:38.741
------划分值:1.000,左节点损失:38.741,右节点损失:0.000,总损失:38.741
('----划分特征：', 647)
------划分值:0.000,左节点损失:0.000,右节点损失:38.741,总损失:38.741
------划分值:1.000,左节点损失:38.737,右节点损失:0.000,总损失:38.737
('----划分特征：', 648)
------划分值:0.000,左节点损失:0.000,右节点损失:38.741,总损失:38.741
------划分值:1.000,左节点损失:38.602,右节点损失:0.136,总损失:38.738
('----划分特征：', 649)
------划分值:1.000,左节点损失:37.843,右节点损失:0.895,总损失:38.738
------划分值:0.000,左节点损失:0.000,右节点损失:38.741,总损失:38.741
('----划分特征：', 650)
------划分值:1.000,左节点损失:36.387,右节点损失:2.330,总损失:38.717
------划分值:0.000,左节点损失:0.000,右节点损失:38.741,总损失:38.741
('----划分特征：', 651)
------划分值:1.000,左节点损失:33.618,右节点损失:5.026,总损失:38.644
------划分值:0.000,左节点损失:0.000,右节点损失:38.741,总损失:38.741
('----划分特征：', 652)
------划分值:1.000,左节点损失:28.838,右节点损失:9.600,总损失:38.439
------划分值:0.000,左节点损失:0.000,右节点损失:38.741,总损失:38.741
('----划分特征：', 653)
------划分值:1.000,左节点损失:23.130,右节点损失:14.973,总损失:38.103
------划分值:0.000,左节点损失:0.000,右节点损失:38.741,总损失:38.741
('----划分特征：', 654)
------划分值:1.000,左节点损失:19.237,右节点损失:18.779,总损失:38.016
------划分值:0.000,左节点损失:0.000,右节点损失:38.741,总损失:38.741
('----划分特征：', 655)
------划分值:1.000,左节点损失:15.413,右节点损失:22.300,总损失:37.713
------划分值:0.000,左节点损失:0.000,右节点损失:38.741,总损失:38.741
('----划分特征：', 656)
------划分值:1.000,左节点损失:15.074,右节点损失:22.684,总损失:37.758
------划分值:0.000,左节点损失:0.000,右节点损失:38.741,总损失:38.741
('----划分特征：', 657)
------划分值:0.000,左节点损失:0.000,右节点损失:38.741,总损失:38.741
------划分值:1.000,左节点损失:17.509,右节点损失:20.585,总损失:38.094
('----划分特征：', 658)
------划分值:0.000,左节点损失:0.000,右节点损失:38.741,总损失:38.741
------划分值:1.000,左节点损失:21.869,右节点损失:16.620,总损失:38.488
('----划分特征：', 659)
------划分值:0.000,左节点损失:0.000,右节点损失:38.741,总损失:38.741
------划分值:1.000,左节点损失:26.479,右节点损失:12.182,总损失:38.660
('----划分特征：', 660)
------划分值:0.000,左节点损失:0.000,右节点损失:38.741,总损失:38.741
------划分值:1.000,左节点损失:31.513,右节点损失:7.227,总损失:38.740
('----划分特征：', 661)
------划分值:0.000,左节点损失:0.000,右节点损失:38.741,总损失:38.741
------划分值:1.000,左节点损失:33.855,右节点损失:4.883,总损失:38.738
('----划分特征：', 662)
------划分值:0.000,左节点损失:0.000,右节点损失:38.741,总损失:38.741
------划分值:1.000,左节点损失:35.807,右节点损失:2.926,总损失:38.733
('----划分特征：', 663)
------划分值:0.000,左节点损失:0.000,右节点损失:38.741,总损失:38.741
------划分值:1.000,左节点损失:37.692,右节点损失:0.973,总损失:38.664
('----划分特征：', 664)
------划分值:0.000,左节点损失:0.000,右节点损失:38.741,总损失:38.741
------划分值:1.000,左节点损失:38.199,右节点损失:0.489,总损失:38.688
('----划分特征：', 665)
------划分值:0.000,左节点损失:0.000,右节点损失:38.741,总损失:38.741
------划分值:1.000,左节点损失:38.548,右节点损失:0.143,总损失:38.690
('----划分特征：', 666)
------划分值:0.000,左节点损失:0.000,右节点损失:38.741,总损失:38.741
------划分值:1.000,左节点损失:38.645,右节点损失:0.071,总损失:38.717
('----划分特征：', 667)
------划分值:0.000,左节点损失:0.000,右节点损失:38.741,总损失:38.741
------划分值:1.000,左节点损失:38.727,右节点损失:0.000,总损失:38.727
('----划分特征：', 668)
------划分值:0.000,左节点损失:0.000,右节点损失:38.741,总损失:38.741
------划分值:1.000,左节点损失:38.740,右节点损失:0.000,总损失:38.740
('----划分特征：', 669)
------划分值:0.000,左节点损失:0.000,右节点损失:38.741,总损失:38.741
('----划分特征：', 670)
------划分值:0.000,左节点损失:0.000,右节点损失:38.741,总损失:38.741
('----划分特征：', 671)
------划分值:0.000,左节点损失:0.000,右节点损失:38.741,总损失:38.741
('----划分特征：', 672)
------划分值:0.000,左节点损失:0.000,右节点损失:38.741,总损失:38.741
('----划分特征：', 673)
------划分值:0.000,左节点损失:0.000,右节点损失:38.741,总损失:38.741
('----划分特征：', 674)
------划分值:0.000,左节点损失:0.000,右节点损失:38.741,总损失:38.741
('----划分特征：', 675)
------划分值:0.000,左节点损失:0.000,右节点损失:38.741,总损失:38.741
------划分值:1.000,左节点损失:38.739,右节点损失:0.000,总损失:38.739
('----划分特征：', 676)
------划分值:1.000,左节点损失:38.672,右节点损失:0.068,总损失:38.740
------划分值:0.000,左节点损失:0.000,右节点损失:38.741,总损失:38.741
('----划分特征：', 677)
------划分值:1.000,左节点损失:38.597,右节点损失:0.138,总损失:38.735
------划分值:0.000,左节点损失:0.000,右节点损失:38.741,总损失:38.741
('----划分特征：', 678)
------划分值:1.000,左节点损失:38.494,右节点损失:0.211,总损失:38.705
------划分值:0.000,左节点损失:0.000,右节点损失:38.741,总损失:38.741
('----划分特征：', 679)
------划分值:1.000,左节点损失:38.115,右节点损失:0.560,总损失:38.675
------划分值:0.000,左节点损失:0.000,右节点损失:38.741,总损失:38.741
('----划分特征：', 680)
------划分值:1.000,左节点损失:37.438,右节点损失:1.185,总损失:38.624
------划分值:0.000,左节点损失:0.000,右节点损失:38.741,总损失:38.741
('----划分特征：', 681)
------划分值:1.000,左节点损失:36.256,右节点损失:2.347,总损失:38.603
------划分值:0.000,左节点损失:0.000,右节点损失:38.741,总损失:38.741
('----划分特征：', 682)
------划分值:1.000,左节点损失:34.558,右节点损失:4.081,总损失:38.639
------划分值:0.000,左节点损失:0.000,右节点损失:38.741,总损失:38.741
('----划分特征：', 683)
------划分值:0.000,左节点损失:0.000,右节点损失:38.741,总损失:38.741
------划分值:1.000,左节点损失:33.525,右节点损失:5.134,总损失:38.659
('----划分特征：', 684)
------划分值:0.000,左节点损失:0.000,右节点损失:38.741,总损失:38.741
------划分值:1.000,左节点损失:32.874,右节点损失:5.824,总损失:38.699
('----划分特征：', 685)
------划分值:0.000,左节点损失:0.000,右节点损失:38.741,总损失:38.741
------划分值:1.000,左节点损失:33.295,右节点损失:5.383,总损失:38.678
('----划分特征：', 686)
------划分值:0.000,左节点损失:0.000,右节点损失:38.741,总损失:38.741
------划分值:1.000,左节点损失:34.546,右节点损失:4.085,总损失:38.631
('----划分特征：', 687)
------划分值:0.000,左节点损失:0.000,右节点损失:38.741,总损失:38.741
------划分值:1.000,左节点损失:35.872,右节点损失:2.747,总损失:38.619
('----划分特征：', 688)
------划分值:0.000,左节点损失:0.000,右节点损失:38.741,总损失:38.741
------划分值:1.000,左节点损失:37.068,右节点损失:1.532,总损失:38.599
('----划分特征：', 689)
------划分值:0.000,左节点损失:0.000,右节点损失:38.741,总损失:38.741
------划分值:1.000,左节点损失:37.831,右节点损失:0.775,总损失:38.606
('----划分特征：', 690)
------划分值:0.000,左节点损失:0.000,右节点损失:38.741,总损失:38.741
------划分值:1.000,左节点损失:38.265,右节点损失:0.356,总损失:38.621
('----划分特征：', 691)
------划分值:0.000,左节点损失:0.000,右节点损失:38.741,总损失:38.741
------划分值:1.000,左节点损失:38.504,右节点损失:0.143,总损失:38.648
('----划分特征：', 692)
------划分值:0.000,左节点损失:0.000,右节点损失:38.741,总损失:38.741
------划分值:1.000,左节点损失:38.546,右节点损失:0.143,总损失:38.689
('----划分特征：', 693)
------划分值:0.000,左节点损失:0.000,右节点损失:38.741,总损失:38.741
------划分值:1.000,左节点损失:38.645,右节点损失:0.071,总损失:38.716
('----划分特征：', 694)
------划分值:0.000,左节点损失:0.000,右节点损失:38.741,总损失:38.741
------划分值:1.000,左节点损失:38.721,右节点损失:0.000,总损失:38.721
('----划分特征：', 695)
------划分值:0.000,左节点损失:0.000,右节点损失:38.741,总损失:38.741
------划分值:1.000,左节点损失:38.734,右节点损失:0.000,总损失:38.734
('----划分特征：', 696)
------划分值:0.000,左节点损失:0.000,右节点损失:38.741,总损失:38.741
------划分值:1.000,左节点损失:38.741,右节点损失:0.000,总损失:38.741
('----划分特征：', 697)
------划分值:0.000,左节点损失:0.000,右节点损失:38.741,总损失:38.741
('----划分特征：', 698)
------划分值:0.000,左节点损失:0.000,右节点损失:38.741,总损失:38.741
('----划分特征：', 699)
------划分值:0.000,左节点损失:0.000,右节点损失:38.741,总损失:38.741
('----划分特征：', 700)
------划分值:0.000,左节点损失:0.000,右节点损失:38.741,总损失:38.741
('----划分特征：', 701)
------划分值:0.000,左节点损失:0.000,右节点损失:38.741,总损失:38.741
('----划分特征：', 702)
------划分值:0.000,左节点损失:0.000,右节点损失:38.741,总损失:38.741
('----划分特征：', 703)
------划分值:0.000,左节点损失:0.000,右节点损失:38.741,总损失:38.741
('----划分特征：', 704)
------划分值:0.000,左节点损失:0.000,右节点损失:38.741,总损失:38.741
------划分值:1.000,左节点损失:38.740,右节点损失:0.000,总损失:38.740
('----划分特征：', 705)
------划分值:0.000,左节点损失:0.000,右节点损失:38.741,总损失:38.741
------划分值:1.000,左节点损失:38.731,右节点损失:0.000,总损失:38.731
('----划分特征：', 706)
------划分值:0.000,左节点损失:0.000,右节点损失:38.741,总损失:38.741
------划分值:1.000,左节点损失:38.714,右节点损失:0.000,总损失:38.714
('----划分特征：', 707)
------划分值:0.000,左节点损失:0.000,右节点损失:38.741,总损失:38.741
------划分值:1.000,左节点损失:38.673,右节点损失:0.000,总损失:38.673
('----划分特征：', 708)
------划分值:0.000,左节点损失:0.000,右节点损失:38.741,总损失:38.741
------划分值:1.000,左节点损失:38.603,右节点损失:0.000,总损失:38.603
('----划分特征：', 709)
------划分值:0.000,左节点损失:0.000,右节点损失:38.741,总损失:38.741
------划分值:1.000,左节点损失:38.523,右节点损失:0.000,总损失:38.523
('----划分特征：', 710)
------划分值:0.000,左节点损失:0.000,右节点损失:38.741,总损失:38.741
------划分值:1.000,左节点损失:38.401,右节点损失:0.072,总损失:38.474
('----划分特征：', 711)
------划分值:0.000,左节点损失:0.000,右节点损失:38.741,总损失:38.741
------划分值:1.000,左节点损失:38.329,右节点损失:0.144,总损失:38.473
('----划分特征：', 712)
------划分值:0.000,左节点损失:0.000,右节点损失:38.741,总损失:38.741
------划分值:1.000,左节点损失:38.344,右节点损失:0.144,总损失:38.488
('----划分特征：', 713)
------划分值:0.000,左节点损失:0.000,右节点损失:38.741,总损失:38.741
------划分值:1.000,左节点损失:38.298,右节点损失:0.216,总损失:38.514
('----划分特征：', 714)
------划分值:0.000,左节点损失:0.000,右节点损失:38.741,总损失:38.741
------划分值:1.000,左节点损失:38.389,右节点损失:0.144,总损失:38.533
('----划分特征：', 715)
------划分值:0.000,左节点损失:0.000,右节点损失:38.741,总损失:38.741
------划分值:1.000,左节点损失:38.483,右节点损失:0.072,总损失:38.555
('----划分特征：', 716)
------划分值:0.000,左节点损失:0.000,右节点损失:38.741,总损失:38.741
------划分值:1.000,左节点损失:38.570,右节点损失:0.000,总损失:38.570
('----划分特征：', 717)
------划分值:0.000,左节点损失:0.000,右节点损失:38.741,总损失:38.741
------划分值:1.000,左节点损失:38.627,右节点损失:0.000,总损失:38.627
('----划分特征：', 718)
------划分值:0.000,左节点损失:0.000,右节点损失:38.741,总损失:38.741
------划分值:1.000,左节点损失:38.665,右节点损失:0.000,总损失:38.665
('----划分特征：', 719)
------划分值:0.000,左节点损失:0.000,右节点损失:38.741,总损失:38.741
------划分值:1.000,左节点损失:38.692,右节点损失:0.000,总损失:38.692
('----划分特征：', 720)
------划分值:0.000,左节点损失:0.000,右节点损失:38.741,总损失:38.741
------划分值:1.000,左节点损失:38.706,右节点损失:0.000,总损失:38.706
('----划分特征：', 721)
------划分值:0.000,左节点损失:0.000,右节点损失:38.741,总损失:38.741
------划分值:1.000,左节点损失:38.721,右节点损失:0.000,总损失:38.721
('----划分特征：', 722)
------划分值:0.000,左节点损失:0.000,右节点损失:38.741,总损失:38.741
------划分值:1.000,左节点损失:38.733,右节点损失:0.000,总损失:38.733
('----划分特征：', 723)
------划分值:0.000,左节点损失:0.000,右节点损失:38.741,总损失:38.741
------划分值:1.000,左节点损失:38.739,右节点损失:0.000,总损失:38.739
('----划分特征：', 724)
------划分值:0.000,左节点损失:0.000,右节点损失:38.741,总损失:38.741
('----划分特征：', 725)
------划分值:0.000,左节点损失:0.000,右节点损失:38.741,总损失:38.741
('----划分特征：', 726)
------划分值:0.000,左节点损失:0.000,右节点损失:38.741,总损失:38.741
('----划分特征：', 727)
------划分值:0.000,左节点损失:0.000,右节点损失:38.741,总损失:38.741
('----划分特征：', 728)
------划分值:0.000,左节点损失:0.000,右节点损失:38.741,总损失:38.741
('----划分特征：', 729)
------划分值:0.000,左节点损失:0.000,右节点损失:38.741,总损失:38.741
('----划分特征：', 730)
------划分值:0.000,左节点损失:0.000,右节点损失:38.741,总损失:38.741
('----划分特征：', 731)
------划分值:0.000,左节点损失:0.000,右节点损失:38.741,总损失:38.741
('----划分特征：', 732)
------划分值:0.000,左节点损失:0.000,右节点损失:38.741,总损失:38.741
------划分值:1.000,左节点损失:38.741,右节点损失:0.000,总损失:38.741
('----划分特征：', 733)
------划分值:0.000,左节点损失:0.000,右节点损失:38.741,总损失:38.741
------划分值:1.000,左节点损失:38.738,右节点损失:0.000,总损失:38.738
('----划分特征：', 734)
------划分值:0.000,左节点损失:0.000,右节点损失:38.741,总损失:38.741
------划分值:1.000,左节点损失:38.726,右节点损失:0.000,总损失:38.726
('----划分特征：', 735)
------划分值:0.000,左节点损失:0.000,右节点损失:38.741,总损失:38.741
------划分值:1.000,左节点损失:38.710,右节点损失:0.000,总损失:38.710
('----划分特征：', 736)
------划分值:0.000,左节点损失:0.000,右节点损失:38.741,总损失:38.741
------划分值:1.000,左节点损失:38.678,右节点损失:0.000,总损失:38.678
('----划分特征：', 737)
------划分值:0.000,左节点损失:0.000,右节点损失:38.741,总损失:38.741
------划分值:1.000,左节点损失:38.654,右节点损失:0.000,总损失:38.654
('----划分特征：', 738)
------划分值:0.000,左节点损失:0.000,右节点损失:38.741,总损失:38.741
------划分值:1.000,左节点损失:38.638,右节点损失:0.000,总损失:38.638
('----划分特征：', 739)
------划分值:0.000,左节点损失:0.000,右节点损失:38.741,总损失:38.741
------划分值:1.000,左节点损失:38.639,右节点损失:0.000,总损失:38.639
('----划分特征：', 740)
------划分值:0.000,左节点损失:0.000,右节点损失:38.741,总损失:38.741
------划分值:1.000,左节点损失:38.652,右节点损失:0.000,总损失:38.652
('----划分特征：', 741)
------划分值:0.000,左节点损失:0.000,右节点损失:38.741,总损失:38.741
------划分值:1.000,左节点损失:38.658,右节点损失:0.000,总损失:38.658
('----划分特征：', 742)
------划分值:0.000,左节点损失:0.000,右节点损失:38.741,总损失:38.741
------划分值:1.000,左节点损失:38.659,右节点损失:0.000,总损失:38.659
('----划分特征：', 743)
------划分值:0.000,左节点损失:0.000,右节点损失:38.741,总损失:38.741
------划分值:1.000,左节点损失:38.678,右节点损失:0.000,总损失:38.678
('----划分特征：', 744)
------划分值:0.000,左节点损失:0.000,右节点损失:38.741,总损失:38.741
------划分值:1.000,左节点损失:38.685,右节点损失:0.000,总损失:38.685
('----划分特征：', 745)
------划分值:0.000,左节点损失:0.000,右节点损失:38.741,总损失:38.741
------划分值:1.000,左节点损失:38.694,右节点损失:0.000,总损失:38.694
('----划分特征：', 746)
------划分值:0.000,左节点损失:0.000,右节点损失:38.741,总损失:38.741
------划分值:1.000,左节点损失:38.710,右节点损失:0.000,总损失:38.710
('----划分特征：', 747)
------划分值:0.000,左节点损失:0.000,右节点损失:38.741,总损失:38.741
------划分值:1.000,左节点损失:38.723,右节点损失:0.000,总损失:38.723
('----划分特征：', 748)
------划分值:0.000,左节点损失:0.000,右节点损失:38.741,总损失:38.741
------划分值:1.000,左节点损失:38.730,右节点损失:0.000,总损失:38.730
('----划分特征：', 749)
------划分值:0.000,左节点损失:0.000,右节点损失:38.741,总损失:38.741
------划分值:1.000,左节点损失:38.735,右节点损失:0.000,总损失:38.735
('----划分特征：', 750)
------划分值:0.000,左节点损失:0.000,右节点损失:38.741,总损失:38.741
------划分值:1.000,左节点损失:38.739,右节点损失:0.000,总损失:38.739
('----划分特征：', 751)
------划分值:0.000,左节点损失:0.000,右节点损失:38.741,总损失:38.741
------划分值:1.000,左节点损失:38.741,右节点损失:0.000,总损失:38.741
('----划分特征：', 752)
------划分值:0.000,左节点损失:0.000,右节点损失:38.741,总损失:38.741
('----划分特征：', 753)
------划分值:0.000,左节点损失:0.000,右节点损失:38.741,总损失:38.741
('----划分特征：', 754)
------划分值:0.000,左节点损失:0.000,右节点损失:38.741,总损失:38.741
('----划分特征：', 755)
------划分值:0.000,左节点损失:0.000,右节点损失:38.741,总损失:38.741
('----划分特征：', 756)
------划分值:0.000,左节点损失:0.000,右节点损失:38.741,总损失:38.741
('----划分特征：', 757)
------划分值:0.000,左节点损失:0.000,右节点损失:38.741,总损失:38.741
('----划分特征：', 758)
------划分值:0.000,左节点损失:0.000,右节点损失:38.741,总损失:38.741
('----划分特征：', 759)
------划分值:0.000,左节点损失:0.000,右节点损失:38.741,总损失:38.741
('----划分特征：', 760)
------划分值:0.000,左节点损失:0.000,右节点损失:38.741,总损失:38.741
('----划分特征：', 761)
------划分值:0.000,左节点损失:0.000,右节点损失:38.741,总损失:38.741
------划分值:1.000,左节点损失:38.741,右节点损失:0.000,总损失:38.741
('----划分特征：', 762)
------划分值:0.000,左节点损失:0.000,右节点损失:38.741,总损失:38.741
------划分值:1.000,左节点损失:38.740,右节点损失:0.000,总损失:38.740
('----划分特征：', 763)
------划分值:0.000,左节点损失:0.000,右节点损失:38.741,总损失:38.741
------划分值:1.000,左节点损失:38.739,右节点损失:0.000,总损失:38.739
('----划分特征：', 764)
------划分值:0.000,左节点损失:0.000,右节点损失:38.741,总损失:38.741
------划分值:1.000,左节点损失:38.739,右节点损失:0.000,总损失:38.739
('----划分特征：', 765)
------划分值:0.000,左节点损失:0.000,右节点损失:38.741,总损失:38.741
------划分值:1.000,左节点损失:38.739,右节点损失:0.000,总损失:38.739
('----划分特征：', 766)
------划分值:0.000,左节点损失:0.000,右节点损失:38.741,总损失:38.741
------划分值:1.000,左节点损失:38.735,右节点损失:0.000,总损失:38.735
('----划分特征：', 767)
------划分值:0.000,左节点损失:0.000,右节点损失:38.741,总损失:38.741
------划分值:1.000,左节点损失:38.733,右节点损失:0.000,总损失:38.733
('----划分特征：', 768)
------划分值:0.000,左节点损失:0.000,右节点损失:38.741,总损失:38.741
------划分值:1.000,左节点损失:38.729,右节点损失:0.000,总损失:38.729
('----划分特征：', 769)
------划分值:0.000,左节点损失:0.000,右节点损失:38.741,总损失:38.741
------划分值:1.000,左节点损失:38.728,右节点损失:0.000,总损失:38.728
('----划分特征：', 770)
------划分值:0.000,左节点损失:0.000,右节点损失:38.741,总损失:38.741
------划分值:1.000,左节点损失:38.731,右节点损失:0.000,总损失:38.731
('----划分特征：', 771)
------划分值:0.000,左节点损失:0.000,右节点损失:38.741,总损失:38.741
------划分值:1.000,左节点损失:38.733,右节点损失:0.000,总损失:38.733
('----划分特征：', 772)
------划分值:0.000,左节点损失:0.000,右节点损失:38.741,总损失:38.741
------划分值:1.000,左节点损失:38.733,右节点损失:0.000,总损失:38.733
('----划分特征：', 773)
------划分值:0.000,左节点损失:0.000,右节点损失:38.741,总损失:38.741
------划分值:1.000,左节点损失:38.738,右节点损失:0.000,总损失:38.738
('----划分特征：', 774)
------划分值:0.000,左节点损失:0.000,右节点损失:38.741,总损失:38.741
------划分值:1.000,左节点损失:38.739,右节点损失:0.000,总损失:38.739
('----划分特征：', 775)
------划分值:0.000,左节点损失:0.000,右节点损失:38.741,总损失:38.741
------划分值:1.000,左节点损失:38.740,右节点损失:0.000,总损失:38.740
('----划分特征：', 776)
------划分值:0.000,左节点损失:0.000,右节点损失:38.741,总损失:38.741
------划分值:1.000,左节点损失:38.740,右节点损失:0.000,总损失:38.740
('----划分特征：', 777)
------划分值:0.000,左节点损失:0.000,右节点损失:38.741,总损失:38.741
------划分值:1.000,左节点损失:38.741,右节点损失:0.000,总损失:38.741
('----划分特征：', 778)
------划分值:0.000,左节点损失:0.000,右节点损失:38.741,总损失:38.741
('----划分特征：', 779)
------划分值:0.000,左节点损失:0.000,右节点损失:38.741,总损失:38.741
('----划分特征：', 780)
------划分值:0.000,左节点损失:0.000,右节点损失:38.741,总损失:38.741
('----划分特征：', 781)
------划分值:0.000,左节点损失:0.000,右节点损失:38.741,总损失:38.741
('----划分特征：', 782)
------划分值:0.000,左节点损失:0.000,右节点损失:38.741,总损失:38.741
('----划分特征：', 783)
------划分值:0.000,左节点损失:0.000,右节点损失:38.741,总损失:38.741
('----划分特征：', 'label')
------划分值:0.000,左节点损失:0.000,右节点损失:38.741,总损失:38.741
------划分值:1.000,左节点损失:0.000,右节点损失:0.000,总损失:0.000
('----划分特征：', 'f_0')
------划分值:-2.212,左节点损失:0.000,右节点损失:38.741,总损失:38.741
('----划分特征：', 'res_1')
------划分值:-0.099,左节点损失:0.000,右节点损失:38.741,总损失:38.741
------划分值:0.901,左节点损失:0.000,右节点损失:0.000,总损失:0.000
('----划分特征：', 'f_1')
------划分值:-2.323,左节点损失:0.000,右节点损失:38.741,总损失:38.741
------划分值:-1.199,左节点损失:0.000,右节点损失:0.000,总损失:0.000
('----划分特征：', 'res_2')
------划分值:-0.089,左节点损失:0.000,右节点损失:38.741,总损失:38.741
------划分值:0.768,左节点损失:0.000,右节点损失:0.000,总损失:0.000
('----划分特征：', 'f_2')
------划分值:-2.433,左节点损失:0.000,右节点损失:38.741,总损失:38.741
------划分值:-0.767,左节点损失:0.000,右节点损失:0.000,总损失:0.000
('----划分特征：', 'res_3')
------划分值:-0.081,左节点损失:0.000,右节点损失:38.741,总损失:38.741
------划分值:0.683,左节点损失:0.000,右节点损失:0.000,总损失:0.000
('----划分特征：', 'f_3')
------划分值:-2.542,左节点损失:0.000,右节点损失:38.741,总损失:38.741
------划分值:-0.452,左节点损失:0.000,右节点损失:0.000,总损失:0.000
('----划分特征：', 'res_4')
------划分值:-0.073,左节点损失:0.000,右节点损失:38.741,总损失:38.741
------划分值:0.611,左节点损失:0.000,右节点损失:0.000,总损失:0.000
('----划分特征：', 'f_4')
------划分值:-2.650,左节点损失:0.000,右节点损失:38.741,总损失:38.741
------划分值:-0.195,左节点损失:0.000,右节点损失:0.000,总损失:0.000
('----划分特征：', 'res_5')
------划分值:-0.066,左节点损失:0.000,右节点损失:38.741,总损失:38.741
------划分值:0.549,左节点损失:0.000,右节点损失:0.000,总损失:0.000
('----划分特征：', 'f_5')
------划分值:-2.757,左节点损失:0.000,右节点损失:38.741,总损失:38.741
------划分值:0.027,左节点损失:0.000,右节点损失:0.000,总损失:0.000
('----划分特征：', 'res_6')
------划分值:-0.060,左节点损失:0.000,右节点损失:38.741,总损失:38.741
------划分值:0.493,左节点损失:0.000,右节点损失:0.000,总损失:0.000
('----划分特征：', 'f_6')
------划分值:-2.863,左节点损失:0.000,右节点损失:38.741,总损失:38.741
------划分值:0.224,左节点损失:0.000,右节点损失:0.000,总损失:0.000
('----划分特征：', 'res_7')
------划分值:-0.054,左节点损失:0.000,右节点损失:38.741,总损失:38.741
------划分值:0.444,左节点损失:0.000,右节点损失:0.000,总损失:0.000
('----划分特征：', 'f_7')
------划分值:-2.969,左节点损失:0.000,右节点损失:38.741,总损失:38.741
------划分值:0.404,左节点损失:0.000,右节点损失:0.000,总损失:0.000
('----划分特征：', 'res_8')
------划分值:-0.049,左节点损失:0.000,右节点损失:38.741,总损失:38.741
------划分值:0.400,左节点损失:0.000,右节点损失:0.000,总损失:0.000
('----划分特征：', 'f_8')
------划分值:-3.074,左节点损失:0.000,右节点损失:38.741,总损失:38.741
------划分值:0.571,左节点损失:0.000,右节点损失:0.000,总损失:0.000
('----划分特征：', 'res_9')
------划分值:-0.044,左节点损失:0.000,右节点损失:38.741,总损失:38.741
------划分值:0.361,左节点损失:0.000,右节点损失:0.000,总损失:0.000
('----划分特征：', 'f_9')
------划分值:-3.178,左节点损失:0.000,右节点损失:38.741,总损失:38.741
------划分值:0.727,左节点损失:0.000,右节点损失:0.000,总损失:0.000
('----划分特征：', 'res_10')
------划分值:-0.040,左节点损失:0.000,右节点损失:38.741,总损失:38.741
------划分值:0.326,左节点损失:0.000,右节点损失:0.000,总损失:0.000
('--最佳划分特征：', 'label')
('--最佳划分值：', 1)
('叶子节点预测值：', -1.0305095162150124)
('叶子节点预测值：', 1.3155252407921403)
第13棵树: log-likelihood:1.8203
