-----------------------------构建第15颗树-----------------------------
--树的深度：0
('----划分特征：', 1)
------划分值:0.000,左节点损失:0.000,右节点损失:25.834,总损失:25.834
('----划分特征：', 2)
------划分值:0.000,左节点损失:0.000,右节点损失:25.834,总损失:25.834
('----划分特征：', 3)
------划分值:0.000,左节点损失:0.000,右节点损失:25.834,总损失:25.834
('----划分特征：', 4)
------划分值:0.000,左节点损失:0.000,右节点损失:25.834,总损失:25.834
('----划分特征：', 5)
------划分值:0.000,左节点损失:0.000,右节点损失:25.834,总损失:25.834
('----划分特征：', 6)
------划分值:0.000,左节点损失:0.000,右节点损失:25.834,总损失:25.834
('----划分特征：', 7)
------划分值:0.000,左节点损失:0.000,右节点损失:25.834,总损失:25.834
('----划分特征：', 8)
------划分值:0.000,左节点损失:0.000,右节点损失:25.834,总损失:25.834
('----划分特征：', 9)
------划分值:0.000,左节点损失:0.000,右节点损失:25.834,总损失:25.834
('----划分特征：', 10)
------划分值:0.000,左节点损失:0.000,右节点损失:25.834,总损失:25.834
('----划分特征：', 11)
------划分值:0.000,左节点损失:0.000,右节点损失:25.834,总损失:25.834
('----划分特征：', 12)
------划分值:0.000,左节点损失:0.000,右节点损失:25.834,总损失:25.834
('----划分特征：', 13)
------划分值:0.000,左节点损失:0.000,右节点损失:25.834,总损失:25.834
('----划分特征：', 14)
------划分值:0.000,左节点损失:0.000,右节点损失:25.834,总损失:25.834
('----划分特征：', 15)
------划分值:0.000,左节点损失:0.000,右节点损失:25.834,总损失:25.834
('----划分特征：', 16)
------划分值:0.000,左节点损失:0.000,右节点损失:25.834,总损失:25.834
('----划分特征：', 17)
------划分值:0.000,左节点损失:0.000,右节点损失:25.834,总损失:25.834
('----划分特征：', 18)
------划分值:0.000,左节点损失:0.000,右节点损失:25.834,总损失:25.834
('----划分特征：', 19)
------划分值:0.000,左节点损失:0.000,右节点损失:25.834,总损失:25.834
('----划分特征：', 20)
------划分值:0.000,左节点损失:0.000,右节点损失:25.834,总损失:25.834
('----划分特征：', 21)
------划分值:0.000,左节点损失:0.000,右节点损失:25.834,总损失:25.834
('----划分特征：', 22)
------划分值:0.000,左节点损失:0.000,右节点损失:25.834,总损失:25.834
('----划分特征：', 23)
------划分值:0.000,左节点损失:0.000,右节点损失:25.834,总损失:25.834
('----划分特征：', 24)
------划分值:0.000,左节点损失:0.000,右节点损失:25.834,总损失:25.834
('----划分特征：', 25)
------划分值:0.000,左节点损失:0.000,右节点损失:25.834,总损失:25.834
('----划分特征：', 26)
------划分值:0.000,左节点损失:0.000,右节点损失:25.834,总损失:25.834
('----划分特征：', 27)
------划分值:0.000,左节点损失:0.000,右节点损失:25.834,总损失:25.834
('----划分特征：', 28)
------划分值:0.000,左节点损失:0.000,右节点损失:25.834,总损失:25.834
('----划分特征：', 29)
------划分值:0.000,左节点损失:0.000,右节点损失:25.834,总损失:25.834
('----划分特征：', 30)
------划分值:0.000,左节点损失:0.000,右节点损失:25.834,总损失:25.834
('----划分特征：', 31)
------划分值:0.000,左节点损失:0.000,右节点损失:25.834,总损失:25.834
('----划分特征：', 32)
------划分值:0.000,左节点损失:0.000,右节点损失:25.834,总损失:25.834
('----划分特征：', 33)
------划分值:0.000,左节点损失:0.000,右节点损失:25.834,总损失:25.834
('----划分特征：', 34)
------划分值:0.000,左节点损失:0.000,右节点损失:25.834,总损失:25.834
('----划分特征：', 35)
------划分值:0.000,左节点损失:0.000,右节点损失:25.834,总损失:25.834
('----划分特征：', 36)
------划分值:0.000,左节点损失:0.000,右节点损失:25.834,总损失:25.834
------划分值:1.000,左节点损失:25.834,右节点损失:0.000,总损失:25.834
('----划分特征：', 37)
------划分值:0.000,左节点损失:0.000,右节点损失:25.834,总损失:25.834
------划分值:1.000,左节点损失:25.833,右节点损失:0.000,总损失:25.833
('----划分特征：', 38)
------划分值:0.000,左节点损失:0.000,右节点损失:25.834,总损失:25.834
------划分值:1.000,左节点损失:25.834,右节点损失:0.000,总损失:25.834
('----划分特征：', 39)
------划分值:0.000,左节点损失:0.000,右节点损失:25.834,总损失:25.834
------划分值:1.000,左节点损失:25.833,右节点损失:0.000,总损失:25.833
('----划分特征：', 40)
------划分值:0.000,左节点损失:0.000,右节点损失:25.834,总损失:25.834
------划分值:1.000,左节点损失:25.834,右节点损失:0.000,总损失:25.834
('----划分特征：', 41)
------划分值:0.000,左节点损失:0.000,右节点损失:25.834,总损失:25.834
------划分值:1.000,左节点损失:25.833,右节点损失:0.000,总损失:25.833
('----划分特征：', 42)
------划分值:0.000,左节点损失:0.000,右节点损失:25.834,总损失:25.834
------划分值:1.000,左节点损失:25.834,右节点损失:0.000,总损失:25.834
('----划分特征：', 43)
------划分值:0.000,左节点损失:0.000,右节点损失:25.834,总损失:25.834
------划分值:1.000,左节点损失:25.832,右节点损失:0.000,总损失:25.832
('----划分特征：', 44)
------划分值:0.000,左节点损失:0.000,右节点损失:25.834,总损失:25.834
------划分值:1.000,左节点损失:25.831,右节点损失:0.000,总损失:25.831
('----划分特征：', 45)
------划分值:0.000,左节点损失:0.000,右节点损失:25.834,总损失:25.834
------划分值:1.000,左节点损失:25.833,右节点损失:0.000,总损失:25.833
('----划分特征：', 46)
------划分值:0.000,左节点损失:0.000,右节点损失:25.834,总损失:25.834
------划分值:1.000,左节点损失:25.833,右节点损失:0.000,总损失:25.833
('----划分特征：', 47)
------划分值:0.000,左节点损失:0.000,右节点损失:25.834,总损失:25.834
------划分值:1.000,左节点损失:25.834,右节点损失:0.000,总损失:25.834
('----划分特征：', 48)
------划分值:0.000,左节点损失:0.000,右节点损失:25.834,总损失:25.834
------划分值:1.000,左节点损失:25.833,右节点损失:0.000,总损失:25.833
('----划分特征：', 49)
------划分值:0.000,左节点损失:0.000,右节点损失:25.834,总损失:25.834
------划分值:1.000,左节点损失:25.834,右节点损失:0.000,总损失:25.834
('----划分特征：', 50)
------划分值:0.000,左节点损失:0.000,右节点损失:25.834,总损失:25.834
------划分值:1.000,左节点损失:25.834,右节点损失:0.000,总损失:25.834
('----划分特征：', 51)
------划分值:0.000,左节点损失:0.000,右节点损失:25.834,总损失:25.834
('----划分特征：', 52)
------划分值:0.000,左节点损失:0.000,右节点损失:25.834,总损失:25.834
('----划分特征：', 53)
------划分值:0.000,左节点损失:0.000,右节点损失:25.834,总损失:25.834
('----划分特征：', 54)
------划分值:0.000,左节点损失:0.000,右节点损失:25.834,总损失:25.834
('----划分特征：', 55)
------划分值:0.000,左节点损失:0.000,右节点损失:25.834,总损失:25.834
('----划分特征：', 56)
------划分值:0.000,左节点损失:0.000,右节点损失:25.834,总损失:25.834
('----划分特征：', 57)
------划分值:0.000,左节点损失:0.000,右节点损失:25.834,总损失:25.834
('----划分特征：', 58)
------划分值:0.000,左节点损失:0.000,右节点损失:25.834,总损失:25.834
('----划分特征：', 59)
------划分值:0.000,左节点损失:0.000,右节点损失:25.834,总损失:25.834
('----划分特征：', 60)
------划分值:0.000,左节点损失:0.000,右节点损失:25.834,总损失:25.834
('----划分特征：', 61)
------划分值:0.000,左节点损失:0.000,右节点损失:25.834,总损失:25.834
('----划分特征：', 62)
------划分值:0.000,左节点损失:0.000,右节点损失:25.834,总损失:25.834
('----划分特征：', 63)
------划分值:0.000,左节点损失:0.000,右节点损失:25.834,总损失:25.834
('----划分特征：', 64)
------划分值:0.000,左节点损失:0.000,右节点损失:25.834,总损失:25.834
------划分值:1.000,左节点损失:25.832,右节点损失:0.000,总损失:25.832
('----划分特征：', 65)
------划分值:0.000,左节点损失:0.000,右节点损失:25.834,总损失:25.834
------划分值:1.000,左节点损失:25.830,右节点损失:0.000,总损失:25.830
('----划分特征：', 66)
------划分值:0.000,左节点损失:0.000,右节点损失:25.834,总损失:25.834
------划分值:1.000,左节点损失:25.828,右节点损失:0.000,总损失:25.828
('----划分特征：', 67)
------划分值:0.000,左节点损失:0.000,右节点损失:25.834,总损失:25.834
------划分值:1.000,左节点损失:25.824,右节点损失:0.000,总损失:25.824
('----划分特征：', 68)
------划分值:0.000,左节点损失:0.000,右节点损失:25.834,总损失:25.834
------划分值:1.000,左节点损失:25.820,右节点损失:0.000,总损失:25.820
('----划分特征：', 69)
------划分值:0.000,左节点损失:0.000,右节点损失:25.834,总损失:25.834
------划分值:1.000,左节点损失:25.818,右节点损失:0.000,总损失:25.818
('----划分特征：', 70)
------划分值:0.000,左节点损失:0.000,右节点损失:25.834,总损失:25.834
------划分值:1.000,左节点损失:25.806,右节点损失:0.000,总损失:25.806
('----划分特征：', 71)
------划分值:0.000,左节点损失:0.000,右节点损失:25.834,总损失:25.834
------划分值:1.000,左节点损失:25.799,右节点损失:0.000,总损失:25.799
('----划分特征：', 72)
------划分值:0.000,左节点损失:0.000,右节点损失:25.834,总损失:25.834
------划分值:1.000,左节点损失:25.781,右节点损失:0.000,总损失:25.781
('----划分特征：', 73)
------划分值:0.000,左节点损失:0.000,右节点损失:25.834,总损失:25.834
------划分值:1.000,左节点损失:25.780,右节点损失:0.000,总损失:25.780
('----划分特征：', 74)
------划分值:0.000,左节点损失:0.000,右节点损失:25.834,总损失:25.834
------划分值:1.000,左节点损失:25.791,右节点损失:0.000,总损失:25.791
('----划分特征：', 75)
------划分值:0.000,左节点损失:0.000,右节点损失:25.834,总损失:25.834
------划分值:1.000,左节点损失:25.806,右节点损失:0.000,总损失:25.806
('----划分特征：', 76)
------划分值:0.000,左节点损失:0.000,右节点损失:25.834,总损失:25.834
------划分值:1.000,左节点损失:25.822,右节点损失:0.000,总损失:25.822
('----划分特征：', 77)
------划分值:0.000,左节点损失:0.000,右节点损失:25.834,总损失:25.834
------划分值:1.000,左节点损失:25.830,右节点损失:0.000,总损失:25.830
('----划分特征：', 78)
------划分值:0.000,左节点损失:0.000,右节点损失:25.834,总损失:25.834
------划分值:1.000,左节点损失:25.833,右节点损失:0.000,总损失:25.833
('----划分特征：', 79)
------划分值:0.000,左节点损失:0.000,右节点损失:25.834,总损失:25.834
------划分值:1.000,左节点损失:25.834,右节点损失:0.000,总损失:25.834
('----划分特征：', 80)
------划分值:0.000,左节点损失:0.000,右节点损失:25.834,总损失:25.834
('----划分特征：', 81)
------划分值:0.000,左节点损失:0.000,右节点损失:25.834,总损失:25.834
('----划分特征：', 82)
------划分值:0.000,左节点损失:0.000,右节点损失:25.834,总损失:25.834
('----划分特征：', 83)
------划分值:0.000,左节点损失:0.000,右节点损失:25.834,总损失:25.834
('----划分特征：', 84)
------划分值:0.000,左节点损失:0.000,右节点损失:25.834,总损失:25.834
('----划分特征：', 85)
------划分值:0.000,左节点损失:0.000,右节点损失:25.834,总损失:25.834
('----划分特征：', 86)
------划分值:0.000,左节点损失:0.000,右节点损失:25.834,总损失:25.834
('----划分特征：', 87)
------划分值:0.000,左节点损失:0.000,右节点损失:25.834,总损失:25.834
('----划分特征：', 88)
------划分值:0.000,左节点损失:0.000,右节点损失:25.834,总损失:25.834
('----划分特征：', 89)
------划分值:0.000,左节点损失:0.000,右节点损失:25.834,总损失:25.834
------划分值:1.000,左节点损失:25.833,右节点损失:0.000,总损失:25.833
('----划分特征：', 90)
------划分值:0.000,左节点损失:0.000,右节点损失:25.834,总损失:25.834
------划分值:1.000,左节点损失:25.831,右节点损失:0.000,总损失:25.831
('----划分特征：', 91)
------划分值:0.000,左节点损失:0.000,右节点损失:25.834,总损失:25.834
------划分值:1.000,左节点损失:25.830,右节点损失:0.000,总损失:25.830
('----划分特征：', 92)
------划分值:0.000,左节点损失:0.000,右节点损失:25.834,总损失:25.834
------划分值:1.000,左节点损失:25.824,右节点损失:0.000,总损失:25.824
('----划分特征：', 93)
------划分值:0.000,左节点损失:0.000,右节点损失:25.834,总损失:25.834
------划分值:1.000,左节点损失:25.817,右节点损失:0.000,总损失:25.817
('----划分特征：', 94)
------划分值:0.000,左节点损失:0.000,右节点损失:25.834,总损失:25.834
------划分值:1.000,左节点损失:25.799,右节点损失:0.000,总损失:25.799
('----划分特征：', 95)
------划分值:0.000,左节点损失:0.000,右节点损失:25.834,总损失:25.834
------划分值:1.000,左节点损失:25.746,右节点损失:0.048,总损失:25.794
('----划分特征：', 96)
------划分值:0.000,左节点损失:0.000,右节点损失:25.834,总损失:25.834
------划分值:1.000,左节点损失:25.609,右节点损失:0.188,总损失:25.797
('----划分特征：', 97)
------划分值:0.000,左节点损失:0.000,右节点损失:25.834,总损失:25.834
------划分值:1.000,左节点损失:25.469,右节点损失:0.327,总损失:25.795
('----划分特征：', 98)
------划分值:0.000,左节点损失:0.000,右节点损失:25.834,总损失:25.834
------划分值:1.000,左节点损失:25.324,右节点损失:0.465,总损失:25.789
('----划分特征：', 99)
------划分值:0.000,左节点损失:0.000,右节点损失:25.834,总损失:25.834
------划分值:1.000,左节点损失:25.253,右节点损失:0.514,总损失:25.767
('----划分特征：', 100)
------划分值:0.000,左节点损失:0.000,右节点损失:25.834,总损失:25.834
------划分值:1.000,左节点损失:25.307,右节点损失:0.425,总损失:25.732
('----划分特征：', 101)
------划分值:0.000,左节点损失:0.000,右节点损失:25.834,总损失:25.834
------划分值:1.000,左节点损失:25.355,右节点损失:0.378,总损失:25.733
('----划分特征：', 102)
------划分值:0.000,左节点损失:0.000,右节点损失:25.834,总损失:25.834
------划分值:1.000,左节点损失:25.552,右节点损失:0.191,总损失:25.742
('----划分特征：', 103)
------划分值:0.000,左节点损失:0.000,右节点损失:25.834,总损失:25.834
------划分值:1.000,左节点损失:25.553,右节点损失:0.235,总损失:25.788
('----划分特征：', 104)
------划分值:0.000,左节点损失:0.000,右节点损失:25.834,总损失:25.834
------划分值:1.000,左节点损失:25.713,右节点损失:0.095,总损失:25.808
('----划分特征：', 105)
------划分值:0.000,左节点损失:0.000,右节点损失:25.834,总损失:25.834
------划分值:1.000,左节点损失:25.813,右节点损失:0.000,总损失:25.813
('----划分特征：', 106)
------划分值:0.000,左节点损失:0.000,右节点损失:25.834,总损失:25.834
------划分值:1.000,左节点损失:25.826,右节点损失:0.000,总损失:25.826
('----划分特征：', 107)
------划分值:0.000,左节点损失:0.000,右节点损失:25.834,总损失:25.834
------划分值:1.000,左节点损失:25.832,右节点损失:0.000,总损失:25.832
('----划分特征：', 108)
------划分值:0.000,左节点损失:0.000,右节点损失:25.834,总损失:25.834
------划分值:1.000,左节点损失:25.834,右节点损失:0.000,总损失:25.834
('----划分特征：', 109)
------划分值:0.000,左节点损失:0.000,右节点损失:25.834,总损失:25.834
('----划分特征：', 110)
------划分值:0.000,左节点损失:0.000,右节点损失:25.834,总损失:25.834
('----划分特征：', 111)
------划分值:0.000,左节点损失:0.000,右节点损失:25.834,总损失:25.834
('----划分特征：', 112)
------划分值:0.000,左节点损失:0.000,右节点损失:25.834,总损失:25.834
('----划分特征：', 113)
------划分值:0.000,左节点损失:0.000,右节点损失:25.834,总损失:25.834
('----划分特征：', 114)
------划分值:0.000,左节点损失:0.000,右节点损失:25.834,总损失:25.834
('----划分特征：', 115)
------划分值:0.000,左节点损失:0.000,右节点损失:25.834,总损失:25.834
('----划分特征：', 116)
------划分值:0.000,左节点损失:0.000,右节点损失:25.834,总损失:25.834
------划分值:1.000,左节点损失:25.834,右节点损失:0.000,总损失:25.834
('----划分特征：', 117)
------划分值:0.000,左节点损失:0.000,右节点损失:25.834,总损失:25.834
------划分值:1.000,左节点损失:25.830,右节点损失:0.000,总损失:25.830
('----划分特征：', 118)
------划分值:0.000,左节点损失:0.000,右节点损失:25.834,总损失:25.834
------划分值:1.000,左节点损失:25.826,右节点损失:0.000,总损失:25.826
('----划分特征：', 119)
------划分值:0.000,左节点损失:0.000,右节点损失:25.834,总损失:25.834
------划分值:1.000,左节点损失:25.818,右节点损失:0.000,总损失:25.818
('----划分特征：', 120)
------划分值:0.000,左节点损失:0.000,右节点损失:25.834,总损失:25.834
------划分值:1.000,左节点损失:25.795,右节点损失:0.000,总损失:25.795
('----划分特征：', 121)
------划分值:0.000,左节点损失:0.000,右节点损失:25.834,总损失:25.834
------划分值:1.000,左节点损失:25.644,右节点损失:0.142,总损失:25.787
('----划分特征：', 122)
------划分值:0.000,左节点损失:0.000,右节点损失:25.834,总损失:25.834
------划分值:1.000,左节点损失:25.282,右节点损失:0.510,总损失:25.792
('----划分特征：', 123)
------划分值:0.000,左节点损失:0.000,右节点损失:25.834,总损失:25.834
------划分值:1.000,左节点损失:24.673,右节点损失:1.134,总损失:25.808
('----划分特征：', 124)
------划分值:0.000,左节点损失:0.000,右节点损失:25.834,总损失:25.834
------划分值:1.000,左节点损失:23.312,右节点损失:2.522,总损失:25.834
('----划分特征：', 125)
------划分值:0.000,左节点损失:0.000,右节点损失:25.834,总损失:25.834
------划分值:1.000,左节点损失:21.379,右节点损失:4.399,总损失:25.778
('----划分特征：', 126)
------划分值:0.000,左节点损失:0.000,右节点损失:25.834,总损失:25.834
------划分值:1.000,左节点损失:20.784,右节点损失:5.022,总损失:25.806
('----划分特征：', 127)
------划分值:0.000,左节点损失:0.000,右节点损失:25.834,总损失:25.834
------划分值:1.000,左节点损失:19.541,右节点损失:6.218,总损失:25.759
('----划分特征：', 128)
------划分值:0.000,左节点损失:0.000,右节点损失:25.834,总损失:25.834
------划分值:1.000,左节点损失:18.930,右节点损失:6.781,总损失:25.711
('----划分特征：', 129)
------划分值:0.000,左节点损失:0.000,右节点损失:25.834,总损失:25.834
------划分值:1.000,左节点损失:19.487,右节点损失:6.230,总损失:25.717
('----划分特征：', 130)
------划分值:0.000,左节点损失:0.000,右节点损失:25.834,总损失:25.834
------划分值:1.000,左节点损失:20.402,右节点损失:5.296,总损失:25.698
('----划分特征：', 131)
------划分值:0.000,左节点损失:0.000,右节点损失:25.834,总损失:25.834
------划分值:1.000,左节点损失:21.565,右节点损失:4.119,总损失:25.684
('----划分特征：', 132)
------划分值:0.000,左节点损失:0.000,右节点损失:25.834,总损失:25.834
------划分值:1.000,左节点损失:23.042,右节点损失:2.679,总损失:25.721
('----划分特征：', 133)
------划分值:0.000,左节点损失:0.000,右节点损失:25.834,总损失:25.834
------划分值:1.000,左节点损失:24.578,右节点损失:1.223,总损失:25.801
('----划分特征：', 134)
------划分值:0.000,左节点损失:0.000,右节点损失:25.834,总损失:25.834
------划分值:1.000,左节点损失:25.358,右节点损失:0.476,总损失:25.834
('----划分特征：', 135)
------划分值:0.000,左节点损失:0.000,右节点损失:25.834,总损失:25.834
------划分值:1.000,左节点损失:25.735,右节点损失:0.093,总损失:25.827
('----划分特征：', 136)
------划分值:0.000,左节点损失:0.000,右节点损失:25.834,总损失:25.834
------划分值:1.000,左节点损失:25.788,右节点损失:0.045,总损失:25.833
('----划分特征：', 137)
------划分值:0.000,左节点损失:0.000,右节点损失:25.834,总损失:25.834
('----划分特征：', 138)
------划分值:0.000,左节点损失:0.000,右节点损失:25.834,总损失:25.834
('----划分特征：', 139)
------划分值:0.000,左节点损失:0.000,右节点损失:25.834,总损失:25.834
('----划分特征：', 140)
------划分值:0.000,左节点损失:0.000,右节点损失:25.834,总损失:25.834
('----划分特征：', 141)
------划分值:0.000,左节点损失:0.000,右节点损失:25.834,总损失:25.834
('----划分特征：', 142)
------划分值:0.000,左节点损失:0.000,右节点损失:25.834,总损失:25.834
('----划分特征：', 143)
------划分值:0.000,左节点损失:0.000,右节点损失:25.834,总损失:25.834
------划分值:1.000,左节点损失:25.833,右节点损失:0.000,总损失:25.833
('----划分特征：', 144)
------划分值:0.000,左节点损失:0.000,右节点损失:25.834,总损失:25.834
------划分值:1.000,左节点损失:25.830,右节点损失:0.000,总损失:25.830
('----划分特征：', 145)
------划分值:0.000,左节点损失:0.000,右节点损失:25.834,总损失:25.834
------划分值:1.000,左节点损失:25.816,右节点损失:0.000,总损失:25.816
('----划分特征：', 146)
------划分值:0.000,左节点损失:0.000,右节点损失:25.834,总损失:25.834
------划分值:1.000,左节点损失:25.801,右节点损失:0.000,总损失:25.801
('----划分特征：', 147)
------划分值:0.000,左节点损失:0.000,右节点损失:25.834,总损失:25.834
------划分值:1.000,左节点损失:25.727,右节点损失:0.048,总损失:25.775
('----划分特征：', 148)
------划分值:0.000,左节点损失:0.000,右节点损失:25.834,总损失:25.834
------划分值:1.000,左节点损失:25.596,右节点损失:0.143,总损失:25.740
('----划分特征：', 149)
------划分值:0.000,左节点损失:0.000,右节点损失:25.834,总损失:25.834
------划分值:1.000,左节点损失:24.972,右节点损失:0.789,总损失:25.762
('----划分特征：', 150)
------划分值:0.000,左节点损失:0.000,右节点损失:25.834,总损失:25.834
------划分值:1.000,左节点损失:23.897,右节点损失:1.900,总损失:25.797
('----划分特征：', 151)
------划分值:0.000,左节点损失:0.000,右节点损失:25.834,总损失:25.834
------划分值:1.000,左节点损失:21.655,右节点损失:4.179,总损失:25.834
('----划分特征：', 152)
------划分值:0.000,左节点损失:0.000,右节点损失:25.834,总损失:25.834
------划分值:1.000,左节点损失:18.963,右节点损失:6.813,总损失:25.776
('----划分特征：', 153)
------划分值:0.000,左节点损失:0.000,右节点损失:25.834,总损失:25.834
------划分值:1.000,左节点损失:16.267,右节点损失:9.415,总损失:25.682
('----划分特征：', 154)
------划分值:0.000,左节点损失:0.000,右节点损失:25.834,总损失:25.834
------划分值:1.000,左节点损失:12.899,右节点损失:12.512,总损失:25.411
('----划分特征：', 155)
------划分值:0.000,左节点损失:0.000,右节点损失:25.834,总损失:25.834
------划分值:1.000,左节点损失:10.674,右节点损失:14.482,总损失:25.156
('----划分特征：', 156)
------划分值:0.000,左节点损失:0.000,右节点损失:25.834,总损失:25.834
------划分值:1.000,左节点损失:9.779,右节点损失:15.145,总损失:24.924
('----划分特征：', 157)
------划分值:1.000,左节点损失:11.131,右节点损失:13.923,总损失:25.053
------划分值:0.000,左节点损失:0.000,右节点损失:25.834,总损失:25.834
('----划分特征：', 158)
------划分值:1.000,左节点损失:13.132,右节点损失:12.020,总损失:25.151
------划分值:0.000,左节点损失:0.000,右节点损失:25.834,总损失:25.834
('----划分特征：', 159)
------划分值:0.000,左节点损失:0.000,右节点损失:25.834,总损失:25.834
------划分值:1.000,左节点损失:16.802,右节点损失:8.628,总损失:25.430
('----划分特征：', 160)
------划分值:1.000,左节点损失:19.885,右节点损失:5.720,总损失:25.605
------划分值:0.000,左节点损失:0.000,右节点损失:25.834,总损失:25.834
('----划分特征：', 161)
------划分值:1.000,左节点损失:22.557,右节点损失:3.195,总损失:25.753
------划分值:0.000,左节点损失:0.000,右节点损失:25.834,总损失:25.834
('----划分特征：', 162)
------划分值:1.000,左节点损失:24.302,右节点损失:1.520,总损失:25.822
------划分值:0.000,左节点损失:0.000,右节点损失:25.834,总损失:25.834
('----划分特征：', 163)
------划分值:0.000,左节点损失:0.000,右节点损失:25.834,总损失:25.834
------划分值:1.000,左节点损失:25.297,右节点损失:0.535,总损失:25.831
('----划分特征：', 164)
------划分值:0.000,左节点损失:0.000,右节点损失:25.834,总损失:25.834
------划分值:1.000,左节点损失:25.727,右节点损失:0.094,总损失:25.820
('----划分特征：', 165)
------划分值:0.000,左节点损失:0.000,右节点损失:25.834,总损失:25.834
------划分值:1.000,左节点损失:25.827,右节点损失:0.000,总损失:25.827
('----划分特征：', 166)
------划分值:0.000,左节点损失:0.000,右节点损失:25.834,总损失:25.834
------划分值:1.000,左节点损失:25.834,右节点损失:0.000,总损失:25.834
('----划分特征：', 167)
------划分值:0.000,左节点损失:0.000,右节点损失:25.834,总损失:25.834
('----划分特征：', 168)
------划分值:0.000,左节点损失:0.000,右节点损失:25.834,总损失:25.834
('----划分特征：', 169)
------划分值:0.000,左节点损失:0.000,右节点损失:25.834,总损失:25.834
('----划分特征：', 170)
------划分值:0.000,左节点损失:0.000,右节点损失:25.834,总损失:25.834
('----划分特征：', 171)
------划分值:0.000,左节点损失:0.000,右节点损失:25.834,总损失:25.834
------划分值:1.000,左节点损失:25.832,右节点损失:0.000,总损失:25.832
('----划分特征：', 172)
------划分值:0.000,左节点损失:0.000,右节点损失:25.834,总损失:25.834
------划分值:1.000,左节点损失:25.824,右节点损失:0.000,总损失:25.824
('----划分特征：', 173)
------划分值:0.000,左节点损失:0.000,右节点损失:25.834,总损失:25.834
------划分值:1.000,左节点损失:25.766,右节点损失:0.048,总损失:25.814
('----划分特征：', 174)
------划分值:0.000,左节点损失:0.000,右节点损失:25.834,总损失:25.834
------划分值:1.000,左节点损失:25.728,右节点损失:0.048,总损失:25.776
('----划分特征：', 175)
------划分值:0.000,左节点损失:0.000,右节点损失:25.834,总损失:25.834
------划分值:1.000,左节点损失:25.612,右节点损失:0.096,总损失:25.708
('----划分特征：', 176)
------划分值:0.000,左节点损失:0.000,右节点损失:25.834,总损失:25.834
------划分值:1.000,左节点损失:24.863,右节点损失:0.883,总损失:25.746
('----划分特征：', 177)
------划分值:0.000,左节点损失:0.000,右节点损失:25.834,总损失:25.834
------划分值:1.000,左节点损失:23.288,右节点损失:2.516,总损失:25.804
('----划分特征：', 178)
------划分值:0.000,左节点损失:0.000,右节点损失:25.834,总损失:25.834
------划分值:1.000,左节点损失:20.936,右节点损失:4.898,总损失:25.834
('----划分特征：', 179)
------划分值:1.000,左节点损失:17.501,右节点损失:8.264,总损失:25.765
------划分值:0.000,左节点损失:0.000,右节点损失:25.834,总损失:25.834
('----划分特征：', 180)
------划分值:1.000,左节点损失:14.667,右节点损失:11.003,总损失:25.670
------划分值:0.000,左节点损失:0.000,右节点损失:25.834,总损失:25.834
('----划分特征：', 181)
------划分值:1.000,左节点损失:11.419,右节点损失:14.102,总损失:25.521
------划分值:0.000,左节点损失:0.000,右节点损失:25.834,总损失:25.834
('----划分特征：', 182)
------划分值:1.000,左节点损失:8.133,右节点损失:17.121,总损失:25.254
------划分值:0.000,左节点损失:0.000,右节点损失:25.834,总损失:25.834
('----划分特征：', 183)
------划分值:1.000,左节点损失:5.845,右节点损失:19.042,总损失:24.887
------划分值:0.000,左节点损失:0.000,右节点损失:25.834,总损失:25.834
('----划分特征：', 184)
------划分值:1.000,左节点损失:5.492,右节点损失:19.255,总损失:24.748
------划分值:0.000,左节点损失:0.000,右节点损失:25.834,总损失:25.834
('----划分特征：', 185)
------划分值:1.000,左节点损失:6.399,右节点损失:18.332,总损失:24.731
------划分值:0.000,左节点损失:0.000,右节点损失:25.834,总损失:25.834
('----划分特征：', 186)
------划分值:1.000,左节点损失:8.152,右节点损失:16.576,总损失:24.727
------划分值:0.000,左节点损失:0.000,右节点损失:25.834,总损失:25.834
('----划分特征：', 187)
------划分值:1.000,左节点损失:11.625,右节点损失:13.353,总损失:24.978
------划分值:0.000,左节点损失:0.000,右节点损失:25.834,总损失:25.834
('----划分特征：', 188)
------划分值:1.000,左节点损失:15.599,右节点损失:9.611,总损失:25.210
------划分值:0.000,左节点损失:0.000,右节点损失:25.834,总损失:25.834
('----划分特征：', 189)
------划分值:1.000,左节点损失:19.767,右节点损失:5.808,总损失:25.576
------划分值:0.000,左节点损失:0.000,右节点损失:25.834,总损失:25.834
('----划分特征：', 190)
------划分值:1.000,左节点损失:22.793,右节点损失:2.991,总损失:25.784
------划分值:0.000,左节点损失:0.000,右节点损失:25.834,总损失:25.834
('----划分特征：', 191)
------划分值:0.000,左节点损失:0.000,右节点损失:25.834,总损失:25.834
------划分值:1.000,左节点损失:24.814,右节点损失:1.018,总损失:25.832
('----划分特征：', 192)
------划分值:0.000,左节点损失:0.000,右节点损失:25.834,总损失:25.834
------划分值:1.000,左节点损失:25.615,右节点损失:0.188,总损失:25.803
('----划分特征：', 193)
------划分值:0.000,左节点损失:0.000,右节点损失:25.834,总损失:25.834
------划分值:1.000,左节点损失:25.816,右节点损失:0.000,总损失:25.816
('----划分特征：', 194)
------划分值:0.000,左节点损失:0.000,右节点损失:25.834,总损失:25.834
------划分值:1.000,左节点损失:25.831,右节点损失:0.000,总损失:25.831
('----划分特征：', 195)
------划分值:0.000,左节点损失:0.000,右节点损失:25.834,总损失:25.834
------划分值:1.000,左节点损失:25.833,右节点损失:0.000,总损失:25.833
('----划分特征：', 196)
------划分值:0.000,左节点损失:0.000,右节点损失:25.834,总损失:25.834
('----划分特征：', 197)
------划分值:0.000,左节点损失:0.000,右节点损失:25.834,总损失:25.834
------划分值:1.000,左节点损失:25.834,右节点损失:0.000,总损失:25.834
('----划分特征：', 198)
------划分值:0.000,左节点损失:0.000,右节点损失:25.834,总损失:25.834
------划分值:1.000,左节点损失:25.833,右节点损失:0.000,总损失:25.833
('----划分特征：', 199)
------划分值:0.000,左节点损失:0.000,右节点损失:25.834,总损失:25.834
------划分值:1.000,左节点损失:25.829,右节点损失:0.000,总损失:25.829
('----划分特征：', 200)
------划分值:0.000,左节点损失:0.000,右节点损失:25.834,总损失:25.834
------划分值:1.000,左节点损失:25.814,右节点损失:0.000,总损失:25.814
('----划分特征：', 201)
------划分值:0.000,左节点损失:0.000,右节点损失:25.834,总损失:25.834
------划分值:1.000,左节点损失:25.738,右节点损失:0.048,总损失:25.786
('----划分特征：', 202)
------划分值:0.000,左节点损失:0.000,右节点损失:25.834,总损失:25.834
------划分值:1.000,左节点损失:25.689,右节点损失:0.048,总损失:25.737
('----划分特征：', 203)
------划分值:0.000,左节点损失:0.000,右节点损失:25.834,总损失:25.834
------划分值:1.000,左节点损失:25.159,右节点损失:0.565,总损失:25.723
('----划分特征：', 204)
------划分值:1.000,左节点损失:23.804,右节点损失:1.962,总损失:25.766
------划分值:0.000,左节点损失:0.000,右节点损失:25.834,总损失:25.834
('----划分特征：', 205)
------划分值:1.000,左节点损失:21.098,右节点损失:4.735,总损失:25.833
------划分值:0.000,左节点损失:0.000,右节点损失:25.834,总损失:25.834
('----划分特征：', 206)
------划分值:1.000,左节点损失:17.865,右节点损失:7.947,总损失:25.813
------划分值:0.000,左节点损失:0.000,右节点损失:25.834,总损失:25.834
('----划分特征：', 207)
------划分值:1.000,左节点损失:14.757,右节点损失:10.968,总损失:25.726
------划分值:0.000,左节点损失:0.000,右节点损失:25.834,总损失:25.834
('----划分特征：', 208)
------划分值:1.000,左节点损失:10.732,右节点损失:14.746,总损失:25.477
------划分值:0.000,左节点损失:0.000,右节点损失:25.834,总损失:25.834
('----划分特征：', 209)
------划分值:1.000,左节点损失:8.152,右节点损失:17.231,总损失:25.383
------划分值:0.000,左节点损失:0.000,右节点损失:25.834,总损失:25.834
('----划分特征：', 210)
------划分值:1.000,左节点损失:6.746,右节点损失:18.530,总损失:25.276
------划分值:0.000,左节点损失:0.000,右节点损失:25.834,总损失:25.834
('----划分特征：', 211)
------划分值:1.000,左节点损失:5.695,右节点损失:19.368,总损失:25.062
------划分值:0.000,左节点损失:0.000,右节点损失:25.834,总损失:25.834
('----划分特征：', 212)
------划分值:1.000,左节点损失:5.916,右节点损失:19.190,总损失:25.106
------划分值:0.000,左节点损失:0.000,右节点损失:25.834,总损失:25.834
('----划分特征：', 213)
------划分值:1.000,左节点损失:5.528,右节点损失:19.360,总损失:24.888
------划分值:0.000,左节点损失:0.000,右节点损失:25.834,总损失:25.834
('----划分特征：', 214)
------划分值:0.000,左节点损失:0.000,右节点损失:25.834,总损失:25.834
------划分值:1.000,左节点损失:6.398,右节点损失:18.351,总损失:24.748
('----划分特征：', 215)
------划分值:0.000,左节点损失:0.000,右节点损失:25.834,总损失:25.834
------划分值:1.000,左节点损失:8.502,右节点损失:16.298,总损失:24.801
('----划分特征：', 216)
------划分值:0.000,左节点损失:0.000,右节点损失:25.834,总损失:25.834
------划分值:1.000,左节点损失:12.200,右节点损失:12.749,总损失:24.949
('----划分特征：', 217)
------划分值:0.000,左节点损失:0.000,右节点损失:25.834,总损失:25.834
------划分值:1.000,左节点损失:16.867,右节点损失:8.477,总损失:25.344
('----划分特征：', 218)
------划分值:0.000,左节点损失:0.000,右节点损失:25.834,总损失:25.834
------划分值:1.000,左节点损失:21.019,右节点损失:4.643,总损失:25.662
('----划分特征：', 219)
------划分值:0.000,左节点损失:0.000,右节点损失:25.834,总损失:25.834
------划分值:1.000,左节点损失:23.868,右节点损失:1.955,总损失:25.824
('----划分特征：', 220)
------划分值:0.000,左节点损失:0.000,右节点损失:25.834,总损失:25.834
------划分值:1.000,左节点损失:25.363,右节点损失:0.456,总损失:25.819
('----划分特征：', 221)
------划分值:0.000,左节点损失:0.000,右节点损失:25.834,总损失:25.834
------划分值:1.000,左节点损失:25.799,右节点损失:0.000,总损失:25.799
('----划分特征：', 222)
------划分值:0.000,左节点损失:0.000,右节点损失:25.834,总损失:25.834
------划分值:1.000,左节点损失:25.825,右节点损失:0.000,总损失:25.825
('----划分特征：', 223)
------划分值:0.000,左节点损失:0.000,右节点损失:25.834,总损失:25.834
------划分值:1.000,左节点损失:25.834,右节点损失:0.000,总损失:25.834
('----划分特征：', 224)
------划分值:0.000,左节点损失:0.000,右节点损失:25.834,总损失:25.834
------划分值:1.000,左节点损失:25.834,右节点损失:0.000,总损失:25.834
('----划分特征：', 225)
------划分值:0.000,左节点损失:0.000,右节点损失:25.834,总损失:25.834
------划分值:1.000,左节点损失:25.833,右节点损失:0.000,总损失:25.833
('----划分特征：', 226)
------划分值:0.000,左节点损失:0.000,右节点损失:25.834,总损失:25.834
------划分值:1.000,左节点损失:25.832,右节点损失:0.000,总损失:25.832
('----划分特征：', 227)
------划分值:0.000,左节点损失:0.000,右节点损失:25.834,总损失:25.834
------划分值:1.000,左节点损失:25.822,右节点损失:0.000,总损失:25.822
('----划分特征：', 228)
------划分值:0.000,左节点损失:0.000,右节点损失:25.834,总损失:25.834
------划分值:1.000,左节点损失:25.796,右节点损失:0.000,总损失:25.796
('----划分特征：', 229)
------划分值:0.000,左节点损失:0.000,右节点损失:25.834,总损失:25.834
------划分值:1.000,左节点损失:25.671,右节点损失:0.096,总损失:25.766
('----划分特征：', 230)
------划分值:0.000,左节点损失:0.000,右节点损失:25.834,总损失:25.834
------划分值:1.000,左节点损失:25.403,右节点损失:0.332,总损失:25.735
('----划分特征：', 231)
------划分值:0.000,左节点损失:0.000,右节点损失:25.834,总损失:25.834
------划分值:1.000,左节点损失:24.371,右节点损失:1.381,总损失:25.752
('----划分特征：', 232)
------划分值:1.000,左节点损失:21.830,右节点损失:4.001,总损失:25.832
------划分值:0.000,左节点损失:0.000,右节点损失:25.834,总损失:25.834
('----划分特征：', 233)
------划分值:1.000,左节点损失:18.722,右节点损失:7.096,总损失:25.818
------划分值:0.000,左节点损失:0.000,右节点损失:25.834,总损失:25.834
('----划分特征：', 234)
------划分值:1.000,左节点损失:14.485,右节点损失:11.199,总损失:25.683
------划分值:0.000,左节点损失:0.000,右节点损失:25.834,总损失:25.834
('----划分特征：', 235)
------划分值:1.000,左节点损失:11.035,右节点损失:14.456,总损失:25.491
------划分值:0.000,左节点损失:0.000,右节点损失:25.834,总损失:25.834
('----划分特征：', 236)
------划分值:1.000,左节点损失:8.558,右节点损失:16.792,总损失:25.350
------划分值:0.000,左节点损失:0.000,右节点损失:25.834,总损失:25.834
('----划分特征：', 237)
------划分值:1.000,左节点损失:7.765,右节点损失:17.552,总损失:25.317
------划分值:0.000,左节点损失:0.000,右节点损失:25.834,总损失:25.834
('----划分特征：', 238)
------划分值:1.000,左节点损失:7.901,右节点损失:17.402,总损失:25.303
------划分值:0.000,左节点损失:0.000,右节点损失:25.834,总损失:25.834
('----划分特征：', 239)
------划分值:1.000,左节点损失:9.193,右节点损失:16.270,总损失:25.464
------划分值:0.000,左节点损失:0.000,右节点损失:25.834,总损失:25.834
('----划分特征：', 240)
------划分值:1.000,左节点损失:10.195,右节点损失:15.420,总损失:25.615
------划分值:0.000,左节点损失:0.000,右节点损失:25.834,总损失:25.834
('----划分特征：', 241)
------划分值:1.000,左节点损失:9.605,右节点损失:15.947,总损失:25.553
------划分值:0.000,左节点损失:0.000,右节点损失:25.834,总损失:25.834
('----划分特征：', 242)
------划分值:0.000,左节点损失:0.000,右节点损失:25.834,总损失:25.834
------划分值:1.000,左节点损失:8.006,右节点损失:17.206,总损失:25.212
('----划分特征：', 243)
------划分值:0.000,左节点损失:0.000,右节点损失:25.834,总损失:25.834
------划分值:1.000,左节点损失:7.914,右节点损失:16.968,总损失:24.882
('----划分特征：', 244)
------划分值:0.000,左节点损失:0.000,右节点损失:25.834,总损失:25.834
------划分值:1.000,左节点损失:9.548,右节点损失:15.002,总损失:24.551
('----划分特征：', 245)
------划分值:0.000,左节点损失:0.000,右节点损失:25.834,总损失:25.834
------划分值:1.000,左节点损失:14.044,右节点损失:10.837,总损失:24.880
('----划分特征：', 246)
------划分值:0.000,左节点损失:0.000,右节点损失:25.834,总损失:25.834
------划分值:1.000,左节点损失:18.650,右节点损失:6.576,总损失:25.226
('----划分特征：', 247)
------划分值:0.000,左节点损失:0.000,右节点损失:25.834,总损失:25.834
------划分值:1.000,左节点损失:22.835,右节点损失:2.872,总损失:25.707
('----划分特征：', 248)
------划分值:0.000,左节点损失:0.000,右节点损失:25.834,总损失:25.834
------划分值:1.000,左节点损失:25.129,右节点损失:0.705,总损失:25.834
('----划分特征：', 249)
------划分值:0.000,左节点损失:0.000,右节点损失:25.834,总损失:25.834
------划分值:1.000,左节点损失:25.802,右节点损失:0.000,总损失:25.802
('----划分特征：', 250)
------划分值:0.000,左节点损失:0.000,右节点损失:25.834,总损失:25.834
------划分值:1.000,左节点损失:25.829,右节点损失:0.000,总损失:25.829
('----划分特征：', 251)
------划分值:0.000,左节点损失:0.000,右节点损失:25.834,总损失:25.834
------划分值:1.000,左节点损失:25.834,右节点损失:0.000,总损失:25.834
('----划分特征：', 252)
------划分值:0.000,左节点损失:0.000,右节点损失:25.834,总损失:25.834
('----划分特征：', 253)
------划分值:0.000,左节点损失:0.000,右节点损失:25.834,总损失:25.834
------划分值:1.000,左节点损失:25.833,右节点损失:0.000,总损失:25.833
('----划分特征：', 254)
------划分值:0.000,左节点损失:0.000,右节点损失:25.834,总损失:25.834
------划分值:1.000,左节点损失:25.829,右节点损失:0.000,总损失:25.829
('----划分特征：', 255)
------划分值:0.000,左节点损失:0.000,右节点损失:25.834,总损失:25.834
------划分值:1.000,左节点损失:25.819,右节点损失:0.000,总损失:25.819
('----划分特征：', 256)
------划分值:0.000,左节点损失:0.000,右节点损失:25.834,总损失:25.834
------划分值:1.000,左节点损失:25.791,右节点损失:0.000,总损失:25.791
('----划分特征：', 257)
------划分值:0.000,左节点损失:0.000,右节点损失:25.834,总损失:25.834
------划分值:1.000,左节点损失:25.649,右节点损失:0.096,总损失:25.745
('----划分特征：', 258)
------划分值:0.000,左节点损失:0.000,右节点损失:25.834,总损失:25.834
------划分值:1.000,左节点损失:24.623,右节点损失:1.181,总损失:25.804
('----划分特征：', 259)
------划分值:0.000,左节点损失:0.000,右节点损失:25.834,总损失:25.834
------划分值:1.000,左节点损失:22.720,右节点损失:3.114,总损失:25.833
('----划分特征：', 260)
------划分值:0.000,左节点损失:0.000,右节点损失:25.834,总损失:25.834
------划分值:1.000,左节点损失:19.626,右节点损失:6.173,总损失:25.799
('----划分特征：', 261)
------划分值:1.000,左节点损失:15.592,右节点损失:10.057,总损失:25.649
------划分值:0.000,左节点损失:0.000,右节点损失:25.834,总损失:25.834
('----划分特征：', 262)
------划分值:0.000,左节点损失:0.000,右节点损失:25.834,总损失:25.834
------划分值:1.000,左节点损失:11.287,右节点损失:14.092,总损失:25.379
('----划分特征：', 263)
------划分值:1.000,左节点损失:8.292,右节点损失:16.798,总损失:25.089
------划分值:0.000,左节点损失:0.000,右节点损失:25.834,总损失:25.834
('----划分特征：', 264)
------划分值:1.000,左节点损失:8.324,右节点损失:16.852,总损失:25.175
------划分值:0.000,左节点损失:0.000,右节点损失:25.834,总损失:25.834
('----划分特征：', 265)
------划分值:1.000,左节点损失:9.166,右节点损失:16.021,总损失:25.187
------划分值:0.000,左节点损失:0.000,右节点损失:25.834,总损失:25.834
('----划分特征：', 266)
------划分值:0.000,左节点损失:0.000,右节点损失:25.834,总损失:25.834
------划分值:1.000,左节点损失:12.143,右节点损失:13.431,总损失:25.574
('----划分特征：', 267)
------划分值:0.000,左节点损失:0.000,右节点损失:25.834,总损失:25.834
------划分值:1.000,左节点损失:14.282,右节点损失:11.485,总损失:25.767
('----划分特征：', 268)
------划分值:0.000,左节点损失:0.000,右节点损失:25.834,总损失:25.834
------划分值:1.000,左节点损失:15.173,右节点损失:10.660,总损失:25.833
('----划分特征：', 269)
------划分值:1.000,左节点损失:14.282,右节点损失:11.552,总损失:25.834
------划分值:0.000,左节点损失:0.000,右节点损失:25.834,总损失:25.834
('----划分特征：', 270)
------划分值:0.000,左节点损失:0.000,右节点损失:25.834,总损失:25.834
------划分值:1.000,左节点损失:12.213,右节点损失:13.530,总损失:25.743
('----划分特征：', 271)
------划分值:0.000,左节点损失:0.000,右节点损失:25.834,总损失:25.834
------划分值:1.000,左节点损失:8.965,右节点损失:16.076,总损失:25.042
('----划分特征：', 272)
------划分值:0.000,左节点损失:0.000,右节点损失:25.834,总损失:25.834
------划分值:1.000,左节点损失:8.762,右节点损失:15.557,总损失:24.319
('----划分特征：', 273)
------划分值:0.000,左节点损失:0.000,右节点损失:25.834,总损失:25.834
------划分值:1.000,左节点损失:11.232,右节点损失:12.597,总损失:23.829
('----划分特征：', 274)
------划分值:0.000,左节点损失:0.000,右节点损失:25.834,总损失:25.834
------划分值:1.000,左节点损失:16.014,右节点损失:8.071,总损失:24.085
('----划分特征：', 275)
------划分值:0.000,左节点损失:0.000,右节点损失:25.834,总损失:25.834
------划分值:1.000,左节点损失:21.911,右节点损失:3.320,总损失:25.231
('----划分特征：', 276)
------划分值:0.000,左节点损失:0.000,右节点损失:25.834,总损失:25.834
------划分值:1.000,左节点损失:24.760,右节点损失:1.011,总损失:25.771
('----划分特征：', 277)
------划分值:0.000,左节点损失:0.000,右节点损失:25.834,总损失:25.834
------划分值:1.000,左节点损失:25.818,右节点损失:0.000,总损失:25.818
('----划分特征：', 278)
------划分值:0.000,左节点损失:0.000,右节点损失:25.834,总损失:25.834
------划分值:1.000,左节点损失:25.832,右节点损失:0.000,总损失:25.832
('----划分特征：', 279)
------划分值:0.000,左节点损失:0.000,右节点损失:25.834,总损失:25.834
('----划分特征：', 280)
------划分值:0.000,左节点损失:0.000,右节点损失:25.834,总损失:25.834
('----划分特征：', 281)
------划分值:0.000,左节点损失:0.000,右节点损失:25.834,总损失:25.834
------划分值:1.000,左节点损失:25.833,右节点损失:0.000,总损失:25.833
('----划分特征：', 282)
------划分值:0.000,左节点损失:0.000,右节点损失:25.834,总损失:25.834
------划分值:1.000,左节点损失:25.830,右节点损失:0.000,总损失:25.830
('----划分特征：', 283)
------划分值:0.000,左节点损失:0.000,右节点损失:25.834,总损失:25.834
------划分值:1.000,左节点损失:25.819,右节点损失:0.000,总损失:25.819
('----划分特征：', 284)
------划分值:0.000,左节点损失:0.000,右节点损失:25.834,总损失:25.834
------划分值:1.000,左节点损失:25.788,右节点损失:0.000,总损失:25.788
('----划分特征：', 285)
------划分值:0.000,左节点损失:0.000,右节点损失:25.834,总损失:25.834
------划分值:1.000,左节点损失:25.374,右节点损失:0.419,总损失:25.793
('----划分特征：', 286)
------划分值:0.000,左节点损失:0.000,右节点损失:25.834,总损失:25.834
------划分值:1.000,左节点损失:23.681,右节点损失:2.149,总损失:25.830
('----划分特征：', 287)
------划分值:0.000,左节点损失:0.000,右节点损失:25.834,总损失:25.834
------划分值:1.000,左节点损失:20.659,右节点损失:5.038,总损失:25.698
('----划分特征：', 288)
------划分值:0.000,左节点损失:0.000,右节点损失:25.834,总损失:25.834
------划分值:1.000,左节点损失:16.651,右节点损失:8.849,总损失:25.501
('----划分特征：', 289)
------划分值:0.000,左节点损失:0.000,右节点损失:25.834,总损失:25.834
------划分值:1.000,左节点损失:11.793,右节点损失:13.243,总损失:25.036
('----划分特征：', 290)
------划分值:0.000,左节点损失:0.000,右节点损失:25.834,总损失:25.834
------划分值:1.000,左节点损失:8.677,右节点损失:16.160,总损失:24.837
('----划分特征：', 291)
------划分值:1.000,左节点损失:8.919,右节点损失:16.138,总损失:25.057
------划分值:0.000,左节点损失:0.000,右节点损失:25.834,总损失:25.834
('----划分特征：', 292)
------划分值:1.000,左节点损失:10.236,右节点损失:14.897,总损失:25.133
------划分值:0.000,左节点损失:0.000,右节点损失:25.834,总损失:25.834
('----划分特征：', 293)
------划分值:0.000,左节点损失:0.000,右节点损失:25.834,总损失:25.834
------划分值:1.000,左节点损失:13.185,右节点损失:12.292,总损失:25.477
('----划分特征：', 294)
------划分值:0.000,左节点损失:0.000,右节点损失:25.834,总损失:25.834
------划分值:1.000,左节点损失:16.247,右节点损失:9.513,总损失:25.760
('----划分特征：', 295)
------划分值:0.000,左节点损失:0.000,右节点损失:25.834,总损失:25.834
------划分值:1.000,左节点损失:18.461,右节点损失:7.349,总损失:25.810
('----划分特征：', 296)
------划分值:0.000,左节点损失:0.000,右节点损失:25.834,总损失:25.834
------划分值:1.000,左节点损失:19.416,右节点损失:6.213,总损失:25.629
('----划分特征：', 297)
------划分值:0.000,左节点损失:0.000,右节点损失:25.834,总损失:25.834
------划分值:1.000,左节点损失:18.088,右节点损失:7.542,总损失:25.630
('----划分特征：', 298)
------划分值:0.000,左节点损失:0.000,右节点损失:25.834,总损失:25.834
------划分值:1.000,左节点损失:15.515,右节点损失:10.314,总损失:25.829
('----划分特征：', 299)
------划分值:0.000,左节点损失:0.000,右节点损失:25.834,总损失:25.834
------划分值:1.000,左节点损失:11.522,右节点损失:13.957,总损失:25.478
('----划分特征：', 300)
------划分值:0.000,左节点损失:0.000,右节点损失:25.834,总损失:25.834
------划分值:1.000,左节点损失:8.731,右节点损失:15.320,总损失:24.051
('----划分特征：', 301)
------划分值:0.000,左节点损失:0.000,右节点损失:25.834,总损失:25.834
------划分值:1.000,左节点损失:10.290,右节点损失:12.570,总损失:22.861
('----划分特征：', 302)
------划分值:0.000,左节点损失:0.000,右节点损失:25.834,总损失:25.834
------划分值:1.000,左节点损失:14.261,右节点损失:8.022,总损失:22.284
('----划分特征：', 303)
------划分值:0.000,左节点损失:0.000,右节点损失:25.834,总损失:25.834
------划分值:1.000,左节点损失:20.074,右节点损失:3.363,总损失:23.437
('----划分特征：', 304)
------划分值:0.000,左节点损失:0.000,右节点损失:25.834,总损失:25.834
------划分值:1.000,左节点损失:24.590,右节点损失:0.864,总损失:25.454
('----划分特征：', 305)
------划分值:0.000,左节点损失:0.000,右节点损失:25.834,总损失:25.834
------划分值:1.000,左节点损失:25.827,右节点损失:0.000,总损失:25.827
('----划分特征：', 306)
------划分值:0.000,左节点损失:0.000,右节点损失:25.834,总损失:25.834
------划分值:1.000,左节点损失:25.834,右节点损失:0.000,总损失:25.834
('----划分特征：', 307)
------划分值:0.000,左节点损失:0.000,右节点损失:25.834,总损失:25.834
('----划分特征：', 308)
------划分值:0.000,左节点损失:0.000,右节点损失:25.834,总损失:25.834
('----划分特征：', 309)
------划分值:0.000,左节点损失:0.000,右节点损失:25.834,总损失:25.834
------划分值:1.000,左节点损失:25.834,右节点损失:0.000,总损失:25.834
('----划分特征：', 310)
------划分值:0.000,左节点损失:0.000,右节点损失:25.834,总损失:25.834
------划分值:1.000,左节点损失:25.829,右节点损失:0.000,总损失:25.829
('----划分特征：', 311)
------划分值:0.000,左节点损失:0.000,右节点损失:25.834,总损失:25.834
------划分值:1.000,左节点损失:25.820,右节点损失:0.000,总损失:25.820
('----划分特征：', 312)
------划分值:0.000,左节点损失:0.000,右节点损失:25.834,总损失:25.834
------划分值:1.000,左节点损失:25.796,右节点损失:0.000,总损失:25.796
('----划分特征：', 313)
------划分值:0.000,左节点损失:0.000,右节点损失:25.834,总损失:25.834
------划分值:1.000,左节点损失:24.871,右节点损失:0.963,总损失:25.834
('----划分特征：', 314)
------划分值:0.000,左节点损失:0.000,右节点损失:25.834,总损失:25.834
------划分值:1.000,左节点损失:22.339,右节点损失:3.327,总损失:25.667
('----划分特征：', 315)
------划分值:0.000,左节点损失:0.000,右节点损失:25.834,总损失:25.834
------划分值:1.000,左节点损失:18.262,右节点损失:6.979,总损失:25.241
('----划分特征：', 316)
------划分值:0.000,左节点损失:0.000,右节点损失:25.834,总损失:25.834
------划分值:1.000,左节点损失:13.695,右节点损失:11.186,总损失:24.881
('----划分特征：', 317)
------划分值:0.000,左节点损失:0.000,右节点损失:25.834,总损失:25.834
------划分值:1.000,左节点损失:9.547,右节点损失:15.022,总损失:24.569
('----划分特征：', 318)
------划分值:0.000,左节点损失:0.000,右节点损失:25.834,总损失:25.834
------划分值:1.000,左节点损失:8.678,右节点损失:16.153,总损失:24.831
('----划分特征：', 319)
------划分值:1.000,左节点损失:10.366,右节点损失:14.785,总损失:25.151
------划分值:0.000,左节点损失:0.000,右节点损失:25.834,总损失:25.834
('----划分特征：', 320)
------划分值:1.000,左节点损失:14.060,右节点损失:11.521,总损失:25.581
------划分值:0.000,左节点损失:0.000,右节点损失:25.834,总损失:25.834
('----划分特征：', 321)
------划分值:1.000,左节点损失:17.071,右节点损失:8.724,总损失:25.795
------划分值:0.000,左节点损失:0.000,右节点损失:25.834,总损失:25.834
('----划分特征：', 322)
------划分值:0.000,左节点损失:0.000,右节点损失:25.834,总损失:25.834
------划分值:1.000,左节点损失:20.164,右节点损失:5.578,总损失:25.742
('----划分特征：', 323)
------划分值:0.000,左节点损失:0.000,右节点损失:25.834,总损失:25.834
------划分值:1.000,左节点损失:21.875,右节点损失:3.447,总损失:25.321
('----划分特征：', 324)
------划分值:0.000,左节点损失:0.000,右节点损失:25.834,总损失:25.834
------划分值:1.000,左节点损失:21.936,右节点损失:3.100,总损失:25.036
('----划分特征：', 325)
------划分值:0.000,左节点损失:0.000,右节点损失:25.834,总损失:25.834
------划分值:1.000,左节点损失:20.952,右节点损失:4.021,总损失:24.972
('----划分特征：', 326)
------划分值:0.000,左节点损失:0.000,右节点损失:25.834,总损失:25.834
------划分值:1.000,左节点损失:18.743,右节点损失:6.782,总损失:25.525
('----划分特征：', 327)
------划分值:0.000,左节点损失:0.000,右节点损失:25.834,总损失:25.834
------划分值:1.000,左节点损失:14.124,右节点损失:11.627,总损失:25.751
('----划分特征：', 328)
------划分值:0.000,左节点损失:0.000,右节点损失:25.834,总损失:25.834
------划分值:1.000,左节点损失:10.197,右节点损失:13.947,总损失:24.144
('----划分特征：', 329)
------划分值:0.000,左节点损失:0.000,右节点损失:25.834,总损失:25.834
------划分值:1.000,左节点损失:9.604,右节点损失:11.746,总损失:21.350
('----划分特征：', 330)
------划分值:0.000,左节点损失:0.000,右节点损失:25.834,总损失:25.834
------划分值:1.000,左节点损失:12.463,右节点损失:7.129,总损失:19.592
('----划分特征：', 331)
------划分值:0.000,左节点损失:0.000,右节点损失:25.834,总损失:25.834
------划分值:1.000,左节点损失:18.930,右节点损失:2.786,总损失:21.716
('----划分特征：', 332)
------划分值:0.000,左节点损失:0.000,右节点损失:25.834,总损失:25.834
------划分值:1.000,左节点损失:24.117,右节点损失:0.888,总损失:25.006
('----划分特征：', 333)
------划分值:0.000,左节点损失:0.000,右节点损失:25.834,总损失:25.834
------划分值:1.000,左节点损失:25.830,右节点损失:0.000,总损失:25.830
('----划分特征：', 334)
------划分值:0.000,左节点损失:0.000,右节点损失:25.834,总损失:25.834
------划分值:1.000,左节点损失:25.794,右节点损失:0.024,总损失:25.819
('----划分特征：', 335)
------划分值:0.000,左节点损失:0.000,右节点损失:25.834,总损失:25.834
('----划分特征：', 336)
------划分值:0.000,左节点损失:0.000,右节点损失:25.834,总损失:25.834
('----划分特征：', 337)
------划分值:0.000,左节点损失:0.000,右节点损失:25.834,总损失:25.834
------划分值:1.000,左节点损失:25.834,右节点损失:0.000,总损失:25.834
('----划分特征：', 338)
------划分值:0.000,左节点损失:0.000,右节点损失:25.834,总损失:25.834
------划分值:1.000,左节点损失:25.830,右节点损失:0.000,总损失:25.830
('----划分特征：', 339)
------划分值:0.000,左节点损失:0.000,右节点损失:25.834,总损失:25.834
------划分值:1.000,左节点损失:25.825,右节点损失:0.000,总损失:25.825
('----划分特征：', 340)
------划分值:0.000,左节点损失:0.000,右节点损失:25.834,总损失:25.834
------划分值:1.000,左节点损失:25.760,右节点损失:0.048,总损失:25.808
('----划分特征：', 341)
------划分值:0.000,左节点损失:0.000,右节点损失:25.834,总损失:25.834
------划分值:1.000,左节点损失:24.054,右节点损失:1.680,总损失:25.735
('----划分特征：', 342)
------划分值:0.000,左节点损失:0.000,右节点损失:25.834,总损失:25.834
------划分值:1.000,左节点损失:20.208,右节点损失:4.801,总损失:25.009
('----划分特征：', 343)
------划分值:0.000,左节点损失:0.000,右节点损失:25.834,总损失:25.834
------划分值:1.000,左节点损失:15.383,右节点损失:9.117,总损失:24.500
('----划分特征：', 344)
------划分值:0.000,左节点损失:0.000,右节点损失:25.834,总损失:25.834
------划分值:1.000,左节点损失:10.207,右节点损失:13.753,总损失:23.960
('----划分特征：', 345)
------划分值:0.000,左节点损失:0.000,右节点损失:25.834,总损失:25.834
------划分值:1.000,左节点损失:8.002,右节点损失:16.296,总损失:24.297
('----划分特征：', 346)
------划分值:0.000,左节点损失:0.000,右节点损失:25.834,总损失:25.834
------划分值:1.000,左节点损失:9.461,右节点损失:15.524,总损失:24.985
('----划分特征：', 347)
------划分值:0.000,左节点损失:0.000,右节点损失:25.834,总损失:25.834
------划分值:1.000,左节点损失:13.264,右节点损失:12.343,总损失:25.607
('----划分特征：', 348)
------划分值:1.000,左节点损失:17.545,右节点损失:8.290,总损失:25.834
------划分值:0.000,左节点损失:0.000,右节点损失:25.834,总损失:25.834
('----划分特征：', 349)
------划分值:1.000,左节点损失:20.362,右节点损失:5.307,总损失:25.670
------划分值:0.000,左节点损失:0.000,右节点损失:25.834,总损失:25.834
('----划分特征：', 350)
------划分值:0.000,左节点损失:0.000,右节点损失:25.834,总损失:25.834
------划分值:1.000,左节点损失:22.182,右节点损失:2.956,总损失:25.138
('----划分特征：', 351)
------划分值:0.000,左节点损失:0.000,右节点损失:25.834,总损失:25.834
------划分值:1.000,左节点损失:22.851,右节点损失:1.716,总损失:24.567
('----划分特征：', 352)
------划分值:0.000,左节点损失:0.000,右节点损失:25.834,总损失:25.834
------划分值:1.000,左节点损失:22.689,右节点损失:1.389,总损失:24.078
('----划分特征：', 353)
------划分值:0.000,左节点损失:0.000,右节点损失:25.834,总损失:25.834
------划分值:1.000,左节点损失:21.840,右节点损失:2.423,总损失:24.263
('----划分特征：', 354)
------划分值:0.000,左节点损失:0.000,右节点损失:25.834,总损失:25.834
------划分值:1.000,左节点损失:19.300,右节点损失:6.022,总损失:25.322
('----划分特征：', 355)
------划分值:0.000,左节点损失:0.000,右节点损失:25.834,总损失:25.834
------划分值:1.000,左节点损失:16.012,右节点损失:9.810,总损失:25.822
('----划分特征：', 356)
------划分值:0.000,左节点损失:0.000,右节点损失:25.834,总损失:25.834
------划分值:1.000,左节点损失:10.743,右节点损失:13.143,总损失:23.886
('----划分特征：', 357)
------划分值:0.000,左节点损失:0.000,右节点损失:25.834,总损失:25.834
------划分值:1.000,左节点损失:9.480,右节点损失:10.863,总损失:20.343
('----划分特征：', 358)
------划分值:0.000,左节点损失:0.000,右节点损失:25.834,总损失:25.834
------划分值:1.000,左节点损失:12.119,右节点损失:6.313,总损失:18.433
('----划分特征：', 359)
------划分值:0.000,左节点损失:0.000,右节点损失:25.834,总损失:25.834
------划分值:1.000,左节点损失:18.140,右节点损失:2.673,总损失:20.813
('----划分特征：', 360)
------划分值:0.000,左节点损失:0.000,右节点损失:25.834,总损失:25.834
------划分值:1.000,左节点损失:23.595,右节点损失:1.130,总损失:24.725
('----划分特征：', 361)
------划分值:0.000,左节点损失:0.000,右节点损失:25.834,总损失:25.834
------划分值:1.000,左节点损失:25.831,右节点损失:0.000,总损失:25.831
('----划分特征：', 362)
------划分值:0.000,左节点损失:0.000,右节点损失:25.834,总损失:25.834
------划分值:1.000,左节点损失:25.794,右节点损失:0.032,总损失:25.826
('----划分特征：', 363)
------划分值:0.000,左节点损失:0.000,右节点损失:25.834,总损失:25.834
('----划分特征：', 364)
------划分值:0.000,左节点损失:0.000,右节点损失:25.834,总损失:25.834
('----划分特征：', 365)
------划分值:0.000,左节点损失:0.000,右节点损失:25.834,总损失:25.834
------划分值:1.000,左节点损失:25.834,右节点损失:0.000,总损失:25.834
('----划分特征：', 366)
------划分值:0.000,左节点损失:0.000,右节点损失:25.834,总损失:25.834
------划分值:1.000,左节点损失:25.833,右节点损失:0.000,总损失:25.833
('----划分特征：', 367)
------划分值:0.000,左节点损失:0.000,右节点损失:25.834,总损失:25.834
------划分值:1.000,左节点损失:25.830,右节点损失:0.000,总损失:25.830
('----划分特征：', 368)
------划分值:0.000,左节点损失:0.000,右节点损失:25.834,总损失:25.834
------划分值:1.000,左节点损失:25.611,右节点损失:0.222,总损失:25.833
('----划分特征：', 369)
------划分值:0.000,左节点损失:0.000,右节点损失:25.834,总损失:25.834
------划分值:1.000,左节点损失:22.904,右节点损失:2.436,总损失:25.340
('----划分特征：', 370)
------划分值:0.000,左节点损失:0.000,右节点损失:25.834,总损失:25.834
------划分值:1.000,左节点损失:17.853,右节点损失:6.273,总损失:24.126
('----划分特征：', 371)
------划分值:0.000,左节点损失:0.000,右节点损失:25.834,总损失:25.834
------划分值:1.000,左节点损失:12.478,右节点损失:11.038,总损失:23.516
('----划分特征：', 372)
------划分值:0.000,左节点损失:0.000,右节点损失:25.834,总损失:25.834
------划分值:1.000,左节点损失:8.660,右节点损失:14.948,总损失:23.608
('----划分特征：', 373)
------划分值:0.000,左节点损失:0.000,右节点损失:25.834,总损失:25.834
------划分值:1.000,左节点损失:8.612,右节点损失:15.949,总损失:24.561
('----划分特征：', 374)
------划分值:0.000,左节点损失:0.000,右节点损失:25.834,总损失:25.834
------划分值:1.000,左节点损失:11.870,右节点损失:13.617,总损失:25.486
('----划分特征：', 375)
------划分值:0.000,左节点损失:0.000,右节点损失:25.834,总损失:25.834
------划分值:1.000,左节点损失:16.811,右节点损失:9.022,总损失:25.833
('----划分特征：', 376)
------划分值:0.000,左节点损失:0.000,右节点损失:25.834,总损失:25.834
------划分值:1.000,左节点损失:20.266,右节点损失:5.299,总损失:25.565
('----划分特征：', 377)
------划分值:1.000,左节点损失:22.550,右节点损失:2.228,总损失:24.778
------划分值:0.000,左节点损失:0.000,右节点损失:25.834,总损失:25.834
('----划分特征：', 378)
------划分值:1.000,左节点损失:23.011,右节点损失:1.009,总损失:24.019
------划分值:0.000,左节点损失:0.000,右节点损失:25.834,总损失:25.834
('----划分特征：', 379)
------划分值:1.000,左节点损失:22.922,右节点损失:0.434,总损失:23.356
------划分值:0.000,左节点损失:0.000,右节点损失:25.834,总损失:25.834
('----划分特征：', 380)
------划分值:0.000,左节点损失:0.000,右节点损失:25.834,总损失:25.834
------划分值:1.000,左节点损失:22.471,右节点损失:0.579,总损失:23.050
('----划分特征：', 381)
------划分值:0.000,左节点损失:0.000,右节点损失:25.834,总损失:25.834
------划分值:1.000,左节点损失:21.692,右节点损失:2.052,总损失:23.744
('----划分特征：', 382)
------划分值:0.000,左节点损失:0.000,右节点损失:25.834,总损失:25.834
------划分值:1.000,左节点损失:19.809,右节点损失:5.367,总损失:25.176
('----划分特征：', 383)
------划分值:0.000,左节点损失:0.000,右节点损失:25.834,总损失:25.834
------划分值:1.000,左节点损失:16.181,右节点损失:9.626,总损失:25.807
('----划分特征：', 384)
------划分值:0.000,左节点损失:0.000,右节点损失:25.834,总损失:25.834
------划分值:1.000,左节点损失:11.190,右节点损失:12.584,总损失:23.775
('----划分特征：', 385)
------划分值:0.000,左节点损失:0.000,右节点损失:25.834,总损失:25.834
------划分值:1.000,左节点损失:9.705,右节点损失:10.554,总损失:20.260
('----划分特征：', 386)
------划分值:0.000,左节点损失:0.000,右节点损失:25.834,总损失:25.834
------划分值:1.000,左节点损失:12.029,右节点损失:6.687,总损失:18.716
('----划分特征：', 387)
------划分值:0.000,左节点损失:0.000,右节点损失:25.834,总损失:25.834
------划分值:1.000,左节点损失:17.797,右节点损失:3.418,总损失:21.215
('----划分特征：', 388)
------划分值:0.000,左节点损失:0.000,右节点损失:25.834,总损失:25.834
------划分值:1.000,左节点损失:23.351,右节点损失:1.340,总损失:24.691
('----划分特征：', 389)
------划分值:0.000,左节点损失:0.000,右节点损失:25.834,总损失:25.834
------划分值:1.000,左节点损失:25.828,右节点损失:0.000,总损失:25.828
('----划分特征：', 390)
------划分值:0.000,左节点损失:0.000,右节点损失:25.834,总损失:25.834
('----划分特征：', 391)
------划分值:0.000,左节点损失:0.000,右节点损失:25.834,总损失:25.834
('----划分特征：', 392)
------划分值:0.000,左节点损失:0.000,右节点损失:25.834,总损失:25.834
('----划分特征：', 393)
------划分值:0.000,左节点损失:0.000,右节点损失:25.834,总损失:25.834
('----划分特征：', 394)
------划分值:0.000,左节点损失:0.000,右节点损失:25.834,总损失:25.834
------划分值:1.000,左节点损失:25.834,右节点损失:0.000,总损失:25.834
('----划分特征：', 395)
------划分值:0.000,左节点损失:0.000,右节点损失:25.834,总损失:25.834
------划分值:1.000,左节点损失:25.830,右节点损失:0.000,总损失:25.830
('----划分特征：', 396)
------划分值:0.000,左节点损失:0.000,右节点损失:25.834,总损失:25.834
------划分值:1.000,左节点损失:25.339,右节点损失:0.465,总损失:25.804
('----划分特征：', 397)
------划分值:0.000,左节点损失:0.000,右节点损失:25.834,总损失:25.834
------划分值:1.000,左节点损失:20.928,右节点损失:3.281,总损失:24.208
('----划分特征：', 398)
------划分值:0.000,左节点损失:0.000,右节点损失:25.834,总损失:25.834
------划分值:1.000,左节点损失:15.539,右节点损失:7.528,总损失:23.067
('----划分特征：', 399)
------划分值:0.000,左节点损失:0.000,右节点损失:25.834,总损失:25.834
------划分值:1.000,左节点损失:10.293,右节点损失:12.449,总损失:22.742
('----划分特征：', 400)
------划分值:0.000,左节点损失:0.000,右节点损失:25.834,总损失:25.834
------划分值:1.000,左节点损失:7.990,右节点损失:15.477,总损失:23.466
('----划分特征：', 401)
------划分值:0.000,左节点损失:0.000,右节点损失:25.834,总损失:25.834
------划分值:1.000,左节点损失:9.955,右节点损失:14.974,总损失:24.929
('----划分特征：', 402)
------划分值:0.000,左节点损失:0.000,右节点损失:25.834,总损失:25.834
------划分值:1.000,左节点损失:14.894,右节点损失:10.903,总损失:25.796
('----划分特征：', 403)
------划分值:0.000,左节点损失:0.000,右节点损失:25.834,总损失:25.834
------划分值:1.000,左节点损失:19.606,右节点损失:5.966,总损失:25.572
('----划分特征：', 404)
------划分值:0.000,左节点损失:0.000,右节点损失:25.834,总损失:25.834
------划分值:1.000,左节点损失:22.100,右节点损失:2.738,总损失:24.838
('----划分特征：', 405)
------划分值:0.000,左节点损失:0.000,右节点损失:25.834,总损失:25.834
------划分值:1.000,左节点损失:22.745,右节点损失:1.009,总损失:23.754
('----划分特征：', 406)
------划分值:1.000,左节点损失:22.709,右节点损失:0.242,总损失:22.951
------划分值:0.000,左节点损失:0.000,右节点损失:25.834,总损失:25.834
('----划分特征：', 407)
------划分值:1.000,左节点损失:22.093,右节点损失:0.097,总损失:22.190
------划分值:0.000,左节点损失:0.000,右节点损失:25.834,总损失:25.834
('----划分特征：', 408)
------划分值:1.000,左节点损失:22.032,右节点损失:0.386,总损失:22.418
------划分值:0.000,左节点损失:0.000,右节点损失:25.834,总损失:25.834
('----划分特征：', 409)
------划分值:0.000,左节点损失:0.000,右节点损失:25.834,总损失:25.834
------划分值:1.000,左节点损失:21.330,右节点损失:2.335,总损失:23.665
('----划分特征：', 410)
------划分值:0.000,左节点损失:0.000,右节点损失:25.834,总损失:25.834
------划分值:1.000,左节点损失:19.223,右节点损失:6.148,总损失:25.371
('----划分特征：', 411)
------划分值:0.000,左节点损失:0.000,右节点损失:25.834,总损失:25.834
------划分值:1.000,左节点损失:15.490,右节点损失:10.244,总损失:25.734
('----划分特征：', 412)
------划分值:0.000,左节点损失:0.000,右节点损失:25.834,总损失:25.834
------划分值:1.000,左节点损失:11.582,右节点损失:12.310,总损失:23.892
('----划分特征：', 413)
------划分值:0.000,左节点损失:0.000,右节点损失:25.834,总损失:25.834
------划分值:1.000,左节点损失:9.880,右节点损失:10.815,总损失:20.695
('----划分特征：', 414)
------划分值:0.000,左节点损失:0.000,右节点损失:25.834,总损失:25.834
------划分值:1.000,左节点损失:12.944,右节点损失:6.903,总损失:19.847
('----划分特征：', 415)
------划分值:0.000,左节点损失:0.000,右节点损失:25.834,总损失:25.834
------划分值:1.000,左节点损失:17.918,右节点损失:3.786,总损失:21.704
('----划分特征：', 416)
------划分值:0.000,左节点损失:0.000,右节点损失:25.834,总损失:25.834
------划分值:1.000,左节点损失:23.549,右节点损失:1.343,总损失:24.892
('----划分特征：', 417)
------划分值:0.000,左节点损失:0.000,右节点损失:25.834,总损失:25.834
------划分值:1.000,左节点损失:25.789,右节点损失:0.045,总损失:25.834
('----划分特征：', 418)
------划分值:0.000,左节点损失:0.000,右节点损失:25.834,总损失:25.834
('----划分特征：', 419)
------划分值:0.000,左节点损失:0.000,右节点损失:25.834,总损失:25.834
('----划分特征：', 420)
------划分值:0.000,左节点损失:0.000,右节点损失:25.834,总损失:25.834
('----划分特征：', 421)
------划分值:0.000,左节点损失:0.000,右节点损失:25.834,总损失:25.834
('----划分特征：', 422)
------划分值:0.000,左节点损失:0.000,右节点损失:25.834,总损失:25.834
------划分值:1.000,左节点损失:25.834,右节点损失:0.000,总损失:25.834
('----划分特征：', 423)
------划分值:0.000,左节点损失:0.000,右节点损失:25.834,总损失:25.834
------划分值:1.000,左节点损失:25.830,右节点损失:0.000,总损失:25.830
('----划分特征：', 424)
------划分值:0.000,左节点损失:0.000,右节点损失:25.834,总损失:25.834
------划分值:1.000,左节点损失:24.904,右节点损失:0.758,总损失:25.662
('----划分特征：', 425)
------划分值:0.000,左节点损失:0.000,右节点损失:25.834,总损失:25.834
------划分值:1.000,左节点损失:19.402,右节点损失:4.074,总损失:23.476
('----划分特征：', 426)
------划分值:0.000,左节点损失:0.000,右节点损失:25.834,总损失:25.834
------划分值:1.000,左节点损失:13.135,右节点损失:8.801,总损失:21.936
('----划分特征：', 427)
------划分值:0.000,左节点损失:0.000,右节点损失:25.834,总损失:25.834
------划分值:1.000,左节点损失:8.519,右节点损失:13.292,总损失:21.811
('----划分特征：', 428)
------划分值:0.000,左节点损失:0.000,右节点损失:25.834,总损失:25.834
------划分值:1.000,左节点损失:7.992,右节点损失:15.415,总损失:23.407
('----划分特征：', 429)
------划分值:0.000,左节点损失:0.000,右节点损失:25.834,总损失:25.834
------划分值:1.000,左节点损失:11.921,右节点损失:13.374,总损失:25.295
('----划分特征：', 430)
------划分值:0.000,左节点损失:0.000,右节点损失:25.834,总损失:25.834
------划分值:1.000,左节点损失:17.603,右节点损失:8.199,总损失:25.802
('----划分特征：', 431)
------划分值:0.000,左节点损失:0.000,右节点损失:25.834,总损失:25.834
------划分值:1.000,左节点损失:21.386,右节点损失:3.737,总损失:25.123
('----划分特征：', 432)
------划分值:0.000,左节点损失:0.000,右节点损失:25.834,总损失:25.834
------划分值:1.000,左节点损失:22.879,右节点损失:1.293,总损失:24.172
('----划分特征：', 433)
------划分值:0.000,左节点损失:0.000,右节点损失:25.834,总损失:25.834
------划分值:1.000,左节点损失:22.750,右节点损失:0.434,总损失:23.185
('----划分特征：', 434)
------划分值:0.000,左节点损失:0.000,右节点损失:25.834,总损失:25.834
------划分值:1.000,左节点损失:22.475,右节点损失:0.145,总损失:22.620
('----划分特征：', 435)
------划分值:1.000,左节点损失:22.062,右节点损失:0.193,总损失:22.256
------划分值:0.000,左节点损失:0.000,右节点损失:25.834,总损失:25.834
('----划分特征：', 436)
------划分值:1.000,左节点损失:22.084,右节点损失:0.771,总损失:22.855
------划分值:0.000,左节点损失:0.000,右节点损失:25.834,总损失:25.834
('----划分特征：', 437)
------划分值:1.000,左节点损失:20.697,右节点损失:3.586,总损失:24.283
------划分值:0.000,左节点损失:0.000,右节点损失:25.834,总损失:25.834
('----划分特征：', 438)
------划分值:1.000,左节点损失:18.186,右节点损失:7.451,总损失:25.637
------划分值:0.000,左节点损失:0.000,右节点损失:25.834,总损失:25.834
('----划分特征：', 439)
------划分值:0.000,左节点损失:0.000,右节点损失:25.834,总损失:25.834
------划分值:1.000,左节点损失:13.800,右节点损失:11.661,总损失:25.461
('----划分特征：', 440)
------划分值:0.000,左节点损失:0.000,右节点损失:25.834,总损失:25.834
------划分值:1.000,左节点损失:10.842,右节点损失:12.806,总损失:23.648
('----划分特征：', 441)
------划分值:0.000,左节点损失:0.000,右节点损失:25.834,总损失:25.834
------划分值:1.000,左节点损失:11.199,右节点损失:10.683,总损失:21.882
('----划分特征：', 442)
------划分值:0.000,左节点损失:0.000,右节点损失:25.834,总损失:25.834
------划分值:1.000,左节点损失:14.534,右节点损失:7.112,总损失:21.646
('----划分特征：', 443)
------划分值:0.000,左节点损失:0.000,右节点损失:25.834,总损失:25.834
------划分值:1.000,左节点损失:19.080,右节点损失:3.761,总损失:22.841
('----划分特征：', 444)
------划分值:0.000,左节点损失:0.000,右节点损失:25.834,总损失:25.834
------划分值:1.000,左节点损失:23.786,右节点损失:1.355,总损失:25.141
('----划分特征：', 445)
------划分值:0.000,左节点损失:0.000,右节点损失:25.834,总损失:25.834
------划分值:1.000,左节点损失:25.788,右节点损失:0.045,总损失:25.833
('----划分特征：', 446)
------划分值:0.000,左节点损失:0.000,右节点损失:25.834,总损失:25.834
------划分值:1.000,左节点损失:25.833,右节点损失:0.000,总损失:25.833
('----划分特征：', 447)
------划分值:0.000,左节点损失:0.000,右节点损失:25.834,总损失:25.834
('----划分特征：', 448)
------划分值:0.000,左节点损失:0.000,右节点损失:25.834,总损失:25.834
('----划分特征：', 449)
------划分值:0.000,左节点损失:0.000,右节点损失:25.834,总损失:25.834
('----划分特征：', 450)
------划分值:0.000,左节点损失:0.000,右节点损失:25.834,总损失:25.834
------划分值:1.000,左节点损失:25.833,右节点损失:0.000,总损失:25.833
('----划分特征：', 451)
------划分值:0.000,左节点损失:0.000,右节点损失:25.834,总损失:25.834
------划分值:1.000,左节点损失:25.829,右节点损失:0.000,总损失:25.829
('----划分特征：', 452)
------划分值:0.000,左节点损失:0.000,右节点损失:25.834,总损失:25.834
------划分值:1.000,左节点损失:24.460,右节点损失:1.097,总损失:25.558
('----划分特征：', 453)
------划分值:0.000,左节点损失:0.000,右节点损失:25.834,总损失:25.834
------划分值:1.000,左节点损失:18.188,右节点损失:4.914,总损失:23.102
('----划分特征：', 454)
------划分值:0.000,左节点损失:0.000,右节点损失:25.834,总损失:25.834
------划分值:1.000,左节点损失:12.044,右节点损失:9.540,总损失:21.583
('----划分特征：', 455)
------划分值:0.000,左节点损失:0.000,右节点损失:25.834,总损失:25.834
------划分值:1.000,左节点损失:7.936,右节点损失:13.545,总损失:21.481
('----划分特征：', 456)
------划分值:0.000,左节点损失:0.000,右节点损失:25.834,总损失:25.834
------划分值:1.000,左节点损失:8.798,右节点损失:14.707,总损失:23.505
('----划分特征：', 457)
------划分值:0.000,左节点损失:0.000,右节点损失:25.834,总损失:25.834
------划分值:1.000,左节点损失:13.997,右节点损失:11.526,总损失:25.523
('----划分特征：', 458)
------划分值:0.000,左节点损失:0.000,右节点损失:25.834,总损失:25.834
------划分值:1.000,左节点损失:19.978,右节点损失:5.671,总损失:25.650
('----划分特征：', 459)
------划分值:0.000,左节点损失:0.000,右节点损失:25.834,总损失:25.834
------划分值:1.000,左节点损失:22.698,右节点损失:2.179,总损失:24.877
('----划分特征：', 460)
------划分值:0.000,左节点损失:0.000,右节点损失:25.834,总损失:25.834
------划分值:1.000,左节点损失:23.247,右节点损失:0.960,总损失:24.207
('----划分特征：', 461)
------划分值:0.000,左节点损失:0.000,右节点损失:25.834,总损失:25.834
------划分值:1.000,左节点损失:23.266,右节点损失:0.242,总损失:23.508
('----划分特征：', 462)
------划分值:0.000,左节点损失:0.000,右节点损失:25.834,总损失:25.834
------划分值:1.000,左节点损失:22.755,右节点损失:0.193,总损失:22.949
('----划分特征：', 463)
------划分值:0.000,左节点损失:0.000,右节点损失:25.834,总损失:25.834
------划分值:1.000,左节点损失:22.457,右节点损失:0.531,总损失:22.988
('----划分特征：', 464)
------划分值:0.000,左节点损失:0.000,右节点损失:25.834,总损失:25.834
------划分值:1.000,左节点损失:21.779,右节点损失:2.005,总损失:23.784
('----划分特征：', 465)
------划分值:1.000,左节点损失:19.606,右节点损失:5.468,总损失:25.074
------划分值:0.000,左节点损失:0.000,右节点损失:25.834,总损失:25.834
('----划分特征：', 466)
------划分值:1.000,左节点损失:15.984,右节点损失:9.849,总损失:25.833
------划分值:0.000,左节点损失:0.000,右节点损失:25.834,总损失:25.834
('----划分特征：', 467)
------划分值:1.000,左节点损失:12.048,右节点损失:13.042,总损失:25.090
------划分值:0.000,左节点损失:0.000,右节点损失:25.834,总损失:25.834
('----划分特征：', 468)
------划分值:0.000,左节点损失:0.000,右节点损失:25.834,总损失:25.834
------划分值:1.000,左节点损失:10.402,右节点损失:13.146,总损失:23.549
('----划分特征：', 469)
------划分值:0.000,左节点损失:0.000,右节点损失:25.834,总损失:25.834
------划分值:1.000,左节点损失:12.289,右节点损失:10.268,总损失:22.557
('----划分特征：', 470)
------划分值:0.000,左节点损失:0.000,右节点损失:25.834,总损失:25.834
------划分值:1.000,左节点损失:15.765,右节点损失:6.928,总损失:22.693
('----划分特征：', 471)
------划分值:0.000,左节点损失:0.000,右节点损失:25.834,总损失:25.834
------划分值:1.000,左节点损失:20.189,右节点损失:3.632,总损失:23.821
('----划分特征：', 472)
------划分值:0.000,左节点损失:0.000,右节点损失:25.834,总损失:25.834
------划分值:1.000,左节点损失:24.377,右节点损失:1.188,总损失:25.565
('----划分特征：', 473)
------划分值:0.000,左节点损失:0.000,右节点损失:25.834,总损失:25.834
------划分值:1.000,左节点损失:25.826,右节点损失:0.000,总损失:25.826
('----划分特征：', 474)
------划分值:0.000,左节点损失:0.000,右节点损失:25.834,总损失:25.834
------划分值:1.000,左节点损失:25.833,右节点损失:0.000,总损失:25.833
('----划分特征：', 475)
------划分值:0.000,左节点损失:0.000,右节点损失:25.834,总损失:25.834
('----划分特征：', 476)
------划分值:0.000,左节点损失:0.000,右节点损失:25.834,总损失:25.834
('----划分特征：', 477)
------划分值:0.000,左节点损失:0.000,右节点损失:25.834,总损失:25.834
('----划分特征：', 478)
------划分值:0.000,左节点损失:0.000,右节点损失:25.834,总损失:25.834
------划分值:1.000,左节点损失:25.833,右节点损失:0.000,总损失:25.833
('----划分特征：', 479)
------划分值:0.000,左节点损失:0.000,右节点损失:25.834,总损失:25.834
------划分值:1.000,左节点损失:25.823,右节点损失:0.000,总损失:25.823
('----划分特征：', 480)
------划分值:0.000,左节点损失:0.000,右节点损失:25.834,总损失:25.834
------划分值:1.000,左节点损失:24.171,右节点损失:1.382,总损失:25.553
('----划分特征：', 481)
------划分值:0.000,左节点损失:0.000,右节点损失:25.834,总损失:25.834
------划分值:1.000,左节点损失:17.131,右节点损失:5.740,总损失:22.872
('----划分特征：', 482)
------划分值:0.000,左节点损失:0.000,右节点损失:25.834,总损失:25.834
------划分值:1.000,左节点损失:10.992,右节点损失:9.864,总损失:20.856
('----划分特征：', 483)
------划分值:0.000,左节点损失:0.000,右节点损失:25.834,总损失:25.834
------划分值:1.000,左节点损失:7.757,右节点损失:13.505,总损失:21.262
('----划分特征：', 484)
------划分值:0.000,左节点损失:0.000,右节点损失:25.834,总损失:25.834
------划分值:1.000,左节点损失:9.385,右节点损失:13.956,总损失:23.341
('----划分特征：', 485)
------划分值:0.000,左节点损失:0.000,右节点损失:25.834,总损失:25.834
------划分值:1.000,左节点损失:14.797,右节点损失:10.676,总损失:25.473
('----划分特征：', 486)
------划分值:0.000,左节点损失:0.000,右节点损失:25.834,总损失:25.834
------划分值:1.000,左节点损失:20.889,右节点损失:4.775,总损失:25.664
('----划分特征：', 487)
------划分值:0.000,左节点损失:0.000,右节点损失:25.834,总损失:25.834
------划分值:1.000,左节点损失:22.865,右节点损失:2.220,总损失:25.084
('----划分特征：', 488)
------划分值:0.000,左节点损失:0.000,右节点损失:25.834,总损失:25.834
------划分值:1.000,左节点损失:23.518,右节点损失:1.101,总损失:24.619
('----划分特征：', 489)
------划分值:0.000,左节点损失:0.000,右节点损失:25.834,总损失:25.834
------划分值:1.000,左节点损失:23.493,右节点损失:0.626,总损失:24.119
('----划分特征：', 490)
------划分值:0.000,左节点损失:0.000,右节点损失:25.834,总损失:25.834
------划分值:1.000,左节点损失:22.811,右节点损失:0.961,总损失:23.772
('----划分特征：', 491)
------划分值:0.000,左节点损失:0.000,右节点损失:25.834,总损失:25.834
------划分值:1.000,左节点损失:21.915,右节点损失:2.191,总损失:24.105
('----划分特征：', 492)
------划分值:0.000,左节点损失:0.000,右节点损失:25.834,总损失:25.834
------划分值:1.000,左节点损失:20.509,右节点损失:4.347,总损失:24.856
('----划分特征：', 493)
------划分值:1.000,左节点损失:17.234,右节点损失:8.472,总损失:25.706
------划分值:0.000,左节点损失:0.000,右节点损失:25.834,总损失:25.834
('----划分特征：', 494)
------划分值:1.000,左节点损失:12.921,右节点损失:12.673,总损失:25.594
------划分值:0.000,左节点损失:0.000,右节点损失:25.834,总损失:25.834
('----划分特征：', 495)
------划分值:1.000,左节点损失:10.653,右节点损失:13.945,总损失:24.598
------划分值:0.000,左节点损失:0.000,右节点损失:25.834,总损失:25.834
('----划分特征：', 496)
------划分值:0.000,左节点损失:0.000,右节点损失:25.834,总损失:25.834
------划分值:1.000,左节点损失:10.709,右节点损失:12.937,总损失:23.646
('----划分特征：', 497)
------划分值:0.000,左节点损失:0.000,右节点损失:25.834,总损失:25.834
------划分值:1.000,左节点损失:13.923,右节点损失:9.528,总损失:23.452
('----划分特征：', 498)
------划分值:0.000,左节点损失:0.000,右节点损失:25.834,总损失:25.834
------划分值:1.000,左节点损失:17.612,右节点损失:6.200,总损失:23.812
('----划分特征：', 499)
------划分值:0.000,左节点损失:0.000,右节点损失:25.834,总损失:25.834
------划分值:1.000,左节点损失:22.057,右节点损失:2.922,总损失:24.980
('----划分特征：', 500)
------划分值:0.000,左节点损失:0.000,右节点损失:25.834,总损失:25.834
------划分值:1.000,左节点损失:24.606,右节点损失:1.107,总损失:25.713
('----划分特征：', 501)
------划分值:0.000,左节点损失:0.000,右节点损失:25.834,总损失:25.834
------划分值:1.000,左节点损失:25.819,右节点损失:0.000,总损失:25.819
('----划分特征：', 502)
------划分值:0.000,左节点损失:0.000,右节点损失:25.834,总损失:25.834
------划分值:1.000,左节点损失:25.831,右节点损失:0.000,总损失:25.831
('----划分特征：', 503)
------划分值:0.000,左节点损失:0.000,右节点损失:25.834,总损失:25.834
('----划分特征：', 504)
------划分值:0.000,左节点损失:0.000,右节点损失:25.834,总损失:25.834
('----划分特征：', 505)
------划分值:0.000,左节点损失:0.000,右节点损失:25.834,总损失:25.834
('----划分特征：', 506)
------划分值:0.000,左节点损失:0.000,右节点损失:25.834,总损失:25.834
------划分值:1.000,左节点损失:25.833,右节点损失:0.000,总损失:25.833
('----划分特征：', 507)
------划分值:0.000,左节点损失:0.000,右节点损失:25.834,总损失:25.834
------划分值:1.000,左节点损失:25.813,右节点损失:0.000,总损失:25.813
('----划分特征：', 508)
------划分值:0.000,左节点损失:0.000,右节点损失:25.834,总损失:25.834
------划分值:1.000,左节点损失:23.747,右节点损失:1.858,总损失:25.605
('----划分特征：', 509)
------划分值:0.000,左节点损失:0.000,右节点损失:25.834,总损失:25.834
------划分值:1.000,左节点损失:17.871,右节点损失:5.875,总损失:23.746
('----划分特征：', 510)
------划分值:0.000,左节点损失:0.000,右节点损失:25.834,总损失:25.834
------划分值:1.000,左节点损失:10.986,右节点损失:10.330,总损失:21.316
('----划分特征：', 511)
------划分值:0.000,左节点损失:0.000,右节点损失:25.834,总损失:25.834
------划分值:1.000,左节点损失:7.215,右节点损失:13.636,总损失:20.852
('----划分特征：', 512)
------划分值:0.000,左节点损失:0.000,右节点损失:25.834,总损失:25.834
------划分值:1.000,左节点损失:9.175,右节点损失:13.657,总损失:22.832
('----划分特征：', 513)
------划分值:0.000,左节点损失:0.000,右节点损失:25.834,总损失:25.834
------划分值:1.000,左节点损失:14.632,右节点损失:10.644,总损失:25.276
('----划分特征：', 514)
------划分值:0.000,左节点损失:0.000,右节点损失:25.834,总损失:25.834
------划分值:1.000,左节点损失:19.858,右节点损失:5.932,总损失:25.790
('----划分特征：', 515)
------划分值:0.000,左节点损失:0.000,右节点损失:25.834,总损失:25.834
------划分值:1.000,左节点损失:22.518,右节点损失:2.806,总损失:25.324
('----划分特征：', 516)
------划分值:0.000,左节点损失:0.000,右节点损失:25.834,总损失:25.834
------划分值:1.000,左节点损失:23.111,右节点损失:1.896,总损失:25.007
('----划分特征：', 517)
------划分值:0.000,左节点损失:0.000,右节点损失:25.834,总损失:25.834
------划分值:1.000,左节点损失:22.893,右节点损失:1.715,总损失:24.608
('----划分特征：', 518)
------划分值:0.000,左节点损失:0.000,右节点损失:25.834,总损失:25.834
------划分值:1.000,左节点损失:21.912,右节点损失:2.606,总损失:24.518
('----划分特征：', 519)
------划分值:1.000,左节点损失:19.704,右节点损失:5.377,总损失:25.080
------划分值:0.000,左节点损失:0.000,右节点损失:25.834,总损失:25.834
('----划分特征：', 520)
------划分值:1.000,左节点损失:17.278,右节点损失:8.372,总损失:25.650
------划分值:0.000,左节点损失:0.000,右节点损失:25.834,总损失:25.834
('----划分特征：', 521)
------划分值:1.000,左节点损失:12.878,右节点损失:12.853,总损失:25.731
------划分值:0.000,左节点损失:0.000,右节点损失:25.834,总损失:25.834
('----划分特征：', 522)
------划分值:1.000,左节点损失:10.242,右节点损失:14.859,总损失:25.100
------划分值:0.000,左节点损失:0.000,右节点损失:25.834,总损失:25.834
('----划分特征：', 523)
------划分值:1.000,左节点损失:9.792,右节点损失:14.447,总损失:24.239
------划分值:0.000,左节点损失:0.000,右节点损失:25.834,总损失:25.834
('----划分特征：', 524)
------划分值:0.000,左节点损失:0.000,右节点损失:25.834,总损失:25.834
------划分值:1.000,左节点损失:12.966,右节点损失:11.282,总损失:24.248
('----划分特征：', 525)
------划分值:0.000,左节点损失:0.000,右节点损失:25.834,总损失:25.834
------划分值:1.000,左节点损失:16.379,右节点损失:8.060,总损失:24.439
('----划分特征：', 526)
------划分值:0.000,左节点损失:0.000,右节点损失:25.834,总损失:25.834
------划分值:1.000,左节点损失:20.415,右节点损失:4.637,总损失:25.052
('----划分特征：', 527)
------划分值:0.000,左节点损失:0.000,右节点损失:25.834,总损失:25.834
------划分值:1.000,左节点损失:23.660,右节点损失:1.967,总损失:25.627
('----划分特征：', 528)
------划分值:0.000,左节点损失:0.000,右节点损失:25.834,总损失:25.834
------划分值:1.000,左节点损失:25.368,右节点损失:0.462,总损失:25.830
('----划分特征：', 529)
------划分值:0.000,左节点损失:0.000,右节点损失:25.834,总损失:25.834
------划分值:1.000,左节点损失:25.822,右节点损失:0.000,总损失:25.822
('----划分特征：', 530)
------划分值:0.000,左节点损失:0.000,右节点损失:25.834,总损失:25.834
------划分值:1.000,左节点损失:25.834,右节点损失:0.000,总损失:25.834
('----划分特征：', 531)
------划分值:0.000,左节点损失:0.000,右节点损失:25.834,总损失:25.834
------划分值:1.000,左节点损失:25.834,右节点损失:0.000,总损失:25.834
('----划分特征：', 532)
------划分值:0.000,左节点损失:0.000,右节点损失:25.834,总损失:25.834
('----划分特征：', 533)
------划分值:0.000,左节点损失:0.000,右节点损失:25.834,总损失:25.834
('----划分特征：', 534)
------划分值:0.000,左节点损失:0.000,右节点损失:25.834,总损失:25.834
------划分值:1.000,左节点损失:25.831,右节点损失:0.000,总损失:25.831
('----划分特征：', 535)
------划分值:0.000,左节点损失:0.000,右节点损失:25.834,总损失:25.834
------划分值:1.000,左节点损失:25.723,右节点损失:0.094,总损失:25.817
('----划分特征：', 536)
------划分值:0.000,左节点损失:0.000,右节点损失:25.834,总损失:25.834
------划分值:1.000,左节点损失:23.890,右节点损失:1.832,总损失:25.721
('----划分特征：', 537)
------划分值:0.000,左节点损失:0.000,右节点损失:25.834,总损失:25.834
------划分值:1.000,左节点损失:18.058,右节点损失:6.224,总损失:24.282
('----划分特征：', 538)
------划分值:0.000,左节点损失:0.000,右节点损失:25.834,总损失:25.834
------划分值:1.000,左节点损失:11.807,右节点损失:10.647,总损失:22.453
('----划分特征：', 539)
------划分值:0.000,左节点损失:0.000,右节点损失:25.834,总损失:25.834
------划分值:1.000,左节点损失:7.302,右节点损失:14.046,总损失:21.348
('----划分特征：', 540)
------划分值:0.000,左节点损失:0.000,右节点损失:25.834,总损失:25.834
------划分值:1.000,左节点损失:8.233,右节点损失:14.526,总损失:22.759
('----划分特征：', 541)
------划分值:0.000,左节点损失:0.000,右节点损失:25.834,总损失:25.834
------划分值:1.000,左节点损失:12.383,右节点损失:12.503,总损失:24.887
('----划分特征：', 542)
------划分值:0.000,左节点损失:0.000,右节点损失:25.834,总损失:25.834
------划分值:1.000,左节点损失:16.964,右节点损失:8.844,总损失:25.807
('----划分特征：', 543)
------划分值:0.000,左节点损失:0.000,右节点损失:25.834,总损失:25.834
------划分值:1.000,左节点损失:19.599,右节点损失:6.123,总损失:25.721
('----划分特征：', 544)
------划分值:0.000,左节点损失:0.000,右节点损失:25.834,总损失:25.834
------划分值:1.000,左节点损失:20.296,右节点损失:5.185,总损失:25.481
('----划分特征：', 545)
------划分值:1.000,左节点损失:19.679,右节点损失:5.699,总损失:25.378
------划分值:0.000,左节点损失:0.000,右节点损失:25.834,总损失:25.834
('----划分特征：', 546)
------划分值:1.000,左节点损失:17.959,右节点损失:7.509,总损失:25.468
------划分值:0.000,左节点损失:0.000,右节点损失:25.834,总损失:25.834
('----划分特征：', 547)
------划分值:1.000,左节点损失:15.361,右节点损失:10.420,总损失:25.781
------划分值:0.000,左节点损失:0.000,右节点损失:25.834,总损失:25.834
('----划分特征：', 548)
------划分值:1.000,左节点损失:11.755,右节点损失:13.960,总损失:25.716
------划分值:0.000,左节点损失:0.000,右节点损失:25.834,总损失:25.834
('----划分特征：', 549)
------划分值:1.000,左节点损失:9.640,右节点损失:15.616,总损失:25.256
------划分值:0.000,左节点损失:0.000,右节点损失:25.834,总损失:25.834
('----划分特征：', 550)
------划分值:1.000,左节点损失:9.267,右节点损失:15.454,总损失:24.721
------划分值:0.000,左节点损失:0.000,右节点损失:25.834,总损失:25.834
('----划分特征：', 551)
------划分值:1.000,左节点损失:11.666,右节点损失:12.939,总损失:24.605
------划分值:0.000,左节点损失:0.000,右节点损失:25.834,总损失:25.834
('----划分特征：', 552)
------划分值:0.000,左节点损失:0.000,右节点损失:25.834,总损失:25.834
------划分值:1.000,左节点损失:15.687,右节点损失:9.226,总损失:24.913
('----划分特征：', 553)
------划分值:0.000,左节点损失:0.000,右节点损失:25.834,总损失:25.834
------划分值:1.000,左节点损失:18.964,右节点损失:6.163,总损失:25.127
('----划分特征：', 554)
------划分值:0.000,左节点损失:0.000,右节点损失:25.834,总损失:25.834
------划分值:1.000,左节点损失:22.770,右节点损失:2.874,总损失:25.644
('----划分特征：', 555)
------划分值:0.000,左节点损失:0.000,右节点损失:25.834,总损失:25.834
------划分值:1.000,左节点损失:24.541,右节点损失:1.249,总损失:25.790
('----划分特征：', 556)
------划分值:0.000,左节点损失:0.000,右节点损失:25.834,总损失:25.834
------划分值:1.000,左节点损失:25.649,右节点损失:0.181,总损失:25.830
('----划分特征：', 557)
------划分值:0.000,左节点损失:0.000,右节点损失:25.834,总损失:25.834
------划分值:1.000,左节点损失:25.829,右节点损失:0.000,总损失:25.829
('----划分特征：', 558)
------划分值:0.000,左节点损失:0.000,右节点损失:25.834,总损失:25.834
('----划分特征：', 559)
------划分值:0.000,左节点损失:0.000,右节点损失:25.834,总损失:25.834
('----划分特征：', 560)
------划分值:0.000,左节点损失:0.000,右节点损失:25.834,总损失:25.834
('----划分特征：', 561)
------划分值:0.000,左节点损失:0.000,右节点损失:25.834,总损失:25.834
('----划分特征：', 562)
------划分值:0.000,左节点损失:0.000,右节点损失:25.834,总损失:25.834
------划分值:1.000,左节点损失:25.829,右节点损失:0.000,总损失:25.829
('----划分特征：', 563)
------划分值:0.000,左节点损失:0.000,右节点损失:25.834,总损失:25.834
------划分值:1.000,左节点损失:25.762,右节点损失:0.048,总损失:25.810
('----划分特征：', 564)
------划分值:0.000,左节点损失:0.000,右节点损失:25.834,总损失:25.834
------划分值:1.000,左节点损失:24.239,右节点损失:1.558,总损失:25.797
('----划分特征：', 565)
------划分值:0.000,左节点损失:0.000,右节点损失:25.834,总损失:25.834
------划分值:1.000,左节点损失:20.471,右节点损失:4.814,总损失:25.285
('----划分特征：', 566)
------划分值:0.000,左节点损失:0.000,右节点损失:25.834,总损失:25.834
------划分值:1.000,左节点损失:14.038,右节点损失:9.781,总损失:23.819
('----划分特征：', 567)
------划分值:0.000,左节点损失:0.000,右节点损失:25.834,总损失:25.834
------划分值:1.000,左节点损失:8.686,右节点损失:13.924,总损失:22.610
('----划分特征：', 568)
------划分值:0.000,左节点损失:0.000,右节点损失:25.834,总损失:25.834
------划分值:1.000,左节点损失:7.326,右节点损失:15.552,总损失:22.878
('----划分特征：', 569)
------划分值:0.000,左节点损失:0.000,右节点损失:25.834,总损失:25.834
------划分值:1.000,左节点损失:8.152,右节点损失:15.827,总损失:23.978
('----划分特征：', 570)
------划分值:0.000,左节点损失:0.000,右节点损失:25.834,总损失:25.834
------划分值:1.000,左节点损失:11.320,右节点损失:13.910,总损失:25.230
('----划分特征：', 571)
------划分值:0.000,左节点损失:0.000,右节点损失:25.834,总损失:25.834
------划分值:1.000,左节点损失:14.397,右节点损失:11.382,总损失:25.779
('----划分特征：', 572)
------划分值:1.000,左节点损失:14.686,右节点损失:11.148,总损失:25.833
------划分值:0.000,左节点损失:0.000,右节点损失:25.834,总损失:25.834
('----划分特征：', 573)
------划分值:1.000,左节点损失:13.566,右节点损失:12.269,总损失:25.834
------划分值:0.000,左节点损失:0.000,右节点损失:25.834,总损失:25.834
('----划分特征：', 574)
------划分值:1.000,左节点损失:11.772,右节点损失:14.038,总损失:25.809
------划分值:0.000,左节点损失:0.000,右节点损失:25.834,总损失:25.834
('----划分特征：', 575)
------划分值:1.000,左节点损失:9.544,右节点损失:16.052,总损失:25.596
------划分值:0.000,左节点损失:0.000,右节点损失:25.834,总损失:25.834
('----划分特征：', 576)
------划分值:1.000,左节点损失:7.930,右节点损失:17.197,总损失:25.126
------划分值:0.000,左节点损失:0.000,右节点损失:25.834,总损失:25.834
('----划分特征：', 577)
------划分值:1.000,左节点损失:8.240,右节点损失:16.499,总损失:24.740
------划分值:0.000,左节点损失:0.000,右节点损失:25.834,总损失:25.834
('----划分特征：', 578)
------划分值:0.000,左节点损失:0.000,右节点损失:25.834,总损失:25.834
------划分值:1.000,左节点损失:11.413,右节点损失:13.510,总损失:24.923
('----划分特征：', 579)
------划分值:0.000,左节点损失:0.000,右节点损失:25.834,总损失:25.834
------划分值:1.000,左节点损失:15.582,右节点损失:9.709,总损失:25.292
('----划分特征：', 580)
------划分值:0.000,左节点损失:0.000,右节点损失:25.834,总损失:25.834
------划分值:1.000,左节点损失:18.866,右节点损失:6.563,总损失:25.430
('----划分特征：', 581)
------划分值:0.000,左节点损失:0.000,右节点损失:25.834,总损失:25.834
------划分值:1.000,左节点损失:22.078,右节点损失:3.605,总损失:25.683
('----划分特征：', 582)
------划分值:0.000,左节点损失:0.000,右节点损失:25.834,总损失:25.834
------划分值:1.000,左节点损失:24.188,右节点损失:1.620,总损失:25.808
('----划分特征：', 583)
------划分值:0.000,左节点损失:0.000,右节点损失:25.834,总损失:25.834
------划分值:1.000,左节点损失:25.309,右节点损失:0.525,总损失:25.834
('----划分特征：', 584)
------划分值:0.000,左节点损失:0.000,右节点损失:25.834,总损失:25.834
------划分值:1.000,左节点损失:25.731,右节点损失:0.093,总损失:25.824
('----划分特征：', 585)
------划分值:0.000,左节点损失:0.000,右节点损失:25.834,总损失:25.834
------划分值:1.000,左节点损失:25.830,右节点损失:0.000,总损失:25.830
('----划分特征：', 586)
------划分值:0.000,左节点损失:0.000,右节点损失:25.834,总损失:25.834
------划分值:1.000,左节点损失:25.794,右节点损失:0.032,总损失:25.826
('----划分特征：', 587)
------划分值:0.000,左节点损失:0.000,右节点损失:25.834,总损失:25.834
('----划分特征：', 588)
------划分值:0.000,左节点损失:0.000,右节点损失:25.834,总损失:25.834
('----划分特征：', 589)
------划分值:0.000,左节点损失:0.000,右节点损失:25.834,总损失:25.834
('----划分特征：', 590)
------划分值:0.000,左节点损失:0.000,右节点损失:25.834,总损失:25.834
------划分值:1.000,左节点损失:25.830,右节点损失:0.000,总损失:25.830
('----划分特征：', 591)
------划分值:0.000,左节点损失:0.000,右节点损失:25.834,总损失:25.834
------划分值:1.000,左节点损失:25.768,右节点损失:0.048,总损失:25.816
('----划分特征：', 592)
------划分值:0.000,左节点损失:0.000,右节点损失:25.834,总损失:25.834
------划分值:1.000,左节点损失:24.854,右节点损失:0.974,总损失:25.828
('----划分特征：', 593)
------划分值:0.000,左节点损失:0.000,右节点损失:25.834,总损失:25.834
------划分值:1.000,左节点损失:22.022,右节点损失:3.569,总损失:25.591
('----划分特征：', 594)
------划分值:0.000,左节点损失:0.000,右节点损失:25.834,总损失:25.834
------划分值:1.000,左节点损失:17.444,右节点损失:7.530,总损失:24.974
('----划分特征：', 595)
------划分值:0.000,左节点损失:0.000,右节点损失:25.834,总损失:25.834
------划分值:1.000,左节点损失:11.535,右节点损失:12.403,总损失:23.938
('----划分特征：', 596)
------划分值:0.000,左节点损失:0.000,右节点损失:25.834,总损失:25.834
------划分值:1.000,左节点损失:7.632,右节点损失:15.717,总损失:23.349
('----划分特征：', 597)
------划分值:0.000,左节点损失:0.000,右节点损失:25.834,总损失:25.834
------划分值:1.000,左节点损失:5.309,右节点损失:18.114,总损失:23.423
('----划分特征：', 598)
------划分值:1.000,左节点损失:5.340,右节点损失:18.698,总损失:24.039
------划分值:0.000,左节点损失:0.000,右节点损失:25.834,总损失:25.834
('----划分特征：', 599)
------划分值:1.000,左节点损失:6.571,右节点损失:18.274,总损失:24.845
------划分值:0.000,左节点损失:0.000,右节点损失:25.834,总损失:25.834
('----划分特征：', 600)
------划分值:1.000,左节点损失:7.504,右节点损失:17.777,总损失:25.282
------划分值:0.000,左节点损失:0.000,右节点损失:25.834,总损失:25.834
('----划分特征：', 601)
------划分值:1.000,左节点损失:7.267,右节点损失:18.092,总损失:25.359
------划分值:0.000,左节点损失:0.000,右节点损失:25.834,总损失:25.834
('----划分特征：', 602)
------划分值:1.000,左节点损失:6.839,右节点损失:18.416,总损失:25.255
------划分值:0.000,左节点损失:0.000,右节点损失:25.834,总损失:25.834
('----划分特征：', 603)
------划分值:1.000,左节点损失:6.428,右节点损失:18.505,总损失:24.933
------划分值:0.000,左节点损失:0.000,右节点损失:25.834,总损失:25.834
('----划分特征：', 604)
------划分值:0.000,左节点损失:0.000,右节点损失:25.834,总损失:25.834
------划分值:1.000,左节点损失:7.528,右节点损失:17.154,总损失:24.682
('----划分特征：', 605)
------划分值:0.000,左节点损失:0.000,右节点损失:25.834,总损失:25.834
------划分值:1.000,左节点损失:11.401,右节点损失:13.611,总损失:25.012
('----划分特征：', 606)
------划分值:0.000,左节点损失:0.000,右节点损失:25.834,总损失:25.834
------划分值:1.000,左节点损失:15.477,右节点损失:9.892,总损失:25.370
('----划分特征：', 607)
------划分值:0.000,左节点损失:0.000,右节点损失:25.834,总损失:25.834
------划分值:1.000,左节点损失:19.031,右节点损失:6.565,总损失:25.596
('----划分特征：', 608)
------划分值:0.000,左节点损失:0.000,右节点损失:25.834,总损失:25.834
------划分值:1.000,左节点损失:21.842,右节点损失:3.889,总损失:25.731
('----划分特征：', 609)
------划分值:0.000,左节点损失:0.000,右节点损失:25.834,总损失:25.834
------划分值:1.000,左节点损失:23.882,右节点损失:1.931,总损失:25.813
('----划分特征：', 610)
------划分值:0.000,左节点损失:0.000,右节点损失:25.834,总损失:25.834
------划分值:1.000,左节点损失:25.246,右节点损失:0.583,总损失:25.829
('----划分特征：', 611)
------划分值:0.000,左节点损失:0.000,右节点损失:25.834,总损失:25.834
------划分值:1.000,左节点损失:25.682,右节点损失:0.139,总损失:25.822
('----划分特征：', 612)
------划分值:0.000,左节点损失:0.000,右节点损失:25.834,总损失:25.834
------划分值:1.000,左节点损失:25.779,右节点损失:0.047,总损失:25.826
('----划分特征：', 613)
------划分值:0.000,左节点损失:0.000,右节点损失:25.834,总损失:25.834
------划分值:1.000,左节点损失:25.830,右节点损失:0.000,总损失:25.830
('----划分特征：', 614)
------划分值:0.000,左节点损失:0.000,右节点损失:25.834,总损失:25.834
------划分值:1.000,左节点损失:25.794,右节点损失:0.024,总损失:25.819
('----划分特征：', 615)
------划分值:0.000,左节点损失:0.000,右节点损失:25.834,总损失:25.834
('----划分特征：', 616)
------划分值:0.000,左节点损失:0.000,右节点损失:25.834,总损失:25.834
('----划分特征：', 617)
------划分值:0.000,左节点损失:0.000,右节点损失:25.834,总损失:25.834
('----划分特征：', 618)
------划分值:0.000,左节点损失:0.000,右节点损失:25.834,总损失:25.834
------划分值:1.000,左节点损失:25.833,右节点损失:0.000,总损失:25.833
('----划分特征：', 619)
------划分值:0.000,左节点损失:0.000,右节点损失:25.834,总损失:25.834
------划分值:1.000,左节点损失:25.783,右节点损失:0.047,总损失:25.830
('----划分特征：', 620)
------划分值:0.000,左节点损失:0.000,右节点损失:25.834,总损失:25.834
------划分值:1.000,左节点损失:25.559,右节点损失:0.271,总损失:25.830
('----划分特征：', 621)
------划分值:0.000,左节点损失:0.000,右节点损失:25.834,总损失:25.834
------划分值:1.000,左节点损失:23.717,右节点损失:2.013,总损失:25.730
('----划分特征：', 622)
------划分值:0.000,左节点损失:0.000,右节点损失:25.834,总损失:25.834
------划分值:1.000,左节点损失:20.739,右节点损失:4.712,总损失:25.450
('----划分特征：', 623)
------划分值:1.000,左节点损失:16.246,右节点损失:8.689,总损失:24.935
------划分值:0.000,左节点损失:0.000,右节点损失:25.834,总损失:25.834
('----划分特征：', 624)
------划分值:1.000,左节点损失:11.896,右节点损失:12.597,总损失:24.493
------划分值:0.000,左节点损失:0.000,右节点损失:25.834,总损失:25.834
('----划分特征：', 625)
------划分值:1.000,左节点损失:7.568,右节点损失:16.379,总损失:23.947
------划分值:0.000,左节点损失:0.000,右节点损失:25.834,总损失:25.834
('----划分特征：', 626)
------划分值:1.000,左节点损失:4.703,右节点损失:19.138,总损失:23.841
------划分值:0.000,左节点损失:0.000,右节点损失:25.834,总损失:25.834
('----划分特征：', 627)
------划分值:1.000,左节点损失:4.143,右节点损失:20.045,总损失:24.188
------划分值:0.000,左节点损失:0.000,右节点损失:25.834,总损失:25.834
('----划分特征：', 628)
------划分值:1.000,左节点损失:4.182,右节点损失:20.245,总损失:24.427
------划分值:0.000,左节点损失:0.000,右节点损失:25.834,总损失:25.834
('----划分特征：', 629)
------划分值:1.000,左节点损失:5.088,右节点损失:19.564,总损失:24.652
------划分值:0.000,左节点损失:0.000,右节点损失:25.834,总损失:25.834
('----划分特征：', 630)
------划分值:0.000,左节点损失:0.000,右节点损失:25.834,总损失:25.834
------划分值:1.000,左节点损失:6.129,右节点损失:18.578,总损失:24.708
('----划分特征：', 631)
------划分值:0.000,左节点损失:0.000,右节点损失:25.834,总损失:25.834
------划分值:1.000,左节点损失:9.191,右节点损失:15.823,总损失:25.014
('----划分特征：', 632)
------划分值:0.000,左节点损失:0.000,右节点损失:25.834,总损失:25.834
------划分值:1.000,左节点损失:13.051,右节点损失:12.279,总损失:25.330
('----划分特征：', 633)
------划分值:0.000,左节点损失:0.000,右节点损失:25.834,总损失:25.834
------划分值:1.000,左节点损失:17.294,右节点损失:8.330,总损失:25.624
('----划分特征：', 634)
------划分值:0.000,左节点损失:0.000,右节点损失:25.834,总损失:25.834
------划分值:1.000,左节点损失:20.155,右节点损失:5.592,总损失:25.747
('----划分特征：', 635)
------划分值:0.000,左节点损失:0.000,右节点损失:25.834,总损失:25.834
------划分值:1.000,左节点损失:22.546,右节点损失:3.268,总损失:25.814
('----划分特征：', 636)
------划分值:0.000,左节点损失:0.000,右节点损失:25.834,总损失:25.834
------划分值:1.000,左节点损失:24.143,右节点损失:1.691,总损失:25.834
('----划分特征：', 637)
------划分值:0.000,左节点损失:0.000,右节点损失:25.834,总损失:25.834
------划分值:1.000,左节点损失:25.231,右节点损失:0.590,总损失:25.821
('----划分特征：', 638)
------划分值:0.000,左节点损失:0.000,右节点损失:25.834,总损失:25.834
------划分值:1.000,左节点损失:25.591,右节点损失:0.230,总损失:25.821
('----划分特征：', 639)
------划分值:0.000,左节点损失:0.000,右节点损失:25.834,总损失:25.834
------划分值:1.000,左节点损失:25.777,右节点损失:0.047,总损失:25.824
('----划分特征：', 640)
------划分值:0.000,左节点损失:0.000,右节点损失:25.834,总损失:25.834
------划分值:1.000,左节点损失:25.827,右节点损失:0.000,总损失:25.827
('----划分特征：', 641)
------划分值:0.000,左节点损失:0.000,右节点损失:25.834,总损失:25.834
------划分值:1.000,左节点损失:25.830,右节点损失:0.000,总损失:25.830
('----划分特征：', 642)
------划分值:0.000,左节点损失:0.000,右节点损失:25.834,总损失:25.834
------划分值:1.000,左节点损失:25.795,右节点损失:0.000,总损失:25.795
('----划分特征：', 643)
------划分值:0.000,左节点损失:0.000,右节点损失:25.834,总损失:25.834
('----划分特征：', 644)
------划分值:0.000,左节点损失:0.000,右节点损失:25.834,总损失:25.834
('----划分特征：', 645)
------划分值:0.000,左节点损失:0.000,右节点损失:25.834,总损失:25.834
('----划分特征：', 646)
------划分值:0.000,左节点损失:0.000,右节点损失:25.834,总损失:25.834
------划分值:1.000,左节点损失:25.834,右节点损失:0.000,总损失:25.834
('----划分特征：', 647)
------划分值:0.000,左节点损失:0.000,右节点损失:25.834,总损失:25.834
------划分值:1.000,左节点损失:25.831,右节点损失:0.000,总损失:25.831
('----划分特征：', 648)
------划分值:0.000,左节点损失:0.000,右节点损失:25.834,总损失:25.834
------划分值:1.000,左节点损失:25.741,右节点损失:0.091,总损失:25.832
('----划分特征：', 649)
------划分值:1.000,左节点损失:25.235,右节点损失:0.597,总损失:25.832
------划分值:0.000,左节点损失:0.000,右节点损失:25.834,总损失:25.834
('----划分特征：', 650)
------划分值:1.000,左节点损失:24.264,右节点损失:1.554,总损失:25.818
------划分值:0.000,左节点损失:0.000,右节点损失:25.834,总损失:25.834
('----划分特征：', 651)
------划分值:1.000,左节点损失:22.418,右节点损失:3.351,总损失:25.769
------划分值:0.000,左节点损失:0.000,右节点损失:25.834,总损失:25.834
('----划分特征：', 652)
------划分值:1.000,左节点损失:19.230,右节点损失:6.402,总损失:25.632
------划分值:0.000,左节点损失:0.000,右节点损失:25.834,总损失:25.834
('----划分特征：', 653)
------划分值:1.000,左节点损失:15.424,右节点损失:9.984,总损失:25.408
------划分值:0.000,左节点损失:0.000,右节点损失:25.834,总损失:25.834
('----划分特征：', 654)
------划分值:1.000,左节点损失:12.828,右节点损失:12.522,总损失:25.350
------划分值:0.000,左节点损失:0.000,右节点损失:25.834,总损失:25.834
('----划分特征：', 655)
------划分值:1.000,左节点损失:10.278,右节点损失:14.871,总损失:25.149
------划分值:0.000,左节点损失:0.000,右节点损失:25.834,总损失:25.834
('----划分特征：', 656)
------划分值:1.000,左节点损失:10.052,右节点损失:15.127,总损失:25.179
------划分值:0.000,左节点损失:0.000,右节点损失:25.834,总损失:25.834
('----划分特征：', 657)
------划分值:0.000,左节点损失:0.000,右节点损失:25.834,总损失:25.834
------划分值:1.000,左节点损失:11.676,右节点损失:13.727,总损失:25.403
('----划分特征：', 658)
------划分值:0.000,左节点损失:0.000,右节点损失:25.834,总损失:25.834
------划分值:1.000,左节点损失:14.583,右节点损失:11.083,总损失:25.665
('----划分特征：', 659)
------划分值:0.000,左节点损失:0.000,右节点损失:25.834,总损失:25.834
------划分值:1.000,左节点损失:17.657,右节点损失:8.123,总损失:25.780
('----划分特征：', 660)
------划分值:0.000,左节点损失:0.000,右节点损失:25.834,总损失:25.834
------划分值:1.000,左节点损失:21.014,右节点损失:4.819,总损失:25.833
('----划分特征：', 661)
------划分值:0.000,左节点损失:0.000,右节点损失:25.834,总损失:25.834
------划分值:1.000,左节点损失:22.576,右节点损失:3.256,总损失:25.832
('----划分特征：', 662)
------划分值:0.000,左节点损失:0.000,右节点损失:25.834,总损失:25.834
------划分值:1.000,左节点损失:23.877,右节点损失:1.951,总损失:25.828
('----划分特征：', 663)
------划分值:0.000,左节点损失:0.000,右节点损失:25.834,总损失:25.834
------划分值:1.000,左节点损失:25.134,右节点损失:0.649,总损失:25.783
('----划分特征：', 664)
------划分值:0.000,左节点损失:0.000,右节点损失:25.834,总损失:25.834
------划分值:1.000,左节点损失:25.472,右节点损失:0.326,总损失:25.799
('----划分特征：', 665)
------划分值:0.000,左节点损失:0.000,右节点损失:25.834,总损失:25.834
------划分值:1.000,左节点损失:25.705,右节点损失:0.095,总损失:25.800
('----划分特征：', 666)
------划分值:0.000,左节点损失:0.000,右节点损失:25.834,总损失:25.834
------划分值:1.000,左节点损失:25.770,右节点损失:0.048,总损失:25.818
('----划分特征：', 667)
------划分值:0.000,左节点损失:0.000,右节点损失:25.834,总损失:25.834
------划分值:1.000,左节点损失:25.825,右节点损失:0.000,总损失:25.825
('----划分特征：', 668)
------划分值:0.000,左节点损失:0.000,右节点损失:25.834,总损失:25.834
------划分值:1.000,左节点损失:25.833,右节点损失:0.000,总损失:25.833
('----划分特征：', 669)
------划分值:0.000,左节点损失:0.000,右节点损失:25.834,总损失:25.834
('----划分特征：', 670)
------划分值:0.000,左节点损失:0.000,右节点损失:25.834,总损失:25.834
('----划分特征：', 671)
------划分值:0.000,左节点损失:0.000,右节点损失:25.834,总损失:25.834
('----划分特征：', 672)
------划分值:0.000,左节点损失:0.000,右节点损失:25.834,总损失:25.834
('----划分特征：', 673)
------划分值:0.000,左节点损失:0.000,右节点损失:25.834,总损失:25.834
('----划分特征：', 674)
------划分值:0.000,左节点损失:0.000,右节点损失:25.834,总损失:25.834
('----划分特征：', 675)
------划分值:0.000,左节点损失:0.000,右节点损失:25.834,总损失:25.834
------划分值:1.000,左节点损失:25.833,右节点损失:0.000,总损失:25.833
('----划分特征：', 676)
------划分值:1.000,左节点损失:25.788,右节点损失:0.045,总损失:25.833
------划分值:0.000,左节点损失:0.000,右节点损失:25.834,总损失:25.834
('----划分特征：', 677)
------划分值:1.000,左节点损失:25.738,右节点损失:0.092,总损失:25.830
------划分值:0.000,左节点损失:0.000,右节点损失:25.834,总损失:25.834
('----划分特征：', 678)
------划分值:1.000,左节点损失:25.669,右节点损失:0.141,总损失:25.810
------划分值:0.000,左节点损失:0.000,右节点损失:25.834,总损失:25.834
('----划分特征：', 679)
------划分值:1.000,左节点损失:25.417,右节点损失:0.373,总损失:25.790
------划分值:0.000,左节点损失:0.000,右节点损失:25.834,总损失:25.834
('----划分特征：', 680)
------划分值:1.000,左节点损失:24.965,右节点损失:0.791,总损失:25.756
------划分值:0.000,左节点损失:0.000,右节点损失:25.834,总损失:25.834
('----划分特征：', 681)
------划分值:1.000,左节点损失:24.177,右节点损失:1.565,总损失:25.742
------划分值:0.000,左节点损失:0.000,右节点损失:25.834,总损失:25.834
('----划分特征：', 682)
------划分值:1.000,左节点损失:23.045,右节点损失:2.721,总损失:25.766
------划分值:0.000,左节点损失:0.000,右节点损失:25.834,总损失:25.834
('----划分特征：', 683)
------划分值:0.000,左节点损失:0.000,右节点损失:25.834,总损失:25.834
------划分值:1.000,左节点损失:22.356,右节点损失:3.424,总损失:25.779
('----划分特征：', 684)
------划分值:0.000,左节点损失:0.000,右节点损失:25.834,总损失:25.834
------划分值:1.000,左节点损失:21.922,右节点损失:3.884,总损失:25.806
('----划分特征：', 685)
------划分值:0.000,左节点损失:0.000,右节点损失:25.834,总损失:25.834
------划分值:1.000,左节点损失:22.202,右节点损失:3.590,总损失:25.792
('----划分特征：', 686)
------划分值:0.000,左节点损失:0.000,右节点损失:25.834,总损失:25.834
------划分值:1.000,左节点损失:23.036,右节点损失:2.724,总损失:25.760
('----划分特征：', 687)
------划分值:0.000,左节点损失:0.000,右节点损失:25.834,总损失:25.834
------划分值:1.000,左节点损失:23.921,右节点损失:1.832,总损失:25.753
('----划分特征：', 688)
------划分值:0.000,左节点损失:0.000,右节点损失:25.834,总损失:25.834
------划分值:1.000,左节点损失:24.718,右节点损失:1.021,总损失:25.740
('----划分特征：', 689)
------划分值:0.000,左节点损失:0.000,右节点损失:25.834,总损失:25.834
------划分值:1.000,左节点损失:25.227,右节点损失:0.517,总损失:25.744
('----划分特征：', 690)
------划分值:0.000,左节点损失:0.000,右节点损失:25.834,总损失:25.834
------划分值:1.000,左节点损失:25.517,右节点损失:0.237,总损失:25.754
('----划分特征：', 691)
------划分值:0.000,左节点损失:0.000,右节点损失:25.834,总损失:25.834
------划分值:1.000,左节点损失:25.676,右节点损失:0.096,总损失:25.772
('----划分特征：', 692)
------划分值:0.000,左节点损失:0.000,右节点损失:25.834,总损失:25.834
------划分值:1.000,左节点损失:25.704,右节点损失:0.095,总损失:25.799
('----划分特征：', 693)
------划分值:0.000,左节点损失:0.000,右节点损失:25.834,总损失:25.834
------划分值:1.000,左节点损失:25.770,右节点损失:0.048,总损失:25.817
('----划分特征：', 694)
------划分值:0.000,左节点损失:0.000,右节点损失:25.834,总损失:25.834
------划分值:1.000,左节点损失:25.821,右节点损失:0.000,总损失:25.821
('----划分特征：', 695)
------划分值:0.000,左节点损失:0.000,右节点损失:25.834,总损失:25.834
------划分值:1.000,左节点损失:25.830,右节点损失:0.000,总损失:25.830
('----划分特征：', 696)
------划分值:0.000,左节点损失:0.000,右节点损失:25.834,总损失:25.834
------划分值:1.000,左节点损失:25.834,右节点损失:0.000,总损失:25.834
('----划分特征：', 697)
------划分值:0.000,左节点损失:0.000,右节点损失:25.834,总损失:25.834
('----划分特征：', 698)
------划分值:0.000,左节点损失:0.000,右节点损失:25.834,总损失:25.834
('----划分特征：', 699)
------划分值:0.000,左节点损失:0.000,右节点损失:25.834,总损失:25.834
('----划分特征：', 700)
------划分值:0.000,左节点损失:0.000,右节点损失:25.834,总损失:25.834
('----划分特征：', 701)
------划分值:0.000,左节点损失:0.000,右节点损失:25.834,总损失:25.834
('----划分特征：', 702)
------划分值:0.000,左节点损失:0.000,右节点损失:25.834,总损失:25.834
('----划分特征：', 703)
------划分值:0.000,左节点损失:0.000,右节点损失:25.834,总损失:25.834
('----划分特征：', 704)
------划分值:0.000,左节点损失:0.000,右节点损失:25.834,总损失:25.834
------划分值:1.000,左节点损失:25.833,右节点损失:0.000,总损失:25.833
('----划分特征：', 705)
------划分值:0.000,左节点损失:0.000,右节点损失:25.834,总损失:25.834
------划分值:1.000,左节点损失:25.827,右节点损失:0.000,总损失:25.827
('----划分特征：', 706)
------划分值:0.000,左节点损失:0.000,右节点损失:25.834,总损失:25.834
------划分值:1.000,左节点损失:25.816,右节点损失:0.000,总损失:25.816
('----划分特征：', 707)
------划分值:0.000,左节点损失:0.000,右节点损失:25.834,总损失:25.834
------划分值:1.000,左节点损失:25.789,右节点损失:0.000,总损失:25.789
('----划分特征：', 708)
------划分值:0.000,左节点损失:0.000,右节点损失:25.834,总损失:25.834
------划分值:1.000,左节点损失:25.742,右节点损失:0.000,总损失:25.742
('----划分特征：', 709)
------划分值:0.000,左节点损失:0.000,右节点损失:25.834,总损失:25.834
------划分值:1.000,左节点损失:25.689,右节点损失:0.000,总损失:25.689
('----划分特征：', 710)
------划分值:0.000,左节点损失:0.000,右节点损失:25.834,总损失:25.834
------划分值:1.000,左节点损失:25.607,右节点损失:0.048,总损失:25.656
('----划分特征：', 711)
------划分值:0.000,左节点损失:0.000,右节点损失:25.834,总损失:25.834
------划分值:1.000,左节点损失:25.559,右节点损失:0.096,总损失:25.655
('----划分特征：', 712)
------划分值:0.000,左节点损失:0.000,右节点损失:25.834,总损失:25.834
------划分值:1.000,左节点损失:25.569,右节点损失:0.096,总损失:25.666
('----划分特征：', 713)
------划分值:0.000,左节点损失:0.000,右节点损失:25.834,总损失:25.834
------划分值:1.000,左节点损失:25.538,右节点损失:0.144,总损失:25.682
('----划分特征：', 714)
------划分值:0.000,左节点损失:0.000,右节点损失:25.834,总损失:25.834
------划分值:1.000,左节点损失:25.599,右节点损失:0.096,总损失:25.695
('----划分特征：', 715)
------划分值:0.000,左节点损失:0.000,右节点损失:25.834,总损失:25.834
------划分值:1.000,左节点损失:25.662,右节点损失:0.048,总损失:25.710
('----划分特征：', 716)
------划分值:0.000,左节点损失:0.000,右节点损失:25.834,总损失:25.834
------划分值:1.000,左节点损失:25.720,右节点损失:0.000,总损失:25.720
('----划分特征：', 717)
------划分值:0.000,左节点损失:0.000,右节点损失:25.834,总损失:25.834
------划分值:1.000,左节点损失:25.758,右节点损失:0.000,总损失:25.758
('----划分特征：', 718)
------划分值:0.000,左节点损失:0.000,右节点损失:25.834,总损失:25.834
------划分值:1.000,左节点损失:25.783,右节点损失:0.000,总损失:25.783
('----划分特征：', 719)
------划分值:0.000,左节点损失:0.000,右节点损失:25.834,总损失:25.834
------划分值:1.000,左节点损失:25.801,右节点损失:0.000,总损失:25.801
('----划分特征：', 720)
------划分值:0.000,左节点损失:0.000,右节点损失:25.834,总损失:25.834
------划分值:1.000,左节点损失:25.811,右节点损失:0.000,总损失:25.811
('----划分特征：', 721)
------划分值:0.000,左节点损失:0.000,右节点损失:25.834,总损失:25.834
------划分值:1.000,左节点损失:25.820,右节点损失:0.000,总损失:25.820
('----划分特征：', 722)
------划分值:0.000,左节点损失:0.000,右节点损失:25.834,总损失:25.834
------划分值:1.000,左节点损失:25.829,右节点损失:0.000,总损失:25.829
('----划分特征：', 723)
------划分值:0.000,左节点损失:0.000,右节点损失:25.834,总损失:25.834
------划分值:1.000,左节点损失:25.832,右节点损失:0.000,总损失:25.832
('----划分特征：', 724)
------划分值:0.000,左节点损失:0.000,右节点损失:25.834,总损失:25.834
('----划分特征：', 725)
------划分值:0.000,左节点损失:0.000,右节点损失:25.834,总损失:25.834
('----划分特征：', 726)
------划分值:0.000,左节点损失:0.000,右节点损失:25.834,总损失:25.834
('----划分特征：', 727)
------划分值:0.000,左节点损失:0.000,右节点损失:25.834,总损失:25.834
('----划分特征：', 728)
------划分值:0.000,左节点损失:0.000,右节点损失:25.834,总损失:25.834
('----划分特征：', 729)
------划分值:0.000,左节点损失:0.000,右节点损失:25.834,总损失:25.834
('----划分特征：', 730)
------划分值:0.000,左节点损失:0.000,右节点损失:25.834,总损失:25.834
('----划分特征：', 731)
------划分值:0.000,左节点损失:0.000,右节点损失:25.834,总损失:25.834
('----划分特征：', 732)
------划分值:0.000,左节点损失:0.000,右节点损失:25.834,总损失:25.834
------划分值:1.000,左节点损失:25.834,右节点损失:0.000,总损失:25.834
('----划分特征：', 733)
------划分值:0.000,左节点损失:0.000,右节点损失:25.834,总损失:25.834
------划分值:1.000,左节点损失:25.832,右节点损失:0.000,总损失:25.832
('----划分特征：', 734)
------划分值:0.000,左节点损失:0.000,右节点损失:25.834,总损失:25.834
------划分值:1.000,左节点损失:25.824,右节点损失:0.000,总损失:25.824
('----划分特征：', 735)
------划分值:0.000,左节点损失:0.000,右节点损失:25.834,总损失:25.834
------划分值:1.000,左节点损失:25.813,右节点损失:0.000,总损失:25.813
('----划分特征：', 736)
------划分值:0.000,左节点损失:0.000,右节点损失:25.834,总损失:25.834
------划分值:1.000,左节点损失:25.792,右节点损失:0.000,总损失:25.792
('----划分特征：', 737)
------划分值:0.000,左节点损失:0.000,右节点损失:25.834,总损失:25.834
------划分值:1.000,左节点损失:25.776,右节点损失:0.000,总损失:25.776
('----划分特征：', 738)
------划分值:0.000,左节点损失:0.000,右节点损失:25.834,总损失:25.834
------划分值:1.000,左节点损失:25.765,右节点损失:0.000,总损失:25.765
('----划分特征：', 739)
------划分值:0.000,左节点损失:0.000,右节点损失:25.834,总损失:25.834
------划分值:1.000,左节点损失:25.766,右节点损失:0.000,总损失:25.766
('----划分特征：', 740)
------划分值:0.000,左节点损失:0.000,右节点损失:25.834,总损失:25.834
------划分值:1.000,左节点损失:25.775,右节点损失:0.000,总损失:25.775
('----划分特征：', 741)
------划分值:0.000,左节点损失:0.000,右节点损失:25.834,总损失:25.834
------划分值:1.000,左节点损失:25.778,右节点损失:0.000,总损失:25.778
('----划分特征：', 742)
------划分值:0.000,左节点损失:0.000,右节点损失:25.834,总损失:25.834
------划分值:1.000,左节点损失:25.779,右节点损失:0.000,总损失:25.779
('----划分特征：', 743)
------划分值:0.000,左节点损失:0.000,右节点损失:25.834,总损失:25.834
------划分值:1.000,左节点损失:25.792,右节点损失:0.000,总损失:25.792
('----划分特征：', 744)
------划分值:0.000,左节点损失:0.000,右节点损失:25.834,总损失:25.834
------划分值:1.000,左节点损失:25.796,右节点损失:0.000,总损失:25.796
('----划分特征：', 745)
------划分值:0.000,左节点损失:0.000,右节点损失:25.834,总损失:25.834
------划分值:1.000,左节点损失:25.803,右节点损失:0.000,总损失:25.803
('----划分特征：', 746)
------划分值:0.000,左节点损失:0.000,右节点损失:25.834,总损失:25.834
------划分值:1.000,左节点损失:25.813,右节点损失:0.000,总损失:25.813
('----划分特征：', 747)
------划分值:0.000,左节点损失:0.000,右节点损失:25.834,总损失:25.834
------划分值:1.000,左节点损失:25.822,右节点损失:0.000,总损失:25.822
('----划分特征：', 748)
------划分值:0.000,左节点损失:0.000,右节点损失:25.834,总损失:25.834
------划分值:1.000,左节点损失:25.827,右节点损失:0.000,总损失:25.827
('----划分特征：', 749)
------划分值:0.000,左节点损失:0.000,右节点损失:25.834,总损失:25.834
------划分值:1.000,左节点损失:25.830,右节点损失:0.000,总损失:25.830
('----划分特征：', 750)
------划分值:0.000,左节点损失:0.000,右节点损失:25.834,总损失:25.834
------划分值:1.000,左节点损失:25.833,右节点损失:0.000,总损失:25.833
('----划分特征：', 751)
------划分值:0.000,左节点损失:0.000,右节点损失:25.834,总损失:25.834
------划分值:1.000,左节点损失:25.834,右节点损失:0.000,总损失:25.834
('----划分特征：', 752)
------划分值:0.000,左节点损失:0.000,右节点损失:25.834,总损失:25.834
('----划分特征：', 753)
------划分值:0.000,左节点损失:0.000,右节点损失:25.834,总损失:25.834
('----划分特征：', 754)
------划分值:0.000,左节点损失:0.000,右节点损失:25.834,总损失:25.834
('----划分特征：', 755)
------划分值:0.000,左节点损失:0.000,右节点损失:25.834,总损失:25.834
('----划分特征：', 756)
------划分值:0.000,左节点损失:0.000,右节点损失:25.834,总损失:25.834
('----划分特征：', 757)
------划分值:0.000,左节点损失:0.000,右节点损失:25.834,总损失:25.834
('----划分特征：', 758)
------划分值:0.000,左节点损失:0.000,右节点损失:25.834,总损失:25.834
('----划分特征：', 759)
------划分值:0.000,左节点损失:0.000,右节点损失:25.834,总损失:25.834
('----划分特征：', 760)
------划分值:0.000,左节点损失:0.000,右节点损失:25.834,总损失:25.834
('----划分特征：', 761)
------划分值:0.000,左节点损失:0.000,右节点损失:25.834,总损失:25.834
------划分值:1.000,左节点损失:25.834,右节点损失:0.000,总损失:25.834
('----划分特征：', 762)
------划分值:0.000,左节点损失:0.000,右节点损失:25.834,总损失:25.834
------划分值:1.000,左节点损失:25.833,右节点损失:0.000,总损失:25.833
('----划分特征：', 763)
------划分值:0.000,左节点损失:0.000,右节点损失:25.834,总损失:25.834
------划分值:1.000,左节点损失:25.833,右节点损失:0.000,总损失:25.833
('----划分特征：', 764)
------划分值:0.000,左节点损失:0.000,右节点损失:25.834,总损失:25.834
------划分值:1.000,左节点损失:25.833,右节点损失:0.000,总损失:25.833
('----划分特征：', 765)
------划分值:0.000,左节点损失:0.000,右节点损失:25.834,总损失:25.834
------划分值:1.000,左节点损失:25.832,右节点损失:0.000,总损失:25.832
('----划分特征：', 766)
------划分值:0.000,左节点损失:0.000,右节点损失:25.834,总损失:25.834
------划分值:1.000,左节点损失:25.830,右节点损失:0.000,总损失:25.830
('----划分特征：', 767)
------划分值:0.000,左节点损失:0.000,右节点损失:25.834,总损失:25.834
------划分值:1.000,左节点损失:25.829,右节点损失:0.000,总损失:25.829
('----划分特征：', 768)
------划分值:0.000,左节点损失:0.000,右节点损失:25.834,总损失:25.834
------划分值:1.000,左节点损失:25.826,右节点损失:0.000,总损失:25.826
('----划分特征：', 769)
------划分值:0.000,左节点损失:0.000,右节点损失:25.834,总损失:25.834
------划分值:1.000,左节点损失:25.825,右节点损失:0.000,总损失:25.825
('----划分特征：', 770)
------划分值:0.000,左节点损失:0.000,右节点损失:25.834,总损失:25.834
------划分值:1.000,左节点损失:25.828,右节点损失:0.000,总损失:25.828
('----划分特征：', 771)
------划分值:0.000,左节点损失:0.000,右节点损失:25.834,总损失:25.834
------划分值:1.000,左节点损失:25.829,右节点损失:0.000,总损失:25.829
('----划分特征：', 772)
------划分值:0.000,左节点损失:0.000,右节点损失:25.834,总损失:25.834
------划分值:1.000,左节点损失:25.829,右节点损失:0.000,总损失:25.829
('----划分特征：', 773)
------划分值:0.000,左节点损失:0.000,右节点损失:25.834,总损失:25.834
------划分值:1.000,左节点损失:25.832,右节点损失:0.000,总损失:25.832
('----划分特征：', 774)
------划分值:0.000,左节点损失:0.000,右节点损失:25.834,总损失:25.834
------划分值:1.000,左节点损失:25.832,右节点损失:0.000,总损失:25.832
('----划分特征：', 775)
------划分值:0.000,左节点损失:0.000,右节点损失:25.834,总损失:25.834
------划分值:1.000,左节点损失:25.833,右节点损失:0.000,总损失:25.833
('----划分特征：', 776)
------划分值:0.000,左节点损失:0.000,右节点损失:25.834,总损失:25.834
------划分值:1.000,左节点损失:25.833,右节点损失:0.000,总损失:25.833
('----划分特征：', 777)
------划分值:0.000,左节点损失:0.000,右节点损失:25.834,总损失:25.834
------划分值:1.000,左节点损失:25.834,右节点损失:0.000,总损失:25.834
('----划分特征：', 778)
------划分值:0.000,左节点损失:0.000,右节点损失:25.834,总损失:25.834
('----划分特征：', 779)
------划分值:0.000,左节点损失:0.000,右节点损失:25.834,总损失:25.834
('----划分特征：', 780)
------划分值:0.000,左节点损失:0.000,右节点损失:25.834,总损失:25.834
('----划分特征：', 781)
------划分值:0.000,左节点损失:0.000,右节点损失:25.834,总损失:25.834
('----划分特征：', 782)
------划分值:0.000,左节点损失:0.000,右节点损失:25.834,总损失:25.834
('----划分特征：', 783)
------划分值:0.000,左节点损失:0.000,右节点损失:25.834,总损失:25.834
('----划分特征：', 'label')
------划分值:0.000,左节点损失:0.000,右节点损失:25.834,总损失:25.834
------划分值:1.000,左节点损失:0.000,右节点损失:0.000,总损失:0.000
('----划分特征：', 'f_0')
------划分值:-2.212,左节点损失:0.000,右节点损失:25.834,总损失:25.834
('----划分特征：', 'res_1')
------划分值:-0.099,左节点损失:0.000,右节点损失:25.834,总损失:25.834
------划分值:0.901,左节点损失:0.000,右节点损失:0.000,总损失:0.000
('----划分特征：', 'f_1')
------划分值:-2.323,左节点损失:0.000,右节点损失:25.834,总损失:25.834
------划分值:-1.199,左节点损失:0.000,右节点损失:0.000,总损失:0.000
('----划分特征：', 'res_2')
------划分值:-0.089,左节点损失:0.000,右节点损失:25.834,总损失:25.834
------划分值:0.768,左节点损失:0.000,右节点损失:0.000,总损失:0.000
('----划分特征：', 'f_2')
------划分值:-2.433,左节点损失:0.000,右节点损失:25.834,总损失:25.834
------划分值:-0.767,左节点损失:0.000,右节点损失:0.000,总损失:0.000
('----划分特征：', 'res_3')
------划分值:-0.081,左节点损失:0.000,右节点损失:25.834,总损失:25.834
------划分值:0.683,左节点损失:0.000,右节点损失:0.000,总损失:0.000
('----划分特征：', 'f_3')
------划分值:-2.542,左节点损失:0.000,右节点损失:25.834,总损失:25.834
------划分值:-0.452,左节点损失:0.000,右节点损失:0.000,总损失:0.000
('----划分特征：', 'res_4')
------划分值:-0.073,左节点损失:0.000,右节点损失:25.834,总损失:25.834
------划分值:0.611,左节点损失:0.000,右节点损失:0.000,总损失:0.000
('----划分特征：', 'f_4')
------划分值:-2.650,左节点损失:0.000,右节点损失:25.834,总损失:25.834
------划分值:-0.195,左节点损失:0.000,右节点损失:0.000,总损失:0.000
('----划分特征：', 'res_5')
------划分值:-0.066,左节点损失:0.000,右节点损失:25.834,总损失:25.834
------划分值:0.549,左节点损失:0.000,右节点损失:0.000,总损失:0.000
('----划分特征：', 'f_5')
------划分值:-2.757,左节点损失:0.000,右节点损失:25.834,总损失:25.834
------划分值:0.027,左节点损失:0.000,右节点损失:0.000,总损失:0.000
('----划分特征：', 'res_6')
------划分值:-0.060,左节点损失:0.000,右节点损失:25.834,总损失:25.834
------划分值:0.493,左节点损失:0.000,右节点损失:0.000,总损失:0.000
('----划分特征：', 'f_6')
------划分值:-2.863,左节点损失:0.000,右节点损失:25.834,总损失:25.834
------划分值:0.224,左节点损失:0.000,右节点损失:0.000,总损失:0.000
('----划分特征：', 'res_7')
------划分值:-0.054,左节点损失:0.000,右节点损失:25.834,总损失:25.834
------划分值:0.444,左节点损失:0.000,右节点损失:0.000,总损失:0.000
('----划分特征：', 'f_7')
------划分值:-2.969,左节点损失:0.000,右节点损失:25.834,总损失:25.834
------划分值:0.404,左节点损失:0.000,右节点损失:0.000,总损失:0.000
('----划分特征：', 'res_8')
------划分值:-0.049,左节点损失:0.000,右节点损失:25.834,总损失:25.834
------划分值:0.400,左节点损失:0.000,右节点损失:0.000,总损失:0.000
('----划分特征：', 'f_8')
------划分值:-3.074,左节点损失:0.000,右节点损失:25.834,总损失:25.834
------划分值:0.571,左节点损失:0.000,右节点损失:0.000,总损失:0.000
('----划分特征：', 'res_9')
------划分值:-0.044,左节点损失:0.000,右节点损失:25.834,总损失:25.834
------划分值:0.361,左节点损失:0.000,右节点损失:0.000,总损失:0.000
('----划分特征：', 'f_9')
------划分值:-3.178,左节点损失:0.000,右节点损失:25.834,总损失:25.834
------划分值:0.727,左节点损失:0.000,右节点损失:0.000,总损失:0.000
('----划分特征：', 'res_10')
------划分值:-0.040,左节点损失:0.000,右节点损失:25.834,总损失:25.834
------划分值:0.326,左节点损失:0.000,右节点损失:0.000,总损失:0.000
('--最佳划分特征：', 'label')
('--最佳划分值：', 1)
('叶子节点预测值：', -1.0248345414582052)
('叶子节点预测值：', 1.2434771287584665)
第15棵树: log-likelihood:2.3013
