-----------------------------构建第10颗树-----------------------------
--树的深度：0
('----划分特征：', 1)
------划分值:0.000,左节点损失:0.000,右节点损失:71.382,总损失:71.382
('----划分特征：', 2)
------划分值:0.000,左节点损失:0.000,右节点损失:71.382,总损失:71.382
('----划分特征：', 3)
------划分值:0.000,左节点损失:0.000,右节点损失:71.382,总损失:71.382
('----划分特征：', 4)
------划分值:0.000,左节点损失:0.000,右节点损失:71.382,总损失:71.382
('----划分特征：', 5)
------划分值:0.000,左节点损失:0.000,右节点损失:71.382,总损失:71.382
('----划分特征：', 6)
------划分值:0.000,左节点损失:0.000,右节点损失:71.382,总损失:71.382
('----划分特征：', 7)
------划分值:0.000,左节点损失:0.000,右节点损失:71.382,总损失:71.382
('----划分特征：', 8)
------划分值:0.000,左节点损失:0.000,右节点损失:71.382,总损失:71.382
('----划分特征：', 9)
------划分值:0.000,左节点损失:0.000,右节点损失:71.382,总损失:71.382
('----划分特征：', 10)
------划分值:0.000,左节点损失:0.000,右节点损失:71.382,总损失:71.382
('----划分特征：', 11)
------划分值:0.000,左节点损失:0.000,右节点损失:71.382,总损失:71.382
('----划分特征：', 12)
------划分值:0.000,左节点损失:0.000,右节点损失:71.382,总损失:71.382
('----划分特征：', 13)
------划分值:0.000,左节点损失:0.000,右节点损失:71.382,总损失:71.382
('----划分特征：', 14)
------划分值:0.000,左节点损失:0.000,右节点损失:71.382,总损失:71.382
('----划分特征：', 15)
------划分值:0.000,左节点损失:0.000,右节点损失:71.382,总损失:71.382
('----划分特征：', 16)
------划分值:0.000,左节点损失:0.000,右节点损失:71.382,总损失:71.382
('----划分特征：', 17)
------划分值:0.000,左节点损失:0.000,右节点损失:71.382,总损失:71.382
('----划分特征：', 18)
------划分值:0.000,左节点损失:0.000,右节点损失:71.382,总损失:71.382
('----划分特征：', 19)
------划分值:0.000,左节点损失:0.000,右节点损失:71.382,总损失:71.382
('----划分特征：', 20)
------划分值:0.000,左节点损失:0.000,右节点损失:71.382,总损失:71.382
('----划分特征：', 21)
------划分值:0.000,左节点损失:0.000,右节点损失:71.382,总损失:71.382
('----划分特征：', 22)
------划分值:0.000,左节点损失:0.000,右节点损失:71.382,总损失:71.382
('----划分特征：', 23)
------划分值:0.000,左节点损失:0.000,右节点损失:71.382,总损失:71.382
('----划分特征：', 24)
------划分值:0.000,左节点损失:0.000,右节点损失:71.382,总损失:71.382
('----划分特征：', 25)
------划分值:0.000,左节点损失:0.000,右节点损失:71.382,总损失:71.382
('----划分特征：', 26)
------划分值:0.000,左节点损失:0.000,右节点损失:71.382,总损失:71.382
('----划分特征：', 27)
------划分值:0.000,左节点损失:0.000,右节点损失:71.382,总损失:71.382
('----划分特征：', 28)
------划分值:0.000,左节点损失:0.000,右节点损失:71.382,总损失:71.382
('----划分特征：', 29)
------划分值:0.000,左节点损失:0.000,右节点损失:71.382,总损失:71.382
('----划分特征：', 30)
------划分值:0.000,左节点损失:0.000,右节点损失:71.382,总损失:71.382
('----划分特征：', 31)
------划分值:0.000,左节点损失:0.000,右节点损失:71.382,总损失:71.382
('----划分特征：', 32)
------划分值:0.000,左节点损失:0.000,右节点损失:71.382,总损失:71.382
('----划分特征：', 33)
------划分值:0.000,左节点损失:0.000,右节点损失:71.382,总损失:71.382
('----划分特征：', 34)
------划分值:0.000,左节点损失:0.000,右节点损失:71.382,总损失:71.382
('----划分特征：', 35)
------划分值:0.000,左节点损失:0.000,右节点损失:71.382,总损失:71.382
('----划分特征：', 36)
------划分值:0.000,左节点损失:0.000,右节点损失:71.382,总损失:71.382
------划分值:1.000,左节点损失:71.380,右节点损失:0.000,总损失:71.380
('----划分特征：', 37)
------划分值:0.000,左节点损失:0.000,右节点损失:71.382,总损失:71.382
------划分值:1.000,左节点损失:71.379,右节点损失:0.000,总损失:71.379
('----划分特征：', 38)
------划分值:0.000,左节点损失:0.000,右节点损失:71.382,总损失:71.382
------划分值:1.000,左节点损失:71.380,右节点损失:0.000,总损失:71.380
('----划分特征：', 39)
------划分值:0.000,左节点损失:0.000,右节点损失:71.382,总损失:71.382
------划分值:1.000,左节点损失:71.378,右节点损失:0.000,总损失:71.378
('----划分特征：', 40)
------划分值:0.000,左节点损失:0.000,右节点损失:71.382,总损失:71.382
------划分值:1.000,左节点损失:71.380,右节点损失:0.000,总损失:71.380
('----划分特征：', 41)
------划分值:0.000,左节点损失:0.000,右节点损失:71.382,总损失:71.382
------划分值:1.000,左节点损失:71.379,右节点损失:0.000,总损失:71.379
('----划分特征：', 42)
------划分值:0.000,左节点损失:0.000,右节点损失:71.382,总损失:71.382
------划分值:1.000,左节点损失:71.380,右节点损失:0.000,总损失:71.380
('----划分特征：', 43)
------划分值:0.000,左节点损失:0.000,右节点损失:71.382,总损失:71.382
------划分值:1.000,左节点损失:71.376,右节点损失:0.000,总损失:71.376
('----划分特征：', 44)
------划分值:0.000,左节点损失:0.000,右节点损失:71.382,总损失:71.382
------划分值:1.000,左节点损失:71.374,右节点损失:0.000,总损失:71.374
('----划分特征：', 45)
------划分值:0.000,左节点损失:0.000,右节点损失:71.382,总损失:71.382
------划分值:1.000,左节点损失:71.378,右节点损失:0.000,总损失:71.378
('----划分特征：', 46)
------划分值:0.000,左节点损失:0.000,右节点损失:71.382,总损失:71.382
------划分值:1.000,左节点损失:71.378,右节点损失:0.000,总损失:71.378
('----划分特征：', 47)
------划分值:0.000,左节点损失:0.000,右节点损失:71.382,总损失:71.382
------划分值:1.000,左节点损失:71.380,右节点损失:0.000,总损失:71.380
('----划分特征：', 48)
------划分值:0.000,左节点损失:0.000,右节点损失:71.382,总损失:71.382
------划分值:1.000,左节点损失:71.379,右节点损失:0.000,总损失:71.379
('----划分特征：', 49)
------划分值:0.000,左节点损失:0.000,右节点损失:71.382,总损失:71.382
------划分值:1.000,左节点损失:71.380,右节点损失:0.000,总损失:71.380
('----划分特征：', 50)
------划分值:0.000,左节点损失:0.000,右节点损失:71.382,总损失:71.382
------划分值:1.000,左节点损失:71.380,右节点损失:0.000,总损失:71.380
('----划分特征：', 51)
------划分值:0.000,左节点损失:0.000,右节点损失:71.382,总损失:71.382
('----划分特征：', 52)
------划分值:0.000,左节点损失:0.000,右节点损失:71.382,总损失:71.382
('----划分特征：', 53)
------划分值:0.000,左节点损失:0.000,右节点损失:71.382,总损失:71.382
('----划分特征：', 54)
------划分值:0.000,左节点损失:0.000,右节点损失:71.382,总损失:71.382
('----划分特征：', 55)
------划分值:0.000,左节点损失:0.000,右节点损失:71.382,总损失:71.382
('----划分特征：', 56)
------划分值:0.000,左节点损失:0.000,右节点损失:71.382,总损失:71.382
('----划分特征：', 57)
------划分值:0.000,左节点损失:0.000,右节点损失:71.382,总损失:71.382
('----划分特征：', 58)
------划分值:0.000,左节点损失:0.000,右节点损失:71.382,总损失:71.382
('----划分特征：', 59)
------划分值:0.000,左节点损失:0.000,右节点损失:71.382,总损失:71.382
('----划分特征：', 60)
------划分值:0.000,左节点损失:0.000,右节点损失:71.382,总损失:71.382
('----划分特征：', 61)
------划分值:0.000,左节点损失:0.000,右节点损失:71.382,总损失:71.382
('----划分特征：', 62)
------划分值:0.000,左节点损失:0.000,右节点损失:71.382,总损失:71.382
('----划分特征：', 63)
------划分值:0.000,左节点损失:0.000,右节点损失:71.382,总损失:71.382
('----划分特征：', 64)
------划分值:0.000,左节点损失:0.000,右节点损失:71.382,总损失:71.382
------划分值:1.000,左节点损失:71.376,右节点损失:0.000,总损失:71.376
('----划分特征：', 65)
------划分值:0.000,左节点损失:0.000,右节点损失:71.382,总损失:71.382
------划分值:1.000,左节点损失:71.371,右节点损失:0.000,总损失:71.371
('----划分特征：', 66)
------划分值:0.000,左节点损失:0.000,右节点损失:71.382,总损失:71.382
------划分值:1.000,左节点损失:71.363,右节点损失:0.000,总损失:71.363
('----划分特征：', 67)
------划分值:0.000,左节点损失:0.000,右节点损失:71.382,总损失:71.382
------划分值:1.000,左节点损失:71.354,右节点损失:0.000,总损失:71.354
('----划分特征：', 68)
------划分值:0.000,左节点损失:0.000,右节点损失:71.382,总损失:71.382
------划分值:1.000,左节点损失:71.342,右节点损失:0.000,总损失:71.342
('----划分特征：', 69)
------划分值:0.000,左节点损失:0.000,右节点损失:71.382,总损失:71.382
------划分值:1.000,左节点损失:71.337,右节点损失:0.000,总损失:71.337
('----划分特征：', 70)
------划分值:0.000,左节点损失:0.000,右节点损失:71.382,总损失:71.382
------划分值:1.000,左节点损失:71.303,右节点损失:0.000,总损失:71.303
('----划分特征：', 71)
------划分值:0.000,左节点损失:0.000,右节点损失:71.382,总损失:71.382
------划分值:1.000,左节点损失:71.284,右节点损失:0.000,总损失:71.284
('----划分特征：', 72)
------划分值:0.000,左节点损失:0.000,右节点损失:71.382,总损失:71.382
------划分值:1.000,左节点损失:71.234,右节点损失:0.000,总损失:71.234
('----划分特征：', 73)
------划分值:0.000,左节点损失:0.000,右节点损失:71.382,总损失:71.382
------划分值:1.000,左节点损失:71.232,右节点损失:0.000,总损失:71.232
('----划分特征：', 74)
------划分值:0.000,左节点损失:0.000,右节点损失:71.382,总损失:71.382
------划分值:1.000,左节点损失:71.263,右节点损失:0.000,总损失:71.263
('----划分特征：', 75)
------划分值:0.000,左节点损失:0.000,右节点损失:71.382,总损失:71.382
------划分值:1.000,左节点损失:71.303,右节点损失:0.000,总损失:71.303
('----划分特征：', 76)
------划分值:0.000,左节点损失:0.000,右节点损失:71.382,总损失:71.382
------划分值:1.000,左节点损失:71.348,右节点损失:0.000,总损失:71.348
('----划分特征：', 77)
------划分值:0.000,左节点损失:0.000,右节点损失:71.382,总损失:71.382
------划分值:1.000,左节点损失:71.369,右节点损失:0.000,总损失:71.369
('----划分特征：', 78)
------划分值:0.000,左节点损失:0.000,右节点损失:71.382,总损失:71.382
------划分值:1.000,左节点损失:71.378,右节点损失:0.000,总损失:71.378
('----划分特征：', 79)
------划分值:0.000,左节点损失:0.000,右节点损失:71.382,总损失:71.382
------划分值:1.000,左节点损失:71.380,右节点损失:0.000,总损失:71.380
('----划分特征：', 80)
------划分值:0.000,左节点损失:0.000,右节点损失:71.382,总损失:71.382
('----划分特征：', 81)
------划分值:0.000,左节点损失:0.000,右节点损失:71.382,总损失:71.382
('----划分特征：', 82)
------划分值:0.000,左节点损失:0.000,右节点损失:71.382,总损失:71.382
('----划分特征：', 83)
------划分值:0.000,左节点损失:0.000,右节点损失:71.382,总损失:71.382
('----划分特征：', 84)
------划分值:0.000,左节点损失:0.000,右节点损失:71.382,总损失:71.382
('----划分特征：', 85)
------划分值:0.000,左节点损失:0.000,右节点损失:71.382,总损失:71.382
('----划分特征：', 86)
------划分值:0.000,左节点损失:0.000,右节点损失:71.382,总损失:71.382
('----划分特征：', 87)
------划分值:0.000,左节点损失:0.000,右节点损失:71.382,总损失:71.382
('----划分特征：', 88)
------划分值:0.000,左节点损失:0.000,右节点损失:71.382,总损失:71.382
('----划分特征：', 89)
------划分值:0.000,左节点损失:0.000,右节点损失:71.382,总损失:71.382
------划分值:1.000,左节点损失:71.379,右节点损失:0.000,总损失:71.379
('----划分特征：', 90)
------划分值:0.000,左节点损失:0.000,右节点损失:71.382,总损失:71.382
------划分值:1.000,左节点损失:71.374,右节点损失:0.000,总损失:71.374
('----划分特征：', 91)
------划分值:0.000,左节点损失:0.000,右节点损失:71.382,总损失:71.382
------划分值:1.000,左节点损失:71.371,右节点损失:0.000,总损失:71.371
('----划分特征：', 92)
------划分值:0.000,左节点损失:0.000,右节点损失:71.382,总损失:71.382
------划分值:1.000,左节点损失:71.353,右节点损失:0.000,总损失:71.353
('----划分特征：', 93)
------划分值:0.000,左节点损失:0.000,右节点损失:71.382,总损失:71.382
------划分值:1.000,左节点损失:71.334,右节点损失:0.000,总损失:71.334
('----划分特征：', 94)
------划分值:0.000,左节点损失:0.000,右节点损失:71.382,总损失:71.382
------划分值:1.000,左节点损失:71.285,右节点损失:0.000,总损失:71.285
('----划分特征：', 95)
------划分值:0.000,左节点损失:0.000,右节点损失:71.382,总损失:71.382
------划分值:1.000,左节点损失:71.137,右节点损失:0.132,总损失:71.269
('----划分特征：', 96)
------划分值:0.000,左节点损失:0.000,右节点损失:71.382,总损失:71.382
------划分值:1.000,左节点损失:70.759,右节点损失:0.520,总损失:71.280
('----划分特征：', 97)
------划分值:0.000,左节点损失:0.000,右节点损失:71.382,总损失:71.382
------划分值:1.000,左节点损失:70.371,右节点损失:0.903,总损失:71.274
('----划分特征：', 98)
------划分值:0.000,左节点损失:0.000,右节点损失:71.382,总损失:71.382
------划分值:1.000,左节点损失:69.972,右节点损失:1.285,总损失:71.257
('----划分特征：', 99)
------划分值:0.000,左节点损失:0.000,右节点损失:71.382,总损失:71.382
------划分值:1.000,左节点损失:69.776,右节点损失:1.421,总损失:71.197
('----划分特征：', 100)
------划分值:0.000,左节点损失:0.000,右节点损失:71.382,总损失:71.382
------划分值:1.000,左节点损失:69.924,右节点损失:1.174,总损失:71.098
('----划分特征：', 101)
------划分值:0.000,左节点损失:0.000,右节点损失:71.382,总损失:71.382
------划分值:1.000,左节点损失:70.057,右节点损失:1.045,总损失:71.103
('----划分特征：', 102)
------划分值:0.000,左节点损失:0.000,右节点损失:71.382,总损失:71.382
------划分值:1.000,左节点损失:70.601,右节点损失:0.527,总损失:71.128
('----划分特征：', 103)
------划分值:0.000,左节点损失:0.000,右节点损失:71.382,总损失:71.382
------划分值:1.000,左节点损失:70.604,右节点损失:0.651,总损失:71.254
('----划分特征：', 104)
------划分值:0.000,左节点损失:0.000,右节点损失:71.382,总损失:71.382
------划分值:1.000,左节点损失:71.047,右节点损失:0.262,总损失:71.309
('----划分特征：', 105)
------划分值:0.000,左节点损失:0.000,右节点损失:71.382,总损失:71.382
------划分值:1.000,左节点损失:71.324,右节点损失:0.000,总损失:71.324
('----划分特征：', 106)
------划分值:0.000,左节点损失:0.000,右节点损失:71.382,总损失:71.382
------划分值:1.000,左节点损失:71.359,右节点损失:0.000,总损失:71.359
('----划分特征：', 107)
------划分值:0.000,左节点损失:0.000,右节点损失:71.382,总损失:71.382
------划分值:1.000,左节点损失:71.375,右节点损失:0.000,总损失:71.375
('----划分特征：', 108)
------划分值:0.000,左节点损失:0.000,右节点损失:71.382,总损失:71.382
------划分值:1.000,左节点损失:71.380,右节点损失:0.000,总损失:71.380
('----划分特征：', 109)
------划分值:0.000,左节点损失:0.000,右节点损失:71.382,总损失:71.382
('----划分特征：', 110)
------划分值:0.000,左节点损失:0.000,右节点损失:71.382,总损失:71.382
('----划分特征：', 111)
------划分值:0.000,左节点损失:0.000,右节点损失:71.382,总损失:71.382
('----划分特征：', 112)
------划分值:0.000,左节点损失:0.000,右节点损失:71.382,总损失:71.382
('----划分特征：', 113)
------划分值:0.000,左节点损失:0.000,右节点损失:71.382,总损失:71.382
('----划分特征：', 114)
------划分值:0.000,左节点损失:0.000,右节点损失:71.382,总损失:71.382
('----划分特征：', 115)
------划分值:0.000,左节点损失:0.000,右节点损失:71.382,总损失:71.382
('----划分特征：', 116)
------划分值:0.000,左节点损失:0.000,右节点损失:71.382,总损失:71.382
------划分值:1.000,左节点损失:71.380,右节点损失:0.000,总损失:71.380
('----划分特征：', 117)
------划分值:0.000,左节点损失:0.000,右节点损失:71.382,总损失:71.382
------划分值:1.000,左节点损失:71.371,右节点损失:0.000,总损失:71.371
('----划分特征：', 118)
------划分值:0.000,左节点损失:0.000,右节点损失:71.382,总损失:71.382
------划分值:1.000,左节点损失:71.358,右节点损失:0.000,总损失:71.358
('----划分特征：', 119)
------划分值:0.000,左节点损失:0.000,右节点损失:71.382,总损失:71.382
------划分值:1.000,左节点损失:71.336,右节点损失:0.000,总损失:71.336
('----划分特征：', 120)
------划分值:0.000,左节点损失:0.000,右节点损失:71.382,总损失:71.382
------划分值:1.000,左节点损失:71.273,右节点损失:0.000,总损失:71.273
('----划分特征：', 121)
------划分值:0.000,左节点损失:0.000,右节点损失:71.382,总损失:71.382
------划分值:1.000,左节点损失:70.857,右节点损失:0.393,总损失:71.250
('----划分特征：', 122)
------划分值:0.000,左节点损失:0.000,右节点损失:71.382,总损失:71.382
------划分值:1.000,左节点损失:69.857,右节点损失:1.409,总损失:71.266
('----划分特征：', 123)
------划分值:0.000,左节点损失:0.000,右节点损失:71.382,总损失:71.382
------划分值:1.000,左节点损失:68.174,右节点损失:3.134,总损失:71.308
('----划分特征：', 124)
------划分值:0.000,左节点损失:0.000,右节点损失:71.382,总损失:71.382
------划分值:1.000,左节点损失:64.411,右节点损失:6.970,总损失:71.381
('----划分特征：', 125)
------划分值:0.000,左节点损失:0.000,右节点损失:71.382,总损失:71.382
------划分值:1.000,左节点损失:59.071,右节点损失:12.156,总损失:71.227
('----划分特征：', 126)
------划分值:0.000,左节点损失:0.000,右节点损失:71.382,总损失:71.382
------划分值:1.000,左节点损失:57.429,右节点损失:13.875,总损失:71.304
('----划分特征：', 127)
------划分值:0.000,左节点损失:0.000,右节点损失:71.382,总损失:71.382
------划分值:1.000,左节点损失:53.994,右节点损失:17.180,总损失:71.174
('----划分特征：', 128)
------划分值:0.000,左节点损失:0.000,右节点损失:71.382,总损失:71.382
------划分值:1.000,左节点损失:52.305,右节点损失:18.736,总损失:71.041
('----划分特征：', 129)
------划分值:0.000,左节点损失:0.000,右节点损失:71.382,总损失:71.382
------划分值:1.000,左节点损失:53.844,右节点损失:17.213,总损失:71.057
('----划分特征：', 130)
------划分值:0.000,左节点损失:0.000,右节点损失:71.382,总损失:71.382
------划分值:1.000,左节点损失:56.372,右节点损失:14.632,总损失:71.004
('----划分特征：', 131)
------划分值:0.000,左节点损失:0.000,右节点损失:71.382,总损失:71.382
------划分值:1.000,左节点损失:59.586,右节点损失:11.382,总损失:70.968
('----划分特征：', 132)
------划分值:0.000,左节点损失:0.000,右节点损失:71.382,总损失:71.382
------划分值:1.000,左节点损失:63.666,右节点损失:7.403,总损失:71.069
('----划分特征：', 133)
------划分值:0.000,左节点损失:0.000,右节点损失:71.382,总损失:71.382
------划分值:1.000,左节点损失:67.910,右节点损失:3.380,总损失:71.289
('----划分特征：', 134)
------划分值:0.000,左节点损失:0.000,右节点损失:71.382,总损失:71.382
------划分值:1.000,左节点损失:70.065,右节点损失:1.316,总损失:71.381
('----划分特征：', 135)
------划分值:0.000,左节点损失:0.000,右节点损失:71.382,总损失:71.382
------划分值:1.000,左节点损失:71.107,右节点损失:0.256,总损失:71.363
('----划分特征：', 136)
------划分值:0.000,左节点损失:0.000,右节点损失:71.382,总损失:71.382
------划分值:1.000,左节点损失:71.255,右节点损失:0.125,总损失:71.379
('----划分特征：', 137)
------划分值:0.000,左节点损失:0.000,右节点损失:71.382,总损失:71.382
('----划分特征：', 138)
------划分值:0.000,左节点损失:0.000,右节点损失:71.382,总损失:71.382
('----划分特征：', 139)
------划分值:0.000,左节点损失:0.000,右节点损失:71.382,总损失:71.382
('----划分特征：', 140)
------划分值:0.000,左节点损失:0.000,右节点损失:71.382,总损失:71.382
('----划分特征：', 141)
------划分值:0.000,左节点损失:0.000,右节点损失:71.382,总损失:71.382
('----划分特征：', 142)
------划分值:0.000,左节点损失:0.000,右节点损失:71.382,总损失:71.382
('----划分特征：', 143)
------划分值:0.000,左节点损失:0.000,右节点损失:71.382,总损失:71.382
------划分值:1.000,左节点损失:71.379,右节点损失:0.000,总损失:71.379
('----划分特征：', 144)
------划分值:0.000,左节点损失:0.000,右节点损失:71.382,总损失:71.382
------划分值:1.000,左节点损失:71.370,右节点损失:0.000,总损失:71.370
('----划分特征：', 145)
------划分值:0.000,左节点损失:0.000,右节点损失:71.382,总损失:71.382
------划分值:1.000,左节点损失:71.330,右节点损失:0.000,总损失:71.330
('----划分特征：', 146)
------划分值:0.000,左节点损失:0.000,右节点损失:71.382,总损失:71.382
------划分值:1.000,左节点损失:71.291,右节点损失:0.000,总损失:71.291
('----划分特征：', 147)
------划分值:0.000,左节点损失:0.000,右节点损失:71.382,总损失:71.382
------划分值:1.000,左节点损失:71.085,右节点损失:0.133,总损失:71.218
('----划分特征：', 148)
------划分值:0.000,左节点损失:0.000,右节点损失:71.382,总损失:71.382
------划分值:1.000,左节点损失:70.724,右节点损失:0.396,总损失:71.121
('----划分特征：', 149)
------划分值:0.000,左节点损失:0.000,右节点损失:71.382,总损失:71.382
------划分值:1.000,左节点损失:69.001,右节点损失:2.181,总损失:71.182
('----划分特征：', 150)
------划分值:0.000,左节点损失:0.000,右节点损失:71.382,总损失:71.382
------划分值:1.000,左节点损失:66.028,右节点损失:5.249,总损失:71.278
('----划分特征：', 151)
------划分值:0.000,左节点损失:0.000,右节点损失:71.382,总损失:71.382
------划分值:1.000,左节点损失:59.833,右节点损失:11.547,总损失:71.381
('----划分特征：', 152)
------划分值:0.000,左节点损失:0.000,右节点损失:71.382,总损失:71.382
------划分值:1.000,左节点损失:52.395,右节点损失:18.825,总损失:71.220
('----划分特征：', 153)
------划分值:0.000,左节点损失:0.000,右节点损失:71.382,总损失:71.382
------划分值:1.000,左节点损失:44.946,右节点损失:26.015,总损失:70.961
('----划分特征：', 154)
------划分值:0.000,左节点损失:0.000,右节点损失:71.382,总损失:71.382
------划分值:1.000,左节点损失:35.641,右节点损失:34.570,总损失:70.211
('----划分特征：', 155)
------划分值:0.000,左节点损失:0.000,右节点损失:71.382,总损失:71.382
------划分值:1.000,左节点损失:29.492,右节点损失:40.015,总损失:69.508
('----划分特征：', 156)
------划分值:0.000,左节点损失:0.000,右节点损失:71.382,总损失:71.382
------划分值:1.000,左节点损失:27.019,右节点损失:41.847,总损失:68.867
('----划分特征：', 157)
------划分值:1.000,左节点损失:30.755,右节点损失:38.470,总损失:69.224
------划分值:0.000,左节点损失:0.000,右节点损失:71.382,总损失:71.382
('----划分特征：', 158)
------划分值:1.000,左节点损失:36.283,右节点损失:33.212,总损失:69.495
------划分值:0.000,左节点损失:0.000,右节点损失:71.382,总损失:71.382
('----划分特征：', 159)
------划分值:0.000,左节点损失:0.000,右节点损失:71.382,总损失:71.382
------划分值:1.000,左节点损失:46.426,右节点损失:23.838,总损失:70.264
('----划分特征：', 160)
------划分值:1.000,左节点损失:54.944,右节点损失:15.804,总损失:70.748
------划分值:0.000,左节点损失:0.000,右节点损失:71.382,总损失:71.382
('----划分特征：', 161)
------划分值:1.000,左节点损失:62.327,右节点损失:8.829,总损失:71.156
------划分值:0.000,左节点损失:0.000,右节点损失:71.382,总损失:71.382
('----划分特征：', 162)
------划分值:1.000,左节点损失:67.148,右节点损失:4.199,总损失:71.347
------划分值:0.000,左节点损失:0.000,右节点损失:71.382,总损失:71.382
('----划分特征：', 163)
------划分值:0.000,左节点损失:0.000,右节点损失:71.382,总损失:71.382
------划分值:1.000,左节点损失:69.896,右节点损失:1.478,总损失:71.374
('----划分特征：', 164)
------划分值:0.000,左节点损失:0.000,右节点损失:71.382,总损失:71.382
------划分值:1.000,左节点损失:71.084,右节点损失:0.259,总损失:71.343
('----划分特征：', 165)
------划分值:0.000,左节点损失:0.000,右节点损失:71.382,总损失:71.382
------划分值:1.000,左节点损失:71.362,右节点损失:0.000,总损失:71.362
('----划分特征：', 166)
------划分值:0.000,左节点损失:0.000,右节点损失:71.382,总损失:71.382
------划分值:1.000,左节点损失:71.380,右节点损失:0.000,总损失:71.380
('----划分特征：', 167)
------划分值:0.000,左节点损失:0.000,右节点损失:71.382,总损失:71.382
('----划分特征：', 168)
------划分值:0.000,左节点损失:0.000,右节点损失:71.382,总损失:71.382
('----划分特征：', 169)
------划分值:0.000,左节点损失:0.000,右节点损失:71.382,总损失:71.382
('----划分特征：', 170)
------划分值:0.000,左节点损失:0.000,右节点损失:71.382,总损失:71.382
('----划分特征：', 171)
------划分值:0.000,左节点损失:0.000,右节点损失:71.382,总损失:71.382
------划分值:1.000,左节点损失:71.376,右节点损失:0.000,总损失:71.376
('----划分特征：', 172)
------划分值:0.000,左节点损失:0.000,右节点损失:71.382,总损失:71.382
------划分值:1.000,左节点损失:71.353,右节点损失:0.000,总损失:71.353
('----划分特征：', 173)
------划分值:0.000,左节点损失:0.000,右节点损失:71.382,总损失:71.382
------划分值:1.000,左节点损失:71.193,右节点损失:0.132,总损失:71.324
('----划分特征：', 174)
------划分值:0.000,左节点损失:0.000,右节点损失:71.382,总损失:71.382
------划分值:1.000,左节点损失:71.088,右节点损失:0.133,总损失:71.221
('----划分特征：', 175)
------划分值:0.000,左节点损失:0.000,右节点损失:71.382,总损失:71.382
------划分值:1.000,左节点损失:70.767,右节点损失:0.266,总损失:71.033
('----划分特征：', 176)
------划分值:0.000,左节点损失:0.000,右节点损失:71.382,总损失:71.382
------划分值:1.000,左节点损失:68.698,右节点损失:2.441,总损失:71.139
('----划分特征：', 177)
------划分值:0.000,左节点损失:0.000,右节点损失:71.382,总损失:71.382
------划分值:1.000,左节点损失:64.347,右节点损失:6.951,总损失:71.298
('----划分特征：', 178)
------划分值:0.000,左节点损失:0.000,右节点损失:71.382,总损失:71.382
------划分值:1.000,左节点损失:57.848,右节点损失:13.533,总损失:71.381
('----划分特征：', 179)
------划分值:1.000,左节点损失:48.356,右节点损失:22.834,总损失:71.190
------划分值:0.000,左节点损失:0.000,右节点损失:71.382,总损失:71.382
('----划分特征：', 180)
------划分值:1.000,左节点损失:40.526,右节点损失:30.402,总损失:70.928
------划分值:0.000,左节点损失:0.000,右节点损失:71.382,总损失:71.382
('----划分特征：', 181)
------划分值:1.000,左节点损失:31.551,右节点损失:38.966,总损失:70.517
------划分值:0.000,左节点损失:0.000,右节点损失:71.382,总损失:71.382
('----划分特征：', 182)
------划分值:1.000,左节点损失:22.471,右节点损失:47.307,总损失:69.778
------划分值:0.000,左节点损失:0.000,右节点损失:71.382,总损失:71.382
('----划分特征：', 183)
------划分值:1.000,左节点损失:16.151,右节点损失:52.614,总损失:68.765
------划分值:0.000,左节点损失:0.000,右节点损失:71.382,总损失:71.382
('----划分特征：', 184)
------划分值:1.000,左节点损失:15.176,右节点损失:53.204,总损失:68.380
------划分值:0.000,左节点损失:0.000,右节点损失:71.382,总损失:71.382
('----划分特征：', 185)
------划分值:1.000,左节点损失:17.681,右节点损失:50.653,总损失:68.334
------划分值:0.000,左节点损失:0.000,右节点损失:71.382,总损失:71.382
('----划分特征：', 186)
------划分值:1.000,左节点损失:22.524,右节点损失:45.800,总损失:68.323
------划分值:0.000,左节点损失:0.000,右节点损失:71.382,总损失:71.382
('----划分特征：', 187)
------划分值:1.000,左节点损失:32.121,右节点损失:36.894,总损失:69.015
------划分值:0.000,左节点损失:0.000,右节点损失:71.382,总损失:71.382
('----划分特征：', 188)
------划分值:1.000,左节点损失:43.101,右节点损失:26.557,总损失:69.657
------划分值:0.000,左节点损失:0.000,右节点损失:71.382,总损失:71.382
('----划分特征：', 189)
------划分值:1.000,左节点损失:54.618,右节点损失:16.049,总损失:70.667
------划分值:0.000,左节点损失:0.000,右节点损失:71.382,总损失:71.382
('----划分特征：', 190)
------划分值:1.000,左节点损失:62.978,右节点损失:8.264,总损失:71.242
------划分值:0.000,左节点损失:0.000,右节点损失:71.382,总损失:71.382
('----划分特征：', 191)
------划分值:0.000,左节点损失:0.000,右节点损失:71.382,总损失:71.382
------划分值:1.000,左节点损失:68.564,右节点损失:2.812,总损失:71.376
('----划分特征：', 192)
------划分值:0.000,左节点损失:0.000,右节点损失:71.382,总损失:71.382
------划分值:1.000,左节点损失:70.777,右节点损失:0.519,总损失:71.296
('----划分特征：', 193)
------划分值:0.000,左节点损失:0.000,右节点损失:71.382,总损失:71.382
------划分值:1.000,左节点损失:71.330,右节点损失:0.000,总损失:71.330
('----划分特征：', 194)
------划分值:0.000,左节点损失:0.000,右节点损失:71.382,总损失:71.382
------划分值:1.000,左节点损失:71.374,右节点损失:0.000,总损失:71.374
('----划分特征：', 195)
------划分值:0.000,左节点损失:0.000,右节点损失:71.382,总损失:71.382
------划分值:1.000,左节点损失:71.378,右节点损失:0.000,总损失:71.378
('----划分特征：', 196)
------划分值:0.000,左节点损失:0.000,右节点损失:71.382,总损失:71.382
('----划分特征：', 197)
------划分值:0.000,左节点损失:0.000,右节点损失:71.382,总损失:71.382
------划分值:1.000,左节点损失:71.380,右节点损失:0.000,总损失:71.380
('----划分特征：', 198)
------划分值:0.000,左节点损失:0.000,右节点损失:71.382,总损失:71.382
------划分值:1.000,左节点损失:71.378,右节点损失:0.000,总损失:71.378
('----划分特征：', 199)
------划分值:0.000,左节点损失:0.000,右节点损失:71.382,总损失:71.382
------划分值:1.000,左节点损失:71.367,右节点损失:0.000,总损失:71.367
('----划分特征：', 200)
------划分值:0.000,左节点损失:0.000,右节点损失:71.382,总损失:71.382
------划分值:1.000,左节点损失:71.325,右节点损失:0.000,总损失:71.325
('----划分特征：', 201)
------划分值:0.000,左节点损失:0.000,右节点损失:71.382,总损失:71.382
------划分值:1.000,左节点损失:71.117,右节点损失:0.133,总损失:71.249
('----划分特征：', 202)
------划分值:0.000,左节点损失:0.000,右节点损失:71.382,总损失:71.382
------划分值:1.000,左节点损失:70.979,右节点损失:0.133,总损失:71.112
('----划分特征：', 203)
------划分值:0.000,左节点损失:0.000,右节点损失:71.382,总损失:71.382
------划分值:1.000,左节点损失:69.515,右节点损失:1.560,总损失:71.075
('----划分特征：', 204)
------划分值:1.000,左节点损失:65.772,右节点损失:5.420,总损失:71.192
------划分值:0.000,左节点损失:0.000,右节点损失:71.382,总损失:71.382
('----划分特征：', 205)
------划分值:1.000,左节点损失:58.294,右节点损失:13.084,总损失:71.378
------划分值:0.000,左节点损失:0.000,右节点损失:71.382,总损失:71.382
('----划分特征：', 206)
------划分值:1.000,左节点损失:49.363,右节点损失:21.959,总损失:71.322
------划分值:0.000,左节点损失:0.000,右节点损失:71.382,总损失:71.382
('----划分特征：', 207)
------划分值:1.000,左节点损失:40.776,右节点损失:30.307,总损失:71.082
------划分值:0.000,左节点损失:0.000,右节点损失:71.382,总损失:71.382
('----划分特征：', 208)
------划分值:1.000,左节点损失:29.652,右节点损失:40.744,总损失:70.395
------划分值:0.000,左节点损失:0.000,右节点损失:71.382,总损失:71.382
('----划分特征：', 209)
------划分值:1.000,左节点损失:22.523,右节点损失:47.610,总损失:70.134
------划分值:0.000,左节点损失:0.000,右节点损失:71.382,总损失:71.382
('----划分特征：', 210)
------划分值:1.000,左节点损失:18.640,右节点损失:51.200,总损失:69.840
------划分值:0.000,左节点损失:0.000,右节点损失:71.382,总损失:71.382
('----划分特征：', 211)
------划分值:1.000,左节点损失:15.734,右节点损失:53.514,总损失:69.248
------划分值:0.000,左节点损失:0.000,右节点损失:71.382,总损失:71.382
('----划分特征：', 212)
------划分值:1.000,左节点损失:16.345,右节点损失:53.024,总损失:69.369
------划分值:0.000,左节点损失:0.000,右节点损失:71.382,总损失:71.382
('----划分特征：', 213)
------划分值:1.000,左节点损失:15.275,右节点损失:53.492,总损失:68.767
------划分值:0.000,左节点损失:0.000,右节点损失:71.382,总损失:71.382
('----划分特征：', 214)
------划分值:0.000,左节点损失:0.000,右节点损失:71.382,总损失:71.382
------划分值:1.000,左节点损失:17.677,右节点损失:50.704,总损失:68.382
('----划分特征：', 215)
------划分值:0.000,左节点损失:0.000,右节点损失:71.382,总损失:71.382
------划分值:1.000,左节点损失:23.493,右节点损失:45.033,总损失:68.526
('----划分特征：', 216)
------划分值:0.000,左节点损失:0.000,右节点损失:71.382,总损失:71.382
------划分值:1.000,左节点损失:33.709,右节点损失:35.225,总损失:68.934
('----划分特征：', 217)
------划分值:0.000,左节点损失:0.000,右节点损失:71.382,总损失:71.382
------划分值:1.000,左节点损失:46.604,右节点损失:23.423,总损失:70.027
('----划分特征：', 218)
------划分值:0.000,左节点损失:0.000,右节点损失:71.382,总损失:71.382
------划分值:1.000,左节点损失:58.077,右节点损失:12.828,总损失:70.905
('----划分特征：', 219)
------划分值:0.000,左节点损失:0.000,右节点损失:71.382,总损失:71.382
------划分值:1.000,左节点损失:65.949,右节点损失:5.403,总损失:71.352
('----划分特征：', 220)
------划分值:0.000,左节点损失:0.000,右节点损失:71.382,总损失:71.382
------划分值:1.000,左节点损失:70.079,右节点损失:1.261,总损失:71.340
('----划分特征：', 221)
------划分值:0.000,左节点损失:0.000,右节点损失:71.382,总损失:71.382
------划分值:1.000,左节点损失:71.284,右节点损失:0.000,总损失:71.284
('----划分特征：', 222)
------划分值:0.000,左节点损失:0.000,右节点损失:71.382,总损失:71.382
------划分值:1.000,左节点损失:71.355,右节点损失:0.000,总损失:71.355
('----划分特征：', 223)
------划分值:0.000,左节点损失:0.000,右节点损失:71.382,总损失:71.382
------划分值:1.000,左节点损失:71.380,右节点损失:0.000,总损失:71.380
('----划分特征：', 224)
------划分值:0.000,左节点损失:0.000,右节点损失:71.382,总损失:71.382
------划分值:1.000,左节点损失:71.380,右节点损失:0.000,总损失:71.380
('----划分特征：', 225)
------划分值:0.000,左节点损失:0.000,右节点损失:71.382,总损失:71.382
------划分值:1.000,左节点损失:71.378,右节点损失:0.000,总损失:71.378
('----划分特征：', 226)
------划分值:0.000,左节点损失:0.000,右节点损失:71.382,总损失:71.382
------划分值:1.000,左节点损失:71.376,右节点损失:0.000,总损失:71.376
('----划分特征：', 227)
------划分值:0.000,左节点损失:0.000,右节点损失:71.382,总损失:71.382
------划分值:1.000,左节点损失:71.349,右节点损失:0.000,总损失:71.349
('----划分特征：', 228)
------划分值:0.000,左节点损失:0.000,右节点损失:71.382,总损失:71.382
------划分值:1.000,左节点损失:71.277,右节点损失:0.000,总损失:71.277
('----划分特征：', 229)
------划分值:0.000,左节点损失:0.000,右节点损失:71.382,总损失:71.382
------划分值:1.000,左节点损失:70.929,右节点损失:0.265,总损失:71.194
('----划分特征：', 230)
------划分值:0.000,左节点损失:0.000,右节点损失:71.382,总损失:71.382
------划分值:1.000,左节点损失:70.190,右节点损失:0.916,总损失:71.107
('----划分特征：', 231)
------划分值:0.000,左节点损失:0.000,右节点损失:71.382,总损失:71.382
------划分值:1.000,左节点损失:67.339,右节点损失:3.817,总损失:71.156
('----划分特征：', 232)
------划分值:1.000,左节点损失:60.318,右节点损失:11.056,总损失:71.374
------划分值:0.000,左节点损失:0.000,右节点损失:71.382,总损失:71.382
('----划分特征：', 233)
------划分值:1.000,左节点损失:51.730,右节点损失:19.607,总损失:71.337
------划分值:0.000,左节点损失:0.000,右节点损失:71.382,总损失:71.382
('----划分特征：', 234)
------划分值:1.000,左节点损失:40.022,右节点损失:30.942,总损失:70.964
------划分值:0.000,左节点损失:0.000,右节点损失:71.382,总损失:71.382
('----划分特征：', 235)
------划分值:1.000,左节点损失:30.489,右节点损失:39.944,总损失:70.433
------划分值:0.000,左节点损失:0.000,右节点损失:71.382,总损失:71.382
('----划分特征：', 236)
------划分值:1.000,左节点损失:23.647,右节点损失:46.398,总损失:70.044
------划分值:0.000,左节点损失:0.000,右节点损失:71.382,总损失:71.382
('----划分特征：', 237)
------划分值:1.000,左节点损失:21.456,右节点损失:48.497,总损失:69.952
------划分值:0.000,左节点损失:0.000,右节点损失:71.382,总损失:71.382
('----划分特征：', 238)
------划分值:1.000,左节点损失:21.832,右节点损失:48.083,总损失:69.915
------划分值:0.000,左节点损失:0.000,右节点损失:71.382,总损失:71.382
('----划分特征：', 239)
------划分值:1.000,左节点损失:25.402,右节点损失:44.956,总损失:70.358
------划分值:0.000,左节点损失:0.000,右节点损失:71.382,总损失:71.382
('----划分特征：', 240)
------划分值:1.000,左节点损失:28.169,右节点损失:42.605,总损失:70.774
------划分值:0.000,左节点损失:0.000,右节点损失:71.382,总损失:71.382
('----划分特征：', 241)
------划分值:1.000,左节点损失:26.540,右节点损失:44.064,总损失:70.603
------划分值:0.000,左节点损失:0.000,右节点损失:71.382,总损失:71.382
('----划分特征：', 242)
------划分值:0.000,左节点损失:0.000,右节点损失:71.382,总损失:71.382
------划分值:1.000,左节点损失:22.122,右节点损失:47.542,总损失:69.663
('----划分特征：', 243)
------划分值:0.000,左节点损失:0.000,右节点损失:71.382,总损失:71.382
------划分值:1.000,左节点损失:21.867,右节点损失:46.884,总损失:68.751
('----划分特征：', 244)
------划分值:0.000,左节点损失:0.000,右节点损失:71.382,总损失:71.382
------划分值:1.000,左节点损失:26.382,右节点损失:41.452,总损失:67.835
('----划分特征：', 245)
------划分值:0.000,左节点损失:0.000,右节点损失:71.382,总损失:71.382
------划分值:1.000,左节点损失:38.803,右节点损失:29.942,总损失:68.745
('----划分特征：', 246)
------划分值:0.000,左节点损失:0.000,右节点损失:71.382,总损失:71.382
------划分值:1.000,左节点损失:51.531,右节点损失:18.170,总损失:69.701
('----划分特征：', 247)
------划分值:0.000,左节点损失:0.000,右节点损失:71.382,总损失:71.382
------划分值:1.000,左节点损失:63.094,右节点损失:7.936,总损失:71.030
('----划分特征：', 248)
------划分值:0.000,左节点损失:0.000,右节点损失:71.382,总损失:71.382
------划分值:1.000,左节点损失:69.433,右节点损失:1.947,总损失:71.380
('----划分特征：', 249)
------划分值:0.000,左节点损失:0.000,右节点损失:71.382,总损失:71.382
------划分值:1.000,左节点损失:71.293,右节点损失:0.000,总损失:71.293
('----划分特征：', 250)
------划分值:0.000,左节点损失:0.000,右节点损失:71.382,总损失:71.382
------划分值:1.000,左节点损失:71.367,右节点损失:0.000,总损失:71.367
('----划分特征：', 251)
------划分值:0.000,左节点损失:0.000,右节点损失:71.382,总损失:71.382
------划分值:1.000,左节点损失:71.380,右节点损失:0.000,总损失:71.380
('----划分特征：', 252)
------划分值:0.000,左节点损失:0.000,右节点损失:71.382,总损失:71.382
('----划分特征：', 253)
------划分值:0.000,左节点损失:0.000,右节点损失:71.382,总损失:71.382
------划分值:1.000,左节点损失:71.379,右节点损失:0.000,总损失:71.379
('----划分特征：', 254)
------划分值:0.000,左节点损失:0.000,右节点损失:71.382,总损失:71.382
------划分值:1.000,左节点损失:71.367,右节点损失:0.000,总损失:71.367
('----划分特征：', 255)
------划分值:0.000,左节点损失:0.000,右节点损失:71.382,总损失:71.382
------划分值:1.000,左节点损失:71.340,右节点损失:0.000,总损失:71.340
('----划分特征：', 256)
------划分值:0.000,左节点损失:0.000,右节点损失:71.382,总损失:71.382
------划分值:1.000,左节点损失:71.263,右节点损失:0.000,总损失:71.263
('----划分特征：', 257)
------划分值:0.000,左节点损失:0.000,右节点损失:71.382,总损失:71.382
------划分值:1.000,左节点损失:70.870,右节点损失:0.265,总损失:71.135
('----划分特征：', 258)
------划分值:0.000,左节点损失:0.000,右节点损失:71.382,总损失:71.382
------划分值:1.000,左节点损失:68.036,右节点损失:3.263,总损失:71.299
('----划分特征：', 259)
------划分值:0.000,左节点损失:0.000,右节点损失:71.382,总损失:71.382
------划分值:1.000,左节点损失:62.775,右节点损失:8.604,总损失:71.379
('----划分特征：', 260)
------划分值:0.000,左节点损失:0.000,右节点损失:71.382,总损失:71.382
------划分值:1.000,左节点损失:54.227,右节点损失:17.058,总损失:71.285
('----划分特征：', 261)
------划分值:1.000,左节点损失:43.082,右节点损失:27.787,总损失:70.869
------划分值:0.000,左节点损失:0.000,右节点损失:71.382,总损失:71.382
('----划分特征：', 262)
------划分值:0.000,左节点损失:0.000,右节点损失:71.382,总损失:71.382
------划分值:1.000,左节点损失:31.187,右节点损失:38.937,总损失:70.123
('----划分特征：', 263)
------划分值:1.000,左节点损失:22.910,右节点损失:46.413,总损失:69.323
------划分值:0.000,左节点损失:0.000,右节点损失:71.382,总损失:71.382
('----划分特征：', 264)
------划分值:1.000,左节点损失:22.999,右节点损失:46.562,总损失:69.561
------划分值:0.000,左节点损失:0.000,右节点损失:71.382,总损失:71.382
('----划分特征：', 265)
------划分值:1.000,左节点损失:25.325,右节点损失:44.267,总损失:69.592
------划分值:0.000,左节点损失:0.000,右节点损失:71.382,总损失:71.382
('----划分特征：', 266)
------划分值:0.000,左节点损失:0.000,右节点损失:71.382,总损失:71.382
------划分值:1.000,左节点损失:33.551,右节点损失:37.111,总损失:70.662
('----划分特征：', 267)
------划分值:0.000,左节点损失:0.000,右节点损失:71.382,总损失:71.382
------划分值:1.000,左节点损失:39.461,右节点损失:31.735,总损失:71.195
('----划分特征：', 268)
------划分值:0.000,左节点损失:0.000,右节点损失:71.382,总损失:71.382
------划分值:1.000,左节点损失:41.925,右节点损失:29.453,总损失:71.378
('----划分特征：', 269)
------划分值:1.000,左节点损失:39.462,右节点损失:31.919,总损失:71.381
------划分值:0.000,左节点损失:0.000,右节点损失:71.382,总损失:71.382
('----划分特征：', 270)
------划分值:0.000,左节点损失:0.000,右节点损失:71.382,总损失:71.382
------划分值:1.000,左节点损失:33.745,右节点损失:37.383,总损失:71.128
('----划分特征：', 271)
------划分值:0.000,左节点损失:0.000,右节点损失:71.382,总损失:71.382
------划分值:1.000,左节点损失:24.772,右节点损失:44.420,总损失:69.191
('----划分特征：', 272)
------划分值:0.000,左节点损失:0.000,右节点损失:71.382,总损失:71.382
------划分值:1.000,左节点损失:24.209,右节点损失:42.985,总损失:67.194
('----划分特征：', 273)
------划分值:0.000,左节点损失:0.000,右节点损失:71.382,总损失:71.382
------划分值:1.000,左节点损失:31.034,右节点损失:34.807,总损失:65.841
('----划分特征：', 274)
------划分值:0.000,左节点损失:0.000,右节点损失:71.382,总损失:71.382
------划分值:1.000,左节点损失:44.249,右节点损失:22.301,总损失:66.550
('----划分特征：', 275)
------划分值:0.000,左节点损失:0.000,右节点损失:71.382,总损失:71.382
------划分值:1.000,左节点损失:60.542,右节点损失:9.173,总损失:69.716
('----划分特征：', 276)
------划分值:0.000,左节点损失:0.000,右节点损失:71.382,总损失:71.382
------划分值:1.000,左节点损失:68.414,右节点损失:2.793,总损失:71.207
('----划分特征：', 277)
------划分值:0.000,左节点损失:0.000,右节点损失:71.382,总损失:71.382
------划分值:1.000,左节点损失:71.336,右节点损失:0.000,总损失:71.336
('----划分特征：', 278)
------划分值:0.000,左节点损失:0.000,右节点损失:71.382,总损失:71.382
------划分值:1.000,左节点损失:71.376,右节点损失:0.000,总损失:71.376
('----划分特征：', 279)
------划分值:0.000,左节点损失:0.000,右节点损失:71.382,总损失:71.382
('----划分特征：', 280)
------划分值:0.000,左节点损失:0.000,右节点损失:71.382,总损失:71.382
('----划分特征：', 281)
------划分值:0.000,左节点损失:0.000,右节点损失:71.382,总损失:71.382
------划分值:1.000,左节点损失:71.378,右节点损失:0.000,总损失:71.378
('----划分特征：', 282)
------划分值:0.000,左节点损失:0.000,右节点损失:71.382,总损失:71.382
------划分值:1.000,左节点损失:71.371,右节点损失:0.000,总损失:71.371
('----划分特征：', 283)
------划分值:0.000,左节点损失:0.000,右节点损失:71.382,总损失:71.382
------划分值:1.000,左节点损失:71.338,右节点损失:0.000,总损失:71.338
('----划分特征：', 284)
------划分值:0.000,左节点损失:0.000,右节点损失:71.382,总损失:71.382
------划分值:1.000,左节点损失:71.253,右节点损失:0.000,总损失:71.253
('----划分特征：', 285)
------划分值:0.000,左节点损失:0.000,右节点损失:71.382,总损失:71.382
------划分值:1.000,左节点损失:70.111,右节点损失:1.157,总损失:71.268
('----划分特征：', 286)
------划分值:0.000,左节点损失:0.000,右节点损失:71.382,总损失:71.382
------划分值:1.000,左节点损失:65.431,右节点损失:5.939,总损失:71.370
('----划分特征：', 287)
------划分值:0.000,左节点损失:0.000,右节点损失:71.382,总损失:71.382
------划分值:1.000,左节点损失:57.083,右节点损失:13.921,总损失:71.005
('----划分特征：', 288)
------划分值:0.000,左节点损失:0.000,右节点损失:71.382,总损失:71.382
------划分值:1.000,左节点损失:46.009,右节点损失:24.450,总损失:70.459
('----划分特征：', 289)
------划分值:0.000,左节点损失:0.000,右节点损失:71.382,总损失:71.382
------划分值:1.000,左节点损失:32.584,右节点损失:36.591,总损失:69.175
('----划分特征：', 290)
------划分值:0.000,左节点损失:0.000,右节点损失:71.382,总损失:71.382
------划分值:1.000,左节点损失:23.976,右节点损失:44.651,总损失:68.627
('----划分特征：', 291)
------划分值:1.000,左节点损失:24.643,右节点损失:44.590,总损失:69.234
------划分值:0.000,左节点损失:0.000,右节点损失:71.382,总损失:71.382
('----划分特征：', 292)
------划分值:1.000,左节点损失:28.283,右节点损失:41.162,总损失:69.445
------划分值:0.000,左节点损失:0.000,右节点损失:71.382,总损失:71.382
('----划分特征：', 293)
------划分值:0.000,左节点损失:0.000,右节点损失:71.382,总损失:71.382
------划分值:1.000,左节点损失:36.430,右节点损失:33.964,总损失:70.394
('----划分特征：', 294)
------划分值:0.000,左节点损失:0.000,右节点损失:71.382,总损失:71.382
------划分值:1.000,左节点损失:44.891,右节点损失:26.286,总损失:71.177
('----划分特征：', 295)
------划分值:0.000,左节点损失:0.000,右节点损失:71.382,总损失:71.382
------划分值:1.000,左节点损失:51.009,右节点损失:20.307,总损失:71.316
('----划分特征：', 296)
------划分值:0.000,左节点损失:0.000,右节点损失:71.382,总损失:71.382
------划分值:1.000,左节点损失:53.647,右节点损失:17.168,总损失:70.814
('----划分特征：', 297)
------划分值:0.000,左节点损失:0.000,右节点损失:71.382,总损失:71.382
------划分值:1.000,左节点损失:49.979,右节点损失:20.840,总损失:70.818
('----划分特征：', 298)
------划分值:0.000,左节点损失:0.000,右节点损失:71.382,总损失:71.382
------划分值:1.000,左节点损失:42.869,右节点损失:28.498,总损失:71.366
('----划分特征：', 299)
------划分值:0.000,左节点损失:0.000,右节点损失:71.382,总损失:71.382
------划分值:1.000,左节点损失:31.835,右节点损失:38.563,总损失:70.398
('----划分特征：', 300)
------划分值:0.000,左节点损失:0.000,右节点损失:71.382,总损失:71.382
------划分值:1.000,左节点损失:24.125,右节点损失:42.331,总损失:66.456
('----划分特征：', 301)
------划分值:0.000,左节点损失:0.000,右节点损失:71.382,总损失:71.382
------划分值:1.000,左节点损失:28.433,右节点损失:34.733,总损失:63.166
('----划分特征：', 302)
------划分值:0.000,左节点损失:0.000,右节点损失:71.382,总损失:71.382
------划分值:1.000,左节点损失:39.405,右节点损失:22.166,总损失:61.571
('----划分特征：', 303)
------划分值:0.000,左节点损失:0.000,右节点损失:71.382,总损失:71.382
------划分值:1.000,左节点损失:55.465,右节点损失:9.293,总损失:64.758
('----划分特征：', 304)
------划分值:0.000,左节点损失:0.000,右节点损失:71.382,总损失:71.382
------划分值:1.000,左节点损失:67.945,右节点损失:2.386,总损失:70.331
('----划分特征：', 305)
------划分值:0.000,左节点损失:0.000,右节点损失:71.382,总损失:71.382
------划分值:1.000,左节点损失:71.362,右节点损失:0.000,总损失:71.362
('----划分特征：', 306)
------划分值:0.000,左节点损失:0.000,右节点损失:71.382,总损失:71.382
------划分值:1.000,左节点损失:71.380,右节点损失:0.000,总损失:71.380
('----划分特征：', 307)
------划分值:0.000,左节点损失:0.000,右节点损失:71.382,总损失:71.382
('----划分特征：', 308)
------划分值:0.000,左节点损失:0.000,右节点损失:71.382,总损失:71.382
('----划分特征：', 309)
------划分值:0.000,左节点损失:0.000,右节点损失:71.382,总损失:71.382
------划分值:1.000,左节点损失:71.380,右节点损失:0.000,总损失:71.380
('----划分特征：', 310)
------划分值:0.000,左节点损失:0.000,右节点损失:71.382,总损失:71.382
------划分值:1.000,左节点损失:71.366,右节点损失:0.000,总损失:71.366
('----划分特征：', 311)
------划分值:0.000,左节点损失:0.000,右节点损失:71.382,总损失:71.382
------划分值:1.000,左节点损失:71.341,右节点损失:0.000,总损失:71.341
('----划分特征：', 312)
------划分值:0.000,左节点损失:0.000,右节点损失:71.382,总损失:71.382
------划分值:1.000,左节点损失:71.275,右节点损失:0.000,总损失:71.275
('----划分特征：', 313)
------划分值:0.000,左节点损失:0.000,右节点损失:71.382,总损失:71.382
------划分值:1.000,左节点损失:68.721,右节点损失:2.660,总损失:71.381
('----划分特征：', 314)
------划分值:0.000,左节点损失:0.000,右节点损失:71.382,总损失:71.382
------划分值:1.000,左节点损失:61.725,右节点损失:9.194,总损失:70.919
('----划分特征：', 315)
------划分值:0.000,左节点损失:0.000,右节点损失:71.382,总损失:71.382
------划分值:1.000,左节点损失:50.460,右节点损失:19.283,总损失:69.743
('----划分特征：', 316)
------划分值:0.000,左节点损失:0.000,右节点损失:71.382,总损失:71.382
------划分值:1.000,左节点损失:37.840,右节点损失:30.908,总损失:68.748
('----划分特征：', 317)
------划分值:0.000,左节点损失:0.000,右节点损失:71.382,总损失:71.382
------划分值:1.000,左节点损失:26.379,右节点损失:41.507,总损失:67.886
('----划分特征：', 318)
------划分值:0.000,左节点损失:0.000,右节点损失:71.382,总损失:71.382
------划分值:1.000,左节点损失:23.978,右节点损失:44.631,总损失:68.609
('----划分特征：', 319)
------划分值:1.000,左节点损失:28.642,右节点损失:40.852,总损失:69.493
------划分值:0.000,左节点损失:0.000,右节点损失:71.382,总损失:71.382
('----划分特征：', 320)
------划分值:1.000,左节点损失:38.850,右节点损失:31.832,总损失:70.682
------划分值:0.000,左节点损失:0.000,右节点损失:71.382,总损失:71.382
('----划分特征：', 321)
------划分值:1.000,左节点损失:47.169,右节点损失:24.105,总损失:71.274
------划分值:0.000,左节点损失:0.000,右节点损失:71.382,总损失:71.382
('----划分特征：', 322)
------划分值:0.000,左节点损失:0.000,右节点损失:71.382,总损失:71.382
------划分值:1.000,左节点损失:55.715,右节点损失:15.412,总损失:71.127
('----划分特征：', 323)
------划分值:0.000,左节点损失:0.000,右节点损失:71.382,总损失:71.382
------划分值:1.000,左节点损失:60.442,右节点损失:9.523,总损失:69.965
('----划分特征：', 324)
------划分值:0.000,左节点损失:0.000,右节点损失:71.382,总损失:71.382
------划分值:1.000,左节点损失:60.611,右节点损失:8.565,总损失:69.176
('----划分特征：', 325)
------划分值:0.000,左节点损失:0.000,右节点损失:71.382,总损失:71.382
------划分值:1.000,左节点损失:57.891,右节点损失:11.110,总损失:69.000
('----划分特征：', 326)
------划分值:0.000,左节点损失:0.000,右节点损失:71.382,总损失:71.382
------划分值:1.000,左节点损失:51.788,右节点损失:18.739,总损失:70.526
('----划分特征：', 327)
------划分值:0.000,左节点损失:0.000,右节点损失:71.382,总损失:71.382
------划分值:1.000,左节点损失:39.026,右节点损失:32.127,总损失:71.153
('----划分特征：', 328)
------划分值:0.000,左节点损失:0.000,右节点损失:71.382,总损失:71.382
------划分值:1.000,左节点损失:28.175,右节点损失:38.537,总损失:66.713
('----划分特征：', 329)
------划分值:0.000,左节点损失:0.000,右节点损失:71.382,总损失:71.382
------划分值:1.000,左节点损失:26.536,右节点损失:32.456,总损失:58.992
('----划分特征：', 330)
------划分值:0.000,左节点损失:0.000,右节点损失:71.382,总损失:71.382
------划分值:1.000,左节点损失:34.436,右节点损失:19.697,总损失:54.133
('----划分特征：', 331)
------划分值:0.000,左节点损失:0.000,右节点损失:71.382,总损失:71.382
------划分值:1.000,左节点损失:52.305,右节点损失:7.699,总损失:60.004
('----划分特征：', 332)
------划分值:0.000,左节点损失:0.000,右节点损失:71.382,总损失:71.382
------划分值:1.000,左节点损失:66.638,右节点损失:2.454,总损失:69.092
('----划分特征：', 333)
------划分值:0.000,左节点损失:0.000,右节点损失:71.382,总损失:71.382
------划分值:1.000,左节点损失:71.371,右节点损失:0.000,总损失:71.371
('----划分特征：', 334)
------划分值:0.000,左节点损失:0.000,右节点损失:71.382,总损失:71.382
------划分值:1.000,左节点损失:71.272,右节点损失:0.067,总损失:71.338
('----划分特征：', 335)
------划分值:0.000,左节点损失:0.000,右节点损失:71.382,总损失:71.382
('----划分特征：', 336)
------划分值:0.000,左节点损失:0.000,右节点损失:71.382,总损失:71.382
('----划分特征：', 337)
------划分值:0.000,左节点损失:0.000,右节点损失:71.382,总损失:71.382
------划分值:1.000,左节点损失:71.380,右节点损失:0.000,总损失:71.380
('----划分特征：', 338)
------划分值:0.000,左节点损失:0.000,右节点损失:71.382,总损失:71.382
------划分值:1.000,左节点损失:71.371,右节点损失:0.000,总损失:71.371
('----划分特征：', 339)
------划分值:0.000,左节点损失:0.000,右节点损失:71.382,总损失:71.382
------划分值:1.000,左节点损失:71.355,右节点损失:0.000,总损失:71.355
('----划分特征：', 340)
------划分值:0.000,左节点损失:0.000,右节点损失:71.382,总损失:71.382
------划分值:1.000,左节点损失:71.177,右节点损失:0.132,总损失:71.309
('----划分特征：', 341)
------划分值:0.000,左节点损失:0.000,右节点损失:71.382,总损失:71.382
------划分值:1.000,左节点损失:66.464,右节点损失:4.643,总损失:71.107
('----划分特征：', 342)
------划分值:0.000,左节点损失:0.000,右节点损失:71.382,总损失:71.382
------划分值:1.000,左节点损失:55.836,右节点损失:13.265,总损失:69.102
('----划分特征：', 343)
------划分值:0.000,左节点损失:0.000,右节点损失:71.382,总损失:71.382
------划分值:1.000,左节点损失:42.503,右节点损失:25.192,总损失:67.695
('----划分特征：', 344)
------划分值:0.000,左节点损失:0.000,右节点损失:71.382,总损失:71.382
------划分值:1.000,左节点损失:28.202,右节点损失:38.001,总损失:66.203
('----划分特征：', 345)
------划分值:0.000,左节点损失:0.000,右节点损失:71.382,总损失:71.382
------划分值:1.000,左节点损失:22.109,右节点损失:45.026,总损失:67.135
('----划分特征：', 346)
------划分值:0.000,左节点损失:0.000,右节点损失:71.382,总损失:71.382
------划分值:1.000,左节点损失:26.141,右节点损失:42.894,总损失:69.035
('----划分特征：', 347)
------划分值:0.000,左节点损失:0.000,右节点损失:71.382,总损失:71.382
------划分值:1.000,左节点损失:36.649,右节点损失:34.104,总损失:70.753
('----划分特征：', 348)
------划分值:1.000,左节点损失:48.477,右节点损失:22.905,总损失:71.382
------划分值:0.000,左节点损失:0.000,右节点损失:71.382,总损失:71.382
('----划分特征：', 349)
------划分值:1.000,左节点损失:56.262,右节点损失:14.665,总损失:70.926
------划分值:0.000,左节点损失:0.000,右节点损失:71.382,总损失:71.382
('----划分特征：', 350)
------划分值:0.000,左节点损失:0.000,右节点损失:71.382,总损失:71.382
------划分值:1.000,左节点损失:61.290,右节点损失:8.169,总损失:69.459
('----划分特征：', 351)
------划分值:0.000,左节点损失:0.000,右节点损失:71.382,总损失:71.382
------划分值:1.000,左节点损失:63.139,右节点损失:4.741,总损失:67.880
('----划分特征：', 352)
------划分值:0.000,左节点损失:0.000,右节点损失:71.382,总损失:71.382
------划分值:1.000,左节点损失:62.692,右节点损失:3.837,总损失:66.529
('----划分特征：', 353)
------划分值:0.000,左节点损失:0.000,右节点损失:71.382,总损失:71.382
------划分值:1.000,左节点损失:60.344,右节点损失:6.696,总损失:67.040
('----划分特征：', 354)
------划分值:0.000,左节点损失:0.000,右节点损失:71.382,总损失:71.382
------划分值:1.000,左节点损失:53.326,右节点损失:16.639,总损失:69.965
('----划分特征：', 355)
------划分值:0.000,左节点损失:0.000,右节点损失:71.382,总损失:71.382
------划分值:1.000,左节点损失:44.243,右节点损失:27.105,总损失:71.348
('----划分特征：', 356)
------划分值:0.000,左节点损失:0.000,右节点损失:71.382,总损失:71.382
------划分值:1.000,左节点损失:29.683,右节点损失:36.315,总损失:65.998
('----划分特征：', 357)
------划分值:0.000,左节点损失:0.000,右节点损失:71.382,总损失:71.382
------划分值:1.000,左节点损失:26.194,右节点损失:30.015,总损失:56.209
('----划分特征：', 358)
------划分值:0.000,左节点损失:0.000,右节点损失:71.382,总损失:71.382
------划分值:1.000,左节点损失:33.487,右节点损失:17.443,总损失:50.930
('----划分特征：', 359)
------划分值:0.000,左节点损失:0.000,右节点损失:71.382,总损失:71.382
------划分值:1.000,左节点损失:50.122,右节点损失:7.386,总损失:57.508
('----划分特征：', 360)
------划分值:0.000,左节点损失:0.000,右节点损失:71.382,总损失:71.382
------划分值:1.000,左节点损失:65.194,右节点损失:3.121,总损失:68.316
('----划分特征：', 361)
------划分值:0.000,左节点损失:0.000,右节点损失:71.382,总损失:71.382
------划分值:1.000,左节点损失:71.374,右节点损失:0.000,总损失:71.374
('----划分特征：', 362)
------划分值:0.000,左节点损失:0.000,右节点损失:71.382,总损失:71.382
------划分值:1.000,左节点损失:71.270,右节点损失:0.089,总损失:71.359
('----划分特征：', 363)
------划分值:0.000,左节点损失:0.000,右节点损失:71.382,总损失:71.382
('----划分特征：', 364)
------划分值:0.000,左节点损失:0.000,右节点损失:71.382,总损失:71.382
('----划分特征：', 365)
------划分值:0.000,左节点损失:0.000,右节点损失:71.382,总损失:71.382
------划分值:1.000,左节点损失:71.380,右节点损失:0.000,总损失:71.380
('----划分特征：', 366)
------划分值:0.000,左节点损失:0.000,右节点损失:71.382,总损失:71.382
------划分值:1.000,左节点损失:71.378,右节点损失:0.000,总损失:71.378
('----划分特征：', 367)
------划分值:0.000,左节点损失:0.000,右节点损失:71.382,总损失:71.382
------划分值:1.000,左节点损失:71.369,右节点损失:0.000,总损失:71.369
('----划分特征：', 368)
------划分值:0.000,左节点损失:0.000,右节点损失:71.382,总损失:71.382
------划分值:1.000,左节点损失:70.765,右节点损失:0.614,总损失:71.379
('----划分特征：', 369)
------划分值:0.000,左节点损失:0.000,右节点损失:71.382,总损失:71.382
------划分值:1.000,左节点损失:63.285,右节点损失:6.730,总损失:70.015
('----划分特征：', 370)
------划分值:0.000,左节点损失:0.000,右节点损失:71.382,总损失:71.382
------划分值:1.000,左节点损失:49.330,右节点损失:17.331,总损失:66.662
('----划分特征：', 371)
------划分值:0.000,左节点损失:0.000,右节点损失:71.382,总损失:71.382
------划分值:1.000,左节点损失:34.479,右节点损失:30.498,总损失:64.977
('----划分特征：', 372)
------划分值:0.000,左节点损失:0.000,右节点损失:71.382,总损失:71.382
------划分值:1.000,左节点损失:23.927,右节点损失:41.302,总损失:65.229
('----划分特征：', 373)
------划分值:0.000,左节点损失:0.000,右节点损失:71.382,总损失:71.382
------划分值:1.000,左节点损失:23.795,右节点损失:44.068,总损失:67.862
('----划分特征：', 374)
------划分值:0.000,左节点损失:0.000,右节点损失:71.382,总损失:71.382
------划分值:1.000,左节点损失:32.796,右节点损失:37.624,总损失:70.420
('----划分特征：', 375)
------划分值:0.000,左节点损失:0.000,右节点损失:71.382,总损失:71.382
------划分值:1.000,左节点损失:46.450,右节点损失:24.927,总损失:71.377
('----划分特征：', 376)
------划分值:0.000,左节点损失:0.000,右节点损失:71.382,总损失:71.382
------划分值:1.000,左节点损失:55.996,右节点损失:14.642,总损失:70.638
('----划分特征：', 377)
------划分值:1.000,左节点损失:62.306,右节点损失:6.156,总损失:68.463
------划分值:0.000,左节点损失:0.000,右节点损失:71.382,总损失:71.382
('----划分特征：', 378)
------划分值:1.000,左节点损失:63.580,右节点损失:2.787,总损失:66.367
------划分值:0.000,左节点损失:0.000,右节点损失:71.382,总损失:71.382
('----划分特征：', 379)
------划分值:1.000,左节点损失:63.334,右节点损失:1.200,总损失:64.534
------划分值:0.000,左节点损失:0.000,右节点损失:71.382,总损失:71.382
('----划分特征：', 380)
------划分值:0.000,左节点损失:0.000,右节点损失:71.382,总损失:71.382
------划分值:1.000,左节点损失:62.088,右节点损失:1.599,总损失:63.687
('----划分特征：', 381)
------划分值:0.000,左节点损失:0.000,右节点损失:71.382,总损失:71.382
------划分值:1.000,左节点损失:59.936,右节点损失:5.670,总损失:65.606
('----划分特征：', 382)
------划分值:0.000,左节点损失:0.000,右节点损失:71.382,总损失:71.382
------划分值:1.000,左节点损失:54.734,右节点损失:14.829,总损失:69.562
('----划分特征：', 383)
------划分值:0.000,左节点损失:0.000,右节点损失:71.382,总损失:71.382
------划分值:1.000,左节点损失:44.708,右节点损失:26.598,总损失:71.306
('----划分特征：', 384)
------划分值:0.000,左节点损失:0.000,右节点损失:71.382,总损失:71.382
------划分值:1.000,左节点损失:30.919,右节点损失:34.772,总损失:65.691
('----划分特征：', 385)
------划分值:0.000,左节点损失:0.000,右节点损失:71.382,总损失:71.382
------划分值:1.000,左节点损失:26.816,右节点损失:29.163,总损失:55.979
('----划分特征：', 386)
------划分值:0.000,左节点损失:0.000,右节点损失:71.382,总损失:71.382
------划分值:1.000,左节点损失:33.238,右节点损失:18.476,总损失:51.714
('----划分特征：', 387)
------划分值:0.000,左节点损失:0.000,右节点损失:71.382,总损失:71.382
------划分值:1.000,左节点损失:49.175,右节点损失:9.443,总损失:58.618
('----划分特征：', 388)
------划分值:0.000,左节点损失:0.000,右节点损失:71.382,总损失:71.382
------划分值:1.000,左节点损失:64.519,右节点损失:3.703,总损失:68.222
('----划分特征：', 389)
------划分值:0.000,左节点损失:0.000,右节点损失:71.382,总损失:71.382
------划分值:1.000,左节点损失:71.365,右节点损失:0.000,总损失:71.365
('----划分特征：', 390)
------划分值:0.000,左节点损失:0.000,右节点损失:71.382,总损失:71.382
('----划分特征：', 391)
------划分值:0.000,左节点损失:0.000,右节点损失:71.382,总损失:71.382
('----划分特征：', 392)
------划分值:0.000,左节点损失:0.000,右节点损失:71.382,总损失:71.382
('----划分特征：', 393)
------划分值:0.000,左节点损失:0.000,右节点损失:71.382,总损失:71.382
('----划分特征：', 394)
------划分值:0.000,左节点损失:0.000,右节点损失:71.382,总损失:71.382
------划分值:1.000,左节点损失:71.380,右节点损失:0.000,总损失:71.380
('----划分特征：', 395)
------划分值:0.000,左节点损失:0.000,右节点损失:71.382,总损失:71.382
------划分值:1.000,左节点损失:71.369,右节点损失:0.000,总损失:71.369
('----划分特征：', 396)
------划分值:0.000,左节点损失:0.000,右节点损失:71.382,总损失:71.382
------划分值:1.000,左节点损失:70.014,右节点损失:1.284,总损失:71.298
('----划分特征：', 397)
------划分值:0.000,左节点损失:0.000,右节点损失:71.382,总损失:71.382
------划分值:1.000,左节点损失:57.825,右节点损失:9.065,总损失:66.890
('----划分特征：', 398)
------划分值:0.000,左节点损失:0.000,右节点损失:71.382,总损失:71.382
------划分值:1.000,左节点损失:42.936,右节点损失:20.800,总损失:63.736
('----划分特征：', 399)
------划分值:0.000,左节点损失:0.000,右节点损失:71.382,总损失:71.382
------划分值:1.000,左节点损失:28.441,右节点损失:34.396,总损失:62.837
('----划分特征：', 400)
------划分值:0.000,左节点损失:0.000,右节点损失:71.382,总损失:71.382
------划分值:1.000,左节点损失:22.077,右节点损失:42.763,总损失:64.839
('----划分特征：', 401)
------划分值:0.000,左节点损失:0.000,右节点损失:71.382,总损失:71.382
------划分值:1.000,左节点损失:27.507,右节点损失:41.373,总损失:68.880
('----划分特征：', 402)
------划分值:0.000,左节点损失:0.000,右节点损失:71.382,总损失:71.382
------划分值:1.000,左节点损失:41.153,右节点损失:30.124,总损失:71.277
('----划分特征：', 403)
------划分值:0.000,左节点损失:0.000,右节点损失:71.382,总损失:71.382
------划分值:1.000,左节点损失:54.173,右节点损失:16.485,总损失:70.658
('----划分特征：', 404)
------划分值:0.000,左节点损失:0.000,右节点损失:71.382,总损失:71.382
------划分值:1.000,左节点损失:61.065,右节点损失:7.565,总损失:68.630
('----划分特征：', 405)
------划分值:0.000,左节点损失:0.000,右节点损失:71.382,总损失:71.382
------划分值:1.000,左节点损失:62.845,右节点损失:2.788,总损失:65.633
('----划分特征：', 406)
------划分值:1.000,左节点损失:62.746,右节点损失:0.668,总损失:63.414
------划分值:0.000,左节点损失:0.000,右节点损失:71.382,总损失:71.382
('----划分特征：', 407)
------划分值:1.000,左节点损失:61.045,右节点损失:0.267,总损失:61.312
------划分值:0.000,左节点损失:0.000,右节点损失:71.382,总损失:71.382
('----划分特征：', 408)
------划分值:1.000,左节点损失:60.876,右节点损失:1.068,总损失:61.943
------划分值:0.000,左节点损失:0.000,右节点损失:71.382,总损失:71.382
('----划分特征：', 409)
------划分值:0.000,左节点损失:0.000,右节点损失:71.382,总损失:71.382
------划分值:1.000,左节点损失:58.935,右节点损失:6.452,总损失:65.387
('----划分特征：', 410)
------划分值:0.000,左节点损失:0.000,右节点损失:71.382,总损失:71.382
------划分值:1.000,左节点损失:53.114,右节点损失:16.987,总损失:70.102
('----划分特征：', 411)
------划分值:0.000,左节点损失:0.000,右节点损失:71.382,总损失:71.382
------划分值:1.000,左节点损失:42.800,右节点损失:28.304,总损失:71.104
('----划分特征：', 412)
------划分值:0.000,左节点损失:0.000,右节点损失:71.382,总损失:71.382
------划分值:1.000,左节点损失:32.002,右节点损失:34.013,总损失:66.014
('----划分特征：', 413)
------划分值:0.000,左节点损失:0.000,右节点损失:71.382,总损失:71.382
------划分值:1.000,左节点损失:27.299,右节点损失:29.882,总损失:57.181
('----划分特征：', 414)
------划分值:0.000,左节点损失:0.000,右节点损失:71.382,总损失:71.382
------划分值:1.000,左节点损失:35.764,右节点损失:19.074,总损失:54.838
('----划分特征：', 415)
------划分值:0.000,左节点损失:0.000,右节点损失:71.382,总损失:71.382
------划分值:1.000,左节点损失:49.509,右节点损失:10.461,总损失:59.970
('----划分特征：', 416)
------划分值:0.000,左节点损失:0.000,右节点损失:71.382,总损失:71.382
------划分值:1.000,左节点损失:65.068,右节点损失:3.710,总损失:68.778
('----划分特征：', 417)
------划分值:0.000,左节点损失:0.000,右节点损失:71.382,总损失:71.382
------划分值:1.000,左节点损失:71.256,右节点损失:0.124,总损失:71.380
('----划分特征：', 418)
------划分值:0.000,左节点损失:0.000,右节点损失:71.382,总损失:71.382
('----划分特征：', 419)
------划分值:0.000,左节点损失:0.000,右节点损失:71.382,总损失:71.382
('----划分特征：', 420)
------划分值:0.000,左节点损失:0.000,右节点损失:71.382,总损失:71.382
('----划分特征：', 421)
------划分值:0.000,左节点损失:0.000,右节点损失:71.382,总损失:71.382
('----划分特征：', 422)
------划分值:0.000,左节点损失:0.000,右节点损失:71.382,总损失:71.382
------划分值:1.000,左节点损失:71.380,右节点损失:0.000,总损失:71.380
('----划分特征：', 423)
------划分值:0.000,左节点损失:0.000,右节点损失:71.382,总损失:71.382
------划分值:1.000,左节点损失:71.369,右节点损失:0.000,总损失:71.369
('----划分特征：', 424)
------划分值:0.000,左节点损失:0.000,右节点损失:71.382,总损失:71.382
------划分值:1.000,左节点损失:68.812,右节点损失:2.094,总损失:70.906
('----划分特征：', 425)
------划分值:0.000,左节点损失:0.000,右节点损失:71.382,总损失:71.382
------划分值:1.000,左节点损失:53.609,右节点损失:11.256,总损失:64.865
('----划分特征：', 426)
------划分值:0.000,左节点损失:0.000,右节点损失:71.382,总损失:71.382
------划分值:1.000,左节点损失:36.293,右节点损失:24.319,总损失:60.612
('----划分特征：', 427)
------划分值:0.000,左节点损失:0.000,右节点损失:71.382,总损失:71.382
------划分值:1.000,左节点损失:23.539,右节点损失:36.726,总损失:60.265
('----划分特征：', 428)
------划分值:0.000,左节点损失:0.000,右节点损失:71.382,总损失:71.382
------划分值:1.000,左节点损失:22.081,右节点损失:42.593,总损失:64.674
('----划分特征：', 429)
------划分值:0.000,左节点损失:0.000,右节点损失:71.382,总损失:71.382
------划分值:1.000,左节点损失:32.940,右节点损失:36.953,总损失:69.892
('----划分特征：', 430)
------划分值:0.000,左节点损失:0.000,右节点损失:71.382,总损失:71.382
------划分值:1.000,左节点损失:48.638,右节点损失:22.653,总损失:71.291
('----划分特征：', 431)
------划分值:0.000,左节点损失:0.000,右节点损失:71.382,总损失:71.382
------划分值:1.000,左节点损失:59.092,右节点损失:10.325,总损失:69.417
('----划分特征：', 432)
------划分值:0.000,左节点损失:0.000,右节点损失:71.382,总损失:71.382
------划分值:1.000,左节点损失:63.216,右节点损失:3.574,总损失:66.790
('----划分特征：', 433)
------划分值:0.000,左节点损失:0.000,右节点损失:71.382,总损失:71.382
------划分值:1.000,左节点损失:62.860,右节点损失:1.200,总损失:64.061
('----划分特征：', 434)
------划分值:0.000,左节点损失:0.000,右节点损失:71.382,总损失:71.382
------划分值:1.000,左节点损失:62.100,右节点损失:0.401,总损失:62.501
('----划分特征：', 435)
------划分值:1.000,左节点损失:60.960,右节点损失:0.534,总损失:61.494
------划分值:0.000,左节点损失:0.000,右节点损失:71.382,总损失:71.382
('----划分特征：', 436)
------划分值:1.000,左节点损失:61.021,右节点损失:2.130,总损失:63.150
------划分值:0.000,左节点损失:0.000,右节点损失:71.382,总损失:71.382
('----划分特征：', 437)
------划分值:1.000,左节点损失:57.187,右节点损失:9.909,总损失:67.096
------划分值:0.000,左节点损失:0.000,右节点损失:71.382,总损失:71.382
('----划分特征：', 438)
------划分值:1.000,左节点损失:50.250,右节点损失:20.587,总损失:70.837
------划分值:0.000,左节点损失:0.000,右节点损失:71.382,总损失:71.382
('----划分特征：', 439)
------划分值:0.000,左节点损失:0.000,右节点损失:71.382,总损失:71.382
------划分值:1.000,左节点损失:38.131,右节点损失:32.219,总损失:70.350
('----划分特征：', 440)
------划分值:0.000,左节点损失:0.000,右节点损失:71.382,总损失:71.382
------划分值:1.000,左节点损失:29.957,右节点损失:35.383,总损失:65.340
('----划分特征：', 441)
------划分值:0.000,左节点损失:0.000,右节点损失:71.382,总损失:71.382
------划分值:1.000,左节点损失:30.944,右节点损失:29.518,总损失:60.462
('----划分特征：', 442)
------划分值:0.000,左节点损失:0.000,右节点损失:71.382,总损失:71.382
------划分值:1.000,左节点损失:40.158,右节点损失:19.651,总损失:59.809
('----划分特征：', 443)
------划分值:0.000,左节点损失:0.000,右节点损失:71.382,总损失:71.382
------划分值:1.000,左节点损失:52.721,右节点损失:10.392,总损失:63.112
('----划分特征：', 444)
------划分值:0.000,左节点损失:0.000,右节点损失:71.382,总损失:71.382
------划分值:1.000,左节点损失:65.722,右节点损失:3.743,总损失:69.465
('----划分特征：', 445)
------划分值:0.000,左节点损失:0.000,右节点损失:71.382,总损失:71.382
------划分值:1.000,左节点损失:71.253,右节点损失:0.125,总损失:71.379
('----划分特征：', 446)
------划分值:0.000,左节点损失:0.000,右节点损失:71.382,总损失:71.382
------划分值:1.000,左节点损失:71.379,右节点损失:0.000,总损失:71.379
('----划分特征：', 447)
------划分值:0.000,左节点损失:0.000,右节点损失:71.382,总损失:71.382
('----划分特征：', 448)
------划分值:0.000,左节点损失:0.000,右节点损失:71.382,总损失:71.382
('----划分特征：', 449)
------划分值:0.000,左节点损失:0.000,右节点损失:71.382,总损失:71.382
('----划分特征：', 450)
------划分值:0.000,左节点损失:0.000,右节点损失:71.382,总损失:71.382
------划分值:1.000,左节点损失:71.379,右节点损失:0.000,总损失:71.379
('----划分特征：', 451)
------划分值:0.000,左节点损失:0.000,右节点损失:71.382,总损失:71.382
------划分值:1.000,左节点损失:71.366,右节点损失:0.000,总损失:71.366
('----划分特征：', 452)
------划分值:0.000,左节点损失:0.000,右节点损失:71.382,总损失:71.382
------划分值:1.000,左节点损失:67.585,右节点损失:3.032,总损失:70.617
('----划分特征：', 453)
------划分值:0.000,左节点损失:0.000,右节点损失:71.382,总损失:71.382
------划分值:1.000,左节点损失:50.255,右节点损失:13.578,总损失:63.833
('----划分特征：', 454)
------划分值:0.000,左节点损失:0.000,右节点损失:71.382,总损失:71.382
------划分值:1.000,左节点损失:33.277,右节点损失:26.358,总损失:59.635
('----划分特征：', 455)
------划分值:0.000,左节点损失:0.000,右节点损失:71.382,总损失:71.382
------划分值:1.000,左节点损失:21.928,右节点损失:37.425,总损失:59.353
('----划分特征：', 456)
------划分值:0.000,左节点损失:0.000,右节点损失:71.382,总损失:71.382
------划分值:1.000,左节点损失:24.309,右节点损失:40.636,总损失:64.944
('----划分特征：', 457)
------划分值:0.000,左节点损失:0.000,右节点损失:71.382,总损失:71.382
------划分值:1.000,左节点损失:38.675,右节点损失:31.846,总损失:70.520
('----划分特征：', 458)
------划分值:0.000,左节点损失:0.000,右节点损失:71.382,总损失:71.382
------划分值:1.000,左节点损失:55.202,右节点损失:15.671,总损失:70.872
('----划分特征：', 459)
------划分值:0.000,左节点损失:0.000,右节点损失:71.382,总损失:71.382
------划分值:1.000,左节点损失:62.715,右节点损失:6.021,总损失:68.737
('----划分特征：', 460)
------划分值:0.000,左节点损失:0.000,右节点损失:71.382,总损失:71.382
------划分值:1.000,左节点损失:64.232,右节点损失:2.654,总损失:66.886
('----划分特征：', 461)
------划分值:0.000,左节点损失:0.000,右节点损失:71.382,总损失:71.382
------划分值:1.000,左节点损失:64.287,右节点损失:0.668,总损失:64.954
('----划分特征：', 462)
------划分值:0.000,左节点损失:0.000,右节点损失:71.382,总损失:71.382
------划分值:1.000,左节点损失:62.875,右节点损失:0.534,总损失:63.409
('----划分特征：', 463)
------划分值:0.000,左节点损失:0.000,右节点损失:71.382,总损失:71.382
------划分值:1.000,左节点损失:62.050,右节点损失:1.466,总损失:63.516
('----划分特征：', 464)
------划分值:0.000,左节点损失:0.000,右节点损失:71.382,总损失:71.382
------划分值:1.000,左节点损失:60.177,右节点损失:5.539,总损失:65.717
('----划分特征：', 465)
------划分值:1.000,左节点损失:54.173,右节点损失:15.107,总损失:69.280
------划分值:0.000,左节点损失:0.000,右节点损失:71.382,总损失:71.382
('----划分特征：', 466)
------划分值:1.000,左节点损失:44.165,右节点损失:27.213,总损失:71.378
------划分值:0.000,左节点损失:0.000,右节点损失:71.382,总损失:71.382
('----划分特征：', 467)
------划分值:1.000,左节点损失:33.289,右节点损失:36.037,总损失:69.325
------划分值:0.000,左节点损失:0.000,右节点损失:71.382,总损失:71.382
('----划分特征：', 468)
------划分值:0.000,左节点损失:0.000,右节点损失:71.382,总损失:71.382
------划分值:1.000,左节点损失:28.742,右节点损失:36.324,总损失:65.067
('----划分特征：', 469)
------划分值:0.000,左节点损失:0.000,右节点损失:71.382,总损失:71.382
------划分值:1.000,左节点损失:33.954,右节点损失:28.372,总损失:62.326
('----划分特征：', 470)
------划分值:0.000,左节点损失:0.000,右节点损失:71.382,总损失:71.382
------划分值:1.000,左节点损失:43.560,右节点损失:19.142,总损失:62.702
('----划分特征：', 471)
------划分值:0.000,左节点损失:0.000,右节点损失:71.382,总损失:71.382
------划分值:1.000,左节点损失:55.783,右节点损失:10.036,总损失:65.819
('----划分特征：', 472)
------划分值:0.000,左节点损失:0.000,右节点损失:71.382,总损失:71.382
------划分值:1.000,左节点损失:67.355,右节点损失:3.282,总损失:70.636
('----划分特征：', 473)
------划分值:0.000,左节点损失:0.000,右节点损失:71.382,总损失:71.382
------划分值:1.000,左节点损失:71.358,右节点损失:0.000,总损失:71.358
('----划分特征：', 474)
------划分值:0.000,左节点损失:0.000,右节点损失:71.382,总损失:71.382
------划分值:1.000,左节点损失:71.379,右节点损失:0.000,总损失:71.379
('----划分特征：', 475)
------划分值:0.000,左节点损失:0.000,右节点损失:71.382,总损失:71.382
('----划分特征：', 476)
------划分值:0.000,左节点损失:0.000,右节点损失:71.382,总损失:71.382
('----划分特征：', 477)
------划分值:0.000,左节点损失:0.000,右节点损失:71.382,总损失:71.382
('----划分特征：', 478)
------划分值:0.000,左节点损失:0.000,右节点损失:71.382,总损失:71.382
------划分值:1.000,左节点损失:71.378,右节点损失:0.000,总损失:71.378
('----划分特征：', 479)
------划分值:0.000,左节点损失:0.000,右节点损失:71.382,总损失:71.382
------划分值:1.000,左节点损失:71.350,右节点损失:0.000,总损失:71.350
('----划分特征：', 480)
------划分值:0.000,左节点损失:0.000,右节点损失:71.382,总损失:71.382
------划分值:1.000,左节点损失:66.786,右节点损失:3.819,总损失:70.605
('----划分特征：', 481)
------划分值:0.000,左节点损失:0.000,右节点损失:71.382,总损失:71.382
------划分值:1.000,左节点损失:47.335,右节点损失:15.861,总损失:63.195
('----划分特征：', 482)
------划分值:0.000,左节点损失:0.000,右节点损失:71.382,总损失:71.382
------划分值:1.000,左节点损失:30.372,右节点损失:27.256,总损失:57.628
('----划分特征：', 483)
------划分值:0.000,左节点损失:0.000,右节点损失:71.382,总损失:71.382
------划分值:1.000,左节点损失:21.433,右节点损失:37.315,总损失:58.748
('----划分特征：', 484)
------划分值:0.000,左节点损失:0.000,右节点损失:71.382,总损失:71.382
------划分值:1.000,左节点损失:25.931,右节点损失:38.561,总损失:64.492
('----划分特征：', 485)
------划分值:0.000,左节点损失:0.000,右节点损失:71.382,总损失:71.382
------划分值:1.000,左节点损失:40.886,右节点损失:29.498,总损失:70.383
('----划分特征：', 486)
------划分值:0.000,左节点损失:0.000,右节点损失:71.382,总损失:71.382
------划分值:1.000,左节点损失:57.717,右节点损失:13.194,总损失:70.911
('----划分特征：', 487)
------划分值:0.000,左节点损失:0.000,右节点损失:71.382,总损失:71.382
------划分值:1.000,左节点损失:63.176,右节点损失:6.133,总损失:69.310
('----划分特征：', 488)
------划分值:0.000,左节点损失:0.000,右节点损失:71.382,总损失:71.382
------划分值:1.000,左节点损失:64.982,右节点损失:3.043,总损失:68.025
('----划分特征：', 489)
------划分值:0.000,左节点损失:0.000,右节点损失:71.382,总损失:71.382
------划分值:1.000,左节点损失:64.912,右节点损失:1.730,总损失:66.641
('----划分特征：', 490)
------划分值:0.000,左节点损失:0.000,右节点损失:71.382,总损失:71.382
------划分值:1.000,左节点损失:63.028,右节点损失:2.656,总损失:65.684
('----划分特征：', 491)
------划分值:0.000,左节点损失:0.000,右节点损失:71.382,总损失:71.382
------划分值:1.000,左节点损失:60.552,右节点损失:6.053,总损失:66.605
('----划分特征：', 492)
------划分值:0.000,左节点损失:0.000,右节点损失:71.382,总损失:71.382
------划分值:1.000,左节点损失:56.666,右节点损失:12.012,总损失:68.679
('----划分特征：', 493)
------划分值:1.000,左节点损失:47.620,右节点损失:23.408,总损失:71.027
------划分值:0.000,左节点损失:0.000,右节点损失:71.382,总损失:71.382
('----划分特征：', 494)
------划分值:1.000,左节点损失:35.701,右节点损失:35.017,总损失:70.717
------划分值:0.000,左节点损失:0.000,右节点损失:71.382,总损失:71.382
('----划分特征：', 495)
------划分值:1.000,左节点损失:29.434,右节点损失:38.532,总损失:67.966
------划分值:0.000,左节点损失:0.000,右节点损失:71.382,总损失:71.382
('----划分特征：', 496)
------划分值:0.000,左节点损失:0.000,右节点损失:71.382,总损失:71.382
------划分值:1.000,左节点损失:29.590,右节点损失:35.746,总损失:65.335
('----划分特征：', 497)
------划分值:0.000,左节点损失:0.000,右节点损失:71.382,总损失:71.382
------划分值:1.000,左节点损失:38.471,右节点损失:26.327,总损失:64.798
('----划分特征：', 498)
------划分值:0.000,左节点损失:0.000,右节点损失:71.382,总损失:71.382
------划分值:1.000,左节点损失:48.664,右节点损失:17.131,总损失:65.795
('----划分特征：', 499)
------划分值:0.000,左节点损失:0.000,右节点损失:71.382,总损失:71.382
------划分值:1.000,左节点损失:60.946,右节点损失:8.075,总损失:69.021
('----划分特征：', 500)
------划分值:0.000,左节点损失:0.000,右节点损失:71.382,总损失:71.382
------划分值:1.000,左节点损失:67.989,右节点损失:3.058,总损失:71.047
('----划分特征：', 501)
------划分值:0.000,左节点损失:0.000,右节点损失:71.382,总损失:71.382
------划分值:1.000,左节点损失:71.340,右节点损失:0.000,总损失:71.340
('----划分特征：', 502)
------划分值:0.000,左节点损失:0.000,右节点损失:71.382,总损失:71.382
------划分值:1.000,左节点损失:71.372,右节点损失:0.000,总损失:71.372
('----划分特征：', 503)
------划分值:0.000,左节点损失:0.000,右节点损失:71.382,总损失:71.382
('----划分特征：', 504)
------划分值:0.000,左节点损失:0.000,右节点损失:71.382,总损失:71.382
('----划分特征：', 505)
------划分值:0.000,左节点损失:0.000,右节点损失:71.382,总损失:71.382
('----划分特征：', 506)
------划分值:0.000,左节点损失:0.000,右节点损失:71.382,总损失:71.382
------划分值:1.000,左节点损失:71.378,右节点损失:0.000,总损失:71.378
('----划分特征：', 507)
------划分值:0.000,左节点损失:0.000,右节点损失:71.382,总损失:71.382
------划分值:1.000,左节点损失:71.324,右节点损失:0.000,总损失:71.324
('----划分特征：', 508)
------划分值:0.000,左节点损失:0.000,右节点损失:71.382,总损失:71.382
------划分值:1.000,左节点损失:65.615,右节点损失:5.133,总损失:70.749
('----划分特征：', 509)
------划分值:0.000,左节点损失:0.000,右节点损失:71.382,总损失:71.382
------划分值:1.000,左节点损失:49.377,右节点损失:16.233,总损失:65.610
('----划分特征：', 510)
------划分值:0.000,左节点损失:0.000,右节点损失:71.382,总损失:71.382
------划分值:1.000,左节点损失:30.356,右节点损失:28.542,总损失:58.897
('----划分特征：', 511)
------划分值:0.000,左节点损失:0.000,右节点损失:71.382,总损失:71.382
------划分值:1.000,左节点损失:19.937,右节点损失:37.678,总损失:57.615
('----划分特征：', 512)
------划分值:0.000,左节点损失:0.000,右节点损失:71.382,总损失:71.382
------划分值:1.000,左节点损失:25.351,右节点损失:37.735,总损失:63.086
('----划分特征：', 513)
------划分值:0.000,左节点损失:0.000,右节点损失:71.382,总损失:71.382
------划分值:1.000,左节点损失:40.428,右节点损失:29.410,总损失:69.838
('----划分特征：', 514)
------划分值:0.000,左节点损失:0.000,右节点损失:71.382,总损失:71.382
------划分值:1.000,左节点损失:54.869,右节点损失:16.390,总损失:71.258
('----划分特征：', 515)
------划分值:0.000,左节点损失:0.000,右节点损失:71.382,总损失:71.382
------划分值:1.000,左节点损失:62.218,右节点损失:7.754,总损失:69.973
('----划分特征：', 516)
------划分值:0.000,左节点损失:0.000,右节点损失:71.382,总损失:71.382
------划分值:1.000,左节点损失:63.856,右节点损失:5.240,总损失:69.096
('----划分特征：', 517)
------划分值:0.000,左节点损失:0.000,右节点损失:71.382,总损失:71.382
------划分值:1.000,左节点损失:63.254,右节点损失:4.740,总损失:67.994
('----划分特征：', 518)
------划分值:0.000,左节点损失:0.000,右节点损失:71.382,总损失:71.382
------划分值:1.000,左节点损失:60.545,右节点损失:7.201,总损失:67.746
('----划分特征：', 519)
------划分值:1.000,左节点损失:54.442,右节点损失:14.856,总损失:69.298
------划分值:0.000,左节点损失:0.000,右节点损失:71.382,总损失:71.382
('----划分特征：', 520)
------划分值:1.000,左节点损失:47.741,右节点损失:23.133,总损失:70.873
------划分值:0.000,左节点损失:0.000,右节点损失:71.382,总损失:71.382
('----划分特征：', 521)
------划分值:1.000,左节点损失:35.583,右节点损失:35.514,总损失:71.098
------划分值:0.000,左节点损失:0.000,右节点损失:71.382,总损失:71.382
('----划分特征：', 522)
------划分值:1.000,左节点损失:28.298,右节点损失:41.056,总损失:69.354
------划分值:0.000,左节点损失:0.000,右节点损失:71.382,总损失:71.382
('----划分特征：', 523)
------划分值:1.000,左节点损失:27.055,右节点损失:39.918,总损失:66.973
------划分值:0.000,左节点损失:0.000,右节点损失:71.382,总损失:71.382
('----划分特征：', 524)
------划分值:0.000,左节点损失:0.000,右节点损失:71.382,总损失:71.382
------划分值:1.000,左节点损失:35.827,右节点损失:31.173,总损失:67.000
('----划分特征：', 525)
------划分值:0.000,左节点损失:0.000,右节点损失:71.382,总损失:71.382
------划分值:1.000,左节点损失:45.256,右节点损失:22.271,总损失:67.527
('----划分特征：', 526)
------划分值:0.000,左节点损失:0.000,右节点损失:71.382,总损失:71.382
------划分值:1.000,左节点损失:56.408,右节点损失:12.812,总损失:69.221
('----划分特征：', 527)
------划分值:0.000,左节点损失:0.000,右节点损失:71.382,总损失:71.382
------划分值:1.000,左节点损失:65.373,右节点损失:5.435,总损失:70.808
('----划分特征：', 528)
------划分值:0.000,左节点损失:0.000,右节点损失:71.382,总损失:71.382
------划分值:1.000,左节点损失:70.092,右节点损失:1.277,总损失:71.369
('----划分特征：', 529)
------划分值:0.000,左节点损失:0.000,右节点损失:71.382,总损失:71.382
------划分值:1.000,左节点损失:71.349,右节点损失:0.000,总损失:71.349
('----划分特征：', 530)
------划分值:0.000,左节点损失:0.000,右节点损失:71.382,总损失:71.382
------划分值:1.000,左节点损失:71.380,右节点损失:0.000,总损失:71.380
('----划分特征：', 531)
------划分值:0.000,左节点损失:0.000,右节点损失:71.382,总损失:71.382
------划分值:1.000,左节点损失:71.380,右节点损失:0.000,总损失:71.380
('----划分特征：', 532)
------划分值:0.000,左节点损失:0.000,右节点损失:71.382,总损失:71.382
('----划分特征：', 533)
------划分值:0.000,左节点损失:0.000,右节点损失:71.382,总损失:71.382
('----划分特征：', 534)
------划分值:0.000,左节点损失:0.000,右节点损失:71.382,总损失:71.382
------划分值:1.000,左节点损失:71.374,右节点损失:0.000,总损失:71.374
('----划分特征：', 535)
------划分值:0.000,左节点损失:0.000,右节点损失:71.382,总损失:71.382
------划分值:1.000,左节点损失:71.074,右节点损失:0.260,总损失:71.334
('----划分特征：', 536)
------划分值:0.000,左节点损失:0.000,右节点损失:71.382,总损失:71.382
------划分值:1.000,左节点损失:66.008,右节点损失:5.061,总损失:71.070
('----划分特征：', 537)
------划分值:0.000,左节点损失:0.000,右节点损失:71.382,总损失:71.382
------划分值:1.000,左节点损失:49.895,右节点损失:17.198,总损失:67.093
('----划分特征：', 538)
------划分值:0.000,左节点损失:0.000,右节点损失:71.382,总损失:71.382
------划分值:1.000,左节点损失:32.622,右节点损失:29.417,总损失:62.039
('----划分特征：', 539)
------划分值:0.000,左节点损失:0.000,右节点损失:71.382,总损失:71.382
------划分值:1.000,左节点损失:20.176,右节点损失:38.810,总损失:58.986
('----划分特征：', 540)
------划分值:0.000,左节点损失:0.000,右节点损失:71.382,总损失:71.382
------划分值:1.000,左节点损失:22.747,右节点损失:40.137,总损失:62.884
('----划分特征：', 541)
------划分值:0.000,左节点损失:0.000,右节点损失:71.382,总损失:71.382
------划分值:1.000,左节点损失:34.216,右节点损失:34.547,总损失:68.763
('----划分特征：', 542)
------划分值:0.000,左节点损失:0.000,右节点损失:71.382,总损失:71.382
------划分值:1.000,左节点损失:46.871,右节点损失:24.435,总损失:71.307
('----划分特征：', 543)
------划分值:0.000,左节点损失:0.000,右节点损失:71.382,总损失:71.382
------划分值:1.000,左节点损失:54.152,右节点损失:16.917,总损失:71.070
('----划分特征：', 544)
------划分值:0.000,左节点损失:0.000,右节点损失:71.382,总损失:71.382
------划分值:1.000,左节点损失:56.079,右节点损失:14.327,总损失:70.406
('----划分特征：', 545)
------划分值:1.000,左节点损失:54.375,右节点损失:15.746,总损失:70.120
------划分值:0.000,左节点损失:0.000,右节点损失:71.382,总损失:71.382
('----划分特征：', 546)
------划分值:1.000,左节点损失:49.622,右节点损失:20.748,总损失:70.370
------划分值:0.000,左节点损失:0.000,右节点损失:71.382,总损失:71.382
('----划分特征：', 547)
------划分值:1.000,左节点损失:42.443,右节点损失:28.791,总损失:71.235
------划分值:0.000,左节点损失:0.000,右节点损失:71.382,总损失:71.382
('----划分特征：', 548)
------划分值:1.000,左节点损失:32.480,右节点损失:38.574,总损失:71.054
------划分值:0.000,左节点损失:0.000,右节点损失:71.382,总损失:71.382
('----划分特征：', 549)
------划分值:1.000,左节点损失:26.636,右节点损失:43.148,总损失:69.784
------划分值:0.000,左节点损失:0.000,右节点损失:71.382,总损失:71.382
('----划分特征：', 550)
------划分值:1.000,左节点损失:25.606,右节点损失:42.700,总损失:68.306
------划分值:0.000,左节点损失:0.000,右节点损失:71.382,总损失:71.382
('----划分特征：', 551)
------划分值:1.000,左节点损失:32.235,右节点损失:35.751,总损失:67.986
------划分值:0.000,左节点损失:0.000,右节点损失:71.382,总损失:71.382
('----划分特征：', 552)
------划分值:0.000,左节点损失:0.000,右节点损失:71.382,总损失:71.382
------划分值:1.000,左节点损失:43.345,右节点损失:25.492,总损失:68.837
('----划分特征：', 553)
------划分值:0.000,左节点损失:0.000,右节点损失:71.382,总损失:71.382
------划分值:1.000,左节点损失:52.398,右节点损失:17.029,总损失:69.427
('----划分特征：', 554)
------划分值:0.000,左节点损失:0.000,右节点损失:71.382,总损失:71.382
------划分值:1.000,左节点损失:62.916,右节点损失:7.941,总损失:70.857
('----划分特征：', 555)
------划分值:0.000,左节点损失:0.000,右节点损失:71.382,总损失:71.382
------划分值:1.000,左节点损失:67.808,右节点损失:3.452,总损失:71.260
('----划分特征：', 556)
------划分值:0.000,左节点损失:0.000,右节点损失:71.382,总损失:71.382
------划分值:1.000,左节点损失:70.870,右节点损失:0.501,总损失:71.371
('----划分特征：', 557)
------划分值:0.000,左节点损失:0.000,右节点损失:71.382,总损失:71.382
------划分值:1.000,左节点损失:71.366,右节点损失:0.000,总损失:71.366
('----划分特征：', 558)
------划分值:0.000,左节点损失:0.000,右节点损失:71.382,总损失:71.382
('----划分特征：', 559)
------划分值:0.000,左节点损失:0.000,右节点损失:71.382,总损失:71.382
('----划分特征：', 560)
------划分值:0.000,左节点损失:0.000,右节点损失:71.382,总损失:71.382
('----划分特征：', 561)
------划分值:0.000,左节点损失:0.000,右节点损失:71.382,总损失:71.382
('----划分特征：', 562)
------划分值:0.000,左节点损失:0.000,右节点损失:71.382,总损失:71.382
------划分值:1.000,左节点损失:71.366,右节点损失:0.000,总损失:71.366
('----划分特征：', 563)
------划分值:0.000,左节点损失:0.000,右节点损失:71.382,总损失:71.382
------划分值:1.000,左节点损失:71.182,右节点损失:0.132,总损失:71.314
('----划分特征：', 564)
------划分值:0.000,左节点损失:0.000,右节点损失:71.382,总损失:71.382
------划分值:1.000,左节点损失:66.974,右节点损失:4.305,总损失:71.279
('----划分特征：', 565)
------划分值:0.000,左节点损失:0.000,右节点损失:71.382,总损失:71.382
------划分值:1.000,左节点损失:56.563,右节点损失:13.303,总损失:69.865
('----划分特征：', 566)
------划分值:0.000,左节点损失:0.000,右节点损失:71.382,总损失:71.382
------划分值:1.000,左节点损失:38.788,右节点损失:27.025,总损失:65.813
('----划分特征：', 567)
------划分值:0.000,左节点损失:0.000,右节点损失:71.382,总损失:71.382
------划分值:1.000,左节点损失:24.000,右节点损失:38.472,总损失:62.472
('----划分特征：', 568)
------划分值:0.000,左节点损失:0.000,右节点损失:71.382,总损失:71.382
------划分值:1.000,左节点损失:20.243,右节点损失:42.971,总损失:63.213
('----划分特征：', 569)
------划分值:0.000,左节点损失:0.000,右节点损失:71.382,总损失:71.382
------划分值:1.000,左节点损失:22.523,右节点损失:43.730,总损失:66.253
('----划分特征：', 570)
------划分值:0.000,左节点损失:0.000,右节点损失:71.382,总损失:71.382
------划分值:1.000,左节点损失:31.279,右节点损失:38.433,总损失:69.712
('----划分特征：', 571)
------划分值:0.000,左节点损失:0.000,右节点损失:71.382,总损失:71.382
------划分值:1.000,左节点损失:39.780,右节点损失:31.449,总损失:71.229
('----划分特征：', 572)
------划分值:1.000,左节点损失:40.578,右节点损失:30.802,总损失:71.379
------划分值:0.000,左节点损失:0.000,右节点损失:71.382,总损失:71.382
('----划分特征：', 573)
------划分值:1.000,左节点损失:37.482,右节点损失:33.899,总损失:71.381
------划分值:0.000,左节点损失:0.000,右节点损失:71.382,总损失:71.382
('----划分特征：', 574)
------划分值:1.000,左节点损失:32.525,右节点损失:38.788,总损失:71.313
------划分值:0.000,左节点损失:0.000,右节点损失:71.382,总损失:71.382
('----划分特征：', 575)
------划分值:1.000,左节点损失:26.370,右节点损失:44.353,总损失:70.722
------划分值:0.000,左节点损失:0.000,右节点损失:71.382,总损失:71.382
('----划分特征：', 576)
------划分值:1.000,左节点损失:21.911,右节点损失:47.515,总损失:69.426
------划分值:0.000,左节点损失:0.000,右节点损失:71.382,总损失:71.382
('----划分特征：', 577)
------划分值:1.000,左节点损失:22.768,右节点损失:45.589,总损失:68.357
------划分值:0.000,左节点损失:0.000,右节点损失:71.382,总损失:71.382
('----划分特征：', 578)
------划分值:0.000,左节点损失:0.000,右节点损失:71.382,总损失:71.382
------划分值:1.000,左节点损失:31.534,右节点损失:37.330,总损失:68.864
('----划分特征：', 579)
------划分值:0.000,左节点损失:0.000,右节点损失:71.382,总损失:71.382
------划分值:1.000,左节点损失:43.055,右节点损失:26.828,总损失:69.883
('----划分特征：', 580)
------划分值:0.000,左节点损失:0.000,右节点损失:71.382,总损失:71.382
------划分值:1.000,左节点损失:52.129,右节点损失:18.134,总损失:70.263
('----划分特征：', 581)
------划分值:0.000,左节点损失:0.000,右节点损失:71.382,总损失:71.382
------划分值:1.000,左节点损失:61.003,右节点损失:9.960,总损失:70.963
('----划分特征：', 582)
------划分值:0.000,左节点损失:0.000,右节点损失:71.382,总损失:71.382
------划分值:1.000,左节点损失:66.832,右节点损失:4.477,总损失:71.310
('----划分特征：', 583)
------划分值:0.000,左节点损失:0.000,右节点损失:71.382,总损失:71.382
------划分值:1.000,左节点损失:69.932,右节点损失:1.450,总损失:71.381
('----划分特征：', 584)
------划分值:0.000,左节点损失:0.000,右节点损失:71.382,总损失:71.382
------划分值:1.000,左节点损失:71.096,右节点损失:0.258,总损失:71.354
('----划分特征：', 585)
------划分值:0.000,左节点损失:0.000,右节点损失:71.382,总损失:71.382
------划分值:1.000,左节点损失:71.370,右节点损失:0.000,总损失:71.370
('----划分特征：', 586)
------划分值:0.000,左节点损失:0.000,右节点损失:71.382,总损失:71.382
------划分值:1.000,左节点损失:71.270,右节点损失:0.089,总损失:71.359
('----划分特征：', 587)
------划分值:0.000,左节点损失:0.000,右节点损失:71.382,总损失:71.382
('----划分特征：', 588)
------划分值:0.000,左节点损失:0.000,右节点损失:71.382,总损失:71.382
('----划分特征：', 589)
------划分值:0.000,左节点损失:0.000,右节点损失:71.382,总损失:71.382
('----划分特征：', 590)
------划分值:0.000,左节点损失:0.000,右节点损失:71.382,总损失:71.382
------划分值:1.000,左节点损失:71.370,右节点损失:0.000,总损失:71.370
('----划分特征：', 591)
------划分值:0.000,左节点损失:0.000,右节点损失:71.382,总损失:71.382
------划分值:1.000,左节点损失:71.199,右节点损失:0.131,总损失:71.331
('----划分特征：', 592)
------划分值:0.000,左节点损失:0.000,右节点损失:71.382,总损失:71.382
------划分值:1.000,左节点损失:68.673,右节点损失:2.690,总损失:71.363
('----划分特征：', 593)
------划分值:0.000,左节点损失:0.000,右节点损失:71.382,总损失:71.382
------划分值:1.000,左节点损失:60.848,右节点损失:9.862,总损失:70.710
('----划分特征：', 594)
------划分值:0.000,左节点损失:0.000,右节点损失:71.382,总损失:71.382
------划分值:1.000,左节点损失:48.200,右节点损失:20.806,总损失:69.006
('----划分特征：', 595)
------划分值:0.000,左节点损失:0.000,右节点损失:71.382,总损失:71.382
------划分值:1.000,左节点损失:31.873,右节点损失:34.270,总损失:66.143
('----划分特征：', 596)
------划分值:0.000,左节点损失:0.000,右节点损失:71.382,总损失:71.382
------划分值:1.000,左节点损失:21.088,右节点损失:43.427,总损失:64.515
('----划分特征：', 597)
------划分值:0.000,左节点损失:0.000,右节点损失:71.382,总损失:71.382
------划分值:1.000,左节点损失:14.669,右节点损失:50.051,总损失:64.719
('----划分特征：', 598)
------划分值:1.000,左节点损失:14.755,右节点损失:51.665,总损失:66.420
------划分值:0.000,左节点损失:0.000,右节点损失:71.382,总损失:71.382
('----划分特征：', 599)
------划分值:1.000,左节点损失:18.156,右节点损失:50.493,总损失:68.649
------划分值:0.000,左节点损失:0.000,右节点损失:71.382,总损失:71.382
('----划分特征：', 600)
------划分值:1.000,左节点损失:20.735,右节点损失:49.120,总损失:69.855
------划分值:0.000,左节点损失:0.000,右节点损失:71.382,总损失:71.382
('----划分特征：', 601)
------划分值:1.000,左节点损失:20.079,右节点损失:49.990,总损失:70.070
------划分值:0.000,左节点损失:0.000,右节点损失:71.382,总损失:71.382
('----划分特征：', 602)
------划分值:1.000,左节点损失:18.897,右节点损失:50.883,总损失:69.780
------划分值:0.000,左节点损失:0.000,右节点损失:71.382,总损失:71.382
('----划分特征：', 603)
------划分值:1.000,左节点损失:17.761,右节点损失:51.131,总损失:68.893
------划分值:0.000,左节点损失:0.000,右节点损失:71.382,总损失:71.382
('----划分特征：', 604)
------划分值:0.000,左节点损失:0.000,右节点损失:71.382,总损失:71.382
------划分值:1.000,左节点损失:20.800,右节点损失:47.398,总损失:68.198
('----划分特征：', 605)
------划分值:0.000,左节点损失:0.000,右节点损失:71.382,总损失:71.382
------划分值:1.000,左节点损失:31.501,右节点损失:37.608,总损失:69.109
('----划分特征：', 606)
------划分值:0.000,左节点损失:0.000,右节点损失:71.382,总损失:71.382
------划分值:1.000,左节点损失:42.765,右节点损失:27.333,总损失:70.099
('----划分特征：', 607)
------划分值:0.000,左节点损失:0.000,右节点损失:71.382,总损失:71.382
------划分值:1.000,左节点损失:52.583,右节点损失:18.140,总损失:70.722
('----划分特征：', 608)
------划分值:0.000,左节点损失:0.000,右节点损失:71.382,总损失:71.382
------划分值:1.000,左节点损失:60.350,右节点损失:10.746,总损失:71.096
('----划分特征：', 609)
------划分值:0.000,左节点损失:0.000,右节点损失:71.382,总损失:71.382
------划分值:1.000,左节点损失:65.988,右节点损失:5.336,总损失:71.324
('----划分特征：', 610)
------划分值:0.000,左节点损失:0.000,右节点损失:71.382,总损失:71.382
------划分值:1.000,左节点损失:69.757,右节点损失:1.610,总损失:71.367
('----划分特征：', 611)
------划分值:0.000,左节点损失:0.000,右节点损失:71.382,总损失:71.382
------划分值:1.000,左节点损失:70.961,右节点损失:0.385,总损失:71.347
('----划分特征：', 612)
------划分值:0.000,左节点损失:0.000,右节点损失:71.382,总损失:71.382
------划分值:1.000,左节点损失:71.228,右节点损失:0.130,总损失:71.358
('----划分特征：', 613)
------划分值:0.000,左节点损失:0.000,右节点损失:71.382,总损失:71.382
------划分值:1.000,左节点损失:71.370,右节点损失:0.000,总损失:71.370
('----划分特征：', 614)
------划分值:0.000,左节点损失:0.000,右节点损失:71.382,总损失:71.382
------划分值:1.000,左节点损失:71.272,右节点损失:0.067,总损失:71.338
('----划分特征：', 615)
------划分值:0.000,左节点损失:0.000,右节点损失:71.382,总损失:71.382
('----划分特征：', 616)
------划分值:0.000,左节点损失:0.000,右节点损失:71.382,总损失:71.382
('----划分特征：', 617)
------划分值:0.000,左节点损失:0.000,右节点损失:71.382,总损失:71.382
('----划分特征：', 618)
------划分值:0.000,左节点损失:0.000,右节点损失:71.382,总损失:71.382
------划分值:1.000,左节点损失:71.378,右节点损失:0.000,总损失:71.378
('----划分特征：', 619)
------划分值:0.000,左节点损失:0.000,右节点损失:71.382,总损失:71.382
------划分值:1.000,左节点损失:71.240,右节点损失:0.129,总损失:71.369
('----划分特征：', 620)
------划分值:0.000,左节点损失:0.000,右节点损失:71.382,总损失:71.382
------划分值:1.000,左节点损失:70.620,右节点损失:0.749,总损失:71.369
('----划分特征：', 621)
------划分值:0.000,左节点损失:0.000,右节点损失:71.382,总损失:71.382
------划分值:1.000,左节点损失:65.533,右节点损失:5.562,总损失:71.095
('----划分特征：', 622)
------划分值:0.000,左节点损失:0.000,右节点损失:71.382,总损失:71.382
------划分值:1.000,左节点损失:57.303,右节点损失:13.018,总损失:70.321
('----划分特征：', 623)
------划分值:1.000,左节点损失:44.888,右节点损失:24.009,总损失:68.897
------划分值:0.000,左节点损失:0.000,右节点损失:71.382,总损失:71.382
('----划分特征：', 624)
------划分值:1.000,左节点损失:32.869,右节点损失:34.806,总损失:67.675
------划分值:0.000,左节点损失:0.000,右节点损失:71.382,总损失:71.382
('----划分特征：', 625)
------划分值:1.000,左节点损失:20.910,右节点损失:45.256,总损失:66.166
------划分值:0.000,左节点损失:0.000,右节点损失:71.382,总损失:71.382
('----划分特征：', 626)
------划分值:1.000,左节点损失:12.995,右节点损失:52.880,总损失:65.876
------划分值:0.000,左节点损失:0.000,右节点损失:71.382,总损失:71.382
('----划分特征：', 627)
------划分值:1.000,左节点损失:11.446,右节点损失:55.386,总损失:66.832
------划分值:0.000,左节点损失:0.000,右节点损失:71.382,总损失:71.382
('----划分特征：', 628)
------划分值:1.000,左节点损失:11.555,右节点损失:55.939,总损失:67.494
------划分值:0.000,左节点损失:0.000,右节点损失:71.382,总损失:71.382
('----划分特征：', 629)
------划分值:1.000,左节点损失:14.059,右节点损失:54.056,总损失:68.116
------划分值:0.000,左节点损失:0.000,右节点损失:71.382,总损失:71.382
('----划分特征：', 630)
------划分值:0.000,左节点损失:0.000,右节点损失:71.382,总损失:71.382
------划分值:1.000,左节点损失:16.936,右节点损失:51.333,总损失:68.269
('----划分特征：', 631)
------划分值:0.000,左节点损失:0.000,右节点损失:71.382,总损失:71.382
------划分值:1.000,左节点损失:25.395,右节点损失:43.720,总损失:69.116
('----划分特征：', 632)
------划分值:0.000,左节点损失:0.000,右节点损失:71.382,总损失:71.382
------划分值:1.000,左节点损失:36.061,右节点损失:33.928,总损失:69.989
('----划分特征：', 633)
------划分值:0.000,左节点损失:0.000,右节点损失:71.382,总损失:71.382
------划分值:1.000,左节点损失:47.786,右节点损失:23.015,总损失:70.801
('----划分特征：', 634)
------划分值:0.000,左节点损失:0.000,右节点损失:71.382,总损失:71.382
------划分值:1.000,左节点损失:55.690,右节点损失:15.452,总损失:71.142
('----划分特征：', 635)
------划分值:0.000,左节点损失:0.000,右节点损失:71.382,总损失:71.382
------划分值:1.000,左节点损失:62.295,右节点损失:9.030,总损失:71.325
('----划分特征：', 636)
------划分值:0.000,左节点损失:0.000,右节点损失:71.382,总损失:71.382
------划分值:1.000,左节点损失:66.708,右节点损失:4.672,总损失:71.380
('----划分特征：', 637)
------划分值:0.000,左节点损失:0.000,右节点损失:71.382,总损失:71.382
------划分值:1.000,左节点损失:69.716,右节点损失:1.629,总损失:71.345
('----划分特征：', 638)
------划分值:0.000,左节点损失:0.000,右节点损失:71.382,总损失:71.382
------划分值:1.000,左节点损失:70.710,右节点损失:0.636,总损失:71.346
('----划分特征：', 639)
------划分值:0.000,左节点损失:0.000,右节点损失:71.382,总损失:71.382
------划分值:1.000,左节点损失:71.223,右节点损失:0.130,总损失:71.354
('----划分特征：', 640)
------划分值:0.000,左节点损失:0.000,右节点损失:71.382,总损失:71.382
------划分值:1.000,左节点损失:71.361,右节点损失:0.000,总损失:71.361
('----划分特征：', 641)
------划分值:0.000,左节点损失:0.000,右节点损失:71.382,总损失:71.382
------划分值:1.000,左节点损失:71.371,右节点损失:0.000,总损失:71.371
('----划分特征：', 642)
------划分值:0.000,左节点损失:0.000,右节点损失:71.382,总损失:71.382
------划分值:1.000,左节点损失:71.273,右节点损失:0.000,总损失:71.273
('----划分特征：', 643)
------划分值:0.000,左节点损失:0.000,右节点损失:71.382,总损失:71.382
('----划分特征：', 644)
------划分值:0.000,左节点损失:0.000,右节点损失:71.382,总损失:71.382
('----划分特征：', 645)
------划分值:0.000,左节点损失:0.000,右节点损失:71.382,总损失:71.382
('----划分特征：', 646)
------划分值:0.000,左节点损失:0.000,右节点损失:71.382,总损失:71.382
------划分值:1.000,左节点损失:71.380,右节点损失:0.000,总损失:71.380
('----划分特征：', 647)
------划分值:0.000,左节点损失:0.000,右节点损失:71.382,总损失:71.382
------划分值:1.000,左节点损失:71.374,右节点损失:0.000,总损失:71.374
('----划分特征：', 648)
------划分值:0.000,左节点损失:0.000,右节点损失:71.382,总损失:71.382
------划分值:1.000,左节点损失:71.125,右节点损失:0.251,总损失:71.376
('----划分特征：', 649)
------划分值:1.000,左节点损失:69.726,右节点损失:1.649,总损失:71.375
------划分值:0.000,左节点损失:0.000,右节点损失:71.382,总损失:71.382
('----划分特征：', 650)
------划分值:1.000,左节点损失:67.043,右节点损失:4.293,总损失:71.336
------划分值:0.000,左节点损失:0.000,右节点损失:71.382,总损失:71.382
('----划分特征：', 651)
------划分值:1.000,左节点损失:61.942,右节点损失:9.260,总损失:71.202
------划分值:0.000,左节点损失:0.000,右节点损失:71.382,总损失:71.382
('----划分特征：', 652)
------划分值:1.000,左节点损失:53.135,右节点损失:17.689,总损失:70.824
------划分值:0.000,左节点损失:0.000,右节点损失:71.382,总损失:71.382
('----划分特征：', 653)
------划分值:1.000,左节点损失:42.618,右节点损失:27.587,总损失:70.205
------划分值:0.000,左节点损失:0.000,右节点损失:71.382,总损失:71.382
('----划分特征：', 654)
------划分值:1.000,左节点损失:35.444,右节点损失:34.600,总损失:70.044
------划分值:0.000,左节点损失:0.000,右节点损失:71.382,总损失:71.382
('----划分特征：', 655)
------划分值:1.000,左节点损失:28.399,右节点损失:41.089,总损失:69.487
------划分值:0.000,左节点损失:0.000,右节点损失:71.382,总损失:71.382
('----划分特征：', 656)
------划分值:1.000,左节点损失:27.774,右节点损失:41.796,总损失:69.570
------划分值:0.000,左节点损失:0.000,右节点损失:71.382,总损失:71.382
('----划分特征：', 657)
------划分值:0.000,左节点损失:0.000,右节点损失:71.382,总损失:71.382
------划分值:1.000,左节点损失:32.261,右节点损失:37.928,总损失:70.189
('----划分特征：', 658)
------划分值:0.000,左节点损失:0.000,右节点损失:71.382,总损失:71.382
------划分值:1.000,左节点损失:40.293,右节点损失:30.622,总损失:70.915
('----划分特征：', 659)
------划分值:0.000,左节点损失:0.000,右节点损失:71.382,总损失:71.382
------划分值:1.000,左节点损失:48.787,右节点损失:22.445,总损失:71.232
('----划分特征：', 660)
------划分值:0.000,左节点损失:0.000,右节点损失:71.382,总损失:71.382
------划分值:1.000,左节点损失:58.064,右节点损失:13.315,总损失:71.379
('----划分特征：', 661)
------划分值:0.000,左节点损失:0.000,右节点损失:71.382,总损失:71.382
------划分值:1.000,左节点损失:62.378,右节点损失:8.996,总损失:71.375
('----划分特征：', 662)
------划分值:0.000,左节点损失:0.000,右节点损失:71.382,总损失:71.382
------划分值:1.000,左节点损失:65.974,右节点损失:5.391,总损失:71.365
('----划分特征：', 663)
------划分值:0.000,左节点损失:0.000,右节点损失:71.382,总损失:71.382
------划分值:1.000,左节点损失:69.447,右节点损失:1.792,总损失:71.240
('----划分特征：', 664)
------划分值:0.000,左节点损失:0.000,右节点损失:71.382,总损失:71.382
------划分值:1.000,左节点损失:70.382,右节点损失:0.902,总损失:71.284
('----划分特征：', 665)
------划分值:0.000,左节点损失:0.000,右节点损失:71.382,总损失:71.382
------划分值:1.000,左节点损失:71.024,右节点损失:0.263,总损失:71.287
('----划分特征：', 666)
------划分值:0.000,左节点损失:0.000,右节点损失:71.382,总损失:71.382
------划分值:1.000,左节点损失:71.205,右节点损失:0.131,总损失:71.336
('----划分特征：', 667)
------划分值:0.000,左节点损失:0.000,右节点损失:71.382,总损失:71.382
------划分值:1.000,左节点损失:71.355,右节点损失:0.000,总损失:71.355
('----划分特征：', 668)
------划分值:0.000,左节点损失:0.000,右节点损失:71.382,总损失:71.382
------划分值:1.000,左节点损失:71.379,右节点损失:0.000,总损失:71.379
('----划分特征：', 669)
------划分值:0.000,左节点损失:0.000,右节点损失:71.382,总损失:71.382
('----划分特征：', 670)
------划分值:0.000,左节点损失:0.000,右节点损失:71.382,总损失:71.382
('----划分特征：', 671)
------划分值:0.000,左节点损失:0.000,右节点损失:71.382,总损失:71.382
('----划分特征：', 672)
------划分值:0.000,左节点损失:0.000,右节点损失:71.382,总损失:71.382
('----划分特征：', 673)
------划分值:0.000,左节点损失:0.000,右节点损失:71.382,总损失:71.382
('----划分特征：', 674)
------划分值:0.000,左节点损失:0.000,右节点损失:71.382,总损失:71.382
('----划分特征：', 675)
------划分值:0.000,左节点损失:0.000,右节点损失:71.382,总损失:71.382
------划分值:1.000,左节点损失:71.378,右节点损失:0.000,总损失:71.378
('----划分特征：', 676)
------划分值:1.000,左节点损失:71.253,右节点损失:0.125,总损失:71.379
------划分值:0.000,左节点损失:0.000,右节点损失:71.382,总损失:71.382
('----划分特征：', 677)
------划分值:1.000,左节点损失:71.116,右节点损失:0.254,总损失:71.370
------划分值:0.000,左节点损失:0.000,右节点损失:71.382,总损失:71.382
('----划分特征：', 678)
------划分值:1.000,左节点损失:70.925,右节点损失:0.390,总损失:71.315
------划分值:0.000,左节点损失:0.000,右节点损失:71.382,总损失:71.382
('----划分特征：', 679)
------划分值:1.000,左节点损失:70.228,右节点损失:1.032,总损失:71.259
------划分值:0.000,左节点损失:0.000,右节点损失:71.382,总损失:71.382
('----划分特征：', 680)
------划分值:1.000,左节点损失:68.981,右节点损失:2.184,总损失:71.165
------划分值:0.000,左节点损失:0.000,右节点损失:71.382,总损失:71.382
('----划分特征：', 681)
------划分值:1.000,左节点损失:66.801,右节点损失:4.325,总损失:71.126
------划分值:0.000,左节点损失:0.000,右节点损失:71.382,总损失:71.382
('----划分特征：', 682)
------划分值:1.000,左节点损失:63.675,右节点损失:7.519,总损失:71.193
------划分值:0.000,左节点损失:0.000,右节点损失:71.382,总损失:71.382
('----划分特征：', 683)
------划分值:0.000,左节点损失:0.000,右节点损失:71.382,总损失:71.382
------划分值:1.000,左节点损失:61.770,右节点损失:9.460,总损失:71.230
('----划分特征：', 684)
------划分值:0.000,左节点损失:0.000,右节点损失:71.382,总损失:71.382
------划分值:1.000,左节点损失:60.572,右节点损失:10.731,总损失:71.303
('----划分特征：', 685)
------划分值:0.000,左节点损失:0.000,右节点损失:71.382,总损失:71.382
------划分值:1.000,左节点损失:61.347,右节点损失:9.919,总损失:71.266
('----划分特征：', 686)
------划分值:0.000,左节点损失:0.000,右节点损失:71.382,总损失:71.382
------划分值:1.000,左节点损失:63.651,右节点损失:7.527,总损失:71.178
('----划分特征：', 687)
------划分值:0.000,左节点损失:0.000,右节点损失:71.382,总损失:71.382
------划分值:1.000,左节点损失:66.095,右节点损失:5.062,总损失:71.157
('----划分特征：', 688)
------划分值:0.000,左节点损失:0.000,右节点损失:71.382,总损失:71.382
------划分值:1.000,左节点损失:68.298,右节点损失:2.822,总损失:71.120
('----划分特征：', 689)
------划分值:0.000,左节点损失:0.000,右节点损失:71.382,总损失:71.382
------划分值:1.000,左节点损失:69.705,右节点损失:1.428,总损失:71.132
('----划分特征：', 690)
------划分值:0.000,左节点损失:0.000,右节点损失:71.382,总损失:71.382
------划分值:1.000,左节点损失:70.505,右节点损失:0.656,总损失:71.160
('----划分特征：', 691)
------划分值:0.000,左节点损失:0.000,右节点损失:71.382,总损失:71.382
------划分值:1.000,左节点损失:70.945,右节点损失:0.264,总损失:71.209
('----划分特征：', 692)
------划分值:0.000,左节点损失:0.000,右节点损失:71.382,总损失:71.382
------划分值:1.000,左节点损失:71.022,右节点损失:0.263,总损失:71.284
('----划分特征：', 693)
------划分值:0.000,左节点损失:0.000,右节点损失:71.382,总损失:71.382
------划分值:1.000,左节点损失:71.203,右节点损失:0.131,总损失:71.335
('----划分特征：', 694)
------划分值:0.000,左节点损失:0.000,右节点损失:71.382,总损失:71.382
------划分值:1.000,左节点损失:71.345,右节点损失:0.000,总损失:71.345
('----划分特征：', 695)
------划分值:0.000,左节点损失:0.000,右节点损失:71.382,总损失:71.382
------划分值:1.000,左节点损失:71.369,右节点损失:0.000,总损失:71.369
('----划分特征：', 696)
------划分值:0.000,左节点损失:0.000,右节点损失:71.382,总损失:71.382
------划分值:1.000,左节点损失:71.380,右节点损失:0.000,总损失:71.380
('----划分特征：', 697)
------划分值:0.000,左节点损失:0.000,右节点损失:71.382,总损失:71.382
('----划分特征：', 698)
------划分值:0.000,左节点损失:0.000,右节点损失:71.382,总损失:71.382
('----划分特征：', 699)
------划分值:0.000,左节点损失:0.000,右节点损失:71.382,总损失:71.382
('----划分特征：', 700)
------划分值:0.000,左节点损失:0.000,右节点损失:71.382,总损失:71.382
('----划分特征：', 701)
------划分值:0.000,左节点损失:0.000,右节点损失:71.382,总损失:71.382
('----划分特征：', 702)
------划分值:0.000,左节点损失:0.000,右节点损失:71.382,总损失:71.382
('----划分特征：', 703)
------划分值:0.000,左节点损失:0.000,右节点损失:71.382,总损失:71.382
('----划分特征：', 704)
------划分值:0.000,左节点损失:0.000,右节点损失:71.382,总损失:71.382
------划分值:1.000,左节点损失:71.379,右节点损失:0.000,总损失:71.379
('----划分特征：', 705)
------划分值:0.000,左节点损失:0.000,右节点损失:71.382,总损失:71.382
------划分值:1.000,左节点损失:71.362,右节点损失:0.000,总损失:71.362
('----划分特征：', 706)
------划分值:0.000,左节点损失:0.000,右节点损失:71.382,总损失:71.382
------划分值:1.000,左节点损失:71.332,右节点损失:0.000,总损失:71.332
('----划分特征：', 707)
------划分值:0.000,左节点损失:0.000,右节点损失:71.382,总损失:71.382
------划分值:1.000,左节点损失:71.256,右节点损失:0.000,总损失:71.256
('----划分特征：', 708)
------划分值:0.000,左节点损失:0.000,右节点损失:71.382,总损失:71.382
------划分值:1.000,左节点损失:71.127,右节点损失:0.000,总损失:71.127
('----划分特征：', 709)
------划分值:0.000,左节点损失:0.000,右节点损失:71.382,总损失:71.382
------划分值:1.000,左节点损失:70.979,右节点损失:0.000,总损失:70.979
('----划分特征：', 710)
------划分值:0.000,左节点损失:0.000,右节点损失:71.382,总损失:71.382
------划分值:1.000,左节点损失:70.755,右节点损失:0.133,总损失:70.888
('----划分特征：', 711)
------划分值:0.000,左节点损失:0.000,右节点损失:71.382,总损失:71.382
------划分值:1.000,左节点损失:70.621,右节点损失:0.266,总损失:70.887
('----划分特征：', 712)
------划分值:0.000,左节点损失:0.000,右节点损失:71.382,总损失:71.382
------划分值:1.000,左节点损失:70.649,右节点损失:0.266,总损失:70.915
('----划分特征：', 713)
------划分值:0.000,左节点损失:0.000,右节点损失:71.382,总损失:71.382
------划分值:1.000,左节点损失:70.564,右节点损失:0.398,总损失:70.962
('----划分特征：', 714)
------划分值:0.000,左节点损失:0.000,右节点损失:71.382,总损失:71.382
------划分值:1.000,左节点损失:70.732,右节点损失:0.266,总损失:70.998
('----划分特征：', 715)
------划分值:0.000,左节点损失:0.000,右节点损失:71.382,总损失:71.382
------划分值:1.000,左节点损失:70.906,右节点损失:0.133,总损失:71.039
('----划分特征：', 716)
------划分值:0.000,左节点损失:0.000,右节点损失:71.382,总损失:71.382
------划分值:1.000,左节点损失:71.066,右节点损失:0.000,总损失:71.066
('----划分特征：', 717)
------划分值:0.000,左节点损失:0.000,右节点损失:71.382,总损失:71.382
------划分值:1.000,左节点损失:71.172,右节点损失:0.000,总损失:71.172
('----划分特征：', 718)
------划分值:0.000,左节点损失:0.000,右节点损失:71.382,总损失:71.382
------划分值:1.000,左节点损失:71.241,右节点损失:0.000,总损失:71.241
('----划分特征：', 719)
------划分值:0.000,左节点损失:0.000,右节点损失:71.382,总损失:71.382
------划分值:1.000,左节点损失:71.291,右节点损失:0.000,总损失:71.291
('----划分特征：', 720)
------划分值:0.000,左节点损失:0.000,右节点损失:71.382,总损失:71.382
------划分值:1.000,左节点损失:71.317,右节点损失:0.000,总损失:71.317
('----划分特征：', 721)
------划分值:0.000,左节点损失:0.000,右节点损失:71.382,总损失:71.382
------划分值:1.000,左节点损失:71.344,右节点损失:0.000,总损失:71.344
('----划分特征：', 722)
------划分值:0.000,左节点损失:0.000,右节点损失:71.382,总损失:71.382
------划分值:1.000,左节点损失:71.366,右节点损失:0.000,总损失:71.366
('----划分特征：', 723)
------划分值:0.000,左节点损失:0.000,右节点损失:71.382,总损失:71.382
------划分值:1.000,左节点损失:71.376,右节点损失:0.000,总损失:71.376
('----划分特征：', 724)
------划分值:0.000,左节点损失:0.000,右节点损失:71.382,总损失:71.382
('----划分特征：', 725)
------划分值:0.000,左节点损失:0.000,右节点损失:71.382,总损失:71.382
('----划分特征：', 726)
------划分值:0.000,左节点损失:0.000,右节点损失:71.382,总损失:71.382
('----划分特征：', 727)
------划分值:0.000,左节点损失:0.000,右节点损失:71.382,总损失:71.382
('----划分特征：', 728)
------划分值:0.000,左节点损失:0.000,右节点损失:71.382,总损失:71.382
('----划分特征：', 729)
------划分值:0.000,左节点损失:0.000,右节点损失:71.382,总损失:71.382
('----划分特征：', 730)
------划分值:0.000,左节点损失:0.000,右节点损失:71.382,总损失:71.382
('----划分特征：', 731)
------划分值:0.000,左节点损失:0.000,右节点损失:71.382,总损失:71.382
('----划分特征：', 732)
------划分值:0.000,左节点损失:0.000,右节点损失:71.382,总损失:71.382
------划分值:1.000,左节点损失:71.380,右节点损失:0.000,总损失:71.380
('----划分特征：', 733)
------划分值:0.000,左节点损失:0.000,右节点损失:71.382,总损失:71.382
------划分值:1.000,左节点损失:71.375,右节点损失:0.000,总损失:71.375
('----划分特征：', 734)
------划分值:0.000,左节点损失:0.000,右节点损失:71.382,总损失:71.382
------划分值:1.000,左节点损失:71.353,右节点损失:0.000,总损失:71.353
('----划分特征：', 735)
------划分值:0.000,左节点损失:0.000,右节点损失:71.382,总损失:71.382
------划分值:1.000,左节点损失:71.324,右节点损失:0.000,总损失:71.324
('----划分特征：', 736)
------划分值:0.000,左节点损失:0.000,右节点损失:71.382,总损失:71.382
------划分值:1.000,左节点损失:71.265,右节点损失:0.000,总损失:71.265
('----划分特征：', 737)
------划分值:0.000,左节点损失:0.000,右节点损失:71.382,总损失:71.382
------划分值:1.000,左节点损失:71.221,右节点损失:0.000,总损失:71.221
('----划分特征：', 738)
------划分值:0.000,左节点损失:0.000,右节点损失:71.382,总损失:71.382
------划分值:1.000,左节点损失:71.191,右节点损失:0.000,总损失:71.191
('----划分特征：', 739)
------划分值:0.000,左节点损失:0.000,右节点损失:71.382,总损失:71.382
------划分值:1.000,左节点损失:71.192,右节点损失:0.000,总损失:71.192
('----划分特征：', 740)
------划分值:0.000,左节点损失:0.000,右节点损失:71.382,总损失:71.382
------划分值:1.000,左节点损失:71.217,右节点损失:0.000,总损失:71.217
('----划分特征：', 741)
------划分值:0.000,左节点损失:0.000,右节点损失:71.382,总损失:71.382
------划分值:1.000,左节点损失:71.228,右节点损失:0.000,总损失:71.228
('----划分特征：', 742)
------划分值:0.000,左节点损失:0.000,右节点损失:71.382,总损失:71.382
------划分值:1.000,左节点损失:71.229,右节点损失:0.000,总损失:71.229
('----划分特征：', 743)
------划分值:0.000,左节点损失:0.000,右节点损失:71.382,总损失:71.382
------划分值:1.000,左节点损失:71.265,右节点损失:0.000,总损失:71.265
('----划分特征：', 744)
------划分值:0.000,左节点损失:0.000,右节点损失:71.382,总损失:71.382
------划分值:1.000,左节点损失:71.277,右节点损失:0.000,总损失:71.277
('----划分特征：', 745)
------划分值:0.000,左节点损失:0.000,右节点损失:71.382,总损失:71.382
------划分值:1.000,左节点损失:71.295,右节点损失:0.000,总损失:71.295
('----划分特征：', 746)
------划分值:0.000,左节点损失:0.000,右节点损失:71.382,总损失:71.382
------划分值:1.000,左节点损失:71.324,右节点损失:0.000,总损失:71.324
('----划分特征：', 747)
------划分值:0.000,左节点损失:0.000,右节点损失:71.382,总损失:71.382
------划分值:1.000,左节点损失:71.348,右节点损失:0.000,总损失:71.348
('----划分特征：', 748)
------划分值:0.000,左节点损失:0.000,右节点损失:71.382,总损失:71.382
------划分值:1.000,左节点损失:71.361,右节点损失:0.000,总损失:71.361
('----划分特征：', 749)
------划分值:0.000,左节点损失:0.000,右节点损失:71.382,总损失:71.382
------划分值:1.000,左节点损失:71.370,右节点损失:0.000,总损失:71.370
('----划分特征：', 750)
------划分值:0.000,左节点损失:0.000,右节点损失:71.382,总损失:71.382
------划分值:1.000,左节点损失:71.378,右节点损失:0.000,总损失:71.378
('----划分特征：', 751)
------划分值:0.000,左节点损失:0.000,右节点损失:71.382,总损失:71.382
------划分值:1.000,左节点损失:71.380,右节点损失:0.000,总损失:71.380
('----划分特征：', 752)
------划分值:0.000,左节点损失:0.000,右节点损失:71.382,总损失:71.382
('----划分特征：', 753)
------划分值:0.000,左节点损失:0.000,右节点损失:71.382,总损失:71.382
('----划分特征：', 754)
------划分值:0.000,左节点损失:0.000,右节点损失:71.382,总损失:71.382
('----划分特征：', 755)
------划分值:0.000,左节点损失:0.000,右节点损失:71.382,总损失:71.382
('----划分特征：', 756)
------划分值:0.000,左节点损失:0.000,右节点损失:71.382,总损失:71.382
('----划分特征：', 757)
------划分值:0.000,左节点损失:0.000,右节点损失:71.382,总损失:71.382
('----划分特征：', 758)
------划分值:0.000,左节点损失:0.000,右节点损失:71.382,总损失:71.382
('----划分特征：', 759)
------划分值:0.000,左节点损失:0.000,右节点损失:71.382,总损失:71.382
('----划分特征：', 760)
------划分值:0.000,左节点损失:0.000,右节点损失:71.382,总损失:71.382
('----划分特征：', 761)
------划分值:0.000,左节点损失:0.000,右节点损失:71.382,总损失:71.382
------划分值:1.000,左节点损失:71.380,右节点损失:0.000,总损失:71.380
('----划分特征：', 762)
------划分值:0.000,左节点损失:0.000,右节点损失:71.382,总损失:71.382
------划分值:1.000,左节点损失:71.379,右节点损失:0.000,总损失:71.379
('----划分特征：', 763)
------划分值:0.000,左节点损失:0.000,右节点损失:71.382,总损失:71.382
------划分值:1.000,左节点损失:71.378,右节点损失:0.000,总损失:71.378
('----划分特征：', 764)
------划分值:0.000,左节点损失:0.000,右节点损失:71.382,总损失:71.382
------划分值:1.000,左节点损失:71.378,右节点损失:0.000,总损失:71.378
('----划分特征：', 765)
------划分值:0.000,左节点损失:0.000,右节点损失:71.382,总损失:71.382
------划分值:1.000,左节点损失:71.376,右节点损失:0.000,总损失:71.376
('----划分特征：', 766)
------划分值:0.000,左节点损失:0.000,右节点损失:71.382,总损失:71.382
------划分值:1.000,左节点损失:71.370,右节点损失:0.000,总损失:71.370
('----划分特征：', 767)
------划分值:0.000,左节点损失:0.000,右节点损失:71.382,总损失:71.382
------划分值:1.000,左节点损失:71.366,右节点损失:0.000,总损失:71.366
('----划分特征：', 768)
------划分值:0.000,左节点损失:0.000,右节点损失:71.382,总损失:71.382
------划分值:1.000,左节点损失:71.358,右节点损失:0.000,总损失:71.358
('----划分特征：', 769)
------划分值:0.000,左节点损失:0.000,右节点损失:71.382,总损失:71.382
------划分值:1.000,左节点损失:71.357,右节点损失:0.000,总损失:71.357
('----划分特征：', 770)
------划分值:0.000,左节点损失:0.000,右节点损失:71.382,总损失:71.382
------划分值:1.000,左节点损失:71.363,右节点损失:0.000,总损失:71.363
('----划分特征：', 771)
------划分值:0.000,左节点损失:0.000,右节点损失:71.382,总损失:71.382
------划分值:1.000,左节点损失:71.366,右节点损失:0.000,总损失:71.366
('----划分特征：', 772)
------划分值:0.000,左节点损失:0.000,右节点损失:71.382,总损失:71.382
------划分值:1.000,左节点损失:71.366,右节点损失:0.000,总损失:71.366
('----划分特征：', 773)
------划分值:0.000,左节点损失:0.000,右节点损失:71.382,总损失:71.382
------划分值:1.000,左节点损失:71.375,右节点损失:0.000,总损失:71.375
('----划分特征：', 774)
------划分值:0.000,左节点损失:0.000,右节点损失:71.382,总损失:71.382
------划分值:1.000,左节点损失:71.376,右节点损失:0.000,总损失:71.376
('----划分特征：', 775)
------划分值:0.000,左节点损失:0.000,右节点损失:71.382,总损失:71.382
------划分值:1.000,左节点损失:71.379,右节点损失:0.000,总损失:71.379
('----划分特征：', 776)
------划分值:0.000,左节点损失:0.000,右节点损失:71.382,总损失:71.382
------划分值:1.000,左节点损失:71.379,右节点损失:0.000,总损失:71.379
('----划分特征：', 777)
------划分值:0.000,左节点损失:0.000,右节点损失:71.382,总损失:71.382
------划分值:1.000,左节点损失:71.380,右节点损失:0.000,总损失:71.380
('----划分特征：', 778)
------划分值:0.000,左节点损失:0.000,右节点损失:71.382,总损失:71.382
('----划分特征：', 779)
------划分值:0.000,左节点损失:0.000,右节点损失:71.382,总损失:71.382
('----划分特征：', 780)
------划分值:0.000,左节点损失:0.000,右节点损失:71.382,总损失:71.382
('----划分特征：', 781)
------划分值:0.000,左节点损失:0.000,右节点损失:71.382,总损失:71.382
('----划分特征：', 782)
------划分值:0.000,左节点损失:0.000,右节点损失:71.382,总损失:71.382
('----划分特征：', 783)
------划分值:0.000,左节点损失:0.000,右节点损失:71.382,总损失:71.382
('----划分特征：', 'label')
------划分值:0.000,左节点损失:0.000,右节点损失:71.382,总损失:71.382
------划分值:1.000,左节点损失:0.000,右节点损失:0.000,总损失:0.000
('----划分特征：', 'f_0')
------划分值:-2.212,左节点损失:0.000,右节点损失:71.382,总损失:71.382
('----划分特征：', 'res_1')
------划分值:-0.099,左节点损失:0.000,右节点损失:71.382,总损失:71.382
------划分值:0.901,左节点损失:0.000,右节点损失:0.000,总损失:0.000
('----划分特征：', 'f_1')
------划分值:-2.323,左节点损失:0.000,右节点损失:71.382,总损失:71.382
------划分值:-1.199,左节点损失:0.000,右节点损失:0.000,总损失:0.000
('----划分特征：', 'res_2')
------划分值:-0.089,左节点损失:0.000,右节点损失:71.382,总损失:71.382
------划分值:0.768,左节点损失:0.000,右节点损失:0.000,总损失:0.000
('----划分特征：', 'f_2')
------划分值:-2.433,左节点损失:0.000,右节点损失:71.382,总损失:71.382
------划分值:-0.767,左节点损失:0.000,右节点损失:0.000,总损失:0.000
('----划分特征：', 'res_3')
------划分值:-0.081,左节点损失:0.000,右节点损失:71.382,总损失:71.382
------划分值:0.683,左节点损失:0.000,右节点损失:0.000,总损失:0.000
('----划分特征：', 'f_3')
------划分值:-2.542,左节点损失:0.000,右节点损失:71.382,总损失:71.382
------划分值:-0.452,左节点损失:0.000,右节点损失:0.000,总损失:0.000
('----划分特征：', 'res_4')
------划分值:-0.073,左节点损失:0.000,右节点损失:71.382,总损失:71.382
------划分值:0.611,左节点损失:0.000,右节点损失:0.000,总损失:0.000
('----划分特征：', 'f_4')
------划分值:-2.650,左节点损失:0.000,右节点损失:71.382,总损失:71.382
------划分值:-0.195,左节点损失:0.000,右节点损失:0.000,总损失:0.000
('----划分特征：', 'res_5')
------划分值:-0.066,左节点损失:0.000,右节点损失:71.382,总损失:71.382
------划分值:0.549,左节点损失:0.000,右节点损失:0.000,总损失:0.000
('----划分特征：', 'f_5')
------划分值:-2.757,左节点损失:0.000,右节点损失:71.382,总损失:71.382
------划分值:0.027,左节点损失:0.000,右节点损失:0.000,总损失:0.000
('----划分特征：', 'res_6')
------划分值:-0.060,左节点损失:0.000,右节点损失:71.382,总损失:71.382
------划分值:0.493,左节点损失:0.000,右节点损失:0.000,总损失:0.000
('----划分特征：', 'f_6')
------划分值:-2.863,左节点损失:0.000,右节点损失:71.382,总损失:71.382
------划分值:0.224,左节点损失:0.000,右节点损失:0.000,总损失:0.000
('----划分特征：', 'res_7')
------划分值:-0.054,左节点损失:0.000,右节点损失:71.382,总损失:71.382
------划分值:0.444,左节点损失:0.000,右节点损失:0.000,总损失:0.000
('----划分特征：', 'f_7')
------划分值:-2.969,左节点损失:0.000,右节点损失:71.382,总损失:71.382
------划分值:0.404,左节点损失:0.000,右节点损失:0.000,总损失:0.000
('----划分特征：', 'res_8')
------划分值:-0.049,左节点损失:0.000,右节点损失:71.382,总损失:71.382
------划分值:0.400,左节点损失:0.000,右节点损失:0.000,总损失:0.000
('----划分特征：', 'f_8')
------划分值:-3.074,左节点损失:0.000,右节点损失:71.382,总损失:71.382
------划分值:0.571,左节点损失:0.000,右节点损失:0.000,总损失:0.000
('----划分特征：', 'res_9')
------划分值:-0.044,左节点损失:0.000,右节点损失:71.382,总损失:71.382
------划分值:0.361,左节点损失:0.000,右节点损失:0.000,总损失:0.000
('----划分特征：', 'f_9')
------划分值:-3.178,左节点损失:0.000,右节点损失:71.382,总损失:71.382
------划分值:0.727,左节点损失:0.000,右节点损失:0.000,总损失:0.000
('----划分特征：', 'res_10')
------划分值:-0.040,左节点损失:0.000,右节点损失:71.382,总损失:71.382
------划分值:0.326,左节点损失:0.000,右节点损失:0.000,总损失:0.000
('--最佳划分特征：', 'label')
('--最佳划分值：', 1)
('叶子节点预测值：', -1.0416516166440632)
('叶子节点预测值：', 1.4831693375773618)
第10棵树: log-likelihood:1.2988
