-----------------------------构建第16颗树-----------------------------
--树的深度：0
('----划分特征：', 1)
------划分值:0.000,左节点损失:0.000,右节点损失:21.106,总损失:21.106
('----划分特征：', 2)
------划分值:0.000,左节点损失:0.000,右节点损失:21.106,总损失:21.106
('----划分特征：', 3)
------划分值:0.000,左节点损失:0.000,右节点损失:21.106,总损失:21.106
('----划分特征：', 4)
------划分值:0.000,左节点损失:0.000,右节点损失:21.106,总损失:21.106
('----划分特征：', 5)
------划分值:0.000,左节点损失:0.000,右节点损失:21.106,总损失:21.106
('----划分特征：', 6)
------划分值:0.000,左节点损失:0.000,右节点损失:21.106,总损失:21.106
('----划分特征：', 7)
------划分值:0.000,左节点损失:0.000,右节点损失:21.106,总损失:21.106
('----划分特征：', 8)
------划分值:0.000,左节点损失:0.000,右节点损失:21.106,总损失:21.106
('----划分特征：', 9)
------划分值:0.000,左节点损失:0.000,右节点损失:21.106,总损失:21.106
('----划分特征：', 10)
------划分值:0.000,左节点损失:0.000,右节点损失:21.106,总损失:21.106
('----划分特征：', 11)
------划分值:0.000,左节点损失:0.000,右节点损失:21.106,总损失:21.106
('----划分特征：', 12)
------划分值:0.000,左节点损失:0.000,右节点损失:21.106,总损失:21.106
('----划分特征：', 13)
------划分值:0.000,左节点损失:0.000,右节点损失:21.106,总损失:21.106
('----划分特征：', 14)
------划分值:0.000,左节点损失:0.000,右节点损失:21.106,总损失:21.106
('----划分特征：', 15)
------划分值:0.000,左节点损失:0.000,右节点损失:21.106,总损失:21.106
('----划分特征：', 16)
------划分值:0.000,左节点损失:0.000,右节点损失:21.106,总损失:21.106
('----划分特征：', 17)
------划分值:0.000,左节点损失:0.000,右节点损失:21.106,总损失:21.106
('----划分特征：', 18)
------划分值:0.000,左节点损失:0.000,右节点损失:21.106,总损失:21.106
('----划分特征：', 19)
------划分值:0.000,左节点损失:0.000,右节点损失:21.106,总损失:21.106
('----划分特征：', 20)
------划分值:0.000,左节点损失:0.000,右节点损失:21.106,总损失:21.106
('----划分特征：', 21)
------划分值:0.000,左节点损失:0.000,右节点损失:21.106,总损失:21.106
('----划分特征：', 22)
------划分值:0.000,左节点损失:0.000,右节点损失:21.106,总损失:21.106
('----划分特征：', 23)
------划分值:0.000,左节点损失:0.000,右节点损失:21.106,总损失:21.106
('----划分特征：', 24)
------划分值:0.000,左节点损失:0.000,右节点损失:21.106,总损失:21.106
('----划分特征：', 25)
------划分值:0.000,左节点损失:0.000,右节点损失:21.106,总损失:21.106
('----划分特征：', 26)
------划分值:0.000,左节点损失:0.000,右节点损失:21.106,总损失:21.106
('----划分特征：', 27)
------划分值:0.000,左节点损失:0.000,右节点损失:21.106,总损失:21.106
('----划分特征：', 28)
------划分值:0.000,左节点损失:0.000,右节点损失:21.106,总损失:21.106
('----划分特征：', 29)
------划分值:0.000,左节点损失:0.000,右节点损失:21.106,总损失:21.106
('----划分特征：', 30)
------划分值:0.000,左节点损失:0.000,右节点损失:21.106,总损失:21.106
('----划分特征：', 31)
------划分值:0.000,左节点损失:0.000,右节点损失:21.106,总损失:21.106
('----划分特征：', 32)
------划分值:0.000,左节点损失:0.000,右节点损失:21.106,总损失:21.106
('----划分特征：', 33)
------划分值:0.000,左节点损失:0.000,右节点损失:21.106,总损失:21.106
('----划分特征：', 34)
------划分值:0.000,左节点损失:0.000,右节点损失:21.106,总损失:21.106
('----划分特征：', 35)
------划分值:0.000,左节点损失:0.000,右节点损失:21.106,总损失:21.106
('----划分特征：', 36)
------划分值:0.000,左节点损失:0.000,右节点损失:21.106,总损失:21.106
------划分值:1.000,左节点损失:21.106,右节点损失:0.000,总损失:21.106
('----划分特征：', 37)
------划分值:0.000,左节点损失:0.000,右节点损失:21.106,总损失:21.106
------划分值:1.000,左节点损失:21.105,右节点损失:0.000,总损失:21.105
('----划分特征：', 38)
------划分值:0.000,左节点损失:0.000,右节点损失:21.106,总损失:21.106
------划分值:1.000,左节点损失:21.106,右节点损失:0.000,总损失:21.106
('----划分特征：', 39)
------划分值:0.000,左节点损失:0.000,右节点损失:21.106,总损失:21.106
------划分值:1.000,左节点损失:21.105,右节点损失:0.000,总损失:21.105
('----划分特征：', 40)
------划分值:0.000,左节点损失:0.000,右节点损失:21.106,总损失:21.106
------划分值:1.000,左节点损失:21.106,右节点损失:0.000,总损失:21.106
('----划分特征：', 41)
------划分值:0.000,左节点损失:0.000,右节点损失:21.106,总损失:21.106
------划分值:1.000,左节点损失:21.105,右节点损失:0.000,总损失:21.105
('----划分特征：', 42)
------划分值:0.000,左节点损失:0.000,右节点损失:21.106,总损失:21.106
------划分值:1.000,左节点损失:21.106,右节点损失:0.000,总损失:21.106
('----划分特征：', 43)
------划分值:0.000,左节点损失:0.000,右节点损失:21.106,总损失:21.106
------划分值:1.000,左节点损失:21.105,右节点损失:0.000,总损失:21.105
('----划分特征：', 44)
------划分值:0.000,左节点损失:0.000,右节点损失:21.106,总损失:21.106
------划分值:1.000,左节点损失:21.104,右节点损失:0.000,总损失:21.104
('----划分特征：', 45)
------划分值:0.000,左节点损失:0.000,右节点损失:21.106,总损失:21.106
------划分值:1.000,左节点损失:21.105,右节点损失:0.000,总损失:21.105
('----划分特征：', 46)
------划分值:0.000,左节点损失:0.000,右节点损失:21.106,总损失:21.106
------划分值:1.000,左节点损失:21.105,右节点损失:0.000,总损失:21.105
('----划分特征：', 47)
------划分值:0.000,左节点损失:0.000,右节点损失:21.106,总损失:21.106
------划分值:1.000,左节点损失:21.106,右节点损失:0.000,总损失:21.106
('----划分特征：', 48)
------划分值:0.000,左节点损失:0.000,右节点损失:21.106,总损失:21.106
------划分值:1.000,左节点损失:21.105,右节点损失:0.000,总损失:21.105
('----划分特征：', 49)
------划分值:0.000,左节点损失:0.000,右节点损失:21.106,总损失:21.106
------划分值:1.000,左节点损失:21.106,右节点损失:0.000,总损失:21.106
('----划分特征：', 50)
------划分值:0.000,左节点损失:0.000,右节点损失:21.106,总损失:21.106
------划分值:1.000,左节点损失:21.106,右节点损失:0.000,总损失:21.106
('----划分特征：', 51)
------划分值:0.000,左节点损失:0.000,右节点损失:21.106,总损失:21.106
('----划分特征：', 52)
------划分值:0.000,左节点损失:0.000,右节点损失:21.106,总损失:21.106
('----划分特征：', 53)
------划分值:0.000,左节点损失:0.000,右节点损失:21.106,总损失:21.106
('----划分特征：', 54)
------划分值:0.000,左节点损失:0.000,右节点损失:21.106,总损失:21.106
('----划分特征：', 55)
------划分值:0.000,左节点损失:0.000,右节点损失:21.106,总损失:21.106
('----划分特征：', 56)
------划分值:0.000,左节点损失:0.000,右节点损失:21.106,总损失:21.106
('----划分特征：', 57)
------划分值:0.000,左节点损失:0.000,右节点损失:21.106,总损失:21.106
('----划分特征：', 58)
------划分值:0.000,左节点损失:0.000,右节点损失:21.106,总损失:21.106
('----划分特征：', 59)
------划分值:0.000,左节点损失:0.000,右节点损失:21.106,总损失:21.106
('----划分特征：', 60)
------划分值:0.000,左节点损失:0.000,右节点损失:21.106,总损失:21.106
('----划分特征：', 61)
------划分值:0.000,左节点损失:0.000,右节点损失:21.106,总损失:21.106
('----划分特征：', 62)
------划分值:0.000,左节点损失:0.000,右节点损失:21.106,总损失:21.106
('----划分特征：', 63)
------划分值:0.000,左节点损失:0.000,右节点损失:21.106,总损失:21.106
('----划分特征：', 64)
------划分值:0.000,左节点损失:0.000,右节点损失:21.106,总损失:21.106
------划分值:1.000,左节点损失:21.105,右节点损失:0.000,总损失:21.105
('----划分特征：', 65)
------划分值:0.000,左节点损失:0.000,右节点损失:21.106,总损失:21.106
------划分值:1.000,左节点损失:21.103,右节点损失:0.000,总损失:21.103
('----划分特征：', 66)
------划分值:0.000,左节点损失:0.000,右节点损失:21.106,总损失:21.106
------划分值:1.000,左节点损失:21.101,右节点损失:0.000,总损失:21.101
('----划分特征：', 67)
------划分值:0.000,左节点损失:0.000,右节点损失:21.106,总损失:21.106
------划分值:1.000,左节点损失:21.098,右节点损失:0.000,总损失:21.098
('----划分特征：', 68)
------划分值:0.000,左节点损失:0.000,右节点损失:21.106,总损失:21.106
------划分值:1.000,左节点损失:21.094,右节点损失:0.000,总损失:21.094
('----划分特征：', 69)
------划分值:0.000,左节点损失:0.000,右节点损失:21.106,总损失:21.106
------划分值:1.000,左节点损失:21.093,右节点损失:0.000,总损失:21.093
('----划分特征：', 70)
------划分值:0.000,左节点损失:0.000,右节点损失:21.106,总损失:21.106
------划分值:1.000,左节点损失:21.083,右节点损失:0.000,总损失:21.083
('----划分特征：', 71)
------划分值:0.000,左节点损失:0.000,右节点损失:21.106,总损失:21.106
------划分值:1.000,左节点损失:21.077,右节点损失:0.000,总损失:21.077
('----划分特征：', 72)
------划分值:0.000,左节点损失:0.000,右节点损失:21.106,总损失:21.106
------划分值:1.000,左节点损失:21.063,右节点损失:0.000,总损失:21.063
('----划分特征：', 73)
------划分值:0.000,左节点损失:0.000,右节点损失:21.106,总损失:21.106
------划分值:1.000,左节点损失:21.062,右节点损失:0.000,总损失:21.062
('----划分特征：', 74)
------划分值:0.000,左节点损失:0.000,右节点损失:21.106,总损失:21.106
------划分值:1.000,左节点损失:21.071,右节点损失:0.000,总损失:21.071
('----划分特征：', 75)
------划分值:0.000,左节点损失:0.000,右节点损失:21.106,总损失:21.106
------划分值:1.000,左节点损失:21.083,右节点损失:0.000,总损失:21.083
('----划分特征：', 76)
------划分值:0.000,左节点损失:0.000,右节点损失:21.106,总损失:21.106
------划分值:1.000,左节点损失:21.096,右节点损失:0.000,总损失:21.096
('----划分特征：', 77)
------划分值:0.000,左节点损失:0.000,右节点损失:21.106,总损失:21.106
------划分值:1.000,左节点损失:21.102,右节点损失:0.000,总损失:21.102
('----划分特征：', 78)
------划分值:0.000,左节点损失:0.000,右节点损失:21.106,总损失:21.106
------划分值:1.000,左节点损失:21.105,右节点损失:0.000,总损失:21.105
('----划分特征：', 79)
------划分值:0.000,左节点损失:0.000,右节点损失:21.106,总损失:21.106
------划分值:1.000,左节点损失:21.106,右节点损失:0.000,总损失:21.106
('----划分特征：', 80)
------划分值:0.000,左节点损失:0.000,右节点损失:21.106,总损失:21.106
('----划分特征：', 81)
------划分值:0.000,左节点损失:0.000,右节点损失:21.106,总损失:21.106
('----划分特征：', 82)
------划分值:0.000,左节点损失:0.000,右节点损失:21.106,总损失:21.106
('----划分特征：', 83)
------划分值:0.000,左节点损失:0.000,右节点损失:21.106,总损失:21.106
('----划分特征：', 84)
------划分值:0.000,左节点损失:0.000,右节点损失:21.106,总损失:21.106
('----划分特征：', 85)
------划分值:0.000,左节点损失:0.000,右节点损失:21.106,总损失:21.106
('----划分特征：', 86)
------划分值:0.000,左节点损失:0.000,右节点损失:21.106,总损失:21.106
('----划分特征：', 87)
------划分值:0.000,左节点损失:0.000,右节点损失:21.106,总损失:21.106
('----划分特征：', 88)
------划分值:0.000,左节点损失:0.000,右节点损失:21.106,总损失:21.106
('----划分特征：', 89)
------划分值:0.000,左节点损失:0.000,右节点损失:21.106,总损失:21.106
------划分值:1.000,左节点损失:21.105,右节点损失:0.000,总损失:21.105
('----划分特征：', 90)
------划分值:0.000,左节点损失:0.000,右节点损失:21.106,总损失:21.106
------划分值:1.000,左节点损失:21.104,右节点损失:0.000,总损失:21.104
('----划分特征：', 91)
------划分值:0.000,左节点损失:0.000,右节点损失:21.106,总损失:21.106
------划分值:1.000,左节点损失:21.103,右节点损失:0.000,总损失:21.103
('----划分特征：', 92)
------划分值:0.000,左节点损失:0.000,右节点损失:21.106,总损失:21.106
------划分值:1.000,左节点损失:21.098,右节点损失:0.000,总损失:21.098
('----划分特征：', 93)
------划分值:0.000,左节点损失:0.000,右节点损失:21.106,总损失:21.106
------划分值:1.000,左节点损失:21.092,右节点损失:0.000,总损失:21.092
('----划分特征：', 94)
------划分值:0.000,左节点损失:0.000,右节点损失:21.106,总损失:21.106
------划分值:1.000,左节点损失:21.078,右节点损失:0.000,总损失:21.078
('----划分特征：', 95)
------划分值:0.000,左节点损失:0.000,右节点损失:21.106,总损失:21.106
------划分值:1.000,左节点损失:21.034,右节点损失:0.039,总损失:21.073
('----划分特征：', 96)
------划分值:0.000,左节点损失:0.000,右节点损失:21.106,总损失:21.106
------划分值:1.000,左节点损失:20.922,右节点损失:0.154,总损失:21.076
('----划分特征：', 97)
------划分值:0.000,左节点损失:0.000,右节点损失:21.106,总损失:21.106
------划分值:1.000,左节点损失:20.807,右节点损失:0.267,总损失:21.074
('----划分特征：', 98)
------划分值:0.000,左节点损失:0.000,右节点损失:21.106,总损失:21.106
------划分值:1.000,左节点损失:20.689,右节点损失:0.380,总损失:21.069
('----划分特征：', 99)
------划分值:0.000,左节点损失:0.000,右节点损失:21.106,总损失:21.106
------划分值:1.000,左节点损失:20.632,右节点损失:0.420,总损失:21.052
('----划分特征：', 100)
------划分值:0.000,左节点损失:0.000,右节点损失:21.106,总损失:21.106
------划分值:1.000,左节点损失:20.675,右节点损失:0.347,总损失:21.022
('----划分特征：', 101)
------划分值:0.000,左节点损失:0.000,右节点损失:21.106,总损失:21.106
------划分值:1.000,左节点损失:20.714,右节点损失:0.309,总损失:21.024
('----划分特征：', 102)
------划分值:0.000,左节点损失:0.000,右节点损失:21.106,总损失:21.106
------划分值:1.000,左节点损失:20.875,右节点损失:0.156,总损失:21.031
('----划分特征：', 103)
------划分值:0.000,左节点损失:0.000,右节点损失:21.106,总损失:21.106
------划分值:1.000,左节点损失:20.876,右节点损失:0.192,总损失:21.068
('----划分特征：', 104)
------划分值:0.000,左节点损失:0.000,右节点损失:21.106,总损失:21.106
------划分值:1.000,左节点损失:21.007,右节点损失:0.077,总损失:21.085
('----划分特征：', 105)
------划分值:0.000,左节点损失:0.000,右节点损失:21.106,总损失:21.106
------划分值:1.000,左节点损失:21.089,右节点损失:0.000,总损失:21.089
('----划分特征：', 106)
------划分值:0.000,左节点损失:0.000,右节点损失:21.106,总损失:21.106
------划分值:1.000,左节点损失:21.100,右节点损失:0.000,总损失:21.100
('----划分特征：', 107)
------划分值:0.000,左节点损失:0.000,右节点损失:21.106,总损失:21.106
------划分值:1.000,左节点损失:21.104,右节点损失:0.000,总损失:21.104
('----划分特征：', 108)
------划分值:0.000,左节点损失:0.000,右节点损失:21.106,总损失:21.106
------划分值:1.000,左节点损失:21.106,右节点损失:0.000,总损失:21.106
('----划分特征：', 109)
------划分值:0.000,左节点损失:0.000,右节点损失:21.106,总损失:21.106
('----划分特征：', 110)
------划分值:0.000,左节点损失:0.000,右节点损失:21.106,总损失:21.106
('----划分特征：', 111)
------划分值:0.000,左节点损失:0.000,右节点损失:21.106,总损失:21.106
('----划分特征：', 112)
------划分值:0.000,左节点损失:0.000,右节点损失:21.106,总损失:21.106
('----划分特征：', 113)
------划分值:0.000,左节点损失:0.000,右节点损失:21.106,总损失:21.106
('----划分特征：', 114)
------划分值:0.000,左节点损失:0.000,右节点损失:21.106,总损失:21.106
('----划分特征：', 115)
------划分值:0.000,左节点损失:0.000,右节点损失:21.106,总损失:21.106
('----划分特征：', 116)
------划分值:0.000,左节点损失:0.000,右节点损失:21.106,总损失:21.106
------划分值:1.000,左节点损失:21.106,右节点损失:0.000,总损失:21.106
('----划分特征：', 117)
------划分值:0.000,左节点损失:0.000,右节点损失:21.106,总损失:21.106
------划分值:1.000,左节点损失:21.103,右节点损失:0.000,总损失:21.103
('----划分特征：', 118)
------划分值:0.000,左节点损失:0.000,右节点损失:21.106,总损失:21.106
------划分值:1.000,左节点损失:21.099,右节点损失:0.000,总损失:21.099
('----划分特征：', 119)
------划分值:0.000,左节点损失:0.000,右节点损失:21.106,总损失:21.106
------划分值:1.000,左节点损失:21.093,右节点损失:0.000,总损失:21.093
('----划分特征：', 120)
------划分值:0.000,左节点损失:0.000,右节点损失:21.106,总损失:21.106
------划分值:1.000,左节点损失:21.074,右节点损失:0.000,总损失:21.074
('----划分特征：', 121)
------划分值:0.000,左节点损失:0.000,右节点损失:21.106,总损失:21.106
------划分值:1.000,左节点损失:20.951,右节点损失:0.116,总损失:21.067
('----划分特征：', 122)
------划分值:0.000,左节点损失:0.000,右节点损失:21.106,总损失:21.106
------划分值:1.000,左节点损失:20.655,右节点损失:0.417,总损失:21.072
('----划分特征：', 123)
------划分值:0.000,左节点损失:0.000,右节点损失:21.106,总损失:21.106
------划分值:1.000,左节点损失:20.158,右节点损失:0.927,总损失:21.084
('----划分特征：', 124)
------划分值:0.000,左节点损失:0.000,右节点损失:21.106,总损失:21.106
------划分值:1.000,左节点损失:19.045,右节点损失:2.061,总损失:21.106
('----划分特征：', 125)
------划分值:0.000,左节点损失:0.000,右节点损失:21.106,总损失:21.106
------划分值:1.000,左节点损失:17.466,右节点损失:3.594,总损失:21.060
('----划分特征：', 126)
------划分值:0.000,左节点损失:0.000,右节点损失:21.106,总损失:21.106
------划分值:1.000,左节点损失:16.980,右节点损失:4.103,总损失:21.083
('----划分特征：', 127)
------划分值:0.000,左节点损失:0.000,右节点损失:21.106,总损失:21.106
------划分值:1.000,左节点损失:15.965,右节点损失:5.080,总损失:21.045
('----划分特征：', 128)
------划分值:0.000,左节点损失:0.000,右节点损失:21.106,总损失:21.106
------划分值:1.000,左节点损失:15.466,右节点损失:5.540,总损失:21.006
('----划分特征：', 129)
------划分值:0.000,左节点损失:0.000,右节点损失:21.106,总损失:21.106
------划分值:1.000,左节点损失:15.921,右节点损失:5.090,总损失:21.010
('----划分特征：', 130)
------划分值:0.000,左节点损失:0.000,右节点损失:21.106,总损失:21.106
------划分值:1.000,左节点损失:16.668,右节点损失:4.326,总损失:20.994
('----划分特征：', 131)
------划分值:0.000,左节点损失:0.000,右节点损失:21.106,总损失:21.106
------划分值:1.000,左节点损失:17.618,右节点损失:3.365,总损失:20.984
('----划分特征：', 132)
------划分值:0.000,左节点损失:0.000,右节点损失:21.106,总损失:21.106
------划分值:1.000,左节点损失:18.825,右节点损失:2.189,总损失:21.014
('----划分特征：', 133)
------划分值:0.000,左节点损失:0.000,右节点损失:21.106,总损失:21.106
------划分值:1.000,左节点损失:20.080,右节点损失:0.999,总损失:21.079
('----划分特征：', 134)
------划分值:0.000,左节点损失:0.000,右节点损失:21.106,总损失:21.106
------划分值:1.000,左节点损失:20.717,右节点损失:0.389,总损失:21.106
('----划分特征：', 135)
------划分值:0.000,左节点损失:0.000,右节点损失:21.106,总损失:21.106
------划分值:1.000,左节点损失:21.025,右节点损失:0.076,总损失:21.101
('----划分特征：', 136)
------划分值:0.000,左节点损失:0.000,右节点损失:21.106,总损失:21.106
------划分值:1.000,左节点损失:21.069,右节点损失:0.037,总损失:21.105
('----划分特征：', 137)
------划分值:0.000,左节点损失:0.000,右节点损失:21.106,总损失:21.106
('----划分特征：', 138)
------划分值:0.000,左节点损失:0.000,右节点损失:21.106,总损失:21.106
('----划分特征：', 139)
------划分值:0.000,左节点损失:0.000,右节点损失:21.106,总损失:21.106
('----划分特征：', 140)
------划分值:0.000,左节点损失:0.000,右节点损失:21.106,总损失:21.106
('----划分特征：', 141)
------划分值:0.000,左节点损失:0.000,右节点损失:21.106,总损失:21.106
('----划分特征：', 142)
------划分值:0.000,左节点损失:0.000,右节点损失:21.106,总损失:21.106
('----划分特征：', 143)
------划分值:0.000,左节点损失:0.000,右节点损失:21.106,总损失:21.106
------划分值:1.000,左节点损失:21.105,右节点损失:0.000,总损失:21.105
('----划分特征：', 144)
------划分值:0.000,左节点损失:0.000,右节点损失:21.106,总损失:21.106
------划分值:1.000,左节点损失:21.103,右节点损失:0.000,总损失:21.103
('----划分特征：', 145)
------划分值:0.000,左节点损失:0.000,右节点损失:21.106,总损失:21.106
------划分值:1.000,左节点损失:21.091,右节点损失:0.000,总损失:21.091
('----划分特征：', 146)
------划分值:0.000,左节点损失:0.000,右节点损失:21.106,总损失:21.106
------划分值:1.000,左节点损失:21.079,右节点损失:0.000,总损失:21.079
('----划分特征：', 147)
------划分值:0.000,左节点损失:0.000,右节点损失:21.106,总损失:21.106
------划分值:1.000,左节点损失:21.019,右节点损失:0.039,总损失:21.058
('----划分特征：', 148)
------划分值:0.000,左节点损失:0.000,右节点损失:21.106,总损失:21.106
------划分值:1.000,左节点损失:20.912,右节点损失:0.117,总损失:21.029
('----划分特征：', 149)
------划分值:0.000,左节点损失:0.000,右节点损失:21.106,总损失:21.106
------划分值:1.000,左节点损失:20.402,右节点损失:0.645,总损失:21.047
('----划分特征：', 150)
------划分值:0.000,左节点损失:0.000,右节点损失:21.106,总损失:21.106
------划分值:1.000,左节点损失:19.523,右节点损失:1.552,总损失:21.075
('----划分特征：', 151)
------划分值:0.000,左节点损失:0.000,右节点损失:21.106,总损失:21.106
------划分值:1.000,左节点损失:17.692,右节点损失:3.414,总损失:21.106
('----划分特征：', 152)
------划分值:0.000,左节点损失:0.000,右节点损失:21.106,总损失:21.106
------划分值:1.000,左节点损失:15.492,右节点损失:5.566,总损失:21.058
('----划分特征：', 153)
------划分值:0.000,左节点损失:0.000,右节点损失:21.106,总损失:21.106
------划分值:1.000,左节点损失:13.290,右节点损失:7.692,总损失:20.982
('----划分特征：', 154)
------划分值:0.000,左节点损失:0.000,右节点损失:21.106,总损失:21.106
------划分值:1.000,左节点损失:10.538,右节点损失:10.222,总损失:20.760
('----划分特征：', 155)
------划分值:0.000,左节点损失:0.000,右节点损失:21.106,总损失:21.106
------划分值:1.000,左节点损失:8.720,右节点损失:11.832,总损失:20.552
('----划分特征：', 156)
------划分值:0.000,左节点损失:0.000,右节点损失:21.106,总损失:21.106
------划分值:1.000,左节点损失:7.989,右节点损失:12.373,总损失:20.362
('----划分特征：', 157)
------划分值:1.000,左节点损失:9.094,右节点损失:11.375,总损失:20.468
------划分值:0.000,左节点损失:0.000,右节点损失:21.106,总损失:21.106
('----划分特征：', 158)
------划分值:1.000,左节点损失:10.728,右节点损失:9.820,总损失:20.548
------划分值:0.000,左节点损失:0.000,右节点损失:21.106,总损失:21.106
('----划分特征：', 159)
------划分值:0.000,左节点损失:0.000,右节点损失:21.106,总损失:21.106
------划分值:1.000,左节点损失:13.727,右节点损失:7.049,总损失:20.776
('----划分特征：', 160)
------划分值:1.000,左节点损失:16.246,右节点损失:4.673,总损失:20.919
------划分值:0.000,左节点损失:0.000,右节点损失:21.106,总损失:21.106
('----划分特征：', 161)
------划分值:1.000,左节点损失:18.429,右节点损失:2.611,总损失:21.039
------划分值:0.000,左节点损失:0.000,右节点损失:21.106,总损失:21.106
('----划分特征：', 162)
------划分值:1.000,左节点损失:19.854,右节点损失:1.242,总损失:21.096
------划分值:0.000,左节点损失:0.000,右节点损失:21.106,总损失:21.106
('----划分特征：', 163)
------划分值:0.000,左节点损失:0.000,右节点损失:21.106,总损失:21.106
------划分值:1.000,左节点损失:20.667,右节点损失:0.437,总损失:21.104
('----划分特征：', 164)
------划分值:0.000,左节点损失:0.000,右节点损失:21.106,总损失:21.106
------划分值:1.000,左节点损失:21.018,右节点损失:0.077,总损失:21.095
('----划分特征：', 165)
------划分值:0.000,左节点损失:0.000,右节点损失:21.106,总损失:21.106
------划分值:1.000,左节点损失:21.100,右节点损失:0.000,总损失:21.100
('----划分特征：', 166)
------划分值:0.000,左节点损失:0.000,右节点损失:21.106,总损失:21.106
------划分值:1.000,左节点损失:21.106,右节点损失:0.000,总损失:21.106
('----划分特征：', 167)
------划分值:0.000,左节点损失:0.000,右节点损失:21.106,总损失:21.106
('----划分特征：', 168)
------划分值:0.000,左节点损失:0.000,右节点损失:21.106,总损失:21.106
('----划分特征：', 169)
------划分值:0.000,左节点损失:0.000,右节点损失:21.106,总损失:21.106
('----划分特征：', 170)
------划分值:0.000,左节点损失:0.000,右节点损失:21.106,总损失:21.106
('----划分特征：', 171)
------划分值:0.000,左节点损失:0.000,右节点损失:21.106,总损失:21.106
------划分值:1.000,左节点损失:21.105,右节点损失:0.000,总损失:21.105
('----划分特征：', 172)
------划分值:0.000,左节点损失:0.000,右节点损失:21.106,总损失:21.106
------划分值:1.000,左节点损失:21.098,右节点损失:0.000,总损失:21.098
('----划分特征：', 173)
------划分值:0.000,左节点损失:0.000,右节点损失:21.106,总损失:21.106
------划分值:1.000,左节点损失:21.050,右节点损失:0.039,总损失:21.089
('----划分特征：', 174)
------划分值:0.000,左节点损失:0.000,右节点损失:21.106,总损失:21.106
------划分值:1.000,左节点损失:21.019,右节点损失:0.039,总损失:21.059
('----划分特征：', 175)
------划分值:0.000,左节点损失:0.000,右节点损失:21.106,总损失:21.106
------划分值:1.000,左节点损失:20.924,右节点损失:0.079,总损失:21.003
('----划分特征：', 176)
------划分值:0.000,左节点损失:0.000,右节点损失:21.106,总损失:21.106
------划分值:1.000,左节点损失:20.313,右节点损失:0.722,总损失:21.034
('----划分特征：', 177)
------划分值:0.000,左节点损失:0.000,右节点损失:21.106,总损失:21.106
------划分值:1.000,左节点损失:19.026,右节点损失:2.055,总损失:21.081
('----划分特征：', 178)
------划分值:0.000,左节点损失:0.000,右节点损失:21.106,总损失:21.106
------划分值:1.000,左节点损失:17.105,右节点损失:4.001,总损失:21.106
('----划分特征：', 179)
------划分值:1.000,左节点损失:14.298,右节点损失:6.752,总损失:21.049
------划分值:0.000,左节点损失:0.000,右节点损失:21.106,总损失:21.106
('----划分特征：', 180)
------划分值:1.000,左节点损失:11.983,右节点损失:8.989,总损失:20.972
------划分值:0.000,左节点损失:0.000,右节点损失:21.106,总损失:21.106
('----划分特征：', 181)
------划分值:1.000,左节点损失:9.329,右节点损失:11.521,总损失:20.850
------划分值:0.000,左节点损失:0.000,右节点损失:21.106,总损失:21.106
('----划分特征：', 182)
------划分值:1.000,左节点损失:6.644,右节点损失:13.988,总损失:20.632
------划分值:0.000,左节点损失:0.000,右节点损失:21.106,总损失:21.106
('----划分特征：', 183)
------划分值:1.000,左节点损失:4.775,右节点损失:15.557,总损失:20.332
------划分值:0.000,左节点损失:0.000,右节点损失:21.106,总损失:21.106
('----划分特征：', 184)
------划分值:1.000,左节点损失:4.487,右节点损失:15.731,总损失:20.219
------划分值:0.000,左节点损失:0.000,右节点损失:21.106,总损失:21.106
('----划分特征：', 185)
------划分值:1.000,左节点损失:5.228,右节点损失:14.977,总损失:20.205
------划分值:0.000,左节点损失:0.000,右节点损失:21.106,总损失:21.106
('----划分特征：', 186)
------划分值:1.000,左节点损失:6.660,右节点损失:13.542,总损失:20.202
------划分值:0.000,左节点损失:0.000,右节点损失:21.106,总损失:21.106
('----划分特征：', 187)
------划分值:1.000,左节点损失:9.498,右节点损失:10.909,总损失:20.406
------划分值:0.000,左节点损失:0.000,右节点损失:21.106,总损失:21.106
('----划分特征：', 188)
------划分值:1.000,左节点损失:12.744,右节点损失:7.852,总损失:20.596
------划分值:0.000,左节点损失:0.000,右节点损失:21.106,总损失:21.106
('----划分特征：', 189)
------划分值:1.000,左节点损失:16.149,右节点损失:4.745,总损失:20.895
------划分值:0.000,左节点损失:0.000,右节点损失:21.106,总损失:21.106
('----划分特征：', 190)
------划分值:1.000,左节点损失:18.621,右节点损失:2.444,总损失:21.065
------划分值:0.000,左节点损失:0.000,右节点损失:21.106,总损失:21.106
('----划分特征：', 191)
------划分值:0.000,左节点损失:0.000,右节点损失:21.106,总损失:21.106
------划分值:1.000,左节点损失:20.273,右节点损失:0.831,总损失:21.104
('----划分特征：', 192)
------划分值:0.000,左节点损失:0.000,右节点损失:21.106,总损失:21.106
------划分值:1.000,左节点损失:20.927,右节点损失:0.153,总损失:21.081
('----划分特征：', 193)
------划分值:0.000,左节点损失:0.000,右节点损失:21.106,总损失:21.106
------划分值:1.000,左节点损失:21.091,右节点损失:0.000,总损失:21.091
('----划分特征：', 194)
------划分值:0.000,左节点损失:0.000,右节点损失:21.106,总损失:21.106
------划分值:1.000,左节点损失:21.104,右节点损失:0.000,总损失:21.104
('----划分特征：', 195)
------划分值:0.000,左节点损失:0.000,右节点损失:21.106,总损失:21.106
------划分值:1.000,左节点损失:21.105,右节点损失:0.000,总损失:21.105
('----划分特征：', 196)
------划分值:0.000,左节点损失:0.000,右节点损失:21.106,总损失:21.106
('----划分特征：', 197)
------划分值:0.000,左节点损失:0.000,右节点损失:21.106,总损失:21.106
------划分值:1.000,左节点损失:21.106,右节点损失:0.000,总损失:21.106
('----划分特征：', 198)
------划分值:0.000,左节点损失:0.000,右节点损失:21.106,总损失:21.106
------划分值:1.000,左节点损失:21.105,右节点损失:0.000,总损失:21.105
('----划分特征：', 199)
------划分值:0.000,左节点损失:0.000,右节点损失:21.106,总损失:21.106
------划分值:1.000,左节点损失:21.102,右节点损失:0.000,总损失:21.102
('----划分特征：', 200)
------划分值:0.000,左节点损失:0.000,右节点损失:21.106,总损失:21.106
------划分值:1.000,左节点损失:21.089,右节点损失:0.000,总损失:21.089
('----划分特征：', 201)
------划分值:0.000,左节点损失:0.000,右节点损失:21.106,总损失:21.106
------划分值:1.000,左节点损失:21.028,右节点损失:0.039,总损失:21.067
('----划分特征：', 202)
------划分值:0.000,左节点损失:0.000,右节点损失:21.106,总损失:21.106
------划分值:1.000,左节点损失:20.987,右节点损失:0.039,总损失:21.026
('----划分特征：', 203)
------划分值:0.000,左节点损失:0.000,右节点损失:21.106,总损失:21.106
------划分值:1.000,左节点损失:20.554,右节点损失:0.461,总损失:21.016
('----划分特征：', 204)
------划分值:1.000,左节点损失:19.447,右节点损失:1.603,总损失:21.050
------划分值:0.000,左节点损失:0.000,右节点损失:21.106,总损失:21.106
('----划分特征：', 205)
------划分值:1.000,左节点损失:17.236,右节点损失:3.869,总损失:21.105
------划分值:0.000,左节点损失:0.000,右节点损失:21.106,总损失:21.106
('----划分特征：', 206)
------划分值:1.000,左节点损失:14.596,右节点损失:6.493,总损失:21.088
------划分值:0.000,左节点损失:0.000,右节点损失:21.106,总损失:21.106
('----划分特征：', 207)
------划分值:1.000,左节点损失:12.057,右节点损失:8.961,总损失:21.018
------划分值:0.000,左节点损失:0.000,右节点损失:21.106,总损失:21.106
('----划分特征：', 208)
------划分值:1.000,左节点损失:8.767,右节点损失:12.047,总损失:20.815
------划分值:0.000,左节点损失:0.000,右节点损失:21.106,总损失:21.106
('----划分特征：', 209)
------划分值:1.000,左节点损失:6.660,右节点损失:14.077,总损失:20.737
------划分值:0.000,左节点损失:0.000,右节点损失:21.106,总损失:21.106
('----划分特征：', 210)
------划分值:1.000,左节点损失:5.511,右节点损失:15.139,总损失:20.650
------划分值:0.000,左节点损失:0.000,右节点损失:21.106,总损失:21.106
('----划分特征：', 211)
------划分值:1.000,左节点损失:4.652,右节点损失:15.823,总损失:20.475
------划分值:0.000,左节点损失:0.000,右节点损失:21.106,总损失:21.106
('----划分特征：', 212)
------划分值:1.000,左节点损失:4.833,右节点损失:15.678,总损失:20.511
------划分值:0.000,左节点损失:0.000,右节点损失:21.106,总损失:21.106
('----划分特征：', 213)
------划分值:1.000,左节点损失:4.517,右节点损失:15.817,总损失:20.333
------划分值:0.000,左节点损失:0.000,右节点损失:21.106,总损失:21.106
('----划分特征：', 214)
------划分值:0.000,左节点损失:0.000,右节点损失:21.106,总损失:21.106
------划分值:1.000,左节点损失:5.227,右节点损失:14.992,总损失:20.219
('----划分特征：', 215)
------划分值:0.000,左节点损失:0.000,右节点损失:21.106,总损失:21.106
------划分值:1.000,左节点损失:6.946,右节点损失:13.315,总损失:20.262
('----划分特征：', 216)
------划分值:0.000,左节点损失:0.000,右节点损失:21.106,总损失:21.106
------划分值:1.000,左节点损失:9.967,右节点损失:10.415,总损失:20.383
('----划分特征：', 217)
------划分值:0.000,左节点损失:0.000,右节点损失:21.106,总损失:21.106
------划分值:1.000,左节点损失:13.780,右节点损失:6.926,总损失:20.706
('----划分特征：', 218)
------划分值:0.000,左节点损失:0.000,右节点损失:21.106,总损失:21.106
------划分值:1.000,左节点损失:17.172,右节点损失:3.793,总损失:20.965
('----划分特征：', 219)
------划分值:0.000,左节点损失:0.000,右节点损失:21.106,总损失:21.106
------划分值:1.000,左节点损失:19.500,右节点损失:1.598,总损失:21.097
('----划分特征：', 220)
------划分值:0.000,左节点损失:0.000,右节点损失:21.106,总损失:21.106
------划分值:1.000,左节点损失:20.721,右节点损失:0.373,总损失:21.094
('----划分特征：', 221)
------划分值:0.000,左节点损失:0.000,右节点损失:21.106,总损失:21.106
------划分值:1.000,左节点损失:21.077,右节点损失:0.000,总损失:21.077
('----划分特征：', 222)
------划分值:0.000,左节点损失:0.000,右节点损失:21.106,总损失:21.106
------划分值:1.000,左节点损失:21.098,右节点损失:0.000,总损失:21.098
('----划分特征：', 223)
------划分值:0.000,左节点损失:0.000,右节点损失:21.106,总损失:21.106
------划分值:1.000,左节点损失:21.106,右节点损失:0.000,总损失:21.106
('----划分特征：', 224)
------划分值:0.000,左节点损失:0.000,右节点损失:21.106,总损失:21.106
------划分值:1.000,左节点损失:21.106,右节点损失:0.000,总损失:21.106
('----划分特征：', 225)
------划分值:0.000,左节点损失:0.000,右节点损失:21.106,总损失:21.106
------划分值:1.000,左节点损失:21.105,右节点损失:0.000,总损失:21.105
('----划分特征：', 226)
------划分值:0.000,左节点损失:0.000,右节点损失:21.106,总损失:21.106
------划分值:1.000,左节点损失:21.105,右节点损失:0.000,总损失:21.105
('----划分特征：', 227)
------划分值:0.000,左节点损失:0.000,右节点损失:21.106,总损失:21.106
------划分值:1.000,左节点损失:21.096,右节点损失:0.000,总损失:21.096
('----划分特征：', 228)
------划分值:0.000,左节点损失:0.000,右节点损失:21.106,总损失:21.106
------划分值:1.000,左节点损失:21.075,右节点损失:0.000,总损失:21.075
('----划分特征：', 229)
------划分值:0.000,左节点损失:0.000,右节点损失:21.106,总损失:21.106
------划分值:1.000,左节点损失:20.972,右节点损失:0.078,总损失:21.051
('----划分特征：', 230)
------划分值:0.000,左节点损失:0.000,右节点损失:21.106,总损失:21.106
------划分值:1.000,左节点损失:20.754,右节点损失:0.271,总损失:21.025
('----划分特征：', 231)
------划分值:0.000,左节点损失:0.000,右节点损失:21.106,总损失:21.106
------划分值:1.000,左节点损失:19.911,右节点损失:1.129,总损失:21.039
('----划分特征：', 232)
------划分值:1.000,左节点损失:17.835,右节点损失:3.269,总损失:21.104
------划分值:0.000,左节点损失:0.000,右节点损失:21.106,总损失:21.106
('----划分特征：', 233)
------划分值:1.000,左节点损失:15.295,右节点损失:5.797,总损失:21.093
------划分值:0.000,左节点损失:0.000,右节点损失:21.106,总损失:21.106
('----划分特征：', 234)
------划分值:1.000,左节点损失:11.834,右节点损失:9.149,总损失:20.983
------划分值:0.000,左节点损失:0.000,右节点损失:21.106,总损失:21.106
('----划分特征：', 235)
------划分值:1.000,左节点损失:9.015,右节点损失:11.810,总损失:20.826
------划分值:0.000,左节点损失:0.000,右节点损失:21.106,总损失:21.106
('----划分特征：', 236)
------划分值:1.000,左节点损失:6.992,右节点损失:13.719,总损失:20.711
------划分值:0.000,左节点损失:0.000,右节点损失:21.106,总损失:21.106
('----划分特征：', 237)
------划分值:1.000,左节点损失:6.344,右节点损失:14.339,总损失:20.683
------划分值:0.000,左节点损失:0.000,右节点损失:21.106,总损失:21.106
('----划分特征：', 238)
------划分值:1.000,左节点损失:6.455,右节点损失:14.217,总损失:20.672
------划分值:0.000,左节点损失:0.000,右节点损失:21.106,总损失:21.106
('----划分特征：', 239)
------划分值:1.000,左节点损失:7.511,右节点损失:13.293,总损失:20.803
------划分值:0.000,左节点损失:0.000,右节点损失:21.106,总损失:21.106
('----划分特征：', 240)
------划分值:1.000,左节点损失:8.329,右节点损失:12.598,总损失:20.927
------划分值:0.000,左节点损失:0.000,右节点损失:21.106,总损失:21.106
('----划分特征：', 241)
------划分值:1.000,左节点损失:7.847,右节点损失:13.029,总损失:20.876
------划分值:0.000,左节点损失:0.000,右节点损失:21.106,总损失:21.106
('----划分特征：', 242)
------划分值:0.000,左节点损失:0.000,右节点损失:21.106,总损失:21.106
------划分值:1.000,左节点损失:6.541,右节点损失:14.057,总损失:20.598
('----划分特征：', 243)
------划分值:0.000,左节点损失:0.000,右节点损失:21.106,总损失:21.106
------划分值:1.000,左节点损失:6.466,右节点损失:13.863,总损失:20.328
('----划分特征：', 244)
------划分值:0.000,左节点损失:0.000,右节点损失:21.106,总损失:21.106
------划分值:1.000,左节点损失:7.801,右节点损失:12.257,总损失:20.057
('----划分特征：', 245)
------划分值:0.000,左节点损失:0.000,右节点损失:21.106,总损失:21.106
------划分值:1.000,左节点损失:11.473,右节点损失:8.853,总损失:20.327
('----划分特征：', 246)
------划分值:0.000,左节点损失:0.000,右节点损失:21.106,总损失:21.106
------划分值:1.000,左节点损失:15.237,右节点损失:5.372,总损失:20.609
('----划分特征：', 247)
------划分值:0.000,左节点损失:0.000,右节点损失:21.106,总损失:21.106
------划分值:1.000,左节点损失:18.656,右节点损失:2.347,总损失:21.002
('----划分特征：', 248)
------划分值:0.000,左节点损失:0.000,右节点损失:21.106,总损失:21.106
------划分值:1.000,左节点损失:20.530,右节点损失:0.576,总损失:21.106
('----划分特征：', 249)
------划分值:0.000,左节点损失:0.000,右节点损失:21.106,总损失:21.106
------划分值:1.000,左节点损失:21.080,右节点损失:0.000,总损失:21.080
('----划分特征：', 250)
------划分值:0.000,左节点损失:0.000,右节点损失:21.106,总损失:21.106
------划分值:1.000,左节点损失:21.102,右节点损失:0.000,总损失:21.102
('----划分特征：', 251)
------划分值:0.000,左节点损失:0.000,右节点损失:21.106,总损失:21.106
------划分值:1.000,左节点损失:21.106,右节点损失:0.000,总损失:21.106
('----划分特征：', 252)
------划分值:0.000,左节点损失:0.000,右节点损失:21.106,总损失:21.106
('----划分特征：', 253)
------划分值:0.000,左节点损失:0.000,右节点损失:21.106,总损失:21.106
------划分值:1.000,左节点损失:21.105,右节点损失:0.000,总损失:21.105
('----划分特征：', 254)
------划分值:0.000,左节点损失:0.000,右节点损失:21.106,总损失:21.106
------划分值:1.000,左节点损失:21.102,右节点损失:0.000,总损失:21.102
('----划分特征：', 255)
------划分值:0.000,左节点损失:0.000,右节点损失:21.106,总损失:21.106
------划分值:1.000,左节点损失:21.094,右节点损失:0.000,总损失:21.094
('----划分特征：', 256)
------划分值:0.000,左节点损失:0.000,右节点损失:21.106,总损失:21.106
------划分值:1.000,左节点损失:21.071,右节点损失:0.000,总损失:21.071
('----划分特征：', 257)
------划分值:0.000,左节点损失:0.000,右节点损失:21.106,总损失:21.106
------划分值:1.000,左节点损失:20.955,右节点损失:0.078,总损失:21.033
('----划分特征：', 258)
------划分值:0.000,左节点损失:0.000,右节点损失:21.106,总损失:21.106
------划分值:1.000,左节点损失:20.117,右节点损失:0.965,总损失:21.082
('----划分特征：', 259)
------划分值:0.000,左节点损失:0.000,右节点损失:21.106,总损失:21.106
------划分值:1.000,左节点损失:18.561,右节点损失:2.544,总损失:21.105
('----划分特征：', 260)
------划分值:0.000,左节点损失:0.000,右节点损失:21.106,总损失:21.106
------划分值:1.000,左节点损失:16.034,右节点损失:5.044,总损失:21.077
('----划分特征：', 261)
------划分值:1.000,左节点损失:12.738,右节点损失:8.216,总损失:20.955
------划分值:0.000,左节点损失:0.000,右节点损失:21.106,总损失:21.106
('----划分特征：', 262)
------划分值:0.000,左节点损失:0.000,右节点损失:21.106,总损失:21.106
------划分值:1.000,左节点损失:9.221,右节点损失:11.513,总损失:20.734
('----划分特征：', 263)
------划分值:1.000,左节点损失:6.774,右节点损失:13.723,总损失:20.497
------划分值:0.000,左节点损失:0.000,右节点损失:21.106,总损失:21.106
('----划分特征：', 264)
------划分值:1.000,左节点损失:6.800,右节点损失:13.768,总损失:20.568
------划分值:0.000,左节点损失:0.000,右节点损失:21.106,总损失:21.106
('----划分特征：', 265)
------划分值:1.000,左节点损失:7.488,右节点损失:13.089,总损失:20.577
------划分值:0.000,左节点损失:0.000,右节点损失:21.106,总损失:21.106
('----划分特征：', 266)
------划分值:0.000,左节点损失:0.000,右节点损失:21.106,总损失:21.106
------划分值:1.000,左节点损失:9.920,右节点损失:10.973,总损失:20.893
('----划分特征：', 267)
------划分值:0.000,左节点损失:0.000,右节点损失:21.106,总损失:21.106
------划分值:1.000,左节点损失:11.668,右节点损失:9.383,总损失:21.051
('----划分特征：', 268)
------划分值:0.000,左节点损失:0.000,右节点损失:21.106,总损失:21.106
------划分值:1.000,左节点损失:12.396,右节点损失:8.709,总损失:21.105
('----划分特征：', 269)
------划分值:1.000,左节点损失:11.668,右节点损失:9.438,总损失:21.106
------划分值:0.000,左节点损失:0.000,右节点损失:21.106,总损失:21.106
('----划分特征：', 270)
------划分值:0.000,左节点损失:0.000,右节点损失:21.106,总损失:21.106
------划分值:1.000,左节点损失:9.978,右节点损失:11.054,总损失:21.031
('----划分特征：', 271)
------划分值:0.000,左节点损失:0.000,右节点损失:21.106,总损失:21.106
------划分值:1.000,左节点损失:7.324,右节点损失:13.134,总损失:20.459
('----划分特征：', 272)
------划分值:0.000,左节点损失:0.000,右节点损失:21.106,总损失:21.106
------划分值:1.000,左节点损失:7.158,右节点损失:12.710,总损失:19.868
('----划分特征：', 273)
------划分值:0.000,左节点损失:0.000,右节点损失:21.106,总损失:21.106
------划分值:1.000,左节点损失:9.176,右节点损失:10.292,总损失:19.468
('----划分特征：', 274)
------划分值:0.000,左节点损失:0.000,右节点损失:21.106,总损失:21.106
------划分值:1.000,左节点损失:13.084,右节点损失:6.594,总损失:19.677
('----划分特征：', 275)
------划分值:0.000,左节点损失:0.000,右节点损失:21.106,总损失:21.106
------划分值:1.000,左节点损失:17.901,右节点损失:2.712,总损失:20.614
('----划分特征：', 276)
------划分值:0.000,左节点损失:0.000,右节点损失:21.106,总损失:21.106
------划分值:1.000,左节点损失:20.229,右节点损失:0.826,总损失:21.054
('----划分特征：', 277)
------划分值:0.000,左节点损失:0.000,右节点损失:21.106,总损失:21.106
------划分值:1.000,左节点损失:21.093,右节点损失:0.000,总损失:21.093
('----划分特征：', 278)
------划分值:0.000,左节点损失:0.000,右节点损失:21.106,总损失:21.106
------划分值:1.000,左节点损失:21.105,右节点损失:0.000,总损失:21.105
('----划分特征：', 279)
------划分值:0.000,左节点损失:0.000,右节点损失:21.106,总损失:21.106
('----划分特征：', 280)
------划分值:0.000,左节点损失:0.000,右节点损失:21.106,总损失:21.106
('----划分特征：', 281)
------划分值:0.000,左节点损失:0.000,右节点损失:21.106,总损失:21.106
------划分值:1.000,左节点损失:21.105,右节点损失:0.000,总损失:21.105
('----划分特征：', 282)
------划分值:0.000,左节点损失:0.000,右节点损失:21.106,总损失:21.106
------划分值:1.000,左节点损失:21.103,右节点损失:0.000,总损失:21.103
('----划分特征：', 283)
------划分值:0.000,左节点损失:0.000,右节点损失:21.106,总损失:21.106
------划分值:1.000,左节点损失:21.093,右节点损失:0.000,总损失:21.093
('----划分特征：', 284)
------划分值:0.000,左节点损失:0.000,右节点损失:21.106,总损失:21.106
------划分值:1.000,左节点损失:21.068,右节点损失:0.000,总损失:21.068
('----划分特征：', 285)
------划分值:0.000,左节点损失:0.000,右节点损失:21.106,总损失:21.106
------划分值:1.000,左节点损失:20.730,右节点损失:0.342,总损失:21.073
('----划分特征：', 286)
------划分值:0.000,左节点损失:0.000,右节点损失:21.106,总损失:21.106
------划分值:1.000,左节点损失:19.347,右节点损失:1.756,总损失:21.103
('----划分特征：', 287)
------划分值:0.000,左节点损失:0.000,右节点损失:21.106,总损失:21.106
------划分值:1.000,左节点损失:16.878,右节点损失:4.116,总损失:20.995
('----划分特征：', 288)
------划分值:0.000,左节点损失:0.000,右节点损失:21.106,总损失:21.106
------划分值:1.000,左节点损失:13.604,右节点损失:7.229,总损失:20.833
('----划分特征：', 289)
------划分值:0.000,左节点损失:0.000,右节点损失:21.106,总损失:21.106
------划分值:1.000,左节点损失:9.634,右节点损失:10.819,总损失:20.454
('----划分特征：', 290)
------划分值:0.000,左节点损失:0.000,右节点损失:21.106,总损失:21.106
------划分值:1.000,左节点损失:7.089,右节点损失:13.202,总损失:20.292
('----划分特征：', 291)
------划分值:1.000,左节点损失:7.287,右节点损失:13.184,总损失:20.471
------划分值:0.000,左节点损失:0.000,右节点损失:21.106,总损失:21.106
('----划分特征：', 292)
------划分值:1.000,左节点损失:8.363,右节点损失:12.171,总损失:20.534
------划分值:0.000,左节点损失:0.000,右节点损失:21.106,总损失:21.106
('----划分特征：', 293)
------划分值:0.000,左节点损失:0.000,右节点损失:21.106,总损失:21.106
------划分值:1.000,左节点损失:10.772,右节点损失:10.042,总损失:20.814
('----划分特征：', 294)
------划分值:0.000,左节点损失:0.000,右节点损失:21.106,总损失:21.106
------划分值:1.000,左节点损失:13.273,右节点损失:7.772,总损失:21.046
('----划分特征：', 295)
------划分值:0.000,左节点损失:0.000,右节点损失:21.106,总损失:21.106
------划分值:1.000,左节点损失:15.082,右节点损失:6.004,总损失:21.087
('----划分特征：', 296)
------划分值:0.000,左节点损失:0.000,右节点损失:21.106,总损失:21.106
------划分值:1.000,左节点损失:15.862,右节点损失:5.076,总损失:20.938
('----划分特征：', 297)
------划分值:0.000,左节点损失:0.000,右节点损失:21.106,总损失:21.106
------划分值:1.000,左节点损失:14.778,右节点损失:6.162,总损失:20.940
('----划分特征：', 298)
------划分值:0.000,左节点损失:0.000,右节点损失:21.106,总损失:21.106
------划分值:1.000,左节点损失:12.675,右节点损失:8.426,总损失:21.102
('----划分特征：', 299)
------划分值:0.000,左节点损失:0.000,右节点损失:21.106,总损失:21.106
------划分值:1.000,左节点损失:9.413,右节点损失:11.402,总损失:20.815
('----划分特征：', 300)
------划分值:0.000,左节点损失:0.000,右节点损失:21.106,总损失:21.106
------划分值:1.000,左节点损失:7.133,右节点损失:12.516,总损失:19.650
('----划分特征：', 301)
------划分值:0.000,左节点损失:0.000,右节点损失:21.106,总损失:21.106
------划分值:1.000,左节点损失:8.407,右节点损失:10.270,总损失:18.677
('----划分特征：', 302)
------划分值:0.000,左节点损失:0.000,右节点损失:21.106,总损失:21.106
------划分值:1.000,左节点损失:11.651,右节点损失:6.554,总损失:18.205
('----划分特征：', 303)
------划分值:0.000,左节点损失:0.000,右节点损失:21.106,总损失:21.106
------划分值:1.000,左节点损失:16.400,右节点损失:2.748,总损失:19.148
('----划分特征：', 304)
------划分值:0.000,左节点损失:0.000,右节点损失:21.106,总损失:21.106
------划分值:1.000,左节点损失:20.090,右节点损失:0.705,总损失:20.795
('----划分特征：', 305)
------划分值:0.000,左节点损失:0.000,右节点损失:21.106,总损失:21.106
------划分值:1.000,左节点损失:21.100,右节点损失:0.000,总损失:21.100
('----划分特征：', 306)
------划分值:0.000,左节点损失:0.000,右节点损失:21.106,总损失:21.106
------划分值:1.000,左节点损失:21.106,右节点损失:0.000,总损失:21.106
('----划分特征：', 307)
------划分值:0.000,左节点损失:0.000,右节点损失:21.106,总损失:21.106
('----划分特征：', 308)
------划分值:0.000,左节点损失:0.000,右节点损失:21.106,总损失:21.106
('----划分特征：', 309)
------划分值:0.000,左节点损失:0.000,右节点损失:21.106,总损失:21.106
------划分值:1.000,左节点损失:21.106,右节点损失:0.000,总损失:21.106
('----划分特征：', 310)
------划分值:0.000,左节点损失:0.000,右节点损失:21.106,总损失:21.106
------划分值:1.000,左节点损失:21.101,右节点损失:0.000,总损失:21.101
('----划分特征：', 311)
------划分值:0.000,左节点损失:0.000,右节点损失:21.106,总损失:21.106
------划分值:1.000,左节点损失:21.094,右节点损失:0.000,总损失:21.094
('----划分特征：', 312)
------划分值:0.000,左节点损失:0.000,右节点损失:21.106,总损失:21.106
------划分值:1.000,左节点损失:21.074,右节点损失:0.000,总损失:21.074
('----划分特征：', 313)
------划分值:0.000,左节点损失:0.000,右节点损失:21.106,总损失:21.106
------划分值:1.000,左节点损失:20.319,右节点损失:0.787,总损失:21.106
('----划分特征：', 314)
------划分值:0.000,左节点损失:0.000,右节点损失:21.106,总损失:21.106
------划分值:1.000,左节点损失:18.251,右节点损失:2.719,总损失:20.969
('----划分特征：', 315)
------划分值:0.000,左节点损失:0.000,右节点损失:21.106,总损失:21.106
------划分值:1.000,左节点损失:14.920,右节点损失:5.702,总损失:20.622
('----划分特征：', 316)
------划分值:0.000,左节点损失:0.000,右节点损失:21.106,总损失:21.106
------划分值:1.000,左节点损失:11.189,右节点损失:9.139,总损失:20.327
('----划分特征：', 317)
------划分值:0.000,左节点损失:0.000,右节点损失:21.106,总损失:21.106
------划分值:1.000,左节点损失:7.800,右节点损失:12.273,总损失:20.072
('----划分特征：', 318)
------划分值:0.000,左节点损失:0.000,右节点损失:21.106,总损失:21.106
------划分值:1.000,左节点损失:7.090,右节点损失:13.196,总损失:20.286
('----划分特征：', 319)
------划分值:1.000,左节点损失:8.469,右节点损失:12.079,总损失:20.548
------划分值:0.000,左节点损失:0.000,右节点损失:21.106,总损失:21.106
('----划分特征：', 320)
------划分值:1.000,左节点损失:11.487,右节点损失:9.412,总损失:20.899
------划分值:0.000,左节点损失:0.000,右节点损失:21.106,总损失:21.106
('----划分特征：', 321)
------划分值:1.000,左节点损失:13.947,右节点损失:7.127,总损失:21.074
------划分值:0.000,左节点损失:0.000,右节点损失:21.106,总损失:21.106
('----划分特征：', 322)
------划分值:0.000,左节点损失:0.000,右节点损失:21.106,总损失:21.106
------划分值:1.000,左节点损失:16.474,右节点损失:4.557,总损失:21.031
('----划分特征：', 323)
------划分值:0.000,左节点损失:0.000,右节点损失:21.106,总损失:21.106
------划分值:1.000,左节点损失:17.871,右节点损失:2.816,总损失:20.687
('----划分特征：', 324)
------划分值:0.000,左节点损失:0.000,右节点损失:21.106,总损失:21.106
------划分值:1.000,左节点损失:17.921,右节点损失:2.533,总损失:20.454
('----划分特征：', 325)
------划分值:0.000,左节点损失:0.000,右节点损失:21.106,总损失:21.106
------划分值:1.000,左节点损失:17.117,右节点损失:3.285,总损失:20.402
('----划分特征：', 326)
------划分值:0.000,左节点损失:0.000,右节点损失:21.106,总损失:21.106
------划分值:1.000,左节点损失:15.313,右节点损失:5.541,总损失:20.853
('----划分特征：', 327)
------划分值:0.000,左节点损失:0.000,右节点损失:21.106,总损失:21.106
------划分值:1.000,左节点损失:11.539,右节点损失:9.499,总损失:21.038
('----划分特征：', 328)
------划分值:0.000,左节点损失:0.000,右节点损失:21.106,总损失:21.106
------划分值:1.000,左节点损失:8.331,右节点损失:11.395,总损失:19.726
('----划分特征：', 329)
------划分值:0.000,左节点损失:0.000,右节点损失:21.106,总损失:21.106
------划分值:1.000,左节点损失:7.846,右节点损失:9.597,总损失:17.443
('----划分特征：', 330)
------划分值:0.000,左节点损失:0.000,右节点损失:21.106,总损失:21.106
------划分值:1.000,左节点损失:10.182,右节点损失:5.824,总损失:16.006
('----划分特征：', 331)
------划分值:0.000,左节点损失:0.000,右节点损失:21.106,总损失:21.106
------划分值:1.000,左节点损失:15.466,右节点损失:2.276,总损失:17.742
('----划分特征：', 332)
------划分值:0.000,左节点损失:0.000,右节点损失:21.106,总损失:21.106
------划分值:1.000,左节点损失:19.704,右节点损失:0.726,总损失:20.429
('----划分特征：', 333)
------划分值:0.000,左节点损失:0.000,右节点损失:21.106,总损失:21.106
------划分值:1.000,左节点损失:21.103,右节点损失:0.000,总损失:21.103
('----划分特征：', 334)
------划分值:0.000,左节点损失:0.000,右节点损失:21.106,总损失:21.106
------划分值:1.000,左节点损失:21.074,右节点损失:0.020,总损失:21.093
('----划分特征：', 335)
------划分值:0.000,左节点损失:0.000,右节点损失:21.106,总损失:21.106
('----划分特征：', 336)
------划分值:0.000,左节点损失:0.000,右节点损失:21.106,总损失:21.106
('----划分特征：', 337)
------划分值:0.000,左节点损失:0.000,右节点损失:21.106,总损失:21.106
------划分值:1.000,左节点损失:21.106,右节点损失:0.000,总损失:21.106
('----划分特征：', 338)
------划分值:0.000,左节点损失:0.000,右节点损失:21.106,总损失:21.106
------划分值:1.000,左节点损失:21.103,右节点损失:0.000,总损失:21.103
('----划分特征：', 339)
------划分值:0.000,左节点损失:0.000,右节点损失:21.106,总损失:21.106
------划分值:1.000,左节点损失:21.098,右节点损失:0.000,总损失:21.098
('----划分特征：', 340)
------划分值:0.000,左节点损失:0.000,右节点损失:21.106,总损失:21.106
------划分值:1.000,左节点损失:21.046,右节点损失:0.039,总损失:21.085
('----划分特征：', 341)
------划分值:0.000,左节点损失:0.000,右节点损失:21.106,总损失:21.106
------划分值:1.000,左节点损失:19.652,右节点损失:1.373,总损失:21.025
('----划分特征：', 342)
------划分值:0.000,左节点损失:0.000,右节点损失:21.106,总损失:21.106
------划分值:1.000,左节点损失:16.510,右节点损失:3.922,总损失:20.432
('----划分特征：', 343)
------划分值:0.000,左节点损失:0.000,右节点损失:21.106,总损失:21.106
------划分值:1.000,左节点损失:12.567,右节点损失:7.449,总损失:20.016
('----划分特征：', 344)
------划分值:0.000,左节点损失:0.000,右节点损失:21.106,总损失:21.106
------划分值:1.000,左节点损失:8.339,右节点损失:11.236,总损失:19.575
('----划分特征：', 345)
------划分值:0.000,左节点损失:0.000,右节点损失:21.106,总损失:21.106
------划分值:1.000,左节点损失:6.537,右节点损失:13.313,总损失:19.850
('----划分特征：', 346)
------划分值:0.000,左节点损失:0.000,右节点损失:21.106,总损失:21.106
------划分值:1.000,左节点损失:7.729,右节点损失:12.683,总损失:20.412
('----划分特征：', 347)
------划分值:0.000,左节点损失:0.000,右节点损失:21.106,总损失:21.106
------划分值:1.000,左节点损失:10.836,右节点损失:10.084,总损失:20.920
('----划分特征：', 348)
------划分值:1.000,左节点损失:14.334,右节点损失:6.772,总损失:21.106
------划分值:0.000,左节点损失:0.000,右节点损失:21.106,总损失:21.106
('----划分特征：', 349)
------划分值:1.000,左节点损失:16.635,右节点损失:4.336,总损失:20.972
------划分值:0.000,左节点损失:0.000,右节点损失:21.106,总损失:21.106
('----划分特征：', 350)
------划分值:0.000,左节点损失:0.000,右节点损失:21.106,总损失:21.106
------划分值:1.000,左节点损失:18.122,右节点损失:2.415,总损失:20.538
('----划分特征：', 351)
------划分值:0.000,左节点损失:0.000,右节点损失:21.106,总损失:21.106
------划分值:1.000,左节点损失:18.669,右节点损失:1.402,总损失:20.071
('----划分特征：', 352)
------划分值:0.000,左节点损失:0.000,右节点损失:21.106,总损失:21.106
------划分值:1.000,左节点损失:18.537,右节点损失:1.134,总损失:19.671
('----划分特征：', 353)
------划分值:0.000,左节点损失:0.000,右节点损失:21.106,总损失:21.106
------划分值:1.000,左节点损失:17.843,右节点损失:1.980,总损失:19.822
('----划分特征：', 354)
------划分值:0.000,左节点损失:0.000,右节点损失:21.106,总损失:21.106
------划分值:1.000,左节点损失:15.767,右节点损失:4.920,总损失:20.687
('----划分特征：', 355)
------划分值:0.000,左节点损失:0.000,右节点损失:21.106,总损失:21.106
------划分值:1.000,左节点损失:13.082,右节点损失:8.014,总损失:21.096
('----划分特征：', 356)
------划分值:0.000,左节点损失:0.000,右节点损失:21.106,总损失:21.106
------划分值:1.000,左节点损失:8.777,右节点损失:10.738,总损失:19.514
('----划分特征：', 357)
------划分值:0.000,左节点损失:0.000,右节点损失:21.106,总损失:21.106
------划分值:1.000,左节点损失:7.745,右节点损失:8.875,总损失:16.620
('----划分特征：', 358)
------划分值:0.000,左节点损失:0.000,右节点损失:21.106,总损失:21.106
------划分值:1.000,左节点损失:9.901,右节点损失:5.158,总损失:15.059
('----划分特征：', 359)
------划分值:0.000,左节点损失:0.000,右节点损失:21.106,总损失:21.106
------划分值:1.000,左节点损失:14.820,右节点损失:2.184,总损失:17.004
('----划分特征：', 360)
------划分值:0.000,左节点损失:0.000,右节点损失:21.106,总损失:21.106
------划分值:1.000,左节点损失:19.277,右节点损失:0.923,总损失:20.200
('----划分特征：', 361)
------划分值:0.000,左节点损失:0.000,右节点损失:21.106,总损失:21.106
------划分值:1.000,左节点损失:21.104,右节点损失:0.000,总损失:21.104
('----划分特征：', 362)
------划分值:0.000,左节点损失:0.000,右节点损失:21.106,总损失:21.106
------划分值:1.000,左节点损失:21.073,右节点损失:0.026,总损失:21.100
('----划分特征：', 363)
------划分值:0.000,左节点损失:0.000,右节点损失:21.106,总损失:21.106
('----划分特征：', 364)
------划分值:0.000,左节点损失:0.000,右节点损失:21.106,总损失:21.106
('----划分特征：', 365)
------划分值:0.000,左节点损失:0.000,右节点损失:21.106,总损失:21.106
------划分值:1.000,左节点损失:21.106,右节点损失:0.000,总损失:21.106
('----划分特征：', 366)
------划分值:0.000,左节点损失:0.000,右节点损失:21.106,总损失:21.106
------划分值:1.000,左节点损失:21.105,右节点损失:0.000,总损失:21.105
('----划分特征：', 367)
------划分值:0.000,左节点损失:0.000,右节点损失:21.106,总损失:21.106
------划分值:1.000,左节点损失:21.102,右节点损失:0.000,总损失:21.102
('----划分特征：', 368)
------划分值:0.000,左节点损失:0.000,右节点损失:21.106,总损失:21.106
------划分值:1.000,左节点损失:20.924,右节点损失:0.182,总损失:21.105
('----划分特征：', 369)
------划分值:0.000,左节点损失:0.000,右节点损失:21.106,总损失:21.106
------划分值:1.000,左节点损失:18.712,右节点损失:1.990,总损失:20.702
('----划分特征：', 370)
------划分值:0.000,左节点损失:0.000,右节点损失:21.106,总损失:21.106
------划分值:1.000,左节点损失:14.586,右节点损失:5.125,总损失:19.711
('----划分特征：', 371)
------划分值:0.000,左节点损失:0.000,右节点损失:21.106,总损失:21.106
------划分值:1.000,左节点损失:10.195,右节点损失:9.018,总损失:19.212
('----划分特征：', 372)
------划分值:0.000,左节点损失:0.000,右节点损失:21.106,总损失:21.106
------划分值:1.000,左节点损失:7.075,右节点损失:12.212,总损失:19.287
('----划分特征：', 373)
------划分值:0.000,左节点损失:0.000,右节点损失:21.106,总损失:21.106
------划分值:1.000,左节点损失:7.036,右节点损失:13.030,总损失:20.066
('----划分特征：', 374)
------划分值:0.000,左节点损失:0.000,右节点损失:21.106,总损失:21.106
------划分值:1.000,左节点损失:9.697,右节点损失:11.125,总损失:20.822
('----划分特征：', 375)
------划分值:0.000,左节点损失:0.000,右节点损失:21.106,总损失:21.106
------划分值:1.000,左节点损失:13.734,右节点损失:7.370,总损失:21.105
('----划分特征：', 376)
------划分值:0.000,左节点损失:0.000,右节点损失:21.106,总损失:21.106
------划分值:1.000,左节点损失:16.557,右节点损失:4.329,总损失:20.886
('----划分特征：', 377)
------划分值:1.000,左节点损失:18.423,右节点损失:1.820,总损失:20.243
------划分值:0.000,左节点损失:0.000,右节点损失:21.106,总损失:21.106
('----划分特征：', 378)
------划分值:1.000,左节点损失:18.799,右节点损失:0.824,总损失:19.623
------划分值:0.000,左节点损失:0.000,右节点损失:21.106,总损失:21.106
('----划分特征：', 379)
------划分值:1.000,左节点损失:18.726,右节点损失:0.355,总损失:19.081
------划分值:0.000,左节点损失:0.000,右节点损失:21.106,总损失:21.106
('----划分特征：', 380)
------划分值:0.000,左节点损失:0.000,右节点损失:21.106,总损失:21.106
------划分值:1.000,左节点损失:18.358,右节点损失:0.473,总损失:18.831
('----划分特征：', 381)
------划分值:0.000,左节点损失:0.000,右节点损失:21.106,总损失:21.106
------划分值:1.000,左节点损失:17.722,右节点损失:1.677,总损失:19.398
('----划分特征：', 382)
------划分值:0.000,左节点损失:0.000,右节点损失:21.106,总损失:21.106
------划分值:1.000,左节点损失:16.184,右节点损失:4.385,总损失:20.568
('----划分特征：', 383)
------划分值:0.000,左节点损失:0.000,右节点损失:21.106,总损失:21.106
------划分值:1.000,左节点损失:13.219,右节点损失:7.864,总损失:21.084
('----划分特征：', 384)
------划分值:0.000,左节点损失:0.000,右节点损失:21.106,总损失:21.106
------划分值:1.000,左节点损失:9.142,右节点损失:10.281,总损失:19.424
('----划分特征：', 385)
------划分值:0.000,左节点损失:0.000,右节点损失:21.106,总损失:21.106
------划分值:1.000,左节点损失:7.929,右节点损失:8.623,总损失:16.552
('----划分特征：', 386)
------划分值:0.000,左节点损失:0.000,右节点损失:21.106,总损失:21.106
------划分值:1.000,左节点损失:9.828,右节点损失:5.463,总损失:15.291
('----划分特征：', 387)
------划分值:0.000,左节点损失:0.000,右节点损失:21.106,总损失:21.106
------划分值:1.000,左节点损失:14.540,右节点损失:2.792,总损失:17.332
('----划分特征：', 388)
------划分值:0.000,左节点损失:0.000,右节点损失:21.106,总损失:21.106
------划分值:1.000,左节点损失:19.077,右节点损失:1.095,总损失:20.172
('----划分特征：', 389)
------划分值:0.000,左节点损失:0.000,右节点损失:21.106,总损失:21.106
------划分值:1.000,左节点损失:21.101,右节点损失:0.000,总损失:21.101
('----划分特征：', 390)
------划分值:0.000,左节点损失:0.000,右节点损失:21.106,总损失:21.106
('----划分特征：', 391)
------划分值:0.000,左节点损失:0.000,右节点损失:21.106,总损失:21.106
('----划分特征：', 392)
------划分值:0.000,左节点损失:0.000,右节点损失:21.106,总损失:21.106
('----划分特征：', 393)
------划分值:0.000,左节点损失:0.000,右节点损失:21.106,总损失:21.106
('----划分特征：', 394)
------划分值:0.000,左节点损失:0.000,右节点损失:21.106,总损失:21.106
------划分值:1.000,左节点损失:21.106,右节点损失:0.000,总损失:21.106
('----划分特征：', 395)
------划分值:0.000,左节点损失:0.000,右节点损失:21.106,总损失:21.106
------划分值:1.000,左节点损失:21.102,右节点损失:0.000,总损失:21.102
('----划分特征：', 396)
------划分值:0.000,左节点损失:0.000,右节点损失:21.106,总损失:21.106
------划分值:1.000,左节点损失:20.702,右节点损失:0.380,总损失:21.081
('----划分特征：', 397)
------划分值:0.000,左节点损失:0.000,右节点损失:21.106,总损失:21.106
------划分值:1.000,左节点损失:17.098,右节点损失:2.680,总损失:19.778
('----划分特征：', 398)
------划分值:0.000,左节点损失:0.000,右节点损失:21.106,总损失:21.106
------划分值:1.000,左节点损失:12.695,右节点损失:6.150,总损失:18.846
('----划分特征：', 399)
------划分值:0.000,左节点损失:0.000,右节点损失:21.106,总损失:21.106
------划分值:1.000,左节点损失:8.409,右节点损失:10.170,总损失:18.580
('----划分特征：', 400)
------划分值:0.000,左节点损失:0.000,右节点损失:21.106,总损失:21.106
------划分值:1.000,左节点损失:6.528,右节点损失:12.644,总损失:19.172
('----划分特征：', 401)
------划分值:0.000,左节点损失:0.000,右节点损失:21.106,总损失:21.106
------划分值:1.000,左节点损失:8.133,右节点损失:12.233,总损失:20.367
('----划分特征：', 402)
------划分值:0.000,左节点损失:0.000,右节点损失:21.106,总损失:21.106
------划分值:1.000,左节点损失:12.168,右节点损失:8.907,总损失:21.075
('----划分特征：', 403)
------划分值:0.000,左节点损失:0.000,右节点损失:21.106,总损失:21.106
------划分值:1.000,左节点损失:16.018,右节点损失:4.874,总损失:20.892
('----划分特征：', 404)
------划分值:0.000,左节点损失:0.000,右节点损失:21.106,总损失:21.106
------划分值:1.000,左节点损失:18.056,右节点损失:2.237,总损失:20.293
('----划分特征：', 405)
------划分值:0.000,左节点损失:0.000,右节点损失:21.106,总损失:21.106
------划分值:1.000,左节点损失:18.582,右节点损失:0.824,总损失:19.406
('----划分特征：', 406)
------划分值:1.000,左节点损失:18.553,右节点损失:0.197,总损失:18.750
------划分值:0.000,左节点损失:0.000,右节点损失:21.106,总损失:21.106
('----划分特征：', 407)
------划分值:1.000,左节点损失:18.050,右节点损失:0.079,总损失:18.129
------划分值:0.000,左节点损失:0.000,右节点损失:21.106,总损失:21.106
('----划分特征：', 408)
------划分值:1.000,左节点损失:18.000,右节点损失:0.316,总损失:18.315
------划分值:0.000,左节点损失:0.000,右节点损失:21.106,总损失:21.106
('----划分特征：', 409)
------划分值:0.000,左节点损失:0.000,右节点损失:21.106,总损失:21.106
------划分值:1.000,左节点损失:17.426,右节点损失:1.908,总损失:19.334
('----划分特征：', 410)
------划分值:0.000,左节点损失:0.000,右节点损失:21.106,总损失:21.106
------划分值:1.000,左节点损失:15.705,右节点损失:5.023,总损失:20.728
('----划分特征：', 411)
------划分值:0.000,左节点损失:0.000,右节点损失:21.106,总损失:21.106
------划分值:1.000,左节点损失:12.655,右节点损失:8.369,总损失:21.024
('----划分特征：', 412)
------划分值:0.000,左节点损失:0.000,右节点损失:21.106,总损失:21.106
------划分值:1.000,左节点损失:9.462,右节点损失:10.057,总损失:19.519
('----划分特征：', 413)
------划分值:0.000,左节点损失:0.000,右节点损失:21.106,总损失:21.106
------划分值:1.000,左节点损失:8.072,右节点损失:8.836,总损失:16.907
('----划分特征：', 414)
------划分值:0.000,左节点损失:0.000,右节点损失:21.106,总损失:21.106
------划分值:1.000,左节点损失:10.575,右节点损失:5.640,总损失:16.214
('----划分特征：', 415)
------划分值:0.000,左节点损失:0.000,右节点损失:21.106,总损失:21.106
------划分值:1.000,左节点损失:14.639,右节点损失:3.093,总损失:17.732
('----划分特征：', 416)
------划分值:0.000,左节点损失:0.000,右节点损失:21.106,总损失:21.106
------划分值:1.000,左节点损失:19.239,右节点损失:1.097,总损失:20.336
('----划分特征：', 417)
------划分值:0.000,左节点损失:0.000,右节点损失:21.106,总损失:21.106
------划分值:1.000,左节点损失:21.069,右节点损失:0.037,总损失:21.106
('----划分特征：', 418)
------划分值:0.000,左节点损失:0.000,右节点损失:21.106,总损失:21.106
('----划分特征：', 419)
------划分值:0.000,左节点损失:0.000,右节点损失:21.106,总损失:21.106
('----划分特征：', 420)
------划分值:0.000,左节点损失:0.000,右节点损失:21.106,总损失:21.106
('----划分特征：', 421)
------划分值:0.000,左节点损失:0.000,右节点损失:21.106,总损失:21.106
('----划分特征：', 422)
------划分值:0.000,左节点损失:0.000,右节点损失:21.106,总损失:21.106
------划分值:1.000,左节点损失:21.106,右节点损失:0.000,总损失:21.106
('----划分特征：', 423)
------划分值:0.000,左节点损失:0.000,右节点损失:21.106,总损失:21.106
------划分值:1.000,左节点损失:21.102,右节点损失:0.000,总损失:21.102
('----划分特征：', 424)
------划分值:0.000,左节点损失:0.000,右节点损失:21.106,总损失:21.106
------划分值:1.000,左节点损失:20.346,右节点损失:0.619,总损失:20.966
('----划分特征：', 425)
------划分值:0.000,左节点损失:0.000,右节点损失:21.106,总损失:21.106
------划分值:1.000,左节点损失:15.851,右节点损失:3.328,总损失:19.179
('----划分特征：', 426)
------划分值:0.000,左节点损失:0.000,右节点损失:21.106,总损失:21.106
------划分值:1.000,左节点损失:10.731,右节点损失:7.191,总损失:17.922
('----划分特征：', 427)
------划分值:0.000,左节点损失:0.000,右节点损失:21.106,总损失:21.106
------划分值:1.000,左节点损失:6.960,右节点损失:10.859,总损失:17.819
('----划分特征：', 428)
------划分值:0.000,左节点损失:0.000,右节点损失:21.106,总损失:21.106
------划分值:1.000,左节点损失:6.529,右节点损失:12.594,总损失:19.123
('----划分特征：', 429)
------划分值:0.000,左节点损失:0.000,右节点损失:21.106,总损失:21.106
------划分值:1.000,左节点损失:9.740,右节点损失:10.926,总损失:20.666
('----划分特征：', 430)
------划分值:0.000,左节点损失:0.000,右节点损失:21.106,总损失:21.106
------划分值:1.000,左节点损失:14.381,右节点损失:6.698,总损失:21.079
('----划分特征：', 431)
------划分值:0.000,左节点损失:0.000,右节点损失:21.106,总损失:21.106
------划分值:1.000,左节点损失:17.472,右节点损失:3.053,总损失:20.525
('----划分特征：', 432)
------划分值:0.000,左节点损失:0.000,右节点损失:21.106,总损失:21.106
------划分值:1.000,左节点损失:18.692,右节点损失:1.057,总损失:19.748
('----划分特征：', 433)
------划分值:0.000,左节点损失:0.000,右节点损失:21.106,总损失:21.106
------划分值:1.000,左节点损失:18.587,右节点损失:0.355,总损失:18.941
('----划分特征：', 434)
------划分值:0.000,左节点损失:0.000,右节点损失:21.106,总损失:21.106
------划分值:1.000,左节点损失:18.362,右节点损失:0.119,总损失:18.480
('----划分特征：', 435)
------划分值:1.000,左节点损失:18.025,右节点损失:0.158,总损失:18.183
------划分值:0.000,左节点损失:0.000,右节点损失:21.106,总损失:21.106
('----划分特征：', 436)
------划分值:1.000,左节点损失:18.043,右节点损失:0.630,总损失:18.672
------划分值:0.000,左节点损失:0.000,右节点损失:21.106,总损失:21.106
('----划分特征：', 437)
------划分值:1.000,左节点损失:16.909,右节点损失:2.930,总损失:19.839
------划分值:0.000,左节点损失:0.000,右节点损失:21.106,总损失:21.106
('----划分特征：', 438)
------划分值:1.000,左节点损失:14.858,右节点损失:6.087,总损失:20.945
------划分值:0.000,左节点损失:0.000,右节点损失:21.106,总损失:21.106
('----划分特征：', 439)
------划分值:0.000,左节点损失:0.000,右节点损失:21.106,总损失:21.106
------划分值:1.000,左节点损失:11.275,右节点损失:9.527,总损失:20.801
('----划分特征：', 440)
------划分值:0.000,左节点损失:0.000,右节点损失:21.106,总损失:21.106
------划分值:1.000,左节点损失:8.858,右节点损失:10.462,总损失:19.320
('----划分特征：', 441)
------划分值:0.000,左节点损失:0.000,右节点损失:21.106,总损失:21.106
------划分值:1.000,左节点损失:9.149,右节点损失:8.728,总损失:17.877
('----划分特征：', 442)
------划分值:0.000,左节点损失:0.000,右节点损失:21.106,总损失:21.106
------划分值:1.000,左节点损失:11.874,右节点损失:5.810,总损失:17.684
('----划分特征：', 443)
------划分值:0.000,左节点损失:0.000,右节点损失:21.106,总损失:21.106
------划分值:1.000,左节点损失:15.588,右节点损失:3.073,总损失:18.661
('----划分特征：', 444)
------划分值:0.000,左节点损失:0.000,右节点损失:21.106,总损失:21.106
------划分值:1.000,左节点损失:19.433,右节点损失:1.107,总损失:20.540
('----划分特征：', 445)
------划分值:0.000,左节点损失:0.000,右节点损失:21.106,总损失:21.106
------划分值:1.000,左节点损失:21.068,右节点损失:0.037,总损失:21.105
('----划分特征：', 446)
------划分值:0.000,左节点损失:0.000,右节点损失:21.106,总损失:21.106
------划分值:1.000,左节点损失:21.105,右节点损失:0.000,总损失:21.105
('----划分特征：', 447)
------划分值:0.000,左节点损失:0.000,右节点损失:21.106,总损失:21.106
('----划分特征：', 448)
------划分值:0.000,左节点损失:0.000,右节点损失:21.106,总损失:21.106
('----划分特征：', 449)
------划分值:0.000,左节点损失:0.000,右节点损失:21.106,总损失:21.106
('----划分特征：', 450)
------划分值:0.000,左节点损失:0.000,右节点损失:21.106,总损失:21.106
------划分值:1.000,左节点损失:21.105,右节点损失:0.000,总损失:21.105
('----划分特征：', 451)
------划分值:0.000,左节点损失:0.000,右节点损失:21.106,总损失:21.106
------划分值:1.000,左节点损失:21.101,右节点损失:0.000,总损失:21.101
('----划分特征：', 452)
------划分值:0.000,左节点损失:0.000,右节点损失:21.106,总损失:21.106
------划分值:1.000,左节点损失:19.983,右节点损失:0.897,总损失:20.880
('----划分特征：', 453)
------划分值:0.000,左节点损失:0.000,右节点损失:21.106,总损失:21.106
------划分值:1.000,左节点损失:14.859,右节点损失:4.015,总损失:18.874
('----划分特征：', 454)
------划分值:0.000,左节点损失:0.000,右节点损失:21.106,总损失:21.106
------划分值:1.000,左节点损失:9.839,右节点损失:7.794,总损失:17.633
('----划分特征：', 455)
------划分值:0.000,左节点损失:0.000,右节点损失:21.106,总损失:21.106
------划分值:1.000,左节点损失:6.484,右节点损失:11.066,总损失:17.549
('----划分特征：', 456)
------划分值:0.000,左节点损失:0.000,右节点损失:21.106,总损失:21.106
------划分值:1.000,左节点损失:7.188,右节点损失:12.015,总损失:19.203
('----划分特征：', 457)
------划分值:0.000,左节点损失:0.000,右节点损失:21.106,总损失:21.106
------划分值:1.000,左节点损失:11.435,右节点损失:9.416,总损失:20.851
('----划分特征：', 458)
------划分值:0.000,左节点损失:0.000,右节点损失:21.106,总损失:21.106
------划分值:1.000,左节点损失:16.322,右节点损失:4.633,总损失:20.955
('----划分特征：', 459)
------划分值:0.000,左节点损失:0.000,右节点损失:21.106,总损失:21.106
------划分值:1.000,左节点损失:18.544,右节点损失:1.780,总损失:20.324
('----划分特征：', 460)
------划分值:0.000,左节点损失:0.000,右节点损失:21.106,总损失:21.106
------划分值:1.000,左节点损失:18.992,右节点损失:0.785,总损失:19.777
('----划分特征：', 461)
------划分值:0.000,左节点损失:0.000,右节点损失:21.106,总损失:21.106
------划分值:1.000,左节点损失:19.008,右节点损失:0.197,总损失:19.206
('----划分特征：', 462)
------划分值:0.000,左节点损失:0.000,右节点损失:21.106,总损失:21.106
------划分值:1.000,左节点损失:18.591,右节点损失:0.158,总损失:18.749
('----划分特征：', 463)
------划分值:0.000,左节点损失:0.000,右节点损失:21.106,总损失:21.106
------划分值:1.000,左节点损失:18.347,右节点损失:0.434,总损失:18.780
('----划分特征：', 464)
------划分值:0.000,左节点损失:0.000,右节点损失:21.106,总损失:21.106
------划分值:1.000,左节点损失:17.793,右节点损失:1.638,总损失:19.431
('----划分特征：', 465)
------划分值:1.000,左节点损失:16.018,右节点损失:4.467,总损失:20.485
------划分值:0.000,左节点损失:0.000,右节点损失:21.106,总损失:21.106
('----划分特征：', 466)
------划分值:1.000,左节点损失:13.059,右节点损失:8.046,总损失:21.105
------划分值:0.000,左节点损失:0.000,右节点损失:21.106,总损失:21.106
('----划分特征：', 467)
------划分值:1.000,左节点损失:9.843,右节点损失:10.655,总损失:20.498
------划分值:0.000,左节点损失:0.000,右节点损失:21.106,总损失:21.106
('----划分特征：', 468)
------划分值:0.000,左节点损失:0.000,右节点损失:21.106,总损失:21.106
------划分值:1.000,左节点损失:8.498,右节点损失:10.740,总损失:19.239
('----划分特征：', 469)
------划分值:0.000,左节点损失:0.000,右节点损失:21.106,总损失:21.106
------划分值:1.000,左节点损失:10.039,右节点损失:8.389,总损失:18.428
('----划分特征：', 470)
------划分值:0.000,左节点损失:0.000,右节点损失:21.106,总损失:21.106
------划分值:1.000,左节点损失:12.880,右节点损失:5.660,总损失:18.540
('----划分特征：', 471)
------划分值:0.000,左节点损失:0.000,右节点损失:21.106,总损失:21.106
------划分值:1.000,左节点损失:16.494,右节点损失:2.968,总损失:19.461
('----划分特征：', 472)
------划分值:0.000,左节点损失:0.000,右节点损失:21.106,总损失:21.106
------划分值:1.000,左节点损失:19.915,右节点损失:0.970,总损失:20.886
('----划分特征：', 473)
------划分值:0.000,左节点损失:0.000,右节点损失:21.106,总损失:21.106
------划分值:1.000,左节点损失:21.099,右节点损失:0.000,总损失:21.099
('----划分特征：', 474)
------划分值:0.000,左节点损失:0.000,右节点损失:21.106,总损失:21.106
------划分值:1.000,左节点损失:21.105,右节点损失:0.000,总损失:21.105
('----划分特征：', 475)
------划分值:0.000,左节点损失:0.000,右节点损失:21.106,总损失:21.106
('----划分特征：', 476)
------划分值:0.000,左节点损失:0.000,右节点损失:21.106,总损失:21.106
('----划分特征：', 477)
------划分值:0.000,左节点损失:0.000,右节点损失:21.106,总损失:21.106
('----划分特征：', 478)
------划分值:0.000,左节点损失:0.000,右节点损失:21.106,总损失:21.106
------划分值:1.000,左节点损失:21.105,右节点损失:0.000,总损失:21.105
('----划分特征：', 479)
------划分值:0.000,左节点损失:0.000,右节点损失:21.106,总损失:21.106
------划分值:1.000,左节点损失:21.097,右节点损失:0.000,总损失:21.097
('----划分特征：', 480)
------划分值:0.000,左节点损失:0.000,右节点损失:21.106,总损失:21.106
------划分值:1.000,左节点损失:19.747,右节点损失:1.129,总损失:20.876
('----划分特征：', 481)
------划分值:0.000,左节点损失:0.000,右节点损失:21.106,总损失:21.106
------划分值:1.000,左节点损失:13.996,右节点损失:4.690,总损失:18.686
('----划分特征：', 482)
------划分值:0.000,左节点损失:0.000,右节点损失:21.106,总损失:21.106
------划分值:1.000,左节点损失:8.980,右节点损失:8.059,总损失:17.039
('----划分特征：', 483)
------划分值:0.000,左节点损失:0.000,右节点损失:21.106,总损失:21.106
------划分值:1.000,左节点损失:6.337,右节点损失:11.033,总损失:17.371
('----划分特征：', 484)
------划分值:0.000,左节点损失:0.000,右节点损失:21.106,总损失:21.106
------划分值:1.000,左节点损失:7.667,右节点损失:11.402,总损失:19.069
('----划分特征：', 485)
------划分值:0.000,左节点损失:0.000,右节点损失:21.106,总损失:21.106
------划分值:1.000,左节点损失:12.089,右节点损失:8.722,总损失:20.811
('----划分特征：', 486)
------划分值:0.000,左节点损失:0.000,右节点损失:21.106,总损失:21.106
------划分值:1.000,左节点损失:17.066,右节点损失:3.901,总损失:20.967
('----划分特征：', 487)
------划分值:0.000,左节点损失:0.000,右节点损失:21.106,总损失:21.106
------划分值:1.000,左节点损失:18.680,右节点损失:1.814,总损失:20.493
('----划分特征：', 488)
------划分值:0.000,左节点损失:0.000,右节点损失:21.106,总损失:21.106
------划分值:1.000,左节点损失:19.214,右节点损失:0.900,总损失:20.114
('----划分特征：', 489)
------划分值:0.000,左节点损失:0.000,右节点损失:21.106,总损失:21.106
------划分值:1.000,左节点损失:19.193,右节点损失:0.511,总损失:19.705
('----划分特征：', 490)
------划分值:0.000,左节点损失:0.000,右节点损失:21.106,总损失:21.106
------划分值:1.000,左节点损失:18.636,右节点损失:0.785,总损失:19.421
('----划分特征：', 491)
------划分值:0.000,左节点损失:0.000,右节点损失:21.106,总损失:21.106
------划分值:1.000,左节点损失:17.904,右节点损失:1.790,总损失:19.694
('----划分特征：', 492)
------划分值:0.000,左节点损失:0.000,右节点损失:21.106,总损失:21.106
------划分值:1.000,左节点损失:16.755,右节点损失:3.552,总损失:20.307
('----划分特征：', 493)
------划分值:1.000,左节点损失:14.080,右节点损失:6.921,总损失:21.001
------划分值:0.000,左节点损失:0.000,右节点损失:21.106,总损失:21.106
('----划分特征：', 494)
------划分值:1.000,左节点损失:10.556,右节点损失:10.354,总损失:20.910
------划分值:0.000,左节点损失:0.000,右节点损失:21.106,总损失:21.106
('----划分特征：', 495)
------划分值:1.000,左节点损失:8.703,右节点损失:11.393,总损失:20.096
------划分值:0.000,左节点损失:0.000,右节点损失:21.106,总损失:21.106
('----划分特征：', 496)
------划分值:0.000,左节点损失:0.000,右节点损失:21.106,总损失:21.106
------划分值:1.000,左节点损失:8.749,右节点损失:10.569,总损失:19.318
('----划分特征：', 497)
------划分值:0.000,左节点损失:0.000,右节点损失:21.106,总损失:21.106
------划分值:1.000,左节点损失:11.375,右节点损失:7.784,总损失:19.160
('----划分特征：', 498)
------划分值:0.000,左节点损失:0.000,右节点损失:21.106,总损失:21.106
------划分值:1.000,左节点损失:14.389,右节点损失:5.065,总损失:19.454
('----划分特征：', 499)
------划分值:0.000,左节点损失:0.000,右节点损失:21.106,总损失:21.106
------划分值:1.000,左节点损失:18.021,右节点损失:2.388,总损失:20.408
('----划分特征：', 500)
------划分值:0.000,左节点损失:0.000,右节点损失:21.106,总损失:21.106
------划分值:1.000,左节点损失:20.103,右节点损失:0.904,总损失:21.007
('----划分特征：', 501)
------划分值:0.000,左节点损失:0.000,右节点损失:21.106,总损失:21.106
------划分值:1.000,左节点损失:21.094,右节点损失:0.000,总损失:21.094
('----划分特征：', 502)
------划分值:0.000,左节点损失:0.000,右节点损失:21.106,总损失:21.106
------划分值:1.000,左节点损失:21.103,右节点损失:0.000,总损失:21.103
('----划分特征：', 503)
------划分值:0.000,左节点损失:0.000,右节点损失:21.106,总损失:21.106
('----划分特征：', 504)
------划分值:0.000,左节点损失:0.000,右节点损失:21.106,总损失:21.106
('----划分特征：', 505)
------划分值:0.000,左节点损失:0.000,右节点损失:21.106,总损失:21.106
('----划分特征：', 506)
------划分值:0.000,左节点损失:0.000,右节点损失:21.106,总损失:21.106
------划分值:1.000,左节点损失:21.105,右节点损失:0.000,总损失:21.105
('----划分特征：', 507)
------划分值:0.000,左节点损失:0.000,右节点损失:21.106,总损失:21.106
------划分值:1.000,左节点损失:21.089,右节点损失:0.000,总损失:21.089
('----划分特征：', 508)
------划分值:0.000,左节点损失:0.000,右节点损失:21.106,总损失:21.106
------划分值:1.000,左节点损失:19.401,右节点损失:1.518,总损失:20.919
('----划分特征：', 509)
------划分值:0.000,左节点损失:0.000,右节点损失:21.106,总损失:21.106
------划分值:1.000,左节点损失:14.600,右节点损失:4.800,总损失:19.400
('----划分特征：', 510)
------划分值:0.000,左节点损失:0.000,右节点损失:21.106,总损失:21.106
------划分值:1.000,左节点损失:8.976,右节点损失:8.439,总损失:17.415
('----划分特征：', 511)
------划分值:0.000,左节点损失:0.000,右节点损失:21.106,总损失:21.106
------划分值:1.000,左节点损失:5.895,右节点损失:11.141,总损失:17.035
('----划分特征：', 512)
------划分值:0.000,左节点损失:0.000,右节点损失:21.106,总损失:21.106
------划分值:1.000,左节点损失:7.496,右节点损失:11.158,总损失:18.653
('----划分特征：', 513)
------划分值:0.000,左节点损失:0.000,右节点损失:21.106,总损失:21.106
------划分值:1.000,左节点损失:11.954,右节点损失:8.696,总损失:20.650
('----划分特征：', 514)
------划分值:0.000,左节点损失:0.000,右节点损失:21.106,总损失:21.106
------划分值:1.000,左节点损失:16.224,右节点损失:4.846,总损失:21.070
('----划分特征：', 515)
------划分值:0.000,左节点损失:0.000,右节点损失:21.106,总损失:21.106
------划分值:1.000,左节点损失:18.397,右节点损失:2.293,总损失:20.689
('----划分特征：', 516)
------划分值:0.000,左节点损失:0.000,右节点损失:21.106,总损失:21.106
------划分值:1.000,左节点损失:18.881,右节点损失:1.549,总损失:20.430
('----划分特征：', 517)
------划分值:0.000,左节点损失:0.000,右节点损失:21.106,总损失:21.106
------划分值:1.000,左节点损失:18.703,右节点损失:1.402,总损失:20.104
('----划分特征：', 518)
------划分值:0.000,左节点损失:0.000,右节点损失:21.106,总损失:21.106
------划分值:1.000,左节点损失:17.902,右节点损失:2.129,总损失:20.031
('----划分特征：', 519)
------划分值:1.000,左节点损失:16.097,右节点损失:4.393,总损失:20.490
------划分值:0.000,左节点损失:0.000,右节点损失:21.106,总损失:21.106
('----划分特征：', 520)
------划分值:1.000,左节点损失:14.116,右节点损失:6.840,总损失:20.956
------划分值:0.000,左节点损失:0.000,右节点损失:21.106,总损失:21.106
('----划分特征：', 521)
------划分值:1.000,左节点损失:10.521,右节点损失:10.501,总损失:21.022
------划分值:0.000,左节点损失:0.000,右节点损失:21.106,总损失:21.106
('----划分特征：', 522)
------划分值:1.000,左节点损失:8.367,右节点损失:12.139,总损失:20.506
------划分值:0.000,左节点损失:0.000,右节点损失:21.106,总损失:21.106
('----划分特征：', 523)
------划分值:1.000,左节点损失:8.000,右节点损失:11.803,总损失:19.803
------划分值:0.000,左节点损失:0.000,右节点损失:21.106,总损失:21.106
('----划分特征：', 524)
------划分值:0.000,左节点损失:0.000,右节点损失:21.106,总损失:21.106
------划分值:1.000,左节点损失:10.593,右节点损失:9.217,总损失:19.810
('----划分特征：', 525)
------划分值:0.000,左节点损失:0.000,右节点损失:21.106,总损失:21.106
------划分值:1.000,左节点损失:13.381,右节点损失:6.585,总损失:19.966
('----划分特征：', 526)
------划分值:0.000,左节点损失:0.000,右节点损失:21.106,总损失:21.106
------划分值:1.000,左节点损失:16.679,右节点损失:3.788,总损失:20.467
('----划分特征：', 527)
------划分值:0.000,左节点损失:0.000,右节点损失:21.106,总损失:21.106
------划分值:1.000,左节点损失:19.330,右节点损失:1.607,总损失:20.936
('----划分特征：', 528)
------划分值:0.000,左节点损失:0.000,右节点损失:21.106,总损失:21.106
------划分值:1.000,左节点损失:20.725,右节点损失:0.377,总损失:21.102
('----划分特征：', 529)
------划分值:0.000,左节点损失:0.000,右节点损失:21.106,总损失:21.106
------划分值:1.000,左节点损失:21.096,右节点损失:0.000,总损失:21.096
('----划分特征：', 530)
------划分值:0.000,左节点损失:0.000,右节点损失:21.106,总损失:21.106
------划分值:1.000,左节点损失:21.106,右节点损失:0.000,总损失:21.106
('----划分特征：', 531)
------划分值:0.000,左节点损失:0.000,右节点损失:21.106,总损失:21.106
------划分值:1.000,左节点损失:21.106,右节点损失:0.000,总损失:21.106
('----划分特征：', 532)
------划分值:0.000,左节点损失:0.000,右节点损失:21.106,总损失:21.106
('----划分特征：', 533)
------划分值:0.000,左节点损失:0.000,右节点损失:21.106,总损失:21.106
('----划分特征：', 534)
------划分值:0.000,左节点损失:0.000,右节点损失:21.106,总损失:21.106
------划分值:1.000,左节点损失:21.104,右节点损失:0.000,总损失:21.104
('----划分特征：', 535)
------划分值:0.000,左节点损失:0.000,右节点损失:21.106,总损失:21.106
------划分值:1.000,左节点损失:21.015,右节点损失:0.077,总损失:21.092
('----划分特征：', 536)
------划分值:0.000,左节点损失:0.000,右节点损失:21.106,总损失:21.106
------划分值:1.000,左节点损失:19.517,右节点损失:1.497,总损失:21.014
('----划分特征：', 537)
------划分值:0.000,左节点损失:0.000,右节点损失:21.106,总损失:21.106
------划分值:1.000,左节点损失:14.753,右节点损失:5.085,总损失:19.838
('----划分特征：', 538)
------划分值:0.000,左节点损失:0.000,右节点损失:21.106,总损失:21.106
------划分值:1.000,左节点损失:9.646,右节点损失:8.698,总损失:18.344
('----划分特征：', 539)
------划分值:0.000,左节点损失:0.000,右节点损失:21.106,总损失:21.106
------划分值:1.000,左节点损失:5.966,右节点损失:11.475,总损失:17.441
('----划分特征：', 540)
------划分值:0.000,左节点损失:0.000,右节点损失:21.106,总损失:21.106
------划分值:1.000,左节点损失:6.726,右节点损失:11.868,总损失:18.594
('----划分特征：', 541)
------划分值:0.000,左节点损失:0.000,右节点损失:21.106,总损失:21.106
------划分值:1.000,左节点损失:10.117,右节点损失:10.215,总损失:20.332
('----划分特征：', 542)
------划分值:0.000,左节点损失:0.000,右节点损失:21.106,总损失:21.106
------划分值:1.000,左节点损失:13.859,右节点损失:7.225,总损失:21.084
('----划分特征：', 543)
------划分值:0.000,左节点损失:0.000,右节点损失:21.106,总损失:21.106
------划分值:1.000,左节点损失:16.012,右节点损失:5.002,总损失:21.014
('----划分特征：', 544)
------划分值:0.000,左节点损失:0.000,右节点损失:21.106,总损失:21.106
------划分值:1.000,左节点损失:16.582,右节点损失:4.236,总损失:20.818
('----划分特征：', 545)
------划分值:1.000,左节点损失:16.077,右节点损失:4.656,总损失:20.733
------划分值:0.000,左节点损失:0.000,右节点损失:21.106,总损失:21.106
('----划分特征：', 546)
------划分值:1.000,左节点损失:14.672,右节点损失:6.135,总损失:20.807
------划分值:0.000,左节点损失:0.000,右节点损失:21.106,总损失:21.106
('----划分特征：', 547)
------划分值:1.000,左节点损失:12.550,右节点损失:8.513,总损失:21.063
------划分值:0.000,左节点损失:0.000,右节点损失:21.106,总损失:21.106
('----划分特征：', 548)
------划分值:1.000,左节点损失:9.604,右节点损失:11.405,总损失:21.009
------划分值:0.000,左节点损失:0.000,右节点损失:21.106,总损失:21.106
('----划分特征：', 549)
------划分值:1.000,左节点损失:7.876,右节点损失:12.758,总损失:20.634
------划分值:0.000,左节点损失:0.000,右节点损失:21.106,总损失:21.106
('----划分特征：', 550)
------划分值:1.000,左节点损失:7.571,右节点损失:12.626,总损失:20.197
------划分值:0.000,左节点损失:0.000,右节点损失:21.106,总损失:21.106
('----划分特征：', 551)
------划分值:1.000,左节点损失:9.531,右节点损失:10.571,总损失:20.102
------划分值:0.000,左节点损失:0.000,右节点损失:21.106,总损失:21.106
('----划分特征：', 552)
------划分值:0.000,左节点损失:0.000,右节点损失:21.106,总损失:21.106
------划分值:1.000,左节点损失:12.816,右节点损失:7.538,总损失:20.354
('----划分特征：', 553)
------划分值:0.000,左节点损失:0.000,右节点损失:21.106,总损失:21.106
------划分值:1.000,左节点损失:15.493,右节点损失:5.035,总损失:20.528
('----划分特征：', 554)
------划分值:0.000,左节点损失:0.000,右节点损失:21.106,总损失:21.106
------划分值:1.000,左节点损失:18.603,右节点损失:2.348,总损失:20.951
('----划分特征：', 555)
------划分值:0.000,左节点损失:0.000,右节点损失:21.106,总损失:21.106
------划分值:1.000,左节点损失:20.050,右节点损失:1.021,总损失:21.070
('----划分特征：', 556)
------划分值:0.000,左节点损失:0.000,右节点损失:21.106,总损失:21.106
------划分值:1.000,左节点损失:20.955,右节点损失:0.148,总损失:21.103
('----划分特征：', 557)
------划分值:0.000,左节点损失:0.000,右节点损失:21.106,总损失:21.106
------划分值:1.000,左节点损失:21.101,右节点损失:0.000,总损失:21.101
('----划分特征：', 558)
------划分值:0.000,左节点损失:0.000,右节点损失:21.106,总损失:21.106
('----划分特征：', 559)
------划分值:0.000,左节点损失:0.000,右节点损失:21.106,总损失:21.106
('----划分特征：', 560)
------划分值:0.000,左节点损失:0.000,右节点损失:21.106,总损失:21.106
('----划分特征：', 561)
------划分值:0.000,左节点损失:0.000,右节点损失:21.106,总损失:21.106
('----划分特征：', 562)
------划分值:0.000,左节点损失:0.000,右节点损失:21.106,总损失:21.106
------划分值:1.000,左节点损失:21.101,右节点损失:0.000,总损失:21.101
('----划分特征：', 563)
------划分值:0.000,左节点损失:0.000,右节点损失:21.106,总损失:21.106
------划分值:1.000,左节点损失:21.047,右节点损失:0.039,总损失:21.086
('----划分特征：', 564)
------划分值:0.000,左节点损失:0.000,右节点损失:21.106,总损失:21.106
------划分值:1.000,左节点损失:19.803,右节点损失:1.273,总损失:21.076
('----划分特征：', 565)
------划分值:0.000,左节点损失:0.000,右节点损失:21.106,总损失:21.106
------划分值:1.000,左节点损失:16.724,右节点损失:3.933,总损失:20.658
('----划分特征：', 566)
------划分值:0.000,左节点损失:0.000,右节点损失:21.106,总损失:21.106
------划分值:1.000,左节点损失:11.469,右节点损失:7.991,总损失:19.460
('----划分特征：', 567)
------划分值:0.000,左节点损失:0.000,右节点损失:21.106,总损失:21.106
------划分值:1.000,左节点损失:7.096,右节点损失:11.376,总损失:18.472
('----划分特征：', 568)
------划分值:0.000,左节点损失:0.000,右节点损失:21.106,总损失:21.106
------划分值:1.000,左节点损失:5.985,右节点损失:12.706,总损失:18.691
('----划分特征：', 569)
------划分值:0.000,左节点损失:0.000,右节点损失:21.106,总损失:21.106
------划分值:1.000,左节点损失:6.660,右节点损失:12.930,总损失:19.590
('----划分特征：', 570)
------划分值:0.000,左节点损失:0.000,右节点损失:21.106,总损失:21.106
------划分值:1.000,左节点损失:9.249,右节点损失:11.364,总损失:20.612
('----划分特征：', 571)
------划分值:0.000,左节点损失:0.000,右节点损失:21.106,总损失:21.106
------划分值:1.000,左节点损失:11.762,右节点损失:9.299,总损失:21.061
('----划分特征：', 572)
------划分值:1.000,左节点损失:11.998,右节点损失:9.107,总损失:21.105
------划分值:0.000,左节点损失:0.000,右节点损失:21.106,总损失:21.106
('----划分特征：', 573)
------划分值:1.000,左节点损失:11.083,右节点损失:10.023,总损失:21.106
------划分值:0.000,左节点损失:0.000,右节点损失:21.106,总损失:21.106
('----划分特征：', 574)
------划分值:1.000,左节点损失:9.617,右节点损失:11.469,总损失:21.086
------划分值:0.000,左节点损失:0.000,右节点损失:21.106,总损失:21.106
('----划分特征：', 575)
------划分值:1.000,左节点损失:7.797,右节点损失:13.114,总损失:20.911
------划分值:0.000,左节点损失:0.000,右节点损失:21.106,总损失:21.106
('----划分特征：', 576)
------划分值:1.000,左节点损失:6.479,右节点损失:14.049,总损失:20.528
------划分值:0.000,左节点损失:0.000,右节点损失:21.106,总损失:21.106
('----划分特征：', 577)
------划分值:1.000,左节点损失:6.732,右节点损失:13.480,总损失:20.212
------划分值:0.000,左节点损失:0.000,右节点损失:21.106,总损失:21.106
('----划分特征：', 578)
------划分值:0.000,左节点损失:0.000,右节点损失:21.106,总损失:21.106
------划分值:1.000,左节点损失:9.324,右节点损失:11.038,总损失:20.362
('----划分特征：', 579)
------划分值:0.000,左节点损失:0.000,右节点损失:21.106,总损失:21.106
------划分值:1.000,左节点损失:12.731,右节点损失:7.932,总损失:20.663
('----划分特征：', 580)
------划分值:0.000,左节点损失:0.000,右节点损失:21.106,总损失:21.106
------划分值:1.000,左节点损失:15.414,右节点损失:5.362,总损失:20.775
('----划分特征：', 581)
------划分值:0.000,左节点损失:0.000,右节点损失:21.106,总损失:21.106
------划分值:1.000,左节点损失:18.037,右节点损失:2.945,总损失:20.982
('----划分特征：', 582)
------划分值:0.000,左节点损失:0.000,右节点损失:21.106,总损失:21.106
------划分值:1.000,左节点损失:19.761,右节点损失:1.324,总损失:21.085
('----划分特征：', 583)
------划分值:0.000,左节点损失:0.000,右节点损失:21.106,总损失:21.106
------划分值:1.000,左节点损失:20.677,右节点损失:0.429,总损失:21.106
('----划分特征：', 584)
------划分值:0.000,左节点损失:0.000,右节点损失:21.106,总损失:21.106
------划分值:1.000,左节点损失:21.022,右节点损失:0.076,总损失:21.098
('----划分特征：', 585)
------划分值:0.000,左节点损失:0.000,右节点损失:21.106,总损失:21.106
------划分值:1.000,左节点损失:21.103,右节点损失:0.000,总损失:21.103
('----划分特征：', 586)
------划分值:0.000,左节点损失:0.000,右节点损失:21.106,总损失:21.106
------划分值:1.000,左节点损失:21.073,右节点损失:0.026,总损失:21.100
('----划分特征：', 587)
------划分值:0.000,左节点损失:0.000,右节点损失:21.106,总损失:21.106
('----划分特征：', 588)
------划分值:0.000,左节点损失:0.000,右节点损失:21.106,总损失:21.106
('----划分特征：', 589)
------划分值:0.000,左节点损失:0.000,右节点损失:21.106,总损失:21.106
('----划分特征：', 590)
------划分值:0.000,左节点损失:0.000,右节点损失:21.106,总损失:21.106
------划分值:1.000,左节点损失:21.103,右节点损失:0.000,总损失:21.103
('----划分特征：', 591)
------划分值:0.000,左节点损失:0.000,右节点损失:21.106,总损失:21.106
------划分值:1.000,左节点损失:21.052,右节点损失:0.039,总损失:21.091
('----划分特征：', 592)
------划分值:0.000,左节点损失:0.000,右节点损失:21.106,总损失:21.106
------划分值:1.000,左节点损失:20.305,右节点损失:0.795,总损失:21.101
('----划分特征：', 593)
------划分值:0.000,左节点损失:0.000,右节点损失:21.106,总损失:21.106
------划分值:1.000,左节点损失:17.992,右节点损失:2.916,总损失:20.907
('----划分特征：', 594)
------划分值:0.000,左节点损失:0.000,右节点损失:21.106,总损失:21.106
------划分值:1.000,左节点损失:14.252,右节点损失:6.152,总损失:20.404
('----划分特征：', 595)
------划分值:0.000,左节点损失:0.000,右节点损失:21.106,总损失:21.106
------划分值:1.000,左节点损失:9.424,右节点损失:10.133,总损失:19.557
('----划分特征：', 596)
------划分值:0.000,左节点损失:0.000,右节点损失:21.106,总损失:21.106
------划分值:1.000,左节点损失:6.235,右节点损失:12.840,总损失:19.076
('----划分特征：', 597)
------划分值:0.000,左节点损失:0.000,右节点损失:21.106,总损失:21.106
------划分值:1.000,左节点损失:4.337,右节点损失:14.799,总损失:19.136
('----划分特征：', 598)
------划分值:1.000,左节点损失:4.363,右节点损失:15.276,总损失:19.639
------划分值:0.000,左节点损失:0.000,右节点损失:21.106,总损失:21.106
('----划分特征：', 599)
------划分值:1.000,左节点损失:5.368,右节点损失:14.930,总损失:20.298
------划分值:0.000,左节点损失:0.000,右节点损失:21.106,总损失:21.106
('----划分特征：', 600)
------划分值:1.000,左节点损失:6.131,右节点损失:14.524,总损失:20.655
------划分值:0.000,左节点损失:0.000,右节点损失:21.106,总损失:21.106
('----划分特征：', 601)
------划分值:1.000,左节点损失:5.937,右节点损失:14.781,总损失:20.718
------划分值:0.000,左节点损失:0.000,右节点损失:21.106,总损失:21.106
('----划分特征：', 602)
------划分值:1.000,左节点损失:5.587,右节点损失:15.045,总损失:20.633
------划分值:0.000,左节点损失:0.000,右节点损失:21.106,总损失:21.106
('----划分特征：', 603)
------划分值:1.000,左节点损失:5.252,右节点损失:15.118,总损失:20.370
------划分值:0.000,左节点损失:0.000,右节点损失:21.106,总损失:21.106
('----划分特征：', 604)
------划分值:0.000,左节点损失:0.000,右节点损失:21.106,总损失:21.106
------划分值:1.000,左节点损失:6.150,右节点损失:14.015,总损失:20.165
('----划分特征：', 605)
------划分值:0.000,左节点损失:0.000,右节点损失:21.106,总损失:21.106
------划分值:1.000,左节点损失:9.314,右节点损失:11.120,总损失:20.434
('----划分特征：', 606)
------划分值:0.000,左节点损失:0.000,右节点损失:21.106,总损失:21.106
------划分值:1.000,左节点损失:12.645,右节点损失:8.082,总损失:20.727
('----划分特征：', 607)
------划分值:0.000,左节点损失:0.000,右节点损失:21.106,总损失:21.106
------划分值:1.000,左节点损失:15.548,右节点损失:5.364,总损失:20.911
('----划分特征：', 608)
------划分值:0.000,左节点损失:0.000,右节点损失:21.106,总损失:21.106
------划分值:1.000,左节点损失:17.844,右节点损失:3.177,总损失:21.022
('----划分特征：', 609)
------划分值:0.000,左节点损失:0.000,右节点损失:21.106,总损失:21.106
------划分值:1.000,左节点损失:19.511,右节点损失:1.578,总损失:21.089
('----划分特征：', 610)
------划分值:0.000,左节点损失:0.000,右节点损失:21.106,总损失:21.106
------划分值:1.000,左节点损失:20.626,右节点损失:0.476,总损失:21.102
('----划分特征：', 611)
------划分值:0.000,左节点损失:0.000,右节点损失:21.106,总损失:21.106
------划分值:1.000,左节点损失:20.982,右节点损失:0.114,总损失:21.096
('----划分特征：', 612)
------划分值:0.000,左节点损失:0.000,右节点损失:21.106,总损失:21.106
------划分值:1.000,左节点损失:21.061,右节点损失:0.038,总损失:21.099
('----划分特征：', 613)
------划分值:0.000,左节点损失:0.000,右节点损失:21.106,总损失:21.106
------划分值:1.000,左节点损失:21.103,右节点损失:0.000,总损失:21.103
('----划分特征：', 614)
------划分值:0.000,左节点损失:0.000,右节点损失:21.106,总损失:21.106
------划分值:1.000,左节点损失:21.074,右节点损失:0.020,总损失:21.093
('----划分特征：', 615)
------划分值:0.000,左节点损失:0.000,右节点损失:21.106,总损失:21.106
('----划分特征：', 616)
------划分值:0.000,左节点损失:0.000,右节点损失:21.106,总损失:21.106
('----划分特征：', 617)
------划分值:0.000,左节点损失:0.000,右节点损失:21.106,总损失:21.106
('----划分特征：', 618)
------划分值:0.000,左节点损失:0.000,右节点损失:21.106,总损失:21.106
------划分值:1.000,左节点损失:21.105,右节点损失:0.000,总损失:21.105
('----划分特征：', 619)
------划分值:0.000,左节点损失:0.000,右节点损失:21.106,总损失:21.106
------划分值:1.000,左节点损失:21.064,右节点损失:0.038,总损失:21.102
('----划分特征：', 620)
------划分值:0.000,左节点损失:0.000,右节点损失:21.106,总损失:21.106
------划分值:1.000,左节点损失:20.881,右节点损失:0.222,总损失:21.102
('----划分特征：', 621)
------划分值:0.000,左节点损失:0.000,右节点损失:21.106,总损失:21.106
------划分值:1.000,左节点损失:19.377,右节点损失:1.645,总损失:21.021
('----划分特征：', 622)
------划分值:0.000,左节点损失:0.000,右节点损失:21.106,总损失:21.106
------划分值:1.000,左节点损失:16.943,右节点损失:3.849,总损失:20.793
('----划分特征：', 623)
------划分值:1.000,左节点损失:13.272,右节点损失:7.099,总损失:20.371
------划分值:0.000,左节点损失:0.000,右节点损失:21.106,总损失:21.106
('----划分特征：', 624)
------划分值:1.000,左节点损失:9.719,右节点损失:10.291,总损失:20.010
------划分值:0.000,左节点损失:0.000,右节点损失:21.106,总损失:21.106
('----划分特征：', 625)
------划分值:1.000,左节点损失:6.183,右节点损失:13.381,总损失:19.564
------划分值:0.000,左节点损失:0.000,右节点损失:21.106,总损失:21.106
('----划分特征：', 626)
------划分值:1.000,左节点损失:3.842,右节点损失:15.636,总损失:19.478
------划分值:0.000,左节点损失:0.000,右节点损失:21.106,总损失:21.106
('----划分特征：', 627)
------划分值:1.000,左节点损失:3.384,右节点损失:16.376,总损失:19.761
------划分值:0.000,左节点损失:0.000,右节点损失:21.106,总损失:21.106
('----划分特征：', 628)
------划分值:1.000,左节点损失:3.417,右节点损失:16.540,总损失:19.957
------划分值:0.000,左节点损失:0.000,右节点损失:21.106,总损失:21.106
('----划分特征：', 629)
------划分值:1.000,左节点损失:4.157,右节点损失:15.983,总损失:20.140
------划分值:0.000,左节点损失:0.000,右节点损失:21.106,总损失:21.106
('----划分特征：', 630)
------划分值:0.000,左节点损失:0.000,右节点损失:21.106,总损失:21.106
------划分值:1.000,左节点损失:5.008,右节点损失:15.178,总损失:20.186
('----划分特征：', 631)
------划分值:0.000,左节点损失:0.000,右节点损失:21.106,总损失:21.106
------划分值:1.000,左节点损失:7.509,右节点损失:12.927,总损失:20.436
('----划分特征：', 632)
------划分值:0.000,左节点损失:0.000,右节点损失:21.106,总损失:21.106
------划分值:1.000,左节点损失:10.663,右节点损失:10.032,总损失:20.694
('----划分特征：', 633)
------划分值:0.000,左节点损失:0.000,右节点损失:21.106,总损失:21.106
------划分值:1.000,左节点损失:14.129,右节点损失:6.805,总损失:20.934
('----划分特征：', 634)
------划分值:0.000,左节点损失:0.000,右节点损失:21.106,总损失:21.106
------划分值:1.000,左节点损失:16.466,右节点损失:4.569,总损失:21.035
('----划分特征：', 635)
------划分值:0.000,左节点损失:0.000,右节点损失:21.106,总损失:21.106
------划分值:1.000,左节点损失:18.419,右节点损失:2.670,总损失:21.089
('----划分特征：', 636)
------划分值:0.000,左节点损失:0.000,右节点损失:21.106,总损失:21.106
------划分值:1.000,左节点损失:19.724,右节点损失:1.381,总损失:21.106
('----划分特征：', 637)
------划分值:0.000,左节点损失:0.000,右节点损失:21.106,总损失:21.106
------划分值:1.000,左节点损失:20.614,右节点损失:0.482,总损失:21.095
('----划分特征：', 638)
------划分值:0.000,左节点损失:0.000,右节点损失:21.106,总损失:21.106
------划分值:1.000,左节点损失:20.907,右节点损失:0.188,总损失:21.096
('----划分特征：', 639)
------划分值:0.000,左节点损失:0.000,右节点损失:21.106,总损失:21.106
------划分值:1.000,左节点损失:21.059,右节点损失:0.039,总损失:21.098
('----划分特征：', 640)
------划分值:0.000,左节点损失:0.000,右节点损失:21.106,总损失:21.106
------划分值:1.000,左节点损失:21.100,右节点损失:0.000,总损失:21.100
('----划分特征：', 641)
------划分值:0.000,左节点损失:0.000,右节点损失:21.106,总损失:21.106
------划分值:1.000,左节点损失:21.103,右节点损失:0.000,总损失:21.103
('----划分特征：', 642)
------划分值:0.000,左节点损失:0.000,右节点损失:21.106,总损失:21.106
------划分值:1.000,左节点损失:21.074,右节点损失:0.000,总损失:21.074
('----划分特征：', 643)
------划分值:0.000,左节点损失:0.000,右节点损失:21.106,总损失:21.106
('----划分特征：', 644)
------划分值:0.000,左节点损失:0.000,右节点损失:21.106,总损失:21.106
('----划分特征：', 645)
------划分值:0.000,左节点损失:0.000,右节点损失:21.106,总损失:21.106
('----划分特征：', 646)
------划分值:0.000,左节点损失:0.000,右节点损失:21.106,总损失:21.106
------划分值:1.000,左节点损失:21.106,右节点损失:0.000,总损失:21.106
('----划分特征：', 647)
------划分值:0.000,左节点损失:0.000,右节点损失:21.106,总损失:21.106
------划分值:1.000,左节点损失:21.104,右节点损失:0.000,总损失:21.104
('----划分特征：', 648)
------划分值:0.000,左节点损失:0.000,右节点损失:21.106,总损失:21.106
------划分值:1.000,左节点损失:21.030,右节点损失:0.074,总损失:21.104
('----划分特征：', 649)
------划分值:1.000,左节点损失:20.617,右节点损失:0.488,总损失:21.104
------划分值:0.000,左节点损失:0.000,右节点损失:21.106,总损失:21.106
('----划分特征：', 650)
------划分值:1.000,左节点损失:19.823,右节点损失:1.269,总损失:21.093
------划分值:0.000,左节点损失:0.000,右节点损失:21.106,总损失:21.106
('----划分特征：', 651)
------划分值:1.000,左节点损失:18.315,右节点损失:2.738,总损失:21.053
------划分值:0.000,左节点损失:0.000,右节点损失:21.106,总损失:21.106
('----划分特征：', 652)
------划分值:1.000,左节点损失:15.711,右节点损失:5.230,总损失:20.941
------划分值:0.000,左节点损失:0.000,右节点损失:21.106,总损失:21.106
('----划分特征：', 653)
------划分值:1.000,左节点损失:12.601,右节点损失:8.157,总损失:20.758
------划分值:0.000,左节点损失:0.000,右节点损失:21.106,总损失:21.106
('----划分特征：', 654)
------划分值:1.000,左节点损失:10.480,右节点损失:10.231,总损失:20.711
------划分值:0.000,左节点损失:0.000,右节点损失:21.106,总损失:21.106
('----划分特征：', 655)
------划分值:1.000,左节点损失:8.397,右节点损失:12.149,总损失:20.546
------划分值:0.000,左节点损失:0.000,右节点损失:21.106,总损失:21.106
('----划分特征：', 656)
------划分值:1.000,左节点损失:8.212,右节点损失:12.358,总损失:20.570
------划分值:0.000,左节点损失:0.000,右节点损失:21.106,总损失:21.106
('----划分特征：', 657)
------划分值:0.000,左节点损失:0.000,右节点损失:21.106,总损失:21.106
------划分值:1.000,左节点损失:9.539,右节点损失:11.215,总损失:20.753
('----划分特征：', 658)
------划分值:0.000,左节点损失:0.000,右节点损失:21.106,总损失:21.106
------划分值:1.000,左节点损失:11.914,右节点损失:9.054,总损失:20.968
('----划分特征：', 659)
------划分值:0.000,左节点损失:0.000,右节点损失:21.106,总损失:21.106
------划分值:1.000,左节点损失:14.425,右节点损失:6.636,总损失:21.062
('----划分特征：', 660)
------划分值:0.000,左节点损失:0.000,右节点损失:21.106,总损失:21.106
------划分值:1.000,左节点损失:17.168,右节点损失:3.937,总损失:21.105
('----划分特征：', 661)
------划分值:0.000,左节点损失:0.000,右节点损失:21.106,总损失:21.106
------划分值:1.000,左节点损失:18.444,右节点损失:2.660,总损失:21.104
('----划分特征：', 662)
------划分值:0.000,左节点损失:0.000,右节点损失:21.106,总损失:21.106
------划分值:1.000,左节点损失:19.507,右节点损失:1.594,总损失:21.101
('----划分特征：', 663)
------划分值:0.000,左节点损失:0.000,右节点损失:21.106,总损失:21.106
------划分值:1.000,左节点损失:20.534,右节点损失:0.530,总损失:21.064
('----划分特征：', 664)
------划分值:0.000,左节点损失:0.000,右节点损失:21.106,总损失:21.106
------划分值:1.000,左节点损失:20.811,右节点损失:0.267,总损失:21.077
('----划分特征：', 665)
------划分值:0.000,左节点损失:0.000,右节点损失:21.106,总损失:21.106
------划分值:1.000,左节点损失:21.000,右节点损失:0.078,总损失:21.078
('----划分特征：', 666)
------划分值:0.000,左节点损失:0.000,右节点损失:21.106,总损失:21.106
------划分值:1.000,左节点损失:21.054,右节点损失:0.039,总损失:21.093
('----划分特征：', 667)
------划分值:0.000,左节点损失:0.000,右节点损失:21.106,总损失:21.106
------划分值:1.000,左节点损失:21.098,右节点损失:0.000,总损失:21.098
('----划分特征：', 668)
------划分值:0.000,左节点损失:0.000,右节点损失:21.106,总损失:21.106
------划分值:1.000,左节点损失:21.105,右节点损失:0.000,总损失:21.105
('----划分特征：', 669)
------划分值:0.000,左节点损失:0.000,右节点损失:21.106,总损失:21.106
('----划分特征：', 670)
------划分值:0.000,左节点损失:0.000,右节点损失:21.106,总损失:21.106
('----划分特征：', 671)
------划分值:0.000,左节点损失:0.000,右节点损失:21.106,总损失:21.106
('----划分特征：', 672)
------划分值:0.000,左节点损失:0.000,右节点损失:21.106,总损失:21.106
('----划分特征：', 673)
------划分值:0.000,左节点损失:0.000,右节点损失:21.106,总损失:21.106
('----划分特征：', 674)
------划分值:0.000,左节点损失:0.000,右节点损失:21.106,总损失:21.106
('----划分特征：', 675)
------划分值:0.000,左节点损失:0.000,右节点损失:21.106,总损失:21.106
------划分值:1.000,左节点损失:21.105,右节点损失:0.000,总损失:21.105
('----划分特征：', 676)
------划分值:1.000,左节点损失:21.068,右节点损失:0.037,总损失:21.105
------划分值:0.000,左节点损失:0.000,右节点损失:21.106,总损失:21.106
('----划分特征：', 677)
------划分值:1.000,左节点损失:21.028,右节点损失:0.075,总损失:21.103
------划分值:0.000,左节点损失:0.000,右节点损失:21.106,总损失:21.106
('----划分特征：', 678)
------划分值:1.000,左节点损失:20.971,右节点损失:0.115,总损失:21.086
------划分值:0.000,左节点损失:0.000,右节点损失:21.106,总损失:21.106
('----划分特征：', 679)
------划分值:1.000,左节点损失:20.765,右节点损失:0.305,总损失:21.070
------划分值:0.000,左节点损失:0.000,右节点损失:21.106,总损失:21.106
('----划分特征：', 680)
------划分值:1.000,左节点损失:20.396,右节点损失:0.646,总损失:21.042
------划分值:0.000,左节点损失:0.000,右节点损失:21.106,总损失:21.106
('----划分特征：', 681)
------划分值:1.000,左节点损失:19.752,右节点损失:1.279,总损失:21.031
------划分值:0.000,左节点损失:0.000,右节点损失:21.106,总损失:21.106
('----划分特征：', 682)
------划分值:1.000,左节点损失:18.827,右节点损失:2.223,总损失:21.050
------划分值:0.000,左节点损失:0.000,右节点损失:21.106,总损失:21.106
('----划分特征：', 683)
------划分值:0.000,左节点损失:0.000,右节点损失:21.106,总损失:21.106
------划分值:1.000,左节点损失:18.264,右节点损失:2.797,总损失:21.061
('----划分特征：', 684)
------划分值:0.000,左节点损失:0.000,右节点损失:21.106,总损失:21.106
------划分值:1.000,左节点损失:17.910,右节点损失:3.173,总损失:21.083
('----划分特征：', 685)
------划分值:0.000,左节点损失:0.000,右节点损失:21.106,总损失:21.106
------划分值:1.000,左节点损失:18.139,右节点损失:2.933,总损失:21.072
('----划分特征：', 686)
------划分值:0.000,左节点损失:0.000,右节点损失:21.106,总损失:21.106
------划分值:1.000,左节点损失:18.820,右节点损失:2.226,总损失:21.046
('----划分特征：', 687)
------划分值:0.000,左节点损失:0.000,右节点损失:21.106,总损失:21.106
------划分值:1.000,左节点损失:19.543,右节点损失:1.497,总损失:21.040
('----划分特征：', 688)
------划分值:0.000,左节点损失:0.000,右节点损失:21.106,总损失:21.106
------划分值:1.000,左节点损失:20.194,右节点损失:0.834,总损失:21.029
('----划分特征：', 689)
------划分值:0.000,左节点损失:0.000,右节点损失:21.106,总损失:21.106
------划分值:1.000,左节点损失:20.610,右节点损失:0.422,总损失:21.032
('----划分特征：', 690)
------划分值:0.000,左节点损失:0.000,右节点损失:21.106,总损失:21.106
------划分值:1.000,左节点损失:20.847,右节点损失:0.194,总损失:21.041
('----划分特征：', 691)
------划分值:0.000,左节点损失:0.000,右节点损失:21.106,总损失:21.106
------划分值:1.000,左节点损失:20.977,右节点损失:0.078,总损失:21.055
('----划分特征：', 692)
------划分值:0.000,左节点损失:0.000,右节点损失:21.106,总损失:21.106
------划分值:1.000,左节点损失:21.000,右节点损失:0.078,总损失:21.077
('----划分特征：', 693)
------划分值:0.000,左节点损失:0.000,右节点损失:21.106,总损失:21.106
------划分值:1.000,左节点损失:21.053,右节点损失:0.039,总损失:21.092
('----划分特征：', 694)
------划分值:0.000,左节点损失:0.000,右节点损失:21.106,总损失:21.106
------划分值:1.000,左节点损失:21.095,右节点损失:0.000,总损失:21.095
('----划分特征：', 695)
------划分值:0.000,左节点损失:0.000,右节点损失:21.106,总损失:21.106
------划分值:1.000,左节点损失:21.102,右节点损失:0.000,总损失:21.102
('----划分特征：', 696)
------划分值:0.000,左节点损失:0.000,右节点损失:21.106,总损失:21.106
------划分值:1.000,左节点损失:21.106,右节点损失:0.000,总损失:21.106
('----划分特征：', 697)
------划分值:0.000,左节点损失:0.000,右节点损失:21.106,总损失:21.106
('----划分特征：', 698)
------划分值:0.000,左节点损失:0.000,右节点损失:21.106,总损失:21.106
('----划分特征：', 699)
------划分值:0.000,左节点损失:0.000,右节点损失:21.106,总损失:21.106
('----划分特征：', 700)
------划分值:0.000,左节点损失:0.000,右节点损失:21.106,总损失:21.106
('----划分特征：', 701)
------划分值:0.000,左节点损失:0.000,右节点损失:21.106,总损失:21.106
('----划分特征：', 702)
------划分值:0.000,左节点损失:0.000,右节点损失:21.106,总损失:21.106
('----划分特征：', 703)
------划分值:0.000,左节点损失:0.000,右节点损失:21.106,总损失:21.106
('----划分特征：', 704)
------划分值:0.000,左节点损失:0.000,右节点损失:21.106,总损失:21.106
------划分值:1.000,左节点损失:21.105,右节点损失:0.000,总损失:21.105
('----划分特征：', 705)
------划分值:0.000,左节点损失:0.000,右节点损失:21.106,总损失:21.106
------划分值:1.000,左节点损失:21.100,右节点损失:0.000,总损失:21.100
('----划分特征：', 706)
------划分值:0.000,左节点损失:0.000,右节点损失:21.106,总损失:21.106
------划分值:1.000,左节点损失:21.091,右节点损失:0.000,总损失:21.091
('----划分特征：', 707)
------划分值:0.000,左节点损失:0.000,右节点损失:21.106,总损失:21.106
------划分值:1.000,左节点损失:21.069,右节点损失:0.000,总损失:21.069
('----划分特征：', 708)
------划分值:0.000,左节点损失:0.000,右节点损失:21.106,总损失:21.106
------划分值:1.000,左节点损失:21.031,右节点损失:0.000,总损失:21.031
('----划分特征：', 709)
------划分值:0.000,左节点损失:0.000,右节点损失:21.106,总损失:21.106
------划分值:1.000,左节点损失:20.987,右节点损失:0.000,总损失:20.987
('----划分特征：', 710)
------划分值:0.000,左节点损失:0.000,右节点损失:21.106,总损失:21.106
------划分值:1.000,左节点损失:20.921,右节点损失:0.039,总损失:20.960
('----划分特征：', 711)
------划分值:0.000,左节点损失:0.000,右节点损失:21.106,总损失:21.106
------划分值:1.000,左节点损失:20.881,右节点损失:0.079,总损失:20.960
('----划分特征：', 712)
------划分值:0.000,左节点损失:0.000,右节点损失:21.106,总损失:21.106
------划分值:1.000,左节点损失:20.890,右节点损失:0.079,总损失:20.968
('----划分特征：', 713)
------划分值:0.000,左节点损失:0.000,右节点损失:21.106,总损失:21.106
------划分值:1.000,左节点损失:20.864,右节点损失:0.118,总损失:20.982
('----划分特征：', 714)
------划分值:0.000,左节点损失:0.000,右节点损失:21.106,总损失:21.106
------划分值:1.000,左节点损失:20.914,右节点损失:0.079,总损失:20.993
('----划分特征：', 715)
------划分值:0.000,左节点损失:0.000,右节点损失:21.106,总损失:21.106
------划分值:1.000,左节点损失:20.965,右节点损失:0.039,总损失:21.005
('----划分特征：', 716)
------划分值:0.000,左节点损失:0.000,右节点损失:21.106,总损失:21.106
------划分值:1.000,左节点损失:21.013,右节点损失:0.000,总损失:21.013
('----划分特征：', 717)
------划分值:0.000,左节点损失:0.000,右节点损失:21.106,总损失:21.106
------划分值:1.000,左节点损失:21.044,右节点损失:0.000,总损失:21.044
('----划分特征：', 718)
------划分值:0.000,左节点损失:0.000,右节点损失:21.106,总损失:21.106
------划分值:1.000,左节点损失:21.065,右节点损失:0.000,总损失:21.065
('----划分特征：', 719)
------划分值:0.000,左节点损失:0.000,右节点损失:21.106,总损失:21.106
------划分值:1.000,左节点损失:21.079,右节点损失:0.000,总损失:21.079
('----划分特征：', 720)
------划分值:0.000,左节点损失:0.000,右节点损失:21.106,总损失:21.106
------划分值:1.000,左节点损失:21.087,右节点损失:0.000,总损失:21.087
('----划分特征：', 721)
------划分值:0.000,左节点损失:0.000,右节点损失:21.106,总损失:21.106
------划分值:1.000,左节点损失:21.095,右节点损失:0.000,总损失:21.095
('----划分特征：', 722)
------划分值:0.000,左节点损失:0.000,右节点损失:21.106,总损失:21.106
------划分值:1.000,左节点损失:21.101,右节点损失:0.000,总损失:21.101
('----划分特征：', 723)
------划分值:0.000,左节点损失:0.000,右节点损失:21.106,总损失:21.106
------划分值:1.000,左节点损失:21.105,右节点损失:0.000,总损失:21.105
('----划分特征：', 724)
------划分值:0.000,左节点损失:0.000,右节点损失:21.106,总损失:21.106
('----划分特征：', 725)
------划分值:0.000,左节点损失:0.000,右节点损失:21.106,总损失:21.106
('----划分特征：', 726)
------划分值:0.000,左节点损失:0.000,右节点损失:21.106,总损失:21.106
('----划分特征：', 727)
------划分值:0.000,左节点损失:0.000,右节点损失:21.106,总损失:21.106
('----划分特征：', 728)
------划分值:0.000,左节点损失:0.000,右节点损失:21.106,总损失:21.106
('----划分特征：', 729)
------划分值:0.000,左节点损失:0.000,右节点损失:21.106,总损失:21.106
('----划分特征：', 730)
------划分值:0.000,左节点损失:0.000,右节点损失:21.106,总损失:21.106
('----划分特征：', 731)
------划分值:0.000,左节点损失:0.000,右节点损失:21.106,总损失:21.106
('----划分特征：', 732)
------划分值:0.000,左节点损失:0.000,右节点损失:21.106,总损失:21.106
------划分值:1.000,左节点损失:21.106,右节点损失:0.000,总损失:21.106
('----划分特征：', 733)
------划分值:0.000,左节点损失:0.000,右节点损失:21.106,总损失:21.106
------划分值:1.000,左节点损失:21.104,右节点损失:0.000,总损失:21.104
('----划分特征：', 734)
------划分值:0.000,左节点损失:0.000,右节点损失:21.106,总损失:21.106
------划分值:1.000,左节点损失:21.098,右节点损失:0.000,总损失:21.098
('----划分特征：', 735)
------划分值:0.000,左节点损失:0.000,右节点损失:21.106,总损失:21.106
------划分值:1.000,左节点损失:21.089,右节点损失:0.000,总损失:21.089
('----划分特征：', 736)
------划分值:0.000,左节点损失:0.000,右节点损失:21.106,总损失:21.106
------划分值:1.000,左节点损失:21.072,右节点损失:0.000,总损失:21.072
('----划分特征：', 737)
------划分值:0.000,左节点损失:0.000,右节点损失:21.106,总损失:21.106
------划分值:1.000,左节点损失:21.059,右节点损失:0.000,总损失:21.059
('----划分特征：', 738)
------划分值:0.000,左节点损失:0.000,右节点损失:21.106,总损失:21.106
------划分值:1.000,左节点损失:21.050,右节点损失:0.000,总损失:21.050
('----划分特征：', 739)
------划分值:0.000,左节点损失:0.000,右节点损失:21.106,总损失:21.106
------划分值:1.000,左节点损失:21.050,右节点损失:0.000,总损失:21.050
('----划分特征：', 740)
------划分值:0.000,左节点损失:0.000,右节点损失:21.106,总损失:21.106
------划分值:1.000,左节点损失:21.057,右节点损失:0.000,总损失:21.057
('----划分特征：', 741)
------划分值:0.000,左节点损失:0.000,右节点损失:21.106,总损失:21.106
------划分值:1.000,左节点损失:21.061,右节点损失:0.000,总损失:21.061
('----划分特征：', 742)
------划分值:0.000,左节点损失:0.000,右节点损失:21.106,总损失:21.106
------划分值:1.000,左节点损失:21.061,右节点损失:0.000,总损失:21.061
('----划分特征：', 743)
------划分值:0.000,左节点损失:0.000,右节点损失:21.106,总损失:21.106
------划分值:1.000,左节点损失:21.072,右节点损失:0.000,总损失:21.072
('----划分特征：', 744)
------划分值:0.000,左节点损失:0.000,右节点损失:21.106,总损失:21.106
------划分值:1.000,左节点损失:21.075,右节点损失:0.000,总损失:21.075
('----划分特征：', 745)
------划分值:0.000,左节点损失:0.000,右节点损失:21.106,总损失:21.106
------划分值:1.000,左节点损失:21.080,右节点损失:0.000,总损失:21.080
('----划分特征：', 746)
------划分值:0.000,左节点损失:0.000,右节点损失:21.106,总损失:21.106
------划分值:1.000,左节点损失:21.089,右节点损失:0.000,总损失:21.089
('----划分特征：', 747)
------划分值:0.000,左节点损失:0.000,右节点损失:21.106,总损失:21.106
------划分值:1.000,左节点损失:21.096,右节点损失:0.000,总损失:21.096
('----划分特征：', 748)
------划分值:0.000,左节点损失:0.000,右节点损失:21.106,总损失:21.106
------划分值:1.000,左节点损失:21.100,右节点损失:0.000,总损失:21.100
('----划分特征：', 749)
------划分值:0.000,左节点损失:0.000,右节点损失:21.106,总损失:21.106
------划分值:1.000,左节点损失:21.103,右节点损失:0.000,总损失:21.103
('----划分特征：', 750)
------划分值:0.000,左节点损失:0.000,右节点损失:21.106,总损失:21.106
------划分值:1.000,左节点损失:21.105,右节点损失:0.000,总损失:21.105
('----划分特征：', 751)
------划分值:0.000,左节点损失:0.000,右节点损失:21.106,总损失:21.106
------划分值:1.000,左节点损失:21.106,右节点损失:0.000,总损失:21.106
('----划分特征：', 752)
------划分值:0.000,左节点损失:0.000,右节点损失:21.106,总损失:21.106
('----划分特征：', 753)
------划分值:0.000,左节点损失:0.000,右节点损失:21.106,总损失:21.106
('----划分特征：', 754)
------划分值:0.000,左节点损失:0.000,右节点损失:21.106,总损失:21.106
('----划分特征：', 755)
------划分值:0.000,左节点损失:0.000,右节点损失:21.106,总损失:21.106
('----划分特征：', 756)
------划分值:0.000,左节点损失:0.000,右节点损失:21.106,总损失:21.106
('----划分特征：', 757)
------划分值:0.000,左节点损失:0.000,右节点损失:21.106,总损失:21.106
('----划分特征：', 758)
------划分值:0.000,左节点损失:0.000,右节点损失:21.106,总损失:21.106
('----划分特征：', 759)
------划分值:0.000,左节点损失:0.000,右节点损失:21.106,总损失:21.106
('----划分特征：', 760)
------划分值:0.000,左节点损失:0.000,右节点损失:21.106,总损失:21.106
('----划分特征：', 761)
------划分值:0.000,左节点损失:0.000,右节点损失:21.106,总损失:21.106
------划分值:1.000,左节点损失:21.106,右节点损失:0.000,总损失:21.106
('----划分特征：', 762)
------划分值:0.000,左节点损失:0.000,右节点损失:21.106,总损失:21.106
------划分值:1.000,左节点损失:21.105,右节点损失:0.000,总损失:21.105
('----划分特征：', 763)
------划分值:0.000,左节点损失:0.000,右节点损失:21.106,总损失:21.106
------划分值:1.000,左节点损失:21.105,右节点损失:0.000,总损失:21.105
('----划分特征：', 764)
------划分值:0.000,左节点损失:0.000,右节点损失:21.106,总损失:21.106
------划分值:1.000,左节点损失:21.105,右节点损失:0.000,总损失:21.105
('----划分特征：', 765)
------划分值:0.000,左节点损失:0.000,右节点损失:21.106,总损失:21.106
------划分值:1.000,左节点损失:21.105,右节点损失:0.000,总损失:21.105
('----划分特征：', 766)
------划分值:0.000,左节点损失:0.000,右节点损失:21.106,总损失:21.106
------划分值:1.000,左节点损失:21.103,右节点损失:0.000,总损失:21.103
('----划分特征：', 767)
------划分值:0.000,左节点损失:0.000,右节点损失:21.106,总损失:21.106
------划分值:1.000,左节点损失:21.101,右节点损失:0.000,总损失:21.101
('----划分特征：', 768)
------划分值:0.000,左节点损失:0.000,右节点损失:21.106,总损失:21.106
------划分值:1.000,左节点损失:21.099,右节点损失:0.000,总损失:21.099
('----划分特征：', 769)
------划分值:0.000,左节点损失:0.000,右节点损失:21.106,总损失:21.106
------划分值:1.000,左节点损失:21.099,右节点损失:0.000,总损失:21.099
('----划分特征：', 770)
------划分值:0.000,左节点损失:0.000,右节点损失:21.106,总损失:21.106
------划分值:1.000,左节点损失:21.101,右节点损失:0.000,总损失:21.101
('----划分特征：', 771)
------划分值:0.000,左节点损失:0.000,右节点损失:21.106,总损失:21.106
------划分值:1.000,左节点损失:21.101,右节点损失:0.000,总损失:21.101
('----划分特征：', 772)
------划分值:0.000,左节点损失:0.000,右节点损失:21.106,总损失:21.106
------划分值:1.000,左节点损失:21.101,右节点损失:0.000,总损失:21.101
('----划分特征：', 773)
------划分值:0.000,左节点损失:0.000,右节点损失:21.106,总损失:21.106
------划分值:1.000,左节点损失:21.104,右节点损失:0.000,总损失:21.104
('----划分特征：', 774)
------划分值:0.000,左节点损失:0.000,右节点损失:21.106,总损失:21.106
------划分值:1.000,左节点损失:21.105,右节点损失:0.000,总损失:21.105
('----划分特征：', 775)
------划分值:0.000,左节点损失:0.000,右节点损失:21.106,总损失:21.106
------划分值:1.000,左节点损失:21.105,右节点损失:0.000,总损失:21.105
('----划分特征：', 776)
------划分值:0.000,左节点损失:0.000,右节点损失:21.106,总损失:21.106
------划分值:1.000,左节点损失:21.105,右节点损失:0.000,总损失:21.105
('----划分特征：', 777)
------划分值:0.000,左节点损失:0.000,右节点损失:21.106,总损失:21.106
------划分值:1.000,左节点损失:21.106,右节点损失:0.000,总损失:21.106
('----划分特征：', 778)
------划分值:0.000,左节点损失:0.000,右节点损失:21.106,总损失:21.106
('----划分特征：', 779)
------划分值:0.000,左节点损失:0.000,右节点损失:21.106,总损失:21.106
('----划分特征：', 780)
------划分值:0.000,左节点损失:0.000,右节点损失:21.106,总损失:21.106
('----划分特征：', 781)
------划分值:0.000,左节点损失:0.000,右节点损失:21.106,总损失:21.106
('----划分特征：', 782)
------划分值:0.000,左节点损失:0.000,右节点损失:21.106,总损失:21.106
('----划分特征：', 783)
------划分值:0.000,左节点损失:0.000,右节点损失:21.106,总损失:21.106
('----划分特征：', 'label')
------划分值:0.000,左节点损失:0.000,右节点损失:21.106,总损失:21.106
------划分值:1.000,左节点损失:0.000,右节点损失:0.000,总损失:0.000
('----划分特征：', 'f_0')
------划分值:-2.212,左节点损失:0.000,右节点损失:21.106,总损失:21.106
('----划分特征：', 'res_1')
------划分值:-0.099,左节点损失:0.000,右节点损失:21.106,总损失:21.106
------划分值:0.901,左节点损失:0.000,右节点损失:0.000,总损失:0.000
('----划分特征：', 'f_1')
------划分值:-2.323,左节点损失:0.000,右节点损失:21.106,总损失:21.106
------划分值:-1.199,左节点损失:0.000,右节点损失:0.000,总损失:0.000
('----划分特征：', 'res_2')
------划分值:-0.089,左节点损失:0.000,右节点损失:21.106,总损失:21.106
------划分值:0.768,左节点损失:0.000,右节点损失:0.000,总损失:0.000
('----划分特征：', 'f_2')
------划分值:-2.433,左节点损失:0.000,右节点损失:21.106,总损失:21.106
------划分值:-0.767,左节点损失:0.000,右节点损失:0.000,总损失:0.000
('----划分特征：', 'res_3')
------划分值:-0.081,左节点损失:0.000,右节点损失:21.106,总损失:21.106
------划分值:0.683,左节点损失:0.000,右节点损失:0.000,总损失:0.000
('----划分特征：', 'f_3')
------划分值:-2.542,左节点损失:0.000,右节点损失:21.106,总损失:21.106
------划分值:-0.452,左节点损失:0.000,右节点损失:0.000,总损失:0.000
('----划分特征：', 'res_4')
------划分值:-0.073,左节点损失:0.000,右节点损失:21.106,总损失:21.106
------划分值:0.611,左节点损失:0.000,右节点损失:0.000,总损失:0.000
('----划分特征：', 'f_4')
------划分值:-2.650,左节点损失:0.000,右节点损失:21.106,总损失:21.106
------划分值:-0.195,左节点损失:0.000,右节点损失:0.000,总损失:0.000
('----划分特征：', 'res_5')
------划分值:-0.066,左节点损失:0.000,右节点损失:21.106,总损失:21.106
------划分值:0.549,左节点损失:0.000,右节点损失:0.000,总损失:0.000
('----划分特征：', 'f_5')
------划分值:-2.757,左节点损失:0.000,右节点损失:21.106,总损失:21.106
------划分值:0.027,左节点损失:0.000,右节点损失:0.000,总损失:0.000
('----划分特征：', 'res_6')
------划分值:-0.060,左节点损失:0.000,右节点损失:21.106,总损失:21.106
------划分值:0.493,左节点损失:0.000,右节点损失:0.000,总损失:0.000
('----划分特征：', 'f_6')
------划分值:-2.863,左节点损失:0.000,右节点损失:21.106,总损失:21.106
------划分值:0.224,左节点损失:0.000,右节点损失:0.000,总损失:0.000
('----划分特征：', 'res_7')
------划分值:-0.054,左节点损失:0.000,右节点损失:21.106,总损失:21.106
------划分值:0.444,左节点损失:0.000,右节点损失:0.000,总损失:0.000
('----划分特征：', 'f_7')
------划分值:-2.969,左节点损失:0.000,右节点损失:21.106,总损失:21.106
------划分值:0.404,左节点损失:0.000,右节点损失:0.000,总损失:0.000
('----划分特征：', 'res_8')
------划分值:-0.049,左节点损失:0.000,右节点损失:21.106,总损失:21.106
------划分值:0.400,左节点损失:0.000,右节点损失:0.000,总损失:0.000
('----划分特征：', 'f_8')
------划分值:-3.074,左节点损失:0.000,右节点损失:21.106,总损失:21.106
------划分值:0.571,左节点损失:0.000,右节点损失:0.000,总损失:0.000
('----划分特征：', 'res_9')
------划分值:-0.044,左节点损失:0.000,右节点损失:21.106,总损失:21.106
------划分值:0.361,左节点损失:0.000,右节点损失:0.000,总损失:0.000
('----划分特征：', 'f_9')
------划分值:-3.178,左节点损失:0.000,右节点损失:21.106,总损失:21.106
------划分值:0.727,左节点损失:0.000,右节点损失:0.000,总损失:0.000
('----划分特征：', 'res_10')
------划分值:-0.040,左节点损失:0.000,右节点损失:21.106,总损失:21.106
------划分值:0.326,左节点损失:0.000,右节点损失:0.000,总损失:0.000
('--最佳划分特征：', 'label')
('--最佳划分值：', 1)
('叶子节点预测值：', -1.0224154853595926)
('叶子节点预测值：', 1.2150080132074434)
第16棵树: log-likelihood:2.5890
