-----------------------------构建第14颗树-----------------------------
--树的深度：0
('----划分特征：', 1)
------划分值:0.000,左节点损失:0.000,右节点损失:31.631,总损失:31.631
('----划分特征：', 2)
------划分值:0.000,左节点损失:0.000,右节点损失:31.631,总损失:31.631
('----划分特征：', 3)
------划分值:0.000,左节点损失:0.000,右节点损失:31.631,总损失:31.631
('----划分特征：', 4)
------划分值:0.000,左节点损失:0.000,右节点损失:31.631,总损失:31.631
('----划分特征：', 5)
------划分值:0.000,左节点损失:0.000,右节点损失:31.631,总损失:31.631
('----划分特征：', 6)
------划分值:0.000,左节点损失:0.000,右节点损失:31.631,总损失:31.631
('----划分特征：', 7)
------划分值:0.000,左节点损失:0.000,右节点损失:31.631,总损失:31.631
('----划分特征：', 8)
------划分值:0.000,左节点损失:0.000,右节点损失:31.631,总损失:31.631
('----划分特征：', 9)
------划分值:0.000,左节点损失:0.000,右节点损失:31.631,总损失:31.631
('----划分特征：', 10)
------划分值:0.000,左节点损失:0.000,右节点损失:31.631,总损失:31.631
('----划分特征：', 11)
------划分值:0.000,左节点损失:0.000,右节点损失:31.631,总损失:31.631
('----划分特征：', 12)
------划分值:0.000,左节点损失:0.000,右节点损失:31.631,总损失:31.631
('----划分特征：', 13)
------划分值:0.000,左节点损失:0.000,右节点损失:31.631,总损失:31.631
('----划分特征：', 14)
------划分值:0.000,左节点损失:0.000,右节点损失:31.631,总损失:31.631
('----划分特征：', 15)
------划分值:0.000,左节点损失:0.000,右节点损失:31.631,总损失:31.631
('----划分特征：', 16)
------划分值:0.000,左节点损失:0.000,右节点损失:31.631,总损失:31.631
('----划分特征：', 17)
------划分值:0.000,左节点损失:0.000,右节点损失:31.631,总损失:31.631
('----划分特征：', 18)
------划分值:0.000,左节点损失:0.000,右节点损失:31.631,总损失:31.631
('----划分特征：', 19)
------划分值:0.000,左节点损失:0.000,右节点损失:31.631,总损失:31.631
('----划分特征：', 20)
------划分值:0.000,左节点损失:0.000,右节点损失:31.631,总损失:31.631
('----划分特征：', 21)
------划分值:0.000,左节点损失:0.000,右节点损失:31.631,总损失:31.631
('----划分特征：', 22)
------划分值:0.000,左节点损失:0.000,右节点损失:31.631,总损失:31.631
('----划分特征：', 23)
------划分值:0.000,左节点损失:0.000,右节点损失:31.631,总损失:31.631
('----划分特征：', 24)
------划分值:0.000,左节点损失:0.000,右节点损失:31.631,总损失:31.631
('----划分特征：', 25)
------划分值:0.000,左节点损失:0.000,右节点损失:31.631,总损失:31.631
('----划分特征：', 26)
------划分值:0.000,左节点损失:0.000,右节点损失:31.631,总损失:31.631
('----划分特征：', 27)
------划分值:0.000,左节点损失:0.000,右节点损失:31.631,总损失:31.631
('----划分特征：', 28)
------划分值:0.000,左节点损失:0.000,右节点损失:31.631,总损失:31.631
('----划分特征：', 29)
------划分值:0.000,左节点损失:0.000,右节点损失:31.631,总损失:31.631
('----划分特征：', 30)
------划分值:0.000,左节点损失:0.000,右节点损失:31.631,总损失:31.631
('----划分特征：', 31)
------划分值:0.000,左节点损失:0.000,右节点损失:31.631,总损失:31.631
('----划分特征：', 32)
------划分值:0.000,左节点损失:0.000,右节点损失:31.631,总损失:31.631
('----划分特征：', 33)
------划分值:0.000,左节点损失:0.000,右节点损失:31.631,总损失:31.631
('----划分特征：', 34)
------划分值:0.000,左节点损失:0.000,右节点损失:31.631,总损失:31.631
('----划分特征：', 35)
------划分值:0.000,左节点损失:0.000,右节点损失:31.631,总损失:31.631
('----划分特征：', 36)
------划分值:0.000,左节点损失:0.000,右节点损失:31.631,总损失:31.631
------划分值:1.000,左节点损失:31.630,右节点损失:0.000,总损失:31.630
('----划分特征：', 37)
------划分值:0.000,左节点损失:0.000,右节点损失:31.631,总损失:31.631
------划分值:1.000,左节点损失:31.630,右节点损失:0.000,总损失:31.630
('----划分特征：', 38)
------划分值:0.000,左节点损失:0.000,右节点损失:31.631,总损失:31.631
------划分值:1.000,左节点损失:31.630,右节点损失:0.000,总损失:31.630
('----划分特征：', 39)
------划分值:0.000,左节点损失:0.000,右节点损失:31.631,总损失:31.631
------划分值:1.000,左节点损失:31.629,右节点损失:0.000,总损失:31.629
('----划分特征：', 40)
------划分值:0.000,左节点损失:0.000,右节点损失:31.631,总损失:31.631
------划分值:1.000,左节点损失:31.630,右节点损失:0.000,总损失:31.630
('----划分特征：', 41)
------划分值:0.000,左节点损失:0.000,右节点损失:31.631,总损失:31.631
------划分值:1.000,左节点损失:31.630,右节点损失:0.000,总损失:31.630
('----划分特征：', 42)
------划分值:0.000,左节点损失:0.000,右节点损失:31.631,总损失:31.631
------划分值:1.000,左节点损失:31.630,右节点损失:0.000,总损失:31.630
('----划分特征：', 43)
------划分值:0.000,左节点损失:0.000,右节点损失:31.631,总损失:31.631
------划分值:1.000,左节点损失:31.629,右节点损失:0.000,总损失:31.629
('----划分特征：', 44)
------划分值:0.000,左节点损失:0.000,右节点损失:31.631,总损失:31.631
------划分值:1.000,左节点损失:31.627,右节点损失:0.000,总损失:31.627
('----划分特征：', 45)
------划分值:0.000,左节点损失:0.000,右节点损失:31.631,总损失:31.631
------划分值:1.000,左节点损失:31.629,右节点损失:0.000,总损失:31.629
('----划分特征：', 46)
------划分值:0.000,左节点损失:0.000,右节点损失:31.631,总损失:31.631
------划分值:1.000,左节点损失:31.629,右节点损失:0.000,总损失:31.629
('----划分特征：', 47)
------划分值:0.000,左节点损失:0.000,右节点损失:31.631,总损失:31.631
------划分值:1.000,左节点损失:31.630,右节点损失:0.000,总损失:31.630
('----划分特征：', 48)
------划分值:0.000,左节点损失:0.000,右节点损失:31.631,总损失:31.631
------划分值:1.000,左节点损失:31.630,右节点损失:0.000,总损失:31.630
('----划分特征：', 49)
------划分值:0.000,左节点损失:0.000,右节点损失:31.631,总损失:31.631
------划分值:1.000,左节点损失:31.630,右节点损失:0.000,总损失:31.630
('----划分特征：', 50)
------划分值:0.000,左节点损失:0.000,右节点损失:31.631,总损失:31.631
------划分值:1.000,左节点损失:31.630,右节点损失:0.000,总损失:31.630
('----划分特征：', 51)
------划分值:0.000,左节点损失:0.000,右节点损失:31.631,总损失:31.631
('----划分特征：', 52)
------划分值:0.000,左节点损失:0.000,右节点损失:31.631,总损失:31.631
('----划分特征：', 53)
------划分值:0.000,左节点损失:0.000,右节点损失:31.631,总损失:31.631
('----划分特征：', 54)
------划分值:0.000,左节点损失:0.000,右节点损失:31.631,总损失:31.631
('----划分特征：', 55)
------划分值:0.000,左节点损失:0.000,右节点损失:31.631,总损失:31.631
('----划分特征：', 56)
------划分值:0.000,左节点损失:0.000,右节点损失:31.631,总损失:31.631
('----划分特征：', 57)
------划分值:0.000,左节点损失:0.000,右节点损失:31.631,总损失:31.631
('----划分特征：', 58)
------划分值:0.000,左节点损失:0.000,右节点损失:31.631,总损失:31.631
('----划分特征：', 59)
------划分值:0.000,左节点损失:0.000,右节点损失:31.631,总损失:31.631
('----划分特征：', 60)
------划分值:0.000,左节点损失:0.000,右节点损失:31.631,总损失:31.631
('----划分特征：', 61)
------划分值:0.000,左节点损失:0.000,右节点损失:31.631,总损失:31.631
('----划分特征：', 62)
------划分值:0.000,左节点损失:0.000,右节点损失:31.631,总损失:31.631
('----划分特征：', 63)
------划分值:0.000,左节点损失:0.000,右节点损失:31.631,总损失:31.631
('----划分特征：', 64)
------划分值:0.000,左节点损失:0.000,右节点损失:31.631,总损失:31.631
------划分值:1.000,左节点损失:31.629,右节点损失:0.000,总损失:31.629
('----划分特征：', 65)
------划分值:0.000,左节点损失:0.000,右节点损失:31.631,总损失:31.631
------划分值:1.000,左节点损失:31.626,右节点损失:0.000,总损失:31.626
('----划分特征：', 66)
------划分值:0.000,左节点损失:0.000,右节点损失:31.631,总损失:31.631
------划分值:1.000,左节点损失:31.623,右节点损失:0.000,总损失:31.623
('----划分特征：', 67)
------划分值:0.000,左节点损失:0.000,右节点损失:31.631,总损失:31.631
------划分值:1.000,左节点损失:31.619,右节点损失:0.000,总损失:31.619
('----划分特征：', 68)
------划分值:0.000,左节点损失:0.000,右节点损失:31.631,总损失:31.631
------划分值:1.000,左节点损失:31.613,右节点损失:0.000,总损失:31.613
('----划分特征：', 69)
------划分值:0.000,左节点损失:0.000,右节点损失:31.631,总损失:31.631
------划分值:1.000,左节点损失:31.611,右节点损失:0.000,总损失:31.611
('----划分特征：', 70)
------划分值:0.000,左节点损失:0.000,右节点损失:31.631,总损失:31.631
------划分值:1.000,左节点损失:31.596,右节点损失:0.000,总损失:31.596
('----划分特征：', 71)
------划分值:0.000,左节点损失:0.000,右节点损失:31.631,总损失:31.631
------划分值:1.000,左节点损失:31.588,右节点损失:0.000,总损失:31.588
('----划分特征：', 72)
------划分值:0.000,左节点损失:0.000,右节点损失:31.631,总损失:31.631
------划分值:1.000,左节点损失:31.566,右节点损失:0.000,总损失:31.566
('----划分特征：', 73)
------划分值:0.000,左节点损失:0.000,右节点损失:31.631,总损失:31.631
------划分值:1.000,左节点损失:31.564,右节点损失:0.000,总损失:31.564
('----划分特征：', 74)
------划分值:0.000,左节点损失:0.000,右节点损失:31.631,总损失:31.631
------划分值:1.000,左节点损失:31.578,右节点损失:0.000,总损失:31.578
('----划分特征：', 75)
------划分值:0.000,左节点损失:0.000,右节点损失:31.631,总损失:31.631
------划分值:1.000,左节点损失:31.596,右节点损失:0.000,总损失:31.596
('----划分特征：', 76)
------划分值:0.000,左节点损失:0.000,右节点损失:31.631,总损失:31.631
------划分值:1.000,左节点损失:31.616,右节点损失:0.000,总损失:31.616
('----划分特征：', 77)
------划分值:0.000,左节点损失:0.000,右节点损失:31.631,总损失:31.631
------划分值:1.000,左节点损失:31.625,右节点损失:0.000,总损失:31.625
('----划分特征：', 78)
------划分值:0.000,左节点损失:0.000,右节点损失:31.631,总损失:31.631
------划分值:1.000,左节点损失:31.629,右节点损失:0.000,总损失:31.629
('----划分特征：', 79)
------划分值:0.000,左节点损失:0.000,右节点损失:31.631,总损失:31.631
------划分值:1.000,左节点损失:31.630,右节点损失:0.000,总损失:31.630
('----划分特征：', 80)
------划分值:0.000,左节点损失:0.000,右节点损失:31.631,总损失:31.631
('----划分特征：', 81)
------划分值:0.000,左节点损失:0.000,右节点损失:31.631,总损失:31.631
('----划分特征：', 82)
------划分值:0.000,左节点损失:0.000,右节点损失:31.631,总损失:31.631
('----划分特征：', 83)
------划分值:0.000,左节点损失:0.000,右节点损失:31.631,总损失:31.631
('----划分特征：', 84)
------划分值:0.000,左节点损失:0.000,右节点损失:31.631,总损失:31.631
('----划分特征：', 85)
------划分值:0.000,左节点损失:0.000,右节点损失:31.631,总损失:31.631
('----划分特征：', 86)
------划分值:0.000,左节点损失:0.000,右节点损失:31.631,总损失:31.631
('----划分特征：', 87)
------划分值:0.000,左节点损失:0.000,右节点损失:31.631,总损失:31.631
('----划分特征：', 88)
------划分值:0.000,左节点损失:0.000,右节点损失:31.631,总损失:31.631
('----划分特征：', 89)
------划分值:0.000,左节点损失:0.000,右节点损失:31.631,总损失:31.631
------划分值:1.000,左节点损失:31.630,右节点损失:0.000,总损失:31.630
('----划分特征：', 90)
------划分值:0.000,左节点损失:0.000,右节点损失:31.631,总损失:31.631
------划分值:1.000,左节点损失:31.627,右节点损失:0.000,总损失:31.627
('----划分特征：', 91)
------划分值:0.000,左节点损失:0.000,右节点损失:31.631,总损失:31.631
------划分值:1.000,左节点损失:31.626,右节点损失:0.000,总损失:31.626
('----划分特征：', 92)
------划分值:0.000,左节点损失:0.000,右节点损失:31.631,总损失:31.631
------划分值:1.000,左节点损失:31.618,右节点损失:0.000,总损失:31.618
('----划分特征：', 93)
------划分值:0.000,左节点损失:0.000,右节点损失:31.631,总损失:31.631
------划分值:1.000,左节点损失:31.610,右节点损失:0.000,总损失:31.610
('----划分特征：', 94)
------划分值:0.000,左节点损失:0.000,右节点损失:31.631,总损失:31.631
------划分值:1.000,左节点损失:31.588,右节点损失:0.000,总损失:31.588
('----划分特征：', 95)
------划分值:0.000,左节点损失:0.000,右节点损失:31.631,总损失:31.631
------划分值:1.000,左节点损失:31.522,右节点损失:0.059,总损失:31.581
('----划分特征：', 96)
------划分值:0.000,左节点损失:0.000,右节点损失:31.631,总损失:31.631
------划分值:1.000,左节点损失:31.355,右节点损失:0.231,总损失:31.586
('----划分特征：', 97)
------划分值:0.000,左节点损失:0.000,右节点损失:31.631,总损失:31.631
------划分值:1.000,左节点损失:31.183,右节点损失:0.400,总损失:31.583
('----划分特征：', 98)
------划分值:0.000,左节点损失:0.000,右节点损失:31.631,总损失:31.631
------划分值:1.000,左节点损失:31.006,右节点损失:0.569,总损失:31.576
('----划分特征：', 99)
------划分值:0.000,左节点损失:0.000,右节点损失:31.631,总损失:31.631
------划分值:1.000,左节点损失:30.920,右节点损失:0.630,总损失:31.549
('----划分特征：', 100)
------划分值:0.000,左节点损失:0.000,右节点损失:31.631,总损失:31.631
------划分值:1.000,左节点损失:30.985,右节点损失:0.520,总损失:31.505
('----划分特征：', 101)
------划分值:0.000,左节点损失:0.000,右节点损失:31.631,总损失:31.631
------划分值:1.000,左节点损失:31.044,右节点损失:0.463,总损失:31.507
('----划分特征：', 102)
------划分值:0.000,左节点损失:0.000,右节点损失:31.631,总损失:31.631
------划分值:1.000,左节点损失:31.285,右节点损失:0.233,总损失:31.518
('----划分特征：', 103)
------划分值:0.000,左节点损失:0.000,右节点损失:31.631,总损失:31.631
------划分值:1.000,左节点损失:31.286,右节点损失:0.288,总损失:31.574
('----划分特征：', 104)
------划分值:0.000,左节点损失:0.000,右节点损失:31.631,总损失:31.631
------划分值:1.000,左节点损失:31.483,右节点损失:0.116,总损失:31.599
('----划分特征：', 105)
------划分值:0.000,左节点损失:0.000,右节点损失:31.631,总损失:31.631
------划分值:1.000,左节点损失:31.605,右节点损失:0.000,总损失:31.605
('----划分特征：', 106)
------划分值:0.000,左节点损失:0.000,右节点损失:31.631,总损失:31.631
------划分值:1.000,左节点损失:31.621,右节点损失:0.000,总损失:31.621
('----划分特征：', 107)
------划分值:0.000,左节点损失:0.000,右节点损失:31.631,总损失:31.631
------划分值:1.000,左节点损失:31.628,右节点损失:0.000,总损失:31.628
('----划分特征：', 108)
------划分值:0.000,左节点损失:0.000,右节点损失:31.631,总损失:31.631
------划分值:1.000,左节点损失:31.630,右节点损失:0.000,总损失:31.630
('----划分特征：', 109)
------划分值:0.000,左节点损失:0.000,右节点损失:31.631,总损失:31.631
('----划分特征：', 110)
------划分值:0.000,左节点损失:0.000,右节点损失:31.631,总损失:31.631
('----划分特征：', 111)
------划分值:0.000,左节点损失:0.000,右节点损失:31.631,总损失:31.631
('----划分特征：', 112)
------划分值:0.000,左节点损失:0.000,右节点损失:31.631,总损失:31.631
('----划分特征：', 113)
------划分值:0.000,左节点损失:0.000,右节点损失:31.631,总损失:31.631
('----划分特征：', 114)
------划分值:0.000,左节点损失:0.000,右节点损失:31.631,总损失:31.631
('----划分特征：', 115)
------划分值:0.000,左节点损失:0.000,右节点损失:31.631,总损失:31.631
('----划分特征：', 116)
------划分值:0.000,左节点损失:0.000,右节点损失:31.631,总损失:31.631
------划分值:1.000,左节点损失:31.630,右节点损失:0.000,总损失:31.630
('----划分特征：', 117)
------划分值:0.000,左节点损失:0.000,右节点损失:31.631,总损失:31.631
------划分值:1.000,左节点损失:31.626,右节点损失:0.000,总损失:31.626
('----划分特征：', 118)
------划分值:0.000,左节点损失:0.000,右节点损失:31.631,总损失:31.631
------划分值:1.000,左节点损失:31.620,右节点损失:0.000,总损失:31.620
('----划分特征：', 119)
------划分值:0.000,左节点损失:0.000,右节点损失:31.631,总损失:31.631
------划分值:1.000,左节点损失:31.610,右节点损失:0.000,总损失:31.610
('----划分特征：', 120)
------划分值:0.000,左节点损失:0.000,右节点损失:31.631,总损失:31.631
------划分值:1.000,左节点损失:31.583,右节点损失:0.000,总损失:31.583
('----划分特征：', 121)
------划分值:0.000,左节点损失:0.000,右节点损失:31.631,总损失:31.631
------划分值:1.000,左节点损失:31.398,右节点损失:0.174,总损失:31.573
('----划分特征：', 122)
------划分值:0.000,左节点损失:0.000,右节点损失:31.631,总损失:31.631
------划分值:1.000,左节点损失:30.955,右节点损失:0.624,总损失:31.580
('----划分特征：', 123)
------划分值:0.000,左节点损失:0.000,右节点损失:31.631,总损失:31.631
------划分值:1.000,左节点损失:30.209,右节点损失:1.389,总损失:31.598
('----划分特征：', 124)
------划分值:0.000,左节点损失:0.000,右节点损失:31.631,总损失:31.631
------划分值:1.000,左节点损失:28.542,右节点损失:3.088,总损失:31.630
('----划分特征：', 125)
------划分值:0.000,左节点损失:0.000,右节点损失:31.631,总损失:31.631
------划分值:1.000,左节点损失:26.176,右节点损失:5.386,总损失:31.562
('----划分特征：', 126)
------划分值:0.000,左节点损失:0.000,右节点损失:31.631,总损失:31.631
------划分值:1.000,左节点损失:25.448,右节点损失:6.148,总损失:31.596
('----划分特征：', 127)
------划分值:0.000,左节点损失:0.000,右节点损失:31.631,总损失:31.631
------划分值:1.000,左节点损失:23.926,右节点损失:7.613,总损失:31.539
('----划分特征：', 128)
------划分值:0.000,左节点损失:0.000,右节点损失:31.631,总损失:31.631
------划分值:1.000,左节点损失:23.178,右节点损失:8.302,总损失:31.480
('----划分特征：', 129)
------划分值:0.000,左节点损失:0.000,右节点损失:31.631,总损失:31.631
------划分值:1.000,左节点损失:23.859,右节点损失:7.628,总损失:31.487
('----划分特征：', 130)
------划分值:0.000,左节点损失:0.000,右节点损失:31.631,总损失:31.631
------划分值:1.000,左节点损失:24.980,右节点损失:6.484,总损失:31.464
('----划分特征：', 131)
------划分值:0.000,左节点损失:0.000,右节点损失:31.631,总损失:31.631
------划分值:1.000,左节点损失:26.404,右节点损失:5.044,总损失:31.447
('----划分特征：', 132)
------划分值:0.000,左节点损失:0.000,右节点损失:31.631,总损失:31.631
------划分值:1.000,左节点损失:28.212,右节点损失:3.281,总损失:31.492
('----划分特征：', 133)
------划分值:0.000,左节点损失:0.000,右节点损失:31.631,总损失:31.631
------划分值:1.000,左节点损失:30.092,右节点损失:1.498,总损失:31.590
('----划分特征：', 134)
------划分值:0.000,左节点损失:0.000,右节点损失:31.631,总损失:31.631
------划分值:1.000,左节点损失:31.047,右节点损失:0.583,总损失:31.631
('----划分特征：', 135)
------划分值:0.000,左节点损失:0.000,右节点损失:31.631,总损失:31.631
------划分值:1.000,左节点损失:31.509,右节点损失:0.113,总损失:31.622
('----划分特征：', 136)
------划分值:0.000,左节点损失:0.000,右节点损失:31.631,总损失:31.631
------划分值:1.000,左节点损失:31.575,右节点损失:0.055,总损失:31.630
('----划分特征：', 137)
------划分值:0.000,左节点损失:0.000,右节点损失:31.631,总损失:31.631
('----划分特征：', 138)
------划分值:0.000,左节点损失:0.000,右节点损失:31.631,总损失:31.631
('----划分特征：', 139)
------划分值:0.000,左节点损失:0.000,右节点损失:31.631,总损失:31.631
('----划分特征：', 140)
------划分值:0.000,左节点损失:0.000,右节点损失:31.631,总损失:31.631
('----划分特征：', 141)
------划分值:0.000,左节点损失:0.000,右节点损失:31.631,总损失:31.631
('----划分特征：', 142)
------划分值:0.000,左节点损失:0.000,右节点损失:31.631,总损失:31.631
('----划分特征：', 143)
------划分值:0.000,左节点损失:0.000,右节点损失:31.631,总损失:31.631
------划分值:1.000,左节点损失:31.630,右节点损失:0.000,总损失:31.630
('----划分特征：', 144)
------划分值:0.000,左节点损失:0.000,右节点损失:31.631,总损失:31.631
------划分值:1.000,左节点损失:31.626,右节点损失:0.000,总损失:31.626
('----划分特征：', 145)
------划分值:0.000,左节点损失:0.000,右节点损失:31.631,总损失:31.631
------划分值:1.000,左节点损失:31.608,右节点损失:0.000,总损失:31.608
('----划分特征：', 146)
------划分值:0.000,左节点损失:0.000,右节点损失:31.631,总损失:31.631
------划分值:1.000,左节点损失:31.591,右节点损失:0.000,总损失:31.591
('----划分特征：', 147)
------划分值:0.000,左节点损失:0.000,右节点损失:31.631,总损失:31.631
------划分值:1.000,左节点损失:31.500,右节点损失:0.059,总损失:31.558
('----划分特征：', 148)
------划分值:0.000,左节点损失:0.000,右节点损失:31.631,总损失:31.631
------划分值:1.000,左节点损失:31.340,右节点损失:0.176,总损失:31.515
('----划分特征：', 149)
------划分值:0.000,左节点损失:0.000,右节点损失:31.631,总损失:31.631
------划分值:1.000,左节点损失:30.576,右节点损失:0.967,总损失:31.542
('----划分特征：', 150)
------划分值:0.000,左节点损失:0.000,右节点损失:31.631,总损失:31.631
------划分值:1.000,左节点损失:29.259,右节点损失:2.326,总损失:31.585
('----划分特征：', 151)
------划分值:0.000,左节点损失:0.000,右节点损失:31.631,总损失:31.631
------划分值:1.000,左节点损失:26.514,右节点损失:5.117,总损失:31.630
('----划分特征：', 152)
------划分值:0.000,左节点损失:0.000,右节点损失:31.631,总损失:31.631
------划分值:1.000,左节点损失:23.217,右节点损失:8.342,总损失:31.559
('----划分特征：', 153)
------划分值:0.000,左节点损失:0.000,右节点损失:31.631,总损失:31.631
------划分值:1.000,左节点损失:19.917,右节点损失:11.528,总损失:31.444
('----划分特征：', 154)
------划分值:0.000,左节点损失:0.000,右节点损失:31.631,总损失:31.631
------划分值:1.000,左节点损失:15.793,右节点损失:15.319,总损失:31.112
('----划分特征：', 155)
------划分值:0.000,左节点损失:0.000,右节点损失:31.631,总损失:31.631
------划分值:1.000,左节点损失:13.069,右节点损失:17.732,总损失:30.800
('----划分特征：', 156)
------划分值:0.000,左节点损失:0.000,右节点损失:31.631,总损失:31.631
------划分值:1.000,左节点损失:11.973,右节点损失:18.544,总损失:30.516
('----划分特征：', 157)
------划分值:1.000,左节点损失:13.628,右节点损失:17.047,总损失:30.675
------划分值:0.000,左节点损失:0.000,右节点损失:31.631,总损失:31.631
('----划分特征：', 158)
------划分值:1.000,左节点损失:16.078,右节点损失:14.717,总损失:30.795
------划分值:0.000,左节点损失:0.000,右节点损失:31.631,总损失:31.631
('----划分特征：', 159)
------划分值:0.000,左节点损失:0.000,右节点损失:31.631,总损失:31.631
------划分值:1.000,左节点损失:20.572,右节点损失:10.563,总损失:31.136
('----划分特征：', 160)
------划分值:1.000,左节点损失:24.347,右节点损失:7.003,总损失:31.350
------划分值:0.000,左节点损失:0.000,右节点损失:31.631,总损失:31.631
('----划分特征：', 161)
------划分值:1.000,左节点损失:27.618,右节点损失:3.912,总损失:31.531
------划分值:0.000,左节点损失:0.000,右节点损失:31.631,总损失:31.631
('----划分特征：', 162)
------划分值:1.000,左节点损失:29.755,右节点损失:1.861,总损失:31.616
------划分值:0.000,左节点损失:0.000,右节点损失:31.631,总损失:31.631
('----划分特征：', 163)
------划分值:0.000,左节点损失:0.000,右节点损失:31.631,总损失:31.631
------划分值:1.000,左节点损失:30.973,右节点损失:0.655,总损失:31.627
('----划分特征：', 164)
------划分值:0.000,左节点损失:0.000,右节点损失:31.631,总损失:31.631
------划分值:1.000,左节点损失:31.499,右节点损失:0.115,总损失:31.614
('----划分特征：', 165)
------划分值:0.000,左节点损失:0.000,右节点损失:31.631,总损失:31.631
------划分值:1.000,左节点损失:31.622,右节点损失:0.000,总损失:31.622
('----划分特征：', 166)
------划分值:0.000,左节点损失:0.000,右节点损失:31.631,总损失:31.631
------划分值:1.000,左节点损失:31.630,右节点损失:0.000,总损失:31.630
('----划分特征：', 167)
------划分值:0.000,左节点损失:0.000,右节点损失:31.631,总损失:31.631
('----划分特征：', 168)
------划分值:0.000,左节点损失:0.000,右节点损失:31.631,总损失:31.631
('----划分特征：', 169)
------划分值:0.000,左节点损失:0.000,右节点损失:31.631,总损失:31.631
('----划分特征：', 170)
------划分值:0.000,左节点损失:0.000,右节点损失:31.631,总损失:31.631
('----划分特征：', 171)
------划分值:0.000,左节点损失:0.000,右节点损失:31.631,总损失:31.631
------划分值:1.000,左节点损失:31.629,右节点损失:0.000,总损失:31.629
('----划分特征：', 172)
------划分值:0.000,左节点损失:0.000,右节点损失:31.631,总损失:31.631
------划分值:1.000,左节点损失:31.618,右节点损失:0.000,总损失:31.618
('----划分特征：', 173)
------划分值:0.000,左节点损失:0.000,右节点损失:31.631,总损失:31.631
------划分值:1.000,左节点损失:31.547,右节点损失:0.058,总损失:31.606
('----划分特征：', 174)
------划分值:0.000,左节点损失:0.000,右节点损失:31.631,总损失:31.631
------划分值:1.000,左节点损失:31.501,右节点损失:0.059,总损失:31.560
('----划分特征：', 175)
------划分值:0.000,左节点损失:0.000,右节点损失:31.631,总损失:31.631
------划分值:1.000,左节点损失:31.358,右节点损失:0.118,总损失:31.476
('----划分特征：', 176)
------划分值:0.000,左节点损失:0.000,右节点损失:31.631,总损失:31.631
------划分值:1.000,左节点损失:30.442,右节点损失:1.082,总损失:31.523
('----划分特征：', 177)
------划分值:0.000,左节点损失:0.000,右节点损失:31.631,总损失:31.631
------划分值:1.000,左节点损失:28.514,右节点损失:3.080,总损失:31.594
('----划分特征：', 178)
------划分值:0.000,左节点损失:0.000,右节点损失:31.631,总损失:31.631
------划分值:1.000,左节点损失:25.634,右节点损失:5.997,总损失:31.631
('----划分特征：', 179)
------划分值:1.000,左节点损失:21.428,右节点损失:10.118,总损失:31.546
------划分值:0.000,左节点损失:0.000,右节点损失:31.631,总损失:31.631
('----划分特征：', 180)
------划分值:1.000,左节点损失:17.958,右节点损失:13.472,总损失:31.430
------划分值:0.000,左节点损失:0.000,右节点损失:31.631,总损失:31.631
('----划分特征：', 181)
------划分值:1.000,左节点损失:13.981,右节点损失:17.267,总损失:31.248
------划分值:0.000,左节点损失:0.000,右节点损失:31.631,总损失:31.631
('----划分特征：', 182)
------划分值:1.000,左节点损失:9.958,右节点损失:20.963,总损失:30.920
------划分值:0.000,左节点损失:0.000,右节点损失:31.631,总损失:31.631
('----划分特征：', 183)
------划分值:1.000,左节点损失:7.157,右节点损失:23.315,总损失:30.471
------划分值:0.000,左节点损失:0.000,右节点损失:31.631,总损失:31.631
('----划分特征：', 184)
------划分值:1.000,左节点损失:6.725,右节点损失:23.576,总损失:30.301
------划分值:0.000,左节点损失:0.000,右节点损失:31.631,总损失:31.631
('----划分特征：', 185)
------划分值:1.000,左节点损失:7.835,右节点损失:22.445,总损失:30.280
------划分值:0.000,左节点损失:0.000,右节点损失:31.631,总损失:31.631
('----划分特征：', 186)
------划分值:1.000,左节点损失:9.981,右节点损失:20.295,总损失:30.276
------划分值:0.000,左节点损失:0.000,右节点损失:31.631,总损失:31.631
('----划分特征：', 187)
------划分值:1.000,左节点损失:14.234,右节点损失:16.349,总损失:30.582
------划分值:0.000,左节点损失:0.000,右节点损失:31.631,总损失:31.631
('----划分特征：', 188)
------划分值:1.000,左节点损失:19.099,右节点损失:11.768,总损失:30.867
------划分值:0.000,左节点损失:0.000,右节点损失:31.631,总损失:31.631
('----划分特征：', 189)
------划分值:1.000,左节点损失:24.202,右节点损失:7.112,总损失:31.314
------划分值:0.000,左节点损失:0.000,右节点损失:31.631,总损失:31.631
('----划分特征：', 190)
------划分值:1.000,左节点损失:27.907,右节点损失:3.662,总损失:31.569
------划分值:0.000,左节点损失:0.000,右节点损失:31.631,总损失:31.631
('----划分特征：', 191)
------划分值:0.000,左节点损失:0.000,右节点损失:31.631,总损失:31.631
------划分值:1.000,左节点损失:30.382,右节点损失:1.246,总损失:31.628
('----划分特征：', 192)
------划分值:0.000,左节点损失:0.000,右节点损失:31.631,总损失:31.631
------划分值:1.000,左节点损失:31.363,右节点损失:0.230,总损失:31.593
('----划分特征：', 193)
------划分值:0.000,左节点损失:0.000,右节点损失:31.631,总损失:31.631
------划分值:1.000,左节点损失:31.608,右节点损失:0.000,总损失:31.608
('----划分特征：', 194)
------划分值:0.000,左节点损失:0.000,右节点损失:31.631,总损失:31.631
------划分值:1.000,左节点损失:31.627,右节点损失:0.000,总损失:31.627
('----划分特征：', 195)
------划分值:0.000,左节点损失:0.000,右节点损失:31.631,总损失:31.631
------划分值:1.000,左节点损失:31.629,右节点损失:0.000,总损失:31.629
('----划分特征：', 196)
------划分值:0.000,左节点损失:0.000,右节点损失:31.631,总损失:31.631
('----划分特征：', 197)
------划分值:0.000,左节点损失:0.000,右节点损失:31.631,总损失:31.631
------划分值:1.000,左节点损失:31.630,右节点损失:0.000,总损失:31.630
('----划分特征：', 198)
------划分值:0.000,左节点损失:0.000,右节点损失:31.631,总损失:31.631
------划分值:1.000,左节点损失:31.629,右节点损失:0.000,总损失:31.629
('----划分特征：', 199)
------划分值:0.000,左节点损失:0.000,右节点损失:31.631,总损失:31.631
------划分值:1.000,左节点损失:31.624,右节点损失:0.000,总损失:31.624
('----划分特征：', 200)
------划分值:0.000,左节点损失:0.000,右节点损失:31.631,总损失:31.631
------划分值:1.000,左节点损失:31.606,右节点损失:0.000,总损失:31.606
('----划分特征：', 201)
------划分值:0.000,左节点损失:0.000,右节点损失:31.631,总损失:31.631
------划分值:1.000,左节点损失:31.513,右节点损失:0.059,总损失:31.572
('----划分特征：', 202)
------划分值:0.000,左节点损失:0.000,右节点损失:31.631,总损失:31.631
------划分值:1.000,左节点损失:31.452,右节点损失:0.059,总损失:31.512
('----划分特征：', 203)
------划分值:0.000,左节点损失:0.000,右节点损失:31.631,总损失:31.631
------划分值:1.000,左节点损失:30.804,右节点损失:0.691,总损失:31.495
('----划分特征：', 204)
------划分值:1.000,左节点损失:29.145,右节点损失:2.402,总损失:31.547
------划分值:0.000,左节点损失:0.000,右节点损失:31.631,总损失:31.631
('----划分特征：', 205)
------划分值:1.000,左节点损失:25.832,右节点损失:5.798,总损失:31.629
------划分值:0.000,左节点损失:0.000,右节点损失:31.631,总损失:31.631
('----划分特征：', 206)
------划分值:1.000,左节点损失:21.874,右节点损失:9.730,总损失:31.604
------划分值:0.000,左节点损失:0.000,右节点损失:31.631,总损失:31.631
('----划分特征：', 207)
------划分值:1.000,左节点损失:18.069,右节点损失:13.430,总损失:31.498
------划分值:0.000,左节点损失:0.000,右节点损失:31.631,总损失:31.631
('----划分特征：', 208)
------划分值:1.000,左节点损失:13.139,右节点损失:18.054,总损失:31.194
------划分值:0.000,左节点损失:0.000,右节点损失:31.631,总损失:31.631
('----划分特征：', 209)
------划分值:1.000,左节点损失:9.981,右节点损失:21.097,总损失:31.078
------划分值:0.000,左节点损失:0.000,右节点损失:31.631,总损失:31.631
('----划分特征：', 210)
------划分值:1.000,左节点损失:8.260,右节点损失:22.688,总损失:30.948
------划分值:0.000,左节点损失:0.000,右节点损失:31.631,总损失:31.631
('----划分特征：', 211)
------划分值:1.000,左节点损失:6.972,右节点损失:23.713,总损失:30.686
------划分值:0.000,左节点损失:0.000,右节点损失:31.631,总损失:31.631
('----划分特征：', 212)
------划分值:1.000,左节点损失:7.243,右节点损失:23.496,总损失:30.739
------划分值:0.000,左节点损失:0.000,右节点损失:31.631,总损失:31.631
('----划分特征：', 213)
------划分值:1.000,左节点损失:6.769,右节点损失:23.704,总损失:30.472
------划分值:0.000,左节点损失:0.000,右节点损失:31.631,总损失:31.631
('----划分特征：', 214)
------划分值:0.000,左节点损失:0.000,右节点损失:31.631,总损失:31.631
------划分值:1.000,左节点损失:7.833,右节点损失:22.468,总损失:30.301
('----划分特征：', 215)
------划分值:0.000,左节点损失:0.000,右节点损失:31.631,总损失:31.631
------划分值:1.000,左节点损失:10.410,右节点损失:19.955,总损失:30.365
('----划分特征：', 216)
------划分值:0.000,左节点损失:0.000,右节点损失:31.631,总损失:31.631
------划分值:1.000,左节点损失:14.937,右节点损失:15.609,总损失:30.546
('----划分特征：', 217)
------划分值:0.000,左节点损失:0.000,右节点损失:31.631,总损失:31.631
------划分值:1.000,左节点损失:20.651,右节点损失:10.379,总损失:31.031
('----划分特征：', 218)
------划分值:0.000,左节点损失:0.000,右节点损失:31.631,总损失:31.631
------划分值:1.000,左节点损失:25.735,右节点损失:5.684,总损失:31.419
('----划分特征：', 219)
------划分值:0.000,左节点损失:0.000,右节点损失:31.631,总损失:31.631
------划分值:1.000,左节点损失:29.224,右节点损失:2.394,总损失:31.618
('----划分特征：', 220)
------划分值:0.000,左节点损失:0.000,右节点损失:31.631,总损失:31.631
------划分值:1.000,左节点损失:31.053,右节点损失:0.559,总损失:31.612
('----划分特征：', 221)
------划分值:0.000,左节点损失:0.000,右节点损失:31.631,总损失:31.631
------划分值:1.000,左节点损失:31.588,右节点损失:0.000,总损失:31.588
('----划分特征：', 222)
------划分值:0.000,左节点损失:0.000,右节点损失:31.631,总损失:31.631
------划分值:1.000,左节点损失:31.619,右节点损失:0.000,总损失:31.619
('----划分特征：', 223)
------划分值:0.000,左节点损失:0.000,右节点损失:31.631,总损失:31.631
------划分值:1.000,左节点损失:31.630,右节点损失:0.000,总损失:31.630
('----划分特征：', 224)
------划分值:0.000,左节点损失:0.000,右节点损失:31.631,总损失:31.631
------划分值:1.000,左节点损失:31.630,右节点损失:0.000,总损失:31.630
('----划分特征：', 225)
------划分值:0.000,左节点损失:0.000,右节点损失:31.631,总损失:31.631
------划分值:1.000,左节点损失:31.629,右节点损失:0.000,总损失:31.629
('----划分特征：', 226)
------划分值:0.000,左节点损失:0.000,右节点损失:31.631,总损失:31.631
------划分值:1.000,左节点损失:31.629,右节点损失:0.000,总损失:31.629
('----划分特征：', 227)
------划分值:0.000,左节点损失:0.000,右节点损失:31.631,总损失:31.631
------划分值:1.000,左节点损失:31.616,右节点损失:0.000,总损失:31.616
('----划分特征：', 228)
------划分值:0.000,左节点损失:0.000,右节点损失:31.631,总损失:31.631
------划分值:1.000,左节点损失:31.585,右节点损失:0.000,总损失:31.585
('----划分特征：', 229)
------划分值:0.000,左节点损失:0.000,右节点损失:31.631,总损失:31.631
------划分值:1.000,左节点损失:31.430,右节点损失:0.117,总损失:31.548
('----划分特征：', 230)
------划分值:0.000,左节点损失:0.000,右节点损失:31.631,总损失:31.631
------划分值:1.000,左节点损失:31.103,右节点损失:0.406,总损失:31.509
('----划分特征：', 231)
------划分值:0.000,左节点损失:0.000,右节点损失:31.631,总损失:31.631
------划分值:1.000,左节点损失:29.839,右节点损失:1.691,总损失:31.531
('----划分特征：', 232)
------划分值:1.000,左节点损失:26.728,右节点损失:4.899,总损失:31.628
------划分值:0.000,左节点损失:0.000,右节点损失:31.631,总损失:31.631
('----划分特征：', 233)
------划分值:1.000,左节点损失:22.923,右节点损失:8.688,总损失:31.611
------划分值:0.000,左节点损失:0.000,右节点损失:31.631,总损失:31.631
('----划分特征：', 234)
------划分值:1.000,左节点损失:17.735,右节点损失:13.711,总损失:31.446
------划分值:0.000,左节点损失:0.000,右节点损失:31.631,总损失:31.631
('----划分特征：', 235)
------划分值:1.000,左节点损失:13.511,右节点损失:17.700,总损失:31.210
------划分值:0.000,左节点损失:0.000,右节点损失:31.631,总损失:31.631
('----划分特征：', 236)
------划分值:1.000,左节点损失:10.478,右节点损失:20.560,总损失:31.038
------划分值:0.000,左节点损失:0.000,右节点损失:31.631,总损失:31.631
('----划分特征：', 237)
------划分值:1.000,左节点损失:9.508,右节点损失:21.490,总损失:30.997
------划分值:0.000,左节点损失:0.000,右节点损失:31.631,总损失:31.631
('----划分特征：', 238)
------划分值:1.000,左节点损失:9.674,右节点损失:21.307,总损失:30.981
------划分值:0.000,左节点损失:0.000,右节点损失:31.631,总损失:31.631
('----划分特征：', 239)
------划分值:1.000,左节点损失:11.256,右节点损失:19.921,总损失:31.177
------划分值:0.000,左节点损失:0.000,右节点损失:31.631,总损失:31.631
('----划分特征：', 240)
------划分值:1.000,左节点损失:12.482,右节点损失:18.879,总损失:31.362
------划分值:0.000,左节点损失:0.000,右节点损失:31.631,总损失:31.631
('----划分特征：', 241)
------划分值:1.000,左节点损失:11.760,右节点损失:19.526,总损失:31.286
------划分值:0.000,左节点损失:0.000,右节点损失:31.631,总损失:31.631
('----划分特征：', 242)
------划分值:0.000,左节点损失:0.000,右节点损失:31.631,总损失:31.631
------划分值:1.000,左节点损失:9.803,右节点损失:21.067,总损失:30.869
('----划分特征：', 243)
------划分值:0.000,左节点损失:0.000,右节点损失:31.631,总损失:31.631
------划分值:1.000,左节点损失:9.690,右节点损失:20.776,总损失:30.465
('----划分特征：', 244)
------划分值:0.000,左节点损失:0.000,右节点损失:31.631,总损失:31.631
------划分值:1.000,左节点损失:11.691,右节点损失:18.369,总损失:30.059
('----划分特征：', 245)
------划分值:0.000,左节点损失:0.000,右节点损失:31.631,总损失:31.631
------划分值:1.000,左节点损失:17.195,右节点损失:13.268,总损失:30.463
('----划分特征：', 246)
------划分值:0.000,左节点损失:0.000,右节点损失:31.631,总损失:31.631
------划分值:1.000,左节点损失:22.835,右节点损失:8.051,总损失:30.886
('----划分特征：', 247)
------划分值:0.000,左节点损失:0.000,右节点损失:31.631,总损失:31.631
------划分值:1.000,左节点损失:27.958,右节点损失:3.517,总损失:31.475
('----划分特征：', 248)
------划分值:0.000,左节点损失:0.000,右节点损失:31.631,总损失:31.631
------划分值:1.000,左节点损失:30.767,右节点损失:0.863,总损失:31.630
('----划分特征：', 249)
------划分值:0.000,左节点损失:0.000,右节点损失:31.631,总损失:31.631
------划分值:1.000,左节点损失:31.592,右节点损失:0.000,总损失:31.592
('----划分特征：', 250)
------划分值:0.000,左节点损失:0.000,右节点损失:31.631,总损失:31.631
------划分值:1.000,左节点损失:31.624,右节点损失:0.000,总损失:31.624
('----划分特征：', 251)
------划分值:0.000,左节点损失:0.000,右节点损失:31.631,总损失:31.631
------划分值:1.000,左节点损失:31.630,右节点损失:0.000,总损失:31.630
('----划分特征：', 252)
------划分值:0.000,左节点损失:0.000,右节点损失:31.631,总损失:31.631
('----划分特征：', 253)
------划分值:0.000,左节点损失:0.000,右节点损失:31.631,总损失:31.631
------划分值:1.000,左节点损失:31.630,右节点损失:0.000,总损失:31.630
('----划分特征：', 254)
------划分值:0.000,左节点损失:0.000,右节点损失:31.631,总损失:31.631
------划分值:1.000,左节点损失:31.624,右节点损失:0.000,总损失:31.624
('----划分特征：', 255)
------划分值:0.000,左节点损失:0.000,右节点损失:31.631,总损失:31.631
------划分值:1.000,左节点损失:31.612,右节点损失:0.000,总损失:31.612
('----划分特征：', 256)
------划分值:0.000,左节点损失:0.000,右节点损失:31.631,总损失:31.631
------划分值:1.000,左节点损失:31.578,右节点损失:0.000,总损失:31.578
('----划分特征：', 257)
------划分值:0.000,左节点损失:0.000,右节点损失:31.631,总损失:31.631
------划分值:1.000,左节点损失:31.404,右节点损失:0.117,总损失:31.522
('----划分特征：', 258)
------划分值:0.000,左节点损失:0.000,右节点损失:31.631,总损失:31.631
------划分值:1.000,左节点损失:30.148,右节点损失:1.446,总损失:31.594
('----划分特征：', 259)
------划分值:0.000,左节点损失:0.000,右节点损失:31.631,总损失:31.631
------划分值:1.000,左节点损失:27.817,右节点损失:3.813,总损失:31.630
('----划分特征：', 260)
------划分值:0.000,左节点损失:0.000,右节点损失:31.631,总损失:31.631
------划分值:1.000,左节点损失:24.029,右节点损失:7.559,总损失:31.588
('----划分特征：', 261)
------划分值:1.000,左节点损失:19.091,右节点损失:12.313,总损失:31.404
------划分值:0.000,左节点损失:0.000,右节点损失:31.631,总损失:31.631
('----划分特征：', 262)
------划分值:0.000,左节点损失:0.000,右节点损失:31.631,总损失:31.631
------划分值:1.000,左节点损失:13.820,右节点损失:17.254,总损失:31.073
('----划分特征：', 263)
------划分值:1.000,左节点损失:10.152,右节点损失:20.566,总损失:30.719
------划分值:0.000,左节点损失:0.000,右节点损失:31.631,总损失:31.631
('----划分特征：', 264)
------划分值:1.000,左节点损失:10.191,右节点损失:20.633,总损失:30.824
------划分值:0.000,左节点损失:0.000,右节点损失:31.631,总损失:31.631
('----划分特征：', 265)
------划分值:1.000,左节点损失:11.222,右节点损失:19.616,总损失:30.838
------划分值:0.000,左节点损失:0.000,右节点损失:31.631,总损失:31.631
('----划分特征：', 266)
------划分值:0.000,左节点损失:0.000,右节点损失:31.631,总损失:31.631
------划分值:1.000,左节点损失:14.867,右节点损失:16.445,总损失:31.312
('----划分特征：', 267)
------划分值:0.000,左节点损失:0.000,右节点损失:31.631,总损失:31.631
------划分值:1.000,左节点损失:17.486,右节点损失:14.062,总损失:31.548
('----划分特征：', 268)
------划分值:0.000,左节点损失:0.000,右节点损失:31.631,总损失:31.631
------划分值:1.000,左节点损失:18.578,右节点损失:13.051,总损失:31.629
('----划分特征：', 269)
------划分值:1.000,左节点损失:17.487,右节点损失:14.144,总损失:31.631
------划分值:0.000,左节点损失:0.000,右节点损失:31.631,总损失:31.631
('----划分特征：', 270)
------划分值:0.000,左节点损失:0.000,右节点损失:31.631,总损失:31.631
------划分值:1.000,左节点损失:14.953,右节点损失:16.565,总损失:31.519
('----划分特征：', 271)
------划分值:0.000,左节点损失:0.000,右节点损失:31.631,总损失:31.631
------划分值:1.000,左节点损失:10.977,右节点损失:19.683,总损失:30.660
('----划分特征：', 272)
------划分值:0.000,左节点损失:0.000,右节点损失:31.631,总损失:31.631
------划分值:1.000,左节点损失:10.728,右节点损失:19.048,总损失:29.775
('----划分特征：', 273)
------划分值:0.000,左节点损失:0.000,右节点损失:31.631,总损失:31.631
------划分值:1.000,左节点损失:13.752,右节点损失:15.424,总损失:29.176
('----划分特征：', 274)
------划分值:0.000,左节点损失:0.000,右节点损失:31.631,总损失:31.631
------划分值:1.000,左节点损失:19.608,右节点损失:9.882,总损失:29.490
('----划分特征：', 275)
------划分值:0.000,左节点损失:0.000,右节点损失:31.631,总损失:31.631
------划分值:1.000,左节点损失:26.828,右节点损失:4.065,总损失:30.893
('----划分特征：', 276)
------划分值:0.000,左节点损失:0.000,右节点损失:31.631,总损失:31.631
------划分值:1.000,左节点损失:30.316,右节点损失:1.238,总损失:31.554
('----划分特征：', 277)
------划分值:0.000,左节点损失:0.000,右节点损失:31.631,总损失:31.631
------划分值:1.000,左节点损失:31.610,右节点损失:0.000,总损失:31.610
('----划分特征：', 278)
------划分值:0.000,左节点损失:0.000,右节点损失:31.631,总损失:31.631
------划分值:1.000,左节点损失:31.629,右节点损失:0.000,总损失:31.629
('----划分特征：', 279)
------划分值:0.000,左节点损失:0.000,右节点损失:31.631,总损失:31.631
('----划分特征：', 280)
------划分值:0.000,左节点损失:0.000,右节点损失:31.631,总损失:31.631
('----划分特征：', 281)
------划分值:0.000,左节点损失:0.000,右节点损失:31.631,总损失:31.631
------划分值:1.000,左节点损失:31.629,右节点损失:0.000,总损失:31.629
('----划分特征：', 282)
------划分值:0.000,左节点损失:0.000,右节点损失:31.631,总损失:31.631
------划分值:1.000,左节点损失:31.626,右节点损失:0.000,总损失:31.626
('----划分特征：', 283)
------划分值:0.000,左节点损失:0.000,右节点损失:31.631,总损失:31.631
------划分值:1.000,左节点损失:31.612,右节点损失:0.000,总损失:31.612
('----划分特征：', 284)
------划分值:0.000,左节点损失:0.000,右节点损失:31.631,总损失:31.631
------划分值:1.000,左节点损失:31.574,右节点损失:0.000,总损失:31.574
('----划分特征：', 285)
------划分值:0.000,左节点损失:0.000,右节点损失:31.631,总损失:31.631
------划分值:1.000,左节点损失:31.068,右节点损失:0.513,总损失:31.581
('----划分特征：', 286)
------划分值:0.000,左节点损失:0.000,右节点损失:31.631,总损失:31.631
------划分值:1.000,左节点损失:28.994,右节点损失:2.632,总损失:31.626
('----划分特征：', 287)
------划分值:0.000,左节点损失:0.000,右节点损失:31.631,总损失:31.631
------划分值:1.000,左节点损失:25.295,右节点损失:6.169,总损失:31.464
('----划分特征：', 288)
------划分值:0.000,左节点损失:0.000,右节点损失:31.631,总损失:31.631
------划分值:1.000,左节点损失:20.388,右节点损失:10.835,总损失:31.222
('----划分特征：', 289)
------划分值:0.000,左节点损失:0.000,右节点损失:31.631,总损失:31.631
------划分值:1.000,左节点损失:14.439,右节点损失:16.214,总损失:30.653
('----划分特征：', 290)
------划分值:0.000,左节点损失:0.000,右节点损失:31.631,总损失:31.631
------划分值:1.000,左节点损失:10.624,右节点损失:19.786,总损失:30.410
('----划分特征：', 291)
------划分值:1.000,左节点损失:10.920,右节点损失:19.759,总损失:30.679
------划分值:0.000,左节点损失:0.000,右节点损失:31.631,总损失:31.631
('----划分特征：', 292)
------划分值:1.000,左节点损失:12.533,右节点损失:18.240,总损失:30.773
------划分值:0.000,左节点损失:0.000,右节点损失:31.631,总损失:31.631
('----划分特征：', 293)
------划分值:0.000,左节点损失:0.000,右节点损失:31.631,总损失:31.631
------划分值:1.000,左节点损失:16.143,右节点损失:15.050,总损失:31.193
('----划分特征：', 294)
------划分值:0.000,左节点损失:0.000,右节点损失:31.631,总损失:31.631
------划分值:1.000,左节点损失:19.892,右节点损失:11.648,总损失:31.540
('----划分特征：', 295)
------划分值:0.000,左节点损失:0.000,右节点损失:31.631,总损失:31.631
------划分值:1.000,左节点损失:22.603,右节点损失:8.998,总损失:31.602
('----划分特征：', 296)
------划分值:0.000,左节点损失:0.000,右节点损失:31.631,总损失:31.631
------划分值:1.000,左节点损失:23.772,右节点损失:7.607,总损失:31.379
('----划分特征：', 297)
------划分值:0.000,左节点损失:0.000,右节点损失:31.631,总损失:31.631
------划分值:1.000,左节点损失:22.147,右节点损失:9.235,总损失:31.381
('----划分特征：', 298)
------划分值:0.000,左节点损失:0.000,右节点损失:31.631,总损失:31.631
------划分值:1.000,左节点损失:18.996,右节点损失:12.628,总损失:31.624
('----划分特征：', 299)
------划分值:0.000,左节点损失:0.000,右节点损失:31.631,总损失:31.631
------划分值:1.000,左节点损失:14.107,右节点损失:17.088,总损失:31.195
('----划分特征：', 300)
------划分值:0.000,左节点损失:0.000,右节点损失:31.631,总损失:31.631
------划分值:1.000,左节点损失:10.690,右节点损失:18.758,总损失:29.448
('----划分特征：', 301)
------划分值:0.000,左节点损失:0.000,右节点损失:31.631,总损失:31.631
------划分值:1.000,左节点损失:12.599,右节点损失:15.391,总损失:27.990
('----划分特征：', 302)
------划分值:0.000,左节点损失:0.000,右节点损失:31.631,总损失:31.631
------划分值:1.000,左节点损失:17.461,右节点损失:9.822,总损失:27.284
('----划分特征：', 303)
------划分值:0.000,左节点损失:0.000,右节点损失:31.631,总损失:31.631
------划分值:1.000,左节点损失:24.578,右节点损失:4.118,总损失:28.696
('----划分特征：', 304)
------划分值:0.000,左节点损失:0.000,右节点损失:31.631,总损失:31.631
------划分值:1.000,左节点损失:30.108,右节点损失:1.057,总损失:31.165
('----划分特征：', 305)
------划分值:0.000,左节点损失:0.000,右节点损失:31.631,总损失:31.631
------划分值:1.000,左节点损失:31.622,右节点损失:0.000,总损失:31.622
('----划分特征：', 306)
------划分值:0.000,左节点损失:0.000,右节点损失:31.631,总损失:31.631
------划分值:1.000,左节点损失:31.630,右节点损失:0.000,总损失:31.630
('----划分特征：', 307)
------划分值:0.000,左节点损失:0.000,右节点损失:31.631,总损失:31.631
('----划分特征：', 308)
------划分值:0.000,左节点损失:0.000,右节点损失:31.631,总损失:31.631
('----划分特征：', 309)
------划分值:0.000,左节点损失:0.000,右节点损失:31.631,总损失:31.631
------划分值:1.000,左节点损失:31.630,右节点损失:0.000,总损失:31.630
('----划分特征：', 310)
------划分值:0.000,左节点损失:0.000,右节点损失:31.631,总损失:31.631
------划分值:1.000,左节点损失:31.624,右节点损失:0.000,总损失:31.624
('----划分特征：', 311)
------划分值:0.000,左节点损失:0.000,右节点损失:31.631,总损失:31.631
------划分值:1.000,左节点损失:31.613,右节点损失:0.000,总损失:31.613
('----划分特征：', 312)
------划分值:0.000,左节点损失:0.000,右节点损失:31.631,总损失:31.631
------划分值:1.000,左节点损失:31.583,右节点损失:0.000,总损失:31.583
('----划分特征：', 313)
------划分值:0.000,左节点损失:0.000,右节点损失:31.631,总损失:31.631
------划分值:1.000,左节点损失:30.452,右节点损失:1.179,总损失:31.631
('----划分特征：', 314)
------划分值:0.000,左节点损失:0.000,右节点损失:31.631,总损失:31.631
------划分值:1.000,左节点损失:27.352,右节点损失:4.074,总损失:31.426
('----划分特征：', 315)
------划分值:0.000,左节点损失:0.000,右节点损失:31.631,总损失:31.631
------划分值:1.000,左节点损失:22.360,右节点损失:8.545,总损失:30.905
('----划分特征：', 316)
------划分值:0.000,左节点损失:0.000,右节点损失:31.631,总损失:31.631
------划分值:1.000,左节点损失:16.768,右节点损失:13.696,总损失:30.464
('----划分特征：', 317)
------划分值:0.000,左节点损失:0.000,右节点损失:31.631,总损失:31.631
------划分值:1.000,左节点损失:11.689,右节点损失:18.393,总损失:30.082
('----划分特征：', 318)
------划分值:0.000,左节点损失:0.000,右节点损失:31.631,总损失:31.631
------划分值:1.000,左节点损失:10.625,右节点损失:19.777,总损失:30.402
('----划分特征：', 319)
------划分值:1.000,左节点损失:12.692,右节点损失:18.102,总损失:30.794
------划分值:0.000,左节点损失:0.000,右节点损失:31.631,总损失:31.631
('----划分特征：', 320)
------划分值:1.000,左节点损失:17.215,右节点损失:14.106,总损失:31.321
------划分值:0.000,左节点损失:0.000,右节点损失:31.631,总损失:31.631
('----划分特征：', 321)
------划分值:1.000,左节点损失:20.902,右节点损失:10.682,总损失:31.583
------划分值:0.000,左节点损失:0.000,右节点损失:31.631,总损失:31.631
('----划分特征：', 322)
------划分值:0.000,左节点损失:0.000,右节点损失:31.631,总损失:31.631
------划分值:1.000,左节点损失:24.688,右节点损失:6.829,总损失:31.518
('----划分特征：', 323)
------划分值:0.000,左节点损失:0.000,右节点损失:31.631,总损失:31.631
------划分值:1.000,左节点损失:26.783,右节点损失:4.220,总损失:31.003
('----划分特征：', 324)
------划分值:0.000,左节点损失:0.000,右节点损失:31.631,总损失:31.631
------划分值:1.000,左节点损失:26.858,右节点损失:3.795,总损失:30.653
('----划分特征：', 325)
------划分值:0.000,左节点损失:0.000,右节点损失:31.631,总损失:31.631
------划分值:1.000,左节点损失:25.653,右节点损失:4.923,总损失:30.576
('----划分特征：', 326)
------划分值:0.000,左节点损失:0.000,右节点损失:31.631,总损失:31.631
------划分值:1.000,左节点损失:22.948,右节点损失:8.304,总损失:31.252
('----划分特征：', 327)
------划分值:0.000,左节点损失:0.000,右节点损失:31.631,总损失:31.631
------划分值:1.000,左节点损失:17.293,右节点损失:14.236,总损失:31.529
('----划分特征：', 328)
------划分值:0.000,左节点损失:0.000,右节点损失:31.631,总损失:31.631
------划分值:1.000,左节点损失:12.485,右节点损失:17.077,总损失:29.562
('----划分特征：', 329)
------划分值:0.000,左节点损失:0.000,右节点损失:31.631,总损失:31.631
------划分值:1.000,左节点损失:11.759,右节点损失:14.382,总损失:26.141
('----划分特征：', 330)
------划分值:0.000,左节点损失:0.000,右节点损失:31.631,总损失:31.631
------划分值:1.000,左节点损失:15.260,右节点损失:8.728,总损失:23.988
('----划分特征：', 331)
------划分值:0.000,左节点损失:0.000,右节点损失:31.631,总损失:31.631
------划分值:1.000,左节点损失:23.178,右节点损失:3.411,总损失:26.589
('----划分特征：', 332)
------划分值:0.000,左节点损失:0.000,右节点损失:31.631,总损失:31.631
------划分值:1.000,左节点损失:29.529,右节点损失:1.088,总损失:30.616
('----划分特征：', 333)
------划分值:0.000,左节点损失:0.000,右节点损失:31.631,总损失:31.631
------划分值:1.000,左节点损失:31.626,右节点损失:0.000,总损失:31.626
('----划分特征：', 334)
------划分值:0.000,左节点损失:0.000,右节点损失:31.631,总损失:31.631
------划分值:1.000,左节点损失:31.582,右节点损失:0.030,总损失:31.612
('----划分特征：', 335)
------划分值:0.000,左节点损失:0.000,右节点损失:31.631,总损失:31.631
('----划分特征：', 336)
------划分值:0.000,左节点损失:0.000,右节点损失:31.631,总损失:31.631
('----划分特征：', 337)
------划分值:0.000,左节点损失:0.000,右节点损失:31.631,总损失:31.631
------划分值:1.000,左节点损失:31.630,右节点损失:0.000,总损失:31.630
('----划分特征：', 338)
------划分值:0.000,左节点损失:0.000,右节点损失:31.631,总损失:31.631
------划分值:1.000,左节点损失:31.626,右节点损失:0.000,总损失:31.626
('----划分特征：', 339)
------划分值:0.000,左节点损失:0.000,右节点损失:31.631,总损失:31.631
------划分值:1.000,左节点损失:31.619,右节点损失:0.000,总损失:31.619
('----划分特征：', 340)
------划分值:0.000,左节点损失:0.000,右节点损失:31.631,总损失:31.631
------划分值:1.000,左节点损失:31.540,右节点损失:0.058,总损失:31.599
('----划分特征：', 341)
------划分值:0.000,左节点损失:0.000,右节点损失:31.631,总损失:31.631
------划分值:1.000,左节点损失:29.452,右节点损失:2.057,总损失:31.509
('----划分特征：', 342)
------划分值:0.000,左节点损失:0.000,右节点损失:31.631,总损失:31.631
------划分值:1.000,左节点损失:24.742,右节点损失:5.878,总损失:30.620
('----划分特征：', 343)
------划分值:0.000,左节点损失:0.000,右节点损失:31.631,总损失:31.631
------划分值:1.000,左节点损失:18.834,右节点损失:11.163,总损失:29.997
('----划分特征：', 344)
------划分值:0.000,左节点损失:0.000,右节点损失:31.631,总损失:31.631
------划分值:1.000,左节点损失:12.497,右节点损失:16.839,总损失:29.336
('----划分特征：', 345)
------划分值:0.000,左节点损失:0.000,右节点损失:31.631,总损失:31.631
------划分值:1.000,左节点损失:9.797,右节点损失:19.952,总损失:29.749
('----划分特征：', 346)
------划分值:0.000,左节点损失:0.000,右节点损失:31.631,总损失:31.631
------划分值:1.000,左节点损失:11.584,右节点损失:19.007,总损失:30.591
('----划分特征：', 347)
------划分值:0.000,左节点损失:0.000,右节点损失:31.631,总损失:31.631
------划分值:1.000,左节点损失:16.240,右节点损失:15.112,总损失:31.352
('----划分特征：', 348)
------划分值:1.000,左节点损失:21.481,右节点损失:10.150,总损失:31.631
------划分值:0.000,左节点损失:0.000,右节点损失:31.631,总损失:31.631
('----划分特征：', 349)
------划分值:1.000,左节点损失:24.931,右节点损失:6.498,总损失:31.429
------划分值:0.000,左节点损失:0.000,右节点损失:31.631,总损失:31.631
('----划分特征：', 350)
------划分值:0.000,左节点损失:0.000,右节点损失:31.631,总损失:31.631
------划分值:1.000,左节点损失:27.159,右节点损失:3.620,总损失:30.779
('----划分特征：', 351)
------划分值:0.000,左节点损失:0.000,右节点损失:31.631,总损失:31.631
------划分值:1.000,左节点损失:27.978,右节点损失:2.101,总损失:30.079
('----划分特征：', 352)
------划分值:0.000,左节点损失:0.000,右节点损失:31.631,总损失:31.631
------划分值:1.000,左节点损失:27.780,右节点损失:1.700,总损失:29.481
('----划分特征：', 353)
------划分值:0.000,左节点损失:0.000,右节点损失:31.631,总损失:31.631
------划分值:1.000,左节点损失:26.740,右节点损失:2.967,总损失:29.707
('----划分特征：', 354)
------划分值:0.000,左节点损失:0.000,右节点损失:31.631,总损失:31.631
------划分值:1.000,左节点损失:23.630,右节点损失:7.373,总损失:31.003
('----划分特征：', 355)
------划分值:0.000,左节点损失:0.000,右节点损失:31.631,总损失:31.631
------划分值:1.000,左节点损失:19.605,右节点损失:12.011,总损失:31.616
('----划分特征：', 356)
------划分值:0.000,左节点损失:0.000,右节点损失:31.631,总损失:31.631
------划分值:1.000,左节点损失:13.153,右节点损失:16.092,总损失:29.245
('----划分特征：', 357)
------划分值:0.000,左节点损失:0.000,右节点损失:31.631,总损失:31.631
------划分值:1.000,左节点损失:11.607,右节点损失:13.300,总损失:24.908
('----划分特征：', 358)
------划分值:0.000,左节点损失:0.000,右节点损失:31.631,总损失:31.631
------划分值:1.000,左节点损失:14.839,右节点损失:7.730,总损失:22.568
('----划分特征：', 359)
------划分值:0.000,左节点损失:0.000,右节点损失:31.631,总损失:31.631
------划分值:1.000,左节点损失:22.210,右节点损失:3.273,总损失:25.483
('----划分特征：', 360)
------划分值:0.000,左节点损失:0.000,右节点损失:31.631,总损失:31.631
------划分值:1.000,左节点损失:28.889,右节点损失:1.383,总损失:30.272
('----划分特征：', 361)
------划分值:0.000,左节点损失:0.000,右节点损失:31.631,总损失:31.631
------划分值:1.000,左节点损失:31.627,右节点损失:0.000,总损失:31.627
('----划分特征：', 362)
------划分值:0.000,左节点损失:0.000,右节点损失:31.631,总损失:31.631
------划分值:1.000,左节点损失:31.581,右节点损失:0.040,总损失:31.621
('----划分特征：', 363)
------划分值:0.000,左节点损失:0.000,右节点损失:31.631,总损失:31.631
('----划分特征：', 364)
------划分值:0.000,左节点损失:0.000,右节点损失:31.631,总损失:31.631
('----划分特征：', 365)
------划分值:0.000,左节点损失:0.000,右节点损失:31.631,总损失:31.631
------划分值:1.000,左节点损失:31.630,右节点损失:0.000,总损失:31.630
('----划分特征：', 366)
------划分值:0.000,左节点损失:0.000,右节点损失:31.631,总损失:31.631
------划分值:1.000,左节点损失:31.629,右节点损失:0.000,总损失:31.629
('----划分特征：', 367)
------划分值:0.000,左节点损失:0.000,右节点损失:31.631,总损失:31.631
------划分值:1.000,左节点损失:31.625,右节点损失:0.000,总损失:31.625
('----划分特征：', 368)
------划分值:0.000,左节点损失:0.000,右节点损失:31.631,总损失:31.631
------划分值:1.000,左节点损失:31.358,右节点损失:0.272,总损失:31.630
('----划分特征：', 369)
------划分值:0.000,左节点损失:0.000,右节点损失:31.631,总损失:31.631
------划分值:1.000,左节点损失:28.043,右节点损失:2.982,总损失:31.025
('----划分特征：', 370)
------划分值:0.000,左节点损失:0.000,右节点损失:31.631,总损失:31.631
------划分值:1.000,左节点损失:21.859,右节点损失:7.680,总损失:29.539
('----划分特征：', 371)
------划分值:0.000,左节点损失:0.000,右节点损失:31.631,总损失:31.631
------划分值:1.000,左节点损失:15.278,右节点损失:13.514,总损失:28.793
('----划分特征：', 372)
------划分值:0.000,左节点损失:0.000,右节点损失:31.631,总损失:31.631
------划分值:1.000,左节点损失:10.603,右节点损失:18.302,总损失:28.905
('----划分特征：', 373)
------划分值:0.000,左节点损失:0.000,右节点损失:31.631,总损失:31.631
------划分值:1.000,左节点损失:10.544,右节点损失:19.527,总损失:30.071
('----划分特征：', 374)
------划分值:0.000,左节点损失:0.000,右节点损失:31.631,总损失:31.631
------划分值:1.000,左节点损失:14.533,右节点损失:16.672,总损失:31.205
('----划分特征：', 375)
------划分值:0.000,左节点损失:0.000,右节点损失:31.631,总损失:31.631
------划分值:1.000,左节点损失:20.583,右节点损失:11.046,总损失:31.629
('----划分特征：', 376)
------划分值:0.000,左节点损失:0.000,右节点损失:31.631,总损失:31.631
------划分值:1.000,左节点损失:24.813,右节点损失:6.488,总损失:31.301
('----划分特征：', 377)
------划分值:1.000,左节点损失:27.609,右节点损失:2.728,总损失:30.337
------划分值:0.000,左节点损失:0.000,右节点损失:31.631,总损失:31.631
('----划分特征：', 378)
------划分值:1.000,左节点损失:28.174,右节点损失:1.235,总损失:29.409
------划分值:0.000,左节点损失:0.000,右节点损失:31.631,总损失:31.631
('----划分特征：', 379)
------划分值:1.000,左节点损失:28.065,右节点损失:0.532,总损失:28.596
------划分值:0.000,左节点损失:0.000,右节点损失:31.631,总损失:31.631
('----划分特征：', 380)
------划分值:0.000,左节点损失:0.000,右节点损失:31.631,总损失:31.631
------划分值:1.000,左节点损失:27.513,右节点损失:0.709,总损失:28.221
('----划分特征：', 381)
------划分值:0.000,左节点损失:0.000,右节点损失:31.631,总损失:31.631
------划分值:1.000,左节点损失:26.559,右节点损失:2.513,总损失:29.071
('----划分特征：', 382)
------划分值:0.000,左节点损失:0.000,右节点损失:31.631,总损失:31.631
------划分值:1.000,左节点损失:24.254,右节点损失:6.571,总损失:30.825
('----划分特征：', 383)
------划分值:0.000,左节点损失:0.000,右节点损失:31.631,总损失:31.631
------划分值:1.000,左节点损失:19.811,右节点损失:11.786,总损失:31.597
('----划分特征：', 384)
------划分值:0.000,左节点损失:0.000,右节点损失:31.631,总损失:31.631
------划分值:1.000,左节点损失:13.701,右节点损失:15.408,总损失:29.109
('----划分特征：', 385)
------划分值:0.000,左节点损失:0.000,右节点损失:31.631,总损失:31.631
------划分值:1.000,左节点损失:11.883,右节点损失:12.923,总损失:24.805
('----划分特征：', 386)
------划分值:0.000,左节点损失:0.000,右节点损失:31.631,总损失:31.631
------划分值:1.000,左节点损失:14.729,右节点损失:8.187,总损失:22.916
('----划分特征：', 387)
------划分值:0.000,左节点损失:0.000,右节点损失:31.631,总损失:31.631
------划分值:1.000,左节点损失:21.791,右节点损失:4.184,总损失:25.975
('----划分特征：', 388)
------划分值:0.000,左节点损失:0.000,右节点损失:31.631,总损失:31.631
------划分值:1.000,左节点损失:28.590,右节点损失:1.641,总损失:30.231
('----划分特征：', 389)
------划分值:0.000,左节点损失:0.000,右节点损失:31.631,总损失:31.631
------划分值:1.000,左节点损失:31.623,右节点损失:0.000,总损失:31.623
('----划分特征：', 390)
------划分值:0.000,左节点损失:0.000,右节点损失:31.631,总损失:31.631
('----划分特征：', 391)
------划分值:0.000,左节点损失:0.000,右节点损失:31.631,总损失:31.631
('----划分特征：', 392)
------划分值:0.000,左节点损失:0.000,右节点损失:31.631,总损失:31.631
('----划分特征：', 393)
------划分值:0.000,左节点损失:0.000,右节点损失:31.631,总损失:31.631
('----划分特征：', 394)
------划分值:0.000,左节点损失:0.000,右节点损失:31.631,总损失:31.631
------划分值:1.000,左节点损失:31.630,右节点损失:0.000,总损失:31.630
('----划分特征：', 395)
------划分值:0.000,左节点损失:0.000,右节点损失:31.631,总损失:31.631
------划分值:1.000,左节点损失:31.625,右节点损失:0.000,总损失:31.625
('----划分特征：', 396)
------划分值:0.000,左节点损失:0.000,右节点损失:31.631,总损失:31.631
------划分值:1.000,左节点损失:31.025,右节点损失:0.569,总损失:31.594
('----划分特征：', 397)
------划分值:0.000,左节点损失:0.000,右节点损失:31.631,总损失:31.631
------划分值:1.000,左节点损失:25.624,右节点损失:4.017,总损失:29.640
('----划分特征：', 398)
------划分值:0.000,左节点损失:0.000,右节点损失:31.631,总损失:31.631
------划分值:1.000,左节点损失:19.026,右节点损失:9.217,总损失:28.243
('----划分特征：', 399)
------划分值:0.000,左节点损失:0.000,右节点损失:31.631,总损失:31.631
------划分值:1.000,左节点损失:12.603,右节点损失:15.242,总损失:27.845
('----划分特征：', 400)
------划分值:0.000,左节点损失:0.000,右节点损失:31.631,总损失:31.631
------划分值:1.000,左节点损失:9.783,右节点损失:18.949,总损失:28.732
('----划分特征：', 401)
------划分值:0.000,左节点损失:0.000,右节点损失:31.631,总损失:31.631
------划分值:1.000,左节点损失:12.189,右节点损失:18.333,总损失:30.523
('----划分特征：', 402)
------划分值:0.000,左节点损失:0.000,右节点损失:31.631,总损失:31.631
------划分值:1.000,左节点损失:18.236,右节点损失:13.349,总损失:31.585
('----划分特征：', 403)
------划分值:0.000,左节点损失:0.000,右节点损失:31.631,总损失:31.631
------划分值:1.000,左节点损失:24.005,右节点损失:7.305,总损失:31.310
('----划分特征：', 404)
------划分值:0.000,左节点损失:0.000,右节点损失:31.631,总损失:31.631
------划分值:1.000,左节点损失:27.059,右节点损失:3.352,总损失:30.412
('----划分特征：', 405)
------划分值:0.000,左节点损失:0.000,右节点损失:31.631,总损失:31.631
------划分值:1.000,左节点损失:27.848,右节点损失:1.235,总损失:29.083
('----划分特征：', 406)
------划分值:1.000,左节点损失:27.804,右节点损失:0.296,总损失:28.100
------划分值:0.000,左节点损失:0.000,右节点损失:31.631,总损失:31.631
('----划分特征：', 407)
------划分值:1.000,左节点损失:27.050,右节点损失:0.118,总损失:27.169
------划分值:0.000,左节点损失:0.000,右节点损失:31.631,总损失:31.631
('----划分特征：', 408)
------划分值:1.000,左节点损失:26.975,右节点损失:0.473,总损失:27.449
------划分值:0.000,左节点损失:0.000,右节点损失:31.631,总损失:31.631
('----划分特征：', 409)
------划分值:0.000,左节点损失:0.000,右节点损失:31.631,总损失:31.631
------划分值:1.000,左节点损失:26.116,右节点损失:2.859,总损失:28.975
('----划分特征：', 410)
------划分值:0.000,左节点损失:0.000,右节点损失:31.631,总损失:31.631
------划分值:1.000,左节点损失:23.536,右节点损失:7.527,总损失:31.064
('----划分特征：', 411)
------划分值:0.000,左节点损失:0.000,右节点损失:31.631,总损失:31.631
------划分值:1.000,左节点损失:18.966,右节点损失:12.542,总损失:31.508
('----划分特征：', 412)
------划分值:0.000,左节点损失:0.000,右节点损失:31.631,总损失:31.631
------划分值:1.000,左节点损失:14.181,右节点损失:15.072,总损失:29.252
('----划分特征：', 413)
------划分值:0.000,左节点损失:0.000,右节点损失:31.631,总损失:31.631
------划分值:1.000,左节点损失:12.097,右节点损失:13.242,总损失:25.338
('----划分特征：', 414)
------划分值:0.000,左节点损失:0.000,右节点损失:31.631,总损失:31.631
------划分值:1.000,左节点损失:15.848,右节点损失:8.452,总损失:24.300
('----划分特征：', 415)
------划分值:0.000,左节点损失:0.000,右节点损失:31.631,总损失:31.631
------划分值:1.000,左节点损失:21.939,右节点损失:4.635,总损失:26.574
('----划分特征：', 416)
------划分值:0.000,左节点损失:0.000,右节点损失:31.631,总损失:31.631
------划分值:1.000,左节点损失:28.833,右节点损失:1.644,总损失:30.477
('----划分特征：', 417)
------划分值:0.000,左节点损失:0.000,右节点损失:31.631,总损失:31.631
------划分值:1.000,左节点损失:31.575,右节点损失:0.055,总损失:31.630
('----划分特征：', 418)
------划分值:0.000,左节点损失:0.000,右节点损失:31.631,总损失:31.631
('----划分特征：', 419)
------划分值:0.000,左节点损失:0.000,右节点损失:31.631,总损失:31.631
('----划分特征：', 420)
------划分值:0.000,左节点损失:0.000,右节点损失:31.631,总损失:31.631
('----划分特征：', 421)
------划分值:0.000,左节点损失:0.000,右节点损失:31.631,总损失:31.631
('----划分特征：', 422)
------划分值:0.000,左节点损失:0.000,右节点损失:31.631,总损失:31.631
------划分值:1.000,左节点损失:31.630,右节点损失:0.000,总损失:31.630
('----划分特征：', 423)
------划分值:0.000,左节点损失:0.000,右节点损失:31.631,总损失:31.631
------划分值:1.000,左节点损失:31.625,右节点损失:0.000,总损失:31.625
('----划分特征：', 424)
------划分值:0.000,左节点损失:0.000,右节点损失:31.631,总损失:31.631
------划分值:1.000,左节点损失:30.492,右节点损失:0.928,总损失:31.420
('----划分特征：', 425)
------划分值:0.000,左节点损失:0.000,右节点损失:31.631,总损失:31.631
------划分值:1.000,左节点损失:23.755,右节点损失:4.988,总损失:28.743
('----划分特征：', 426)
------划分值:0.000,左节点损失:0.000,右节点损失:31.631,总损失:31.631
------划分值:1.000,左节点损失:16.082,右节点损失:10.776,总损失:26.859
('----划分特征：', 427)
------划分值:0.000,左节点损失:0.000,右节点损失:31.631,总损失:31.631
------划分值:1.000,左节点损失:10.431,右节点损失:16.274,总损失:26.705
('----划分特征：', 428)
------划分值:0.000,左节点损失:0.000,右节点损失:31.631,总损失:31.631
------划分值:1.000,左节点损失:9.785,右节点损失:18.874,总损失:28.659
('----划分特征：', 429)
------划分值:0.000,左节点损失:0.000,右节点损失:31.631,总损失:31.631
------划分值:1.000,左节点损失:14.596,右节点损失:16.375,总损失:30.971
('----划分特征：', 430)
------划分值:0.000,左节点损失:0.000,右节点损失:31.631,总损失:31.631
------划分值:1.000,左节点损失:21.553,右节点损失:10.038,总损失:31.591
('----划分特征：', 431)
------划分值:0.000,左节点损失:0.000,右节点损失:31.631,总损失:31.631
------划分值:1.000,左节点损失:26.185,右节点损失:4.575,总损失:30.760
('----划分特征：', 432)
------划分值:0.000,左节点损失:0.000,右节点损失:31.631,总损失:31.631
------划分值:1.000,左节点损失:28.013,右节点损失:1.584,总损失:29.596
('----划分特征：', 433)
------划分值:0.000,左节点损失:0.000,右节点损失:31.631,总损失:31.631
------划分值:1.000,左节点损失:27.855,右节点损失:0.532,总损失:28.387
('----划分特征：', 434)
------划分值:0.000,左节点损失:0.000,右节点损失:31.631,总损失:31.631
------划分值:1.000,左节点损失:27.518,右节点损失:0.178,总损失:27.696
('----划分特征：', 435)
------划分值:1.000,左节点损失:27.013,右节点损失:0.237,总损失:27.249
------划分值:0.000,左节点损失:0.000,右节点损失:31.631,总损失:31.631
('----划分特征：', 436)
------划分值:1.000,左节点损失:27.040,右节点损失:0.944,总损失:27.983
------划分值:0.000,左节点损失:0.000,右节点损失:31.631,总损失:31.631
('----划分特征：', 437)
------划分值:1.000,左节点损失:25.341,右节点损失:4.391,总损失:29.732
------划分值:0.000,左节点损失:0.000,右节点损失:31.631,总损失:31.631
('----划分特征：', 438)
------划分值:1.000,左节点损失:22.267,右节点损失:9.123,总损失:31.389
------划分值:0.000,左节点损失:0.000,右节点损失:31.631,总损失:31.631
('----划分特征：', 439)
------划分值:0.000,左节点损失:0.000,右节点损失:31.631,总损失:31.631
------划分值:1.000,左节点损失:16.897,右节点损失:14.277,总损失:31.174
('----划分特征：', 440)
------划分值:0.000,左节点损失:0.000,右节点损失:31.631,总损失:31.631
------划分值:1.000,左节点损失:13.275,右节点损失:15.679,总损失:28.954
('----划分特征：', 441)
------划分值:0.000,左节点损失:0.000,右节点损失:31.631,总损失:31.631
------划分值:1.000,左节点损失:13.712,右节点损失:13.080,总损失:26.792
('----划分特征：', 442)
------划分值:0.000,左节点损失:0.000,右节点损失:31.631,总损失:31.631
------划分值:1.000,左节点损失:17.795,右节点损失:8.708,总损失:26.503
('----划分特征：', 443)
------划分值:0.000,左节点损失:0.000,右节点损失:31.631,总损失:31.631
------划分值:1.000,左节点损失:23.362,右节点损失:4.605,总损失:27.966
('----划分特征：', 444)
------划分值:0.000,左节点损失:0.000,右节点损失:31.631,总损失:31.631
------划分值:1.000,左节点损失:29.123,右节点损失:1.659,总损失:30.782
('----划分特征：', 445)
------划分值:0.000,左节点损失:0.000,右节点损失:31.631,总损失:31.631
------划分值:1.000,左节点损失:31.574,右节点损失:0.056,总损失:31.630
('----划分特征：', 446)
------划分值:0.000,左节点损失:0.000,右节点损失:31.631,总损失:31.631
------划分值:1.000,左节点损失:31.630,右节点损失:0.000,总损失:31.630
('----划分特征：', 447)
------划分值:0.000,左节点损失:0.000,右节点损失:31.631,总损失:31.631
('----划分特征：', 448)
------划分值:0.000,左节点损失:0.000,右节点损失:31.631,总损失:31.631
('----划分特征：', 449)
------划分值:0.000,左节点损失:0.000,右节点损失:31.631,总损失:31.631
('----划分特征：', 450)
------划分值:0.000,左节点损失:0.000,右节点损失:31.631,总损失:31.631
------划分值:1.000,左节点损失:31.630,右节点损失:0.000,总损失:31.630
('----划分特征：', 451)
------划分值:0.000,左节点损失:0.000,右节点损失:31.631,总损失:31.631
------划分值:1.000,左节点损失:31.624,右节点损失:0.000,总损失:31.624
('----划分特征：', 452)
------划分值:0.000,左节点损失:0.000,右节点损失:31.631,总损失:31.631
------划分值:1.000,左节点损失:29.948,右节点损失:1.344,总损失:31.292
('----划分特征：', 453)
------划分值:0.000,左节点损失:0.000,右节点损失:31.631,总损失:31.631
------划分值:1.000,左节点损失:22.269,右节点损失:6.017,总损失:28.286
('----划分特征：', 454)
------划分值:0.000,左节点损失:0.000,右节点损失:31.631,总损失:31.631
------划分值:1.000,左节点损失:14.746,右节点损失:11.680,总损失:26.426
('----划分特征：', 455)
------划分值:0.000,左节点损失:0.000,右节点损失:31.631,总损失:31.631
------划分值:1.000,左节点损失:9.717,右节点损失:16.584,总损失:26.301
('----划分特征：', 456)
------划分值:0.000,左节点损失:0.000,右节点损失:31.631,总损失:31.631
------划分值:1.000,左节点损失:10.772,右节点损失:18.007,总损失:28.778
('----划分特征：', 457)
------划分值:0.000,左节点损失:0.000,右节点损失:31.631,总损失:31.631
------划分值:1.000,左节点损失:17.138,右节点损失:14.112,总损失:31.249
('----划分特征：', 458)
------划分值:0.000,左节点损失:0.000,右节点损失:31.631,总损失:31.631
------划分值:1.000,左节点损失:24.461,右节点损失:6.944,总损失:31.405
('----划分特征：', 459)
------划分值:0.000,左节点损失:0.000,右节点损失:31.631,总损失:31.631
------划分值:1.000,左节点损失:27.791,右节点损失:2.668,总损失:30.459
('----划分特征：', 460)
------划分值:0.000,左节点损失:0.000,右节点损失:31.631,总损失:31.631
------划分值:1.000,左节点损失:28.463,右节点损失:1.176,总损失:29.639
('----划分特征：', 461)
------划分值:0.000,左节点损失:0.000,右节点损失:31.631,总损失:31.631
------划分值:1.000,左节点损失:28.487,右节点损失:0.296,总损失:28.783
('----划分特征：', 462)
------划分值:0.000,左节点损失:0.000,右节点损失:31.631,总损失:31.631
------划分值:1.000,左节点损失:27.861,右节点损失:0.237,总损失:28.098
('----划分特征：', 463)
------划分值:0.000,左节点损失:0.000,右节点损失:31.631,总损失:31.631
------划分值:1.000,左节点损失:27.496,右节点损失:0.650,总损失:28.145
('----划分特征：', 464)
------划分值:0.000,左节点损失:0.000,右节点损失:31.631,总损失:31.631
------划分值:1.000,左节点损失:26.666,右节点损失:2.455,总损失:29.121
('----划分特征：', 465)
------划分值:1.000,左节点损失:24.005,右节点损失:6.694,总损失:30.700
------划分值:0.000,左节点损失:0.000,右节点损失:31.631,总损失:31.631
('----划分特征：', 466)
------划分值:1.000,左节点损失:19.570,右节点损失:12.059,总损失:31.629
------划分值:0.000,左节点损失:0.000,右节点损失:31.631,总损失:31.631
('----划分特征：', 467)
------划分值:1.000,左节点损失:14.751,右节点损失:15.969,总损失:30.720
------划分值:0.000,左节点损失:0.000,右节点损失:31.631,总损失:31.631
('----划分特征：', 468)
------划分值:0.000,左节点损失:0.000,右节点损失:31.631,总损失:31.631
------划分值:1.000,左节点损失:12.736,右节点损失:16.096,总损失:28.833
('----划分特征：', 469)
------划分值:0.000,左节点损失:0.000,右节点损失:31.631,总损失:31.631
------划分值:1.000,左节点损失:15.046,右节点损失:12.572,总损失:27.618
('----划分特征：', 470)
------划分值:0.000,左节点损失:0.000,右节点损失:31.631,总损失:31.631
------划分值:1.000,左节点损失:19.302,右节点损失:8.482,总损失:27.785
('----划分特征：', 471)
------划分值:0.000,左节点损失:0.000,右节点损失:31.631,总损失:31.631
------划分值:1.000,左节点损失:24.719,右节点损失:4.447,总损失:29.166
('----划分特征：', 472)
------划分值:0.000,左节点损失:0.000,右节点损失:31.631,总损失:31.631
------划分值:1.000,左节点损失:29.846,右节点损失:1.454,总损失:31.301
('----划分特征：', 473)
------划分值:0.000,左节点损失:0.000,右节点损失:31.631,总损失:31.631
------划分值:1.000,左节点损失:31.620,右节点损失:0.000,总损失:31.620
('----划分特征：', 474)
------划分值:0.000,左节点损失:0.000,右节点损失:31.631,总损失:31.631
------划分值:1.000,左节点损失:31.630,右节点损失:0.000,总损失:31.630
('----划分特征：', 475)
------划分值:0.000,左节点损失:0.000,右节点损失:31.631,总损失:31.631
('----划分特征：', 476)
------划分值:0.000,左节点损失:0.000,右节点损失:31.631,总损失:31.631
('----划分特征：', 477)
------划分值:0.000,左节点损失:0.000,右节点损失:31.631,总损失:31.631
('----划分特征：', 478)
------划分值:0.000,左节点损失:0.000,右节点损失:31.631,总损失:31.631
------划分值:1.000,左节点损失:31.629,右节点损失:0.000,总损失:31.629
('----划分特征：', 479)
------划分值:0.000,左节点损失:0.000,右节点损失:31.631,总损失:31.631
------划分值:1.000,左节点损失:31.617,右节点损失:0.000,总损失:31.617
('----划分特征：', 480)
------划分值:0.000,左节点损失:0.000,右节点损失:31.631,总损失:31.631
------划分值:1.000,左节点损失:29.594,右节点损失:1.692,总损失:31.287
('----划分特征：', 481)
------划分值:0.000,左节点损失:0.000,右节点损失:31.631,总损失:31.631
------划分值:1.000,左节点损失:20.975,右节点损失:7.028,总损失:28.003
('----划分特征：', 482)
------划分值:0.000,左节点损失:0.000,右节点损失:31.631,总损失:31.631
------划分值:1.000,左节点损失:13.458,右节点损失:12.078,总损失:25.536
('----划分特征：', 483)
------划分值:0.000,左节点损失:0.000,右节点损失:31.631,总损失:31.631
------划分值:1.000,左节点损失:9.498,右节点损失:16.535,总损失:26.033
('----划分特征：', 484)
------划分值:0.000,左节点损失:0.000,右节点损失:31.631,总损失:31.631
------划分值:1.000,左节点损失:11.491,右节点损失:17.087,总损失:28.578
('----划分特征：', 485)
------划分值:0.000,左节点损失:0.000,右节点损失:31.631,总损失:31.631
------划分值:1.000,左节点损失:18.117,右节点损失:13.071,总损失:31.188
('----划分特征：', 486)
------划分值:0.000,左节点损失:0.000,右节点损失:31.631,总损失:31.631
------划分值:1.000,左节点损失:25.576,右节点损失:5.847,总损失:31.422
('----划分特征：', 487)
------划分值:0.000,左节点损失:0.000,右节点损失:31.631,总损失:31.631
------划分值:1.000,左节点损失:27.995,右节点损失:2.718,总损失:30.713
('----划分特征：', 488)
------划分值:0.000,左节点损失:0.000,右节点损失:31.631,总损失:31.631
------划分值:1.000,左节点损失:28.795,右节点损失:1.349,总损失:30.143
('----划分特征：', 489)
------划分值:0.000,左节点损失:0.000,右节点损失:31.631,总损失:31.631
------划分值:1.000,左节点损失:28.764,右节点损失:0.767,总损失:29.530
('----划分特征：', 490)
------划分值:0.000,左节点损失:0.000,右节点损失:31.631,总损失:31.631
------划分值:1.000,左节点损失:27.929,右节点损失:1.177,总损失:29.106
('----划分特征：', 491)
------划分值:0.000,左节点损失:0.000,右节点损失:31.631,总损失:31.631
------划分值:1.000,左节点损失:26.832,右节点损失:2.682,总损失:29.514
('----划分特征：', 492)
------划分值:0.000,左节点损失:0.000,右节点损失:31.631,总损失:31.631
------划分值:1.000,左节点损失:25.110,右节点损失:5.323,总损失:30.433
('----划分特征：', 493)
------划分值:1.000,左节点损失:21.101,右节点损失:10.372,总损失:31.474
------划分值:0.000,左节点损失:0.000,右节点损失:31.631,总损失:31.631
('----划分特征：', 494)
------划分值:1.000,左节点损失:15.820,右节点损失:15.517,总损失:31.337
------划分值:0.000,左节点损失:0.000,右节点损失:31.631,总损失:31.631
('----划分特征：', 495)
------划分值:1.000,左节点损失:13.043,右节点损失:17.074,总损失:30.117
------划分值:0.000,左节点损失:0.000,右节点损失:31.631,总损失:31.631
('----划分特征：', 496)
------划分值:0.000,左节点损失:0.000,右节点损失:31.631,总损失:31.631
------划分值:1.000,左节点损失:13.112,右节点损失:15.840,总损失:28.952
('----划分特征：', 497)
------划分值:0.000,左节点损失:0.000,右节点损失:31.631,总损失:31.631
------划分值:1.000,左节点损失:17.047,右节点损失:11.666,总损失:28.714
('----划分特征：', 498)
------划分值:0.000,左节点损失:0.000,右节点损失:31.631,总损失:31.631
------划分值:1.000,左节点损失:21.564,右节点损失:7.591,总损失:29.155
('----划分特征：', 499)
------划分值:0.000,左节点损失:0.000,右节点损失:31.631,总损失:31.631
------划分值:1.000,左节点损失:27.007,右节点损失:3.578,总损失:30.585
('----划分特征：', 500)
------划分值:0.000,左节点损失:0.000,右节点损失:31.631,总损失:31.631
------划分值:1.000,左节点损失:30.128,右节点损失:1.355,总损失:31.482
('----划分特征：', 501)
------划分值:0.000,左节点损失:0.000,右节点损失:31.631,总损失:31.631
------划分值:1.000,左节点损失:31.612,右节点损失:0.000,总损失:31.612
('----划分特征：', 502)
------划分值:0.000,左节点损失:0.000,右节点损失:31.631,总损失:31.631
------划分值:1.000,左节点损失:31.627,右节点损失:0.000,总损失:31.627
('----划分特征：', 503)
------划分值:0.000,左节点损失:0.000,右节点损失:31.631,总损失:31.631
('----划分特征：', 504)
------划分值:0.000,左节点损失:0.000,右节点损失:31.631,总损失:31.631
('----划分特征：', 505)
------划分值:0.000,左节点损失:0.000,右节点损失:31.631,总损失:31.631
('----划分特征：', 506)
------划分值:0.000,左节点损失:0.000,右节点损失:31.631,总损失:31.631
------划分值:1.000,左节点损失:31.629,右节点损失:0.000,总损失:31.629
('----划分特征：', 507)
------划分值:0.000,左节点损失:0.000,右节点损失:31.631,总损失:31.631
------划分值:1.000,左节点损失:31.605,右节点损失:0.000,总损失:31.605
('----划分特征：', 508)
------划分值:0.000,左节点损失:0.000,右节点损失:31.631,总损失:31.631
------划分值:1.000,左节点损失:29.076,右节点损失:2.275,总损失:31.350
('----划分特征：', 509)
------划分值:0.000,左节点损失:0.000,右节点损失:31.631,总损失:31.631
------划分值:1.000,左节点损失:21.880,右节点损失:7.193,总损失:29.073
('----划分特征：', 510)
------划分值:0.000,左节点损失:0.000,右节点损失:31.631,总损失:31.631
------划分值:1.000,左节点损失:13.451,右节点损失:12.647,总损失:26.099
('----划分特征：', 511)
------划分值:0.000,左节点损失:0.000,右节点损失:31.631,总损失:31.631
------划分值:1.000,左节点损失:8.834,右节点损失:16.696,总损失:25.530
('----划分特征：', 512)
------划分值:0.000,左节点损失:0.000,右节点损失:31.631,总损失:31.631
------划分值:1.000,左节点损失:11.234,右节点损失:16.721,总损失:27.955
('----划分特征：', 513)
------划分值:0.000,左节点损失:0.000,右节点损失:31.631,总损失:31.631
------划分值:1.000,左节点损失:17.915,右节点损失:13.032,总损失:30.947
('----划分特征：', 514)
------划分值:0.000,左节点损失:0.000,右节点损失:31.631,总损失:31.631
------划分值:1.000,左节点损失:24.314,右节点损失:7.263,总损失:31.576
('----划分特征：', 515)
------划分值:0.000,左节点损失:0.000,右节点损失:31.631,总损失:31.631
------划分值:1.000,左节点损失:27.570,右节点损失:3.436,总损失:31.006
('----划分特征：', 516)
------划分值:0.000,左节点损失:0.000,右节点损失:31.631,总损失:31.631
------划分值:1.000,左节点损失:28.296,右节点损失:2.322,总损失:30.618
('----划分特征：', 517)
------划分值:0.000,左节点损失:0.000,右节点损失:31.631,总损失:31.631
------划分值:1.000,左节点损失:28.029,右节点损失:2.100,总损失:30.130
('----划分特征：', 518)
------划分值:0.000,左节点损失:0.000,右节点损失:31.631,总损失:31.631
------划分值:1.000,左节点损失:26.829,右节点损失:3.191,总损失:30.020
('----划分特征：', 519)
------划分值:1.000,左节点损失:24.125,右节点损失:6.583,总损失:30.707
------划分值:0.000,左节点损失:0.000,右节点损失:31.631,总损失:31.631
('----划分特征：', 520)
------划分值:1.000,左节点损失:21.155,右节点损失:10.251,总损失:31.406
------划分值:0.000,左节点损失:0.000,右节点损失:31.631,总损失:31.631
('----划分特征：', 521)
------划分值:1.000,左节点损失:15.768,右节点损失:15.737,总损失:31.505
------划分值:0.000,左节点损失:0.000,右节点损失:31.631,总损失:31.631
('----划分特征：', 522)
------划分值:1.000,左节点损失:12.539,右节点损失:18.193,总损失:30.732
------划分值:0.000,左节点损失:0.000,右节点损失:31.631,总损失:31.631
('----划分特征：', 523)
------划分值:1.000,左节点损失:11.989,右节点损失:17.689,总损失:29.677
------划分值:0.000,左节点损失:0.000,右节点损失:31.631,总损失:31.631
('----划分特征：', 524)
------划分值:0.000,左节点损失:0.000,右节点损失:31.631,总损失:31.631
------划分值:1.000,左节点损失:15.876,右节点损失:13.813,总损失:29.689
('----划分特征：', 525)
------划分值:0.000,左节点损失:0.000,右节点损失:31.631,总损失:31.631
------划分值:1.000,左节点损失:20.054,右节点损失:9.869,总损失:29.923
('----划分特征：', 526)
------划分值:0.000,左节点损失:0.000,右节点损失:31.631,总损失:31.631
------划分值:1.000,左节点损失:24.996,右节点损失:5.678,总损失:30.673
('----划分特征：', 527)
------划分值:0.000,左节点损失:0.000,右节点损失:31.631,总损失:31.631
------划分值:1.000,左节点损失:28.968,右节点损失:2.408,总损失:31.377
('----划分特征：', 528)
------划分值:0.000,左节点损失:0.000,右节点损失:31.631,总损失:31.631
------划分值:1.000,左节点损失:31.059,右节点损失:0.566,总损失:31.625
('----划分特征：', 529)
------划分值:0.000,左节点损失:0.000,右节点损失:31.631,总损失:31.631
------划分值:1.000,左节点损失:31.616,右节点损失:0.000,总损失:31.616
('----划分特征：', 530)
------划分值:0.000,左节点损失:0.000,右节点损失:31.631,总损失:31.631
------划分值:1.000,左节点损失:31.630,右节点损失:0.000,总损失:31.630
('----划分特征：', 531)
------划分值:0.000,左节点损失:0.000,右节点损失:31.631,总损失:31.631
------划分值:1.000,左节点损失:31.630,右节点损失:0.000,总损失:31.630
('----划分特征：', 532)
------划分值:0.000,左节点损失:0.000,右节点损失:31.631,总损失:31.631
('----划分特征：', 533)
------划分值:0.000,左节点损失:0.000,右节点损失:31.631,总损失:31.631
('----划分特征：', 534)
------划分值:0.000,左节点损失:0.000,右节点损失:31.631,总损失:31.631
------划分值:1.000,左节点损失:31.627,右节点损失:0.000,总损失:31.627
('----划分特征：', 535)
------划分值:0.000,左节点损失:0.000,右节点损失:31.631,总损失:31.631
------划分值:1.000,左节点损失:31.494,右节点损失:0.115,总损失:31.610
('----划分特征：', 536)
------划分值:0.000,左节点损失:0.000,右节点损失:31.631,总损失:31.631
------划分值:1.000,左节点损失:29.250,右节点损失:2.243,总损失:31.493
('----划分特征：', 537)
------划分值:0.000,左节点损失:0.000,右节点损失:31.631,总损失:31.631
------划分值:1.000,左节点损失:22.110,右节点损失:7.621,总损失:29.731
('----划分特征：', 538)
------划分值:0.000,左节点损失:0.000,右节点损失:31.631,总损失:31.631
------划分值:1.000,左节点损失:14.456,右节点损失:13.035,总损失:27.491
('----划分特征：', 539)
------划分值:0.000,左节点损失:0.000,右节点损失:31.631,总损失:31.631
------划分值:1.000,左节点损失:8.940,右节点损失:17.197,总损失:26.138
('----划分特征：', 540)
------划分值:0.000,左节点损失:0.000,右节点损失:31.631,总损失:31.631
------划分值:1.000,左节点损失:10.080,右节点损失:17.786,总损失:27.866
('----划分特征：', 541)
------划分值:0.000,左节点损失:0.000,右节点损失:31.631,总损失:31.631
------划分值:1.000,左节点损失:15.162,右节点损失:15.309,总损失:30.470
('----划分特征：', 542)
------划分值:0.000,左节点损失:0.000,右节点损失:31.631,总损失:31.631
------划分值:1.000,左节点损失:20.770,右节点损失:10.828,总损失:31.598
('----划分特征：', 543)
------划分值:0.000,左节点损失:0.000,右节点损失:31.631,总损失:31.631
------划分值:1.000,左节点损失:23.996,右节点损失:7.497,总损失:31.493
('----划分特征：', 544)
------划分值:0.000,左节点损失:0.000,右节点损失:31.631,总损失:31.631
------划分值:1.000,左节点损失:24.850,右节点损失:6.349,总损失:31.199
('----划分特征：', 545)
------划分值:1.000,左节点损失:24.095,右节点损失:6.977,总损失:31.072
------划分值:0.000,左节点损失:0.000,右节点损失:31.631,总损失:31.631
('----划分特征：', 546)
------划分值:1.000,左节点损失:21.989,右节点损失:9.194,总损失:31.182
------划分值:0.000,左节点损失:0.000,右节点损失:31.631,总损失:31.631
('----划分特征：', 547)
------划分值:1.000,左节点损失:18.808,右节点损失:12.758,总损失:31.566
------划分值:0.000,左节点损失:0.000,右节点损失:31.631,总损失:31.631
('----划分特征：', 548)
------划分值:1.000,左节点损失:14.393,右节点损失:17.093,总损失:31.486
------划分值:0.000,左节点损失:0.000,右节点损失:31.631,总损失:31.631
('----划分特征：', 549)
------划分值:1.000,左节点损失:11.803,右节点损失:19.120,总损失:30.923
------划分值:0.000,左节点损失:0.000,右节点损失:31.631,总损失:31.631
('----划分特征：', 550)
------划分值:1.000,左节点损失:11.346,右节点损失:18.921,总损失:30.268
------划分值:0.000,左节点损失:0.000,右节点损失:31.631,总损失:31.631
('----划分特征：', 551)
------划分值:1.000,左节点损失:14.284,右节点损失:15.842,总损失:30.126
------划分值:0.000,左节点损失:0.000,右节点损失:31.631,总损失:31.631
('----划分特征：', 552)
------划分值:0.000,左节点损失:0.000,右节点损失:31.631,总损失:31.631
------划分值:1.000,左节点损失:19.207,右节点损失:11.296,总损失:30.503
('----划分特征：', 553)
------划分值:0.000,左节点损失:0.000,右节点损失:31.631,总损失:31.631
------划分值:1.000,左节点损失:23.219,右节点损失:7.546,总损失:30.765
('----划分特征：', 554)
------划分值:0.000,左节点损失:0.000,右节点损失:31.631,总损失:31.631
------划分值:1.000,左节点损失:27.879,右节点损失:3.519,总损失:31.398
('----划分特征：', 555)
------划分值:0.000,左节点损失:0.000,右节点损失:31.631,总损失:31.631
------划分值:1.000,左节点损失:30.047,右节点损失:1.530,总损失:31.577
('----划分特征：', 556)
------划分值:0.000,左节点损失:0.000,右节点损失:31.631,总损失:31.631
------划分值:1.000,左节点损失:31.404,右节点损失:0.222,总损失:31.626
('----划分特征：', 557)
------划分值:0.000,左节点损失:0.000,右节点损失:31.631,总损失:31.631
------划分值:1.000,左节点损失:31.624,右节点损失:0.000,总损失:31.624
('----划分特征：', 558)
------划分值:0.000,左节点损失:0.000,右节点损失:31.631,总损失:31.631
('----划分特征：', 559)
------划分值:0.000,左节点损失:0.000,右节点损失:31.631,总损失:31.631
('----划分特征：', 560)
------划分值:0.000,左节点损失:0.000,右节点损失:31.631,总损失:31.631
('----划分特征：', 561)
------划分值:0.000,左节点损失:0.000,右节点损失:31.631,总损失:31.631
('----划分特征：', 562)
------划分值:0.000,左节点损失:0.000,右节点损失:31.631,总损失:31.631
------划分值:1.000,左节点损失:31.624,右节点损失:0.000,总损失:31.624
('----划分特征：', 563)
------划分值:0.000,左节点损失:0.000,右节点损失:31.631,总损失:31.631
------划分值:1.000,左节点损失:31.542,右节点损失:0.058,总损失:31.601
('----划分特征：', 564)
------划分值:0.000,左节点损失:0.000,右节点损失:31.631,总损失:31.631
------划分值:1.000,左节点损失:29.678,右节点损失:1.907,总损失:31.585
('----划分特征：', 565)
------划分值:0.000,左节点损失:0.000,右节点损失:31.631,总损失:31.631
------划分值:1.000,左节点损失:25.064,右节点损失:5.895,总损失:30.959
('----划分特征：', 566)
------划分值:0.000,左节点损失:0.000,右节点损失:31.631,总损失:31.631
------划分值:1.000,左节点损失:17.188,右节点损失:11.976,总损失:29.163
('----划分特征：', 567)
------划分值:0.000,左节点损失:0.000,右节点损失:31.631,总损失:31.631
------划分值:1.000,左节点损失:10.635,右节点损失:17.048,总损失:27.683
('----划分特征：', 568)
------划分值:0.000,左节点损失:0.000,右节点损失:31.631,总损失:31.631
------划分值:1.000,左节点损失:8.970,右节点损失:19.041,总损失:28.011
('----划分特征：', 569)
------划分值:0.000,左节点损失:0.000,右节点损失:31.631,总损失:31.631
------划分值:1.000,左节点损失:9.981,右节点损失:19.378,总损失:29.358
('----划分特征：', 570)
------划分值:0.000,左节点损失:0.000,右节点损失:31.631,总损失:31.631
------划分值:1.000,左节点损失:13.860,右节点损失:17.031,总损失:30.891
('----划分特征：', 571)
------划分值:0.000,左节点损失:0.000,右节点损失:31.631,总损失:31.631
------划分值:1.000,左节点损失:17.627,右节点损失:13.936,总损失:31.563
('----划分特征：', 572)
------划分值:1.000,左节点损失:17.981,右节点损失:13.649,总损失:31.630
------划分值:0.000,左节点损失:0.000,右节点损失:31.631,总损失:31.631
('----划分特征：', 573)
------划分值:1.000,左节点损失:16.609,右节点损失:15.021,总损失:31.631
------划分值:0.000,左节点损失:0.000,右节点损失:31.631,总损失:31.631
('----划分特征：', 574)
------划分值:1.000,左节点损失:14.413,右节点损失:17.188,总损失:31.600
------划分值:0.000,左节点损失:0.000,右节点损失:31.631,总损失:31.631
('----划分特征：', 575)
------划分值:1.000,左节点损失:11.685,右节点损失:19.654,总损失:31.339
------划分值:0.000,左节点损失:0.000,右节点损失:31.631,总损失:31.631
('----划分特征：', 576)
------划分值:1.000,左节点损失:9.709,右节点损失:21.055,总损失:30.764
------划分值:0.000,左节点损失:0.000,右节点损失:31.631,总损失:31.631
('----划分特征：', 577)
------划分值:1.000,左节点损失:10.089,右节点损失:20.202,总损失:30.290
------划分值:0.000,左节点损失:0.000,右节点损失:31.631,总损失:31.631
('----划分特征：', 578)
------划分值:0.000,左节点损失:0.000,右节点损失:31.631,总损失:31.631
------划分值:1.000,左节点损失:13.973,右节点损失:16.542,总损失:30.515
('----划分特征：', 579)
------划分值:0.000,左节点损失:0.000,右节点损失:31.631,总损失:31.631
------划分值:1.000,左节点损失:19.079,右节点损失:11.888,总损失:30.967
('----划分特征：', 580)
------划分值:0.000,左节点损失:0.000,右节点损失:31.631,总损失:31.631
------划分值:1.000,左节点损失:23.100,右节点损失:8.036,总损失:31.135
('----划分特征：', 581)
------划分值:0.000,左节点损失:0.000,右节点损失:31.631,总损失:31.631
------划分值:1.000,左节点损失:27.032,右节点损失:4.414,总损失:31.445
('----划分特征：', 582)
------划分值:0.000,左节点损失:0.000,右节点损失:31.631,总损失:31.631
------划分值:1.000,左节点损失:29.615,右节点损失:1.984,总损失:31.599
('----划分特征：', 583)
------划分值:0.000,左节点损失:0.000,右节点损失:31.631,总损失:31.631
------划分值:1.000,左节点损失:30.988,右节点损失:0.643,总损失:31.631
('----划分特征：', 584)
------划分值:0.000,左节点损失:0.000,右节点损失:31.631,总损失:31.631
------划分值:1.000,左节点损失:31.504,右节点损失:0.114,总损失:31.619
('----划分特征：', 585)
------划分值:0.000,左节点损失:0.000,右节点损失:31.631,总损失:31.631
------划分值:1.000,左节点损失:31.626,右节点损失:0.000,总损失:31.626
('----划分特征：', 586)
------划分值:0.000,左节点损失:0.000,右节点损失:31.631,总损失:31.631
------划分值:1.000,左节点损失:31.581,右节点损失:0.040,总损失:31.621
('----划分特征：', 587)
------划分值:0.000,左节点损失:0.000,右节点损失:31.631,总损失:31.631
('----划分特征：', 588)
------划分值:0.000,左节点损失:0.000,右节点损失:31.631,总损失:31.631
('----划分特征：', 589)
------划分值:0.000,左节点损失:0.000,右节点损失:31.631,总损失:31.631
('----划分特征：', 590)
------划分值:0.000,左节点损失:0.000,右节点损失:31.631,总损失:31.631
------划分值:1.000,左节点损失:31.626,右节点损失:0.000,总损失:31.626
('----划分特征：', 591)
------划分值:0.000,左节点损失:0.000,右节点损失:31.631,总损失:31.631
------划分值:1.000,左节点损失:31.550,右节点损失:0.058,总损失:31.608
('----划分特征：', 592)
------划分值:0.000,左节点损失:0.000,右节点损失:31.631,总损失:31.631
------划分值:1.000,左节点损失:30.431,右节点损失:1.192,总损失:31.623
('----划分特征：', 593)
------划分值:0.000,左节点损失:0.000,右节点损失:31.631,总损失:31.631
------划分值:1.000,左节点损失:26.963,右节点损失:4.370,总损失:31.333
('----划分特征：', 594)
------划分值:0.000,左节点损失:0.000,右节点损失:31.631,总损失:31.631
------划分值:1.000,左节点损失:21.359,右节点损失:9.219,总损失:30.578
('----划分特征：', 595)
------划分值:0.000,左节点损失:0.000,右节点损失:31.631,总损失:31.631
------划分值:1.000,左节点损失:14.124,右节点损失:15.186,总损失:29.309
('----划分特征：', 596)
------划分值:0.000,左节点损失:0.000,右节点损失:31.631,总损失:31.631
------划分值:1.000,左节点损失:9.345,右节点损失:19.243,总损失:28.588
('----划分特征：', 597)
------划分值:0.000,左节点损失:0.000,右节点损失:31.631,总损失:31.631
------划分值:1.000,左节点损失:6.500,右节点损失:22.179,总损失:28.679
('----划分特征：', 598)
------划分值:1.000,左节点损失:6.538,右节点损失:22.894,总损失:29.432
------划分值:0.000,左节点损失:0.000,右节点损失:31.631,总损失:31.631
('----划分特征：', 599)
------划分值:1.000,左节点损失:8.045,右节点损失:22.375,总损失:30.420
------划分值:0.000,左节点损失:0.000,右节点损失:31.631,总损失:31.631
('----划分特征：', 600)
------划分值:1.000,左节点损失:9.188,右节点损失:21.766,总损失:30.955
------划分值:0.000,左节点损失:0.000,右节点损失:31.631,总损失:31.631
('----划分特征：', 601)
------划分值:1.000,左节点损失:8.898,右节点损失:22.152,总损失:31.049
------划分值:0.000,左节点损失:0.000,右节点损失:31.631,总损失:31.631
('----划分特征：', 602)
------划分值:1.000,左节点损失:8.374,右节点损失:22.548,总损失:30.921
------划分值:0.000,左节点损失:0.000,右节点损失:31.631,总损失:31.631
('----划分特征：', 603)
------划分值:1.000,左节点损失:7.870,右节点损失:22.657,总损失:30.528
------划分值:0.000,左节点损失:0.000,右节点损失:31.631,总损失:31.631
('----划分特征：', 604)
------划分值:0.000,左节点损失:0.000,右节点损失:31.631,总损失:31.631
------划分值:1.000,左节点损失:9.217,右节点损失:21.003,总损失:30.220
('----划分特征：', 605)
------划分值:0.000,左节点损失:0.000,右节点损失:31.631,总损失:31.631
------划分值:1.000,左节点损失:13.959,右节点损失:16.665,总损失:30.624
('----划分特征：', 606)
------划分值:0.000,左节点损失:0.000,右节点损失:31.631,总损失:31.631
------划分值:1.000,左节点损失:18.950,右节点损失:12.112,总损失:31.062
('----划分特征：', 607)
------划分值:0.000,左节点损失:0.000,右节点损失:31.631,总损失:31.631
------划分值:1.000,左节点损失:23.301,右节点损失:8.038,总损失:31.339
('----划分特征：', 608)
------划分值:0.000,左节点损失:0.000,右节点损失:31.631,总损失:31.631
------划分值:1.000,左节点损失:26.743,右节点损失:4.762,总损失:31.504
('----划分特征：', 609)
------划分值:0.000,左节点损失:0.000,右节点损失:31.631,总损失:31.631
------划分值:1.000,左节点损失:29.241,右节点损失:2.364,总损失:31.605
('----划分特征：', 610)
------划分值:0.000,左节点损失:0.000,右节点损失:31.631,总损失:31.631
------划分值:1.000,左节点损失:30.911,右节点损失:0.713,总损失:31.624
('----划分特征：', 611)
------划分值:0.000,左节点损失:0.000,右节点损失:31.631,总损失:31.631
------划分值:1.000,左节点损失:31.445,右节点损失:0.171,总损失:31.615
('----划分特征：', 612)
------划分值:0.000,左节点损失:0.000,右节点损失:31.631,总损失:31.631
------划分值:1.000,左节点损失:31.563,右节点损失:0.058,总损失:31.621
('----划分特征：', 613)
------划分值:0.000,左节点损失:0.000,右节点损失:31.631,总损失:31.631
------划分值:1.000,左节点损失:31.626,右节点损失:0.000,总损失:31.626
('----划分特征：', 614)
------划分值:0.000,左节点损失:0.000,右节点损失:31.631,总损失:31.631
------划分值:1.000,左节点损失:31.582,右节点损失:0.030,总损失:31.612
('----划分特征：', 615)
------划分值:0.000,左节点损失:0.000,右节点损失:31.631,总损失:31.631
('----划分特征：', 616)
------划分值:0.000,左节点损失:0.000,右节点损失:31.631,总损失:31.631
('----划分特征：', 617)
------划分值:0.000,左节点损失:0.000,右节点损失:31.631,总损失:31.631
('----划分特征：', 618)
------划分值:0.000,左节点损失:0.000,右节点损失:31.631,总损失:31.631
------划分值:1.000,左节点损失:31.629,右节点损失:0.000,总损失:31.629
('----划分特征：', 619)
------划分值:0.000,左节点损失:0.000,右节点损失:31.631,总损失:31.631
------划分值:1.000,左节点损失:31.568,右节点损失:0.057,总损失:31.625
('----划分特征：', 620)
------划分值:0.000,左节点损失:0.000,右节点损失:31.631,总损失:31.631
------划分值:1.000,左节点损失:31.293,右节点损失:0.332,总损失:31.625
('----划分特征：', 621)
------划分值:0.000,左节点损失:0.000,右节点损失:31.631,总损失:31.631
------划分值:1.000,左节点损失:29.039,右节点损失:2.465,总损失:31.504
('----划分特征：', 622)
------划分值:0.000,左节点损失:0.000,右节点损失:31.631,总损失:31.631
------划分值:1.000,左节点损失:25.392,右节点损失:5.769,总损失:31.161
('----划分特征：', 623)
------划分值:1.000,左节点损失:19.891,右节点损失:10.639,总损失:30.530
------划分值:0.000,左节点损失:0.000,右节点损失:31.631,总损失:31.631
('----划分特征：', 624)
------划分值:1.000,左节点损失:14.565,右节点损失:15.423,总损失:29.988
------划分值:0.000,左节点损失:0.000,右节点损失:31.631,总损失:31.631
('----划分特征：', 625)
------划分值:1.000,左节点损失:9.266,右节点损失:20.054,总损失:29.320
------划分值:0.000,左节点损失:0.000,右节点损失:31.631,总损失:31.631
('----划分特征：', 626)
------划分值:1.000,左节点损失:5.758,右节点损失:23.433,总损失:29.191
------划分值:0.000,左节点损失:0.000,右节点损失:31.631,总损失:31.631
('----划分特征：', 627)
------划分值:1.000,左节点损失:5.072,右节点损失:24.543,总损失:29.615
------划分值:0.000,左节点损失:0.000,右节点损失:31.631,总损失:31.631
('----划分特征：', 628)
------划分值:1.000,左节点损失:5.120,右节点损失:24.788,总损失:29.908
------划分值:0.000,左节点损失:0.000,右节点损失:31.631,总损失:31.631
('----划分特征：', 629)
------划分值:1.000,左节点损失:6.230,右节点损失:23.954,总损失:30.184
------划分值:0.000,左节点损失:0.000,右节点损失:31.631,总损失:31.631
('----划分特征：', 630)
------划分值:0.000,左节点损失:0.000,右节点损失:31.631,总损失:31.631
------划分值:1.000,左节点损失:7.505,右节点损失:22.747,总损失:30.251
('----划分特征：', 631)
------划分值:0.000,左节点损失:0.000,右节点损失:31.631,总损失:31.631
------划分值:1.000,左节点损失:11.253,右节点损失:19.374,总损失:30.627
('----划分特征：', 632)
------划分值:0.000,左节点损失:0.000,右节点损失:31.631,总损失:31.631
------划分值:1.000,左节点损失:15.979,右节点损失:15.034,总损失:31.014
('----划分特征：', 633)
------划分值:0.000,左节点损失:0.000,右节点损失:31.631,总损失:31.631
------划分值:1.000,左节点损失:21.175,右节点损失:10.198,总损失:31.373
('----划分特征：', 634)
------划分值:0.000,左节点损失:0.000,右节点损失:31.631,总损失:31.631
------划分值:1.000,左节点损失:24.677,右节点损失:6.847,总损失:31.525
('----划分特征：', 635)
------划分值:0.000,左节点损失:0.000,右节点损失:31.631,总损失:31.631
------划分值:1.000,左节点损失:27.604,右节点损失:4.001,总损失:31.606
('----划分特征：', 636)
------划分值:0.000,左节点损失:0.000,右节点损失:31.631,总损失:31.631
------划分值:1.000,左节点损失:29.560,右节点损失:2.070,总损失:31.630
('----划分特征：', 637)
------划分值:0.000,左节点损失:0.000,右节点损失:31.631,总损失:31.631
------划分值:1.000,左节点损失:30.893,右节点损失:0.722,总损失:31.615
('----划分特征：', 638)
------划分值:0.000,左节点损失:0.000,右节点损失:31.631,总损失:31.631
------划分值:1.000,左节点损失:31.333,右节点损失:0.282,总损失:31.615
('----划分特征：', 639)
------划分值:0.000,左节点损失:0.000,右节点损失:31.631,总损失:31.631
------划分值:1.000,左节点损失:31.561,右节点损失:0.058,总损失:31.618
('----划分特征：', 640)
------划分值:0.000,左节点损失:0.000,右节点损失:31.631,总损失:31.631
------划分值:1.000,左节点损失:31.622,右节点损失:0.000,总损失:31.622
('----划分特征：', 641)
------划分值:0.000,左节点损失:0.000,右节点损失:31.631,总损失:31.631
------划分值:1.000,左节点损失:31.626,右节点损失:0.000,总损失:31.626
('----划分特征：', 642)
------划分值:0.000,左节点损失:0.000,右节点损失:31.631,总损失:31.631
------划分值:1.000,左节点损失:31.583,右节点损失:0.000,总损失:31.583
('----划分特征：', 643)
------划分值:0.000,左节点损失:0.000,右节点损失:31.631,总损失:31.631
('----划分特征：', 644)
------划分值:0.000,左节点损失:0.000,右节点损失:31.631,总损失:31.631
('----划分特征：', 645)
------划分值:0.000,左节点损失:0.000,右节点损失:31.631,总损失:31.631
('----划分特征：', 646)
------划分值:0.000,左节点损失:0.000,右节点损失:31.631,总损失:31.631
------划分值:1.000,左节点损失:31.630,右节点损失:0.000,总损失:31.630
('----划分特征：', 647)
------划分值:0.000,左节点损失:0.000,右节点损失:31.631,总损失:31.631
------划分值:1.000,左节点损失:31.627,右节点损失:0.000,总损失:31.627
('----划分特征：', 648)
------划分值:0.000,左节点损失:0.000,右节点损失:31.631,总损失:31.631
------划分值:1.000,左节点损失:31.517,右节点损失:0.111,总损失:31.628
('----划分特征：', 649)
------划分值:1.000,左节点损失:30.897,右节点损失:0.731,总损失:31.628
------划分值:0.000,左节点损失:0.000,右节点损失:31.631,总损失:31.631
('----划分特征：', 650)
------划分值:1.000,左节点损失:29.708,右节点损失:1.902,总损失:31.611
------划分值:0.000,左节点损失:0.000,右节点损失:31.631,总损失:31.631
('----划分特征：', 651)
------划分值:1.000,左节点损失:27.448,右节点损失:4.103,总损失:31.551
------划分值:0.000,左节点损失:0.000,右节点损失:31.631,总损失:31.631
('----划分特征：', 652)
------划分值:1.000,左节点损失:23.545,右节点损失:7.838,总损失:31.384
------划分值:0.000,左节点损失:0.000,右节点损失:31.631,总损失:31.631
('----划分特征：', 653)
------划分值:1.000,左节点损失:18.885,右节点损失:12.224,总损失:31.109
------划分值:0.000,左节点损失:0.000,右节点损失:31.631,总损失:31.631
('----划分特征：', 654)
------划分值:1.000,左节点损失:15.706,右节点损失:15.332,总损失:31.038
------划分值:0.000,左节点损失:0.000,右节点损失:31.631,总损失:31.631
('----划分特征：', 655)
------划分值:1.000,左节点损失:12.584,右节点损失:18.207,总损失:30.791
------划分值:0.000,左节点损失:0.000,右节点损失:31.631,总损失:31.631
('----划分特征：', 656)
------划分值:1.000,左节点损失:12.308,右节点损失:18.521,总损失:30.828
------划分值:0.000,左节点损失:0.000,右节点损失:31.631,总损失:31.631
('----划分特征：', 657)
------划分值:0.000,左节点损失:0.000,右节点损失:31.631,总损失:31.631
------划分值:1.000,左节点损失:14.295,右节点损失:16.807,总损失:31.102
('----划分特征：', 658)
------划分值:0.000,左节点损失:0.000,右节点损失:31.631,总损失:31.631
------划分值:1.000,左节点损失:17.855,右节点损失:13.569,总损失:31.424
('----划分特征：', 659)
------划分值:0.000,左节点损失:0.000,右节点损失:31.631,总损失:31.631
------划分值:1.000,左节点损失:21.619,右节点损失:9.946,总损失:31.565
('----划分特征：', 660)
------划分值:0.000,左节点损失:0.000,右节点损失:31.631,总损失:31.631
------划分值:1.000,左节点损失:25.730,右节点损失:5.900,总损失:31.630
('----划分特征：', 661)
------划分值:0.000,左节点损失:0.000,右节点损失:31.631,总损失:31.631
------划分值:1.000,左节点损失:27.641,右节点损失:3.986,总损失:31.628
('----划分特征：', 662)
------划分值:0.000,左节点损失:0.000,右节点损失:31.631,总损失:31.631
------划分值:1.000,左节点损失:29.235,右节点损失:2.389,总损失:31.624
('----划分特征：', 663)
------划分值:0.000,左节点损失:0.000,右节点损失:31.631,总损失:31.631
------划分值:1.000,左节点损失:30.774,右节点损失:0.794,总损失:31.568
('----划分特征：', 664)
------划分值:0.000,左节点损失:0.000,右节点损失:31.631,总损失:31.631
------划分值:1.000,左节点损失:31.188,右节点损失:0.400,总损失:31.587
('----划分特征：', 665)
------划分值:0.000,左节点损失:0.000,右节点损失:31.631,总损失:31.631
------划分值:1.000,左节点损失:31.473,右节点损失:0.116,总损失:31.589
('----划分特征：', 666)
------划分值:0.000,左节点损失:0.000,右节点损失:31.631,总损失:31.631
------划分值:1.000,左节点损失:31.552,右节点损失:0.058,总损失:31.611
('----划分特征：', 667)
------划分值:0.000,左节点损失:0.000,右节点损失:31.631,总损失:31.631
------划分值:1.000,左节点损失:31.619,右节点损失:0.000,总损失:31.619
('----划分特征：', 668)
------划分值:0.000,左节点损失:0.000,右节点损失:31.631,总损失:31.631
------划分值:1.000,左节点损失:31.630,右节点损失:0.000,总损失:31.630
('----划分特征：', 669)
------划分值:0.000,左节点损失:0.000,右节点损失:31.631,总损失:31.631
('----划分特征：', 670)
------划分值:0.000,左节点损失:0.000,右节点损失:31.631,总损失:31.631
('----划分特征：', 671)
------划分值:0.000,左节点损失:0.000,右节点损失:31.631,总损失:31.631
('----划分特征：', 672)
------划分值:0.000,左节点损失:0.000,右节点损失:31.631,总损失:31.631
('----划分特征：', 673)
------划分值:0.000,左节点损失:0.000,右节点损失:31.631,总损失:31.631
('----划分特征：', 674)
------划分值:0.000,左节点损失:0.000,右节点损失:31.631,总损失:31.631
('----划分特征：', 675)
------划分值:0.000,左节点损失:0.000,右节点损失:31.631,总损失:31.631
------划分值:1.000,左节点损失:31.629,右节点损失:0.000,总损失:31.629
('----划分特征：', 676)
------划分值:1.000,左节点损失:31.574,右节点损失:0.056,总损失:31.630
------划分值:0.000,左节点损失:0.000,右节点损失:31.631,总损失:31.631
('----划分特征：', 677)
------划分值:1.000,左节点损失:31.513,右节点损失:0.112,总损失:31.626
------划分值:0.000,左节点损失:0.000,右节点损失:31.631,总损失:31.631
('----划分特征：', 678)
------划分值:1.000,左节点损失:31.429,右节点损失:0.173,总损失:31.601
------划分值:0.000,左节点损失:0.000,右节点损失:31.631,总损失:31.631
('----划分特征：', 679)
------划分值:1.000,左节点损失:31.119,右节点损失:0.457,总损失:31.577
------划分值:0.000,左节点损失:0.000,右节点损失:31.631,总损失:31.631
('----划分特征：', 680)
------划分值:1.000,左节点损失:30.567,右节点损失:0.968,总损失:31.535
------划分值:0.000,左节点损失:0.000,右节点损失:31.631,总损失:31.631
('----划分特征：', 681)
------划分值:1.000,左节点损失:29.601,右节点损失:1.916,总损失:31.518
------划分值:0.000,左节点损失:0.000,右节点损失:31.631,总损失:31.631
('----划分特征：', 682)
------划分值:1.000,左节点损失:28.216,右节点损失:3.332,总损失:31.547
------划分值:0.000,左节点损失:0.000,右节点损失:31.631,总损失:31.631
('----划分特征：', 683)
------划分值:0.000,左节点损失:0.000,右节点损失:31.631,总损失:31.631
------划分值:1.000,左节点损失:27.372,右节点损失:4.192,总损失:31.564
('----划分特征：', 684)
------划分值:0.000,左节点损失:0.000,右节点损失:31.631,总损失:31.631
------划分值:1.000,左节点损失:26.841,右节点损失:4.755,总损失:31.596
('----划分特征：', 685)
------划分值:0.000,左节点损失:0.000,右节点损失:31.631,总损失:31.631
------划分值:1.000,左节点损失:27.184,右节点损失:4.395,总损失:31.579
('----划分特征：', 686)
------划分值:0.000,左节点损失:0.000,右节点损失:31.631,总损失:31.631
------划分值:1.000,左节点损失:28.205,右节点损失:3.335,总损失:31.540
('----划分特征：', 687)
------划分值:0.000,左节点损失:0.000,右节点损失:31.631,总损失:31.631
------划分值:1.000,左节点损失:29.288,右节点损失:2.243,总损失:31.531
('----划分特征：', 688)
------划分值:0.000,左节点损失:0.000,右节点损失:31.631,总损失:31.631
------划分值:1.000,左节点损失:30.264,右节点损失:1.251,总损失:31.515
('----划分特征：', 689)
------划分值:0.000,左节点损失:0.000,右节点损失:31.631,总损失:31.631
------划分值:1.000,左节点损失:30.888,右节点损失:0.633,总损失:31.520
('----划分特征：', 690)
------划分值:0.000,左节点损失:0.000,右节点损失:31.631,总损失:31.631
------划分值:1.000,左节点损失:31.242,右节点损失:0.291,总损失:31.533
('----划分特征：', 691)
------划分值:0.000,左节点损失:0.000,右节点损失:31.631,总损失:31.631
------划分值:1.000,左节点损失:31.437,右节点损失:0.117,总损失:31.554
('----划分特征：', 692)
------划分值:0.000,左节点损失:0.000,右节点损失:31.631,总损失:31.631
------划分值:1.000,左节点损失:31.471,右节点损失:0.116,总损失:31.588
('----划分特征：', 693)
------划分值:0.000,左节点损失:0.000,右节点损失:31.631,总损失:31.631
------划分值:1.000,左节点损失:31.552,右节点损失:0.058,总损失:31.610
('----划分特征：', 694)
------划分值:0.000,左节点损失:0.000,右节点损失:31.631,总损失:31.631
------划分值:1.000,左节点损失:31.615,右节点损失:0.000,总损失:31.615
('----划分特征：', 695)
------划分值:0.000,左节点损失:0.000,右节点损失:31.631,总损失:31.631
------划分值:1.000,左节点损失:31.625,右节点损失:0.000,总损失:31.625
('----划分特征：', 696)
------划分值:0.000,左节点损失:0.000,右节点损失:31.631,总损失:31.631
------划分值:1.000,左节点损失:31.630,右节点损失:0.000,总损失:31.630
('----划分特征：', 697)
------划分值:0.000,左节点损失:0.000,右节点损失:31.631,总损失:31.631
('----划分特征：', 698)
------划分值:0.000,左节点损失:0.000,右节点损失:31.631,总损失:31.631
('----划分特征：', 699)
------划分值:0.000,左节点损失:0.000,右节点损失:31.631,总损失:31.631
('----划分特征：', 700)
------划分值:0.000,左节点损失:0.000,右节点损失:31.631,总损失:31.631
('----划分特征：', 701)
------划分值:0.000,左节点损失:0.000,右节点损失:31.631,总损失:31.631
('----划分特征：', 702)
------划分值:0.000,左节点损失:0.000,右节点损失:31.631,总损失:31.631
('----划分特征：', 703)
------划分值:0.000,左节点损失:0.000,右节点损失:31.631,总损失:31.631
('----划分特征：', 704)
------划分值:0.000,左节点损失:0.000,右节点损失:31.631,总损失:31.631
------划分值:1.000,左节点损失:31.630,右节点损失:0.000,总损失:31.630
('----划分特征：', 705)
------划分值:0.000,左节点损失:0.000,右节点损失:31.631,总损失:31.631
------划分值:1.000,左节点损失:31.622,右节点损失:0.000,总损失:31.622
('----划分特征：', 706)
------划分值:0.000,左节点损失:0.000,右节点损失:31.631,总损失:31.631
------划分值:1.000,左节点损失:31.609,右节点损失:0.000,总损失:31.609
('----划分特征：', 707)
------划分值:0.000,左节点损失:0.000,右节点损失:31.631,总损失:31.631
------划分值:1.000,左节点损失:31.575,右节点损失:0.000,总损失:31.575
('----划分特征：', 708)
------划分值:0.000,左节点损失:0.000,右节点损失:31.631,总损失:31.631
------划分值:1.000,左节点损失:31.518,右节点损失:0.000,总损失:31.518
('----划分特征：', 709)
------划分值:0.000,左节点损失:0.000,右节点损失:31.631,总损失:31.631
------划分值:1.000,左节点损失:31.452,右节点损失:0.000,总损失:31.452
('----划分特征：', 710)
------划分值:0.000,左节点损失:0.000,右节点损失:31.631,总损失:31.631
------划分值:1.000,左节点损失:31.353,右节点损失:0.059,总损失:31.412
('----划分特征：', 711)
------划分值:0.000,左节点损失:0.000,右节点损失:31.631,总损失:31.631
------划分值:1.000,左节点损失:31.294,右节点损失:0.118,总损失:31.412
('----划分特征：', 712)
------划分值:0.000,左节点损失:0.000,右节点损失:31.631,总损失:31.631
------划分值:1.000,左节点损失:31.306,右节点损失:0.118,总损失:31.424
('----划分特征：', 713)
------划分值:0.000,左节点损失:0.000,右节点损失:31.631,总损失:31.631
------划分值:1.000,左节点损失:31.269,右节点损失:0.176,总损失:31.445
('----划分特征：', 714)
------划分值:0.000,左节点损失:0.000,右节点损失:31.631,总损失:31.631
------划分值:1.000,左节点损失:31.343,右节点损失:0.118,总损失:31.461
('----划分特征：', 715)
------划分值:0.000,左节点损失:0.000,右节点损失:31.631,总损失:31.631
------划分值:1.000,左节点损失:31.420,右节点损失:0.059,总损失:31.479
('----划分特征：', 716)
------划分值:0.000,左节点损失:0.000,右节点损失:31.631,总损失:31.631
------划分值:1.000,左节点损失:31.491,右节点损失:0.000,总损失:31.491
('----划分特征：', 717)
------划分值:0.000,左节点损失:0.000,右节点损失:31.631,总损失:31.631
------划分值:1.000,左节点损失:31.538,右节点损失:0.000,总损失:31.538
('----划分特征：', 718)
------划分值:0.000,左节点损失:0.000,右节点损失:31.631,总损失:31.631
------划分值:1.000,左节点损失:31.569,右节点损失:0.000,总损失:31.569
('----划分特征：', 719)
------划分值:0.000,左节点损失:0.000,右节点损失:31.631,总损失:31.631
------划分值:1.000,左节点损失:31.591,右节点损失:0.000,总损失:31.591
('----划分特征：', 720)
------划分值:0.000,左节点损失:0.000,右节点损失:31.631,总损失:31.631
------划分值:1.000,左节点损失:31.602,右节点损失:0.000,总损失:31.602
('----划分特征：', 721)
------划分值:0.000,左节点损失:0.000,右节点损失:31.631,总损失:31.631
------划分值:1.000,左节点损失:31.614,右节点损失:0.000,总损失:31.614
('----划分特征：', 722)
------划分值:0.000,左节点损失:0.000,右节点损失:31.631,总损失:31.631
------划分值:1.000,左节点损失:31.624,右节点损失:0.000,总损失:31.624
('----划分特征：', 723)
------划分值:0.000,左节点损失:0.000,右节点损失:31.631,总损失:31.631
------划分值:1.000,左节点损失:31.629,右节点损失:0.000,总损失:31.629
('----划分特征：', 724)
------划分值:0.000,左节点损失:0.000,右节点损失:31.631,总损失:31.631
('----划分特征：', 725)
------划分值:0.000,左节点损失:0.000,右节点损失:31.631,总损失:31.631
('----划分特征：', 726)
------划分值:0.000,左节点损失:0.000,右节点损失:31.631,总损失:31.631
('----划分特征：', 727)
------划分值:0.000,左节点损失:0.000,右节点损失:31.631,总损失:31.631
('----划分特征：', 728)
------划分值:0.000,左节点损失:0.000,右节点损失:31.631,总损失:31.631
('----划分特征：', 729)
------划分值:0.000,左节点损失:0.000,右节点损失:31.631,总损失:31.631
('----划分特征：', 730)
------划分值:0.000,左节点损失:0.000,右节点损失:31.631,总损失:31.631
('----划分特征：', 731)
------划分值:0.000,左节点损失:0.000,右节点损失:31.631,总损失:31.631
('----划分特征：', 732)
------划分值:0.000,左节点损失:0.000,右节点损失:31.631,总损失:31.631
------划分值:1.000,左节点损失:31.630,右节点损失:0.000,总损失:31.630
('----划分特征：', 733)
------划分值:0.000,左节点损失:0.000,右节点损失:31.631,总损失:31.631
------划分值:1.000,左节点损失:31.628,右节点损失:0.000,总损失:31.628
('----划分特征：', 734)
------划分值:0.000,左节点损失:0.000,右节点损失:31.631,总损失:31.631
------划分值:1.000,左节点损失:31.618,右节点损失:0.000,总损失:31.618
('----划分特征：', 735)
------划分值:0.000,左节点损失:0.000,右节点损失:31.631,总损失:31.631
------划分值:1.000,左节点损失:31.605,右节点损失:0.000,总损失:31.605
('----划分特征：', 736)
------划分值:0.000,左节点损失:0.000,右节点损失:31.631,总损失:31.631
------划分值:1.000,左节点损失:31.579,右节点损失:0.000,总损失:31.579
('----划分特征：', 737)
------划分值:0.000,左节点损失:0.000,右节点损失:31.631,总损失:31.631
------划分值:1.000,左节点损失:31.560,右节点损失:0.000,总损失:31.560
('----划分特征：', 738)
------划分值:0.000,左节点损失:0.000,右节点损失:31.631,总损失:31.631
------划分值:1.000,左节点损失:31.546,右节点损失:0.000,总损失:31.546
('----划分特征：', 739)
------划分值:0.000,左节点损失:0.000,右节点损失:31.631,总损失:31.631
------划分值:1.000,左节点损失:31.547,右节点损失:0.000,总损失:31.547
('----划分特征：', 740)
------划分值:0.000,左节点损失:0.000,右节点损失:31.631,总损失:31.631
------划分值:1.000,左节点损失:31.558,右节点损失:0.000,总损失:31.558
('----划分特征：', 741)
------划分值:0.000,左节点损失:0.000,右节点损失:31.631,总损失:31.631
------划分值:1.000,左节点损失:31.563,右节点损失:0.000,总损失:31.563
('----划分特征：', 742)
------划分值:0.000,左节点损失:0.000,右节点损失:31.631,总损失:31.631
------划分值:1.000,左节点损失:31.563,右节点损失:0.000,总损失:31.563
('----划分特征：', 743)
------划分值:0.000,左节点损失:0.000,右节点损失:31.631,总损失:31.631
------划分值:1.000,左节点损失:31.579,右节点损失:0.000,总损失:31.579
('----划分特征：', 744)
------划分值:0.000,左节点损失:0.000,右节点损失:31.631,总损失:31.631
------划分值:1.000,左节点损失:31.585,右节点损失:0.000,总损失:31.585
('----划分特征：', 745)
------划分值:0.000,左节点损失:0.000,右节点损失:31.631,总损失:31.631
------划分值:1.000,左节点损失:31.592,右节点损失:0.000,总损失:31.592
('----划分特征：', 746)
------划分值:0.000,左节点损失:0.000,右节点损失:31.631,总损失:31.631
------划分值:1.000,左节点损失:31.605,右节点损失:0.000,总损失:31.605
('----划分特征：', 747)
------划分值:0.000,左节点损失:0.000,右节点损失:31.631,总损失:31.631
------划分值:1.000,左节点损失:31.616,右节点损失:0.000,总损失:31.616
('----划分特征：', 748)
------划分值:0.000,左节点损失:0.000,右节点损失:31.631,总损失:31.631
------划分值:1.000,左节点损失:31.622,右节点损失:0.000,总损失:31.622
('----划分特征：', 749)
------划分值:0.000,左节点损失:0.000,右节点损失:31.631,总损失:31.631
------划分值:1.000,左节点损失:31.626,右节点损失:0.000,总损失:31.626
('----划分特征：', 750)
------划分值:0.000,左节点损失:0.000,右节点损失:31.631,总损失:31.631
------划分值:1.000,左节点损失:31.629,右节点损失:0.000,总损失:31.629
('----划分特征：', 751)
------划分值:0.000,左节点损失:0.000,右节点损失:31.631,总损失:31.631
------划分值:1.000,左节点损失:31.630,右节点损失:0.000,总损失:31.630
('----划分特征：', 752)
------划分值:0.000,左节点损失:0.000,右节点损失:31.631,总损失:31.631
('----划分特征：', 753)
------划分值:0.000,左节点损失:0.000,右节点损失:31.631,总损失:31.631
('----划分特征：', 754)
------划分值:0.000,左节点损失:0.000,右节点损失:31.631,总损失:31.631
('----划分特征：', 755)
------划分值:0.000,左节点损失:0.000,右节点损失:31.631,总损失:31.631
('----划分特征：', 756)
------划分值:0.000,左节点损失:0.000,右节点损失:31.631,总损失:31.631
('----划分特征：', 757)
------划分值:0.000,左节点损失:0.000,右节点损失:31.631,总损失:31.631
('----划分特征：', 758)
------划分值:0.000,左节点损失:0.000,右节点损失:31.631,总损失:31.631
('----划分特征：', 759)
------划分值:0.000,左节点损失:0.000,右节点损失:31.631,总损失:31.631
('----划分特征：', 760)
------划分值:0.000,左节点损失:0.000,右节点损失:31.631,总损失:31.631
('----划分特征：', 761)
------划分值:0.000,左节点损失:0.000,右节点损失:31.631,总损失:31.631
------划分值:1.000,左节点损失:31.630,右节点损失:0.000,总损失:31.630
('----划分特征：', 762)
------划分值:0.000,左节点损失:0.000,右节点损失:31.631,总损失:31.631
------划分值:1.000,左节点损失:31.630,右节点损失:0.000,总损失:31.630
('----划分特征：', 763)
------划分值:0.000,左节点损失:0.000,右节点损失:31.631,总损失:31.631
------划分值:1.000,左节点损失:31.629,右节点损失:0.000,总损失:31.629
('----划分特征：', 764)
------划分值:0.000,左节点损失:0.000,右节点损失:31.631,总损失:31.631
------划分值:1.000,左节点损失:31.629,右节点损失:0.000,总损失:31.629
('----划分特征：', 765)
------划分值:0.000,左节点损失:0.000,右节点损失:31.631,总损失:31.631
------划分值:1.000,左节点损失:31.629,右节点损失:0.000,总损失:31.629
('----划分特征：', 766)
------划分值:0.000,左节点损失:0.000,右节点损失:31.631,总损失:31.631
------划分值:1.000,左节点损失:31.626,右节点损失:0.000,总损失:31.626
('----划分特征：', 767)
------划分值:0.000,左节点损失:0.000,右节点损失:31.631,总损失:31.631
------划分值:1.000,左节点损失:31.624,右节点损失:0.000,总损失:31.624
('----划分特征：', 768)
------划分值:0.000,左节点损失:0.000,右节点损失:31.631,总损失:31.631
------划分值:1.000,左节点损失:31.620,右节点损失:0.000,总损失:31.620
('----划分特征：', 769)
------划分值:0.000,左节点损失:0.000,右节点损失:31.631,总损失:31.631
------划分值:1.000,左节点损失:31.620,右节点损失:0.000,总损失:31.620
('----划分特征：', 770)
------划分值:0.000,左节点损失:0.000,右节点损失:31.631,总损失:31.631
------划分值:1.000,左节点损失:31.623,右节点损失:0.000,总损失:31.623
('----划分特征：', 771)
------划分值:0.000,左节点损失:0.000,右节点损失:31.631,总损失:31.631
------划分值:1.000,左节点损失:31.624,右节点损失:0.000,总损失:31.624
('----划分特征：', 772)
------划分值:0.000,左节点损失:0.000,右节点损失:31.631,总损失:31.631
------划分值:1.000,左节点损失:31.624,右节点损失:0.000,总损失:31.624
('----划分特征：', 773)
------划分值:0.000,左节点损失:0.000,右节点损失:31.631,总损失:31.631
------划分值:1.000,左节点损失:31.628,右节点损失:0.000,总损失:31.628
('----划分特征：', 774)
------划分值:0.000,左节点损失:0.000,右节点损失:31.631,总损失:31.631
------划分值:1.000,左节点损失:31.629,右节点损失:0.000,总损失:31.629
('----划分特征：', 775)
------划分值:0.000,左节点损失:0.000,右节点损失:31.631,总损失:31.631
------划分值:1.000,左节点损失:31.630,右节点损失:0.000,总损失:31.630
('----划分特征：', 776)
------划分值:0.000,左节点损失:0.000,右节点损失:31.631,总损失:31.631
------划分值:1.000,左节点损失:31.630,右节点损失:0.000,总损失:31.630
('----划分特征：', 777)
------划分值:0.000,左节点损失:0.000,右节点损失:31.631,总损失:31.631
------划分值:1.000,左节点损失:31.630,右节点损失:0.000,总损失:31.630
('----划分特征：', 778)
------划分值:0.000,左节点损失:0.000,右节点损失:31.631,总损失:31.631
('----划分特征：', 779)
------划分值:0.000,左节点损失:0.000,右节点损失:31.631,总损失:31.631
('----划分特征：', 780)
------划分值:0.000,左节点损失:0.000,右节点损失:31.631,总损失:31.631
('----划分特征：', 781)
------划分值:0.000,左节点损失:0.000,右节点损失:31.631,总损失:31.631
('----划分特征：', 782)
------划分值:0.000,左节点损失:0.000,右节点损失:31.631,总损失:31.631
('----划分特征：', 783)
------划分值:0.000,左节点损失:0.000,右节点损失:31.631,总损失:31.631
('----划分特征：', 'label')
------划分值:0.000,左节点损失:0.000,右节点损失:31.631,总损失:31.631
------划分值:1.000,左节点损失:0.000,右节点损失:0.000,总损失:0.000
('----划分特征：', 'f_0')
------划分值:-2.212,左节点损失:0.000,右节点损失:31.631,总损失:31.631
('----划分特征：', 'res_1')
------划分值:-0.099,左节点损失:0.000,右节点损失:31.631,总损失:31.631
------划分值:0.901,左节点损失:0.000,右节点损失:0.000,总损失:0.000
('----划分特征：', 'f_1')
------划分值:-2.323,左节点损失:0.000,右节点损失:31.631,总损失:31.631
------划分值:-1.199,左节点损失:0.000,右节点损失:0.000,总损失:0.000
('----划分特征：', 'res_2')
------划分值:-0.089,左节点损失:0.000,右节点损失:31.631,总损失:31.631
------划分值:0.768,左节点损失:0.000,右节点损失:0.000,总损失:0.000
('----划分特征：', 'f_2')
------划分值:-2.433,左节点损失:0.000,右节点损失:31.631,总损失:31.631
------划分值:-0.767,左节点损失:0.000,右节点损失:0.000,总损失:0.000
('----划分特征：', 'res_3')
------划分值:-0.081,左节点损失:0.000,右节点损失:31.631,总损失:31.631
------划分值:0.683,左节点损失:0.000,右节点损失:0.000,总损失:0.000
('----划分特征：', 'f_3')
------划分值:-2.542,左节点损失:0.000,右节点损失:31.631,总损失:31.631
------划分值:-0.452,左节点损失:0.000,右节点损失:0.000,总损失:0.000
('----划分特征：', 'res_4')
------划分值:-0.073,左节点损失:0.000,右节点损失:31.631,总损失:31.631
------划分值:0.611,左节点损失:0.000,右节点损失:0.000,总损失:0.000
('----划分特征：', 'f_4')
------划分值:-2.650,左节点损失:0.000,右节点损失:31.631,总损失:31.631
------划分值:-0.195,左节点损失:0.000,右节点损失:0.000,总损失:0.000
('----划分特征：', 'res_5')
------划分值:-0.066,左节点损失:0.000,右节点损失:31.631,总损失:31.631
------划分值:0.549,左节点损失:0.000,右节点损失:0.000,总损失:0.000
('----划分特征：', 'f_5')
------划分值:-2.757,左节点损失:0.000,右节点损失:31.631,总损失:31.631
------划分值:0.027,左节点损失:0.000,右节点损失:0.000,总损失:0.000
('----划分特征：', 'res_6')
------划分值:-0.060,左节点损失:0.000,右节点损失:31.631,总损失:31.631
------划分值:0.493,左节点损失:0.000,右节点损失:0.000,总损失:0.000
('----划分特征：', 'f_6')
------划分值:-2.863,左节点损失:0.000,右节点损失:31.631,总损失:31.631
------划分值:0.224,左节点损失:0.000,右节点损失:0.000,总损失:0.000
('----划分特征：', 'res_7')
------划分值:-0.054,左节点损失:0.000,右节点损失:31.631,总损失:31.631
------划分值:0.444,左节点损失:0.000,右节点损失:0.000,总损失:0.000
('----划分特征：', 'f_7')
------划分值:-2.969,左节点损失:0.000,右节点损失:31.631,总损失:31.631
------划分值:0.404,左节点损失:0.000,右节点损失:0.000,总损失:0.000
('----划分特征：', 'res_8')
------划分值:-0.049,左节点损失:0.000,右节点损失:31.631,总损失:31.631
------划分值:0.400,左节点损失:0.000,右节点损失:0.000,总损失:0.000
('----划分特征：', 'f_8')
------划分值:-3.074,左节点损失:0.000,右节点损失:31.631,总损失:31.631
------划分值:0.571,左节点损失:0.000,右节点损失:0.000,总损失:0.000
('----划分特征：', 'res_9')
------划分值:-0.044,左节点损失:0.000,右节点损失:31.631,总损失:31.631
------划分值:0.361,左节点损失:0.000,右节点损失:0.000,总损失:0.000
('----划分特征：', 'f_9')
------划分值:-3.178,左节点损失:0.000,右节点损失:31.631,总损失:31.631
------划分值:0.727,左节点损失:0.000,右节点损失:0.000,总损失:0.000
('----划分特征：', 'res_10')
------划分值:-0.040,左节点损失:0.000,右节点损失:31.631,总损失:31.631
------划分值:0.326,左节点损失:0.000,右节点损失:0.000,总损失:0.000
('--最佳划分特征：', 'label')
('--最佳划分值：', 1)
('叶子节点预测值：', -1.02752205519637)
('叶子节点预测值：', 1.2766314617150143)
第14棵树: log-likelihood:2.0460
