-----------------------------构建第19颗树-----------------------------
--树的深度：0
('----划分特征：', 1)
------划分值:0.000,左节点损失:0.000,右节点损失:11.525,总损失:11.525
('----划分特征：', 2)
------划分值:0.000,左节点损失:0.000,右节点损失:11.525,总损失:11.525
('----划分特征：', 3)
------划分值:0.000,左节点损失:0.000,右节点损失:11.525,总损失:11.525
('----划分特征：', 4)
------划分值:0.000,左节点损失:0.000,右节点损失:11.525,总损失:11.525
('----划分特征：', 5)
------划分值:0.000,左节点损失:0.000,右节点损失:11.525,总损失:11.525
('----划分特征：', 6)
------划分值:0.000,左节点损失:0.000,右节点损失:11.525,总损失:11.525
('----划分特征：', 7)
------划分值:0.000,左节点损失:0.000,右节点损失:11.525,总损失:11.525
('----划分特征：', 8)
------划分值:0.000,左节点损失:0.000,右节点损失:11.525,总损失:11.525
('----划分特征：', 9)
------划分值:0.000,左节点损失:0.000,右节点损失:11.525,总损失:11.525
('----划分特征：', 10)
------划分值:0.000,左节点损失:0.000,右节点损失:11.525,总损失:11.525
('----划分特征：', 11)
------划分值:0.000,左节点损失:0.000,右节点损失:11.525,总损失:11.525
('----划分特征：', 12)
------划分值:0.000,左节点损失:0.000,右节点损失:11.525,总损失:11.525
('----划分特征：', 13)
------划分值:0.000,左节点损失:0.000,右节点损失:11.525,总损失:11.525
('----划分特征：', 14)
------划分值:0.000,左节点损失:0.000,右节点损失:11.525,总损失:11.525
('----划分特征：', 15)
------划分值:0.000,左节点损失:0.000,右节点损失:11.525,总损失:11.525
('----划分特征：', 16)
------划分值:0.000,左节点损失:0.000,右节点损失:11.525,总损失:11.525
('----划分特征：', 17)
------划分值:0.000,左节点损失:0.000,右节点损失:11.525,总损失:11.525
('----划分特征：', 18)
------划分值:0.000,左节点损失:0.000,右节点损失:11.525,总损失:11.525
('----划分特征：', 19)
------划分值:0.000,左节点损失:0.000,右节点损失:11.525,总损失:11.525
('----划分特征：', 20)
------划分值:0.000,左节点损失:0.000,右节点损失:11.525,总损失:11.525
('----划分特征：', 21)
------划分值:0.000,左节点损失:0.000,右节点损失:11.525,总损失:11.525
('----划分特征：', 22)
------划分值:0.000,左节点损失:0.000,右节点损失:11.525,总损失:11.525
('----划分特征：', 23)
------划分值:0.000,左节点损失:0.000,右节点损失:11.525,总损失:11.525
('----划分特征：', 24)
------划分值:0.000,左节点损失:0.000,右节点损失:11.525,总损失:11.525
('----划分特征：', 25)
------划分值:0.000,左节点损失:0.000,右节点损失:11.525,总损失:11.525
('----划分特征：', 26)
------划分值:0.000,左节点损失:0.000,右节点损失:11.525,总损失:11.525
('----划分特征：', 27)
------划分值:0.000,左节点损失:0.000,右节点损失:11.525,总损失:11.525
('----划分特征：', 28)
------划分值:0.000,左节点损失:0.000,右节点损失:11.525,总损失:11.525
('----划分特征：', 29)
------划分值:0.000,左节点损失:0.000,右节点损失:11.525,总损失:11.525
('----划分特征：', 30)
------划分值:0.000,左节点损失:0.000,右节点损失:11.525,总损失:11.525
('----划分特征：', 31)
------划分值:0.000,左节点损失:0.000,右节点损失:11.525,总损失:11.525
('----划分特征：', 32)
------划分值:0.000,左节点损失:0.000,右节点损失:11.525,总损失:11.525
('----划分特征：', 33)
------划分值:0.000,左节点损失:0.000,右节点损失:11.525,总损失:11.525
('----划分特征：', 34)
------划分值:0.000,左节点损失:0.000,右节点损失:11.525,总损失:11.525
('----划分特征：', 35)
------划分值:0.000,左节点损失:0.000,右节点损失:11.525,总损失:11.525
('----划分特征：', 36)
------划分值:0.000,左节点损失:0.000,右节点损失:11.525,总损失:11.525
------划分值:1.000,左节点损失:11.525,右节点损失:0.000,总损失:11.525
('----划分特征：', 37)
------划分值:0.000,左节点损失:0.000,右节点损失:11.525,总损失:11.525
------划分值:1.000,左节点损失:11.525,右节点损失:0.000,总损失:11.525
('----划分特征：', 38)
------划分值:0.000,左节点损失:0.000,右节点损失:11.525,总损失:11.525
------划分值:1.000,左节点损失:11.525,右节点损失:0.000,总损失:11.525
('----划分特征：', 39)
------划分值:0.000,左节点损失:0.000,右节点损失:11.525,总损失:11.525
------划分值:1.000,左节点损失:11.524,右节点损失:0.000,总损失:11.524
('----划分特征：', 40)
------划分值:0.000,左节点损失:0.000,右节点损失:11.525,总损失:11.525
------划分值:1.000,左节点损失:11.525,右节点损失:0.000,总损失:11.525
('----划分特征：', 41)
------划分值:0.000,左节点损失:0.000,右节点损失:11.525,总损失:11.525
------划分值:1.000,左节点损失:11.525,右节点损失:0.000,总损失:11.525
('----划分特征：', 42)
------划分值:0.000,左节点损失:0.000,右节点损失:11.525,总损失:11.525
------划分值:1.000,左节点损失:11.525,右节点损失:0.000,总损失:11.525
('----划分特征：', 43)
------划分值:0.000,左节点损失:0.000,右节点损失:11.525,总损失:11.525
------划分值:1.000,左节点损失:11.524,右节点损失:0.000,总损失:11.524
('----划分特征：', 44)
------划分值:0.000,左节点损失:0.000,右节点损失:11.525,总损失:11.525
------划分值:1.000,左节点损失:11.524,右节点损失:0.000,总损失:11.524
('----划分特征：', 45)
------划分值:0.000,左节点损失:0.000,右节点损失:11.525,总损失:11.525
------划分值:1.000,左节点损失:11.524,右节点损失:0.000,总损失:11.524
('----划分特征：', 46)
------划分值:0.000,左节点损失:0.000,右节点损失:11.525,总损失:11.525
------划分值:1.000,左节点损失:11.524,右节点损失:0.000,总损失:11.524
('----划分特征：', 47)
------划分值:0.000,左节点损失:0.000,右节点损失:11.525,总损失:11.525
------划分值:1.000,左节点损失:11.525,右节点损失:0.000,总损失:11.525
('----划分特征：', 48)
------划分值:0.000,左节点损失:0.000,右节点损失:11.525,总损失:11.525
------划分值:1.000,左节点损失:11.525,右节点损失:0.000,总损失:11.525
('----划分特征：', 49)
------划分值:0.000,左节点损失:0.000,右节点损失:11.525,总损失:11.525
------划分值:1.000,左节点损失:11.525,右节点损失:0.000,总损失:11.525
('----划分特征：', 50)
------划分值:0.000,左节点损失:0.000,右节点损失:11.525,总损失:11.525
------划分值:1.000,左节点损失:11.525,右节点损失:0.000,总损失:11.525
('----划分特征：', 51)
------划分值:0.000,左节点损失:0.000,右节点损失:11.525,总损失:11.525
('----划分特征：', 52)
------划分值:0.000,左节点损失:0.000,右节点损失:11.525,总损失:11.525
('----划分特征：', 53)
------划分值:0.000,左节点损失:0.000,右节点损失:11.525,总损失:11.525
('----划分特征：', 54)
------划分值:0.000,左节点损失:0.000,右节点损失:11.525,总损失:11.525
('----划分特征：', 55)
------划分值:0.000,左节点损失:0.000,右节点损失:11.525,总损失:11.525
('----划分特征：', 56)
------划分值:0.000,左节点损失:0.000,右节点损失:11.525,总损失:11.525
('----划分特征：', 57)
------划分值:0.000,左节点损失:0.000,右节点损失:11.525,总损失:11.525
('----划分特征：', 58)
------划分值:0.000,左节点损失:0.000,右节点损失:11.525,总损失:11.525
('----划分特征：', 59)
------划分值:0.000,左节点损失:0.000,右节点损失:11.525,总损失:11.525
('----划分特征：', 60)
------划分值:0.000,左节点损失:0.000,右节点损失:11.525,总损失:11.525
('----划分特征：', 61)
------划分值:0.000,左节点损失:0.000,右节点损失:11.525,总损失:11.525
('----划分特征：', 62)
------划分值:0.000,左节点损失:0.000,右节点损失:11.525,总损失:11.525
('----划分特征：', 63)
------划分值:0.000,左节点损失:0.000,右节点损失:11.525,总损失:11.525
('----划分特征：', 64)
------划分值:0.000,左节点损失:0.000,右节点损失:11.525,总损失:11.525
------划分值:1.000,左节点损失:11.524,右节点损失:0.000,总损失:11.524
('----划分特征：', 65)
------划分值:0.000,左节点损失:0.000,右节点损失:11.525,总损失:11.525
------划分值:1.000,左节点损失:11.523,右节点损失:0.000,总损失:11.523
('----划分特征：', 66)
------划分值:0.000,左节点损失:0.000,右节点损失:11.525,总损失:11.525
------划分值:1.000,左节点损失:11.522,右节点损失:0.000,总损失:11.522
('----划分特征：', 67)
------划分值:0.000,左节点损失:0.000,右节点损失:11.525,总损失:11.525
------划分值:1.000,左节点损失:11.521,右节点损失:0.000,总损失:11.521
('----划分特征：', 68)
------划分值:0.000,左节点损失:0.000,右节点损失:11.525,总损失:11.525
------划分值:1.000,左节点损失:11.519,右节点损失:0.000,总损失:11.519
('----划分特征：', 69)
------划分值:0.000,左节点损失:0.000,右节点损失:11.525,总损失:11.525
------划分值:1.000,左节点损失:11.518,右节点损失:0.000,总损失:11.518
('----划分特征：', 70)
------划分值:0.000,左节点损失:0.000,右节点损失:11.525,总损失:11.525
------划分值:1.000,左节点损失:11.512,右节点损失:0.000,总损失:11.512
('----划分特征：', 71)
------划分值:0.000,左节点损失:0.000,右节点损失:11.525,总损失:11.525
------划分值:1.000,左节点损失:11.509,右节点损失:0.000,总损失:11.509
('----划分特征：', 72)
------划分值:0.000,左节点损失:0.000,右节点损失:11.525,总损失:11.525
------划分值:1.000,左节点损失:11.501,右节点损失:0.000,总损失:11.501
('----划分特征：', 73)
------划分值:0.000,左节点损失:0.000,右节点损失:11.525,总损失:11.525
------划分值:1.000,左节点损失:11.501,右节点损失:0.000,总损失:11.501
('----划分特征：', 74)
------划分值:0.000,左节点损失:0.000,右节点损失:11.525,总损失:11.525
------划分值:1.000,左节点损失:11.506,右节点损失:0.000,总损失:11.506
('----划分特征：', 75)
------划分值:0.000,左节点损失:0.000,右节点损失:11.525,总损失:11.525
------划分值:1.000,左节点损失:11.512,右节点损失:0.000,总损失:11.512
('----划分特征：', 76)
------划分值:0.000,左节点损失:0.000,右节点损失:11.525,总损失:11.525
------划分值:1.000,左节点损失:11.520,右节点损失:0.000,总损失:11.520
('----划分特征：', 77)
------划分值:0.000,左节点损失:0.000,右节点损失:11.525,总损失:11.525
------划分值:1.000,左节点损失:11.523,右节点损失:0.000,总损失:11.523
('----划分特征：', 78)
------划分值:0.000,左节点损失:0.000,右节点损失:11.525,总损失:11.525
------划分值:1.000,左节点损失:11.524,右节点损失:0.000,总损失:11.524
('----划分特征：', 79)
------划分值:0.000,左节点损失:0.000,右节点损失:11.525,总损失:11.525
------划分值:1.000,左节点损失:11.525,右节点损失:0.000,总损失:11.525
('----划分特征：', 80)
------划分值:0.000,左节点损失:0.000,右节点损失:11.525,总损失:11.525
('----划分特征：', 81)
------划分值:0.000,左节点损失:0.000,右节点损失:11.525,总损失:11.525
('----划分特征：', 82)
------划分值:0.000,左节点损失:0.000,右节点损失:11.525,总损失:11.525
('----划分特征：', 83)
------划分值:0.000,左节点损失:0.000,右节点损失:11.525,总损失:11.525
('----划分特征：', 84)
------划分值:0.000,左节点损失:0.000,右节点损失:11.525,总损失:11.525
('----划分特征：', 85)
------划分值:0.000,左节点损失:0.000,右节点损失:11.525,总损失:11.525
('----划分特征：', 86)
------划分值:0.000,左节点损失:0.000,右节点损失:11.525,总损失:11.525
('----划分特征：', 87)
------划分值:0.000,左节点损失:0.000,右节点损失:11.525,总损失:11.525
('----划分特征：', 88)
------划分值:0.000,左节点损失:0.000,右节点损失:11.525,总损失:11.525
('----划分特征：', 89)
------划分值:0.000,左节点损失:0.000,右节点损失:11.525,总损失:11.525
------划分值:1.000,左节点损失:11.525,右节点损失:0.000,总损失:11.525
('----划分特征：', 90)
------划分值:0.000,左节点损失:0.000,右节点损失:11.525,总损失:11.525
------划分值:1.000,左节点损失:11.524,右节点损失:0.000,总损失:11.524
('----划分特征：', 91)
------划分值:0.000,左节点损失:0.000,右节点损失:11.525,总损失:11.525
------划分值:1.000,左节点损失:11.523,右节点损失:0.000,总损失:11.523
('----划分特征：', 92)
------划分值:0.000,左节点损失:0.000,右节点损失:11.525,总损失:11.525
------划分值:1.000,左节点损失:11.520,右节点损失:0.000,总损失:11.520
('----划分特征：', 93)
------划分值:0.000,左节点损失:0.000,右节点损失:11.525,总损失:11.525
------划分值:1.000,左节点损失:11.517,右节点损失:0.000,总损失:11.517
('----划分特征：', 94)
------划分值:0.000,左节点损失:0.000,右节点损失:11.525,总损失:11.525
------划分值:1.000,左节点损失:11.510,右节点损失:0.000,总损失:11.510
('----划分特征：', 95)
------划分值:0.000,左节点损失:0.000,右节点损失:11.525,总损失:11.525
------划分值:1.000,左节点损失:11.486,右节点损失:0.021,总损失:11.507
('----划分特征：', 96)
------划分值:0.000,左节点损失:0.000,右节点损失:11.525,总损失:11.525
------划分值:1.000,左节点损失:11.425,右节点损失:0.084,总损失:11.509
('----划分特征：', 97)
------划分值:0.000,左节点损失:0.000,右节点损失:11.525,总损失:11.525
------划分值:1.000,左节点损失:11.362,右节点损失:0.146,总损失:11.508
('----划分特征：', 98)
------划分值:0.000,左节点损失:0.000,右节点损失:11.525,总损失:11.525
------划分值:1.000,左节点损失:11.297,右节点损失:0.207,总损失:11.505
('----划分特征：', 99)
------划分值:0.000,左节点损失:0.000,右节点损失:11.525,总损失:11.525
------划分值:1.000,左节点损失:11.266,右节点损失:0.229,总损失:11.495
('----划分特征：', 100)
------划分值:0.000,左节点损失:0.000,右节点损失:11.525,总损失:11.525
------划分值:1.000,左节点损失:11.290,右节点损失:0.190,总损失:11.479
('----划分特征：', 101)
------划分值:0.000,左节点损失:0.000,右节点损失:11.525,总损失:11.525
------划分值:1.000,左节点损失:11.311,右节点损失:0.169,总损失:11.480
('----划分特征：', 102)
------划分值:0.000,左节点损失:0.000,右节点损失:11.525,总损失:11.525
------划分值:1.000,左节点损失:11.399,右节点损失:0.085,总损失:11.484
('----划分特征：', 103)
------划分值:0.000,左节点损失:0.000,右节点损失:11.525,总损失:11.525
------划分值:1.000,左节点损失:11.399,右节点损失:0.105,总损失:11.504
('----划分特征：', 104)
------划分值:0.000,左节点损失:0.000,右节点损失:11.525,总损失:11.525
------划分值:1.000,左节点损失:11.471,右节点损失:0.042,总损失:11.513
('----划分特征：', 105)
------划分值:0.000,左节点损失:0.000,右节点损失:11.525,总损失:11.525
------划分值:1.000,左节点损失:11.516,右节点损失:0.000,总损失:11.516
('----划分特征：', 106)
------划分值:0.000,左节点损失:0.000,右节点损失:11.525,总损失:11.525
------划分值:1.000,左节点损失:11.521,右节点损失:0.000,总损失:11.521
('----划分特征：', 107)
------划分值:0.000,左节点损失:0.000,右节点损失:11.525,总损失:11.525
------划分值:1.000,左节点损失:11.524,右节点损失:0.000,总损失:11.524
('----划分特征：', 108)
------划分值:0.000,左节点损失:0.000,右节点损失:11.525,总损失:11.525
------划分值:1.000,左节点损失:11.525,右节点损失:0.000,总损失:11.525
('----划分特征：', 109)
------划分值:0.000,左节点损失:0.000,右节点损失:11.525,总损失:11.525
('----划分特征：', 110)
------划分值:0.000,左节点损失:0.000,右节点损失:11.525,总损失:11.525
('----划分特征：', 111)
------划分值:0.000,左节点损失:0.000,右节点损失:11.525,总损失:11.525
('----划分特征：', 112)
------划分值:0.000,左节点损失:0.000,右节点损失:11.525,总损失:11.525
('----划分特征：', 113)
------划分值:0.000,左节点损失:0.000,右节点损失:11.525,总损失:11.525
('----划分特征：', 114)
------划分值:0.000,左节点损失:0.000,右节点损失:11.525,总损失:11.525
('----划分特征：', 115)
------划分值:0.000,左节点损失:0.000,右节点损失:11.525,总损失:11.525
('----划分特征：', 116)
------划分值:0.000,左节点损失:0.000,右节点损失:11.525,总损失:11.525
------划分值:1.000,左节点损失:11.525,右节点损失:0.000,总损失:11.525
('----划分特征：', 117)
------划分值:0.000,左节点损失:0.000,右节点损失:11.525,总损失:11.525
------划分值:1.000,左节点损失:11.523,右节点损失:0.000,总损失:11.523
('----划分特征：', 118)
------划分值:0.000,左节点损失:0.000,右节点损失:11.525,总损失:11.525
------划分值:1.000,左节点损失:11.521,右节点损失:0.000,总损失:11.521
('----划分特征：', 119)
------划分值:0.000,左节点损失:0.000,右节点损失:11.525,总损失:11.525
------划分值:1.000,左节点损失:11.518,右节点损失:0.000,总损失:11.518
('----划分特征：', 120)
------划分值:0.000,左节点损失:0.000,右节点损失:11.525,总损失:11.525
------划分值:1.000,左节点损失:11.508,右节点损失:0.000,总损失:11.508
('----划分特征：', 121)
------划分值:0.000,左节点损失:0.000,右节点损失:11.525,总损失:11.525
------划分值:1.000,左节点损失:11.440,右节点损失:0.064,总损失:11.504
('----划分特征：', 122)
------划分值:0.000,左节点损失:0.000,右节点损失:11.525,总损失:11.525
------划分值:1.000,左节点损失:11.279,右节点损失:0.228,总损失:11.506
('----划分特征：', 123)
------划分值:0.000,左节点损失:0.000,右节点损失:11.525,总损失:11.525
------划分值:1.000,左节点损失:11.007,右节点损失:0.506,总损失:11.513
('----划分特征：', 124)
------划分值:0.000,左节点损失:0.000,右节点损失:11.525,总损失:11.525
------划分值:1.000,左节点损失:10.400,右节点损失:1.125,总损失:11.525
('----划分特征：', 125)
------划分值:0.000,左节点损失:0.000,右节点损失:11.525,总损失:11.525
------划分值:1.000,左节点损失:9.537,右节点损失:1.963,总损失:11.500
('----划分特征：', 126)
------划分值:0.000,左节点损失:0.000,右节点损失:11.525,总损失:11.525
------划分值:1.000,左节点损失:9.272,右节点损失:2.240,总损失:11.512
('----划分特征：', 127)
------划分值:0.000,左节点损失:0.000,右节点损失:11.525,总损失:11.525
------划分值:1.000,左节点损失:8.718,右节点损失:2.774,总损失:11.492
('----划分特征：', 128)
------划分值:0.000,左节点损失:0.000,右节点损失:11.525,总损失:11.525
------划分值:1.000,左节点损失:8.445,右节点损失:3.025,总损失:11.470
('----划分特征：', 129)
------划分值:0.000,左节点损失:0.000,右节点损失:11.525,总损失:11.525
------划分值:1.000,左节点损失:8.693,右节点损失:2.779,总损失:11.473
('----划分特征：', 130)
------划分值:0.000,左节点损失:0.000,右节点损失:11.525,总损失:11.525
------划分值:1.000,左节点损失:9.102,右节点损失:2.362,总损失:11.464
('----划分特征：', 131)
------划分值:0.000,左节点损失:0.000,右节点损失:11.525,总损失:11.525
------划分值:1.000,左节点损失:9.621,右节点损失:1.838,总损失:11.458
('----划分特征：', 132)
------划分值:0.000,左节点损失:0.000,右节点损失:11.525,总损失:11.525
------划分值:1.000,左节点损失:10.279,右节点损失:1.195,总损失:11.475
('----划分特征：', 133)
------划分值:0.000,左节点损失:0.000,右节点损失:11.525,总损失:11.525
------划分值:1.000,左节点损失:10.965,右节点损失:0.546,总损失:11.510
('----划分特征：', 134)
------划分值:0.000,左节点损失:0.000,右节点损失:11.525,总损失:11.525
------划分值:1.000,左节点损失:11.312,右节点损失:0.212,总损失:11.525
('----划分特征：', 135)
------划分值:0.000,左节点损失:0.000,右节点损失:11.525,总损失:11.525
------划分值:1.000,左节点损失:11.481,右节点损失:0.041,总损失:11.522
('----划分特征：', 136)
------划分值:0.000,左节点损失:0.000,右节点损失:11.525,总损失:11.525
------划分值:1.000,左节点损失:11.505,右节点损失:0.020,总损失:11.525
('----划分特征：', 137)
------划分值:0.000,左节点损失:0.000,右节点损失:11.525,总损失:11.525
('----划分特征：', 138)
------划分值:0.000,左节点损失:0.000,右节点损失:11.525,总损失:11.525
('----划分特征：', 139)
------划分值:0.000,左节点损失:0.000,右节点损失:11.525,总损失:11.525
('----划分特征：', 140)
------划分值:0.000,左节点损失:0.000,右节点损失:11.525,总损失:11.525
('----划分特征：', 141)
------划分值:0.000,左节点损失:0.000,右节点损失:11.525,总损失:11.525
('----划分特征：', 142)
------划分值:0.000,左节点损失:0.000,右节点损失:11.525,总损失:11.525
('----划分特征：', 143)
------划分值:0.000,左节点损失:0.000,右节点损失:11.525,总损失:11.525
------划分值:1.000,左节点损失:11.525,右节点损失:0.000,总损失:11.525
('----划分特征：', 144)
------划分值:0.000,左节点损失:0.000,右节点损失:11.525,总损失:11.525
------划分值:1.000,左节点损失:11.523,右节点损失:0.000,总损失:11.523
('----划分特征：', 145)
------划分值:0.000,左节点损失:0.000,右节点损失:11.525,总损失:11.525
------划分值:1.000,左节点损失:11.517,右节点损失:0.000,总损失:11.517
('----划分特征：', 146)
------划分值:0.000,左节点损失:0.000,右节点损失:11.525,总损失:11.525
------划分值:1.000,左节点损失:11.510,右节点损失:0.000,总损失:11.510
('----划分特征：', 147)
------划分值:0.000,左节点损失:0.000,右节点损失:11.525,总损失:11.525
------划分值:1.000,左节点损失:11.477,右节点损失:0.021,总损失:11.499
('----划分特征：', 148)
------划分值:0.000,左节点损失:0.000,右节点损失:11.525,总损失:11.525
------划分值:1.000,左节点损失:11.419,右节点损失:0.064,总损失:11.483
('----划分特征：', 149)
------划分值:0.000,左节点损失:0.000,右节点损失:11.525,总损失:11.525
------划分值:1.000,左节点损失:11.141,右节点损失:0.352,总损失:11.493
('----划分特征：', 150)
------划分值:0.000,左节点损失:0.000,右节点损失:11.525,总损失:11.525
------划分值:1.000,左节点损失:10.661,右节点损失:0.848,总损失:11.508
('----划分特征：', 151)
------划分值:0.000,左节点损失:0.000,右节点损失:11.525,总损失:11.525
------划分值:1.000,左节点损失:9.661,右节点损失:1.864,总损失:11.525
('----划分特征：', 152)
------划分值:0.000,左节点损失:0.000,右节点损失:11.525,总损失:11.525
------划分值:1.000,左节点损失:8.460,右节点损失:3.039,总损失:11.499
('----划分特征：', 153)
------划分值:0.000,左节点损失:0.000,右节点损失:11.525,总损失:11.525
------划分值:1.000,左节点损失:7.257,右节点损失:4.200,总损失:11.457
('----划分特征：', 154)
------划分值:0.000,左节点损失:0.000,右节点损失:11.525,总损失:11.525
------划分值:1.000,左节点损失:5.754,右节点损失:5.582,总损失:11.336
('----划分特征：', 155)
------划分值:0.000,左节点损失:0.000,右节点损失:11.525,总损失:11.525
------划分值:1.000,左节点损失:4.762,右节点损失:6.461,总损失:11.222
('----划分特征：', 156)
------划分值:0.000,左节点损失:0.000,右节点损失:11.525,总损失:11.525
------划分值:1.000,左节点损失:4.362,右节点损失:6.757,总损失:11.119
('----划分特征：', 157)
------划分值:1.000,左节点损失:4.966,右节点损失:6.211,总损失:11.177
------划分值:0.000,左节点损失:0.000,右节点损失:11.525,总损失:11.525
('----划分特征：', 158)
------划分值:1.000,左节点损失:5.858,右节点损失:5.362,总损失:11.220
------划分值:0.000,左节点损失:0.000,右节点损失:11.525,总损失:11.525
('----划分特征：', 159)
------划分值:0.000,左节点损失:0.000,右节点损失:11.525,总损失:11.525
------划分值:1.000,左节点损失:7.496,右节点损失:3.849,总损失:11.345
('----划分特征：', 160)
------划分值:1.000,左节点损失:8.871,右节点损失:2.552,总损失:11.423
------划分值:0.000,左节点损失:0.000,右节点损失:11.525,总损失:11.525
('----划分特征：', 161)
------划分值:1.000,左节点损失:10.063,右节点损失:1.426,总损失:11.489
------划分值:0.000,左节点损失:0.000,右节点损失:11.525,总损失:11.525
('----划分特征：', 162)
------划分值:1.000,左节点损失:10.842,右节点损失:0.678,总损失:11.520
------划分值:0.000,左节点损失:0.000,右节点损失:11.525,总损失:11.525
('----划分特征：', 163)
------划分值:0.000,左节点损失:0.000,右节点损失:11.525,总损失:11.525
------划分值:1.000,左节点损失:11.285,右节点损失:0.239,总损失:11.524
('----划分特征：', 164)
------划分值:0.000,左节点损失:0.000,右节点损失:11.525,总损失:11.525
------划分值:1.000,左节点损失:11.477,右节点损失:0.042,总损失:11.519
('----划分特征：', 165)
------划分值:0.000,左节点损失:0.000,右节点损失:11.525,总损失:11.525
------划分值:1.000,左节点损失:11.522,右节点损失:0.000,总损失:11.522
('----划分特征：', 166)
------划分值:0.000,左节点损失:0.000,右节点损失:11.525,总损失:11.525
------划分值:1.000,左节点损失:11.525,右节点损失:0.000,总损失:11.525
('----划分特征：', 167)
------划分值:0.000,左节点损失:0.000,右节点损失:11.525,总损失:11.525
('----划分特征：', 168)
------划分值:0.000,左节点损失:0.000,右节点损失:11.525,总损失:11.525
('----划分特征：', 169)
------划分值:0.000,左节点损失:0.000,右节点损失:11.525,总损失:11.525
('----划分特征：', 170)
------划分值:0.000,左节点损失:0.000,右节点损失:11.525,总损失:11.525
('----划分特征：', 171)
------划分值:0.000,左节点损失:0.000,右节点损失:11.525,总损失:11.525
------划分值:1.000,左节点损失:11.524,右节点损失:0.000,总损失:11.524
('----划分特征：', 172)
------划分值:0.000,左节点损失:0.000,右节点损失:11.525,总损失:11.525
------划分值:1.000,左节点损失:11.520,右节点损失:0.000,总损失:11.520
('----划分特征：', 173)
------划分值:0.000,左节点损失:0.000,右节点损失:11.525,总损失:11.525
------划分值:1.000,左节点损失:11.495,右节点损失:0.021,总损失:11.516
('----划分特征：', 174)
------划分值:0.000,左节点损失:0.000,右节点损失:11.525,总损失:11.525
------划分值:1.000,左节点损失:11.478,右节点损失:0.021,总损失:11.499
('----划分特征：', 175)
------划分值:0.000,左节点损失:0.000,右节点损失:11.525,总损失:11.525
------划分值:1.000,左节点损失:11.426,右节点损失:0.043,总损失:11.469
('----划分特征：', 176)
------划分值:0.000,左节点损失:0.000,右节点损失:11.525,总损失:11.525
------划分值:1.000,左节点损失:11.092,右节点损失:0.394,总损失:11.486
('----划分特征：', 177)
------划分值:0.000,左节点损失:0.000,右节点损失:11.525,总损失:11.525
------划分值:1.000,左节点损失:10.389,右节点损失:1.122,总损失:11.512
('----划分特征：', 178)
------划分值:0.000,左节点损失:0.000,右节点损失:11.525,总损失:11.525
------划分值:1.000,左节点损失:9.340,右节点损失:2.185,总损失:11.525
('----划分特征：', 179)
------划分值:1.000,左节点损失:7.807,右节点损失:3.687,总损失:11.494
------划分值:0.000,左节点损失:0.000,右节点损失:11.525,总损失:11.525
('----划分特征：', 180)
------划分值:1.000,左节点损失:6.543,右节点损失:4.909,总损失:11.452
------划分值:0.000,左节点损失:0.000,右节点损失:11.525,总损失:11.525
('----划分特征：', 181)
------划分值:1.000,左节点损失:5.094,右节点损失:6.291,总损失:11.385
------划分值:0.000,左节点损失:0.000,右节点损失:11.525,总损失:11.525
('----划分特征：', 182)
------划分值:1.000,左节点损失:3.628,右节点损失:7.638,总损失:11.266
------划分值:0.000,左节点损失:0.000,右节点损失:11.525,总损失:11.525
('----划分特征：', 183)
------划分值:1.000,左节点损失:2.608,右节点损失:8.495,总损失:11.103
------划分值:0.000,左节点损失:0.000,右节点损失:11.525,总损失:11.525
('----划分特征：', 184)
------划分值:1.000,左节点损失:2.450,右节点损失:8.590,总损失:11.040
------划分值:0.000,左节点损失:0.000,右节点损失:11.525,总损失:11.525
('----划分特征：', 185)
------划分值:1.000,左节点损失:2.855,右节点损失:8.178,总损失:11.033
------划分值:0.000,左节点损失:0.000,右节点损失:11.525,总损失:11.525
('----划分特征：', 186)
------划分值:1.000,左节点损失:3.637,右节点损失:7.395,总损失:11.031
------划分值:0.000,左节点损失:0.000,右节点损失:11.525,总损失:11.525
('----划分特征：', 187)
------划分值:1.000,左节点损失:5.186,右节点损失:5.957,总损失:11.143
------划分值:0.000,左节点损失:0.000,右节点损失:11.525,总损失:11.525
('----划分特征：', 188)
------划分值:1.000,左节点损失:6.959,右节点损失:4.288,总损失:11.247
------划分值:0.000,左节点损失:0.000,右节点损失:11.525,总损失:11.525
('----划分特征：', 189)
------划分值:1.000,左节点损失:8.818,右节点损失:2.591,总损失:11.410
------划分值:0.000,左节点损失:0.000,右节点损失:11.525,总损失:11.525
('----划分特征：', 190)
------划分值:1.000,左节点损失:10.168,右节点损失:1.334,总损失:11.503
------划分值:0.000,左节点损失:0.000,右节点损失:11.525,总损失:11.525
('----划分特征：', 191)
------划分值:0.000,左节点损失:0.000,右节点损失:11.525,总损失:11.525
------划分值:1.000,左节点损失:11.070,右节点损失:0.454,总损失:11.524
('----划分特征：', 192)
------划分值:0.000,左节点损失:0.000,右节点损失:11.525,总损失:11.525
------划分值:1.000,左节点损失:11.427,右节点损失:0.084,总损失:11.511
('----划分特征：', 193)
------划分值:0.000,左节点损失:0.000,右节点损失:11.525,总损失:11.525
------划分值:1.000,左节点损失:11.517,右节点损失:0.000,总损失:11.517
('----划分特征：', 194)
------划分值:0.000,左节点损失:0.000,右节点损失:11.525,总损失:11.525
------划分值:1.000,左节点损失:11.524,右节点损失:0.000,总损失:11.524
('----划分特征：', 195)
------划分值:0.000,左节点损失:0.000,右节点损失:11.525,总损失:11.525
------划分值:1.000,左节点损失:11.524,右节点损失:0.000,总损失:11.524
('----划分特征：', 196)
------划分值:0.000,左节点损失:0.000,右节点损失:11.525,总损失:11.525
('----划分特征：', 197)
------划分值:0.000,左节点损失:0.000,右节点损失:11.525,总损失:11.525
------划分值:1.000,左节点损失:11.525,右节点损失:0.000,总损失:11.525
('----划分特征：', 198)
------划分值:0.000,左节点损失:0.000,右节点损失:11.525,总损失:11.525
------划分值:1.000,左节点损失:11.524,右节点损失:0.000,总损失:11.524
('----划分特征：', 199)
------划分值:0.000,左节点损失:0.000,右节点损失:11.525,总损失:11.525
------划分值:1.000,左节点损失:11.523,右节点损失:0.000,总损失:11.523
('----划分特征：', 200)
------划分值:0.000,左节点损失:0.000,右节点损失:11.525,总损失:11.525
------划分值:1.000,左节点损失:11.516,右节点损失:0.000,总损失:11.516
('----划分特征：', 201)
------划分值:0.000,左节点损失:0.000,右节点损失:11.525,总损失:11.525
------划分值:1.000,左节点损失:11.482,右节点损失:0.021,总损失:11.504
('----划分特征：', 202)
------划分值:0.000,左节点损失:0.000,右节点损失:11.525,总损失:11.525
------划分值:1.000,左节点损失:11.460,右节点损失:0.022,总损失:11.482
('----划分特征：', 203)
------划分值:0.000,左节点损失:0.000,右节点损失:11.525,总损失:11.525
------划分值:1.000,左节点损失:11.224,右节点损失:0.252,总损失:11.476
('----划分特征：', 204)
------划分值:1.000,左节点损失:10.619,右节点损失:0.875,总损失:11.494
------划分值:0.000,左节点损失:0.000,右节点损失:11.525,总损失:11.525
('----划分特征：', 205)
------划分值:1.000,左节点损失:9.412,右节点损失:2.112,总损失:11.524
------划分值:0.000,左节点损失:0.000,右节点损失:11.525,总损失:11.525
('----划分特征：', 206)
------划分值:1.000,左节点损失:7.970,右节点损失:3.545,总损失:11.515
------划分值:0.000,左节点损失:0.000,右节点损失:11.525,总损失:11.525
('----划分特征：', 207)
------划分值:1.000,左节点损失:6.584,右节点损失:4.893,总损失:11.477
------划分值:0.000,左节点损失:0.000,右节点损失:11.525,总损失:11.525
('----划分特征：', 208)
------划分值:1.000,左节点损失:4.787,右节点损失:6.578,总损失:11.366
------划分值:0.000,左节点损失:0.000,右节点损失:11.525,总损失:11.525
('----划分特征：', 209)
------划分值:1.000,左节点损失:3.637,右节点损失:7.687,总损失:11.324
------划分值:0.000,左节点损失:0.000,右节点损失:11.525,总损失:11.525
('----划分特征：', 210)
------划分值:1.000,左节点损失:3.010,右节点损失:8.267,总损失:11.276
------划分值:0.000,左节点损失:0.000,右节点损失:11.525,总损失:11.525
('----划分特征：', 211)
------划分值:1.000,左节点损失:2.540,右节点损失:8.640,总损失:11.181
------划分值:0.000,左节点损失:0.000,右节点损失:11.525,总损失:11.525
('----划分特征：', 212)
------划分值:1.000,左节点损失:2.639,右节点损失:8.561,总损失:11.200
------划分值:0.000,左节点损失:0.000,右节点损失:11.525,总损失:11.525
('----划分特征：', 213)
------划分值:1.000,左节点损失:2.466,右节点损失:8.637,总损失:11.103
------划分值:0.000,左节点损失:0.000,右节点损失:11.525,总损失:11.525
('----划分特征：', 214)
------划分值:0.000,左节点损失:0.000,右节点损失:11.525,总损失:11.525
------划分值:1.000,左节点损失:2.854,右节点损失:8.187,总损失:11.041
('----划分特征：', 215)
------划分值:0.000,左节点损失:0.000,右节点损失:11.525,总损失:11.525
------划分值:1.000,左节点损失:3.793,右节点损失:7.271,总损失:11.064
('----划分特征：', 216)
------划分值:0.000,左节点损失:0.000,右节点损失:11.525,总损失:11.525
------划分值:1.000,左节点损失:5.443,右节点损失:5.687,总损失:11.130
('----划分特征：', 217)
------划分值:0.000,左节点损失:0.000,右节点损失:11.525,总损失:11.525
------划分值:1.000,左节点损失:7.525,右节点损失:3.782,总损失:11.306
('----划分特征：', 218)
------划分值:0.000,左节点损失:0.000,右节点损失:11.525,总损失:11.525
------划分值:1.000,左节点损失:9.377,右节点损失:2.071,总损失:11.448
('----划分特征：', 219)
------划分值:0.000,左节点损失:0.000,右节点损失:11.525,总损失:11.525
------划分值:1.000,左节点损失:10.648,右节点损失:0.872,总损失:11.520
('----划分特征：', 220)
------划分值:0.000,左节点损失:0.000,右节点损失:11.525,总损失:11.525
------划分值:1.000,左节点损失:11.315,右节点损失:0.204,总损失:11.518
('----划分特征：', 221)
------划分值:0.000,左节点损失:0.000,右节点损失:11.525,总损失:11.525
------划分值:1.000,左节点损失:11.509,右节点损失:0.000,总损失:11.509
('----划分特征：', 222)
------划分值:0.000,左节点损失:0.000,右节点损失:11.525,总损失:11.525
------划分值:1.000,左节点损失:11.521,右节点损失:0.000,总损失:11.521
('----划分特征：', 223)
------划分值:0.000,左节点损失:0.000,右节点损失:11.525,总损失:11.525
------划分值:1.000,左节点损失:11.525,右节点损失:0.000,总损失:11.525
('----划分特征：', 224)
------划分值:0.000,左节点损失:0.000,右节点损失:11.525,总损失:11.525
------划分值:1.000,左节点损失:11.525,右节点损失:0.000,总损失:11.525
('----划分特征：', 225)
------划分值:0.000,左节点损失:0.000,右节点损失:11.525,总损失:11.525
------划分值:1.000,左节点损失:11.524,右节点损失:0.000,总损失:11.524
('----划分特征：', 226)
------划分值:0.000,左节点损失:0.000,右节点损失:11.525,总损失:11.525
------划分值:1.000,左节点损失:11.524,右节点损失:0.000,总损失:11.524
('----划分特征：', 227)
------划分值:0.000,左节点损失:0.000,右节点损失:11.525,总损失:11.525
------划分值:1.000,左节点损失:11.520,右节点损失:0.000,总损失:11.520
('----划分特征：', 228)
------划分值:0.000,左节点损失:0.000,右节点损失:11.525,总损失:11.525
------划分值:1.000,左节点损失:11.508,右节点损失:0.000,总损失:11.508
('----划分特征：', 229)
------划分值:0.000,左节点损失:0.000,右节点损失:11.525,总损失:11.525
------划分值:1.000,左节点损失:11.452,右节点损失:0.043,总损失:11.495
('----划分特征：', 230)
------划分值:0.000,左节点损失:0.000,右节点损失:11.525,总损失:11.525
------划分值:1.000,左节点损失:11.333,右节点损失:0.148,总损失:11.481
('----划分特征：', 231)
------划分值:0.000,左节点损失:0.000,右节点损失:11.525,总损失:11.525
------划分值:1.000,左节点损失:10.872,右节点损失:0.616,总损失:11.489
('----划分特征：', 232)
------划分值:1.000,左节点损失:9.739,右节点损失:1.785,总损失:11.524
------划分值:0.000,左节点损失:0.000,右节点损失:11.525,总损失:11.525
('----划分特征：', 233)
------划分值:1.000,左节点损失:8.352,右节点损失:3.166,总损失:11.518
------划分值:0.000,左节点损失:0.000,右节点损失:11.525,总损失:11.525
('----划分特征：', 234)
------划分值:1.000,左节点损失:6.462,右节点损失:4.996,总损失:11.458
------划分值:0.000,左节点损失:0.000,右节点损失:11.525,总损失:11.525
('----划分特征：', 235)
------划分值:1.000,左节点损失:4.923,右节点损失:6.449,总损失:11.372
------划分值:0.000,左节点损失:0.000,右节点损失:11.525,总损失:11.525
('----划分特征：', 236)
------划分值:1.000,左节点损失:3.818,右节点损失:7.491,总损失:11.309
------划分值:0.000,左节点损失:0.000,右节点损失:11.525,总损失:11.525
('----划分特征：', 237)
------划分值:1.000,左节点损失:3.464,右节点损失:7.830,总损失:11.294
------划分值:0.000,左节点损失:0.000,右节点损失:11.525,总损失:11.525
('----划分特征：', 238)
------划分值:1.000,左节点损失:3.525,右节点损失:7.763,总损失:11.288
------划分值:0.000,左节点损失:0.000,右节点损失:11.525,总损失:11.525
('----划分特征：', 239)
------划分值:1.000,左节点损失:4.101,右节点损失:7.258,总损失:11.360
------划分值:0.000,左节点损失:0.000,右节点损失:11.525,总损失:11.525
('----划分特征：', 240)
------划分值:1.000,左节点损失:4.548,右节点损失:6.879,总损失:11.427
------划分值:0.000,左节点损失:0.000,右节点损失:11.525,总损失:11.525
('----划分特征：', 241)
------划分值:1.000,左节点损失:4.285,右节点损失:7.114,总损失:11.399
------划分值:0.000,左节点损失:0.000,右节点损失:11.525,总损失:11.525
('----划分特征：', 242)
------划分值:0.000,左节点损失:0.000,右节点损失:11.525,总损失:11.525
------划分值:1.000,左节点损失:3.572,右节点损失:7.676,总损失:11.248
('----划分特征：', 243)
------划分值:0.000,左节点损失:0.000,右节点损失:11.525,总损失:11.525
------划分值:1.000,左节点损失:3.531,右节点损失:7.570,总损失:11.100
('----划分特征：', 244)
------划分值:0.000,左节点损失:0.000,右节点损失:11.525,总损失:11.525
------划分值:1.000,左节点损失:4.260,右节点损失:6.693,总损失:10.952
('----划分特征：', 245)
------划分值:0.000,左节点损失:0.000,右节点损失:11.525,总损失:11.525
------划分值:1.000,左节点损失:6.265,右节点损失:4.834,总损失:11.099
('----划分特征：', 246)
------划分值:0.000,左节点损失:0.000,右节点损失:11.525,总损失:11.525
------划分值:1.000,左节点损失:8.320,右节点损失:2.934,总损失:11.254
('----划分特征：', 247)
------划分值:0.000,左节点损失:0.000,右节点损失:11.525,总损失:11.525
------划分值:1.000,左节点损失:10.187,右节点损失:1.281,总损失:11.468
('----划分特征：', 248)
------划分值:0.000,左节点损失:0.000,右节点损失:11.525,总损失:11.525
------划分值:1.000,左节点损失:11.210,右节点损失:0.314,总损失:11.525
('----划分特征：', 249)
------划分值:0.000,左节点损失:0.000,右节点损失:11.525,总损失:11.525
------划分值:1.000,左节点损失:11.511,右节点损失:0.000,总损失:11.511
('----划分特征：', 250)
------划分值:0.000,左节点损失:0.000,右节点损失:11.525,总损失:11.525
------划分值:1.000,左节点损失:11.523,右节点损失:0.000,总损失:11.523
('----划分特征：', 251)
------划分值:0.000,左节点损失:0.000,右节点损失:11.525,总损失:11.525
------划分值:1.000,左节点损失:11.525,右节点损失:0.000,总损失:11.525
('----划分特征：', 252)
------划分值:0.000,左节点损失:0.000,右节点损失:11.525,总损失:11.525
('----划分特征：', 253)
------划分值:0.000,左节点损失:0.000,右节点损失:11.525,总损失:11.525
------划分值:1.000,左节点损失:11.525,右节点损失:0.000,总损失:11.525
('----划分特征：', 254)
------划分值:0.000,左节点损失:0.000,右节点损失:11.525,总损失:11.525
------划分值:1.000,左节点损失:11.523,右节点损失:0.000,总损失:11.523
('----划分特征：', 255)
------划分值:0.000,左节点损失:0.000,右节点损失:11.525,总损失:11.525
------划分值:1.000,左节点损失:11.518,右节点损失:0.000,总损失:11.518
('----划分特征：', 256)
------划分值:0.000,左节点损失:0.000,右节点损失:11.525,总损失:11.525
------划分值:1.000,左节点损失:11.506,右节点损失:0.000,总损失:11.506
('----划分特征：', 257)
------划分值:0.000,左节点损失:0.000,右节点损失:11.525,总损失:11.525
------划分值:1.000,左节点损失:11.442,右节点损失:0.043,总损失:11.485
('----划分特征：', 258)
------划分值:0.000,左节点损失:0.000,右节点损失:11.525,总损失:11.525
------划分值:1.000,左节点损失:10.985,右节点损失:0.527,总损失:11.512
('----划分特征：', 259)
------划分值:0.000,左节点损失:0.000,右节点损失:11.525,总损失:11.525
------划分值:1.000,左节点损失:10.136,右节点损失:1.389,总损失:11.525
('----划分特征：', 260)
------划分值:0.000,左节点损失:0.000,右节点损失:11.525,总损失:11.525
------划分值:1.000,左节点损失:8.755,右节点损失:2.754,总损失:11.509
('----划分特征：', 261)
------划分值:1.000,左节点损失:6.956,右节点损失:4.486,总损失:11.442
------划分值:0.000,左节点损失:0.000,右节点损失:11.525,总损失:11.525
('----划分特征：', 262)
------划分值:0.000,左节点损失:0.000,右节点损失:11.525,总损失:11.525
------划分值:1.000,左节点损失:5.035,右节点损失:6.287,总损失:11.322
('----划分特征：', 263)
------划分值:1.000,左节点损失:3.699,右节点损失:7.494,总损失:11.193
------划分值:0.000,左节点损失:0.000,右节点损失:11.525,总损失:11.525
('----划分特征：', 264)
------划分值:1.000,左节点损失:3.713,右节点损失:7.518,总损失:11.231
------划分值:0.000,左节点损失:0.000,右节点损失:11.525,总损失:11.525
('----划分特征：', 265)
------划分值:1.000,左节点损失:4.089,右节点损失:7.147,总损失:11.236
------划分值:0.000,左节点损失:0.000,右节点损失:11.525,总损失:11.525
('----划分特征：', 266)
------划分值:0.000,左节点损失:0.000,右节点损失:11.525,总损失:11.525
------划分值:1.000,左节点损失:5.417,右节点损失:5.992,总损失:11.409
('----划分特征：', 267)
------划分值:0.000,左节点损失:0.000,右节点损失:11.525,总损失:11.525
------划分值:1.000,左节点损失:6.371,右节点损失:5.124,总损失:11.495
('----划分特征：', 268)
------划分值:0.000,左节点损失:0.000,右节点损失:11.525,总损失:11.525
------划分值:1.000,左节点损失:6.769,右节点损失:4.755,总损失:11.524
('----划分特征：', 269)
------划分值:1.000,左节点损失:6.371,右节点损失:5.154,总损失:11.525
------划分值:0.000,左节点损失:0.000,右节点损失:11.525,总损失:11.525
('----划分特征：', 270)
------划分值:0.000,左节点损失:0.000,右节点损失:11.525,总损失:11.525
------划分值:1.000,左节点损失:5.448,右节点损失:6.036,总损失:11.484
('----划分特征：', 271)
------划分值:0.000,左节点损失:0.000,右节点损失:11.525,总损失:11.525
------划分值:1.000,左节点损失:4.000,右节点损失:7.172,总损失:11.171
('----划分特征：', 272)
------划分值:0.000,左节点损失:0.000,右节点损失:11.525,总损失:11.525
------划分值:1.000,左节点损失:3.909,右节点损失:6.940,总损失:10.849
('----划分特征：', 273)
------划分值:0.000,左节点损失:0.000,右节点损失:11.525,总损失:11.525
------划分值:1.000,左节点损失:5.011,右节点损失:5.620,总损失:10.631
('----划分特征：', 274)
------划分值:0.000,左节点损失:0.000,右节点损失:11.525,总损失:11.525
------划分值:1.000,左节点损失:7.144,右节点损失:3.601,总损失:10.745
('----划分特征：', 275)
------划分值:0.000,左节点损失:0.000,右节点损失:11.525,总损失:11.525
------划分值:1.000,左节点损失:9.775,右节点损失:1.481,总损失:11.256
('----划分特征：', 276)
------划分值:0.000,左节点损失:0.000,右节点损失:11.525,总损失:11.525
------划分值:1.000,左节点损失:11.046,右节点损失:0.451,总损失:11.497
('----划分特征：', 277)
------划分值:0.000,左节点损失:0.000,右节点损失:11.525,总损失:11.525
------划分值:1.000,左节点损失:11.518,右节点损失:0.000,总损失:11.518
('----划分特征：', 278)
------划分值:0.000,左节点损失:0.000,右节点损失:11.525,总损失:11.525
------划分值:1.000,左节点损失:11.524,右节点损失:0.000,总损失:11.524
('----划分特征：', 279)
------划分值:0.000,左节点损失:0.000,右节点损失:11.525,总损失:11.525
('----划分特征：', 280)
------划分值:0.000,左节点损失:0.000,右节点损失:11.525,总损失:11.525
('----划分特征：', 281)
------划分值:0.000,左节点损失:0.000,右节点损失:11.525,总损失:11.525
------划分值:1.000,左节点损失:11.524,右节点损失:0.000,总损失:11.524
('----划分特征：', 282)
------划分值:0.000,左节点损失:0.000,右节点损失:11.525,总损失:11.525
------划分值:1.000,左节点损失:11.523,右节点损失:0.000,总损失:11.523
('----划分特征：', 283)
------划分值:0.000,左节点损失:0.000,右节点损失:11.525,总损失:11.525
------划分值:1.000,左节点损失:11.518,右节点损失:0.000,总损失:11.518
('----划分特征：', 284)
------划分值:0.000,左节点损失:0.000,右节点损失:11.525,总损失:11.525
------划分值:1.000,左节点损失:11.504,右节点损失:0.000,总损失:11.504
('----划分特征：', 285)
------划分值:0.000,左节点损失:0.000,右节点损失:11.525,总损失:11.525
------划分值:1.000,左节点损失:11.320,右节点损失:0.187,总损失:11.507
('----划分特征：', 286)
------划分值:0.000,左节点损失:0.000,右节点损失:11.525,总损失:11.525
------划分值:1.000,左节点损失:10.564,右节点损失:0.959,总损失:11.523
('----划分特征：', 287)
------划分值:0.000,左节点损失:0.000,右节点损失:11.525,总损失:11.525
------划分值:1.000,左节点损失:9.216,右节点损失:2.248,总损失:11.464
('----划分特征：', 288)
------划分值:0.000,左节点损失:0.000,右节点损失:11.525,总损失:11.525
------划分值:1.000,左节点损失:7.428,右节点损失:3.948,总损失:11.376
('----划分特征：', 289)
------划分值:0.000,左节点损失:0.000,右节点损失:11.525,总损失:11.525
------划分值:1.000,左节点损失:5.261,右节点损失:5.908,总损失:11.169
('----划分特征：', 290)
------划分值:0.000,左节点损失:0.000,右节点损失:11.525,总损失:11.525
------划分值:1.000,左节点损失:3.871,右节点损失:7.209,总损失:11.080
('----划分特征：', 291)
------划分值:1.000,左节点损失:3.979,右节点损失:7.199,总损失:11.178
------划分值:0.000,左节点损失:0.000,右节点损失:11.525,总损失:11.525
('----划分特征：', 292)
------划分值:1.000,左节点损失:4.567,右节点损失:6.646,总损失:11.212
------划分值:0.000,左节点损失:0.000,右节点损失:11.525,总损失:11.525
('----划分特征：', 293)
------划分值:0.000,左节点损失:0.000,右节点损失:11.525,总损失:11.525
------划分值:1.000,左节点损失:5.882,右节点损失:5.484,总损失:11.366
('----划分特征：', 294)
------划分值:0.000,左节点损失:0.000,右节点损失:11.525,总损失:11.525
------划分值:1.000,左节点损失:7.248,右节点损失:4.244,总损失:11.492
('----划分特征：', 295)
------划分值:0.000,左节点损失:0.000,右节点损失:11.525,总损失:11.525
------划分值:1.000,左节点损失:8.236,右节点损失:3.279,总损失:11.514
('----划分特征：', 296)
------划分值:0.000,左节点损失:0.000,右节点损失:11.525,总损失:11.525
------划分值:1.000,左节点损失:8.662,右节点损失:2.772,总损失:11.433
('----划分特征：', 297)
------划分值:0.000,左节点损失:0.000,右节点损失:11.525,总损失:11.525
------划分值:1.000,左节点损失:8.069,右节点损失:3.365,总损失:11.434
('----划分特征：', 298)
------划分值:0.000,左节点损失:0.000,右节点损失:11.525,总损失:11.525
------划分值:1.000,左节点损失:6.921,右节点损失:4.601,总损失:11.523
('----划分特征：', 299)
------划分值:0.000,左节点损失:0.000,右节点损失:11.525,总损失:11.525
------划分值:1.000,左节点损失:5.140,右节点损失:6.226,总损失:11.366
('----划分特征：', 300)
------划分值:0.000,左节点损失:0.000,右节点损失:11.525,总损失:11.525
------划分值:1.000,左节点损失:3.895,右节点损失:6.835,总损失:10.730
('----划分特征：', 301)
------划分值:0.000,左节点损失:0.000,右节点损失:11.525,总损失:11.525
------划分值:1.000,左节点损失:4.591,右节点损失:5.608,总损失:10.199
('----划分特征：', 302)
------划分值:0.000,左节点损失:0.000,右节点损失:11.525,总损失:11.525
------划分值:1.000,左节点损失:6.362,右节点损失:3.579,总损失:9.941
('----划分特征：', 303)
------划分值:0.000,左节点损失:0.000,右节点损失:11.525,总损失:11.525
------划分值:1.000,左节点损失:8.955,右节点损失:1.500,总损失:10.456
('----划分特征：', 304)
------划分值:0.000,左节点损失:0.000,右节点损失:11.525,总损失:11.525
------划分值:1.000,左节点损失:10.970,右节点损失:0.385,总损失:11.355
('----划分特征：', 305)
------划分值:0.000,左节点损失:0.000,右节点损失:11.525,总损失:11.525
------划分值:1.000,左节点损失:11.522,右节点损失:0.000,总损失:11.522
('----划分特征：', 306)
------划分值:0.000,左节点损失:0.000,右节点损失:11.525,总损失:11.525
------划分值:1.000,左节点损失:11.525,右节点损失:0.000,总损失:11.525
('----划分特征：', 307)
------划分值:0.000,左节点损失:0.000,右节点损失:11.525,总损失:11.525
('----划分特征：', 308)
------划分值:0.000,左节点损失:0.000,右节点损失:11.525,总损失:11.525
('----划分特征：', 309)
------划分值:0.000,左节点损失:0.000,右节点损失:11.525,总损失:11.525
------划分值:1.000,左节点损失:11.525,右节点损失:0.000,总损失:11.525
('----划分特征：', 310)
------划分值:0.000,左节点损失:0.000,右节点损失:11.525,总损失:11.525
------划分值:1.000,左节点损失:11.523,右节点损失:0.000,总损失:11.523
('----划分特征：', 311)
------划分值:0.000,左节点损失:0.000,右节点损失:11.525,总损失:11.525
------划分值:1.000,左节点损失:11.518,右节点损失:0.000,总损失:11.518
('----划分特征：', 312)
------划分值:0.000,左节点损失:0.000,右节点损失:11.525,总损失:11.525
------划分值:1.000,左节点损失:11.508,右节点损失:0.000,总损失:11.508
('----划分特征：', 313)
------划分值:0.000,左节点损失:0.000,右节点损失:11.525,总损失:11.525
------划分值:1.000,左节点损失:11.095,右节点损失:0.430,总损失:11.525
('----划分特征：', 314)
------划分值:0.000,左节点损失:0.000,右节点损失:11.525,总损失:11.525
------划分值:1.000,左节点损失:9.966,右节点损失:1.484,总损失:11.450
('----划分特征：', 315)
------划分值:0.000,左节点损失:0.000,右节点损失:11.525,总损失:11.525
------划分值:1.000,左节点损失:8.147,右节点损失:3.113,总损失:11.261
('----划分特征：', 316)
------划分值:0.000,左节点损失:0.000,右节点损失:11.525,总损失:11.525
------划分值:1.000,左节点损失:6.110,右节点损失:4.990,总损失:11.100
('----划分特征：', 317)
------划分值:0.000,左节点损失:0.000,右节点损失:11.525,总损失:11.525
------划分值:1.000,左节点损失:4.259,右节点损失:6.702,总损失:10.961
('----划分特征：', 318)
------划分值:0.000,左节点损失:0.000,右节点损失:11.525,总损失:11.525
------划分值:1.000,左节点损失:3.871,右节点损失:7.206,总损失:11.077
('----划分特征：', 319)
------划分值:1.000,左节点损失:4.624,右节点损失:6.596,总损失:11.220
------划分值:0.000,左节点损失:0.000,右节点损失:11.525,总损失:11.525
('----划分特征：', 320)
------划分值:1.000,左节点损失:6.273,右节点损失:5.140,总损失:11.412
------划分值:0.000,左节点损失:0.000,右节点损失:11.525,总损失:11.525
('----划分特征：', 321)
------划分值:1.000,左节点损失:7.616,右节点损失:3.892,总损失:11.508
------划分值:0.000,左节点损失:0.000,右节点损失:11.525,总损失:11.525
('----划分特征：', 322)
------划分值:0.000,左节点损失:0.000,右节点损失:11.525,总损失:11.525
------划分值:1.000,左节点损失:8.996,右节点损失:2.488,总损失:11.484
('----划分特征：', 323)
------划分值:0.000,左节点损失:0.000,右节点损失:11.525,总损失:11.525
------划分值:1.000,左节点损失:9.759,右节点损失:1.538,总损失:11.296
('----划分特征：', 324)
------划分值:0.000,左节点损失:0.000,右节点损失:11.525,总损失:11.525
------划分值:1.000,左节点损失:9.786,右节点损失:1.383,总损失:11.169
('----划分特征：', 325)
------划分值:0.000,左节点损失:0.000,右节点损失:11.525,总损失:11.525
------划分值:1.000,左节点损失:9.347,右节点损失:1.794,总损失:11.141
('----划分特征：', 326)
------划分值:0.000,左节点损失:0.000,右节点损失:11.525,总损失:11.525
------划分值:1.000,左节点损失:8.361,右节点损失:3.026,总损失:11.387
('----划分特征：', 327)
------划分值:0.000,左节点损失:0.000,右节点损失:11.525,总损失:11.525
------划分值:1.000,左节点损失:6.301,右节点损失:5.187,总损失:11.488
('----划分特征：', 328)
------划分值:0.000,左节点损失:0.000,右节点损失:11.525,总损失:11.525
------划分值:1.000,左节点损失:4.549,右节点损失:6.222,总损失:10.771
('----划分特征：', 329)
------划分值:0.000,左节点损失:0.000,右节点损失:11.525,总损失:11.525
------划分值:1.000,左节点损失:4.284,右节点损失:5.240,总损失:9.525
('----划分特征：', 330)
------划分值:0.000,左节点损失:0.000,右节点损失:11.525,总损失:11.525
------划分值:1.000,左节点损失:5.560,右节点损失:3.180,总损失:8.740
('----划分特征：', 331)
------划分值:0.000,左节点损失:0.000,右节点损失:11.525,总损失:11.525
------划分值:1.000,左节点损失:8.445,右节点损失:1.243,总损失:9.688
('----划分特征：', 332)
------划分值:0.000,左节点损失:0.000,右节点损失:11.525,总损失:11.525
------划分值:1.000,左节点损失:10.759,右节点损失:0.396,总损失:11.155
('----划分特征：', 333)
------划分值:0.000,左节点损失:0.000,右节点损失:11.525,总损失:11.525
------划分值:1.000,左节点损失:11.523,右节点损失:0.000,总损失:11.523
('----划分特征：', 334)
------划分值:0.000,左节点损失:0.000,右节点损失:11.525,总损失:11.525
------划分值:1.000,左节点损失:11.507,右节点损失:0.011,总损失:11.518
('----划分特征：', 335)
------划分值:0.000,左节点损失:0.000,右节点损失:11.525,总损失:11.525
('----划分特征：', 336)
------划分值:0.000,左节点损失:0.000,右节点损失:11.525,总损失:11.525
('----划分特征：', 337)
------划分值:0.000,左节点损失:0.000,右节点损失:11.525,总损失:11.525
------划分值:1.000,左节点损失:11.525,右节点损失:0.000,总损失:11.525
('----划分特征：', 338)
------划分值:0.000,左节点损失:0.000,右节点损失:11.525,总损失:11.525
------划分值:1.000,左节点损失:11.523,右节点损失:0.000,总损失:11.523
('----划分特征：', 339)
------划分值:0.000,左节点损失:0.000,右节点损失:11.525,总损失:11.525
------划分值:1.000,左节点损失:11.521,右节点损失:0.000,总损失:11.521
('----划分特征：', 340)
------划分值:0.000,左节点损失:0.000,右节点损失:11.525,总损失:11.525
------划分值:1.000,左节点损失:11.492,右节点损失:0.021,总损失:11.513
('----划分特征：', 341)
------划分值:0.000,左节点损失:0.000,右节点损失:11.525,总损失:11.525
------划分值:1.000,左节点损失:10.731,右节点损失:0.750,总损失:11.481
('----划分特征：', 342)
------划分值:0.000,左节点损失:0.000,右节点损失:11.525,总损失:11.525
------划分值:1.000,左节点损失:9.015,右节点损失:2.142,总损失:11.157
('----划分特征：', 343)
------划分值:0.000,左节点损失:0.000,右节点损失:11.525,总损失:11.525
------划分值:1.000,左节点损失:6.862,右节点损失:4.067,总损失:10.930
('----划分特征：', 344)
------划分值:0.000,左节点损失:0.000,右节点损失:11.525,总损失:11.525
------划分值:1.000,左节点损失:4.553,右节点损失:6.135,总损失:10.689
('----划分特征：', 345)
------划分值:0.000,左节点损失:0.000,右节点损失:11.525,总损失:11.525
------划分值:1.000,左节点损失:3.570,右节点损失:7.270,总损失:10.839
('----划分特征：', 346)
------划分值:0.000,左节点损失:0.000,右节点损失:11.525,总损失:11.525
------划分值:1.000,左节点损失:4.221,右节点损失:6.925,总损失:11.146
('----划分特征：', 347)
------划分值:0.000,左节点损失:0.000,右节点损失:11.525,总损失:11.525
------划分值:1.000,左节点损失:5.917,右节点损失:5.506,总损失:11.424
('----划分特征：', 348)
------划分值:1.000,左节点损失:7.827,右节点损失:3.698,总损失:11.525
------划分值:0.000,左节点损失:0.000,右节点损失:11.525,总损失:11.525
('----划分特征：', 349)
------划分值:1.000,左节点损失:9.084,右节点损失:2.368,总损失:11.452
------划分值:0.000,左节点损失:0.000,右节点损失:11.525,总损失:11.525
('----划分特征：', 350)
------划分值:0.000,左节点损失:0.000,右节点损失:11.525,总损失:11.525
------划分值:1.000,左节点损失:9.896,右节点损失:1.319,总损失:11.215
('----划分特征：', 351)
------划分值:0.000,左节点损失:0.000,右节点损失:11.525,总损失:11.525
------划分值:1.000,左节点损失:10.194,右节点损失:0.766,总损失:10.960
('----划分特征：', 352)
------划分值:0.000,左节点损失:0.000,右节点损失:11.525,总损失:11.525
------划分值:1.000,左节点损失:10.122,右节点损失:0.619,总损失:10.742
('----划分特征：', 353)
------划分值:0.000,左节点损失:0.000,右节点损失:11.525,总损失:11.525
------划分值:1.000,左节点损失:9.743,右节点损失:1.081,总损失:10.824
('----划分特征：', 354)
------划分值:0.000,左节点损失:0.000,右节点损失:11.525,总损失:11.525
------划分值:1.000,左节点损失:8.610,右节点损失:2.687,总损失:11.296
('----划分特征：', 355)
------划分值:0.000,左节点损失:0.000,右节点损失:11.525,总损失:11.525
------划分值:1.000,左节点损失:7.143,右节点损失:4.376,总损失:11.520
('----划分特征：', 356)
------划分值:0.000,左节点损失:0.000,右节点损失:11.525,总损失:11.525
------划分值:1.000,左节点损失:4.792,右节点损失:5.863,总损失:10.656
('----划分特征：', 357)
------划分值:0.000,左节点损失:0.000,右节点损失:11.525,总损失:11.525
------划分值:1.000,左节点损失:4.229,右节点损失:4.846,总损失:9.075
('----划分特征：', 358)
------划分值:0.000,左节点损失:0.000,右节点损失:11.525,总损失:11.525
------划分值:1.000,左节点损失:5.407,右节点损失:2.816,总损失:8.223
('----划分特征：', 359)
------划分值:0.000,左节点损失:0.000,右节点损失:11.525,总损失:11.525
------划分值:1.000,左节点损失:8.093,右节点损失:1.193,总损失:9.285
('----划分特征：', 360)
------划分值:0.000,左节点损失:0.000,右节点损失:11.525,总损失:11.525
------划分值:1.000,左节点损失:10.526,右节点损失:0.504,总损失:11.030
('----划分特征：', 361)
------划分值:0.000,左节点损失:0.000,右节点损失:11.525,总损失:11.525
------划分值:1.000,左节点损失:11.524,右节点损失:0.000,总损失:11.524
('----划分特征：', 362)
------划分值:0.000,左节点损失:0.000,右节点损失:11.525,总损失:11.525
------划分值:1.000,左节点损失:11.507,右节点损失:0.014,总损失:11.521
('----划分特征：', 363)
------划分值:0.000,左节点损失:0.000,右节点损失:11.525,总损失:11.525
('----划分特征：', 364)
------划分值:0.000,左节点损失:0.000,右节点损失:11.525,总损失:11.525
('----划分特征：', 365)
------划分值:0.000,左节点损失:0.000,右节点损失:11.525,总损失:11.525
------划分值:1.000,左节点损失:11.525,右节点损失:0.000,总损失:11.525
('----划分特征：', 366)
------划分值:0.000,左节点损失:0.000,右节点损失:11.525,总损失:11.525
------划分值:1.000,左节点损失:11.524,右节点损失:0.000,总损失:11.524
('----划分特征：', 367)
------划分值:0.000,左节点损失:0.000,右节点损失:11.525,总损失:11.525
------划分值:1.000,左节点损失:11.523,右节点损失:0.000,总损失:11.523
('----划分特征：', 368)
------划分值:0.000,左节点损失:0.000,右节点损失:11.525,总损失:11.525
------划分值:1.000,左节点损失:11.426,右节点损失:0.099,总损失:11.525
('----划分特征：', 369)
------划分值:0.000,左节点损失:0.000,右节点损失:11.525,总损失:11.525
------划分值:1.000,左节点损失:10.218,右节点损失:1.087,总损失:11.304
('----划分特征：', 370)
------划分值:0.000,左节点损失:0.000,右节点损失:11.525,总损失:11.525
------划分值:1.000,左节点损失:7.965,右节点损失:2.798,总损失:10.763
('----划分特征：', 371)
------划分值:0.000,左节点损失:0.000,右节点损失:11.525,总损失:11.525
------划分值:1.000,左节点损失:5.567,右节点损失:4.924,总损失:10.491
('----划分特征：', 372)
------划分值:0.000,左节点损失:0.000,右节点损失:11.525,总损失:11.525
------划分值:1.000,左节点损失:3.863,右节点损失:6.669,总损失:10.532
('----划分特征：', 373)
------划分值:0.000,左节点损失:0.000,右节点损失:11.525,总损失:11.525
------划分值:1.000,左节点损失:3.842,右节点损失:7.115,总损失:10.957
('----划分特征：', 374)
------划分值:0.000,左节点损失:0.000,右节点损失:11.525,总损失:11.525
------划分值:1.000,左节点损失:5.295,右节点损失:6.075,总损失:11.370
('----划分特征：', 375)
------划分值:0.000,左节点损失:0.000,右节点损失:11.525,总损失:11.525
------划分值:1.000,左节点损失:7.500,右节点损失:4.025,总损失:11.524
('----划分特征：', 376)
------划分值:0.000,左节点损失:0.000,右节点损失:11.525,总损失:11.525
------划分值:1.000,左节点损失:9.041,右节点损失:2.364,总损失:11.405
('----划分特征：', 377)
------划分值:1.000,左节点损失:10.060,右节点损失:0.994,总损失:11.054
------划分值:0.000,左节点损失:0.000,右节点损失:11.525,总损失:11.525
('----划分特征：', 378)
------划分值:1.000,左节点损失:10.265,右节点损失:0.450,总损失:10.715
------划分值:0.000,左节点损失:0.000,右节点损失:11.525,总损失:11.525
('----划分特征：', 379)
------划分值:1.000,左节点损失:10.226,右节点损失:0.194,总损失:10.419
------划分值:0.000,左节点损失:0.000,右节点损失:11.525,总损失:11.525
('----划分特征：', 380)
------划分值:0.000,左节点损失:0.000,右节点损失:11.525,总损失:11.525
------划分值:1.000,左节点损失:10.025,右节点损失:0.258,总损失:10.283
('----划分特征：', 381)
------划分值:0.000,左节点损失:0.000,右节点损失:11.525,总损失:11.525
------划分值:1.000,左节点损失:9.677,右节点损失:0.916,总损失:10.593
('----划分特征：', 382)
------划分值:0.000,左节点损失:0.000,右节点损失:11.525,总损失:11.525
------划分值:1.000,左节点损失:8.837,右节点损失:2.394,总损失:11.231
('----划分特征：', 383)
------划分值:0.000,左节点损失:0.000,右节点损失:11.525,总损失:11.525
------划分值:1.000,左节点损失:7.218,右节点损失:4.294,总损失:11.513
('----划分特征：', 384)
------划分值:0.000,左节点损失:0.000,右节点损失:11.525,总损失:11.525
------划分值:1.000,左节点损失:4.992,右节点损失:5.614,总损失:10.606
('----划分特征：', 385)
------划分值:0.000,左节点损失:0.000,右节点损失:11.525,总损失:11.525
------划分值:1.000,左节点损失:4.330,右节点损失:4.709,总损失:9.038
('----划分特征：', 386)
------划分值:0.000,左节点损失:0.000,右节点损失:11.525,总损失:11.525
------划分值:1.000,左节点损失:5.366,右节点损失:2.983,总损失:8.350
('----划分特征：', 387)
------划分值:0.000,左节点损失:0.000,右节点损失:11.525,总损失:11.525
------划分值:1.000,左节点损失:7.940,右节点损失:1.525,总损失:9.464
('----划分特征：', 388)
------划分值:0.000,左节点损失:0.000,右节点损失:11.525,总损失:11.525
------划分值:1.000,左节点损失:10.417,右节点损失:0.598,总损失:11.015
('----划分特征：', 389)
------划分值:0.000,左节点损失:0.000,右节点损失:11.525,总损失:11.525
------划分值:1.000,左节点损失:11.522,右节点损失:0.000,总损失:11.522
('----划分特征：', 390)
------划分值:0.000,左节点损失:0.000,右节点损失:11.525,总损失:11.525
('----划分特征：', 391)
------划分值:0.000,左节点损失:0.000,右节点损失:11.525,总损失:11.525
('----划分特征：', 392)
------划分值:0.000,左节点损失:0.000,右节点损失:11.525,总损失:11.525
('----划分特征：', 393)
------划分值:0.000,左节点损失:0.000,右节点损失:11.525,总损失:11.525
('----划分特征：', 394)
------划分值:0.000,左节点损失:0.000,右节点损失:11.525,总损失:11.525
------划分值:1.000,左节点损失:11.525,右节点损失:0.000,总损失:11.525
('----划分特征：', 395)
------划分值:0.000,左节点损失:0.000,右节点损失:11.525,总损失:11.525
------划分值:1.000,左节点损失:11.523,右节点损失:0.000,总损失:11.523
('----划分特征：', 396)
------划分值:0.000,左节点损失:0.000,右节点损失:11.525,总损失:11.525
------划分值:1.000,左节点损失:11.304,右节点损失:0.207,总损失:11.512
('----划分特征：', 397)
------划分值:0.000,左节点损失:0.000,右节点损失:11.525,总损失:11.525
------划分值:1.000,左节点损失:9.336,右节点损失:1.464,总损失:10.800
('----划分特征：', 398)
------划分值:0.000,左节点损失:0.000,右节点损失:11.525,总损失:11.525
------划分值:1.000,左节点损失:6.932,右节点损失:3.358,总损失:10.291
('----划分特征：', 399)
------划分值:0.000,左节点损失:0.000,右节点损失:11.525,总损失:11.525
------划分值:1.000,左节点损失:4.592,右节点损失:5.554,总损失:10.146
('----划分特征：', 400)
------划分值:0.000,左节点损失:0.000,右节点损失:11.525,总损失:11.525
------划分值:1.000,左节点损失:3.564,右节点损失:6.904,总损失:10.469
('----划分特征：', 401)
------划分值:0.000,左节点损失:0.000,右节点损失:11.525,总损失:11.525
------划分值:1.000,左节点损失:4.441,右节点损失:6.680,总损失:11.121
('----划分特征：', 402)
------划分值:0.000,左节点损失:0.000,右节点损失:11.525,总损失:11.525
------划分值:1.000,左节点损失:6.644,右节点损失:4.864,总损失:11.508
('----划分特征：', 403)
------划分值:0.000,左节点损失:0.000,右节点损失:11.525,总损失:11.525
------划分值:1.000,左节点损失:8.747,右节点损失:2.662,总损失:11.408
('----划分特征：', 404)
------划分值:0.000,左节点损失:0.000,右节点损失:11.525,总损失:11.525
------划分值:1.000,左节点损失:9.859,右节点损失:1.221,总损失:11.081
('----划分特征：', 405)
------划分值:0.000,左节点损失:0.000,右节点损失:11.525,总损失:11.525
------划分值:1.000,左节点损失:10.147,右节点损失:0.450,总损失:10.597
('----划分特征：', 406)
------划分值:1.000,左节点损失:10.131,右节点损失:0.108,总损失:10.239
------划分值:0.000,左节点损失:0.000,右节点损失:11.525,总损失:11.525
('----划分特征：', 407)
------划分值:1.000,左节点损失:9.856,右节点损失:0.043,总损失:9.899
------划分值:0.000,左节点损失:0.000,右节点损失:11.525,总损失:11.525
('----划分特征：', 408)
------划分值:1.000,左节点损失:9.829,右节点损失:0.172,总损失:10.001
------划分值:0.000,左节点损失:0.000,右节点损失:11.525,总损失:11.525
('----划分特征：', 409)
------划分值:0.000,左节点损失:0.000,右节点损失:11.525,总损失:11.525
------划分值:1.000,左节点损失:9.515,右节点损失:1.042,总损失:10.557
('----划分特征：', 410)
------划分值:0.000,左节点损失:0.000,右节点损失:11.525,总损失:11.525
------划分值:1.000,左节点损失:8.576,右节点损失:2.743,总损失:11.318
('----划分特征：', 411)
------划分值:0.000,左节点损失:0.000,右节点损失:11.525,总损失:11.525
------划分值:1.000,左节点损失:6.910,右节点损失:4.570,总损失:11.480
('----划分特征：', 412)
------划分值:0.000,左节点损失:0.000,右节点损失:11.525,总损失:11.525
------划分值:1.000,左节点损失:5.167,右节点损失:5.492,总损失:10.658
('----划分特征：', 413)
------划分值:0.000,左节点损失:0.000,右节点损失:11.525,总损失:11.525
------划分值:1.000,左节点损失:4.408,右节点损失:4.825,总损失:9.232
('----划分特征：', 414)
------划分值:0.000,左节点损失:0.000,右节点损失:11.525,总损失:11.525
------划分值:1.000,左节点损失:5.774,右节点损失:3.080,总损失:8.854
('----划分特征：', 415)
------划分值:0.000,左节点损失:0.000,右节点损失:11.525,总损失:11.525
------划分值:1.000,左节点损失:7.994,右节点损失:1.689,总损失:9.683
('----划分特征：', 416)
------划分值:0.000,左节点损失:0.000,右节点损失:11.525,总损失:11.525
------划分值:1.000,左节点损失:10.506,右节点损失:0.599,总损失:11.105
('----划分特征：', 417)
------划分值:0.000,左节点损失:0.000,右节点损失:11.525,总损失:11.525
------划分值:1.000,左节点损失:11.505,右节点损失:0.020,总损失:11.525
('----划分特征：', 418)
------划分值:0.000,左节点损失:0.000,右节点损失:11.525,总损失:11.525
('----划分特征：', 419)
------划分值:0.000,左节点损失:0.000,右节点损失:11.525,总损失:11.525
('----划分特征：', 420)
------划分值:0.000,左节点损失:0.000,右节点损失:11.525,总损失:11.525
('----划分特征：', 421)
------划分值:0.000,左节点损失:0.000,右节点损失:11.525,总损失:11.525
('----划分特征：', 422)
------划分值:0.000,左节点损失:0.000,右节点损失:11.525,总损失:11.525
------划分值:1.000,左节点损失:11.525,右节点损失:0.000,总损失:11.525
('----划分特征：', 423)
------划分值:0.000,左节点损失:0.000,右节点损失:11.525,总损失:11.525
------划分值:1.000,左节点损失:11.523,右节点损失:0.000,总损失:11.523
('----划分特征：', 424)
------划分值:0.000,左节点损失:0.000,右节点损失:11.525,总损失:11.525
------划分值:1.000,左节点损失:11.110,右节点损失:0.338,总损失:11.448
('----划分特征：', 425)
------划分值:0.000,左节点损失:0.000,右节点损失:11.525,总损失:11.525
------划分值:1.000,左节点损失:8.655,右节点损失:1.817,总损失:10.473
('----划分特征：', 426)
------划分值:0.000,左节点损失:0.000,右节点损失:11.525,总损失:11.525
------划分值:1.000,左节点损失:5.860,右节点损失:3.926,总损失:9.786
('----划分特征：', 427)
------划分值:0.000,左节点损失:0.000,右节点损失:11.525,总损失:11.525
------划分值:1.000,左节点损失:3.801,右节点损失:5.930,总损失:9.730
('----划分特征：', 428)
------划分值:0.000,左节点损失:0.000,右节点损失:11.525,总损失:11.525
------划分值:1.000,左节点损失:3.565,右节点损失:6.877,总损失:10.442
('----划分特征：', 429)
------划分值:0.000,左节点损失:0.000,右节点损失:11.525,总损失:11.525
------划分值:1.000,左节点损失:5.318,右节点损失:5.966,总损失:11.285
('----划分特征：', 430)
------划分值:0.000,左节点损失:0.000,右节点损失:11.525,总损失:11.525
------划分值:1.000,左节点损失:7.853,右节点损失:3.658,总损失:11.510
('----划分特征：', 431)
------划分值:0.000,左节点损失:0.000,右节点损失:11.525,总损失:11.525
------划分值:1.000,左节点损失:9.541,右节点损失:1.667,总损失:11.208
('----划分特征：', 432)
------划分值:0.000,左节点损失:0.000,右节点损失:11.525,总损失:11.525
------划分值:1.000,左节点损失:10.207,右节点损失:0.577,总损失:10.784
('----划分特征：', 433)
------划分值:0.000,左节点损失:0.000,右节点损失:11.525,总损失:11.525
------划分值:1.000,左节点损失:10.149,右节点损失:0.194,总损失:10.343
('----划分特征：', 434)
------划分值:0.000,左节点损失:0.000,右节点损失:11.525,总损失:11.525
------划分值:1.000,左节点损失:10.026,右节点损失:0.065,总损失:10.091
('----划分特征：', 435)
------划分值:1.000,左节点损失:9.842,右节点损失:0.086,总损失:9.929
------划分值:0.000,左节点损失:0.000,右节点损失:11.525,总损失:11.525
('----划分特征：', 436)
------划分值:1.000,左节点损失:9.852,右节点损失:0.344,总损失:10.196
------划分值:0.000,左节点损失:0.000,右节点损失:11.525,总损失:11.525
('----划分特征：', 437)
------划分值:1.000,左节点损失:9.233,右节点损失:1.600,总损失:10.833
------划分值:0.000,左节点损失:0.000,右节点损失:11.525,总损失:11.525
('----划分特征：', 438)
------划分值:1.000,左节点损失:8.113,右节点损失:3.324,总损失:11.437
------划分值:0.000,左节点损失:0.000,右节点损失:11.525,总损失:11.525
('----划分特征：', 439)
------划分值:0.000,左节点损失:0.000,右节点损失:11.525,总损失:11.525
------划分值:1.000,左节点损失:6.157,右节点损失:5.202,总损失:11.359
('----划分特征：', 440)
------划分值:0.000,左节点损失:0.000,右节点损失:11.525,总损失:11.525
------划分值:1.000,左节点损失:4.837,右节点损失:5.713,总损失:10.550
('----划分特征：', 441)
------划分值:0.000,左节点损失:0.000,右节点损失:11.525,总损失:11.525
------划分值:1.000,左节点损失:4.996,右节点损失:4.766,总损失:9.762
('----划分特征：', 442)
------划分值:0.000,左节点损失:0.000,右节点损失:11.525,总损失:11.525
------划分值:1.000,左节点损失:6.484,右节点损失:3.173,总损失:9.657
('----划分特征：', 443)
------划分值:0.000,左节点损失:0.000,右节点损失:11.525,总损失:11.525
------划分值:1.000,左节点损失:8.512,右节点损失:1.678,总损失:10.190
('----划分特征：', 444)
------划分值:0.000,左节点损失:0.000,右节点损失:11.525,总损失:11.525
------划分值:1.000,左节点损失:10.611,右节点损失:0.604,总损失:11.216
('----划分特征：', 445)
------划分值:0.000,左节点损失:0.000,右节点损失:11.525,总损失:11.525
------划分值:1.000,左节点损失:11.504,右节点损失:0.020,总损失:11.525
('----划分特征：', 446)
------划分值:0.000,左节点损失:0.000,右节点损失:11.525,总损失:11.525
------划分值:1.000,左节点损失:11.525,右节点损失:0.000,总损失:11.525
('----划分特征：', 447)
------划分值:0.000,左节点损失:0.000,右节点损失:11.525,总损失:11.525
('----划分特征：', 448)
------划分值:0.000,左节点损失:0.000,右节点损失:11.525,总损失:11.525
('----划分特征：', 449)
------划分值:0.000,左节点损失:0.000,右节点损失:11.525,总损失:11.525
('----划分特征：', 450)
------划分值:0.000,左节点损失:0.000,右节点损失:11.525,总损失:11.525
------划分值:1.000,左节点损失:11.525,右节点损失:0.000,总损失:11.525
('----划分特征：', 451)
------划分值:0.000,左节点损失:0.000,右节点损失:11.525,总损失:11.525
------划分值:1.000,左节点损失:11.523,右节点损失:0.000,总损失:11.523
('----划分特征：', 452)
------划分值:0.000,左节点损失:0.000,右节点损失:11.525,总损失:11.525
------划分值:1.000,左节点损失:10.912,右节点损失:0.490,总损失:11.402
('----划分特征：', 453)
------划分值:0.000,左节点损失:0.000,右节点损失:11.525,总损失:11.525
------划分值:1.000,左节点损失:8.114,右节点损失:2.192,总损失:10.306
('----划分特征：', 454)
------划分值:0.000,左节点损失:0.000,右节点损失:11.525,总损失:11.525
------划分值:1.000,左节点损失:5.373,右节点损失:4.256,总损失:9.629
('----划分特征：', 455)
------划分值:0.000,左节点损失:0.000,右节点损失:11.525,总损失:11.525
------划分值:1.000,左节点损失:3.540,右节点损失:6.043,总损失:9.583
('----划分特征：', 456)
------划分值:0.000,左节点损失:0.000,右节点损失:11.525,总损失:11.525
------划分值:1.000,左节点损失:3.925,右节点损失:6.561,总损失:10.486
('----划分特征：', 457)
------划分值:0.000,左节点损失:0.000,右节点损失:11.525,总损失:11.525
------划分值:1.000,左节点损失:6.244,右节点损失:5.142,总损失:11.386
('----划分特征：', 458)
------划分值:0.000,左节点损失:0.000,右节点损失:11.525,总损失:11.525
------划分值:1.000,左节点损失:8.913,右节点损失:2.530,总损失:11.443
('----划分特征：', 459)
------划分值:0.000,左节点损失:0.000,右节点损失:11.525,总损失:11.525
------划分值:1.000,左节点损失:10.126,右节点损失:0.972,总损失:11.098
('----划分特征：', 460)
------划分值:0.000,左节点损失:0.000,右节点损失:11.525,总损失:11.525
------划分值:1.000,左节点损失:10.371,右节点损失:0.428,总损失:10.799
('----划分特征：', 461)
------划分值:0.000,左节点损失:0.000,右节点损失:11.525,总损失:11.525
------划分值:1.000,左节点损失:10.380,右节点损失:0.108,总损失:10.487
('----划分特征：', 462)
------划分值:0.000,左节点损失:0.000,右节点损失:11.525,总损失:11.525
------划分值:1.000,左节点损失:10.152,右节点损失:0.086,总损失:10.238
('----划分特征：', 463)
------划分值:0.000,左节点损失:0.000,右节点损失:11.525,总损失:11.525
------划分值:1.000,左节点损失:10.018,右节点损失:0.237,总损失:10.255
('----划分特征：', 464)
------划分值:0.000,左节点损失:0.000,右节点损失:11.525,总损失:11.525
------划分值:1.000,左节点损失:9.716,右节点损失:0.894,总损失:10.610
('----划分特征：', 465)
------划分值:1.000,左节点损失:8.747,右节点损失:2.439,总损失:11.186
------划分值:0.000,左节点损失:0.000,右节点损失:11.525,总损失:11.525
('----划分特征：', 466)
------划分值:1.000,左节点损失:7.131,右节点损失:4.394,总损失:11.524
------划分值:0.000,左节点损失:0.000,右节点损失:11.525,总损失:11.525
('----划分特征：', 467)
------划分值:1.000,左节点损失:5.375,右节点损失:5.818,总损失:11.193
------划分值:0.000,左节点损失:0.000,右节点损失:11.525,总损失:11.525
('----划分特征：', 468)
------划分值:0.000,左节点损失:0.000,右节点损失:11.525,总损失:11.525
------划分值:1.000,左节点损失:4.641,右节点损失:5.865,总损失:10.505
('----划分特征：', 469)
------划分值:0.000,左节点损失:0.000,右节点损失:11.525,总损失:11.525
------划分值:1.000,左节点损失:5.482,右节点损失:4.581,总损失:10.063
('----划分特征：', 470)
------划分值:0.000,左节点损失:0.000,右节点损失:11.525,总损失:11.525
------划分值:1.000,左节点损失:7.033,右节点损失:3.091,总损失:10.124
('----划分特征：', 471)
------划分值:0.000,左节点损失:0.000,右节点损失:11.525,总损失:11.525
------划分值:1.000,左节点损失:9.007,右节点损失:1.620,总损失:10.627
('----划分特征：', 472)
------划分值:0.000,左节点损失:0.000,右节点损失:11.525,总损失:11.525
------划分值:1.000,左节点损失:10.875,右节点损失:0.530,总损失:11.405
('----划分特征：', 473)
------划分值:0.000,左节点损失:0.000,右节点损失:11.525,总损失:11.525
------划分值:1.000,左节点损失:11.521,右节点损失:0.000,总损失:11.521
('----划分特征：', 474)
------划分值:0.000,左节点损失:0.000,右节点损失:11.525,总损失:11.525
------划分值:1.000,左节点损失:11.525,右节点损失:0.000,总损失:11.525
('----划分特征：', 475)
------划分值:0.000,左节点损失:0.000,右节点损失:11.525,总损失:11.525
('----划分特征：', 476)
------划分值:0.000,左节点损失:0.000,右节点损失:11.525,总损失:11.525
('----划分特征：', 477)
------划分值:0.000,左节点损失:0.000,右节点损失:11.525,总损失:11.525
('----划分特征：', 478)
------划分值:0.000,左节点损失:0.000,右节点损失:11.525,总损失:11.525
------划分值:1.000,左节点损失:11.524,右节点损失:0.000,总损失:11.524
('----划分特征：', 479)
------划分值:0.000,左节点损失:0.000,右节点损失:11.525,总损失:11.525
------划分值:1.000,左节点损失:11.520,右节点损失:0.000,总损失:11.520
('----划分特征：', 480)
------划分值:0.000,左节点损失:0.000,右节点损失:11.525,总损失:11.525
------划分值:1.000,左节点损失:10.783,右节点损失:0.617,总损失:11.400
('----划分特征：', 481)
------划分值:0.000,左节点损失:0.000,右节点损失:11.525,总损失:11.525
------划分值:1.000,左节点损失:7.643,右节点损失:2.561,总损失:10.203
('----划分特征：', 482)
------划分值:0.000,左节点损失:0.000,右节点损失:11.525,总损失:11.525
------划分值:1.000,左节点损失:4.904,右节点损失:4.401,总损失:9.304
('----划分特征：', 483)
------划分值:0.000,左节点损失:0.000,右节点损失:11.525,总损失:11.525
------划分值:1.000,左节点损失:3.461,右节点损失:6.025,总损失:9.485
('----划分特征：', 484)
------划分值:0.000,左节点损失:0.000,右节点损失:11.525,总损失:11.525
------划分值:1.000,左节点损失:4.187,右节点损失:6.226,总损失:10.413
('----划分特征：', 485)
------划分值:0.000,左节点损失:0.000,右节点损失:11.525,总损失:11.525
------划分值:1.000,左节点损失:6.601,右节点损失:4.763,总损失:11.364
('----划分特征：', 486)
------划分值:0.000,左节点损失:0.000,右节点损失:11.525,总损失:11.525
------划分值:1.000,左节点损失:9.319,右节点损失:2.130,总损失:11.449
('----划分特征：', 487)
------划分值:0.000,左节点损失:0.000,右节点损失:11.525,总损失:11.525
------划分值:1.000,左节点损失:10.200,右节点损失:0.990,总损失:11.191
('----划分特征：', 488)
------划分值:0.000,左节点损失:0.000,右节点损失:11.525,总损失:11.525
------划分值:1.000,左节点损失:10.492,右节点损失:0.491,总损失:10.983
('----划分特征：', 489)
------划分值:0.000,左节点损失:0.000,右节点损失:11.525,总损失:11.525
------划分值:1.000,左节点损失:10.480,右节点损失:0.279,总损失:10.760
('----划分特征：', 490)
------划分值:0.000,左节点损失:0.000,右节点损失:11.525,总损失:11.525
------划分值:1.000,左节点损失:10.176,右节点损失:0.429,总损失:10.605
('----划分特征：', 491)
------划分值:0.000,左节点损失:0.000,右节点损失:11.525,总损失:11.525
------划分值:1.000,左节点损失:9.776,右节点损失:0.977,总损失:10.754
('----划分特征：', 492)
------划分值:0.000,左节点损失:0.000,右节点损失:11.525,总损失:11.525
------划分值:1.000,左节点损失:9.149,右节点损失:1.939,总损失:11.089
('----划分特征：', 493)
------划分值:1.000,左节点损失:7.689,右节点损失:3.779,总损失:11.468
------划分值:0.000,左节点损失:0.000,右节点损失:11.525,总损失:11.525
('----划分特征：', 494)
------划分值:1.000,左节点损失:5.764,右节点损失:5.654,总损失:11.418
------划分值:0.000,左节点损失:0.000,右节点损失:11.525,总损失:11.525
('----划分特征：', 495)
------划分值:1.000,左节点损失:4.752,右节点损失:6.221,总损失:10.974
------划分值:0.000,左节点损失:0.000,右节点损失:11.525,总损失:11.525
('----划分特征：', 496)
------划分值:0.000,左节点损失:0.000,右节点损失:11.525,总损失:11.525
------划分值:1.000,左节点损失:4.777,右节点损失:5.771,总损失:10.549
('----划分特征：', 497)
------划分值:0.000,左节点损失:0.000,右节点损失:11.525,总损失:11.525
------划分值:1.000,左节点损失:6.211,右节点损失:4.251,总损失:10.462
('----划分特征：', 498)
------划分值:0.000,左节点损失:0.000,右节点损失:11.525,总损失:11.525
------划分值:1.000,左节点损失:7.857,右节点损失:2.766,总损失:10.623
('----划分特征：', 499)
------划分值:0.000,左节点损失:0.000,右节点损失:11.525,总损失:11.525
------划分值:1.000,左节点损失:9.840,右节点损失:1.304,总损失:11.144
('----划分特征：', 500)
------划分值:0.000,左节点损失:0.000,右节点损失:11.525,总损失:11.525
------划分值:1.000,左节点损失:10.977,右节点损失:0.494,总损失:11.471
('----划分特征：', 501)
------划分值:0.000,左节点损失:0.000,右节点损失:11.525,总损失:11.525
------划分值:1.000,左节点损失:11.518,右节点损失:0.000,总损失:11.518
('----划分特征：', 502)
------划分值:0.000,左节点损失:0.000,右节点损失:11.525,总损失:11.525
------划分值:1.000,左节点损失:11.524,右节点损失:0.000,总损失:11.524
('----划分特征：', 503)
------划分值:0.000,左节点损失:0.000,右节点损失:11.525,总损失:11.525
('----划分特征：', 504)
------划分值:0.000,左节点损失:0.000,右节点损失:11.525,总损失:11.525
('----划分特征：', 505)
------划分值:0.000,左节点损失:0.000,右节点损失:11.525,总损失:11.525
('----划分特征：', 506)
------划分值:0.000,左节点损失:0.000,右节点损失:11.525,总损失:11.525
------划分值:1.000,左节点损失:11.524,右节点损失:0.000,总损失:11.524
('----划分特征：', 507)
------划分值:0.000,左节点损失:0.000,右节点损失:11.525,总损失:11.525
------划分值:1.000,左节点损失:11.516,右节点损失:0.000,总损失:11.516
('----划分特征：', 508)
------划分值:0.000,左节点损失:0.000,右节点损失:11.525,总损失:11.525
------划分值:1.000,左节点损失:10.594,右节点损失:0.829,总损失:11.423
('----划分特征：', 509)
------划分值:0.000,左节点损失:0.000,右节点损失:11.525,总损失:11.525
------划分值:1.000,左节点损失:7.972,右节点损失:2.621,总损失:10.593
('----划分特征：', 510)
------划分值:0.000,左节点损失:0.000,右节点损失:11.525,总损失:11.525
------划分值:1.000,左节点损失:4.901,右节点损失:4.608,总损失:9.509
('----划分特征：', 511)
------划分值:0.000,左节点损失:0.000,右节点损失:11.525,总损失:11.525
------划分值:1.000,左节点损失:3.219,右节点损失:6.083,总损失:9.302
('----划分特征：', 512)
------划分值:0.000,左节点损失:0.000,右节点损失:11.525,总损失:11.525
------划分值:1.000,左节点损失:4.093,右节点损失:6.093,总损失:10.186
('----划分特征：', 513)
------划分值:0.000,左节点损失:0.000,右节点损失:11.525,总损失:11.525
------划分值:1.000,左节点损失:6.527,右节点损失:4.748,总损失:11.276
('----划分特征：', 514)
------划分值:0.000,左节点损失:0.000,右节点损失:11.525,总损失:11.525
------划分值:1.000,左节点损失:8.859,右节点损失:2.646,总损失:11.505
('----划分特征：', 515)
------划分值:0.000,左节点损失:0.000,右节点损失:11.525,总损失:11.525
------划分值:1.000,左节点损失:10.046,右节点损失:1.252,总损失:11.298
('----划分特征：', 516)
------划分值:0.000,左节点损失:0.000,右节点损失:11.525,总损失:11.525
------划分值:1.000,左节点损失:10.310,右节点损失:0.846,总损失:11.156
('----划分特征：', 517)
------划分值:0.000,左节点损失:0.000,右节点损失:11.525,总损失:11.525
------划分值:1.000,左节点损失:10.213,右节点损失:0.765,总损失:10.978
('----划分特征：', 518)
------划分值:0.000,左节点损失:0.000,右节点损失:11.525,总损失:11.525
------划分值:1.000,左节点损失:9.775,右节点损失:1.163,总损失:10.938
('----划分特征：', 519)
------划分值:1.000,左节点损失:8.790,右节点损失:2.399,总损失:11.189
------划分值:0.000,左节点损失:0.000,右节点损失:11.525,总损失:11.525
('----划分特征：', 520)
------划分值:1.000,左节点损失:7.708,右节点损失:3.735,总损失:11.443
------划分值:0.000,左节点损失:0.000,右节点损失:11.525,总损失:11.525
('----划分特征：', 521)
------划分值:1.000,左节点损失:5.745,右节点损失:5.734,总损失:11.479
------划分值:0.000,左节点损失:0.000,右节点损失:11.525,总损失:11.525
('----划分特征：', 522)
------划分值:1.000,左节点损失:4.569,右节点损失:6.629,总损失:11.198
------划分值:0.000,左节点损失:0.000,右节点损失:11.525,总损失:11.525
('----划分特征：', 523)
------划分值:1.000,左节点损失:4.368,右节点损失:6.445,总损失:10.813
------划分值:0.000,左节点损失:0.000,右节点损失:11.525,总损失:11.525
('----划分特征：', 524)
------划分值:0.000,左节点损失:0.000,右节点损失:11.525,总损失:11.525
------划分值:1.000,左节点损失:5.785,右节点损失:5.033,总损失:10.818
('----划分特征：', 525)
------划分值:0.000,左节点损失:0.000,右节点损失:11.525,总损失:11.525
------划分值:1.000,左节点损失:7.307,右节点损失:3.596,总损失:10.903
('----划分特征：', 526)
------划分值:0.000,左节点损失:0.000,右节点损失:11.525,总损失:11.525
------划分值:1.000,左节点损失:9.107,右节点损失:2.069,总损失:11.176
('----划分特征：', 527)
------划分值:0.000,左节点损失:0.000,右节点损失:11.525,总损失:11.525
------划分值:1.000,左节点损失:10.555,右节点损失:0.877,总损失:11.432
('----划分特征：', 528)
------划分值:0.000,左节点损失:0.000,右节点损失:11.525,总损失:11.525
------划分值:1.000,左节点损失:11.317,右节点损失:0.206,总损失:11.523
('----划分特征：', 529)
------划分值:0.000,左节点损失:0.000,右节点损失:11.525,总损失:11.525
------划分值:1.000,左节点损失:11.520,右节点损失:0.000,总损失:11.520
('----划分特征：', 530)
------划分值:0.000,左节点损失:0.000,右节点损失:11.525,总损失:11.525
------划分值:1.000,左节点损失:11.525,右节点损失:0.000,总损失:11.525
('----划分特征：', 531)
------划分值:0.000,左节点损失:0.000,右节点损失:11.525,总损失:11.525
------划分值:1.000,左节点损失:11.525,右节点损失:0.000,总损失:11.525
('----划分特征：', 532)
------划分值:0.000,左节点损失:0.000,右节点损失:11.525,总损失:11.525
('----划分特征：', 533)
------划分值:0.000,左节点损失:0.000,右节点损失:11.525,总损失:11.525
('----划分特征：', 534)
------划分值:0.000,左节点损失:0.000,右节点损失:11.525,总损失:11.525
------划分值:1.000,左节点损失:11.524,右节点损失:0.000,总损失:11.524
('----划分特征：', 535)
------划分值:0.000,左节点损失:0.000,右节点损失:11.525,总损失:11.525
------划分值:1.000,左节点损失:11.475,右节点损失:0.042,总损失:11.517
('----划分特征：', 536)
------划分值:0.000,左节点损失:0.000,右节点损失:11.525,总损失:11.525
------划分值:1.000,左节点损失:10.658,右节点损失:0.817,总损失:11.475
('----划分特征：', 537)
------划分值:0.000,左节点损失:0.000,右节点损失:11.525,总损失:11.525
------划分值:1.000,左节点损失:8.056,右节点损失:2.777,总损失:10.833
('----划分特征：', 538)
------划分值:0.000,左节点损失:0.000,右节点损失:11.525,总损失:11.525
------划分值:1.000,左节点损失:5.267,右节点损失:4.750,总损失:10.017
('----划分特征：', 539)
------划分值:0.000,左节点损失:0.000,右节点损失:11.525,总损失:11.525
------划分值:1.000,左节点损失:3.258,右节点损失:6.266,总损失:9.524
('----划分特征：', 540)
------划分值:0.000,左节点损失:0.000,右节点损失:11.525,总损失:11.525
------划分值:1.000,左节点损失:3.673,右节点损失:6.480,总损失:10.153
('----划分特征：', 541)
------划分值:0.000,左节点损失:0.000,右节点损失:11.525,总损失:11.525
------划分值:1.000,左节点损失:5.524,右节点损失:5.578,总损失:11.102
('----划分特征：', 542)
------划分值:0.000,左节点损失:0.000,右节点损失:11.525,总损失:11.525
------划分值:1.000,左节点损失:7.568,右节点损失:3.945,总损失:11.513
('----划分特征：', 543)
------划分值:0.000,左节点损失:0.000,右节点损失:11.525,总损失:11.525
------划分值:1.000,左节点损失:8.743,右节点损失:2.731,总损失:11.475
('----划分特征：', 544)
------划分值:0.000,左节点损失:0.000,右节点损失:11.525,总损失:11.525
------划分值:1.000,左节点损失:9.054,右节点损失:2.313,总损失:11.368
('----划分特征：', 545)
------划分值:1.000,左节点损失:8.779,右节点损失:2.542,总损失:11.321
------划分值:0.000,左节点损失:0.000,右节点损失:11.525,总损失:11.525
('----划分特征：', 546)
------划分值:1.000,左节点损失:8.012,右节点损失:3.350,总损失:11.362
------划分值:0.000,左节点损失:0.000,右节点损失:11.525,总损失:11.525
('----划分特征：', 547)
------划分值:1.000,左节点损失:6.853,右节点损失:4.649,总损失:11.501
------划分值:0.000,左节点损失:0.000,右节点损失:11.525,总损失:11.525
('----划分特征：', 548)
------划分值:1.000,左节点损失:5.244,右节点损失:6.228,总损失:11.472
------划分值:0.000,左节点损失:0.000,右节点损失:11.525,总损失:11.525
('----划分特征：', 549)
------划分值:1.000,左节点损失:4.301,右节点损失:6.967,总损失:11.267
------划分值:0.000,左节点损失:0.000,右节点损失:11.525,总损失:11.525
('----划分特征：', 550)
------划分值:1.000,左节点损失:4.134,右节点损失:6.894,总损失:11.028
------划分值:0.000,左节点损失:0.000,右节点损失:11.525,总损失:11.525
('----划分特征：', 551)
------划分值:1.000,左节点损失:5.205,右节点损失:5.772,总损失:10.977
------划分值:0.000,左节点损失:0.000,右节点损失:11.525,总损失:11.525
('----划分特征：', 552)
------划分值:0.000,左节点损失:0.000,右节点损失:11.525,总损失:11.525
------划分值:1.000,左节点损失:6.998,右节点损失:4.116,总损失:11.114
('----划分特征：', 553)
------划分值:0.000,左节点损失:0.000,右节点损失:11.525,总损失:11.525
------划分值:1.000,左节点损失:8.460,右节点损失:2.750,总损失:11.209
('----划分特征：', 554)
------划分值:0.000,左节点损失:0.000,右节点损失:11.525,总损失:11.525
------划分值:1.000,左节点损失:10.158,右节点损失:1.282,总损失:11.440
('----划分特征：', 555)
------划分值:0.000,左节点损失:0.000,右节点损失:11.525,总损失:11.525
------划分值:1.000,左节点损失:10.948,右节点损失:0.557,总损失:11.505
('----划分特征：', 556)
------划分值:0.000,左节点损失:0.000,右节点损失:11.525,总损失:11.525
------划分值:1.000,左节点损失:11.442,右节点损失:0.081,总损失:11.523
('----划分特征：', 557)
------划分值:0.000,左节点损失:0.000,右节点损失:11.525,总损失:11.525
------划分值:1.000,左节点损失:11.523,右节点损失:0.000,总损失:11.523
('----划分特征：', 558)
------划分值:0.000,左节点损失:0.000,右节点损失:11.525,总损失:11.525
('----划分特征：', 559)
------划分值:0.000,左节点损失:0.000,右节点损失:11.525,总损失:11.525
('----划分特征：', 560)
------划分值:0.000,左节点损失:0.000,右节点损失:11.525,总损失:11.525
('----划分特征：', 561)
------划分值:0.000,左节点损失:0.000,右节点损失:11.525,总损失:11.525
('----划分特征：', 562)
------划分值:0.000,左节点损失:0.000,右节点损失:11.525,总损失:11.525
------划分值:1.000,左节点损失:11.523,右节点损失:0.000,总损失:11.523
('----划分特征：', 563)
------划分值:0.000,左节点损失:0.000,右节点损失:11.525,总损失:11.525
------划分值:1.000,左节点损失:11.493,右节点损失:0.021,总损失:11.514
('----划分特征：', 564)
------划分值:0.000,左节点损失:0.000,右节点损失:11.525,总损失:11.525
------划分值:1.000,左节点损失:10.813,右节点损失:0.695,总损失:11.508
('----划分特征：', 565)
------划分值:0.000,左节点损失:0.000,右节点损失:11.525,总损失:11.525
------划分值:1.000,左节点损失:9.132,右节点损失:2.148,总损失:11.280
('----划分特征：', 566)
------划分值:0.000,左节点损失:0.000,右节点损失:11.525,总损失:11.525
------划分值:1.000,左节点损失:6.263,右节点损失:4.363,总损失:10.626
('----划分特征：', 567)
------划分值:0.000,左节点损失:0.000,右节点损失:11.525,总损失:11.525
------划分值:1.000,左节点损失:3.875,右节点损失:6.212,总损失:10.087
('----划分特征：', 568)
------划分值:0.000,左节点损失:0.000,右节点损失:11.525,总损失:11.525
------划分值:1.000,左节点损失:3.268,右节点损失:6.938,总损失:10.206
('----划分特征：', 569)
------划分值:0.000,左节点损失:0.000,右节点损失:11.525,总损失:11.525
------划分值:1.000,左节点损失:3.637,右节点损失:7.060,总损失:10.697
('----划分特征：', 570)
------划分值:0.000,左节点损失:0.000,右节点损失:11.525,总损失:11.525
------划分值:1.000,左节点损失:5.050,右节点损失:6.205,总损失:11.255
('----划分特征：', 571)
------划分值:0.000,左节点损失:0.000,右节点损失:11.525,总损失:11.525
------划分值:1.000,左节点损失:6.423,右节点损失:5.078,总损失:11.500
('----划分特征：', 572)
------划分值:1.000,左节点损失:6.552,右节点损失:4.973,总损失:11.525
------划分值:0.000,左节点损失:0.000,右节点损失:11.525,总损失:11.525
('----划分特征：', 573)
------划分值:1.000,左节点损失:6.052,右节点损失:5.473,总损失:11.525
------划分值:0.000,左节点损失:0.000,右节点损失:11.525,总损失:11.525
('----划分特征：', 574)
------划分值:1.000,左节点损失:5.251,右节点损失:6.263,总损失:11.514
------划分值:0.000,左节点损失:0.000,右节点损失:11.525,总损失:11.525
('----划分特征：', 575)
------划分值:1.000,左节点损失:4.258,右节点损失:7.161,总损失:11.419
------划分值:0.000,左节点损失:0.000,右节点损失:11.525,总损失:11.525
('----划分特征：', 576)
------划分值:1.000,左节点损失:3.538,右节点损失:7.672,总损失:11.209
------划分值:0.000,左节点损失:0.000,右节点损失:11.525,总损失:11.525
('----划分特征：', 577)
------划分值:1.000,左节点损失:3.676,右节点损失:7.361,总损失:11.037
------划分值:0.000,左节点损失:0.000,右节点损失:11.525,总损失:11.525
('----划分特征：', 578)
------划分值:0.000,左节点损失:0.000,右节点损失:11.525,总损失:11.525
------划分值:1.000,左节点损失:5.091,右节点损失:6.027,总损失:11.119
('----划分特征：', 579)
------划分值:0.000,左节点损失:0.000,右节点损失:11.525,总损失:11.525
------划分值:1.000,左节点损失:6.952,右节点损失:4.332,总损失:11.283
('----划分特征：', 580)
------划分值:0.000,左节点损失:0.000,右节点损失:11.525,总损失:11.525
------划分值:1.000,左节点损失:8.417,右节点损失:2.928,总损失:11.345
('----划分特征：', 581)
------划分值:0.000,左节点损失:0.000,右节点损失:11.525,总损失:11.525
------划分值:1.000,左节点损失:9.849,右节点损失:1.608,总损失:11.457
('----划分特征：', 582)
------划分值:0.000,左节点损失:0.000,右节点损失:11.525,总损失:11.525
------划分值:1.000,左节点损失:10.791,右节点损失:0.723,总损失:11.513
('----划分特征：', 583)
------划分值:0.000,左节点损失:0.000,右节点损失:11.525,总损失:11.525
------划分值:1.000,左节点损失:11.291,右节点损失:0.234,总损失:11.525
('----划分特征：', 584)
------划分值:0.000,左节点损失:0.000,右节点损失:11.525,总损失:11.525
------划分值:1.000,左节点损失:11.479,右节点损失:0.042,总损失:11.521
('----划分特征：', 585)
------划分值:0.000,左节点损失:0.000,右节点损失:11.525,总损失:11.525
------划分值:1.000,左节点损失:11.523,右节点损失:0.000,总损失:11.523
('----划分特征：', 586)
------划分值:0.000,左节点损失:0.000,右节点损失:11.525,总损失:11.525
------划分值:1.000,左节点损失:11.507,右节点损失:0.014,总损失:11.521
('----划分特征：', 587)
------划分值:0.000,左节点损失:0.000,右节点损失:11.525,总损失:11.525
('----划分特征：', 588)
------划分值:0.000,左节点损失:0.000,右节点损失:11.525,总损失:11.525
('----划分特征：', 589)
------划分值:0.000,左节点损失:0.000,右节点损失:11.525,总损失:11.525
('----划分特征：', 590)
------划分值:0.000,左节点损失:0.000,右节点损失:11.525,总损失:11.525
------划分值:1.000,左节点损失:11.523,右节点损失:0.000,总损失:11.523
('----划分特征：', 591)
------划分值:0.000,左节点损失:0.000,右节点损失:11.525,总损失:11.525
------划分值:1.000,左节点损失:11.496,右节点损失:0.021,总损失:11.517
('----划分特征：', 592)
------划分值:0.000,左节点损失:0.000,右节点损失:11.525,总损失:11.525
------划分值:1.000,左节点损失:11.088,右节点损失:0.434,总损失:11.522
('----划分特征：', 593)
------划分值:0.000,左节点损失:0.000,右节点损失:11.525,总损失:11.525
------划分值:1.000,左节点损失:9.824,右节点损失:1.592,总损失:11.417
('----划分特征：', 594)
------划分值:0.000,左节点损失:0.000,右节点损失:11.525,总损失:11.525
------划分值:1.000,左节点损失:7.782,右节点损失:3.359,总损失:11.141
('----划分特征：', 595)
------划分值:0.000,左节点损失:0.000,右节点损失:11.525,总损失:11.525
------划分值:1.000,左节点损失:5.146,右节点损失:5.533,总损失:10.679
('----划分特征：', 596)
------划分值:0.000,左节点损失:0.000,右节点损失:11.525,总损失:11.525
------划分值:1.000,左节点损失:3.405,右节点损失:7.012,总损失:10.416
('----划分特征：', 597)
------划分值:0.000,左节点损失:0.000,右节点损失:11.525,总损失:11.525
------划分值:1.000,左节点损失:2.368,右节点损失:8.081,总损失:10.449
('----划分特征：', 598)
------划分值:1.000,左节点损失:2.382,右节点损失:8.342,总损失:10.724
------划分值:0.000,左节点损失:0.000,右节点损失:11.525,总损失:11.525
('----划分特征：', 599)
------划分值:1.000,左节点损失:2.931,右节点损失:8.152,总损失:11.084
------划分值:0.000,左节点损失:0.000,右节点损失:11.525,总损失:11.525
('----划分特征：', 600)
------划分值:1.000,左节点损失:3.348,右节点损失:7.931,总损失:11.279
------划分值:0.000,左节点损失:0.000,右节点损失:11.525,总损失:11.525
('----划分特征：', 601)
------划分值:1.000,左节点损失:3.242,右节点损失:8.071,总损失:11.313
------划分值:0.000,左节点损失:0.000,右节点损失:11.525,总损失:11.525
('----划分特征：', 602)
------划分值:1.000,左节点损失:3.051,右节点损失:8.215,总损失:11.266
------划分值:0.000,左节点损失:0.000,右节点损失:11.525,总损失:11.525
('----划分特征：', 603)
------划分值:1.000,左节点损失:2.868,右节点损失:8.255,总损失:11.123
------划分值:0.000,左节点损失:0.000,右节点损失:11.525,总损失:11.525
('----划分特征：', 604)
------划分值:0.000,左节点损失:0.000,右节点损失:11.525,总损失:11.525
------划分值:1.000,左节点损失:3.358,右节点损失:7.653,总损失:11.011
('----划分特征：', 605)
------划分值:0.000,左节点损失:0.000,右节点损失:11.525,总损失:11.525
------划分值:1.000,左节点损失:5.086,右节点损失:6.072,总损失:11.158
('----划分特征：', 606)
------划分值:0.000,左节点损失:0.000,右节点损失:11.525,总损失:11.525
------划分值:1.000,左节点损失:6.905,右节点损失:4.413,总损失:11.318
('----划分特征：', 607)
------划分值:0.000,左节点损失:0.000,右节点损失:11.525,总损失:11.525
------划分值:1.000,左节点损失:8.490,右节点损失:2.929,总损失:11.419
('----划分特征：', 608)
------划分值:0.000,左节点损失:0.000,右节点损失:11.525,总损失:11.525
------划分值:1.000,左节点损失:9.744,右节点损失:1.735,总损失:11.479
('----划分特征：', 609)
------划分值:0.000,左节点损失:0.000,右节点损失:11.525,总损失:11.525
------划分值:1.000,左节点损失:10.654,右节点损失:0.861,总损失:11.516
('----划分特征：', 610)
------划分值:0.000,左节点损失:0.000,右节点损失:11.525,总损失:11.525
------划分值:1.000,左节点损失:11.263,右节点损失:0.260,总损失:11.523
('----划分特征：', 611)
------划分值:0.000,左节点损失:0.000,右节点损失:11.525,总损失:11.525
------划分值:1.000,左节点损失:11.457,右节点损失:0.062,总损失:11.519
('----划分特征：', 612)
------划分值:0.000,左节点损失:0.000,右节点损失:11.525,总损失:11.525
------划分值:1.000,左节点损失:11.500,右节点损失:0.021,总损失:11.521
('----划分特征：', 613)
------划分值:0.000,左节点损失:0.000,右节点损失:11.525,总损失:11.525
------划分值:1.000,左节点损失:11.523,右节点损失:0.000,总损失:11.523
('----划分特征：', 614)
------划分值:0.000,左节点损失:0.000,右节点损失:11.525,总损失:11.525
------划分值:1.000,左节点损失:11.507,右节点损失:0.011,总损失:11.518
('----划分特征：', 615)
------划分值:0.000,左节点损失:0.000,右节点损失:11.525,总损失:11.525
('----划分特征：', 616)
------划分值:0.000,左节点损失:0.000,右节点损失:11.525,总损失:11.525
('----划分特征：', 617)
------划分值:0.000,左节点损失:0.000,右节点损失:11.525,总损失:11.525
('----划分特征：', 618)
------划分值:0.000,左节点损失:0.000,右节点损失:11.525,总损失:11.525
------划分值:1.000,左节点损失:11.524,右节点损失:0.000,总损失:11.524
('----划分特征：', 619)
------划分值:0.000,左节点损失:0.000,右节点损失:11.525,总损失:11.525
------划分值:1.000,左节点损失:11.502,右节点损失:0.021,总损失:11.523
('----划分特征：', 620)
------划分值:0.000,左节点损失:0.000,右节点损失:11.525,总损失:11.525
------划分值:1.000,左节点损失:11.402,右节点损失:0.121,总损失:11.523
('----划分特征：', 621)
------划分值:0.000,左节点损失:0.000,右节点损失:11.525,总损失:11.525
------划分值:1.000,左节点损失:10.581,右节点损失:0.898,总损失:11.479
('----划分特征：', 622)
------划分值:0.000,左节点损失:0.000,右节点损失:11.525,总损失:11.525
------划分值:1.000,左节点损失:9.252,右节点损失:2.102,总损失:11.354
('----划分特征：', 623)
------划分值:1.000,左节点损失:7.247,右节点损失:3.876,总损失:11.124
------划分值:0.000,左节点损失:0.000,右节点损失:11.525,总损失:11.525
('----划分特征：', 624)
------划分值:1.000,左节点损失:5.307,右节点损失:5.620,总损失:10.927
------划分值:0.000,左节点损失:0.000,右节点损失:11.525,总损失:11.525
('----划分特征：', 625)
------划分值:1.000,左节点损失:3.376,右节点损失:7.307,总损失:10.683
------划分值:0.000,左节点损失:0.000,右节点损失:11.525,总损失:11.525
('----划分特征：', 626)
------划分值:1.000,左节点损失:2.098,右节点损失:8.538,总损失:10.636
------划分值:0.000,左节点损失:0.000,右节点损失:11.525,总损失:11.525
('----划分特征：', 627)
------划分值:1.000,左节点损失:1.848,右节点损失:8.942,总损失:10.791
------划分值:0.000,左节点损失:0.000,右节点损失:11.525,总损失:11.525
('----划分特征：', 628)
------划分值:1.000,左节点损失:1.866,右节点损失:9.032,总损失:10.897
------划分值:0.000,左节点损失:0.000,右节点损失:11.525,总损失:11.525
('----划分特征：', 629)
------划分值:1.000,左节点损失:2.270,右节点损失:8.728,总损失:10.998
------划分值:0.000,左节点损失:0.000,右节点损失:11.525,总损失:11.525
('----划分特征：', 630)
------划分值:0.000,左节点损失:0.000,右节点损失:11.525,总损失:11.525
------划分值:1.000,左节点损失:2.734,右节点损失:8.288,总损失:11.022
('----划分特征：', 631)
------划分值:0.000,左节点损失:0.000,右节点损失:11.525,总损失:11.525
------划分值:1.000,左节点损失:4.100,右节点损失:7.059,总损失:11.159
('----划分特征：', 632)
------划分值:0.000,左节点损失:0.000,右节点损失:11.525,总损失:11.525
------划分值:1.000,左节点损失:5.822,右节点损失:5.478,总损失:11.300
('----划分特征：', 633)
------划分值:0.000,左节点损失:0.000,右节点损失:11.525,总损失:11.525
------划分值:1.000,左节点损失:7.715,右节点损失:3.716,总损失:11.431
('----划分特征：', 634)
------划分值:0.000,左节点损失:0.000,右节点损失:11.525,总损失:11.525
------划分值:1.000,左节点损失:8.991,右节点损失:2.495,总损失:11.486
('----划分特征：', 635)
------划分值:0.000,左节点损失:0.000,右节点损失:11.525,总损失:11.525
------划分值:1.000,左节点损失:10.058,右节点损失:1.458,总损失:11.516
('----划分特征：', 636)
------划分值:0.000,左节点损失:0.000,右节点损失:11.525,总损失:11.525
------划分值:1.000,左节点损失:10.770,右节点损失:0.754,总损失:11.525
('----划分特征：', 637)
------划分值:0.000,左节点损失:0.000,右节点损失:11.525,总损失:11.525
------划分值:1.000,左节点损失:11.256,右节点损失:0.263,总损失:11.519
('----划分特征：', 638)
------划分值:0.000,左节点损失:0.000,右节点损失:11.525,总损失:11.525
------划分值:1.000,左节点损失:11.417,右节点损失:0.103,总损失:11.519
('----划分特征：', 639)
------划分值:0.000,左节点损失:0.000,右节点损失:11.525,总损失:11.525
------划分值:1.000,左节点损失:11.499,右节点损失:0.021,总损失:11.521
('----划分特征：', 640)
------划分值:0.000,左节点损失:0.000,右节点损失:11.525,总损失:11.525
------划分值:1.000,左节点损失:11.522,右节点损失:0.000,总损失:11.522
('----划分特征：', 641)
------划分值:0.000,左节点损失:0.000,右节点损失:11.525,总损失:11.525
------划分值:1.000,左节点损失:11.523,右节点损失:0.000,总损失:11.523
('----划分特征：', 642)
------划分值:0.000,左节点损失:0.000,右节点损失:11.525,总损失:11.525
------划分值:1.000,左节点损失:11.507,右节点损失:0.000,总损失:11.507
('----划分特征：', 643)
------划分值:0.000,左节点损失:0.000,右节点损失:11.525,总损失:11.525
('----划分特征：', 644)
------划分值:0.000,左节点损失:0.000,右节点损失:11.525,总损失:11.525
('----划分特征：', 645)
------划分值:0.000,左节点损失:0.000,右节点损失:11.525,总损失:11.525
('----划分特征：', 646)
------划分值:0.000,左节点损失:0.000,右节点损失:11.525,总损失:11.525
------划分值:1.000,左节点损失:11.525,右节点损失:0.000,总损失:11.525
('----划分特征：', 647)
------划分值:0.000,左节点损失:0.000,右节点损失:11.525,总损失:11.525
------划分值:1.000,左节点损失:11.524,右节点损失:0.000,总损失:11.524
('----划分特征：', 648)
------划分值:0.000,左节点损失:0.000,右节点损失:11.525,总损失:11.525
------划分值:1.000,左节点损失:11.484,右节点损失:0.040,总损失:11.524
('----划分特征：', 649)
------划分值:1.000,左节点损失:11.258,右节点损失:0.266,总损失:11.524
------划分值:0.000,左节点损失:0.000,右节点损失:11.525,总损失:11.525
('----划分特征：', 650)
------划分值:1.000,左节点损失:10.825,右节点损失:0.693,总损失:11.518
------划分值:0.000,左节点损失:0.000,右节点损失:11.525,总损失:11.525
('----划分特征：', 651)
------划分值:1.000,左节点损失:10.001,右节点损失:1.495,总损失:11.496
------划分值:0.000,左节点损失:0.000,右节点损失:11.525,总损失:11.525
('----划分特征：', 652)
------划分值:1.000,左节点损失:8.579,右节点损失:2.856,总损失:11.435
------划分值:0.000,左节点损失:0.000,右节点损失:11.525,总损失:11.525
('----划分特征：', 653)
------划分值:1.000,左节点损失:6.881,右节点损失:4.454,总损失:11.335
------划分值:0.000,左节点损失:0.000,右节点损失:11.525,总损失:11.525
('----划分特征：', 654)
------划分值:1.000,左节点损失:5.723,右节点损失:5.586,总损失:11.309
------划分值:0.000,左节点损失:0.000,右节点损失:11.525,总损失:11.525
('----划分特征：', 655)
------划分值:1.000,左节点损失:4.585,右节点损失:6.634,总损失:11.219
------划分值:0.000,左节点损失:0.000,右节点损失:11.525,总损失:11.525
('----划分特征：', 656)
------划分值:1.000,左节点损失:4.484,右节点损失:6.748,总损失:11.233
------划分值:0.000,左节点损失:0.000,右节点损失:11.525,总损失:11.525
('----划分特征：', 657)
------划分值:0.000,左节点损失:0.000,右节点损失:11.525,总损失:11.525
------划分值:1.000,左节点损失:5.209,右节点损失:6.124,总损失:11.332
('----划分特征：', 658)
------划分值:0.000,左节点损失:0.000,右节点损失:11.525,总损失:11.525
------划分值:1.000,左节点损失:6.506,右节点损失:4.944,总损失:11.450
('----划分特征：', 659)
------划分值:0.000,左节点损失:0.000,右节点损失:11.525,总损失:11.525
------划分值:1.000,左节点损失:7.877,右节点损失:3.624,总损失:11.501
('----划分特征：', 660)
------划分值:0.000,左节点损失:0.000,右节点损失:11.525,总损失:11.525
------划分值:1.000,左节点损失:9.375,右节点损失:2.150,总损失:11.525
('----划分特征：', 661)
------划分值:0.000,左节点损失:0.000,右节点损失:11.525,总损失:11.525
------划分值:1.000,左节点损失:10.071,右节点损失:1.452,总损失:11.524
('----划分特征：', 662)
------划分值:0.000,左节点损失:0.000,右节点损失:11.525,总损失:11.525
------划分值:1.000,左节点损失:10.652,右节点损失:0.870,总损失:11.522
('----划分特征：', 663)
------划分值:0.000,左节点损失:0.000,右节点损失:11.525,总损失:11.525
------划分值:1.000,左节点损失:11.213,右节点损失:0.289,总损失:11.502
('----划分特征：', 664)
------划分值:0.000,左节点损失:0.000,右节点损失:11.525,总损失:11.525
------划分值:1.000,左节点损失:11.364,右节点损失:0.146,总损失:11.509
('----划分特征：', 665)
------划分值:0.000,左节点损失:0.000,右节点损失:11.525,总损失:11.525
------划分值:1.000,左节点损失:11.467,右节点损失:0.042,总损失:11.510
('----划分特征：', 666)
------划分值:0.000,左节点损失:0.000,右节点损失:11.525,总损失:11.525
------划分值:1.000,左节点损失:11.496,右节点损失:0.021,总损失:11.518
('----划分特征：', 667)
------划分值:0.000,左节点损失:0.000,右节点损失:11.525,总损失:11.525
------划分值:1.000,左节点损失:11.521,右节点损失:0.000,总损失:11.521
('----划分特征：', 668)
------划分值:0.000,左节点损失:0.000,右节点损失:11.525,总损失:11.525
------划分值:1.000,左节点损失:11.525,右节点损失:0.000,总损失:11.525
('----划分特征：', 669)
------划分值:0.000,左节点损失:0.000,右节点损失:11.525,总损失:11.525
('----划分特征：', 670)
------划分值:0.000,左节点损失:0.000,右节点损失:11.525,总损失:11.525
('----划分特征：', 671)
------划分值:0.000,左节点损失:0.000,右节点损失:11.525,总损失:11.525
('----划分特征：', 672)
------划分值:0.000,左节点损失:0.000,右节点损失:11.525,总损失:11.525
('----划分特征：', 673)
------划分值:0.000,左节点损失:0.000,右节点损失:11.525,总损失:11.525
('----划分特征：', 674)
------划分值:0.000,左节点损失:0.000,右节点损失:11.525,总损失:11.525
('----划分特征：', 675)
------划分值:0.000,左节点损失:0.000,右节点损失:11.525,总损失:11.525
------划分值:1.000,左节点损失:11.524,右节点损失:0.000,总损失:11.524
('----划分特征：', 676)
------划分值:1.000,左节点损失:11.504,右节点损失:0.020,总损失:11.525
------划分值:0.000,左节点损失:0.000,右节点损失:11.525,总损失:11.525
('----划分特征：', 677)
------划分值:1.000,左节点损失:11.482,右节点损失:0.041,总损失:11.523
------划分值:0.000,左节点损失:0.000,右节点损失:11.525,总损失:11.525
('----划分特征：', 678)
------划分值:1.000,左节点损失:11.451,右节点损失:0.063,总损失:11.514
------划分值:0.000,左节点损失:0.000,右节点损失:11.525,总损失:11.525
('----划分特征：', 679)
------划分值:1.000,左节点损失:11.339,右节点损失:0.167,总损失:11.505
------划分值:0.000,左节点损失:0.000,右节点损失:11.525,总损失:11.525
('----划分特征：', 680)
------划分值:1.000,左节点损失:11.137,右节点损失:0.353,总损失:11.490
------划分值:0.000,左节点损失:0.000,右节点损失:11.525,总损失:11.525
('----划分特征：', 681)
------划分值:1.000,左节点损失:10.786,右节点损失:0.698,总损失:11.484
------划分值:0.000,左节点损失:0.000,右节点损失:11.525,总损失:11.525
('----划分特征：', 682)
------划分值:1.000,左节点损失:10.281,右节点损失:1.214,总损失:11.495
------划分值:0.000,左节点损失:0.000,右节点损失:11.525,总损失:11.525
('----划分特征：', 683)
------划分值:0.000,左节点损失:0.000,右节点损失:11.525,总损失:11.525
------划分值:1.000,左节点损失:9.973,右节点损失:1.527,总损失:11.501
('----划分特征：', 684)
------划分值:0.000,左节点损失:0.000,右节点损失:11.525,总损失:11.525
------划分值:1.000,左节点损失:9.780,右节点损失:1.733,总损失:11.512
('----划分特征：', 685)
------划分值:0.000,左节点损失:0.000,右节点损失:11.525,总损失:11.525
------划分值:1.000,左节点损失:9.905,右节点损失:1.601,总损失:11.506
('----划分特征：', 686)
------划分值:0.000,左节点损失:0.000,右节点损失:11.525,总损失:11.525
------划分值:1.000,左节点损失:10.277,右节点损失:1.215,总损失:11.492
('----划分特征：', 687)
------划分值:0.000,左节点损失:0.000,右节点损失:11.525,总损失:11.525
------划分值:1.000,左节点损失:10.671,右节点损失:0.817,总损失:11.489
('----划分特征：', 688)
------划分值:0.000,左节点损失:0.000,右节点损失:11.525,总损失:11.525
------划分值:1.000,左节点损失:11.027,右节点损失:0.456,总损失:11.483
('----划分特征：', 689)
------划分值:0.000,左节点损失:0.000,右节点损失:11.525,总损失:11.525
------划分值:1.000,左节点损失:11.254,右节点损失:0.231,总损失:11.485
('----划分特征：', 690)
------划分值:0.000,左节点损失:0.000,右节点损失:11.525,总损失:11.525
------划分值:1.000,左节点损失:11.383,右节点损失:0.106,总损失:11.489
('----划分特征：', 691)
------划分值:0.000,左节点损失:0.000,右节点损失:11.525,总损失:11.525
------划分值:1.000,左节点损失:11.454,右节点损失:0.043,总损失:11.497
('----划分特征：', 692)
------划分值:0.000,左节点损失:0.000,右节点损失:11.525,总损失:11.525
------划分值:1.000,左节点损失:11.467,右节点损失:0.042,总损失:11.509
('----划分特征：', 693)
------划分值:0.000,左节点损失:0.000,右节点损失:11.525,总损失:11.525
------划分值:1.000,左节点损失:11.496,右节点损失:0.021,总损失:11.517
('----划分特征：', 694)
------划分值:0.000,左节点损失:0.000,右节点损失:11.525,总损失:11.525
------划分值:1.000,左节点损失:11.519,右节点损失:0.000,总损失:11.519
('----划分特征：', 695)
------划分值:0.000,左节点损失:0.000,右节点损失:11.525,总损失:11.525
------划分值:1.000,左节点损失:11.523,右节点损失:0.000,总损失:11.523
('----划分特征：', 696)
------划分值:0.000,左节点损失:0.000,右节点损失:11.525,总损失:11.525
------划分值:1.000,左节点损失:11.525,右节点损失:0.000,总损失:11.525
('----划分特征：', 697)
------划分值:0.000,左节点损失:0.000,右节点损失:11.525,总损失:11.525
('----划分特征：', 698)
------划分值:0.000,左节点损失:0.000,右节点损失:11.525,总损失:11.525
('----划分特征：', 699)
------划分值:0.000,左节点损失:0.000,右节点损失:11.525,总损失:11.525
('----划分特征：', 700)
------划分值:0.000,左节点损失:0.000,右节点损失:11.525,总损失:11.525
('----划分特征：', 701)
------划分值:0.000,左节点损失:0.000,右节点损失:11.525,总损失:11.525
('----划分特征：', 702)
------划分值:0.000,左节点损失:0.000,右节点损失:11.525,总损失:11.525
('----划分特征：', 703)
------划分值:0.000,左节点损失:0.000,右节点损失:11.525,总损失:11.525
('----划分特征：', 704)
------划分值:0.000,左节点损失:0.000,右节点损失:11.525,总损失:11.525
------划分值:1.000,左节点损失:11.525,右节点损失:0.000,总损失:11.525
('----划分特征：', 705)
------划分值:0.000,左节点损失:0.000,右节点损失:11.525,总损失:11.525
------划分值:1.000,左节点损失:11.522,右节点损失:0.000,总损失:11.522
('----划分特征：', 706)
------划分值:0.000,左节点损失:0.000,右节点损失:11.525,总损失:11.525
------划分值:1.000,左节点损失:11.517,右节点损失:0.000,总损失:11.517
('----划分特征：', 707)
------划分值:0.000,左节点损失:0.000,右节点损失:11.525,总损失:11.525
------划分值:1.000,左节点损失:11.505,右节点损失:0.000,总损失:11.505
('----划分特征：', 708)
------划分值:0.000,左节点损失:0.000,右节点损失:11.525,总损失:11.525
------划分值:1.000,左节点损失:11.484,右节点损失:0.000,总损失:11.484
('----划分特征：', 709)
------划分值:0.000,左节点损失:0.000,右节点损失:11.525,总损失:11.525
------划分值:1.000,左节点损失:11.460,右节点损失:0.000,总损失:11.460
('----划分特征：', 710)
------划分值:0.000,左节点损失:0.000,右节点损失:11.525,总损失:11.525
------划分值:1.000,左节点损失:11.424,右节点损失:0.022,总损失:11.445
('----划分特征：', 711)
------划分值:0.000,左节点损失:0.000,右节点损失:11.525,总损失:11.525
------划分值:1.000,左节点损失:11.402,右节点损失:0.043,总损失:11.445
('----划分特征：', 712)
------划分值:0.000,左节点损失:0.000,右节点损失:11.525,总损失:11.525
------划分值:1.000,左节点损失:11.407,右节点损失:0.043,总损失:11.450
('----划分特征：', 713)
------划分值:0.000,左节点损失:0.000,右节点损失:11.525,总损失:11.525
------划分值:1.000,左节点损失:11.393,右节点损失:0.064,总损失:11.457
('----划分特征：', 714)
------划分值:0.000,左节点损失:0.000,右节点损失:11.525,总损失:11.525
------划分值:1.000,左节点损失:11.420,右节点损失:0.043,总损失:11.463
('----划分特征：', 715)
------划分值:0.000,左节点损失:0.000,右节点损失:11.525,总损失:11.525
------划分值:1.000,左节点损失:11.448,右节点损失:0.022,总损失:11.470
('----划分特征：', 716)
------划分值:0.000,左节点损失:0.000,右节点损失:11.525,总损失:11.525
------划分值:1.000,左节点损失:11.474,右节点损失:0.000,总损失:11.474
('----划分特征：', 717)
------划分值:0.000,左节点损失:0.000,右节点损失:11.525,总损失:11.525
------划分值:1.000,左节点损失:11.491,右节点损失:0.000,总损失:11.491
('----划分特征：', 718)
------划分值:0.000,左节点损失:0.000,右节点损失:11.525,总损失:11.525
------划分值:1.000,左节点损失:11.502,右节点损失:0.000,总损失:11.502
('----划分特征：', 719)
------划分值:0.000,左节点损失:0.000,右节点损失:11.525,总损失:11.525
------划分值:1.000,左节点损失:11.510,右节点损失:0.000,总损失:11.510
('----划分特征：', 720)
------划分值:0.000,左节点损失:0.000,右节点损失:11.525,总损失:11.525
------划分值:1.000,左节点损失:11.515,右节点损失:0.000,总损失:11.515
('----划分特征：', 721)
------划分值:0.000,左节点损失:0.000,右节点损失:11.525,总损失:11.525
------划分值:1.000,左节点损失:11.519,右节点损失:0.000,总损失:11.519
('----划分特征：', 722)
------划分值:0.000,左节点损失:0.000,右节点损失:11.525,总损失:11.525
------划分值:1.000,左节点损失:11.523,右节点损失:0.000,总损失:11.523
('----划分特征：', 723)
------划分值:0.000,左节点损失:0.000,右节点损失:11.525,总损失:11.525
------划分值:1.000,左节点损失:11.524,右节点损失:0.000,总损失:11.524
('----划分特征：', 724)
------划分值:0.000,左节点损失:0.000,右节点损失:11.525,总损失:11.525
('----划分特征：', 725)
------划分值:0.000,左节点损失:0.000,右节点损失:11.525,总损失:11.525
('----划分特征：', 726)
------划分值:0.000,左节点损失:0.000,右节点损失:11.525,总损失:11.525
('----划分特征：', 727)
------划分值:0.000,左节点损失:0.000,右节点损失:11.525,总损失:11.525
('----划分特征：', 728)
------划分值:0.000,左节点损失:0.000,右节点损失:11.525,总损失:11.525
('----划分特征：', 729)
------划分值:0.000,左节点损失:0.000,右节点损失:11.525,总损失:11.525
('----划分特征：', 730)
------划分值:0.000,左节点损失:0.000,右节点损失:11.525,总损失:11.525
('----划分特征：', 731)
------划分值:0.000,左节点损失:0.000,右节点损失:11.525,总损失:11.525
('----划分特征：', 732)
------划分值:0.000,左节点损失:0.000,右节点损失:11.525,总损失:11.525
------划分值:1.000,左节点损失:11.525,右节点损失:0.000,总损失:11.525
('----划分特征：', 733)
------划分值:0.000,左节点损失:0.000,右节点损失:11.525,总损失:11.525
------划分值:1.000,左节点损失:11.524,右节点损失:0.000,总损失:11.524
('----划分特征：', 734)
------划分值:0.000,左节点损失:0.000,右节点损失:11.525,总损失:11.525
------划分值:1.000,左节点损失:11.520,右节点损失:0.000,总损失:11.520
('----划分特征：', 735)
------划分值:0.000,左节点损失:0.000,右节点损失:11.525,总损失:11.525
------划分值:1.000,左节点损失:11.516,右节点损失:0.000,总损失:11.516
('----划分特征：', 736)
------划分值:0.000,左节点损失:0.000,右节点损失:11.525,总损失:11.525
------划分值:1.000,左节点损失:11.506,右节点损失:0.000,总损失:11.506
('----划分特征：', 737)
------划分值:0.000,左节点损失:0.000,右节点损失:11.525,总损失:11.525
------划分值:1.000,左节点损失:11.499,右节点损失:0.000,总损失:11.499
('----划分特征：', 738)
------划分值:0.000,左节点损失:0.000,右节点损失:11.525,总损失:11.525
------划分值:1.000,左节点损失:11.494,右节点损失:0.000,总损失:11.494
('----划分特征：', 739)
------划分值:0.000,左节点损失:0.000,右节点损失:11.525,总损失:11.525
------划分值:1.000,左节点损失:11.494,右节点损失:0.000,总损失:11.494
('----划分特征：', 740)
------划分值:0.000,左节点损失:0.000,右节点损失:11.525,总损失:11.525
------划分值:1.000,左节点损失:11.498,右节点损失:0.000,总损失:11.498
('----划分特征：', 741)
------划分值:0.000,左节点损失:0.000,右节点损失:11.525,总损失:11.525
------划分值:1.000,左节点损失:11.500,右节点损失:0.000,总损失:11.500
('----划分特征：', 742)
------划分值:0.000,左节点损失:0.000,右节点损失:11.525,总损失:11.525
------划分值:1.000,左节点损失:11.500,右节点损失:0.000,总损失:11.500
('----划分特征：', 743)
------划分值:0.000,左节点损失:0.000,右节点损失:11.525,总损失:11.525
------划分值:1.000,左节点损失:11.506,右节点损失:0.000,总损失:11.506
('----划分特征：', 744)
------划分值:0.000,左节点损失:0.000,右节点损失:11.525,总损失:11.525
------划分值:1.000,左节点损失:11.508,右节点损失:0.000,总损失:11.508
('----划分特征：', 745)
------划分值:0.000,左节点损失:0.000,右节点损失:11.525,总损失:11.525
------划分值:1.000,左节点损失:11.511,右节点损失:0.000,总损失:11.511
('----划分特征：', 746)
------划分值:0.000,左节点损失:0.000,右节点损失:11.525,总损失:11.525
------划分值:1.000,左节点损失:11.516,右节点损失:0.000,总损失:11.516
('----划分特征：', 747)
------划分值:0.000,左节点损失:0.000,右节点损失:11.525,总损失:11.525
------划分值:1.000,左节点损失:11.520,右节点损失:0.000,总损失:11.520
('----划分特征：', 748)
------划分值:0.000,左节点损失:0.000,右节点损失:11.525,总损失:11.525
------划分值:1.000,左节点损失:11.522,右节点损失:0.000,总损失:11.522
('----划分特征：', 749)
------划分值:0.000,左节点损失:0.000,右节点损失:11.525,总损失:11.525
------划分值:1.000,左节点损失:11.523,右节点损失:0.000,总损失:11.523
('----划分特征：', 750)
------划分值:0.000,左节点损失:0.000,右节点损失:11.525,总损失:11.525
------划分值:1.000,左节点损失:11.524,右节点损失:0.000,总损失:11.524
('----划分特征：', 751)
------划分值:0.000,左节点损失:0.000,右节点损失:11.525,总损失:11.525
------划分值:1.000,左节点损失:11.525,右节点损失:0.000,总损失:11.525
('----划分特征：', 752)
------划分值:0.000,左节点损失:0.000,右节点损失:11.525,总损失:11.525
('----划分特征：', 753)
------划分值:0.000,左节点损失:0.000,右节点损失:11.525,总损失:11.525
('----划分特征：', 754)
------划分值:0.000,左节点损失:0.000,右节点损失:11.525,总损失:11.525
('----划分特征：', 755)
------划分值:0.000,左节点损失:0.000,右节点损失:11.525,总损失:11.525
('----划分特征：', 756)
------划分值:0.000,左节点损失:0.000,右节点损失:11.525,总损失:11.525
('----划分特征：', 757)
------划分值:0.000,左节点损失:0.000,右节点损失:11.525,总损失:11.525
('----划分特征：', 758)
------划分值:0.000,左节点损失:0.000,右节点损失:11.525,总损失:11.525
('----划分特征：', 759)
------划分值:0.000,左节点损失:0.000,右节点损失:11.525,总损失:11.525
('----划分特征：', 760)
------划分值:0.000,左节点损失:0.000,右节点损失:11.525,总损失:11.525
('----划分特征：', 761)
------划分值:0.000,左节点损失:0.000,右节点损失:11.525,总损失:11.525
------划分值:1.000,左节点损失:11.525,右节点损失:0.000,总损失:11.525
('----划分特征：', 762)
------划分值:0.000,左节点损失:0.000,右节点损失:11.525,总损失:11.525
------划分值:1.000,左节点损失:11.525,右节点损失:0.000,总损失:11.525
('----划分特征：', 763)
------划分值:0.000,左节点损失:0.000,右节点损失:11.525,总损失:11.525
------划分值:1.000,左节点损失:11.524,右节点损失:0.000,总损失:11.524
('----划分特征：', 764)
------划分值:0.000,左节点损失:0.000,右节点损失:11.525,总损失:11.525
------划分值:1.000,左节点损失:11.524,右节点损失:0.000,总损失:11.524
('----划分特征：', 765)
------划分值:0.000,左节点损失:0.000,右节点损失:11.525,总损失:11.525
------划分值:1.000,左节点损失:11.524,右节点损失:0.000,总损失:11.524
('----划分特征：', 766)
------划分值:0.000,左节点损失:0.000,右节点损失:11.525,总损失:11.525
------划分值:1.000,左节点损失:11.523,右节点损失:0.000,总损失:11.523
('----划分特征：', 767)
------划分值:0.000,左节点损失:0.000,右节点损失:11.525,总损失:11.525
------划分值:1.000,左节点损失:11.523,右节点损失:0.000,总损失:11.523
('----划分特征：', 768)
------划分值:0.000,左节点损失:0.000,右节点损失:11.525,总损失:11.525
------划分值:1.000,左节点损失:11.521,右节点损失:0.000,总损失:11.521
('----划分特征：', 769)
------划分值:0.000,左节点损失:0.000,右节点损失:11.525,总损失:11.525
------划分值:1.000,左节点损失:11.521,右节点损失:0.000,总损失:11.521
('----划分特征：', 770)
------划分值:0.000,左节点损失:0.000,右节点损失:11.525,总损失:11.525
------划分值:1.000,左节点损失:11.522,右节点损失:0.000,总损失:11.522
('----划分特征：', 771)
------划分值:0.000,左节点损失:0.000,右节点损失:11.525,总损失:11.525
------划分值:1.000,左节点损失:11.523,右节点损失:0.000,总损失:11.523
('----划分特征：', 772)
------划分值:0.000,左节点损失:0.000,右节点损失:11.525,总损失:11.525
------划分值:1.000,左节点损失:11.523,右节点损失:0.000,总损失:11.523
('----划分特征：', 773)
------划分值:0.000,左节点损失:0.000,右节点损失:11.525,总损失:11.525
------划分值:1.000,左节点损失:11.524,右节点损失:0.000,总损失:11.524
('----划分特征：', 774)
------划分值:0.000,左节点损失:0.000,右节点损失:11.525,总损失:11.525
------划分值:1.000,左节点损失:11.524,右节点损失:0.000,总损失:11.524
('----划分特征：', 775)
------划分值:0.000,左节点损失:0.000,右节点损失:11.525,总损失:11.525
------划分值:1.000,左节点损失:11.525,右节点损失:0.000,总损失:11.525
('----划分特征：', 776)
------划分值:0.000,左节点损失:0.000,右节点损失:11.525,总损失:11.525
------划分值:1.000,左节点损失:11.525,右节点损失:0.000,总损失:11.525
('----划分特征：', 777)
------划分值:0.000,左节点损失:0.000,右节点损失:11.525,总损失:11.525
------划分值:1.000,左节点损失:11.525,右节点损失:0.000,总损失:11.525
('----划分特征：', 778)
------划分值:0.000,左节点损失:0.000,右节点损失:11.525,总损失:11.525
('----划分特征：', 779)
------划分值:0.000,左节点损失:0.000,右节点损失:11.525,总损失:11.525
('----划分特征：', 780)
------划分值:0.000,左节点损失:0.000,右节点损失:11.525,总损失:11.525
('----划分特征：', 781)
------划分值:0.000,左节点损失:0.000,右节点损失:11.525,总损失:11.525
('----划分特征：', 782)
------划分值:0.000,左节点损失:0.000,右节点损失:11.525,总损失:11.525
('----划分特征：', 783)
------划分值:0.000,左节点损失:0.000,右节点损失:11.525,总损失:11.525
('----划分特征：', 'label')
------划分值:0.000,左节点损失:0.000,右节点损失:11.525,总损失:11.525
------划分值:1.000,左节点损失:0.000,右节点损失:0.000,总损失:0.000
('----划分特征：', 'f_0')
------划分值:-2.212,左节点损失:0.000,右节点损失:11.525,总损失:11.525
('----划分特征：', 'res_1')
------划分值:-0.099,左节点损失:0.000,右节点损失:11.525,总损失:11.525
------划分值:0.901,左节点损失:0.000,右节点损失:0.000,总损失:0.000
('----划分特征：', 'f_1')
------划分值:-2.323,左节点损失:0.000,右节点损失:11.525,总损失:11.525
------划分值:-1.199,左节点损失:0.000,右节点损失:0.000,总损失:0.000
('----划分特征：', 'res_2')
------划分值:-0.089,左节点损失:0.000,右节点损失:11.525,总损失:11.525
------划分值:0.768,左节点损失:0.000,右节点损失:0.000,总损失:0.000
('----划分特征：', 'f_2')
------划分值:-2.433,左节点损失:0.000,右节点损失:11.525,总损失:11.525
------划分值:-0.767,左节点损失:0.000,右节点损失:0.000,总损失:0.000
('----划分特征：', 'res_3')
------划分值:-0.081,左节点损失:0.000,右节点损失:11.525,总损失:11.525
------划分值:0.683,左节点损失:0.000,右节点损失:0.000,总损失:0.000
('----划分特征：', 'f_3')
------划分值:-2.542,左节点损失:0.000,右节点损失:11.525,总损失:11.525
------划分值:-0.452,左节点损失:0.000,右节点损失:0.000,总损失:0.000
('----划分特征：', 'res_4')
------划分值:-0.073,左节点损失:0.000,右节点损失:11.525,总损失:11.525
------划分值:0.611,左节点损失:0.000,右节点损失:0.000,总损失:0.000
('----划分特征：', 'f_4')
------划分值:-2.650,左节点损失:0.000,右节点损失:11.525,总损失:11.525
------划分值:-0.195,左节点损失:0.000,右节点损失:0.000,总损失:0.000
('----划分特征：', 'res_5')
------划分值:-0.066,左节点损失:0.000,右节点损失:11.525,总损失:11.525
------划分值:0.549,左节点损失:0.000,右节点损失:0.000,总损失:0.000
('----划分特征：', 'f_5')
------划分值:-2.757,左节点损失:0.000,右节点损失:11.525,总损失:11.525
------划分值:0.027,左节点损失:0.000,右节点损失:0.000,总损失:0.000
('----划分特征：', 'res_6')
------划分值:-0.060,左节点损失:0.000,右节点损失:11.525,总损失:11.525
------划分值:0.493,左节点损失:0.000,右节点损失:0.000,总损失:0.000
('----划分特征：', 'f_6')
------划分值:-2.863,左节点损失:0.000,右节点损失:11.525,总损失:11.525
------划分值:0.224,左节点损失:0.000,右节点损失:0.000,总损失:0.000
('----划分特征：', 'res_7')
------划分值:-0.054,左节点损失:0.000,右节点损失:11.525,总损失:11.525
------划分值:0.444,左节点损失:0.000,右节点损失:0.000,总损失:0.000
('----划分特征：', 'f_7')
------划分值:-2.969,左节点损失:0.000,右节点损失:11.525,总损失:11.525
------划分值:0.404,左节点损失:0.000,右节点损失:0.000,总损失:0.000
('----划分特征：', 'res_8')
------划分值:-0.049,左节点损失:0.000,右节点损失:11.525,总损失:11.525
------划分值:0.400,左节点损失:0.000,右节点损失:0.000,总损失:0.000
('----划分特征：', 'f_8')
------划分值:-3.074,左节点损失:0.000,右节点损失:11.525,总损失:11.525
------划分值:0.571,左节点损失:0.000,右节点损失:0.000,总损失:0.000
('----划分特征：', 'res_9')
------划分值:-0.044,左节点损失:0.000,右节点损失:11.525,总损失:11.525
------划分值:0.361,左节点损失:0.000,右节点损失:0.000,总损失:0.000
('----划分特征：', 'f_9')
------划分值:-3.178,左节点损失:0.000,右节点损失:11.525,总损失:11.525
------划分值:0.727,左节点损失:0.000,右节点损失:0.000,总损失:0.000
('----划分特征：', 'res_10')
------划分值:-0.040,左节点损失:0.000,右节点损失:11.525,总损失:11.525
------划分值:0.326,左节点损失:0.000,右节点损失:0.000,总损失:0.000
('--最佳划分特征：', 'label')
('--最佳划分值：', 1)
('叶子节点预测值：', -1.0165049341034578)
('叶子节点预测值：', 1.1503896548452994)
第19棵树: log-likelihood:3.6781
