-----------------------------构建第18颗树-----------------------------
--树的深度：0
('----划分特征：', 1)
------划分值:0.000,左节点损失:0.000,右节点损失:14.098,总损失:14.098
('----划分特征：', 2)
------划分值:0.000,左节点损失:0.000,右节点损失:14.098,总损失:14.098
('----划分特征：', 3)
------划分值:0.000,左节点损失:0.000,右节点损失:14.098,总损失:14.098
('----划分特征：', 4)
------划分值:0.000,左节点损失:0.000,右节点损失:14.098,总损失:14.098
('----划分特征：', 5)
------划分值:0.000,左节点损失:0.000,右节点损失:14.098,总损失:14.098
('----划分特征：', 6)
------划分值:0.000,左节点损失:0.000,右节点损失:14.098,总损失:14.098
('----划分特征：', 7)
------划分值:0.000,左节点损失:0.000,右节点损失:14.098,总损失:14.098
('----划分特征：', 8)
------划分值:0.000,左节点损失:0.000,右节点损失:14.098,总损失:14.098
('----划分特征：', 9)
------划分值:0.000,左节点损失:0.000,右节点损失:14.098,总损失:14.098
('----划分特征：', 10)
------划分值:0.000,左节点损失:0.000,右节点损失:14.098,总损失:14.098
('----划分特征：', 11)
------划分值:0.000,左节点损失:0.000,右节点损失:14.098,总损失:14.098
('----划分特征：', 12)
------划分值:0.000,左节点损失:0.000,右节点损失:14.098,总损失:14.098
('----划分特征：', 13)
------划分值:0.000,左节点损失:0.000,右节点损失:14.098,总损失:14.098
('----划分特征：', 14)
------划分值:0.000,左节点损失:0.000,右节点损失:14.098,总损失:14.098
('----划分特征：', 15)
------划分值:0.000,左节点损失:0.000,右节点损失:14.098,总损失:14.098
('----划分特征：', 16)
------划分值:0.000,左节点损失:0.000,右节点损失:14.098,总损失:14.098
('----划分特征：', 17)
------划分值:0.000,左节点损失:0.000,右节点损失:14.098,总损失:14.098
('----划分特征：', 18)
------划分值:0.000,左节点损失:0.000,右节点损失:14.098,总损失:14.098
('----划分特征：', 19)
------划分值:0.000,左节点损失:0.000,右节点损失:14.098,总损失:14.098
('----划分特征：', 20)
------划分值:0.000,左节点损失:0.000,右节点损失:14.098,总损失:14.098
('----划分特征：', 21)
------划分值:0.000,左节点损失:0.000,右节点损失:14.098,总损失:14.098
('----划分特征：', 22)
------划分值:0.000,左节点损失:0.000,右节点损失:14.098,总损失:14.098
('----划分特征：', 23)
------划分值:0.000,左节点损失:0.000,右节点损失:14.098,总损失:14.098
('----划分特征：', 24)
------划分值:0.000,左节点损失:0.000,右节点损失:14.098,总损失:14.098
('----划分特征：', 25)
------划分值:0.000,左节点损失:0.000,右节点损失:14.098,总损失:14.098
('----划分特征：', 26)
------划分值:0.000,左节点损失:0.000,右节点损失:14.098,总损失:14.098
('----划分特征：', 27)
------划分值:0.000,左节点损失:0.000,右节点损失:14.098,总损失:14.098
('----划分特征：', 28)
------划分值:0.000,左节点损失:0.000,右节点损失:14.098,总损失:14.098
('----划分特征：', 29)
------划分值:0.000,左节点损失:0.000,右节点损失:14.098,总损失:14.098
('----划分特征：', 30)
------划分值:0.000,左节点损失:0.000,右节点损失:14.098,总损失:14.098
('----划分特征：', 31)
------划分值:0.000,左节点损失:0.000,右节点损失:14.098,总损失:14.098
('----划分特征：', 32)
------划分值:0.000,左节点损失:0.000,右节点损失:14.098,总损失:14.098
('----划分特征：', 33)
------划分值:0.000,左节点损失:0.000,右节点损失:14.098,总损失:14.098
('----划分特征：', 34)
------划分值:0.000,左节点损失:0.000,右节点损失:14.098,总损失:14.098
('----划分特征：', 35)
------划分值:0.000,左节点损失:0.000,右节点损失:14.098,总损失:14.098
('----划分特征：', 36)
------划分值:0.000,左节点损失:0.000,右节点损失:14.098,总损失:14.098
------划分值:1.000,左节点损失:14.097,右节点损失:0.000,总损失:14.097
('----划分特征：', 37)
------划分值:0.000,左节点损失:0.000,右节点损失:14.098,总损失:14.098
------划分值:1.000,左节点损失:14.097,右节点损失:0.000,总损失:14.097
('----划分特征：', 38)
------划分值:0.000,左节点损失:0.000,右节点损失:14.098,总损失:14.098
------划分值:1.000,左节点损失:14.097,右节点损失:0.000,总损失:14.097
('----划分特征：', 39)
------划分值:0.000,左节点损失:0.000,右节点损失:14.098,总损失:14.098
------划分值:1.000,左节点损失:14.097,右节点损失:0.000,总损失:14.097
('----划分特征：', 40)
------划分值:0.000,左节点损失:0.000,右节点损失:14.098,总损失:14.098
------划分值:1.000,左节点损失:14.097,右节点损失:0.000,总损失:14.097
('----划分特征：', 41)
------划分值:0.000,左节点损失:0.000,右节点损失:14.098,总损失:14.098
------划分值:1.000,左节点损失:14.097,右节点损失:0.000,总损失:14.097
('----划分特征：', 42)
------划分值:0.000,左节点损失:0.000,右节点损失:14.098,总损失:14.098
------划分值:1.000,左节点损失:14.097,右节点损失:0.000,总损失:14.097
('----划分特征：', 43)
------划分值:0.000,左节点损失:0.000,右节点损失:14.098,总损失:14.098
------划分值:1.000,左节点损失:14.097,右节点损失:0.000,总损失:14.097
('----划分特征：', 44)
------划分值:0.000,左节点损失:0.000,右节点损失:14.098,总损失:14.098
------划分值:1.000,左节点损失:14.096,右节点损失:0.000,总损失:14.096
('----划分特征：', 45)
------划分值:0.000,左节点损失:0.000,右节点损失:14.098,总损失:14.098
------划分值:1.000,左节点损失:14.097,右节点损失:0.000,总损失:14.097
('----划分特征：', 46)
------划分值:0.000,左节点损失:0.000,右节点损失:14.098,总损失:14.098
------划分值:1.000,左节点损失:14.097,右节点损失:0.000,总损失:14.097
('----划分特征：', 47)
------划分值:0.000,左节点损失:0.000,右节点损失:14.098,总损失:14.098
------划分值:1.000,左节点损失:14.097,右节点损失:0.000,总损失:14.097
('----划分特征：', 48)
------划分值:0.000,左节点损失:0.000,右节点损失:14.098,总损失:14.098
------划分值:1.000,左节点损失:14.097,右节点损失:0.000,总损失:14.097
('----划分特征：', 49)
------划分值:0.000,左节点损失:0.000,右节点损失:14.098,总损失:14.098
------划分值:1.000,左节点损失:14.097,右节点损失:0.000,总损失:14.097
('----划分特征：', 50)
------划分值:0.000,左节点损失:0.000,右节点损失:14.098,总损失:14.098
------划分值:1.000,左节点损失:14.097,右节点损失:0.000,总损失:14.097
('----划分特征：', 51)
------划分值:0.000,左节点损失:0.000,右节点损失:14.098,总损失:14.098
('----划分特征：', 52)
------划分值:0.000,左节点损失:0.000,右节点损失:14.098,总损失:14.098
('----划分特征：', 53)
------划分值:0.000,左节点损失:0.000,右节点损失:14.098,总损失:14.098
('----划分特征：', 54)
------划分值:0.000,左节点损失:0.000,右节点损失:14.098,总损失:14.098
('----划分特征：', 55)
------划分值:0.000,左节点损失:0.000,右节点损失:14.098,总损失:14.098
('----划分特征：', 56)
------划分值:0.000,左节点损失:0.000,右节点损失:14.098,总损失:14.098
('----划分特征：', 57)
------划分值:0.000,左节点损失:0.000,右节点损失:14.098,总损失:14.098
('----划分特征：', 58)
------划分值:0.000,左节点损失:0.000,右节点损失:14.098,总损失:14.098
('----划分特征：', 59)
------划分值:0.000,左节点损失:0.000,右节点损失:14.098,总损失:14.098
('----划分特征：', 60)
------划分值:0.000,左节点损失:0.000,右节点损失:14.098,总损失:14.098
('----划分特征：', 61)
------划分值:0.000,左节点损失:0.000,右节点损失:14.098,总损失:14.098
('----划分特征：', 62)
------划分值:0.000,左节点损失:0.000,右节点损失:14.098,总损失:14.098
('----划分特征：', 63)
------划分值:0.000,左节点损失:0.000,右节点损失:14.098,总损失:14.098
('----划分特征：', 64)
------划分值:0.000,左节点损失:0.000,右节点损失:14.098,总损失:14.098
------划分值:1.000,左节点损失:14.097,右节点损失:0.000,总损失:14.097
('----划分特征：', 65)
------划分值:0.000,左节点损失:0.000,右节点损失:14.098,总损失:14.098
------划分值:1.000,左节点损失:14.096,右节点损失:0.000,总损失:14.096
('----划分特征：', 66)
------划分值:0.000,左节点损失:0.000,右节点损失:14.098,总损失:14.098
------划分值:1.000,左节点损失:14.094,右节点损失:0.000,总损失:14.094
('----划分特征：', 67)
------划分值:0.000,左节点损失:0.000,右节点损失:14.098,总损失:14.098
------划分值:1.000,左节点损失:14.092,右节点损失:0.000,总损失:14.092
('----划分特征：', 68)
------划分值:0.000,左节点损失:0.000,右节点损失:14.098,总损失:14.098
------划分值:1.000,左节点损失:14.090,右节点损失:0.000,总损失:14.090
('----划分特征：', 69)
------划分值:0.000,左节点损失:0.000,右节点损失:14.098,总损失:14.098
------划分值:1.000,左节点损失:14.089,右节点损失:0.000,总损失:14.089
('----划分特征：', 70)
------划分值:0.000,左节点损失:0.000,右节点损失:14.098,总损失:14.098
------划分值:1.000,左节点损失:14.082,右节点损失:0.000,总损失:14.082
('----划分特征：', 71)
------划分值:0.000,左节点损失:0.000,右节点损失:14.098,总损失:14.098
------划分值:1.000,左节点损失:14.078,右节点损失:0.000,总损失:14.078
('----划分特征：', 72)
------划分值:0.000,左节点损失:0.000,右节点损失:14.098,总损失:14.098
------划分值:1.000,左节点损失:14.069,右节点损失:0.000,总损失:14.069
('----划分特征：', 73)
------划分值:0.000,左节点损失:0.000,右节点损失:14.098,总损失:14.098
------划分值:1.000,左节点损失:14.068,右节点损失:0.000,总损失:14.068
('----划分特征：', 74)
------划分值:0.000,左节点损失:0.000,右节点损失:14.098,总损失:14.098
------划分值:1.000,左节点损失:14.074,右节点损失:0.000,总损失:14.074
('----划分特征：', 75)
------划分值:0.000,左节点损失:0.000,右节点损失:14.098,总损失:14.098
------划分值:1.000,左节点损失:14.082,右节点损失:0.000,总损失:14.082
('----划分特征：', 76)
------划分值:0.000,左节点损失:0.000,右节点损失:14.098,总损失:14.098
------划分值:1.000,左节点损失:14.091,右节点损失:0.000,总损失:14.091
('----划分特征：', 77)
------划分值:0.000,左节点损失:0.000,右节点损失:14.098,总损失:14.098
------划分值:1.000,左节点损失:14.095,右节点损失:0.000,总损失:14.095
('----划分特征：', 78)
------划分值:0.000,左节点损失:0.000,右节点损失:14.098,总损失:14.098
------划分值:1.000,左节点损失:14.097,右节点损失:0.000,总损失:14.097
('----划分特征：', 79)
------划分值:0.000,左节点损失:0.000,右节点损失:14.098,总损失:14.098
------划分值:1.000,左节点损失:14.097,右节点损失:0.000,总损失:14.097
('----划分特征：', 80)
------划分值:0.000,左节点损失:0.000,右节点损失:14.098,总损失:14.098
('----划分特征：', 81)
------划分值:0.000,左节点损失:0.000,右节点损失:14.098,总损失:14.098
('----划分特征：', 82)
------划分值:0.000,左节点损失:0.000,右节点损失:14.098,总损失:14.098
('----划分特征：', 83)
------划分值:0.000,左节点损失:0.000,右节点损失:14.098,总损失:14.098
('----划分特征：', 84)
------划分值:0.000,左节点损失:0.000,右节点损失:14.098,总损失:14.098
('----划分特征：', 85)
------划分值:0.000,左节点损失:0.000,右节点损失:14.098,总损失:14.098
('----划分特征：', 86)
------划分值:0.000,左节点损失:0.000,右节点损失:14.098,总损失:14.098
('----划分特征：', 87)
------划分值:0.000,左节点损失:0.000,右节点损失:14.098,总损失:14.098
('----划分特征：', 88)
------划分值:0.000,左节点损失:0.000,右节点损失:14.098,总损失:14.098
('----划分特征：', 89)
------划分值:0.000,左节点损失:0.000,右节点损失:14.098,总损失:14.098
------划分值:1.000,左节点损失:14.097,右节点损失:0.000,总损失:14.097
('----划分特征：', 90)
------划分值:0.000,左节点损失:0.000,右节点损失:14.098,总损失:14.098
------划分值:1.000,左节点损失:14.096,右节点损失:0.000,总损失:14.096
('----划分特征：', 91)
------划分值:0.000,左节点损失:0.000,右节点损失:14.098,总损失:14.098
------划分值:1.000,左节点损失:14.096,右节点损失:0.000,总损失:14.096
('----划分特征：', 92)
------划分值:0.000,左节点损失:0.000,右节点损失:14.098,总损失:14.098
------划分值:1.000,左节点损失:14.092,右节点损失:0.000,总损失:14.092
('----划分特征：', 93)
------划分值:0.000,左节点损失:0.000,右节点损失:14.098,总损失:14.098
------划分值:1.000,左节点损失:14.088,右节点损失:0.000,总损失:14.088
('----划分特征：', 94)
------划分值:0.000,左节点损失:0.000,右节点损失:14.098,总损失:14.098
------划分值:1.000,左节点损失:14.079,右节点损失:0.000,总损失:14.079
('----划分特征：', 95)
------划分值:0.000,左节点损失:0.000,右节点损失:14.098,总损失:14.098
------划分值:1.000,左节点损失:14.049,右节点损失:0.026,总损失:14.075
('----划分特征：', 96)
------划分值:0.000,左节点损失:0.000,右节点损失:14.098,总损失:14.098
------划分值:1.000,左节点损失:13.975,右节点损失:0.103,总损失:14.078
('----划分特征：', 97)
------划分值:0.000,左节点损失:0.000,右节点损失:14.098,总损失:14.098
------划分值:1.000,左节点损失:13.898,右节点损失:0.178,总损失:14.076
('----划分特征：', 98)
------划分值:0.000,左节点损失:0.000,右节点损失:14.098,总损失:14.098
------划分值:1.000,左节点损失:13.819,右节点损失:0.254,总损失:14.073
('----划分特征：', 99)
------划分值:0.000,左节点损失:0.000,右节点损失:14.098,总损失:14.098
------划分值:1.000,左节点损失:13.781,右节点损失:0.281,总损失:14.061
('----划分特征：', 100)
------划分值:0.000,左节点损失:0.000,右节点损失:14.098,总损失:14.098
------划分值:1.000,左节点损失:13.810,右节点损失:0.232,总损失:14.042
('----划分特征：', 101)
------划分值:0.000,左节点损失:0.000,右节点损失:14.098,总损失:14.098
------划分值:1.000,左节点损失:13.836,右节点损失:0.206,总损失:14.042
('----划分特征：', 102)
------划分值:0.000,左节点损失:0.000,右节点损失:14.098,总损失:14.098
------划分值:1.000,左节点损失:13.943,右节点损失:0.104,总损失:14.048
('----划分特征：', 103)
------划分值:0.000,左节点损失:0.000,右节点损失:14.098,总损失:14.098
------划分值:1.000,左节点损失:13.944,右节点损失:0.128,总损失:14.072
('----划分特征：', 104)
------划分值:0.000,左节点损失:0.000,右节点损失:14.098,总损失:14.098
------划分值:1.000,左节点损失:14.032,右节点损失:0.052,总损失:14.083
('----划分特征：', 105)
------划分值:0.000,左节点损失:0.000,右节点损失:14.098,总损失:14.098
------划分值:1.000,左节点损失:14.086,右节点损失:0.000,总损失:14.086
('----划分特征：', 106)
------划分值:0.000,左节点损失:0.000,右节点损失:14.098,总损失:14.098
------划分值:1.000,左节点损失:14.093,右节点损失:0.000,总损失:14.093
('----划分特征：', 107)
------划分值:0.000,左节点损失:0.000,右节点损失:14.098,总损失:14.098
------划分值:1.000,左节点损失:14.096,右节点损失:0.000,总损失:14.096
('----划分特征：', 108)
------划分值:0.000,左节点损失:0.000,右节点损失:14.098,总损失:14.098
------划分值:1.000,左节点损失:14.097,右节点损失:0.000,总损失:14.097
('----划分特征：', 109)
------划分值:0.000,左节点损失:0.000,右节点损失:14.098,总损失:14.098
('----划分特征：', 110)
------划分值:0.000,左节点损失:0.000,右节点损失:14.098,总损失:14.098
('----划分特征：', 111)
------划分值:0.000,左节点损失:0.000,右节点损失:14.098,总损失:14.098
('----划分特征：', 112)
------划分值:0.000,左节点损失:0.000,右节点损失:14.098,总损失:14.098
('----划分特征：', 113)
------划分值:0.000,左节点损失:0.000,右节点损失:14.098,总损失:14.098
('----划分特征：', 114)
------划分值:0.000,左节点损失:0.000,右节点损失:14.098,总损失:14.098
('----划分特征：', 115)
------划分值:0.000,左节点损失:0.000,右节点损失:14.098,总损失:14.098
('----划分特征：', 116)
------划分值:0.000,左节点损失:0.000,右节点损失:14.098,总损失:14.098
------划分值:1.000,左节点损失:14.097,右节点损失:0.000,总损失:14.097
('----划分特征：', 117)
------划分值:0.000,左节点损失:0.000,右节点损失:14.098,总损失:14.098
------划分值:1.000,左节点损失:14.096,右节点损失:0.000,总损失:14.096
('----划分特征：', 118)
------划分值:0.000,左节点损失:0.000,右节点损失:14.098,总损失:14.098
------划分值:1.000,左节点损失:14.093,右节点损失:0.000,总损失:14.093
('----划分特征：', 119)
------划分值:0.000,左节点损失:0.000,右节点损失:14.098,总损失:14.098
------划分值:1.000,左节点损失:14.089,右节点损失:0.000,总损失:14.089
('----划分特征：', 120)
------划分值:0.000,左节点损失:0.000,右节点损失:14.098,总损失:14.098
------划分值:1.000,左节点损失:14.076,右节点损失:0.000,总损失:14.076
('----划分特征：', 121)
------划分值:0.000,左节点损失:0.000,右节点损失:14.098,总损失:14.098
------划分值:1.000,左节点损失:13.994,右节点损失:0.078,总损失:14.072
('----划分特征：', 122)
------划分值:0.000,左节点损失:0.000,右节点损失:14.098,总损失:14.098
------划分值:1.000,左节点损失:13.796,右节点损失:0.278,总损失:14.075
('----划分特征：', 123)
------划分值:0.000,左节点损失:0.000,右节点损失:14.098,总损失:14.098
------划分值:1.000,左节点损失:13.464,右节点损失:0.619,总损失:14.083
('----划分特征：', 124)
------划分值:0.000,左节点损失:0.000,右节点损失:14.098,总损失:14.098
------划分值:1.000,左节点损失:12.721,右节点损失:1.376,总损失:14.097
('----划分特征：', 125)
------划分值:0.000,左节点损失:0.000,右节点损失:14.098,总损失:14.098
------划分值:1.000,左节点损失:11.666,右节点损失:2.401,总损失:14.067
('----划分特征：', 126)
------划分值:0.000,左节点损失:0.000,右节点损失:14.098,总损失:14.098
------划分值:1.000,左节点损失:11.342,右节点损失:2.740,总损失:14.082
('----划分特征：', 127)
------划分值:0.000,左节点损失:0.000,右节点损失:14.098,总损失:14.098
------划分值:1.000,左节点损失:10.664,右节点损失:3.393,总损失:14.057
('----划分特征：', 128)
------划分值:0.000,左节点损失:0.000,右节点损失:14.098,总损失:14.098
------划分值:1.000,左节点损失:10.330,右节点损失:3.700,总损失:14.030
('----划分特征：', 129)
------划分值:0.000,左节点损失:0.000,右节点损失:14.098,总损失:14.098
------划分值:1.000,左节点损失:10.634,右节点损失:3.400,总损失:14.034
('----划分特征：', 130)
------划分值:0.000,左节点损失:0.000,右节点损失:14.098,总损失:14.098
------划分值:1.000,左节点损失:11.133,右节点损失:2.890,总损失:14.023
('----划分特征：', 131)
------划分值:0.000,左节点损失:0.000,右节点损失:14.098,总损失:14.098
------划分值:1.000,左节点损失:11.768,右节点损失:2.248,总损失:14.016
('----划分特征：', 132)
------划分值:0.000,左节点损失:0.000,右节点损失:14.098,总损失:14.098
------划分值:1.000,左节点损失:12.574,右节点损失:1.462,总损失:14.036
('----划分特征：', 133)
------划分值:0.000,左节点损失:0.000,右节点损失:14.098,总损失:14.098
------划分值:1.000,左节点损失:13.412,右节点损失:0.667,总损失:14.079
('----划分特征：', 134)
------划分值:0.000,左节点损失:0.000,右节点损失:14.098,总损失:14.098
------划分值:1.000,左节点损失:13.838,右节点损失:0.260,总损失:14.097
('----划分特征：', 135)
------划分值:0.000,左节点损失:0.000,右节点损失:14.098,总损失:14.098
------划分值:1.000,左节点损失:14.043,右节点损失:0.051,总损失:14.094
('----划分特征：', 136)
------划分值:0.000,左节点损失:0.000,右节点损失:14.098,总损失:14.098
------划分值:1.000,左节点损失:14.073,右节点损失:0.025,总损失:14.097
('----划分特征：', 137)
------划分值:0.000,左节点损失:0.000,右节点损失:14.098,总损失:14.098
('----划分特征：', 138)
------划分值:0.000,左节点损失:0.000,右节点损失:14.098,总损失:14.098
('----划分特征：', 139)
------划分值:0.000,左节点损失:0.000,右节点损失:14.098,总损失:14.098
('----划分特征：', 140)
------划分值:0.000,左节点损失:0.000,右节点损失:14.098,总损失:14.098
('----划分特征：', 141)
------划分值:0.000,左节点损失:0.000,右节点损失:14.098,总损失:14.098
('----划分特征：', 142)
------划分值:0.000,左节点损失:0.000,右节点损失:14.098,总损失:14.098
('----划分特征：', 143)
------划分值:0.000,左节点损失:0.000,右节点损失:14.098,总损失:14.098
------划分值:1.000,左节点损失:14.097,右节点损失:0.000,总损失:14.097
('----划分特征：', 144)
------划分值:0.000,左节点损失:0.000,右节点损失:14.098,总损失:14.098
------划分值:1.000,左节点损失:14.095,右节点损失:0.000,总损失:14.095
('----划分特征：', 145)
------划分值:0.000,左节点损失:0.000,右节点损失:14.098,总损失:14.098
------划分值:1.000,左节点损失:14.087,右节点损失:0.000,总损失:14.087
('----划分特征：', 146)
------划分值:0.000,左节点损失:0.000,右节点损失:14.098,总损失:14.098
------划分值:1.000,左节点损失:14.080,右节点损失:0.000,总损失:14.080
('----划分特征：', 147)
------划分值:0.000,左节点损失:0.000,右节点损失:14.098,总损失:14.098
------划分值:1.000,左节点损失:14.039,右节点损失:0.026,总损失:14.065
('----划分特征：', 148)
------划分值:0.000,左节点损失:0.000,右节点损失:14.098,总损失:14.098
------划分值:1.000,左节点损失:13.968,右节点损失:0.078,总损失:14.046
('----划分特征：', 149)
------划分值:0.000,左节点损失:0.000,右节点损失:14.098,总损失:14.098
------划分值:1.000,左节点损失:13.627,右节点损失:0.431,总损失:14.058
('----划分特征：', 150)
------划分值:0.000,左节点损失:0.000,右节点损失:14.098,总损失:14.098
------划分值:1.000,左节点损失:13.040,右节点损失:1.037,总损失:14.077
('----划分特征：', 151)
------划分值:0.000,左节点损失:0.000,右节点损失:14.098,总损失:14.098
------划分值:1.000,左节点损失:11.817,右节点损失:2.281,总损失:14.097
('----划分特征：', 152)
------划分值:0.000,左节点损失:0.000,右节点损失:14.098,总损失:14.098
------划分值:1.000,左节点损失:10.348,右节点损失:3.718,总损失:14.066
('----划分特征：', 153)
------划分值:0.000,左节点损失:0.000,右节点损失:14.098,总损失:14.098
------划分值:1.000,左节点损失:8.877,右节点损失:5.138,总损失:14.015
('----划分特征：', 154)
------划分值:0.000,左节点损失:0.000,右节点损失:14.098,总损失:14.098
------划分值:1.000,左节点损失:7.039,右节点损失:6.827,总损失:13.866
('----划分特征：', 155)
------划分值:0.000,左节点损失:0.000,右节点损失:14.098,总损失:14.098
------划分值:1.000,左节点损失:5.825,右节点损失:7.903,总损失:13.727
('----划分特征：', 156)
------划分值:0.000,左节点损失:0.000,右节点损失:14.098,总损失:14.098
------划分值:1.000,左节点损失:5.336,右节点损失:8.265,总损失:13.601
('----划分特征：', 157)
------划分值:1.000,左节点损失:6.074,右节点损失:7.598,总损失:13.672
------划分值:0.000,左节点损失:0.000,右节点损失:14.098,总损失:14.098
('----划分特征：', 158)
------划分值:1.000,左节点损失:7.166,右节点损失:6.559,总损失:13.725
------划分值:0.000,左节点损失:0.000,右节点损失:14.098,总损失:14.098
('----划分特征：', 159)
------划分值:0.000,左节点损失:0.000,右节点损失:14.098,总损失:14.098
------划分值:1.000,左节点损失:9.169,右节点损失:4.708,总损失:13.877
('----划分特征：', 160)
------划分值:1.000,左节点损失:10.851,右节点损失:3.121,总损失:13.973
------划分值:0.000,左节点损失:0.000,右节点损失:14.098,总损失:14.098
('----划分特征：', 161)
------划分值:1.000,左节点损失:12.309,右节点损失:1.744,总损失:14.053
------划分值:0.000,左节点损失:0.000,右节点损失:14.098,总损失:14.098
('----划分特征：', 162)
------划分值:1.000,左节点损失:13.262,右节点损失:0.829,总损失:14.091
------划分值:0.000,左节点损失:0.000,右节点损失:14.098,总损失:14.098
('----划分特征：', 163)
------划分值:0.000,左节点损失:0.000,右节点损失:14.098,总损失:14.098
------划分值:1.000,左节点损失:13.804,右节点损失:0.292,总损失:14.096
('----划分特征：', 164)
------划分值:0.000,左节点损失:0.000,右节点损失:14.098,总损失:14.098
------划分值:1.000,左节点损失:14.039,右节点损失:0.051,总损失:14.090
('----划分特征：', 165)
------划分值:0.000,左节点损失:0.000,右节点损失:14.098,总损失:14.098
------划分值:1.000,左节点损失:14.094,右节点损失:0.000,总损失:14.094
('----划分特征：', 166)
------划分值:0.000,左节点损失:0.000,右节点损失:14.098,总损失:14.098
------划分值:1.000,左节点损失:14.097,右节点损失:0.000,总损失:14.097
('----划分特征：', 167)
------划分值:0.000,左节点损失:0.000,右节点损失:14.098,总损失:14.098
('----划分特征：', 168)
------划分值:0.000,左节点损失:0.000,右节点损失:14.098,总损失:14.098
('----划分特征：', 169)
------划分值:0.000,左节点损失:0.000,右节点损失:14.098,总损失:14.098
('----划分特征：', 170)
------划分值:0.000,左节点损失:0.000,右节点损失:14.098,总损失:14.098
('----划分特征：', 171)
------划分值:0.000,左节点损失:0.000,右节点损失:14.098,总损失:14.098
------划分值:1.000,左节点损失:14.097,右节点损失:0.000,总损失:14.097
('----划分特征：', 172)
------划分值:0.000,左节点损失:0.000,右节点损失:14.098,总损失:14.098
------划分值:1.000,左节点损失:14.092,右节点损失:0.000,总损失:14.092
('----划分特征：', 173)
------划分值:0.000,左节点损失:0.000,右节点损失:14.098,总损失:14.098
------划分值:1.000,左节点损失:14.060,右节点损失:0.026,总损失:14.086
('----划分特征：', 174)
------划分值:0.000,左节点损失:0.000,右节点损失:14.098,总损失:14.098
------划分值:1.000,左节点损失:14.040,右节点损失:0.026,总损失:14.066
('----划分特征：', 175)
------划分值:0.000,左节点损失:0.000,右节点损失:14.098,总损失:14.098
------划分值:1.000,左节点损失:13.976,右节点损失:0.052,总损失:14.029
('----划分特征：', 176)
------划分值:0.000,左节点损失:0.000,右节点损失:14.098,总损失:14.098
------划分值:1.000,左节点损失:13.568,右节点损失:0.482,总损失:14.050
('----划分特征：', 177)
------划分值:0.000,左节点损失:0.000,右节点损失:14.098,总损失:14.098
------划分值:1.000,左节点损失:12.708,右节点损失:1.373,总损失:14.081
('----划分特征：', 178)
------划分值:0.000,左节点损失:0.000,右节点损失:14.098,总损失:14.098
------划分值:1.000,左节点损失:11.425,右节点损失:2.673,总损失:14.097
('----划分特征：', 179)
------划分值:1.000,左节点损失:9.550,右节点损失:4.510,总损失:14.060
------划分值:0.000,左节点损失:0.000,右节点损失:14.098,总损失:14.098
('----划分特征：', 180)
------划分值:1.000,左节点损失:8.004,右节点损失:6.004,总损失:14.008
------划分值:0.000,左节点损失:0.000,右节点损失:14.098,总损失:14.098
('----划分特征：', 181)
------划分值:1.000,左节点损失:6.231,右节点损失:7.696,总损失:13.927
------划分值:0.000,左节点损失:0.000,右节点损失:14.098,总损失:14.098
('----划分特征：', 182)
------划分值:1.000,左节点损失:4.438,右节点损失:9.343,总损失:13.781
------划分值:0.000,左节点损失:0.000,右节点损失:14.098,总损失:14.098
('----划分特征：', 183)
------划分值:1.000,左节点损失:3.190,右节点损失:10.391,总损失:13.581
------划分值:0.000,左节点损失:0.000,右节点损失:14.098,总损失:14.098
('----划分特征：', 184)
------划分值:1.000,左节点损失:2.997,右节点损失:10.508,总损失:13.505
------划分值:0.000,左节点损失:0.000,右节点损失:14.098,总损失:14.098
('----划分特征：', 185)
------划分值:1.000,左节点损失:3.492,右节点损失:10.004,总损失:13.496
------划分值:0.000,左节点损失:0.000,右节点损失:14.098,总损失:14.098
('----划分特征：', 186)
------划分值:1.000,左节点损失:4.448,右节点损失:9.045,总损失:13.494
------划分值:0.000,左节点损失:0.000,右节点损失:14.098,总损失:14.098
('----划分特征：', 187)
------划分值:1.000,左节点损失:6.344,右节点损失:7.286,总损失:13.630
------划分值:0.000,左节点损失:0.000,右节点损失:14.098,总损失:14.098
('----划分特征：', 188)
------划分值:1.000,左节点损失:8.512,右节点损失:5.245,总损失:13.757
------划分值:0.000,左节点损失:0.000,右节点损失:14.098,总损失:14.098
('----划分特征：', 189)
------划分值:1.000,左节点损失:10.787,右节点损失:3.170,总损失:13.956
------划分值:0.000,左节点损失:0.000,右节点损失:14.098,总损失:14.098
('----划分特征：', 190)
------划分值:1.000,左节点损失:12.438,右节点损失:1.632,总损失:14.070
------划分值:0.000,左节点损失:0.000,右节点损失:14.098,总损失:14.098
('----划分特征：', 191)
------划分值:0.000,左节点损失:0.000,右节点损失:14.098,总损失:14.098
------划分值:1.000,左节点损失:13.541,右节点损失:0.555,总损失:14.096
('----划分特征：', 192)
------划分值:0.000,左节点损失:0.000,右节点损失:14.098,总损失:14.098
------划分值:1.000,左节点损失:13.978,右节点损失:0.103,总损失:14.081
('----划分特征：', 193)
------划分值:0.000,左节点损失:0.000,右节点损失:14.098,总损失:14.098
------划分值:1.000,左节点损失:14.087,右节点损失:0.000,总损失:14.087
('----划分特征：', 194)
------划分值:0.000,左节点损失:0.000,右节点损失:14.098,总损失:14.098
------划分值:1.000,左节点损失:14.096,右节点损失:0.000,总损失:14.096
('----划分特征：', 195)
------划分值:0.000,左节点损失:0.000,右节点损失:14.098,总损失:14.098
------划分值:1.000,左节点损失:14.097,右节点损失:0.000,总损失:14.097
('----划分特征：', 196)
------划分值:0.000,左节点损失:0.000,右节点损失:14.098,总损失:14.098
('----划分特征：', 197)
------划分值:0.000,左节点损失:0.000,右节点损失:14.098,总损失:14.098
------划分值:1.000,左节点损失:14.097,右节点损失:0.000,总损失:14.097
('----划分特征：', 198)
------划分值:0.000,左节点损失:0.000,右节点损失:14.098,总损失:14.098
------划分值:1.000,左节点损失:14.097,右节点损失:0.000,总损失:14.097
('----划分特征：', 199)
------划分值:0.000,左节点损失:0.000,右节点损失:14.098,总损失:14.098
------划分值:1.000,左节点损失:14.095,右节点损失:0.000,总损失:14.095
('----划分特征：', 200)
------划分值:0.000,左节点损失:0.000,右节点损失:14.098,总损失:14.098
------划分值:1.000,左节点损失:14.086,右节点损失:0.000,总损失:14.086
('----划分特征：', 201)
------划分值:0.000,左节点损失:0.000,右节点损失:14.098,总损失:14.098
------划分值:1.000,左节点损失:14.045,右节点损失:0.026,总损失:14.071
('----划分特征：', 202)
------划分值:0.000,左节点损失:0.000,右节点损失:14.098,总损失:14.098
------划分值:1.000,左节点损失:14.018,右节点损失:0.026,总损失:14.044
('----划分特征：', 203)
------划分值:0.000,左节点损失:0.000,右节点损失:14.098,总损失:14.098
------划分值:1.000,左节点损失:13.729,右节点损失:0.308,总损失:14.037
('----划分特征：', 204)
------划分值:1.000,左节点损失:12.990,右节点损失:1.070,总损失:14.060
------划分值:0.000,左节点损失:0.000,右节点损失:14.098,总损失:14.098
('----划分特征：', 205)
------划分值:1.000,左节点损失:11.513,右节点损失:2.584,总损失:14.097
------划分值:0.000,左节点损失:0.000,右节点损失:14.098,总损失:14.098
('----划分特征：', 206)
------划分值:1.000,左节点损失:9.749,右节点损失:4.337,总损失:14.086
------划分值:0.000,左节点损失:0.000,右节点损失:14.098,总损失:14.098
('----划分特征：', 207)
------划分值:1.000,左节点损失:8.053,右节点损失:5.985,总损失:14.038
------划分值:0.000,左节点损失:0.000,右节点损失:14.098,总损失:14.098
('----划分特征：', 208)
------划分值:1.000,左节点损失:5.856,右节点损失:8.047,总损失:13.903
------划分值:0.000,左节点损失:0.000,右节点损失:14.098,总损失:14.098
('----划分特征：', 209)
------划分值:1.000,左节点损失:4.448,右节点损失:9.403,总损失:13.851
------划分值:0.000,左节点损失:0.000,右节点损失:14.098,总损失:14.098
('----划分特征：', 210)
------划分值:1.000,左节点损失:3.681,右节点损失:10.112,总损失:13.793
------划分值:0.000,左节点损失:0.000,右节点损失:14.098,总损失:14.098
('----划分特征：', 211)
------划分值:1.000,左节点损失:3.108,右节点损失:10.569,总损失:13.676
------划分值:0.000,左节点损失:0.000,右节点损失:14.098,总损失:14.098
('----划分特征：', 212)
------划分值:1.000,左节点损失:3.228,右节点损失:10.472,总损失:13.700
------划分值:0.000,左节点损失:0.000,右节点损失:14.098,总损失:14.098
('----划分特征：', 213)
------划分值:1.000,左节点损失:3.017,右节点损失:10.564,总损失:13.581
------划分值:0.000,左节点损失:0.000,右节点损失:14.098,总损失:14.098
('----划分特征：', 214)
------划分值:0.000,左节点损失:0.000,右节点损失:14.098,总损失:14.098
------划分值:1.000,左节点损失:3.491,右节点损失:10.014,总损失:13.505
('----划分特征：', 215)
------划分值:0.000,左节点损失:0.000,右节点损失:14.098,总损失:14.098
------划分值:1.000,左节点损失:4.640,右节点损失:8.894,总损失:13.534
('----划分特征：', 216)
------划分值:0.000,左节点损失:0.000,右节点损失:14.098,总损失:14.098
------划分值:1.000,左节点损失:6.657,右节点损失:6.957,总损失:13.614
('----划分特征：', 217)
------划分值:0.000,左节点损失:0.000,右节点损失:14.098,总损失:14.098
------划分值:1.000,左节点损失:9.204,右节点损失:4.626,总损失:13.830
('----划分特征：', 218)
------划分值:0.000,左节点损失:0.000,右节点损失:14.098,总损失:14.098
------划分值:1.000,左节点损失:11.470,右节点损失:2.533,总损失:14.003
('----划分特征：', 219)
------划分值:0.000,左节点损失:0.000,右节点损失:14.098,总损失:14.098
------划分值:1.000,左节点损失:13.025,右节点损失:1.067,总损失:14.092
('----划分特征：', 220)
------划分值:0.000,左节点损失:0.000,右节点损失:14.098,总损失:14.098
------划分值:1.000,左节点损失:13.840,右节点损失:0.249,总损失:14.089
('----划分特征：', 221)
------划分值:0.000,左节点损失:0.000,右节点损失:14.098,总损失:14.098
------划分值:1.000,左节点损失:14.078,右节点损失:0.000,总损失:14.078
('----划分特征：', 222)
------划分值:0.000,左节点损失:0.000,右节点损失:14.098,总损失:14.098
------划分值:1.000,左节点损失:14.092,右节点损失:0.000,总损失:14.092
('----划分特征：', 223)
------划分值:0.000,左节点损失:0.000,右节点损失:14.098,总损失:14.098
------划分值:1.000,左节点损失:14.097,右节点损失:0.000,总损失:14.097
('----划分特征：', 224)
------划分值:0.000,左节点损失:0.000,右节点损失:14.098,总损失:14.098
------划分值:1.000,左节点损失:14.097,右节点损失:0.000,总损失:14.097
('----划分特征：', 225)
------划分值:0.000,左节点损失:0.000,右节点损失:14.098,总损失:14.098
------划分值:1.000,左节点损失:14.097,右节点损失:0.000,总损失:14.097
('----划分特征：', 226)
------划分值:0.000,左节点损失:0.000,右节点损失:14.098,总损失:14.098
------划分值:1.000,左节点损失:14.097,右节点损失:0.000,总损失:14.097
('----划分特征：', 227)
------划分值:0.000,左节点损失:0.000,右节点损失:14.098,总损失:14.098
------划分值:1.000,左节点损失:14.091,右节点损失:0.000,总损失:14.091
('----划分特征：', 228)
------划分值:0.000,左节点损失:0.000,右节点损失:14.098,总损失:14.098
------划分值:1.000,左节点损失:14.077,右节点损失:0.000,总损失:14.077
('----划分特征：', 229)
------划分值:0.000,左节点损失:0.000,右节点损失:14.098,总损失:14.098
------划分值:1.000,左节点损失:14.008,右节点损失:0.052,总损失:14.061
('----划分特征：', 230)
------划分值:0.000,左节点损失:0.000,右节点损失:14.098,总损失:14.098
------划分值:1.000,左节点损失:13.862,右节点损失:0.181,总损失:14.043
('----划分特征：', 231)
------划分值:0.000,左节点损失:0.000,右节点损失:14.098,总损失:14.098
------划分值:1.000,左节点损失:13.299,右节点损失:0.754,总损失:14.053
('----划分特征：', 232)
------划分值:1.000,左节点损失:11.913,右节点损失:2.183,总损失:14.096
------划分值:0.000,左节点损失:0.000,右节点损失:14.098,总损失:14.098
('----划分特征：', 233)
------划分值:1.000,左节点损失:10.216,右节点损失:3.872,总损失:14.089
------划分值:0.000,左节点损失:0.000,右节点损失:14.098,总损失:14.098
('----划分特征：', 234)
------划分值:1.000,左节点损失:7.904,右节点损失:6.111,总损失:14.015
------划分值:0.000,左节点损失:0.000,右节点损失:14.098,总损失:14.098
('----划分特征：', 235)
------划分值:1.000,左节点损失:6.022,右节点损失:7.889,总损失:13.910
------划分值:0.000,左节点损失:0.000,右节点损失:14.098,总损失:14.098
('----划分特征：', 236)
------划分值:1.000,左节点损失:4.670,右节点损失:9.163,总损失:13.833
------划分值:0.000,左节点损失:0.000,右节点损失:14.098,总损失:14.098
('----划分特征：', 237)
------划分值:1.000,左节点损失:4.237,右节点损失:9.578,总损失:13.815
------划分值:0.000,左节点损失:0.000,右节点损失:14.098,总损失:14.098
('----划分特征：', 238)
------划分值:1.000,左节点损失:4.312,右节点损失:9.496,总损失:13.808
------划分值:0.000,左节点损失:0.000,右节点损失:14.098,总损失:14.098
('----划分特征：', 239)
------划分值:1.000,左节点损失:5.017,右节点损失:8.879,总损失:13.895
------划分值:0.000,左节点损失:0.000,右节点损失:14.098,总损失:14.098
('----划分特征：', 240)
------划分值:1.000,左节点损失:5.563,右节点损失:8.414,总损失:13.978
------划分值:0.000,左节点损失:0.000,右节点损失:14.098,总损失:14.098
('----划分特征：', 241)
------划分值:1.000,左节点损失:5.241,右节点损失:8.702,总损失:13.944
------划分值:0.000,左节点损失:0.000,右节点损失:14.098,总损失:14.098
('----划分特征：', 242)
------划分值:0.000,左节点损失:0.000,右节点损失:14.098,总损失:14.098
------划分值:1.000,左节点损失:4.369,右节点损失:9.389,总损失:13.758
('----划分特征：', 243)
------划分值:0.000,左节点损失:0.000,右节点损失:14.098,总损失:14.098
------划分值:1.000,左节点损失:4.319,右节点损失:9.259,总损失:13.578
('----划分特征：', 244)
------划分值:0.000,左节点损失:0.000,右节点损失:14.098,总损失:14.098
------划分值:1.000,左节点损失:5.210,右节点损失:8.187,总损失:13.397
('----划分特征：', 245)
------划分值:0.000,左节点损失:0.000,右节点损失:14.098,总损失:14.098
------划分值:1.000,左节点损失:7.663,右节点损失:5.913,总损失:13.577
('----划分特征：', 246)
------划分值:0.000,左节点损失:0.000,右节点损失:14.098,总损失:14.098
------划分值:1.000,左节点损失:10.177,右节点损失:3.588,总损失:13.766
('----划分特征：', 247)
------划分值:0.000,左节点损失:0.000,右节点损失:14.098,总损失:14.098
------划分值:1.000,左节点损失:12.461,右节点损失:1.567,总损失:14.028
('----划分特征：', 248)
------划分值:0.000,左节点损失:0.000,右节点损失:14.098,总损失:14.098
------划分值:1.000,左节点损失:13.713,右节点损失:0.385,总损失:14.097
('----划分特征：', 249)
------划分值:0.000,左节点损失:0.000,右节点损失:14.098,总损失:14.098
------划分值:1.000,左节点损失:14.080,右节点损失:0.000,总损失:14.080
('----划分特征：', 250)
------划分值:0.000,左节点损失:0.000,右节点损失:14.098,总损失:14.098
------划分值:1.000,左节点损失:14.095,右节点损失:0.000,总损失:14.095
('----划分特征：', 251)
------划分值:0.000,左节点损失:0.000,右节点损失:14.098,总损失:14.098
------划分值:1.000,左节点损失:14.097,右节点损失:0.000,总损失:14.097
('----划分特征：', 252)
------划分值:0.000,左节点损失:0.000,右节点损失:14.098,总损失:14.098
('----划分特征：', 253)
------划分值:0.000,左节点损失:0.000,右节点损失:14.098,总损失:14.098
------划分值:1.000,左节点损失:14.097,右节点损失:0.000,总损失:14.097
('----划分特征：', 254)
------划分值:0.000,左节点损失:0.000,右节点损失:14.098,总损失:14.098
------划分值:1.000,左节点损失:14.095,右节点损失:0.000,总损失:14.095
('----划分特征：', 255)
------划分值:0.000,左节点损失:0.000,右节点损失:14.098,总损失:14.098
------划分值:1.000,左节点损失:14.089,右节点损失:0.000,总损失:14.089
('----划分特征：', 256)
------划分值:0.000,左节点损失:0.000,右节点损失:14.098,总损失:14.098
------划分值:1.000,左节点损失:14.074,右节点损失:0.000,总损失:14.074
('----划分特征：', 257)
------划分值:0.000,左节点损失:0.000,右节点损失:14.098,总损失:14.098
------划分值:1.000,左节点损失:13.997,右节点损失:0.052,总损失:14.049
('----划分特征：', 258)
------划分值:0.000,左节点损失:0.000,右节点损失:14.098,总损失:14.098
------划分值:1.000,左节点损失:13.437,右节点损失:0.645,总损失:14.081
('----划分特征：', 259)
------划分值:0.000,左节点损失:0.000,右节点损失:14.098,总损失:14.098
------划分值:1.000,左节点损失:12.398,右节点损失:1.699,总损失:14.097
('----划分特征：', 260)
------划分值:0.000,左节点损失:0.000,右节点损失:14.098,总损失:14.098
------划分值:1.000,左节点损失:10.710,右节点损失:3.369,总损失:14.078
('----划分特征：', 261)
------划分值:1.000,左节点损失:8.509,右节点损失:5.488,总损失:13.996
------划分值:0.000,左节点损失:0.000,右节点损失:14.098,总损失:14.098
('----划分特征：', 262)
------划分值:0.000,左节点损失:0.000,右节点损失:14.098,总损失:14.098
------划分值:1.000,左节点损失:6.159,右节点损失:7.690,总损失:13.849
('----划分特征：', 263)
------划分值:1.000,左节点损失:4.525,右节点损失:9.166,总损失:13.691
------划分值:0.000,左节点损失:0.000,右节点损失:14.098,总损失:14.098
('----划分特征：', 264)
------划分值:1.000,左节点损失:4.542,右节点损失:9.196,总损失:13.738
------划分值:0.000,左节点损失:0.000,右节点损失:14.098,总损失:14.098
('----划分特征：', 265)
------划分值:1.000,左节点损失:5.002,右节点损失:8.743,总损失:13.744
------划分值:0.000,左节点损失:0.000,右节点损失:14.098,总损失:14.098
('----划分特征：', 266)
------划分值:0.000,左节点损失:0.000,右节点损失:14.098,总损失:14.098
------划分值:1.000,左节点损失:6.626,右节点损失:7.329,总损失:13.956
('----划分特征：', 267)
------划分值:0.000,左节点损失:0.000,右节点损失:14.098,总损失:14.098
------划分值:1.000,左节点损失:7.793,右节点损失:6.267,总损失:14.061
('----划分特征：', 268)
------划分值:0.000,左节点损失:0.000,右节点损失:14.098,总损失:14.098
------划分值:1.000,左节点损失:8.280,右节点损失:5.817,总损失:14.097
('----划分特征：', 269)
------划分值:1.000,左节点损失:7.794,右节点损失:6.304,总损失:14.097
------划分值:0.000,左节点损失:0.000,右节点损失:14.098,总损失:14.098
('----划分特征：', 270)
------划分值:0.000,左节点损失:0.000,右节点损失:14.098,总损失:14.098
------划分值:1.000,左节点损失:6.664,右节点损失:7.383,总损失:14.048
('----划分特征：', 271)
------划分值:0.000,左节点损失:0.000,右节点损失:14.098,总损失:14.098
------划分值:1.000,左节点损失:4.892,右节点损失:8.773,总损失:13.665
('----划分特征：', 272)
------划分值:0.000,左节点损失:0.000,右节点损失:14.098,总损失:14.098
------划分值:1.000,左节点损失:4.781,右节点损失:8.489,总损失:13.271
('----划分特征：', 273)
------划分值:0.000,左节点损失:0.000,右节点损失:14.098,总损失:14.098
------划分值:1.000,左节点损失:6.129,右节点损失:6.874,总损失:13.003
('----划分特征：', 274)
------划分值:0.000,左节点损失:0.000,右节点损失:14.098,总损失:14.098
------划分值:1.000,左节点损失:8.739,右节点损失:4.404,总损失:13.143
('----划分特征：', 275)
------划分值:0.000,左节点损失:0.000,右节点损失:14.098,总损失:14.098
------划分值:1.000,左节点损失:11.957,右节点损失:1.812,总损失:13.769
('----划分特征：', 276)
------划分值:0.000,左节点损失:0.000,右节点损失:14.098,总损失:14.098
------划分值:1.000,左节点损失:13.512,右节点损失:0.552,总损失:14.063
('----划分特征：', 277)
------划分值:0.000,左节点损失:0.000,右节点损失:14.098,总损失:14.098
------划分值:1.000,左节点损失:14.089,右节点损失:0.000,总损失:14.089
('----划分特征：', 278)
------划分值:0.000,左节点损失:0.000,右节点损失:14.098,总损失:14.098
------划分值:1.000,左节点损失:14.097,右节点损失:0.000,总损失:14.097
('----划分特征：', 279)
------划分值:0.000,左节点损失:0.000,右节点损失:14.098,总损失:14.098
('----划分特征：', 280)
------划分值:0.000,左节点损失:0.000,右节点损失:14.098,总损失:14.098
('----划分特征：', 281)
------划分值:0.000,左节点损失:0.000,右节点损失:14.098,总损失:14.098
------划分值:1.000,左节点损失:14.097,右节点损失:0.000,总损失:14.097
('----划分特征：', 282)
------划分值:0.000,左节点损失:0.000,右节点损失:14.098,总损失:14.098
------划分值:1.000,左节点损失:14.096,右节点损失:0.000,总损失:14.096
('----划分特征：', 283)
------划分值:0.000,左节点损失:0.000,右节点损失:14.098,总损失:14.098
------划分值:1.000,左节点损失:14.089,右节点损失:0.000,总损失:14.089
('----划分特征：', 284)
------划分值:0.000,左节点损失:0.000,右节点损失:14.098,总损失:14.098
------划分值:1.000,左节点损失:14.072,右节点损失:0.000,总损失:14.072
('----划分特征：', 285)
------划分值:0.000,左节点损失:0.000,右节点损失:14.098,总损失:14.098
------划分值:1.000,左节点损失:13.847,右节点损失:0.228,总损失:14.075
('----划分特征：', 286)
------划分值:0.000,左节点损失:0.000,右节点损失:14.098,总损失:14.098
------划分值:1.000,左节点损失:12.922,右节点损失:1.173,总损失:14.095
('----划分特征：', 287)
------划分值:0.000,左节点损失:0.000,右节点损失:14.098,总损失:14.098
------划分值:1.000,左节点损失:11.274,右节点损失:2.749,总损失:14.023
('----划分特征：', 288)
------划分值:0.000,左节点损失:0.000,右节点损失:14.098,总损失:14.098
------划分值:1.000,左节点损失:9.087,右节点损失:4.829,总损失:13.915
('----划分特征：', 289)
------划分值:0.000,左节点损失:0.000,右节点损失:14.098,总损失:14.098
------划分值:1.000,左节点损失:6.435,右节点损失:7.227,总损失:13.662
('----划分特征：', 290)
------划分值:0.000,左节点损失:0.000,右节点损失:14.098,总损失:14.098
------划分值:1.000,左节点损失:4.735,右节点损失:8.818,总损失:13.554
('----划分特征：', 291)
------划分值:1.000,左节点损失:4.867,右节点损失:8.806,总损失:13.673
------划分值:0.000,左节点损失:0.000,右节点损失:14.098,总损失:14.098
('----划分特征：', 292)
------划分值:1.000,左节点损失:5.586,右节点损失:8.129,总损失:13.715
------划分值:0.000,左节点损失:0.000,右节点损失:14.098,总损失:14.098
('----划分特征：', 293)
------划分值:0.000,左节点损失:0.000,右节点损失:14.098,总损失:14.098
------划分值:1.000,左节点损失:7.195,右节点损失:6.708,总损失:13.903
('----划分特征：', 294)
------划分值:0.000,左节点损失:0.000,右节点损失:14.098,总损失:14.098
------划分值:1.000,左节点损失:8.866,右节点损失:5.191,总损失:14.057
('----划分特征：', 295)
------划分值:0.000,左节点损失:0.000,右节点损失:14.098,总损失:14.098
------划分值:1.000,左节点损失:10.074,右节点损失:4.010,总损失:14.085
('----划分特征：', 296)
------划分值:0.000,左节点损失:0.000,右节点损失:14.098,总损失:14.098
------划分值:1.000,左节点损失:10.595,右节点损失:3.391,总损失:13.986
('----划分特征：', 297)
------划分值:0.000,左节点损失:0.000,右节点损失:14.098,总损失:14.098
------划分值:1.000,左节点损失:9.871,右节点损失:4.116,总损失:13.986
('----划分特征：', 298)
------划分值:0.000,左节点损失:0.000,右节点损失:14.098,总损失:14.098
------划分值:1.000,左节点损失:8.466,右节点损失:5.628,总损失:14.095
('----划分特征：', 299)
------划分值:0.000,左节点损失:0.000,右节点损失:14.098,总损失:14.098
------划分值:1.000,左节点损失:6.287,右节点损失:7.616,总损失:13.903
('----划分特征：', 300)
------划分值:0.000,左节点损失:0.000,右节点损失:14.098,总损失:14.098
------划分值:1.000,左节点损失:4.765,右节点损失:8.360,总损失:13.125
('----划分特征：', 301)
------划分值:0.000,左节点损失:0.000,右节点损失:14.098,总损失:14.098
------划分值:1.000,左节点损失:5.615,右节点损失:6.860,总损失:12.475
('----划分特征：', 302)
------划分值:0.000,左节点损失:0.000,右节点损失:14.098,总损失:14.098
------划分值:1.000,左节点损失:7.782,右节点损失:4.378,总损失:12.160
('----划分特征：', 303)
------划分值:0.000,左节点损失:0.000,右节点损失:14.098,总损失:14.098
------划分值:1.000,左节点损失:10.954,右节点损失:1.835,总损失:12.789
('----划分特征：', 304)
------划分值:0.000,左节点损失:0.000,右节点损失:14.098,总损失:14.098
------划分值:1.000,左节点损失:13.419,右节点损失:0.471,总损失:13.890
('----划分特征：', 305)
------划分值:0.000,左节点损失:0.000,右节点损失:14.098,总损失:14.098
------划分值:1.000,左节点损失:14.094,右节点损失:0.000,总损失:14.094
('----划分特征：', 306)
------划分值:0.000,左节点损失:0.000,右节点损失:14.098,总损失:14.098
------划分值:1.000,左节点损失:14.097,右节点损失:0.000,总损失:14.097
('----划分特征：', 307)
------划分值:0.000,左节点损失:0.000,右节点损失:14.098,总损失:14.098
('----划分特征：', 308)
------划分值:0.000,左节点损失:0.000,右节点损失:14.098,总损失:14.098
('----划分特征：', 309)
------划分值:0.000,左节点损失:0.000,右节点损失:14.098,总损失:14.098
------划分值:1.000,左节点损失:14.097,右节点损失:0.000,总损失:14.097
('----划分特征：', 310)
------划分值:0.000,左节点损失:0.000,右节点损失:14.098,总损失:14.098
------划分值:1.000,左节点损失:14.095,右节点损失:0.000,总损失:14.095
('----划分特征：', 311)
------划分值:0.000,左节点损失:0.000,右节点损失:14.098,总损失:14.098
------划分值:1.000,左节点损失:14.090,右节点损失:0.000,总损失:14.090
('----划分特征：', 312)
------划分值:0.000,左节点损失:0.000,右节点损失:14.098,总损失:14.098
------划分值:1.000,左节点损失:14.076,右节点损失:0.000,总损失:14.076
('----划分特征：', 313)
------划分值:0.000,左节点损失:0.000,右节点损失:14.098,总损失:14.098
------划分值:1.000,左节点损失:13.572,右节点损失:0.525,总损失:14.098
('----划分特征：', 314)
------划分值:0.000,左节点损失:0.000,右节点损失:14.098,总损失:14.098
------划分值:1.000,左节点损失:12.190,右节点损失:1.816,总损失:14.006
('----划分特征：', 315)
------划分值:0.000,左节点损失:0.000,右节点损失:14.098,总损失:14.098
------划分值:1.000,左节点损失:9.966,右节点损失:3.808,总损失:13.774
('----划分特征：', 316)
------划分值:0.000,左节点损失:0.000,右节点损失:14.098,总损失:14.098
------划分值:1.000,左节点损失:7.473,右节点损失:6.104,总损失:13.577
('----划分特征：', 317)
------划分值:0.000,左节点损失:0.000,右节点损失:14.098,总损失:14.098
------划分值:1.000,左节点损失:5.210,右节点损失:8.197,总损失:13.407
('----划分特征：', 318)
------划分值:0.000,左节点损失:0.000,右节点损失:14.098,总损失:14.098
------划分值:1.000,左节点损失:4.736,右节点损失:8.814,总损失:13.550
('----划分特征：', 319)
------划分值:1.000,左节点损失:5.657,右节点损失:8.068,总损失:13.725
------划分值:0.000,左节点损失:0.000,右节点损失:14.098,总损失:14.098
('----划分特征：', 320)
------划分值:1.000,左节点损失:7.673,右节点损失:6.287,总损失:13.959
------划分值:0.000,左节点损失:0.000,右节点损失:14.098,总损失:14.098
('----划分特征：', 321)
------划分值:1.000,左节点损失:9.316,右节点损失:4.761,总损失:14.076
------划分值:0.000,左节点损失:0.000,右节点损失:14.098,总损失:14.098
('----划分特征：', 322)
------划分值:0.000,左节点损失:0.000,右节点损失:14.098,总损失:14.098
------划分值:1.000,左节点损失:11.003,右节点损失:3.044,总损失:14.047
('----划分特征：', 323)
------划分值:0.000,左节点损失:0.000,右节点损失:14.098,总损失:14.098
------划分值:1.000,左节点损失:11.937,右节点损失:1.881,总损失:13.818
('----划分特征：', 324)
------划分值:0.000,左节点损失:0.000,右节点损失:14.098,总损失:14.098
------划分值:1.000,左节点损失:11.970,右节点损失:1.692,总损失:13.662
('----划分特征：', 325)
------划分值:0.000,左节点损失:0.000,右节点损失:14.098,总损失:14.098
------划分值:1.000,左节点损失:11.433,右节点损失:2.194,总损失:13.627
('----划分特征：', 326)
------划分值:0.000,左节点损失:0.000,右节点损失:14.098,总损失:14.098
------划分值:1.000,左节点损失:10.228,右节点损失:3.701,总损失:13.929
('----划分特征：', 327)
------划分值:0.000,左节点损失:0.000,右节点损失:14.098,总损失:14.098
------划分值:1.000,左节点损失:7.707,右节点损失:6.345,总损失:14.052
('----划分特征：', 328)
------划分值:0.000,左节点损失:0.000,右节点损失:14.098,总损失:14.098
------划分值:1.000,左节点损失:5.565,右节点损失:7.611,总损失:13.175
('----划分特征：', 329)
------划分值:0.000,左节点损失:0.000,右节点损失:14.098,总损失:14.098
------划分值:1.000,左节点损失:5.241,右节点损失:6.410,总损失:11.651
('----划分特征：', 330)
------划分值:0.000,左节点损失:0.000,右节点损失:14.098,总损失:14.098
------划分值:1.000,左节点损失:6.801,右节点损失:3.890,总损失:10.691
('----划分特征：', 331)
------划分值:0.000,左节点损失:0.000,右节点损失:14.098,总损失:14.098
------划分值:1.000,左节点损失:10.330,右节点损失:1.520,总损失:11.851
('----划分特征：', 332)
------划分值:0.000,左节点损失:0.000,右节点损失:14.098,总损失:14.098
------划分值:1.000,左节点损失:13.161,右节点损失:0.485,总损失:13.645
('----划分特征：', 333)
------划分值:0.000,左节点损失:0.000,右节点损失:14.098,总损失:14.098
------划分值:1.000,左节点损失:14.096,右节点损失:0.000,总损失:14.096
('----划分特征：', 334)
------划分值:0.000,左节点损失:0.000,右节点损失:14.098,总损失:14.098
------划分值:1.000,左节点损失:14.076,右节点损失:0.013,总损失:14.089
('----划分特征：', 335)
------划分值:0.000,左节点损失:0.000,右节点损失:14.098,总损失:14.098
('----划分特征：', 336)
------划分值:0.000,左节点损失:0.000,右节点损失:14.098,总损失:14.098
('----划分特征：', 337)
------划分值:0.000,左节点损失:0.000,右节点损失:14.098,总损失:14.098
------划分值:1.000,左节点损失:14.097,右节点损失:0.000,总损失:14.097
('----划分特征：', 338)
------划分值:0.000,左节点损失:0.000,右节点损失:14.098,总损失:14.098
------划分值:1.000,左节点损失:14.096,右节点损失:0.000,总损失:14.096
('----划分特征：', 339)
------划分值:0.000,左节点损失:0.000,右节点损失:14.098,总损失:14.098
------划分值:1.000,左节点损失:14.092,右节点损失:0.000,总损失:14.092
('----划分特征：', 340)
------划分值:0.000,左节点损失:0.000,右节点损失:14.098,总损失:14.098
------划分值:1.000,左节点损失:14.057,右节点损失:0.026,总损失:14.083
('----划分特征：', 341)
------划分值:0.000,左节点损失:0.000,右节点损失:14.098,总损失:14.098
------划分值:1.000,左节点损失:13.126,右节点损失:0.917,总损失:14.043
('----划分特征：', 342)
------划分值:0.000,左节点损失:0.000,右节点损失:14.098,总损失:14.098
------划分值:1.000,左节点损失:11.027,右节点损失:2.620,总损失:13.647
('----划分特征：', 343)
------划分值:0.000,左节点损失:0.000,右节点损失:14.098,总损失:14.098
------划分值:1.000,左节点损失:8.394,右节点损失:4.975,总损失:13.370
('----划分特征：', 344)
------划分值:0.000,左节点损失:0.000,右节点损失:14.098,总损失:14.098
------划分值:1.000,左节点损失:5.570,右节点损失:7.505,总损失:13.075
('----划分特征：', 345)
------划分值:0.000,左节点损失:0.000,右节点损失:14.098,总损失:14.098
------划分值:1.000,左节点损失:4.366,右节点损失:8.892,总损失:13.259
('----划分特征：', 346)
------划分值:0.000,左节点损失:0.000,右节点损失:14.098,总损失:14.098
------划分值:1.000,左节点损失:5.163,右节点损失:8.471,总损失:13.634
('----划分特征：', 347)
------划分值:0.000,左节点损失:0.000,右节点损失:14.098,总损失:14.098
------划分值:1.000,左节点损失:7.238,右节点损失:6.735,总损失:13.973
('----划分特征：', 348)
------划分值:1.000,左节点损失:9.574,右节点损失:4.524,总损失:14.098
------划分值:0.000,左节点损失:0.000,右节点损失:14.098,总损失:14.098
('----划分特征：', 349)
------划分值:1.000,左节点损失:11.112,右节点损失:2.896,总损失:14.008
------划分值:0.000,左节点损失:0.000,右节点损失:14.098,总损失:14.098
('----划分特征：', 350)
------划分值:0.000,左节点损失:0.000,右节点损失:14.098,总损失:14.098
------划分值:1.000,左节点损失:12.105,右节点损失:1.613,总损失:13.718
('----划分特征：', 351)
------划分值:0.000,左节点损失:0.000,右节点损失:14.098,总损失:14.098
------划分值:1.000,左节点损失:12.470,右节点损失:0.936,总损失:13.406
('----划分特征：', 352)
------划分值:0.000,左节点损失:0.000,右节点损失:14.098,总损失:14.098
------划分值:1.000,左节点损失:12.382,右节点损失:0.758,总损失:13.139
('----划分特征：', 353)
------划分值:0.000,左节点损失:0.000,右节点损失:14.098,总损失:14.098
------划分值:1.000,左节点损失:11.918,右节点损失:1.322,总损失:13.240
('----划分特征：', 354)
------划分值:0.000,左节点损失:0.000,右节点损失:14.098,总损失:14.098
------划分值:1.000,左节点损失:10.532,右节点损失:3.286,总损失:13.818
('----划分特征：', 355)
------划分值:0.000,左节点损失:0.000,右节点损失:14.098,总损失:14.098
------划分值:1.000,左节点损失:8.738,右节点损失:5.353,总损失:14.091
('----划分特征：', 356)
------划分值:0.000,左节点损失:0.000,右节点损失:14.098,总损失:14.098
------划分值:1.000,左节点损失:5.862,右节点损失:7.172,总损失:13.034
('----划分特征：', 357)
------划分值:0.000,左节点损失:0.000,右节点损失:14.098,总损失:14.098
------划分值:1.000,左节点损失:5.173,右节点损失:5.928,总损失:11.101
('----划分特征：', 358)
------划分值:0.000,左节点损失:0.000,右节点损失:14.098,总损失:14.098
------划分值:1.000,左节点损失:6.614,右节点损失:3.445,总损失:10.059
('----划分特征：', 359)
------划分值:0.000,左节点损失:0.000,右节点损失:14.098,总损失:14.098
------划分值:1.000,左节点损失:9.899,右节点损失:1.459,总损失:11.358
('----划分特征：', 360)
------划分值:0.000,左节点损失:0.000,右节点损失:14.098,总损失:14.098
------划分值:1.000,左节点损失:12.876,右节点损失:0.616,总损失:13.492
('----划分特征：', 361)
------划分值:0.000,左节点损失:0.000,右节点损失:14.098,总损失:14.098
------划分值:1.000,左节点损失:14.096,右节点损失:0.000,总损失:14.096
('----划分特征：', 362)
------划分值:0.000,左节点损失:0.000,右节点损失:14.098,总损失:14.098
------划分值:1.000,左节点损失:14.076,右节点损失:0.018,总损失:14.093
('----划分特征：', 363)
------划分值:0.000,左节点损失:0.000,右节点损失:14.098,总损失:14.098
('----划分特征：', 364)
------划分值:0.000,左节点损失:0.000,右节点损失:14.098,总损失:14.098
('----划分特征：', 365)
------划分值:0.000,左节点损失:0.000,右节点损失:14.098,总损失:14.098
------划分值:1.000,左节点损失:14.097,右节点损失:0.000,总损失:14.097
('----划分特征：', 366)
------划分值:0.000,左节点损失:0.000,右节点损失:14.098,总损失:14.098
------划分值:1.000,左节点损失:14.097,右节点损失:0.000,总损失:14.097
('----划分特征：', 367)
------划分值:0.000,左节点损失:0.000,右节点损失:14.098,总损失:14.098
------划分值:1.000,左节点损失:14.095,右节点损失:0.000,总损失:14.095
('----划分特征：', 368)
------划分值:0.000,左节点损失:0.000,右节点损失:14.098,总损失:14.098
------划分值:1.000,左节点损失:13.976,右节点损失:0.121,总损失:14.097
('----划分特征：', 369)
------划分值:0.000,左节点损失:0.000,右节点损失:14.098,总损失:14.098
------划分值:1.000,左节点损失:12.498,右节点损失:1.329,总损失:13.828
('----划分特征：', 370)
------划分值:0.000,左节点损失:0.000,右节点损失:14.098,总损失:14.098
------划分值:1.000,左节点损失:9.743,右节点损失:3.423,总损失:13.165
('----划分特征：', 371)
------划分值:0.000,左节点损失:0.000,右节点损失:14.098,总损失:14.098
------划分值:1.000,左节点损失:6.809,右节点损失:6.023,总损失:12.833
('----划分特征：', 372)
------划分值:0.000,左节点损失:0.000,右节点损失:14.098,总损失:14.098
------划分值:1.000,左节点损失:4.726,右节点损失:8.157,总损失:12.883
('----划分特征：', 373)
------划分值:0.000,左节点损失:0.000,右节点损失:14.098,总损失:14.098
------划分值:1.000,左节点损失:4.699,右节点损失:8.703,总损失:13.403
('----划分特征：', 374)
------划分值:0.000,左节点损失:0.000,右节点损失:14.098,总损失:14.098
------划分值:1.000,左节点损失:6.477,右节点损失:7.431,总损失:13.908
('----划分特征：', 375)
------划分值:0.000,左节点损失:0.000,右节点损失:14.098,总损失:14.098
------划分值:1.000,左节点损失:9.174,右节点损失:4.923,总损失:14.097
('----划分特征：', 376)
------划分值:0.000,左节点损失:0.000,右节点损失:14.098,总损失:14.098
------划分值:1.000,左节点损失:11.059,右节点损失:2.892,总损失:13.951
('----划分特征：', 377)
------划分值:1.000,左节点损失:12.305,右节点损失:1.216,总损失:13.521
------划分值:0.000,左节点损失:0.000,右节点损失:14.098,总损失:14.098
('----划分特征：', 378)
------划分值:1.000,左节点损失:12.557,右节点损失:0.550,总损失:13.107
------划分值:0.000,左节点损失:0.000,右节点损失:14.098,总损失:14.098
('----划分特征：', 379)
------划分值:1.000,左节点损失:12.508,右节点损失:0.237,总损失:12.745
------划分值:0.000,左节点损失:0.000,右节点损失:14.098,总损失:14.098
('----划分特征：', 380)
------划分值:0.000,左节点损失:0.000,右节点损失:14.098,总损失:14.098
------划分值:1.000,左节点损失:12.262,右节点损失:0.316,总损失:12.578
('----划分特征：', 381)
------划分值:0.000,左节点损失:0.000,右节点损失:14.098,总损失:14.098
------划分值:1.000,左节点损失:11.837,右节点损失:1.120,总损失:12.957
('----划分特征：', 382)
------划分值:0.000,左节点损失:0.000,右节点损失:14.098,总损失:14.098
------划分值:1.000,左节点损失:10.810,右节点损失:2.929,总损失:13.738
('----划分特征：', 383)
------划分值:0.000,左节点损失:0.000,右节点损失:14.098,总损失:14.098
------划分值:1.000,左节点损失:8.830,右节点损失:5.253,总损失:14.083
('----划分特征：', 384)
------划分值:0.000,左节点损失:0.000,右节点损失:14.098,总损失:14.098
------划分值:1.000,左节点损失:6.106,右节点损失:6.867,总损失:12.974
('----划分特征：', 385)
------划分值:0.000,左节点损失:0.000,右节点损失:14.098,总损失:14.098
------划分值:1.000,左节点损失:5.296,右节点损失:5.760,总损失:11.056
('----划分特征：', 386)
------划分值:0.000,左节点损失:0.000,右节点损失:14.098,总损失:14.098
------划分值:1.000,左节点损失:6.564,右节点损失:3.649,总损失:10.213
('----划分特征：', 387)
------划分值:0.000,左节点损失:0.000,右节点损失:14.098,总损失:14.098
------划分值:1.000,左节点损失:9.712,右节点损失:1.865,总损失:11.577
('----划分特征：', 388)
------划分值:0.000,左节点损失:0.000,右节点损失:14.098,总损失:14.098
------划分值:1.000,左节点损失:12.742,右节点损失:0.731,总损失:13.474
('----划分特征：', 389)
------划分值:0.000,左节点损失:0.000,右节点损失:14.098,总损失:14.098
------划分值:1.000,左节点损失:14.094,右节点损失:0.000,总损失:14.094
('----划分特征：', 390)
------划分值:0.000,左节点损失:0.000,右节点损失:14.098,总损失:14.098
('----划分特征：', 391)
------划分值:0.000,左节点损失:0.000,右节点损失:14.098,总损失:14.098
('----划分特征：', 392)
------划分值:0.000,左节点损失:0.000,右节点损失:14.098,总损失:14.098
('----划分特征：', 393)
------划分值:0.000,左节点损失:0.000,右节点损失:14.098,总损失:14.098
('----划分特征：', 394)
------划分值:0.000,左节点损失:0.000,右节点损失:14.098,总损失:14.098
------划分值:1.000,左节点损失:14.097,右节点损失:0.000,总损失:14.097
('----划分特征：', 395)
------划分值:0.000,左节点损失:0.000,右节点损失:14.098,总损失:14.098
------划分值:1.000,左节点损失:14.095,右节点损失:0.000,总损失:14.095
('----划分特征：', 396)
------划分值:0.000,左节点损失:0.000,右节点损失:14.098,总损失:14.098
------划分值:1.000,左节点损失:13.828,右节点损失:0.254,总损失:14.081
('----划分特征：', 397)
------划分值:0.000,左节点损失:0.000,右节点损失:14.098,总损失:14.098
------划分值:1.000,左节点损失:11.420,右节点损失:1.790,总损失:13.210
('----划分特征：', 398)
------划分值:0.000,左节点损失:0.000,右节点损失:14.098,总损失:14.098
------划分值:1.000,左节点损失:8.480,右节点损失:4.108,总损失:12.588
('----划分特征：', 399)
------划分值:0.000,左节点损失:0.000,右节点损失:14.098,总损失:14.098
------划分值:1.000,左节点损失:5.617,右节点损失:6.793,总损失:12.410
('----划分特征：', 400)
------划分值:0.000,左节点损失:0.000,右节点损失:14.098,总损失:14.098
------划分值:1.000,左节点损失:4.360,右节点损失:8.445,总损失:12.806
('----划分特征：', 401)
------划分值:0.000,左节点损失:0.000,右节点损失:14.098,总损失:14.098
------划分值:1.000,左节点损失:5.433,右节点损失:8.171,总损失:13.604
('----划分特征：', 402)
------划分值:0.000,左节点损失:0.000,右节点损失:14.098,总损失:14.098
------划分值:1.000,左节点损失:8.128,右节点损失:5.949,总损失:14.077
('----划分特征：', 403)
------划分值:0.000,左节点损失:0.000,右节点损失:14.098,总损失:14.098
------划分值:1.000,左节点损失:10.699,右节点损失:3.256,总损失:13.955
('----划分特征：', 404)
------划分值:0.000,左节点损失:0.000,右节点损失:14.098,总损失:14.098
------划分值:1.000,左节点损失:12.060,右节点损失:1.494,总损失:13.554
('----划分特征：', 405)
------划分值:0.000,左节点损失:0.000,右节点损失:14.098,总损失:14.098
------划分值:1.000,左节点损失:12.412,右节点损失:0.551,总损失:12.962
('----划分特征：', 406)
------划分值:1.000,左节点损失:12.392,右节点损失:0.132,总损失:12.524
------划分值:0.000,左节点损失:0.000,右节点损失:14.098,总损失:14.098
('----划分特征：', 407)
------划分值:1.000,左节点损失:12.056,右节点损失:0.053,总损失:12.109
------划分值:0.000,左节点损失:0.000,右节点损失:14.098,总损失:14.098
('----划分特征：', 408)
------划分值:1.000,左节点损失:12.023,右节点损失:0.211,总损失:12.234
------划分值:0.000,左节点损失:0.000,右节点损失:14.098,总损失:14.098
('----划分特征：', 409)
------划分值:0.000,左节点损失:0.000,右节点损失:14.098,总损失:14.098
------划分值:1.000,左节点损失:11.639,右节点损失:1.274,总损失:12.914
('----划分特征：', 410)
------划分值:0.000,左节点损失:0.000,右节点损失:14.098,总损失:14.098
------划分值:1.000,左节点损失:10.490,右节点损失:3.355,总损失:13.845
('----划分特征：', 411)
------划分值:0.000,左节点损失:0.000,右节点损失:14.098,总损失:14.098
------划分值:1.000,左节点损失:8.453,右节点损失:5.590,总损失:14.043
('----划分特征：', 412)
------划分值:0.000,左节点损失:0.000,右节点损失:14.098,总损失:14.098
------划分值:1.000,左节点损失:6.320,右节点损失:6.717,总损失:13.038
('----划分特征：', 413)
------划分值:0.000,左节点损失:0.000,右节点损失:14.098,总损失:14.098
------划分值:1.000,左节点损失:5.391,右节点损失:5.902,总损失:11.293
('----划分特征：', 414)
------划分值:0.000,左节点损失:0.000,右节点损失:14.098,总损失:14.098
------划分值:1.000,左节点损失:7.063,右节点损失:3.767,总损失:10.830
('----划分特征：', 415)
------划分值:0.000,左节点损失:0.000,右节点损失:14.098,总损失:14.098
------划分值:1.000,左节点损失:9.778,右节点损失:2.066,总损失:11.844
('----划分特征：', 416)
------划分值:0.000,左节点损失:0.000,右节点损失:14.098,总损失:14.098
------划分值:1.000,左节点损失:12.851,右节点损失:0.733,总损失:13.583
('----划分特征：', 417)
------划分值:0.000,左节点损失:0.000,右节点损失:14.098,总损失:14.098
------划分值:1.000,左节点损失:14.073,右节点损失:0.025,总损失:14.097
('----划分特征：', 418)
------划分值:0.000,左节点损失:0.000,右节点损失:14.098,总损失:14.098
('----划分特征：', 419)
------划分值:0.000,左节点损失:0.000,右节点损失:14.098,总损失:14.098
('----划分特征：', 420)
------划分值:0.000,左节点损失:0.000,右节点损失:14.098,总损失:14.098
('----划分特征：', 421)
------划分值:0.000,左节点损失:0.000,右节点损失:14.098,总损失:14.098
('----划分特征：', 422)
------划分值:0.000,左节点损失:0.000,右节点损失:14.098,总损失:14.098
------划分值:1.000,左节点损失:14.097,右节点损失:0.000,总损失:14.097
('----划分特征：', 423)
------划分值:0.000,左节点损失:0.000,右节点损失:14.098,总损失:14.098
------划分值:1.000,左节点损失:14.095,右节点损失:0.000,总损失:14.095
('----划分特征：', 424)
------划分值:0.000,左节点损失:0.000,右节点损失:14.098,总损失:14.098
------划分值:1.000,左节点损失:13.590,右节点损失:0.414,总损失:14.004
('----划分特征：', 425)
------划分值:0.000,左节点损失:0.000,右节点损失:14.098,总损失:14.098
------划分值:1.000,左节点损失:10.587,右节点损失:2.223,总损失:12.811
('----划分特征：', 426)
------划分值:0.000,左节点损失:0.000,右节点损失:14.098,总损失:14.098
------划分值:1.000,左节点损失:7.168,右节点损失:4.803,总损失:11.971
('----划分特征：', 427)
------划分值:0.000,左节点损失:0.000,右节点损失:14.098,总损失:14.098
------划分值:1.000,左节点损失:4.649,右节点损失:7.253,总损失:11.902
('----划分特征：', 428)
------划分值:0.000,左节点损失:0.000,右节点损失:14.098,总损失:14.098
------划分值:1.000,左节点损失:4.361,右节点损失:8.412,总损失:12.773
('----划分特征：', 429)
------划分值:0.000,左节点损失:0.000,右节点损失:14.098,总损失:14.098
------划分值:1.000,左节点损失:6.505,右节点损失:7.298,总损失:13.803
('----划分特征：', 430)
------划分值:0.000,左节点损失:0.000,右节点损失:14.098,总损失:14.098
------划分值:1.000,左节点损失:9.606,右节点损失:4.474,总损失:14.080
('----划分特征：', 431)
------划分值:0.000,左节点损失:0.000,右节点损失:14.098,总损失:14.098
------划分值:1.000,左节点损失:11.670,右节点损失:2.039,总损失:13.710
('----划分特征：', 432)
------划分值:0.000,左节点损失:0.000,右节点损失:14.098,总损失:14.098
------划分值:1.000,左节点损失:12.485,右节点损失:0.706,总损失:13.191
('----划分特征：', 433)
------划分值:0.000,左节点损失:0.000,右节点损失:14.098,总损失:14.098
------划分值:1.000,左节点损失:12.415,右节点损失:0.237,总损失:12.652
('----划分特征：', 434)
------划分值:0.000,左节点损失:0.000,右节点损失:14.098,总损失:14.098
------划分值:1.000,左节点损失:12.265,右节点损失:0.079,总损失:12.344
('----划分特征：', 435)
------划分值:1.000,左节点损失:12.039,右节点损失:0.106,总损失:12.145
------划分值:0.000,左节点损失:0.000,右节点损失:14.098,总损失:14.098
('----划分特征：', 436)
------划分值:1.000,左节点损失:12.051,右节点损失:0.421,总损失:12.472
------划分值:0.000,左节点损失:0.000,右节点损失:14.098,总损失:14.098
('----划分特征：', 437)
------划分值:1.000,左节点损失:11.294,右节点损失:1.957,总损失:13.251
------划分值:0.000,左节点损失:0.000,右节点损失:14.098,总损失:14.098
('----划分特征：', 438)
------划分值:1.000,左节点损失:9.924,右节点损失:4.066,总损失:13.990
------划分值:0.000,左节点损失:0.000,右节点损失:14.098,总损失:14.098
('----划分特征：', 439)
------划分值:0.000,左节点损失:0.000,右节点损失:14.098,总损失:14.098
------划分值:1.000,左节点损失:7.531,右节点损失:6.363,总损失:13.894
('----划分特征：', 440)
------划分值:0.000,左节点损失:0.000,右节点损失:14.098,总损失:14.098
------划分值:1.000,左节点损失:5.916,右节点损失:6.988,总损失:12.904
('----划分特征：', 441)
------划分值:0.000,左节点损失:0.000,右节点损失:14.098,总损失:14.098
------划分值:1.000,左节点损失:6.111,右节点损失:5.830,总损失:11.941
('----划分特征：', 442)
------划分值:0.000,左节点损失:0.000,右节点损失:14.098,总损失:14.098
------划分值:1.000,左节点损失:7.931,右节点损失:3.881,总损失:11.812
('----划分特征：', 443)
------划分值:0.000,左节点损失:0.000,右节点损失:14.098,总损失:14.098
------划分值:1.000,左节点损失:10.412,右节点损失:2.052,总损失:12.464
('----划分特征：', 444)
------划分值:0.000,左节点损失:0.000,右节点损失:14.098,总损失:14.098
------划分值:1.000,左节点损失:12.980,右节点损失:0.739,总损失:13.719
('----划分特征：', 445)
------划分值:0.000,左节点损失:0.000,右节点损失:14.098,总损失:14.098
------划分值:1.000,左节点损失:14.072,右节点损失:0.025,总损失:14.097
('----划分特征：', 446)
------划分值:0.000,左节点损失:0.000,右节点损失:14.098,总损失:14.098
------划分值:1.000,左节点损失:14.097,右节点损失:0.000,总损失:14.097
('----划分特征：', 447)
------划分值:0.000,左节点损失:0.000,右节点损失:14.098,总损失:14.098
('----划分特征：', 448)
------划分值:0.000,左节点损失:0.000,右节点损失:14.098,总损失:14.098
('----划分特征：', 449)
------划分值:0.000,左节点损失:0.000,右节点损失:14.098,总损失:14.098
('----划分特征：', 450)
------划分值:0.000,左节点损失:0.000,右节点损失:14.098,总损失:14.098
------划分值:1.000,左节点损失:14.097,右节点损失:0.000,总损失:14.097
('----划分特征：', 451)
------划分值:0.000,左节点损失:0.000,右节点损失:14.098,总损失:14.098
------划分值:1.000,左节点损失:14.095,右节点损失:0.000,总损失:14.095
('----划分特征：', 452)
------划分值:0.000,左节点损失:0.000,右节点损失:14.098,总损失:14.098
------划分值:1.000,左节点损失:13.348,右节点损失:0.599,总损失:13.947
('----划分特征：', 453)
------划分值:0.000,左节点损失:0.000,右节点损失:14.098,总损失:14.098
------划分值:1.000,左节点损失:9.925,右节点损失:2.682,总损失:12.607
('----划分特征：', 454)
------划分值:0.000,左节点损失:0.000,右节点损失:14.098,总损失:14.098
------划分值:1.000,左节点损失:6.572,右节点损失:5.206,总损失:11.778
('----划分特征：', 455)
------划分值:0.000,左节点损失:0.000,右节点损失:14.098,总损失:14.098
------划分值:1.000,左节点损失:4.331,右节点损失:7.391,总损失:11.722
('----划分特征：', 456)
------划分值:0.000,左节点损失:0.000,右节点损失:14.098,总损失:14.098
------划分值:1.000,左节点损失:4.801,右节点损失:8.025,总损失:12.826
('----划分特征：', 457)
------划分值:0.000,左节点损失:0.000,右节点损失:14.098,总损失:14.098
------划分值:1.000,左节点损失:7.638,右节点损失:6.289,总损失:13.928
('----划分特征：', 458)
------划分值:0.000,左节点损失:0.000,右节点损失:14.098,总损失:14.098
------划分值:1.000,左节点损失:10.902,右节点损失:3.095,总损失:13.997
('----划分特征：', 459)
------划分值:0.000,左节点损失:0.000,右节点损失:14.098,总损失:14.098
------划分值:1.000,左节点损失:12.386,右节点损失:1.189,总损失:13.575
('----划分特征：', 460)
------划分值:0.000,左节点损失:0.000,右节点损失:14.098,总损失:14.098
------划分值:1.000,左节点损失:12.686,右节点损失:0.524,总损失:13.210
('----划分特征：', 461)
------划分值:0.000,左节点损失:0.000,右节点损失:14.098,总损失:14.098
------划分值:1.000,左节点损失:12.696,右节点损失:0.132,总损失:12.828
('----划分特征：', 462)
------划分值:0.000,左节点损失:0.000,右节点损失:14.098,总损失:14.098
------划分值:1.000,左节点损失:12.418,右节点损失:0.106,总损失:12.523
('----划分特征：', 463)
------划分值:0.000,左节点损失:0.000,右节点损失:14.098,总损失:14.098
------划分值:1.000,左节点损失:12.255,右节点损失:0.290,总损失:12.544
('----划分特征：', 464)
------划分值:0.000,左节点损失:0.000,右节点损失:14.098,总损失:14.098
------划分值:1.000,左节点损失:11.885,右节点损失:1.094,总损失:12.979
('----划分特征：', 465)
------划分值:1.000,左节点损失:10.699,右节点损失:2.984,总损失:13.683
------划分值:0.000,左节点损失:0.000,右节点损失:14.098,总损失:14.098
('----划分特征：', 466)
------划分值:1.000,左节点损失:8.722,右节点损失:5.374,总损失:14.097
------划分值:0.000,左节点损失:0.000,右节点损失:14.098,总损失:14.098
('----划分特征：', 467)
------划分值:1.000,左节点损失:6.574,右节点损失:7.117,总损失:13.691
------划分值:0.000,左节点损失:0.000,右节点损失:14.098,总损失:14.098
('----划分特征：', 468)
------划分值:0.000,左节点损失:0.000,右节点损失:14.098,总损失:14.098
------划分值:1.000,左节点损失:5.676,右节点损失:7.174,总损失:12.850
('----划分特征：', 469)
------划分值:0.000,左节点损失:0.000,右节点损失:14.098,总损失:14.098
------划分值:1.000,左节点损失:6.706,右节点损失:5.603,总损失:12.309
('----划分特征：', 470)
------划分值:0.000,左节点损失:0.000,右节点损失:14.098,总损失:14.098
------划分值:1.000,左节点损失:8.603,右节点损失:3.781,总损失:12.383
('----划分特征：', 471)
------划分值:0.000,左节点损失:0.000,右节点损失:14.098,总损失:14.098
------划分值:1.000,左节点损失:11.017,右节点损失:1.982,总损失:12.999
('----划分特征：', 472)
------划分值:0.000,左节点损失:0.000,右节点损失:14.098,总损失:14.098
------划分值:1.000,左节点损失:13.302,右节点损失:0.648,总损失:13.950
('----划分特征：', 473)
------划分值:0.000,左节点损失:0.000,右节点损失:14.098,总损失:14.098
------划分值:1.000,左节点损失:14.093,右节点损失:0.000,总损失:14.093
('----划分特征：', 474)
------划分值:0.000,左节点损失:0.000,右节点损失:14.098,总损失:14.098
------划分值:1.000,左节点损失:14.097,右节点损失:0.000,总损失:14.097
('----划分特征：', 475)
------划分值:0.000,左节点损失:0.000,右节点损失:14.098,总损失:14.098
('----划分特征：', 476)
------划分值:0.000,左节点损失:0.000,右节点损失:14.098,总损失:14.098
('----划分特征：', 477)
------划分值:0.000,左节点损失:0.000,右节点损失:14.098,总损失:14.098
('----划分特征：', 478)
------划分值:0.000,左节点损失:0.000,右节点损失:14.098,总损失:14.098
------划分值:1.000,左节点损失:14.097,右节点损失:0.000,总损失:14.097
('----划分特征：', 479)
------划分值:0.000,左节点损失:0.000,右节点损失:14.098,总损失:14.098
------划分值:1.000,左节点损失:14.091,右节点损失:0.000,总损失:14.091
('----划分特征：', 480)
------划分值:0.000,左节点损失:0.000,右节点损失:14.098,总损失:14.098
------划分值:1.000,左节点损失:13.190,右节点损失:0.754,总损失:13.944
('----划分特征：', 481)
------划分值:0.000,左节点损失:0.000,右节点损失:14.098,总损失:14.098
------划分值:1.000,左节点损失:9.348,右节点损失:3.132,总损失:12.481
('----划分特征：', 482)
------划分值:0.000,左节点损失:0.000,右节点损失:14.098,总损失:14.098
------划分值:1.000,左节点损失:5.998,右节点损失:5.383,总损失:11.381
('----划分特征：', 483)
------划分值:0.000,左节点损失:0.000,右节点损失:14.098,总损失:14.098
------划分值:1.000,左节点损失:4.233,右节点损失:7.370,总损失:11.603
('----划分特征：', 484)
------划分值:0.000,左节点损失:0.000,右节点损失:14.098,总损失:14.098
------划分值:1.000,左节点损失:5.121,右节点损失:7.616,总损失:12.737
('----划分特征：', 485)
------划分值:0.000,左节点损失:0.000,右节点损失:14.098,总损失:14.098
------划分值:1.000,左节点损失:8.075,右节点损失:5.826,总损失:13.900
('----划分特征：', 486)
------划分值:0.000,左节点损失:0.000,右节点损失:14.098,总损失:14.098
------划分值:1.000,左节点损失:11.399,右节点损失:2.606,总损失:14.005
('----划分特征：', 487)
------划分值:0.000,左节点损失:0.000,右节点损失:14.098,总损失:14.098
------划分值:1.000,左节点损失:12.477,右节点损失:1.211,总损失:13.688
('----划分特征：', 488)
------划分值:0.000,左节点损失:0.000,右节点损失:14.098,总损失:14.098
------划分值:1.000,左节点损失:12.834,右节点损失:0.601,总损失:13.435
('----划分特征：', 489)
------划分值:0.000,左节点损失:0.000,右节点损失:14.098,总损失:14.098
------划分值:1.000,左节点损失:12.820,右节点损失:0.342,总损失:13.161
('----划分特征：', 490)
------划分值:0.000,左节点损失:0.000,右节点损失:14.098,总损失:14.098
------划分值:1.000,左节点损失:12.448,右节点损失:0.525,总损失:12.972
('----划分特征：', 491)
------划分值:0.000,左节点损失:0.000,右节点损失:14.098,总损失:14.098
------划分值:1.000,左节点损失:11.959,右节点损失:1.195,总损失:13.154
('----划分特征：', 492)
------划分值:0.000,左节点损失:0.000,右节点损失:14.098,总损失:14.098
------划分值:1.000,左节点损失:11.191,右节点损失:2.372,总损失:13.564
('----划分特征：', 493)
------划分值:1.000,左节点损失:9.405,右节点损失:4.623,总损失:14.028
------划分值:0.000,左节点损失:0.000,右节点损失:14.098,总损失:14.098
('----划分特征：', 494)
------划分值:1.000,左节点损失:7.051,右节点损失:6.916,总损失:13.966
------划分值:0.000,左节点损失:0.000,右节点损失:14.098,总损失:14.098
('----划分特征：', 495)
------划分值:1.000,左节点损失:5.813,右节点损失:7.610,总损失:13.423
------划分值:0.000,左节点损失:0.000,右节点损失:14.098,总损失:14.098
('----划分特征：', 496)
------划分值:0.000,左节点损失:0.000,右节点损失:14.098,总损失:14.098
------划分值:1.000,左节点损失:5.844,右节点损失:7.060,总损失:12.903
('----划分特征：', 497)
------划分值:0.000,左节点损失:0.000,右节点损失:14.098,总损失:14.098
------划分值:1.000,左节点损失:7.598,右节点损失:5.200,总损失:12.797
('----划分特征：', 498)
------划分值:0.000,左节点损失:0.000,右节点损失:14.098,总损失:14.098
------划分值:1.000,左节点损失:9.611,右节点损失:3.383,总损失:12.994
('----划分特征：', 499)
------划分值:0.000,左节点损失:0.000,右节点损失:14.098,总损失:14.098
------划分值:1.000,左节点损失:12.037,右节点损失:1.595,总损失:13.631
('----划分特征：', 500)
------划分值:0.000,左节点损失:0.000,右节点损失:14.098,总损失:14.098
------划分值:1.000,左节点损失:13.428,右节点损失:0.604,总损失:14.031
('----划分特征：', 501)
------划分值:0.000,左节点损失:0.000,右节点损失:14.098,总损失:14.098
------划分值:1.000,左节点损失:14.089,右节点损失:0.000,总损失:14.089
('----划分特征：', 502)
------划分值:0.000,左节点损失:0.000,右节点损失:14.098,总损失:14.098
------划分值:1.000,左节点损失:14.096,右节点损失:0.000,总损失:14.096
('----划分特征：', 503)
------划分值:0.000,左节点损失:0.000,右节点损失:14.098,总损失:14.098
('----划分特征：', 504)
------划分值:0.000,左节点损失:0.000,右节点损失:14.098,总损失:14.098
('----划分特征：', 505)
------划分值:0.000,左节点损失:0.000,右节点损失:14.098,总损失:14.098
('----划分特征：', 506)
------划分值:0.000,左节点损失:0.000,右节点损失:14.098,总损失:14.098
------划分值:1.000,左节点损失:14.097,右节点损失:0.000,总损失:14.097
('----划分特征：', 507)
------划分值:0.000,左节点损失:0.000,右节点损失:14.098,总损失:14.098
------划分值:1.000,左节点损失:14.086,右节点损失:0.000,总损失:14.086
('----划分特征：', 508)
------划分值:0.000,左节点损失:0.000,右节点损失:14.098,总损失:14.098
------划分值:1.000,左节点损失:12.959,右节点损失:1.014,总损失:13.973
('----划分特征：', 509)
------划分值:0.000,左节点损失:0.000,右节点损失:14.098,总损失:14.098
------划分值:1.000,左节点损失:9.752,右节点损失:3.206,总损失:12.958
('----划分特征：', 510)
------划分值:0.000,左节点损失:0.000,右节点损失:14.098,总损失:14.098
------划分值:1.000,左节点损失:5.995,右节点损失:5.637,总损失:11.632
('----划分特征：', 511)
------划分值:0.000,左节点损失:0.000,右节点损失:14.098,总损失:14.098
------划分值:1.000,左节点损失:3.937,右节点损失:7.441,总损失:11.379
('----划分特征：', 512)
------划分值:0.000,左节点损失:0.000,右节点损失:14.098,总损失:14.098
------划分值:1.000,左节点损失:5.007,右节点损失:7.453,总损失:12.459
('----划分特征：', 513)
------划分值:0.000,左节点损失:0.000,右节点损失:14.098,总损失:14.098
------划分值:1.000,左节点损失:7.984,右节点损失:5.808,总损失:13.793
('----划分特征：', 514)
------划分值:0.000,左节点损失:0.000,右节点损失:14.098,总损失:14.098
------划分值:1.000,左节点损失:10.836,右节点损失:3.237,总损失:14.073
('----划分特征：', 515)
------划分值:0.000,左节点损失:0.000,右节点损失:14.098,总损失:14.098
------划分值:1.000,左节点损失:12.288,右节点损失:1.531,总损失:13.819
('----划分特征：', 516)
------划分值:0.000,左节点损失:0.000,右节点损失:14.098,总损失:14.098
------划分值:1.000,左节点损失:12.611,右节点损失:1.035,总损失:13.646
('----划分特征：', 517)
------划分值:0.000,左节点损失:0.000,右节点损失:14.098,总损失:14.098
------划分值:1.000,左节点损失:12.492,右节点损失:0.936,总损失:13.428
('----划分特征：', 518)
------划分值:0.000,左节点损失:0.000,右节点损失:14.098,总损失:14.098
------划分值:1.000,左节点损失:11.957,右节点损失:1.422,总损失:13.380
('----划分特征：', 519)
------划分值:1.000,左节点损失:10.752,右节点损失:2.934,总损失:13.686
------划分值:0.000,左节点损失:0.000,右节点损失:14.098,总损失:14.098
('----划分特征：', 520)
------划分值:1.000,左节点损失:9.429,右节点损失:4.569,总损失:13.997
------划分值:0.000,左节点损失:0.000,右节点损失:14.098,总损失:14.098
('----划分特征：', 521)
------划分值:1.000,左节点损失:7.028,右节点损失:7.014,总损失:14.042
------划分值:0.000,左节点损失:0.000,右节点损失:14.098,总损失:14.098
('----划分特征：', 522)
------划分值:1.000,左节点损失:5.589,右节点损失:8.108,总损失:13.697
------划分值:0.000,左节点损失:0.000,右节点损失:14.098,总损失:14.098
('----划分特征：', 523)
------划分值:1.000,左节点损失:5.343,右节点损失:7.884,总损失:13.227
------划分值:0.000,左节点损失:0.000,右节点损失:14.098,总损失:14.098
('----划分特征：', 524)
------划分值:0.000,左节点损失:0.000,右节点损失:14.098,总损失:14.098
------划分值:1.000,左节点损失:7.076,右节点损失:6.156,总损失:13.232
('----划分特征：', 525)
------划分值:0.000,左节点损失:0.000,右节点损失:14.098,总损失:14.098
------划分值:1.000,左节点损失:8.938,右节点损失:4.398,总损失:13.336
('----划分特征：', 526)
------划分值:0.000,左节点损失:0.000,右节点损失:14.098,总损失:14.098
------划分值:1.000,左节点损失:11.140,右节点损失:2.530,总损失:13.671
('----划分特征：', 527)
------划分值:0.000,左节点损失:0.000,右节点损失:14.098,总损失:14.098
------划分值:1.000,左节点损失:12.911,右节点损失:1.073,总损失:13.984
('----划分特征：', 528)
------划分值:0.000,左节点损失:0.000,右节点损失:14.098,总损失:14.098
------划分值:1.000,左节点损失:13.843,右节点损失:0.252,总损失:14.095
('----划分特征：', 529)
------划分值:0.000,左节点损失:0.000,右节点损失:14.098,总损失:14.098
------划分值:1.000,左节点损失:14.091,右节点损失:0.000,总损失:14.091
('----划分特征：', 530)
------划分值:0.000,左节点损失:0.000,右节点损失:14.098,总损失:14.098
------划分值:1.000,左节点损失:14.097,右节点损失:0.000,总损失:14.097
('----划分特征：', 531)
------划分值:0.000,左节点损失:0.000,右节点损失:14.098,总损失:14.098
------划分值:1.000,左节点损失:14.097,右节点损失:0.000,总损失:14.097
('----划分特征：', 532)
------划分值:0.000,左节点损失:0.000,右节点损失:14.098,总损失:14.098
('----划分特征：', 533)
------划分值:0.000,左节点损失:0.000,右节点损失:14.098,总损失:14.098
('----划分特征：', 534)
------划分值:0.000,左节点损失:0.000,右节点损失:14.098,总损失:14.098
------划分值:1.000,左节点损失:14.096,右节点损失:0.000,总损失:14.096
('----划分特征：', 535)
------划分值:0.000,左节点损失:0.000,右节点损失:14.098,总损失:14.098
------划分值:1.000,左节点损失:14.037,右节点损失:0.051,总损失:14.088
('----划分特征：', 536)
------划分值:0.000,左节点损失:0.000,右节点损失:14.098,总损失:14.098
------划分值:1.000,左节点损失:13.036,右节点损失:1.000,总损失:14.036
('----划分特征：', 537)
------划分值:0.000,左节点损失:0.000,右节点损失:14.098,总损失:14.098
------划分值:1.000,左节点损失:9.854,右节点损失:3.397,总损失:13.251
('----划分特征：', 538)
------划分值:0.000,左节点损失:0.000,右节点损失:14.098,总损失:14.098
------划分值:1.000,左节点损失:6.443,右节点损失:5.810,总损失:12.253
('----划分特征：', 539)
------划分值:0.000,左节点损失:0.000,右节点损失:14.098,总损失:14.098
------划分值:1.000,左节点损失:3.985,右节点损失:7.665,总损失:11.649
('----划分特征：', 540)
------划分值:0.000,左节点损失:0.000,右节点损失:14.098,总损失:14.098
------划分值:1.000,左节点损失:4.493,右节点损失:7.927,总损失:12.419
('----划分特征：', 541)
------划分值:0.000,左节点损失:0.000,右节点损失:14.098,总损失:14.098
------划分值:1.000,左节点损失:6.757,右节点损失:6.823,总损失:13.580
('----划分特征：', 542)
------划分值:0.000,左节点损失:0.000,右节点损失:14.098,总损失:14.098
------划分值:1.000,左节点损失:9.257,右节点损失:4.826,总损失:14.083
('----划分特征：', 543)
------划分值:0.000,左节点损失:0.000,右节点损失:14.098,总损失:14.098
------划分值:1.000,左节点损失:10.695,右节点损失:3.341,总损失:14.036
('----划分特征：', 544)
------划分值:0.000,左节点损失:0.000,右节点损失:14.098,总损失:14.098
------划分值:1.000,左节点损失:11.075,右节点损失:2.830,总损失:13.905
('----划分特征：', 545)
------划分值:1.000,左节点损失:10.739,右节点损失:3.110,总损失:13.848
------划分值:0.000,左节点损失:0.000,右节点损失:14.098,总损失:14.098
('----划分特征：', 546)
------划分值:1.000,左节点损失:9.800,右节点损失:4.098,总损失:13.898
------划分值:0.000,左节点损失:0.000,右节点损失:14.098,总损失:14.098
('----划分特征：', 547)
------划分值:1.000,左节点损失:8.382,右节点损失:5.686,总损失:14.069
------划分值:0.000,左节点损失:0.000,右节点损失:14.098,总损失:14.098
('----划分特征：', 548)
------划分值:1.000,左节点损失:6.415,右节点损失:7.618,总损失:14.033
------划分值:0.000,左节点损失:0.000,右节点损失:14.098,总损失:14.098
('----划分特征：', 549)
------划分值:1.000,左节点损失:5.261,右节点损失:8.522,总损失:13.782
------划分值:0.000,左节点损失:0.000,右节点损失:14.098,总损失:14.098
('----划分特征：', 550)
------划分值:1.000,左节点损失:5.057,右节点损失:8.433,总损失:13.490
------划分值:0.000,左节点损失:0.000,右节点损失:14.098,总损失:14.098
('----划分特征：', 551)
------划分值:1.000,左节点损失:6.366,右节点损失:7.061,总损失:13.427
------划分值:0.000,左节点损失:0.000,右节点损失:14.098,总损失:14.098
('----划分特征：', 552)
------划分值:0.000,左节点损失:0.000,右节点损失:14.098,总损失:14.098
------划分值:1.000,左节点损失:8.560,右节点损失:5.035,总损失:13.595
('----划分特征：', 553)
------划分值:0.000,左节点损失:0.000,右节点损失:14.098,总损失:14.098
------划分值:1.000,左节点损失:10.348,右节点损失:3.363,总损失:13.712
('----划分特征：', 554)
------划分值:0.000,左节点损失:0.000,右节点损失:14.098,总损失:14.098
------划分值:1.000,左节点损失:12.426,右节点损失:1.568,总损失:13.994
('----划分特征：', 555)
------划分值:0.000,左节点损失:0.000,右节点损失:14.098,总损失:14.098
------划分值:1.000,左节点损失:13.392,右节点损失:0.682,总损失:14.074
('----划分特征：', 556)
------划分值:0.000,左节点损失:0.000,右节点损失:14.098,总损失:14.098
------划分值:1.000,左节点损失:13.997,右节点损失:0.099,总损失:14.096
('----划分特征：', 557)
------划分值:0.000,左节点损失:0.000,右节点损失:14.098,总损失:14.098
------划分值:1.000,左节点损失:14.095,右节点损失:0.000,总损失:14.095
('----划分特征：', 558)
------划分值:0.000,左节点损失:0.000,右节点损失:14.098,总损失:14.098
('----划分特征：', 559)
------划分值:0.000,左节点损失:0.000,右节点损失:14.098,总损失:14.098
('----划分特征：', 560)
------划分值:0.000,左节点损失:0.000,右节点损失:14.098,总损失:14.098
('----划分特征：', 561)
------划分值:0.000,左节点损失:0.000,右节点损失:14.098,总损失:14.098
('----划分特征：', 562)
------划分值:0.000,左节点损失:0.000,右节点损失:14.098,总损失:14.098
------划分值:1.000,左节点损失:14.095,右节点损失:0.000,总损失:14.095
('----划分特征：', 563)
------划分值:0.000,左节点损失:0.000,右节点损失:14.098,总损失:14.098
------划分值:1.000,左节点损失:14.058,右节点损失:0.026,总损失:14.084
('----划分特征：', 564)
------划分值:0.000,左节点损失:0.000,右节点损失:14.098,总损失:14.098
------划分值:1.000,左节点损失:13.227,右节点损失:0.850,总损失:14.077
('----划分特征：', 565)
------划分值:0.000,左节点损失:0.000,右节点损失:14.098,总损失:14.098
------划分值:1.000,左节点损失:11.171,右节点损失:2.627,总损失:13.798
('----划分特征：', 566)
------划分值:0.000,左节点损失:0.000,右节点损失:14.098,总损失:14.098
------划分值:1.000,左节点损失:7.660,右节点损失:5.337,总损失:12.998
('----划分特征：', 567)
------划分值:0.000,左节点损失:0.000,右节点损失:14.098,总损失:14.098
------划分值:1.000,左节点损失:4.740,右节点损失:7.598,总损失:12.338
('----划分特征：', 568)
------划分值:0.000,左节点损失:0.000,右节点损失:14.098,总损失:14.098
------划分值:1.000,左节点损失:3.998,右节点损失:8.487,总损失:12.484
('----划分特征：', 569)
------划分值:0.000,左节点损失:0.000,右节点损失:14.098,总损失:14.098
------划分值:1.000,左节点损失:4.448,右节点损失:8.636,总损失:13.085
('----划分特征：', 570)
------划分值:0.000,左节点损失:0.000,右节点损失:14.098,总损失:14.098
------划分值:1.000,左节点损失:6.178,右节点损失:7.590,总损失:13.768
('----划分特征：', 571)
------划分值:0.000,左节点损失:0.000,右节点损失:14.098,总损失:14.098
------划分值:1.000,左节点损失:7.856,右节点损失:6.211,总损失:14.068
('----划分特征：', 572)
------划分值:1.000,左节点损失:8.014,右节点损失:6.083,总损失:14.097
------划分值:0.000,左节点损失:0.000,右节点损失:14.098,总损失:14.098
('----划分特征：', 573)
------划分值:1.000,左节点损失:7.403,右节点损失:6.695,总损失:14.098
------划分值:0.000,左节点损失:0.000,右节点损失:14.098,总损失:14.098
('----划分特征：', 574)
------划分值:1.000,左节点损失:6.424,右节点损失:7.660,总损失:14.084
------划分值:0.000,左节点损失:0.000,右节点损失:14.098,总损失:14.098
('----划分特征：', 575)
------划分值:1.000,左节点损失:5.208,右节点损失:8.759,总损失:13.967
------划分值:0.000,左节点损失:0.000,右节点损失:14.098,总损失:14.098
('----划分特征：', 576)
------划分值:1.000,左节点损失:4.327,右节点损失:9.384,总损失:13.711
------划分值:0.000,左节点损失:0.000,右节点损失:14.098,总损失:14.098
('----划分特征：', 577)
------划分值:1.000,左节点损失:4.497,右节点损失:9.004,总损失:13.500
------划分值:0.000,左节点损失:0.000,右节点损失:14.098,总损失:14.098
('----划分特征：', 578)
------划分值:0.000,左节点损失:0.000,右节点损失:14.098,总损失:14.098
------划分值:1.000,左节点损失:6.228,右节点损失:7.373,总损失:13.600
('----划分特征：', 579)
------划分值:0.000,左节点损失:0.000,右节点损失:14.098,总损失:14.098
------划分值:1.000,左节点损失:8.503,右节点损失:5.298,总损失:13.802
('----划分特征：', 580)
------划分值:0.000,左节点损失:0.000,右节点损失:14.098,总损失:14.098
------划分值:1.000,左节点损失:10.295,右节点损失:3.581,总损失:13.877
('----划分特征：', 581)
------划分值:0.000,左节点损失:0.000,右节点损失:14.098,总损失:14.098
------划分值:1.000,左节点损失:12.048,右节点损失:1.967,总损失:14.015
('----划分特征：', 582)
------划分值:0.000,左节点损失:0.000,右节点损失:14.098,总损失:14.098
------划分值:1.000,左节点损失:13.199,右节点损失:0.884,总损失:14.083
('----划分特征：', 583)
------划分值:0.000,左节点损失:0.000,右节点损失:14.098,总损失:14.098
------划分值:1.000,左节点损失:13.811,右节点损失:0.286,总损失:14.098
('----划分特征：', 584)
------划分值:0.000,左节点损失:0.000,右节点损失:14.098,总损失:14.098
------划分值:1.000,左节点损失:14.041,右节点损失:0.051,总损失:14.092
('----划分特征：', 585)
------划分值:0.000,左节点损失:0.000,右节点损失:14.098,总损失:14.098
------划分值:1.000,左节点损失:14.095,右节点损失:0.000,总损失:14.095
('----划分特征：', 586)
------划分值:0.000,左节点损失:0.000,右节点损失:14.098,总损失:14.098
------划分值:1.000,左节点损失:14.076,右节点损失:0.018,总损失:14.093
('----划分特征：', 587)
------划分值:0.000,左节点损失:0.000,右节点损失:14.098,总损失:14.098
('----划分特征：', 588)
------划分值:0.000,左节点损失:0.000,右节点损失:14.098,总损失:14.098
('----划分特征：', 589)
------划分值:0.000,左节点损失:0.000,右节点损失:14.098,总损失:14.098
('----划分特征：', 590)
------划分值:0.000,左节点损失:0.000,右节点损失:14.098,总损失:14.098
------划分值:1.000,左节点损失:14.095,右节点损失:0.000,总损失:14.095
('----划分特征：', 591)
------划分值:0.000,左节点损失:0.000,右节点损失:14.098,总损失:14.098
------划分值:1.000,左节点损失:14.062,右节点损失:0.026,总损失:14.088
('----划分特征：', 592)
------划分值:0.000,左节点损失:0.000,右节点损失:14.098,总损失:14.098
------划分值:1.000,左节点损失:13.563,右节点损失:0.531,总损失:14.094
('----划分特征：', 593)
------划分值:0.000,左节点损失:0.000,右节点损失:14.098,总损失:14.098
------划分值:1.000,左节点损失:12.017,右节点损失:1.948,总损失:13.965
('----划分特征：', 594)
------划分值:0.000,左节点损失:0.000,右节点损失:14.098,总损失:14.098
------划分值:1.000,左节点损失:9.519,右节点损失:4.109,总损失:13.628
('----划分特征：', 595)
------划分值:0.000,左节点损失:0.000,右节点损失:14.098,总损失:14.098
------划分值:1.000,左节点损失:6.295,右节点损失:6.768,总损失:13.063
('----划分特征：', 596)
------划分值:0.000,左节点损失:0.000,右节点损失:14.098,总损失:14.098
------划分值:1.000,左节点损失:4.165,右节点损失:8.577,总损失:12.741
('----划分特征：', 597)
------划分值:0.000,左节点损失:0.000,右节点损失:14.098,总损失:14.098
------划分值:1.000,左节点损失:2.897,右节点损失:9.885,总损失:12.782
('----划分特征：', 598)
------划分值:1.000,左节点损失:2.914,右节点损失:10.204,总损失:13.118
------划分值:0.000,左节点损失:0.000,右节点损失:14.098,总损失:14.098
('----划分特征：', 599)
------划分值:1.000,左节点损失:3.586,右节点损失:9.972,总损失:13.558
------划分值:0.000,左节点损失:0.000,右节点损失:14.098,总损失:14.098
('----划分特征：', 600)
------划分值:1.000,左节点损失:4.095,右节点损失:9.701,总损失:13.796
------划分值:0.000,左节点损失:0.000,右节点损失:14.098,总损失:14.098
('----划分特征：', 601)
------划分值:1.000,左节点损失:3.966,右节点损失:9.873,总损失:13.838
------划分值:0.000,左节点损失:0.000,右节点损失:14.098,总损失:14.098
('----划分特征：', 602)
------划分值:1.000,左节点损失:3.732,右节点损失:10.049,总损失:13.781
------划分值:0.000,左节点损失:0.000,右节点损失:14.098,总损失:14.098
('----划分特征：', 603)
------划分值:1.000,左节点损失:3.508,右节点损失:10.098,总损失:13.606
------划分值:0.000,左节点损失:0.000,右节点损失:14.098,总损失:14.098
('----划分特征：', 604)
------划分值:0.000,左节点损失:0.000,右节点损失:14.098,总损失:14.098
------划分值:1.000,左节点损失:4.108,右节点损失:9.361,总损失:13.469
('----划分特征：', 605)
------划分值:0.000,左节点损失:0.000,右节点损失:14.098,总损失:14.098
------划分值:1.000,左节点损失:6.221,右节点损失:7.427,总损失:13.649
('----划分特征：', 606)
------划分值:0.000,左节点损失:0.000,右节点损失:14.098,总损失:14.098
------划分值:1.000,左节点损失:8.446,右节点损失:5.398,总损失:13.844
('----划分特征：', 607)
------划分值:0.000,左节点损失:0.000,右节点损失:14.098,总损失:14.098
------划分值:1.000,左节点损失:10.385,右节点损失:3.583,总损失:13.967
('----划分特征：', 608)
------划分值:0.000,左节点损失:0.000,右节点损失:14.098,总损失:14.098
------划分值:1.000,左节点损失:11.919,右节点损失:2.122,总损失:14.041
('----划分特征：', 609)
------划分值:0.000,左节点损失:0.000,右节点损失:14.098,总损失:14.098
------划分值:1.000,左节点损失:13.032,右节点损失:1.054,总损失:14.086
('----划分特征：', 610)
------划分值:0.000,左节点损失:0.000,右节点损失:14.098,总损失:14.098
------划分值:1.000,左节点损失:13.777,右节点损失:0.318,总损失:14.095
('----划分特征：', 611)
------划分值:0.000,左节点损失:0.000,右节点损失:14.098,总损失:14.098
------划分值:1.000,左节点损失:14.015,右节点损失:0.076,总损失:14.091
('----划分特征：', 612)
------划分值:0.000,左节点损失:0.000,右节点损失:14.098,总损失:14.098
------划分值:1.000,左节点损失:14.067,右节点损失:0.026,总损失:14.093
('----划分特征：', 613)
------划分值:0.000,左节点损失:0.000,右节点损失:14.098,总损失:14.098
------划分值:1.000,左节点损失:14.095,右节点损失:0.000,总损失:14.095
('----划分特征：', 614)
------划分值:0.000,左节点损失:0.000,右节点损失:14.098,总损失:14.098
------划分值:1.000,左节点损失:14.076,右节点损失:0.013,总损失:14.089
('----划分特征：', 615)
------划分值:0.000,左节点损失:0.000,右节点损失:14.098,总损失:14.098
('----划分特征：', 616)
------划分值:0.000,左节点损失:0.000,右节点损失:14.098,总损失:14.098
('----划分特征：', 617)
------划分值:0.000,左节点损失:0.000,右节点损失:14.098,总损失:14.098
('----划分特征：', 618)
------划分值:0.000,左节点损失:0.000,右节点损失:14.098,总损失:14.098
------划分值:1.000,左节点损失:14.097,右节点损失:0.000,总损失:14.097
('----划分特征：', 619)
------划分值:0.000,左节点损失:0.000,右节点损失:14.098,总损失:14.098
------划分值:1.000,左节点损失:14.070,右节点损失:0.025,总损失:14.095
('----划分特征：', 620)
------划分值:0.000,左节点损失:0.000,右节点损失:14.098,总损失:14.098
------划分值:1.000,左节点损失:13.947,右节点损失:0.148,总损失:14.095
('----划分特征：', 621)
------划分值:0.000,左节点损失:0.000,右节点损失:14.098,总损失:14.098
------划分值:1.000,左节点损失:12.942,右节点损失:1.098,总损失:14.041
('----划分特征：', 622)
------划分值:0.000,左节点损失:0.000,右节点损失:14.098,总损失:14.098
------划分值:1.000,左节点损失:11.317,右节点损失:2.571,总损失:13.888
('----划分特征：', 623)
------划分值:1.000,左节点损失:8.865,右节点损失:4.742,总损失:13.607
------划分值:0.000,左节点损失:0.000,右节点损失:14.098,总损失:14.098
('----划分特征：', 624)
------划分值:1.000,左节点损失:6.492,右节点损失:6.874,总损失:13.366
------划分值:0.000,左节点损失:0.000,右节点损失:14.098,总损失:14.098
('----划分特征：', 625)
------划分值:1.000,左节点损失:4.130,右节点损失:8.938,总损失:13.068
------划分值:0.000,左节点损失:0.000,右节点损失:14.098,总损失:14.098
('----划分特征：', 626)
------划分值:1.000,左节点损失:2.566,右节点损失:10.444,总损失:13.010
------划分值:0.000,左节点损失:0.000,右节点损失:14.098,总损失:14.098
('----划分特征：', 627)
------划分值:1.000,左节点损失:2.261,右节点损失:10.939,总损失:13.199
------划分值:0.000,左节点损失:0.000,右节点损失:14.098,总损失:14.098
('----划分特征：', 628)
------划分值:1.000,左节点损失:2.282,右节点损失:11.048,总损失:13.330
------划分值:0.000,左节点损失:0.000,右节点损失:14.098,总损失:14.098
('----划分特征：', 629)
------划分值:1.000,左节点损失:2.777,右节点损失:10.676,总损失:13.453
------划分值:0.000,左节点损失:0.000,右节点损失:14.098,总损失:14.098
('----划分特征：', 630)
------划分值:0.000,左节点损失:0.000,右节点损失:14.098,总损失:14.098
------划分值:1.000,左节点损失:3.345,右节点损失:10.138,总损失:13.483
('----划分特征：', 631)
------划分值:0.000,左节点损失:0.000,右节点损失:14.098,总损失:14.098
------划分值:1.000,左节点损失:5.015,右节点损失:8.635,总损失:13.650
('----划分特征：', 632)
------划分值:0.000,左节点损失:0.000,右节点损失:14.098,总损失:14.098
------划分值:1.000,左节点损失:7.122,右节点损失:6.701,总损失:13.823
('----划分特征：', 633)
------划分值:0.000,左节点损失:0.000,右节点损失:14.098,总损失:14.098
------划分值:1.000,左节点损失:9.437,右节点损失:4.545,总损失:13.983
('----划分特征：', 634)
------划分值:0.000,左节点损失:0.000,右节点损失:14.098,总损失:14.098
------划分值:1.000,左节点损失:10.998,右节点损失:3.052,总损失:14.050
('----划分特征：', 635)
------划分值:0.000,左节点损失:0.000,右节点损失:14.098,总损失:14.098
------划分值:1.000,左节点损失:12.303,右节点损失:1.783,总损失:14.086
('----划分特征：', 636)
------划分值:0.000,左节点损失:0.000,右节点损失:14.098,总损失:14.098
------划分值:1.000,左节点损失:13.175,右节点损失:0.923,总损失:14.097
('----划分特征：', 637)
------划分值:0.000,左节点损失:0.000,右节点损失:14.098,总损失:14.098
------划分值:1.000,左节点损失:13.769,右节点损失:0.322,总损失:14.090
('----划分特征：', 638)
------划分值:0.000,左节点损失:0.000,右节点损失:14.098,总损失:14.098
------划分值:1.000,左节点损失:13.965,右节点损失:0.126,总损失:14.091
('----划分特征：', 639)
------划分值:0.000,左节点损失:0.000,右节点损失:14.098,总损失:14.098
------划分值:1.000,左节点损失:14.066,右节点损失:0.026,总损失:14.092
('----划分特征：', 640)
------划分值:0.000,左节点损失:0.000,右节点损失:14.098,总损失:14.098
------划分值:1.000,左节点损失:14.093,右节点损失:0.000,总损失:14.093
('----划分特征：', 641)
------划分值:0.000,左节点损失:0.000,右节点损失:14.098,总损失:14.098
------划分值:1.000,左节点损失:14.096,右节点损失:0.000,总损失:14.096
('----划分特征：', 642)
------划分值:0.000,左节点损失:0.000,右节点损失:14.098,总损失:14.098
------划分值:1.000,左节点损失:14.076,右节点损失:0.000,总损失:14.076
('----划分特征：', 643)
------划分值:0.000,左节点损失:0.000,右节点损失:14.098,总损失:14.098
('----划分特征：', 644)
------划分值:0.000,左节点损失:0.000,右节点损失:14.098,总损失:14.098
('----划分特征：', 645)
------划分值:0.000,左节点损失:0.000,右节点损失:14.098,总损失:14.098
('----划分特征：', 646)
------划分值:0.000,左节点损失:0.000,右节点损失:14.098,总损失:14.098
------划分值:1.000,左节点损失:14.097,右节点损失:0.000,总损失:14.097
('----划分特征：', 647)
------划分值:0.000,左节点损失:0.000,右节点损失:14.098,总损失:14.098
------划分值:1.000,左节点损失:14.096,右节点损失:0.000,总损失:14.096
('----划分特征：', 648)
------划分值:0.000,左节点损失:0.000,右节点损失:14.098,总损失:14.098
------划分值:1.000,左节点损失:14.047,右节点损失:0.050,总损失:14.096
('----划分特征：', 649)
------划分值:1.000,左节点损失:13.771,右节点损失:0.326,总损失:14.096
------划分值:0.000,左节点损失:0.000,右节点损失:14.098,总损失:14.098
('----划分特征：', 650)
------划分值:1.000,左节点损失:13.241,右节点损失:0.848,总损失:14.089
------划分值:0.000,左节点损失:0.000,右节点损失:14.098,总损失:14.098
('----划分特征：', 651)
------划分值:1.000,左节点损失:12.233,右节点损失:1.829,总损失:14.062
------划分值:0.000,左节点损失:0.000,右节点损失:14.098,总损失:14.098
('----划分特征：', 652)
------划分值:1.000,左节点损失:10.494,右节点损失:3.493,总损失:13.987
------划分值:0.000,左节点损失:0.000,右节点损失:14.098,总损失:14.098
('----划分特征：', 653)
------划分值:1.000,左节点损失:8.417,右节点损失:5.448,总损失:13.865
------划分值:0.000,左节点损失:0.000,右节点损失:14.098,总损失:14.098
('----划分特征：', 654)
------划分值:1.000,左节点损失:7.000,右节点损失:6.833,总损失:13.833
------划分值:0.000,左节点损失:0.000,右节点损失:14.098,总损失:14.098
('----划分特征：', 655)
------划分值:1.000,左节点损失:5.609,右节点损失:8.115,总损失:13.723
------划分值:0.000,左节点损失:0.000,右节点损失:14.098,总损失:14.098
('----划分特征：', 656)
------划分值:1.000,左节点损失:5.485,右节点损失:8.254,总损失:13.740
------划分值:0.000,左节点损失:0.000,右节点损失:14.098,总损失:14.098
('----划分特征：', 657)
------划分值:0.000,左节点损失:0.000,右节点损失:14.098,总损失:14.098
------划分值:1.000,左节点损失:6.371,右节点损失:7.491,总损失:13.862
('----划分特征：', 658)
------划分值:0.000,左节点损失:0.000,右节点损失:14.098,总损失:14.098
------划分值:1.000,左节点损失:7.958,右节点损失:6.048,总损失:14.006
('----划分特征：', 659)
------划分值:0.000,左节点损失:0.000,右节点损失:14.098,总损失:14.098
------划分值:1.000,左节点损失:9.635,右节点损失:4.433,总损失:14.068
('----划分特征：', 660)
------划分值:0.000,左节点损失:0.000,右节点损失:14.098,总损失:14.098
------划分值:1.000,左节点损失:11.467,右节点损失:2.630,总损失:14.097
('----划分特征：', 661)
------划分值:0.000,左节点损失:0.000,右节点损失:14.098,总损失:14.098
------划分值:1.000,左节点损失:12.320,右节点损失:1.777,总损失:14.096
('----划分特征：', 662)
------划分值:0.000,左节点损失:0.000,右节点损失:14.098,总损失:14.098
------划分值:1.000,左节点损失:13.030,右节点损失:1.065,总损失:14.094
('----划分特征：', 663)
------划分值:0.000,左节点损失:0.000,右节点损失:14.098,总损失:14.098
------划分值:1.000,左节点损失:13.716,右节点损失:0.354,总损失:14.070
('----划分特征：', 664)
------划分值:0.000,左节点损失:0.000,右节点损失:14.098,总损失:14.098
------划分值:1.000,左节点损失:13.900,右节点损失:0.178,总损失:14.078
('----划分特征：', 665)
------划分值:0.000,左节点损失:0.000,右节点损失:14.098,总损失:14.098
------划分值:1.000,左节点损失:14.027,右节点损失:0.052,总损失:14.079
('----划分特征：', 666)
------划分值:0.000,左节点损失:0.000,右节点损失:14.098,总损失:14.098
------划分值:1.000,左节点损失:14.063,右节点损失:0.026,总损失:14.089
('----划分特征：', 667)
------划分值:0.000,左节点损失:0.000,右节点损失:14.098,总损失:14.098
------划分值:1.000,左节点损失:14.092,右节点损失:0.000,总损失:14.092
('----划分特征：', 668)
------划分值:0.000,左节点损失:0.000,右节点损失:14.098,总损失:14.098
------划分值:1.000,左节点损失:14.097,右节点损失:0.000,总损失:14.097
('----划分特征：', 669)
------划分值:0.000,左节点损失:0.000,右节点损失:14.098,总损失:14.098
('----划分特征：', 670)
------划分值:0.000,左节点损失:0.000,右节点损失:14.098,总损失:14.098
('----划分特征：', 671)
------划分值:0.000,左节点损失:0.000,右节点损失:14.098,总损失:14.098
('----划分特征：', 672)
------划分值:0.000,左节点损失:0.000,右节点损失:14.098,总损失:14.098
('----划分特征：', 673)
------划分值:0.000,左节点损失:0.000,右节点损失:14.098,总损失:14.098
('----划分特征：', 674)
------划分值:0.000,左节点损失:0.000,右节点损失:14.098,总损失:14.098
('----划分特征：', 675)
------划分值:0.000,左节点损失:0.000,右节点损失:14.098,总损失:14.098
------划分值:1.000,左节点损失:14.097,右节点损失:0.000,总损失:14.097
('----划分特征：', 676)
------划分值:1.000,左节点损失:14.072,右节点损失:0.025,总损失:14.097
------划分值:0.000,左节点损失:0.000,右节点损失:14.098,总损失:14.098
('----划分特征：', 677)
------划分值:1.000,左节点损失:14.045,右节点损失:0.050,总损失:14.095
------划分值:0.000,左节点损失:0.000,右节点损失:14.098,总损失:14.098
('----划分特征：', 678)
------划分值:1.000,左节点损失:14.008,右节点损失:0.077,总损失:14.084
------划分值:0.000,左节点损失:0.000,右节点损失:14.098,总损失:14.098
('----划分特征：', 679)
------划分值:1.000,左节点损失:13.870,右节点损失:0.204,总损失:14.073
------划分值:0.000,左节点损失:0.000,右节点损失:14.098,总损失:14.098
('----划分特征：', 680)
------划分值:1.000,左节点损失:13.623,右节点损失:0.431,总损失:14.055
------划分值:0.000,左节点损失:0.000,右节点损失:14.098,总损失:14.098
('----划分特征：', 681)
------划分值:1.000,左节点损失:13.193,右节点损失:0.854,总损失:14.047
------划分值:0.000,左节点损失:0.000,右节点损失:14.098,总损失:14.098
('----划分特征：', 682)
------划分值:1.000,左节点损失:12.575,右节点损失:1.485,总损失:14.060
------划分值:0.000,左节点损失:0.000,右节点损失:14.098,总损失:14.098
('----划分特征：', 683)
------划分值:0.000,左节点损失:0.000,右节点损失:14.098,总损失:14.098
------划分值:1.000,左节点损失:12.199,右节点损失:1.868,总损失:14.068
('----划分特征：', 684)
------划分值:0.000,左节点损失:0.000,右节点损失:14.098,总损失:14.098
------划分值:1.000,左节点损失:11.963,右节点损失:2.119,总损失:14.082
('----划分特征：', 685)
------划分值:0.000,左节点损失:0.000,右节点损失:14.098,总损失:14.098
------划分值:1.000,左节点损失:12.116,右节点损失:1.959,总损失:14.075
('----划分特征：', 686)
------划分值:0.000,左节点损失:0.000,右节点损失:14.098,总损失:14.098
------划分值:1.000,左节点损失:12.571,右节点损失:1.487,总损失:14.057
('----划分特征：', 687)
------划分值:0.000,左节点损失:0.000,右节点损失:14.098,总损失:14.098
------划分值:1.000,左节点损失:13.054,右节点损失:1.000,总损失:14.053
('----划分特征：', 688)
------划分值:0.000,左节点损失:0.000,右节点损失:14.098,总损失:14.098
------划分值:1.000,左节点损失:13.489,右节点损失:0.557,总损失:14.046
('----划分特征：', 689)
------划分值:0.000,左节点损失:0.000,右节点损失:14.098,总损失:14.098
------划分值:1.000,左节点损失:13.766,右节点损失:0.282,总损失:14.048
('----划分特征：', 690)
------划分值:0.000,左节点损失:0.000,右节点损失:14.098,总损失:14.098
------划分值:1.000,左节点损失:13.924,右节点损失:0.130,总损失:14.054
('----划分特征：', 691)
------划分值:0.000,左节点损失:0.000,右节点损失:14.098,总损失:14.098
------划分值:1.000,左节点损失:14.011,右节点损失:0.052,总损失:14.063
('----划分特征：', 692)
------划分值:0.000,左节点损失:0.000,右节点损失:14.098,总损失:14.098
------划分值:1.000,左节点损失:14.027,右节点损失:0.052,总损失:14.078
('----划分特征：', 693)
------划分值:0.000,左节点损失:0.000,右节点损失:14.098,总损失:14.098
------划分值:1.000,左节点损失:14.062,右节点损失:0.026,总损失:14.088
('----划分特征：', 694)
------划分值:0.000,左节点损失:0.000,右节点损失:14.098,总损失:14.098
------划分值:1.000,左节点损失:14.090,右节点损失:0.000,总损失:14.090
('----划分特征：', 695)
------划分值:0.000,左节点损失:0.000,右节点损失:14.098,总损失:14.098
------划分值:1.000,左节点损失:14.095,右节点损失:0.000,总损失:14.095
('----划分特征：', 696)
------划分值:0.000,左节点损失:0.000,右节点损失:14.098,总损失:14.098
------划分值:1.000,左节点损失:14.097,右节点损失:0.000,总损失:14.097
('----划分特征：', 697)
------划分值:0.000,左节点损失:0.000,右节点损失:14.098,总损失:14.098
('----划分特征：', 698)
------划分值:0.000,左节点损失:0.000,右节点损失:14.098,总损失:14.098
('----划分特征：', 699)
------划分值:0.000,左节点损失:0.000,右节点损失:14.098,总损失:14.098
('----划分特征：', 700)
------划分值:0.000,左节点损失:0.000,右节点损失:14.098,总损失:14.098
('----划分特征：', 701)
------划分值:0.000,左节点损失:0.000,右节点损失:14.098,总损失:14.098
('----划分特征：', 702)
------划分值:0.000,左节点损失:0.000,右节点损失:14.098,总损失:14.098
('----划分特征：', 703)
------划分值:0.000,左节点损失:0.000,右节点损失:14.098,总损失:14.098
('----划分特征：', 704)
------划分值:0.000,左节点损失:0.000,右节点损失:14.098,总损失:14.098
------划分值:1.000,左节点损失:14.097,右节点损失:0.000,总损失:14.097
('----划分特征：', 705)
------划分值:0.000,左节点损失:0.000,右节点损失:14.098,总损失:14.098
------划分值:1.000,左节点损失:14.094,右节点损失:0.000,总损失:14.094
('----划分特征：', 706)
------划分值:0.000,左节点损失:0.000,右节点损失:14.098,总损失:14.098
------划分值:1.000,左节点损失:14.088,右节点损失:0.000,总损失:14.088
('----划分特征：', 707)
------划分值:0.000,左节点损失:0.000,右节点损失:14.098,总损失:14.098
------划分值:1.000,左节点损失:14.073,右节点损失:0.000,总损失:14.073
('----划分特征：', 708)
------划分值:0.000,左节点损失:0.000,右节点损失:14.098,总损失:14.098
------划分值:1.000,左节点损失:14.047,右节点损失:0.000,总损失:14.047
('----划分特征：', 709)
------划分值:0.000,左节点损失:0.000,右节点损失:14.098,总损失:14.098
------划分值:1.000,左节点损失:14.018,右节点损失:0.000,总损失:14.018
('----划分特征：', 710)
------划分值:0.000,左节点损失:0.000,右节点损失:14.098,总损失:14.098
------划分值:1.000,左节点损失:13.974,右节点损失:0.026,总损失:14.000
('----划分特征：', 711)
------划分值:0.000,左节点损失:0.000,右节点损失:14.098,总损失:14.098
------划分值:1.000,左节点损失:13.947,右节点损失:0.053,总损失:14.000
('----划分特征：', 712)
------划分值:0.000,左节点损失:0.000,右节点损失:14.098,总损失:14.098
------划分值:1.000,左节点损失:13.953,右节点损失:0.053,总损失:14.006
('----划分特征：', 713)
------划分值:0.000,左节点损失:0.000,右节点损失:14.098,总损失:14.098
------划分值:1.000,左节点损失:13.936,右节点损失:0.079,总损失:14.015
('----划分特征：', 714)
------划分值:0.000,左节点损失:0.000,右节点损失:14.098,总损失:14.098
------划分值:1.000,左节点损失:13.969,右节点损失:0.053,总损失:14.022
('----划分特征：', 715)
------划分值:0.000,左节点损失:0.000,右节点损失:14.098,总损失:14.098
------划分值:1.000,左节点损失:14.004,右节点损失:0.026,总损失:14.030
('----划分特征：', 716)
------划分值:0.000,左节点损失:0.000,右节点损失:14.098,总损失:14.098
------划分值:1.000,左节点损失:14.035,右节点损失:0.000,总损失:14.035
('----划分特征：', 717)
------划分值:0.000,左节点损失:0.000,右节点损失:14.098,总损失:14.098
------划分值:1.000,左节点损失:14.056,右节点损失:0.000,总损失:14.056
('----划分特征：', 718)
------划分值:0.000,左节点损失:0.000,右节点损失:14.098,总损失:14.098
------划分值:1.000,左节点损失:14.070,右节点损失:0.000,总损失:14.070
('----划分特征：', 719)
------划分值:0.000,左节点损失:0.000,右节点损失:14.098,总损失:14.098
------划分值:1.000,左节点损失:14.080,右节点损失:0.000,总损失:14.080
('----划分特征：', 720)
------划分值:0.000,左节点损失:0.000,右节点损失:14.098,总损失:14.098
------划分值:1.000,左节点损失:14.085,右节点损失:0.000,总损失:14.085
('----划分特征：', 721)
------划分值:0.000,左节点损失:0.000,右节点损失:14.098,总损失:14.098
------划分值:1.000,左节点损失:14.090,右节点损失:0.000,总损失:14.090
('----划分特征：', 722)
------划分值:0.000,左节点损失:0.000,右节点损失:14.098,总损失:14.098
------划分值:1.000,左节点损失:14.095,右节点损失:0.000,总损失:14.095
('----划分特征：', 723)
------划分值:0.000,左节点损失:0.000,右节点损失:14.098,总损失:14.098
------划分值:1.000,左节点损失:14.097,右节点损失:0.000,总损失:14.097
('----划分特征：', 724)
------划分值:0.000,左节点损失:0.000,右节点损失:14.098,总损失:14.098
('----划分特征：', 725)
------划分值:0.000,左节点损失:0.000,右节点损失:14.098,总损失:14.098
('----划分特征：', 726)
------划分值:0.000,左节点损失:0.000,右节点损失:14.098,总损失:14.098
('----划分特征：', 727)
------划分值:0.000,左节点损失:0.000,右节点损失:14.098,总损失:14.098
('----划分特征：', 728)
------划分值:0.000,左节点损失:0.000,右节点损失:14.098,总损失:14.098
('----划分特征：', 729)
------划分值:0.000,左节点损失:0.000,右节点损失:14.098,总损失:14.098
('----划分特征：', 730)
------划分值:0.000,左节点损失:0.000,右节点损失:14.098,总损失:14.098
('----划分特征：', 731)
------划分值:0.000,左节点损失:0.000,右节点损失:14.098,总损失:14.098
('----划分特征：', 732)
------划分值:0.000,左节点损失:0.000,右节点损失:14.098,总损失:14.098
------划分值:1.000,左节点损失:14.097,右节点损失:0.000,总损失:14.097
('----划分特征：', 733)
------划分值:0.000,左节点损失:0.000,右节点损失:14.098,总损失:14.098
------划分值:1.000,左节点损失:14.096,右节点损失:0.000,总损失:14.096
('----划分特征：', 734)
------划分值:0.000,左节点损失:0.000,右节点损失:14.098,总损失:14.098
------划分值:1.000,左节点损失:14.092,右节点损失:0.000,总损失:14.092
('----划分特征：', 735)
------划分值:0.000,左节点损失:0.000,右节点损失:14.098,总损失:14.098
------划分值:1.000,左节点损失:14.086,右节点损失:0.000,总损失:14.086
('----划分特征：', 736)
------划分值:0.000,左节点损失:0.000,右节点损失:14.098,总损失:14.098
------划分值:1.000,左节点损失:14.075,右节点损失:0.000,总损失:14.075
('----划分特征：', 737)
------划分值:0.000,左节点损失:0.000,右节点损失:14.098,总损失:14.098
------划分值:1.000,左节点损失:14.066,右节点损失:0.000,总损失:14.066
('----划分特征：', 738)
------划分值:0.000,左节点损失:0.000,右节点损失:14.098,总损失:14.098
------划分值:1.000,左节点损失:14.060,右节点损失:0.000,总损失:14.060
('----划分特征：', 739)
------划分值:0.000,左节点损失:0.000,右节点损失:14.098,总损失:14.098
------划分值:1.000,左节点损失:14.060,右节点损失:0.000,总损失:14.060
('----划分特征：', 740)
------划分值:0.000,左节点损失:0.000,右节点损失:14.098,总损失:14.098
------划分值:1.000,左节点损失:14.065,右节点损失:0.000,总损失:14.065
('----划分特征：', 741)
------划分值:0.000,左节点损失:0.000,右节点损失:14.098,总损失:14.098
------划分值:1.000,左节点损失:14.067,右节点损失:0.000,总损失:14.067
('----划分特征：', 742)
------划分值:0.000,左节点损失:0.000,右节点损失:14.098,总损失:14.098
------划分值:1.000,左节点损失:14.067,右节点损失:0.000,总损失:14.067
('----划分特征：', 743)
------划分值:0.000,左节点损失:0.000,右节点损失:14.098,总损失:14.098
------划分值:1.000,左节点损失:14.075,右节点损失:0.000,总损失:14.075
('----划分特征：', 744)
------划分值:0.000,左节点损失:0.000,右节点损失:14.098,总损失:14.098
------划分值:1.000,左节点损失:14.077,右节点损失:0.000,总损失:14.077
('----划分特征：', 745)
------划分值:0.000,左节点损失:0.000,右节点损失:14.098,总损失:14.098
------划分值:1.000,左节点损失:14.080,右节点损失:0.000,总损失:14.080
('----划分特征：', 746)
------划分值:0.000,左节点损失:0.000,右节点损失:14.098,总损失:14.098
------划分值:1.000,左节点损失:14.086,右节点损失:0.000,总损失:14.086
('----划分特征：', 747)
------划分值:0.000,左节点损失:0.000,右节点损失:14.098,总损失:14.098
------划分值:1.000,左节点损失:14.091,右节点损失:0.000,总损失:14.091
('----划分特征：', 748)
------划分值:0.000,左节点损失:0.000,右节点损失:14.098,总损失:14.098
------划分值:1.000,左节点损失:14.093,右节点损失:0.000,总损失:14.093
('----划分特征：', 749)
------划分值:0.000,左节点损失:0.000,右节点损失:14.098,总损失:14.098
------划分值:1.000,左节点损失:14.095,右节点损失:0.000,总损失:14.095
('----划分特征：', 750)
------划分值:0.000,左节点损失:0.000,右节点损失:14.098,总损失:14.098
------划分值:1.000,左节点损失:14.097,右节点损失:0.000,总损失:14.097
('----划分特征：', 751)
------划分值:0.000,左节点损失:0.000,右节点损失:14.098,总损失:14.098
------划分值:1.000,左节点损失:14.097,右节点损失:0.000,总损失:14.097
('----划分特征：', 752)
------划分值:0.000,左节点损失:0.000,右节点损失:14.098,总损失:14.098
('----划分特征：', 753)
------划分值:0.000,左节点损失:0.000,右节点损失:14.098,总损失:14.098
('----划分特征：', 754)
------划分值:0.000,左节点损失:0.000,右节点损失:14.098,总损失:14.098
('----划分特征：', 755)
------划分值:0.000,左节点损失:0.000,右节点损失:14.098,总损失:14.098
('----划分特征：', 756)
------划分值:0.000,左节点损失:0.000,右节点损失:14.098,总损失:14.098
('----划分特征：', 757)
------划分值:0.000,左节点损失:0.000,右节点损失:14.098,总损失:14.098
('----划分特征：', 758)
------划分值:0.000,左节点损失:0.000,右节点损失:14.098,总损失:14.098
('----划分特征：', 759)
------划分值:0.000,左节点损失:0.000,右节点损失:14.098,总损失:14.098
('----划分特征：', 760)
------划分值:0.000,左节点损失:0.000,右节点损失:14.098,总损失:14.098
('----划分特征：', 761)
------划分值:0.000,左节点损失:0.000,右节点损失:14.098,总损失:14.098
------划分值:1.000,左节点损失:14.097,右节点损失:0.000,总损失:14.097
('----划分特征：', 762)
------划分值:0.000,左节点损失:0.000,右节点损失:14.098,总损失:14.098
------划分值:1.000,左节点损失:14.097,右节点损失:0.000,总损失:14.097
('----划分特征：', 763)
------划分值:0.000,左节点损失:0.000,右节点损失:14.098,总损失:14.098
------划分值:1.000,左节点损失:14.097,右节点损失:0.000,总损失:14.097
('----划分特征：', 764)
------划分值:0.000,左节点损失:0.000,右节点损失:14.098,总损失:14.098
------划分值:1.000,左节点损失:14.097,右节点损失:0.000,总损失:14.097
('----划分特征：', 765)
------划分值:0.000,左节点损失:0.000,右节点损失:14.098,总损失:14.098
------划分值:1.000,左节点损失:14.097,右节点损失:0.000,总损失:14.097
('----划分特征：', 766)
------划分值:0.000,左节点损失:0.000,右节点损失:14.098,总损失:14.098
------划分值:1.000,左节点损失:14.095,右节点损失:0.000,总损失:14.095
('----划分特征：', 767)
------划分值:0.000,左节点损失:0.000,右节点损失:14.098,总损失:14.098
------划分值:1.000,左节点损失:14.095,右节点损失:0.000,总损失:14.095
('----划分特征：', 768)
------划分值:0.000,左节点损失:0.000,右节点损失:14.098,总损失:14.098
------划分值:1.000,左节点损失:14.093,右节点损失:0.000,总损失:14.093
('----划分特征：', 769)
------划分值:0.000,左节点损失:0.000,右节点损失:14.098,总损失:14.098
------划分值:1.000,左节点损失:14.093,右节点损失:0.000,总损失:14.093
('----划分特征：', 770)
------划分值:0.000,左节点损失:0.000,右节点损失:14.098,总损失:14.098
------划分值:1.000,左节点损失:14.094,右节点损失:0.000,总损失:14.094
('----划分特征：', 771)
------划分值:0.000,左节点损失:0.000,右节点损失:14.098,总损失:14.098
------划分值:1.000,左节点损失:14.095,右节点损失:0.000,总损失:14.095
('----划分特征：', 772)
------划分值:0.000,左节点损失:0.000,右节点损失:14.098,总损失:14.098
------划分值:1.000,左节点损失:14.095,右节点损失:0.000,总损失:14.095
('----划分特征：', 773)
------划分值:0.000,左节点损失:0.000,右节点损失:14.098,总损失:14.098
------划分值:1.000,左节点损失:14.096,右节点损失:0.000,总损失:14.096
('----划分特征：', 774)
------划分值:0.000,左节点损失:0.000,右节点损失:14.098,总损失:14.098
------划分值:1.000,左节点损失:14.097,右节点损失:0.000,总损失:14.097
('----划分特征：', 775)
------划分值:0.000,左节点损失:0.000,右节点损失:14.098,总损失:14.098
------划分值:1.000,左节点损失:14.097,右节点损失:0.000,总损失:14.097
('----划分特征：', 776)
------划分值:0.000,左节点损失:0.000,右节点损失:14.098,总损失:14.098
------划分值:1.000,左节点损失:14.097,右节点损失:0.000,总损失:14.097
('----划分特征：', 777)
------划分值:0.000,左节点损失:0.000,右节点损失:14.098,总损失:14.098
------划分值:1.000,左节点损失:14.097,右节点损失:0.000,总损失:14.097
('----划分特征：', 778)
------划分值:0.000,左节点损失:0.000,右节点损失:14.098,总损失:14.098
('----划分特征：', 779)
------划分值:0.000,左节点损失:0.000,右节点损失:14.098,总损失:14.098
('----划分特征：', 780)
------划分值:0.000,左节点损失:0.000,右节点损失:14.098,总损失:14.098
('----划分特征：', 781)
------划分值:0.000,左节点损失:0.000,右节点损失:14.098,总损失:14.098
('----划分特征：', 782)
------划分值:0.000,左节点损失:0.000,右节点损失:14.098,总损失:14.098
('----划分特征：', 783)
------划分值:0.000,左节点损失:0.000,右节点损失:14.098,总损失:14.098
('----划分特征：', 'label')
------划分值:0.000,左节点损失:0.000,右节点损失:14.098,总损失:14.098
------划分值:1.000,左节点损失:0.000,右节点损失:0.000,总损失:0.000
('----划分特征：', 'f_0')
------划分值:-2.212,左节点损失:0.000,右节点损失:14.098,总损失:14.098
('----划分特征：', 'res_1')
------划分值:-0.099,左节点损失:0.000,右节点损失:14.098,总损失:14.098
------划分值:0.901,左节点损失:0.000,右节点损失:0.000,总损失:0.000
('----划分特征：', 'f_1')
------划分值:-2.323,左节点损失:0.000,右节点损失:14.098,总损失:14.098
------划分值:-1.199,左节点损失:0.000,右节点损失:0.000,总损失:0.000
('----划分特征：', 'res_2')
------划分值:-0.089,左节点损失:0.000,右节点损失:14.098,总损失:14.098
------划分值:0.768,左节点损失:0.000,右节点损失:0.000,总损失:0.000
('----划分特征：', 'f_2')
------划分值:-2.433,左节点损失:0.000,右节点损失:14.098,总损失:14.098
------划分值:-0.767,左节点损失:0.000,右节点损失:0.000,总损失:0.000
('----划分特征：', 'res_3')
------划分值:-0.081,左节点损失:0.000,右节点损失:14.098,总损失:14.098
------划分值:0.683,左节点损失:0.000,右节点损失:0.000,总损失:0.000
('----划分特征：', 'f_3')
------划分值:-2.542,左节点损失:0.000,右节点损失:14.098,总损失:14.098
------划分值:-0.452,左节点损失:0.000,右节点损失:0.000,总损失:0.000
('----划分特征：', 'res_4')
------划分值:-0.073,左节点损失:0.000,右节点损失:14.098,总损失:14.098
------划分值:0.611,左节点损失:0.000,右节点损失:0.000,总损失:0.000
('----划分特征：', 'f_4')
------划分值:-2.650,左节点损失:0.000,右节点损失:14.098,总损失:14.098
------划分值:-0.195,左节点损失:0.000,右节点损失:0.000,总损失:0.000
('----划分特征：', 'res_5')
------划分值:-0.066,左节点损失:0.000,右节点损失:14.098,总损失:14.098
------划分值:0.549,左节点损失:0.000,右节点损失:0.000,总损失:0.000
('----划分特征：', 'f_5')
------划分值:-2.757,左节点损失:0.000,右节点损失:14.098,总损失:14.098
------划分值:0.027,左节点损失:0.000,右节点损失:0.000,总损失:0.000
('----划分特征：', 'res_6')
------划分值:-0.060,左节点损失:0.000,右节点损失:14.098,总损失:14.098
------划分值:0.493,左节点损失:0.000,右节点损失:0.000,总损失:0.000
('----划分特征：', 'f_6')
------划分值:-2.863,左节点损失:0.000,右节点损失:14.098,总损失:14.098
------划分值:0.224,左节点损失:0.000,右节点损失:0.000,总损失:0.000
('----划分特征：', 'res_7')
------划分值:-0.054,左节点损失:0.000,右节点损失:14.098,总损失:14.098
------划分值:0.444,左节点损失:0.000,右节点损失:0.000,总损失:0.000
('----划分特征：', 'f_7')
------划分值:-2.969,左节点损失:0.000,右节点损失:14.098,总损失:14.098
------划分值:0.404,左节点损失:0.000,右节点损失:0.000,总损失:0.000
('----划分特征：', 'res_8')
------划分值:-0.049,左节点损失:0.000,右节点损失:14.098,总损失:14.098
------划分值:0.400,左节点损失:0.000,右节点损失:0.000,总损失:0.000
('----划分特征：', 'f_8')
------划分值:-3.074,左节点损失:0.000,右节点损失:14.098,总损失:14.098
------划分值:0.571,左节点损失:0.000,右节点损失:0.000,总损失:0.000
('----划分特征：', 'res_9')
------划分值:-0.044,左节点损失:0.000,右节点损失:14.098,总损失:14.098
------划分值:0.361,左节点损失:0.000,右节点损失:0.000,总损失:0.000
('----划分特征：', 'f_9')
------划分值:-3.178,左节点损失:0.000,右节点损失:14.098,总损失:14.098
------划分值:0.727,左节点损失:0.000,右节点损失:0.000,总损失:0.000
('----划分特征：', 'res_10')
------划分值:-0.040,左节点损失:0.000,右节点损失:14.098,总损失:14.098
------划分值:0.326,左节点损失:0.000,右节点损失:0.000,总损失:0.000
('--最佳划分特征：', 'label')
('--最佳划分值：', 1)
('叶子节点预测值：', -1.018274137090414)
('叶子节点预测值：', 1.1690396993635181)
第18棵树: log-likelihood:3.2738
