-----------------------------构建第12颗树-----------------------------
--树的深度：0
('----划分特征：', 1)
------划分值:0.000,左节点损失:0.000,右节点损失:47.470,总损失:47.470
('----划分特征：', 2)
------划分值:0.000,左节点损失:0.000,右节点损失:47.470,总损失:47.470
('----划分特征：', 3)
------划分值:0.000,左节点损失:0.000,右节点损失:47.470,总损失:47.470
('----划分特征：', 4)
------划分值:0.000,左节点损失:0.000,右节点损失:47.470,总损失:47.470
('----划分特征：', 5)
------划分值:0.000,左节点损失:0.000,右节点损失:47.470,总损失:47.470
('----划分特征：', 6)
------划分值:0.000,左节点损失:0.000,右节点损失:47.470,总损失:47.470
('----划分特征：', 7)
------划分值:0.000,左节点损失:0.000,右节点损失:47.470,总损失:47.470
('----划分特征：', 8)
------划分值:0.000,左节点损失:0.000,右节点损失:47.470,总损失:47.470
('----划分特征：', 9)
------划分值:0.000,左节点损失:0.000,右节点损失:47.470,总损失:47.470
('----划分特征：', 10)
------划分值:0.000,左节点损失:0.000,右节点损失:47.470,总损失:47.470
('----划分特征：', 11)
------划分值:0.000,左节点损失:0.000,右节点损失:47.470,总损失:47.470
('----划分特征：', 12)
------划分值:0.000,左节点损失:0.000,右节点损失:47.470,总损失:47.470
('----划分特征：', 13)
------划分值:0.000,左节点损失:0.000,右节点损失:47.470,总损失:47.470
('----划分特征：', 14)
------划分值:0.000,左节点损失:0.000,右节点损失:47.470,总损失:47.470
('----划分特征：', 15)
------划分值:0.000,左节点损失:0.000,右节点损失:47.470,总损失:47.470
('----划分特征：', 16)
------划分值:0.000,左节点损失:0.000,右节点损失:47.470,总损失:47.470
('----划分特征：', 17)
------划分值:0.000,左节点损失:0.000,右节点损失:47.470,总损失:47.470
('----划分特征：', 18)
------划分值:0.000,左节点损失:0.000,右节点损失:47.470,总损失:47.470
('----划分特征：', 19)
------划分值:0.000,左节点损失:0.000,右节点损失:47.470,总损失:47.470
('----划分特征：', 20)
------划分值:0.000,左节点损失:0.000,右节点损失:47.470,总损失:47.470
('----划分特征：', 21)
------划分值:0.000,左节点损失:0.000,右节点损失:47.470,总损失:47.470
('----划分特征：', 22)
------划分值:0.000,左节点损失:0.000,右节点损失:47.470,总损失:47.470
('----划分特征：', 23)
------划分值:0.000,左节点损失:0.000,右节点损失:47.470,总损失:47.470
('----划分特征：', 24)
------划分值:0.000,左节点损失:0.000,右节点损失:47.470,总损失:47.470
('----划分特征：', 25)
------划分值:0.000,左节点损失:0.000,右节点损失:47.470,总损失:47.470
('----划分特征：', 26)
------划分值:0.000,左节点损失:0.000,右节点损失:47.470,总损失:47.470
('----划分特征：', 27)
------划分值:0.000,左节点损失:0.000,右节点损失:47.470,总损失:47.470
('----划分特征：', 28)
------划分值:0.000,左节点损失:0.000,右节点损失:47.470,总损失:47.470
('----划分特征：', 29)
------划分值:0.000,左节点损失:0.000,右节点损失:47.470,总损失:47.470
('----划分特征：', 30)
------划分值:0.000,左节点损失:0.000,右节点损失:47.470,总损失:47.470
('----划分特征：', 31)
------划分值:0.000,左节点损失:0.000,右节点损失:47.470,总损失:47.470
('----划分特征：', 32)
------划分值:0.000,左节点损失:0.000,右节点损失:47.470,总损失:47.470
('----划分特征：', 33)
------划分值:0.000,左节点损失:0.000,右节点损失:47.470,总损失:47.470
('----划分特征：', 34)
------划分值:0.000,左节点损失:0.000,右节点损失:47.470,总损失:47.470
('----划分特征：', 35)
------划分值:0.000,左节点损失:0.000,右节点损失:47.470,总损失:47.470
('----划分特征：', 36)
------划分值:0.000,左节点损失:0.000,右节点损失:47.470,总损失:47.470
------划分值:1.000,左节点损失:47.469,右节点损失:0.000,总损失:47.469
('----划分特征：', 37)
------划分值:0.000,左节点损失:0.000,右节点损失:47.470,总损失:47.470
------划分值:1.000,左节点损失:47.468,右节点损失:0.000,总损失:47.468
('----划分特征：', 38)
------划分值:0.000,左节点损失:0.000,右节点损失:47.470,总损失:47.470
------划分值:1.000,左节点损失:47.469,右节点损失:0.000,总损失:47.469
('----划分特征：', 39)
------划分值:0.000,左节点损失:0.000,右节点损失:47.470,总损失:47.470
------划分值:1.000,左节点损失:47.467,右节点损失:0.000,总损失:47.467
('----划分特征：', 40)
------划分值:0.000,左节点损失:0.000,右节点损失:47.470,总损失:47.470
------划分值:1.000,左节点损失:47.469,右节点损失:0.000,总损失:47.469
('----划分特征：', 41)
------划分值:0.000,左节点损失:0.000,右节点损失:47.470,总损失:47.470
------划分值:1.000,左节点损失:47.468,右节点损失:0.000,总损失:47.468
('----划分特征：', 42)
------划分值:0.000,左节点损失:0.000,右节点损失:47.470,总损失:47.470
------划分值:1.000,左节点损失:47.469,右节点损失:0.000,总损失:47.469
('----划分特征：', 43)
------划分值:0.000,左节点损失:0.000,右节点损失:47.470,总损失:47.470
------划分值:1.000,左节点损失:47.466,右节点损失:0.000,总损失:47.466
('----划分特征：', 44)
------划分值:0.000,左节点损失:0.000,右节点损失:47.470,总损失:47.470
------划分值:1.000,左节点损失:47.465,右节点损失:0.000,总损失:47.465
('----划分特征：', 45)
------划分值:0.000,左节点损失:0.000,右节点损失:47.470,总损失:47.470
------划分值:1.000,左节点损失:47.467,右节点损失:0.000,总损失:47.467
('----划分特征：', 46)
------划分值:0.000,左节点损失:0.000,右节点损失:47.470,总损失:47.470
------划分值:1.000,左节点损失:47.467,右节点损失:0.000,总损失:47.467
('----划分特征：', 47)
------划分值:0.000,左节点损失:0.000,右节点损失:47.470,总损失:47.470
------划分值:1.000,左节点损失:47.469,右节点损失:0.000,总损失:47.469
('----划分特征：', 48)
------划分值:0.000,左节点损失:0.000,右节点损失:47.470,总损失:47.470
------划分值:1.000,左节点损失:47.468,右节点损失:0.000,总损失:47.468
('----划分特征：', 49)
------划分值:0.000,左节点损失:0.000,右节点损失:47.470,总损失:47.470
------划分值:1.000,左节点损失:47.469,右节点损失:0.000,总损失:47.469
('----划分特征：', 50)
------划分值:0.000,左节点损失:0.000,右节点损失:47.470,总损失:47.470
------划分值:1.000,左节点损失:47.469,右节点损失:0.000,总损失:47.469
('----划分特征：', 51)
------划分值:0.000,左节点损失:0.000,右节点损失:47.470,总损失:47.470
('----划分特征：', 52)
------划分值:0.000,左节点损失:0.000,右节点损失:47.470,总损失:47.470
('----划分特征：', 53)
------划分值:0.000,左节点损失:0.000,右节点损失:47.470,总损失:47.470
('----划分特征：', 54)
------划分值:0.000,左节点损失:0.000,右节点损失:47.470,总损失:47.470
('----划分特征：', 55)
------划分值:0.000,左节点损失:0.000,右节点损失:47.470,总损失:47.470
('----划分特征：', 56)
------划分值:0.000,左节点损失:0.000,右节点损失:47.470,总损失:47.470
('----划分特征：', 57)
------划分值:0.000,左节点损失:0.000,右节点损失:47.470,总损失:47.470
('----划分特征：', 58)
------划分值:0.000,左节点损失:0.000,右节点损失:47.470,总损失:47.470
('----划分特征：', 59)
------划分值:0.000,左节点损失:0.000,右节点损失:47.470,总损失:47.470
('----划分特征：', 60)
------划分值:0.000,左节点损失:0.000,右节点损失:47.470,总损失:47.470
('----划分特征：', 61)
------划分值:0.000,左节点损失:0.000,右节点损失:47.470,总损失:47.470
('----划分特征：', 62)
------划分值:0.000,左节点损失:0.000,右节点损失:47.470,总损失:47.470
('----划分特征：', 63)
------划分值:0.000,左节点损失:0.000,右节点损失:47.470,总损失:47.470
('----划分特征：', 64)
------划分值:0.000,左节点损失:0.000,右节点损失:47.470,总损失:47.470
------划分值:1.000,左节点损失:47.466,右节点损失:0.000,总损失:47.466
('----划分特征：', 65)
------划分值:0.000,左节点损失:0.000,右节点损失:47.470,总损失:47.470
------划分值:1.000,左节点损失:47.463,右节点损失:0.000,总损失:47.463
('----划分特征：', 66)
------划分值:0.000,左节点损失:0.000,右节点损失:47.470,总损失:47.470
------划分值:1.000,左节点损失:47.458,右节点损失:0.000,总损失:47.458
('----划分特征：', 67)
------划分值:0.000,左节点损失:0.000,右节点损失:47.470,总损失:47.470
------划分值:1.000,左节点损失:47.452,右节点损失:0.000,总损失:47.452
('----划分特征：', 68)
------划分值:0.000,左节点损失:0.000,右节点损失:47.470,总损失:47.470
------划分值:1.000,左节点损失:47.444,右节点损失:0.000,总损失:47.444
('----划分特征：', 69)
------划分值:0.000,左节点损失:0.000,右节点损失:47.470,总损失:47.470
------划分值:1.000,左节点损失:47.440,右节点损失:0.000,总损失:47.440
('----划分特征：', 70)
------划分值:0.000,左节点损失:0.000,右节点损失:47.470,总损失:47.470
------划分值:1.000,左节点损失:47.417,右节点损失:0.000,总损失:47.417
('----划分特征：', 71)
------划分值:0.000,左节点损失:0.000,右节点损失:47.470,总损失:47.470
------划分值:1.000,左节点损失:47.405,右节点损失:0.000,总损失:47.405
('----划分特征：', 72)
------划分值:0.000,左节点损失:0.000,右节点损失:47.470,总损失:47.470
------划分值:1.000,左节点损失:47.372,右节点损失:0.000,总损失:47.372
('----划分特征：', 73)
------划分值:0.000,左节点损失:0.000,右节点损失:47.470,总损失:47.470
------划分值:1.000,左节点损失:47.370,右节点损失:0.000,总损失:47.370
('----划分特征：', 74)
------划分值:0.000,左节点损失:0.000,右节点损失:47.470,总损失:47.470
------划分值:1.000,左节点损失:47.391,右节点损失:0.000,总损失:47.391
('----划分特征：', 75)
------划分值:0.000,左节点损失:0.000,右节点损失:47.470,总损失:47.470
------划分值:1.000,左节点损失:47.417,右节点损失:0.000,总损失:47.417
('----划分特征：', 76)
------划分值:0.000,左节点损失:0.000,右节点损失:47.470,总损失:47.470
------划分值:1.000,左节点损失:47.447,右节点损失:0.000,总损失:47.447
('----划分特征：', 77)
------划分值:0.000,左节点损失:0.000,右节点损失:47.470,总损失:47.470
------划分值:1.000,左节点损失:47.461,右节点损失:0.000,总损失:47.461
('----划分特征：', 78)
------划分值:0.000,左节点损失:0.000,右节点损失:47.470,总损失:47.470
------划分值:1.000,左节点损失:47.467,右节点损失:0.000,总损失:47.467
('----划分特征：', 79)
------划分值:0.000,左节点损失:0.000,右节点损失:47.470,总损失:47.470
------划分值:1.000,左节点损失:47.469,右节点损失:0.000,总损失:47.469
('----划分特征：', 80)
------划分值:0.000,左节点损失:0.000,右节点损失:47.470,总损失:47.470
('----划分特征：', 81)
------划分值:0.000,左节点损失:0.000,右节点损失:47.470,总损失:47.470
('----划分特征：', 82)
------划分值:0.000,左节点损失:0.000,右节点损失:47.470,总损失:47.470
('----划分特征：', 83)
------划分值:0.000,左节点损失:0.000,右节点损失:47.470,总损失:47.470
('----划分特征：', 84)
------划分值:0.000,左节点损失:0.000,右节点损失:47.470,总损失:47.470
('----划分特征：', 85)
------划分值:0.000,左节点损失:0.000,右节点损失:47.470,总损失:47.470
('----划分特征：', 86)
------划分值:0.000,左节点损失:0.000,右节点损失:47.470,总损失:47.470
('----划分特征：', 87)
------划分值:0.000,左节点损失:0.000,右节点损失:47.470,总损失:47.470
('----划分特征：', 88)
------划分值:0.000,左节点损失:0.000,右节点损失:47.470,总损失:47.470
('----划分特征：', 89)
------划分值:0.000,左节点损失:0.000,右节点损失:47.470,总损失:47.470
------划分值:1.000,左节点损失:47.468,右节点损失:0.000,总损失:47.468
('----划分特征：', 90)
------划分值:0.000,左节点损失:0.000,右节点损失:47.470,总损失:47.470
------划分值:1.000,左节点损失:47.465,右节点损失:0.000,总损失:47.465
('----划分特征：', 91)
------划分值:0.000,左节点损失:0.000,右节点损失:47.470,总损失:47.470
------划分值:1.000,左节点损失:47.463,右节点损失:0.000,总损失:47.463
('----划分特征：', 92)
------划分值:0.000,左节点损失:0.000,右节点损失:47.470,总损失:47.470
------划分值:1.000,左节点损失:47.451,右节点损失:0.000,总损失:47.451
('----划分特征：', 93)
------划分值:0.000,左节点损失:0.000,右节点损失:47.470,总损失:47.470
------划分值:1.000,左节点损失:47.438,右节点损失:0.000,总损失:47.438
('----划分特征：', 94)
------划分值:0.000,左节点损失:0.000,右节点损失:47.470,总损失:47.470
------划分值:1.000,左节点损失:47.406,右节点损失:0.000,总损失:47.406
('----划分特征：', 95)
------划分值:0.000,左节点损失:0.000,右节点损失:47.470,总损失:47.470
------划分值:1.000,左节点损失:47.307,右节点损失:0.088,总损失:47.395
('----划分特征：', 96)
------划分值:0.000,左节点损失:0.000,右节点损失:47.470,总损失:47.470
------划分值:1.000,左节点损失:47.056,右节点损失:0.346,总损失:47.402
('----划分特征：', 97)
------划分值:0.000,左节点损失:0.000,右节点损失:47.470,总损失:47.470
------划分值:1.000,左节点损失:46.798,右节点损失:0.601,总损失:47.398
('----划分特征：', 98)
------划分值:0.000,左节点损失:0.000,右节点损失:47.470,总损失:47.470
------划分值:1.000,左节点损失:46.532,右节点损失:0.855,总损失:47.387
('----划分特征：', 99)
------划分值:0.000,左节点损失:0.000,右节点损失:47.470,总损失:47.470
------划分值:1.000,左节点损失:46.402,右节点损失:0.945,总损失:47.347
('----划分特征：', 100)
------划分值:0.000,左节点损失:0.000,右节点损失:47.470,总损失:47.470
------划分值:1.000,左节点损失:46.500,右节点损失:0.781,总损失:47.281
('----划分特征：', 101)
------划分值:0.000,左节点损失:0.000,右节点损失:47.470,总损失:47.470
------划分值:1.000,左节点损失:46.589,右节点损失:0.695,总损失:47.284
('----划分特征：', 102)
------划分值:0.000,左节点损失:0.000,右节点损失:47.470,总损失:47.470
------划分值:1.000,左节点损失:46.951,右节点损失:0.350,总损失:47.301
('----划分特征：', 103)
------划分值:0.000,左节点损失:0.000,右节点损失:47.470,总损失:47.470
------划分值:1.000,左节点损失:46.953,右节点损失:0.433,总损失:47.385
('----划分特征：', 104)
------划分值:0.000,左节点损失:0.000,右节点损失:47.470,总损失:47.470
------划分值:1.000,左节点损失:47.247,右节点损失:0.174,总损失:47.421
('----划分特征：', 105)
------划分值:0.000,左节点损失:0.000,右节点损失:47.470,总损失:47.470
------划分值:1.000,左节点损失:47.431,右节点损失:0.000,总损失:47.431
('----划分特征：', 106)
------划分值:0.000,左节点损失:0.000,右节点损失:47.470,总损失:47.470
------划分值:1.000,左节点损失:47.455,右节点损失:0.000,总损失:47.455
('----划分特征：', 107)
------划分值:0.000,左节点损失:0.000,右节点损失:47.470,总损失:47.470
------划分值:1.000,左节点损失:47.465,右节点损失:0.000,总损失:47.465
('----划分特征：', 108)
------划分值:0.000,左节点损失:0.000,右节点损失:47.470,总损失:47.470
------划分值:1.000,左节点损失:47.469,右节点损失:0.000,总损失:47.469
('----划分特征：', 109)
------划分值:0.000,左节点损失:0.000,右节点损失:47.470,总损失:47.470
('----划分特征：', 110)
------划分值:0.000,左节点损失:0.000,右节点损失:47.470,总损失:47.470
('----划分特征：', 111)
------划分值:0.000,左节点损失:0.000,右节点损失:47.470,总损失:47.470
('----划分特征：', 112)
------划分值:0.000,左节点损失:0.000,右节点损失:47.470,总损失:47.470
('----划分特征：', 113)
------划分值:0.000,左节点损失:0.000,右节点损失:47.470,总损失:47.470
('----划分特征：', 114)
------划分值:0.000,左节点损失:0.000,右节点损失:47.470,总损失:47.470
('----划分特征：', 115)
------划分值:0.000,左节点损失:0.000,右节点损失:47.470,总损失:47.470
('----划分特征：', 116)
------划分值:0.000,左节点损失:0.000,右节点损失:47.470,总损失:47.470
------划分值:1.000,左节点损失:47.469,右节点损失:0.000,总损失:47.469
('----划分特征：', 117)
------划分值:0.000,左节点损失:0.000,右节点损失:47.470,总损失:47.470
------划分值:1.000,左节点损失:47.463,右节点损失:0.000,总损失:47.463
('----划分特征：', 118)
------划分值:0.000,左节点损失:0.000,右节点损失:47.470,总损失:47.470
------划分值:1.000,左节点损失:47.454,右节点损失:0.000,总损失:47.454
('----划分特征：', 119)
------划分值:0.000,左节点损失:0.000,右节点损失:47.470,总损失:47.470
------划分值:1.000,左节点损失:47.439,右节点损失:0.000,总损失:47.439
('----划分特征：', 120)
------划分值:0.000,左节点损失:0.000,右节点损失:47.470,总损失:47.470
------划分值:1.000,左节点损失:47.398,右节点损失:0.000,总损失:47.398
('----划分特征：', 121)
------划分值:0.000,左节点损失:0.000,右节点损失:47.470,总损失:47.470
------划分值:1.000,左节点损失:47.121,右节点损失:0.262,总损失:47.382
('----划分特征：', 122)
------划分值:0.000,左节点损失:0.000,右节点损失:47.470,总损失:47.470
------划分值:1.000,左节点损失:46.456,右节点损失:0.937,总损失:47.393
('----划分特征：', 123)
------划分值:0.000,左节点损失:0.000,右节点损失:47.470,总损失:47.470
------划分值:1.000,左节点损失:45.337,右节点损失:2.084,总损失:47.421
('----划分特征：', 124)
------划分值:0.000,左节点损失:0.000,右节点损失:47.470,总损失:47.470
------划分值:1.000,左节点损失:42.834,右节点损失:4.635,总损失:47.469
('----划分特征：', 125)
------划分值:0.000,左节点损失:0.000,右节点损失:47.470,总损失:47.470
------划分值:1.000,左节点损失:39.283,右节点损失:8.084,总损失:47.367
('----划分特征：', 126)
------划分值:0.000,左节点损失:0.000,右节点损失:47.470,总损失:47.470
------划分值:1.000,左节点损失:38.191,右节点损失:9.227,总损失:47.418
('----划分特征：', 127)
------划分值:0.000,左节点损失:0.000,右节点损失:47.470,总损失:47.470
------划分值:1.000,左节点损失:35.907,右节点损失:11.425,总损失:47.332
('----划分特征：', 128)
------划分值:0.000,左节点损失:0.000,右节点损失:47.470,总损失:47.470
------划分值:1.000,左节点损失:34.784,右节点损失:12.460,总损失:47.244
('----划分特征：', 129)
------划分值:0.000,左节点损失:0.000,右节点损失:47.470,总损失:47.470
------划分值:1.000,左节点损失:35.807,右节点损失:11.447,总损失:47.254
('----划分特征：', 130)
------划分值:0.000,左节点损失:0.000,右节点损失:47.470,总损失:47.470
------划分值:1.000,左节点损失:37.488,右节点损失:9.730,总损失:47.219
('----划分特征：', 131)
------划分值:0.000,左节点损失:0.000,右节点损失:47.470,总损失:47.470
------划分值:1.000,左节点损失:39.625,右节点损失:7.569,总损失:47.195
('----划分特征：', 132)
------划分值:0.000,左节点损失:0.000,右节点损失:47.470,总损失:47.470
------划分值:1.000,左节点损失:42.339,右节点损失:4.923,总损失:47.262
('----划分特征：', 133)
------划分值:0.000,左节点损失:0.000,右节点损失:47.470,总损失:47.470
------划分值:1.000,左节点损失:45.161,右节点损失:2.247,总损失:47.409
('----划分特征：', 134)
------划分值:0.000,左节点损失:0.000,右节点损失:47.470,总损失:47.470
------划分值:1.000,左节点损失:46.594,右节点损失:0.875,总损失:47.469
('----划分特征：', 135)
------划分值:0.000,左节点损失:0.000,右节点损失:47.470,总损失:47.470
------划分值:1.000,左节点损失:47.287,右节点损失:0.170,总损失:47.457
('----划分特征：', 136)
------划分值:0.000,左节点损失:0.000,右节点损失:47.470,总损失:47.470
------划分值:1.000,左节点损失:47.385,右节点损失:0.083,总损失:47.468
('----划分特征：', 137)
------划分值:0.000,左节点损失:0.000,右节点损失:47.470,总损失:47.470
('----划分特征：', 138)
------划分值:0.000,左节点损失:0.000,右节点损失:47.470,总损失:47.470
('----划分特征：', 139)
------划分值:0.000,左节点损失:0.000,右节点损失:47.470,总损失:47.470
('----划分特征：', 140)
------划分值:0.000,左节点损失:0.000,右节点损失:47.470,总损失:47.470
('----划分特征：', 141)
------划分值:0.000,左节点损失:0.000,右节点损失:47.470,总损失:47.470
('----划分特征：', 142)
------划分值:0.000,左节点损失:0.000,右节点损失:47.470,总损失:47.470
('----划分特征：', 143)
------划分值:0.000,左节点损失:0.000,右节点损失:47.470,总损失:47.470
------划分值:1.000,左节点损失:47.468,右节点损失:0.000,总损失:47.468
('----划分特征：', 144)
------划分值:0.000,左节点损失:0.000,右节点损失:47.470,总损失:47.470
------划分值:1.000,左节点损失:47.462,右节点损失:0.000,总损失:47.462
('----划分特征：', 145)
------划分值:0.000,左节点损失:0.000,右节点损失:47.470,总损失:47.470
------划分值:1.000,左节点损失:47.436,右节点损失:0.000,总损失:47.436
('----划分特征：', 146)
------划分值:0.000,左节点损失:0.000,右节点损失:47.470,总损失:47.470
------划分值:1.000,左节点损失:47.409,右节点损失:0.000,总损失:47.409
('----划分特征：', 147)
------划分值:0.000,左节点损失:0.000,右节点损失:47.470,总损失:47.470
------划分值:1.000,左节点损失:47.273,右节点损失:0.088,总损失:47.361
('----划分特征：', 148)
------划分值:0.000,左节点损失:0.000,右节点损失:47.470,总损失:47.470
------划分值:1.000,左节点损失:47.033,右节点损失:0.264,总损失:47.296
('----划分特征：', 149)
------划分值:0.000,左节点损失:0.000,右节点损失:47.470,总损失:47.470
------划分值:1.000,左节点损失:45.886,右节点损失:1.451,总损失:47.337
('----划分特征：', 150)
------划分值:0.000,左节点损失:0.000,右节点损失:47.470,总损失:47.470
------划分值:1.000,左节点损失:43.910,右节点损失:3.491,总损失:47.401
('----划分特征：', 151)
------划分值:0.000,左节点损失:0.000,右节点损失:47.470,总损失:47.470
------划分值:1.000,左节点损失:39.790,右节点损失:7.679,总损失:47.469
('----划分特征：', 152)
------划分值:0.000,左节点损失:0.000,右节点损失:47.470,总损失:47.470
------划分值:1.000,左节点损失:34.843,右节点损失:12.519,总损失:47.362
('----划分特征：', 153)
------划分值:0.000,左节点损失:0.000,右节点损失:47.470,总损失:47.470
------划分值:1.000,左节点损失:29.890,右节点损失:17.300,总损失:47.190
('----划分特征：', 154)
------划分值:0.000,左节点损失:0.000,右节点损失:47.470,总损失:47.470
------划分值:1.000,左节点损失:23.702,右节点损失:22.990,总损失:46.691
('----划分特征：', 155)
------划分值:0.000,左节点损失:0.000,右节点损失:47.470,总损失:47.470
------划分值:1.000,左节点损失:19.613,右节点损失:26.611,总损失:46.224
('----划分特征：', 156)
------划分值:0.000,左节点损失:0.000,右节点损失:47.470,总损失:47.470
------划分值:1.000,左节点损失:17.968,右节点损失:27.829,总损失:45.797
('----划分特征：', 157)
------划分值:1.000,左节点损失:20.452,右节点损失:25.583,总损失:46.035
------划分值:0.000,左节点损失:0.000,右节点损失:47.470,总损失:47.470
('----划分特征：', 158)
------划分值:1.000,左节点损失:24.129,右节点损失:22.086,总损失:46.215
------划分值:0.000,左节点损失:0.000,右节点损失:47.470,总损失:47.470
('----划分特征：', 159)
------划分值:0.000,左节点损失:0.000,右节点损失:47.470,总损失:47.470
------划分值:1.000,左节点损失:30.874,右节点损失:15.853,总损失:46.727
('----划分特征：', 160)
------划分值:1.000,左节点损失:36.539,右节点损失:10.510,总损失:47.049
------划分值:0.000,左节点损失:0.000,右节点损失:47.470,总损失:47.470
('----划分特征：', 161)
------划分值:1.000,左节点损失:41.448,右节点损失:5.872,总损失:47.320
------划分值:0.000,左节点损失:0.000,右节点损失:47.470,总损失:47.470
('----划分特征：', 162)
------划分值:1.000,左节点损失:44.655,右节点损失:2.792,总损失:47.447
------划分值:0.000,左节点损失:0.000,右节点损失:47.470,总损失:47.470
('----划分特征：', 163)
------划分值:0.000,左节点损失:0.000,右节点损失:47.470,总损失:47.470
------划分值:1.000,左节点损失:46.482,右节点损失:0.983,总损失:47.465
('----划分特征：', 164)
------划分值:0.000,左节点损失:0.000,右节点损失:47.470,总损失:47.470
------划分值:1.000,左节点损失:47.272,右节点损失:0.172,总损失:47.444
('----划分特征：', 165)
------划分值:0.000,左节点损失:0.000,右节点损失:47.470,总损失:47.470
------划分值:1.000,左节点损失:47.457,右节点损失:0.000,总损失:47.457
('----划分特征：', 166)
------划分值:0.000,左节点损失:0.000,右节点损失:47.470,总损失:47.470
------划分值:1.000,左节点损失:47.469,右节点损失:0.000,总损失:47.469
('----划分特征：', 167)
------划分值:0.000,左节点损失:0.000,右节点损失:47.470,总损失:47.470
('----划分特征：', 168)
------划分值:0.000,左节点损失:0.000,右节点损失:47.470,总损失:47.470
('----划分特征：', 169)
------划分值:0.000,左节点损失:0.000,右节点损失:47.470,总损失:47.470
('----划分特征：', 170)
------划分值:0.000,左节点损失:0.000,右节点损失:47.470,总损失:47.470
('----划分特征：', 171)
------划分值:0.000,左节点损失:0.000,右节点损失:47.470,总损失:47.470
------划分值:1.000,左节点损失:47.466,右节点损失:0.000,总损失:47.466
('----划分特征：', 172)
------划分值:0.000,左节点损失:0.000,右节点损失:47.470,总损失:47.470
------划分值:1.000,左节点损失:47.451,右节点损失:0.000,总损失:47.451
('----划分特征：', 173)
------划分值:0.000,左节点损失:0.000,右节点损失:47.470,总损失:47.470
------划分值:1.000,左节点损失:47.344,右节点损失:0.088,总损失:47.432
('----划分特征：', 174)
------划分值:0.000,左节点损失:0.000,右节点损失:47.470,总损失:47.470
------划分值:1.000,左节点损失:47.275,右节点损失:0.088,总损失:47.363
('----划分特征：', 175)
------划分值:0.000,左节点损失:0.000,右节点损失:47.470,总损失:47.470
------划分值:1.000,左节点损失:47.061,右节点损失:0.177,总损失:47.238
('----划分特征：', 176)
------划分值:0.000,左节点损失:0.000,右节点损失:47.470,总损失:47.470
------划分值:1.000,左节点损失:45.685,右节点损失:1.623,总损失:47.309
('----划分特征：', 177)
------划分值:0.000,左节点损失:0.000,右节点损失:47.470,总损失:47.470
------划分值:1.000,左节点损失:42.792,右节点损失:4.622,总损失:47.414
('----划分特征：', 178)
------划分值:0.000,左节点损失:0.000,右节点损失:47.470,总损失:47.470
------划分值:1.000,左节点损失:38.470,右节点损失:8.999,总损失:47.469
('----划分特征：', 179)
------划分值:1.000,左节点损失:32.158,右节点损失:15.185,总损失:47.342
------划分值:0.000,左节点损失:0.000,右节点损失:47.470,总损失:47.470
('----划分特征：', 180)
------划分值:1.000,左节点损失:26.950,右节点损失:20.218,总损失:47.168
------划分值:0.000,左节点损失:0.000,右节点损失:47.470,总损失:47.470
('----划分特征：', 181)
------划分值:1.000,左节点损失:20.982,右节点损失:25.913,总损失:46.895
------划分值:0.000,左节点损失:0.000,右节点损失:47.470,总损失:47.470
('----划分特征：', 182)
------划分值:1.000,左节点损失:14.944,右节点损失:31.460,总损失:46.404
------划分值:0.000,左节点损失:0.000,右节点损失:47.470,总损失:47.470
('----划分特征：', 183)
------划分值:1.000,左节点损失:10.741,右节点损失:34.989,总损失:45.730
------划分值:0.000,左节点损失:0.000,右节点损失:47.470,总损失:47.470
('----划分特征：', 184)
------划分值:1.000,左节点损失:10.092,右节点损失:35.381,总损失:45.474
------划分值:0.000,左节点损失:0.000,右节点损失:47.470,总损失:47.470
('----划分特征：', 185)
------划分值:1.000,左节点损失:11.758,右节点损失:33.685,总损失:45.443
------划分值:0.000,左节点损失:0.000,右节点损失:47.470,总损失:47.470
('----划分特征：', 186)
------划分值:1.000,左节点损失:14.978,右节点损失:30.458,总损失:45.436
------划分值:0.000,左节点损失:0.000,右节点损失:47.470,总损失:47.470
('----划分特征：', 187)
------划分值:1.000,左节点损失:21.361,右节点损失:24.535,总损失:45.896
------划分值:0.000,左节点损失:0.000,右节点损失:47.470,总损失:47.470
('----划分特征：', 188)
------划分值:1.000,左节点损失:28.662,右节点损失:17.661,总损失:46.323
------划分值:0.000,左节点损失:0.000,右节点损失:47.470,总损失:47.470
('----划分特征：', 189)
------划分值:1.000,左节点损失:36.322,右节点损失:10.673,总损失:46.995
------划分值:0.000,左节点损失:0.000,右节点损失:47.470,总损失:47.470
('----划分特征：', 190)
------划分值:1.000,左节点损失:41.882,右节点损失:5.496,总损失:47.377
------划分值:0.000,左节点损失:0.000,右节点损失:47.470,总损失:47.470
('----划分特征：', 191)
------划分值:0.000,左节点损失:0.000,右节点损失:47.470,总损失:47.470
------划分值:1.000,左节点损失:45.596,右节点损失:1.870,总损失:47.466
('----划分特征：', 192)
------划分值:0.000,左节点损失:0.000,右节点损失:47.470,总损失:47.470
------划分值:1.000,左节点损失:47.068,右节点损失:0.345,总损失:47.413
('----划分特征：', 193)
------划分值:0.000,左节点损失:0.000,右节点损失:47.470,总损失:47.470
------划分值:1.000,左节点损失:47.436,右节点损失:0.000,总损失:47.436
('----划分特征：', 194)
------划分值:0.000,左节点损失:0.000,右节点损失:47.470,总损失:47.470
------划分值:1.000,左节点损失:47.465,右节点损失:0.000,总损失:47.465
('----划分特征：', 195)
------划分值:0.000,左节点损失:0.000,右节点损失:47.470,总损失:47.470
------划分值:1.000,左节点损失:47.467,右节点损失:0.000,总损失:47.467
('----划分特征：', 196)
------划分值:0.000,左节点损失:0.000,右节点损失:47.470,总损失:47.470
('----划分特征：', 197)
------划分值:0.000,左节点损失:0.000,右节点损失:47.470,总损失:47.470
------划分值:1.000,左节点损失:47.469,右节点损失:0.000,总损失:47.469
('----划分特征：', 198)
------划分值:0.000,左节点损失:0.000,右节点损失:47.470,总损失:47.470
------划分值:1.000,左节点损失:47.467,右节点损失:0.000,总损失:47.467
('----划分特征：', 199)
------划分值:0.000,左节点损失:0.000,右节点损失:47.470,总损失:47.470
------划分值:1.000,左节点损失:47.460,右节点损失:0.000,总损失:47.460
('----划分特征：', 200)
------划分值:0.000,左节点损失:0.000,右节点损失:47.470,总损失:47.470
------划分值:1.000,左节点损失:47.432,右节点损失:0.000,总损失:47.432
('----划分特征：', 201)
------划分值:0.000,左节点损失:0.000,右节点损失:47.470,总损失:47.470
------划分值:1.000,左节点损失:47.294,右节点损失:0.088,总损失:47.382
('----划分特征：', 202)
------划分值:0.000,左节点损失:0.000,右节点损失:47.470,总损失:47.470
------划分值:1.000,左节点损失:47.202,右节点损失:0.089,总损失:47.291
('----划分特征：', 203)
------划分值:0.000,左节点损失:0.000,右节点损失:47.470,总损失:47.470
------划分值:1.000,左节点损失:46.229,右节点损失:1.038,总损失:47.266
('----划分特征：', 204)
------划分值:1.000,左节点损失:43.739,右节点损失:3.604,总损失:47.344
------划分值:0.000,左节点损失:0.000,右节点损失:47.470,总损失:47.470
('----划分特征：', 205)
------划分值:1.000,左节点损失:38.767,右节点损失:8.701,总损失:47.468
------划分值:0.000,左节点损失:0.000,右节点损失:47.470,总损失:47.470
('----划分特征：', 206)
------划分值:1.000,左节点损失:32.827,右节点损失:14.603,总损失:47.430
------划分值:0.000,左节点损失:0.000,右节点损失:47.470,总损失:47.470
('----划分特征：', 207)
------划分值:1.000,左节点损失:27.116,右节点损失:20.154,总损失:47.271
------划分值:0.000,左节点损失:0.000,右节点损失:47.470,总损失:47.470
('----划分特征：', 208)
------划分值:1.000,左节点损失:19.719,右节点损失:27.095,总损失:46.814
------划分值:0.000,左节点损失:0.000,右节点损失:47.470,总损失:47.470
('----划分特征：', 209)
------划分值:1.000,左节点损失:14.978,右节点损失:31.662,总损失:46.640
------划分值:0.000,左节点损失:0.000,右节点损失:47.470,总损失:47.470
('----划分特征：', 210)
------划分值:1.000,左节点损失:12.396,右节点损失:34.049,总损失:46.445
------划分值:0.000,左节点损失:0.000,右节点损失:47.470,总损失:47.470
('----划分特征：', 211)
------划分值:1.000,左节点损失:10.464,右节点损失:35.587,总损失:46.051
------划分值:0.000,左节点损失:0.000,右节点损失:47.470,总损失:47.470
('----划分特征：', 212)
------划分值:1.000,左节点损失:10.870,右节点损失:35.261,总损失:46.131
------划分值:0.000,左节点损失:0.000,右节点损失:47.470,总损失:47.470
('----划分特征：', 213)
------划分值:1.000,左节点损失:10.158,右节点损失:35.573,总损失:45.731
------划分值:0.000,左节点损失:0.000,右节点损失:47.470,总损失:47.470
('----划分特征：', 214)
------划分值:0.000,左节点损失:0.000,右节点损失:47.470,总损失:47.470
------划分值:1.000,左节点损失:11.756,右节点损失:33.719,总损失:45.475
('----划分特征：', 215)
------划分值:0.000,左节点损失:0.000,右节点损失:47.470,总损失:47.470
------划分值:1.000,左节点损失:15.623,右节点损失:29.948,总损失:45.571
('----划分特征：', 216)
------划分值:0.000,左节点损失:0.000,右节点损失:47.470,总损失:47.470
------划分值:1.000,左节点损失:22.417,右节点损失:23.425,总损失:45.842
('----划分特征：', 217)
------划分值:0.000,左节点损失:0.000,右节点损失:47.470,总损失:47.470
------划分值:1.000,左节点损失:30.992,右节点损失:15.577,总损失:46.569
('----划分特征：', 218)
------划分值:0.000,左节点损失:0.000,右节点损失:47.470,总损失:47.470
------划分值:1.000,左节点损失:38.622,右节点损失:8.531,总损失:47.153
('----划分特征：', 219)
------划分值:0.000,左节点损失:0.000,右节点损失:47.470,总损失:47.470
------划分值:1.000,左节点损失:43.857,右节点损失:3.593,总损失:47.450
('----划分特征：', 220)
------划分值:0.000,左节点损失:0.000,右节点损失:47.470,总损失:47.470
------划分值:1.000,左节点损失:46.603,右节点损失:0.839,总损失:47.442
('----划分特征：', 221)
------划分值:0.000,左节点损失:0.000,右节点损失:47.470,总损失:47.470
------划分值:1.000,左节点损失:47.405,右节点损失:0.000,总损失:47.405
('----划分特征：', 222)
------划分值:0.000,左节点损失:0.000,右节点损失:47.470,总损失:47.470
------划分值:1.000,左节点损失:47.452,右节点损失:0.000,总损失:47.452
('----划分特征：', 223)
------划分值:0.000,左节点损失:0.000,右节点损失:47.470,总损失:47.470
------划分值:1.000,左节点损失:47.469,右节点损失:0.000,总损失:47.469
('----划分特征：', 224)
------划分值:0.000,左节点损失:0.000,右节点损失:47.470,总损失:47.470
------划分值:1.000,左节点损失:47.469,右节点损失:0.000,总损失:47.469
('----划分特征：', 225)
------划分值:0.000,左节点损失:0.000,右节点损失:47.470,总损失:47.470
------划分值:1.000,左节点损失:47.467,右节点损失:0.000,总损失:47.467
('----划分特征：', 226)
------划分值:0.000,左节点损失:0.000,右节点损失:47.470,总损失:47.470
------划分值:1.000,左节点损失:47.466,右节点损失:0.000,总损失:47.466
('----划分特征：', 227)
------划分值:0.000,左节点损失:0.000,右节点损失:47.470,总损失:47.470
------划分值:1.000,左节点损失:47.448,右节点损失:0.000,总损失:47.448
('----划分特征：', 228)
------划分值:0.000,左节点损失:0.000,右节点损失:47.470,总损失:47.470
------划分值:1.000,左节点损失:47.400,右节点损失:0.000,总损失:47.400
('----划分特征：', 229)
------划分值:0.000,左节点损失:0.000,右节点损失:47.470,总损失:47.470
------划分值:1.000,左节点损失:47.169,右节点损失:0.176,总损失:47.345
('----划分特征：', 230)
------划分值:0.000,左节点损失:0.000,右节点损失:47.470,总损失:47.470
------划分值:1.000,左节点损失:46.678,右节点损失:0.609,总损失:47.287
('----划分特征：', 231)
------划分值:0.000,左节点损失:0.000,右节点损失:47.470,总损失:47.470
------划分值:1.000,左节点损失:44.781,右节点损失:2.538,总损失:47.320
('----划分特征：', 232)
------划分值:1.000,左节点损失:40.113,右节点损失:7.352,总损失:47.465
------划分值:0.000,左节点损失:0.000,右节点损失:47.470,总损失:47.470
('----划分特征：', 233)
------划分值:1.000,左节点损失:34.401,右节点损失:13.039,总损失:47.440
------划分值:0.000,左节点损失:0.000,右节点损失:47.470,总损失:47.470
('----划分特征：', 234)
------划分值:1.000,左节点损失:26.615,右节点损失:20.577,总损失:47.192
------划分值:0.000,左节点损失:0.000,右节点损失:47.470,总损失:47.470
('----划分特征：', 235)
------划分值:1.000,左节点损失:20.276,右节点损失:26.563,总损失:46.839
------划分值:0.000,左节点损失:0.000,右节点损失:47.470,总损失:47.470
('----划分特征：', 236)
------划分值:1.000,左节点损失:15.725,右节点损失:30.855,总损失:46.581
------划分值:0.000,左节点损失:0.000,右节点损失:47.470,总损失:47.470
('----划分特征：', 237)
------划分值:1.000,左节点损失:14.268,右节点损失:32.251,总损失:46.519
------划分值:0.000,左节点损失:0.000,右节点损失:47.470,总损失:47.470
('----划分特征：', 238)
------划分值:1.000,左节点损失:14.519,右节点损失:31.976,总损失:46.494
------划分值:0.000,左节点损失:0.000,右节点损失:47.470,总损失:47.470
('----划分特征：', 239)
------划分值:1.000,左节点损失:16.893,右节点损失:29.896,总损失:46.789
------划分值:0.000,左节点损失:0.000,右节点损失:47.470,总损失:47.470
('----划分特征：', 240)
------划分值:1.000,左节点损失:18.733,右节点损失:28.333,总损失:47.066
------划分值:0.000,左节点损失:0.000,右节点损失:47.470,总损失:47.470
('----划分特征：', 241)
------划分值:1.000,左节点损失:17.649,右节点损失:29.303,总损失:46.952
------划分值:0.000,左节点损失:0.000,右节点损失:47.470,总损失:47.470
('----划分特征：', 242)
------划分值:0.000,左节点损失:0.000,右节点损失:47.470,总损失:47.470
------划分值:1.000,左节点损失:14.711,右节点损失:31.616,总损失:46.327
('----划分特征：', 243)
------划分值:0.000,左节点损失:0.000,右节点损失:47.470,总损失:47.470
------划分值:1.000,左节点损失:14.542,右节点损失:31.179,总损失:45.720
('----划分特征：', 244)
------划分值:0.000,左节点损失:0.000,右节点损失:47.470,总损失:47.470
------划分值:1.000,左节点损失:17.545,右节点损失:27.567,总损失:45.111
('----划分特征：', 245)
------划分值:0.000,左节点损失:0.000,右节点损失:47.470,总损失:47.470
------划分值:1.000,左节点损失:25.805,右节点损失:19.912,总损失:45.717
('----划分特征：', 246)
------划分值:0.000,左节点损失:0.000,右节点损失:47.470,总损失:47.470
------划分值:1.000,左节点损失:34.269,右节点损失:12.083,总损失:46.352
('----划分特征：', 247)
------划分值:0.000,左节点损失:0.000,右节点损失:47.470,总损失:47.470
------划分值:1.000,左节点损失:41.958,右节点损失:5.278,总损失:47.236
('----划分特征：', 248)
------划分值:0.000,左节点损失:0.000,右节点损失:47.470,总损失:47.470
------划分值:1.000,左节点损失:46.174,右节点损失:1.295,总损失:47.469
('----划分特征：', 249)
------划分值:0.000,左节点损失:0.000,右节点损失:47.470,总损失:47.470
------划分值:1.000,左节点损失:47.411,右节点损失:0.000,总损失:47.411
('----划分特征：', 250)
------划分值:0.000,左节点损失:0.000,右节点损失:47.470,总损失:47.470
------划分值:1.000,左节点损失:47.460,右节点损失:0.000,总损失:47.460
('----划分特征：', 251)
------划分值:0.000,左节点损失:0.000,右节点损失:47.470,总损失:47.470
------划分值:1.000,左节点损失:47.469,右节点损失:0.000,总损失:47.469
('----划分特征：', 252)
------划分值:0.000,左节点损失:0.000,右节点损失:47.470,总损失:47.470
('----划分特征：', 253)
------划分值:0.000,左节点损失:0.000,右节点损失:47.470,总损失:47.470
------划分值:1.000,左节点损失:47.468,右节点损失:0.000,总损失:47.468
('----划分特征：', 254)
------划分值:0.000,左节点损失:0.000,右节点损失:47.470,总损失:47.470
------划分值:1.000,左节点损失:47.460,右节点损失:0.000,总损失:47.460
('----划分特征：', 255)
------划分值:0.000,左节点损失:0.000,右节点损失:47.470,总损失:47.470
------划分值:1.000,左节点损失:47.442,右节点损失:0.000,总损失:47.442
('----划分特征：', 256)
------划分值:0.000,左节点损失:0.000,右节点损失:47.470,总损失:47.470
------划分值:1.000,左节点损失:47.391,右节点损失:0.000,总损失:47.391
('----划分特征：', 257)
------划分值:0.000,左节点损失:0.000,右节点损失:47.470,总损失:47.470
------划分值:1.000,左节点损失:47.130,右节点损失:0.176,总损失:47.306
('----划分特征：', 258)
------划分值:0.000,左节点损失:0.000,右节点损失:47.470,总损失:47.470
------划分值:1.000,左节点损失:45.245,右节点损失:2.170,总损失:47.415
('----划分特征：', 259)
------划分值:0.000,左节点损失:0.000,右节点损失:47.470,总损失:47.470
------划分值:1.000,左节点损失:41.747,右节点损失:5.722,总损失:47.468
('----划分特征：', 260)
------划分值:0.000,左节点损失:0.000,右节点损失:47.470,总损失:47.470
------划分值:1.000,左节点损失:36.062,右节点损失:11.344,总损失:47.405
('----划分特征：', 261)
------划分值:1.000,左节点损失:28.650,右节点损失:18.479,总损失:47.129
------划分值:0.000,左节点损失:0.000,右节点损失:47.470,总损失:47.470
('----划分特征：', 262)
------划分值:0.000,左节点损失:0.000,右节点损失:47.470,总损失:47.470
------划分值:1.000,左节点损失:20.740,右节点损失:25.893,总损失:46.633
('----划分特征：', 263)
------划分值:1.000,左节点损失:15.236,右节点损失:30.865,总损失:46.101
------划分值:0.000,左节点损失:0.000,右节点损失:47.470,总损失:47.470
('----划分特征：', 264)
------划分值:1.000,左节点损失:15.295,右节点损失:30.965,总损失:46.259
------划分值:0.000,左节点损失:0.000,右节点损失:47.470,总损失:47.470
('----划分特征：', 265)
------划分值:1.000,左节点损失:16.842,右节点损失:29.438,总损失:46.280
------划分值:0.000,左节点损失:0.000,右节点损失:47.470,总损失:47.470
('----划分特征：', 266)
------划分值:0.000,左节点损失:0.000,右节点损失:47.470,总损失:47.470
------划分值:1.000,左节点损失:22.312,右节点损失:24.679,总损失:46.992
('----划分特征：', 267)
------划分值:0.000,左节点损失:0.000,右节点损失:47.470,总损失:47.470
------划分值:1.000,左节点损失:26.242,右节点损失:21.104,总损失:47.346
('----划分特征：', 268)
------划分值:0.000,左节点损失:0.000,右节点损失:47.470,总损失:47.470
------划分值:1.000,左节点损失:27.881,右节点损失:19.587,总损失:47.467
('----划分特征：', 269)
------划分值:1.000,左节点损失:26.243,右节点损失:21.227,总损失:47.469
------划分值:0.000,左节点损失:0.000,右节点损失:47.470,总损失:47.470
('----划分特征：', 270)
------划分值:0.000,左节点损失:0.000,右节点损失:47.470,总损失:47.470
------划分值:1.000,左节点损失:22.441,右节点损失:24.861,总损失:47.301
('----划分特征：', 271)
------划分值:0.000,左节点损失:0.000,右节点损失:47.470,总损失:47.470
------划分值:1.000,左节点损失:16.474,右节点损失:29.540,总损失:46.013
('----划分特征：', 272)
------划分值:0.000,左节点损失:0.000,右节点损失:47.470,总损失:47.470
------划分值:1.000,左节点损失:16.100,右节点损失:28.586,总损失:44.685
('----划分特征：', 273)
------划分值:0.000,左节点损失:0.000,右节点损失:47.470,总损失:47.470
------划分值:1.000,左节点损失:20.638,右节点损失:23.147,总损失:43.785
('----划分特征：', 274)
------划分值:0.000,左节点损失:0.000,右节点损失:47.470,总损失:47.470
------划分值:1.000,左节点损失:29.426,右节点损失:14.830,总损失:44.256
('----划分特征：', 275)
------划分值:0.000,左节点损失:0.000,右节点损失:47.470,总损失:47.470
------划分值:1.000,左节点损失:40.262,右节点损失:6.100,总损失:46.362
('----划分特征：', 276)
------划分值:0.000,左节点损失:0.000,右节点损失:47.470,总损失:47.470
------划分值:1.000,左节点损失:45.496,右节点损失:1.857,总损失:47.354
('----划分特征：', 277)
------划分值:0.000,左节点损失:0.000,右节点损失:47.470,总损失:47.470
------划分值:1.000,左节点损失:47.439,右节点损失:0.000,总损失:47.439
('----划分特征：', 278)
------划分值:0.000,左节点损失:0.000,右节点损失:47.470,总损失:47.470
------划分值:1.000,左节点损失:47.466,右节点损失:0.000,总损失:47.466
('----划分特征：', 279)
------划分值:0.000,左节点损失:0.000,右节点损失:47.470,总损失:47.470
('----划分特征：', 280)
------划分值:0.000,左节点损失:0.000,右节点损失:47.470,总损失:47.470
('----划分特征：', 281)
------划分值:0.000,左节点损失:0.000,右节点损失:47.470,总损失:47.470
------划分值:1.000,左节点损失:47.467,右节点损失:0.000,总损失:47.467
('----划分特征：', 282)
------划分值:0.000,左节点损失:0.000,右节点损失:47.470,总损失:47.470
------划分值:1.000,左节点损失:47.463,右节点损失:0.000,总损失:47.463
('----划分特征：', 283)
------划分值:0.000,左节点损失:0.000,右节点损失:47.470,总损失:47.470
------划分值:1.000,左节点损失:47.441,右节点损失:0.000,总损失:47.441
('----划分特征：', 284)
------划分值:0.000,左节点损失:0.000,右节点损失:47.470,总损失:47.470
------划分值:1.000,左节点损失:47.384,右节点损失:0.000,总损失:47.384
('----划分特征：', 285)
------划分值:0.000,左节点损失:0.000,右节点损失:47.470,总损失:47.470
------划分值:1.000,左节点损失:46.625,右节点损失:0.769,总损失:47.394
('----划分特征：', 286)
------划分值:0.000,左节点损失:0.000,右节点损失:47.470,总损失:47.470
------划分值:1.000,左节点损失:43.513,右节点损失:3.949,总损失:47.462
('----划分特征：', 287)
------划分值:0.000,左节点损失:0.000,右节点损失:47.470,总损失:47.470
------划分值:1.000,左节点损失:37.961,右节点损失:9.258,总损失:47.219
('----划分特征：', 288)
------划分值:0.000,左节点损失:0.000,右节点损失:47.470,总损失:47.470
------划分值:1.000,左节点损失:30.597,右节点损失:16.260,总损失:46.857
('----划分特征：', 289)
------划分值:0.000,左节点损失:0.000,右节点损失:47.470,总损失:47.470
------划分值:1.000,左节点损失:21.669,右节点损失:24.334,总损失:46.003
('----划分特征：', 290)
------划分值:0.000,左节点损失:0.000,右节点损失:47.470,总损失:47.470
------划分值:1.000,左节点损失:15.944,右节点损失:29.693,总损失:45.638
('----划分特征：', 291)
------划分值:1.000,左节点损失:16.388,右节点损失:29.653,总损失:46.041
------划分值:0.000,左节点损失:0.000,右节点损失:47.470,总损失:47.470
('----划分特征：', 292)
------划分值:1.000,左节点损失:18.809,右节点损失:27.373,总损失:46.182
------划分值:0.000,左节点损失:0.000,右节点损失:47.470,总损失:47.470
('----划分特征：', 293)
------划分值:0.000,左节点损失:0.000,右节点损失:47.470,总损失:47.470
------划分值:1.000,左节点损失:24.226,右节点损失:22.586,总损失:46.813
('----划分特征：', 294)
------划分值:0.000,左节点损失:0.000,右节点损失:47.470,总损失:47.470
------划分值:1.000,左节点损失:29.853,右节点损失:17.480,总损失:47.334
('----划分特征：', 295)
------划分值:0.000,左节点损失:0.000,右节点损失:47.470,总损失:47.470
------划分值:1.000,左节点损失:33.922,右节点损失:13.504,总损失:47.426
('----划分特征：', 296)
------划分值:0.000,左节点损失:0.000,右节点损失:47.470,总损失:47.470
------划分值:1.000,左节点损失:35.676,右节点损失:11.417,总损失:47.092
('----划分特征：', 297)
------划分值:0.000,左节点损失:0.000,右节点损失:47.470,总损失:47.470
------划分值:1.000,左节点损失:33.236,右节点损失:13.859,总损失:47.095
('----划分特征：', 298)
------划分值:0.000,左节点损失:0.000,右节点损失:47.470,总损失:47.470
------划分值:1.000,左节点损失:28.508,右节点损失:18.951,总损失:47.460
('----划分特征：', 299)
------划分值:0.000,左节点损失:0.000,右节点损失:47.470,总损失:47.470
------划分值:1.000,左节点损失:21.171,右节点损失:25.645,总损失:46.815
('----划分特征：', 300)
------划分值:0.000,左节点损失:0.000,右节点损失:47.470,总损失:47.470
------划分值:1.000,左节点损失:16.043,右节点损失:28.150,总损失:44.194
('----划分特征：', 301)
------划分值:0.000,左节点损失:0.000,右节点损失:47.470,总损失:47.470
------划分值:1.000,左节点损失:18.908,右节点损失:23.098,总损失:42.006
('----划分特征：', 302)
------划分值:0.000,左节点损失:0.000,右节点损失:47.470,总损失:47.470
------划分值:1.000,左节点损失:26.205,右节点损失:14.741,总损失:40.946
('----划分特征：', 303)
------划分值:0.000,左节点损失:0.000,右节点损失:47.470,总损失:47.470
------划分值:1.000,左节点损失:36.885,右节点损失:6.180,总损失:43.065
('----划分特征：', 304)
------划分值:0.000,左节点损失:0.000,右节点损失:47.470,总损失:47.470
------划分值:1.000,左节点损失:45.184,右节点损失:1.587,总损失:46.771
('----划分特征：', 305)
------划分值:0.000,左节点损失:0.000,右节点损失:47.470,总损失:47.470
------划分值:1.000,左节点损失:47.457,右节点损失:0.000,总损失:47.457
('----划分特征：', 306)
------划分值:0.000,左节点损失:0.000,右节点损失:47.470,总损失:47.470
------划分值:1.000,左节点损失:47.469,右节点损失:0.000,总损失:47.469
('----划分特征：', 307)
------划分值:0.000,左节点损失:0.000,右节点损失:47.470,总损失:47.470
('----划分特征：', 308)
------划分值:0.000,左节点损失:0.000,右节点损失:47.470,总损失:47.470
('----划分特征：', 309)
------划分值:0.000,左节点损失:0.000,右节点损失:47.470,总损失:47.470
------划分值:1.000,左节点损失:47.469,右节点损失:0.000,总损失:47.469
('----划分特征：', 310)
------划分值:0.000,左节点损失:0.000,右节点损失:47.470,总损失:47.470
------划分值:1.000,左节点损失:47.459,右节点损失:0.000,总损失:47.459
('----划分特征：', 311)
------划分值:0.000,左节点损失:0.000,右节点损失:47.470,总损失:47.470
------划分值:1.000,左节点损失:47.443,右节点损失:0.000,总损失:47.443
('----划分特征：', 312)
------划分值:0.000,左节点损失:0.000,右节点损失:47.470,总损失:47.470
------划分值:1.000,左节点损失:47.399,右节点损失:0.000,总损失:47.399
('----划分特征：', 313)
------划分值:0.000,左节点损失:0.000,右节点损失:47.470,总损失:47.470
------划分值:1.000,左节点损失:45.700,右节点损失:1.769,总损失:47.470
('----划分特征：', 314)
------划分值:0.000,左节点损失:0.000,右节点损失:47.470,总损失:47.470
------划分值:1.000,左节点损失:41.048,右节点损失:6.114,总损失:47.162
('----划分特征：', 315)
------划分值:0.000,左节点损失:0.000,右节点损失:47.470,总损失:47.470
------划分值:1.000,左节点损失:33.557,右节点损失:12.824,总损失:46.380
('----划分特征：', 316)
------划分值:0.000,左节点损失:0.000,右节点损失:47.470,总损失:47.470
------划分值:1.000,左节点损失:25.164,右节点损失:20.554,总损失:45.718
('----划分特征：', 317)
------划分值:0.000,左节点损失:0.000,右节点损失:47.470,总损失:47.470
------划分值:1.000,左节点损失:17.542,右节点损失:27.603,总损失:45.145
('----划分特征：', 318)
------划分值:0.000,左节点损失:0.000,右节点损失:47.470,总损失:47.470
------划分值:1.000,左节点损失:15.946,右节点损失:29.680,总损失:45.626
('----划分特征：', 319)
------划分值:1.000,左节点损失:19.047,右节点损失:27.167,总损失:46.214
------划分值:0.000,左节点损失:0.000,右节点损失:47.470,总损失:47.470
('----划分特征：', 320)
------划分值:1.000,左节点损失:25.836,右节点损失:21.169,总损失:47.005
------划分值:0.000,左节点损失:0.000,右节点损失:47.470,总损失:47.470
('----划分特征：', 321)
------划分值:1.000,左节点损失:31.368,右节点损失:16.030,总损失:47.398
------划分值:0.000,左节点损失:0.000,右节点损失:47.470,总损失:47.470
('----划分特征：', 322)
------划分值:0.000,左节点损失:0.000,右节点损失:47.470,总损失:47.470
------划分值:1.000,左节点损失:37.051,右节点损失:10.249,总损失:47.300
('----划分特征：', 323)
------划分值:0.000,左节点损失:0.000,右节点损失:47.470,总损失:47.470
------划分值:1.000,左节点损失:40.195,右节点损失:6.333,总损失:46.528
('----划分特征：', 324)
------划分值:0.000,左节点损失:0.000,右节点损失:47.470,总损失:47.470
------划分值:1.000,左节点损失:40.307,右节点损失:5.696,总损失:46.003
('----划分特征：', 325)
------划分值:0.000,左节点损失:0.000,右节点损失:47.470,总损失:47.470
------划分值:1.000,左节点损失:38.498,右节点损失:7.388,总损失:45.886
('----划分特征：', 326)
------划分值:0.000,左节点损失:0.000,右节点损失:47.470,总损失:47.470
------划分值:1.000,左节点损失:34.439,右节点损失:12.462,总损失:46.901
('----划分特征：', 327)
------划分值:0.000,左节点损失:0.000,右节点损失:47.470,总损失:47.470
------划分值:1.000,左节点损失:25.953,右节点损失:21.365,总损失:47.318
('----划分特征：', 328)
------划分值:0.000,左节点损失:0.000,右节点损失:47.470,总损失:47.470
------划分值:1.000,左节点损失:18.737,右节点损失:25.628,总损失:44.365
('----划分特征：', 329)
------划分值:0.000,左节点损失:0.000,右节点损失:47.470,总损失:47.470
------划分值:1.000,左节点损失:17.647,右节点损失:21.584,总损失:39.230
('----划分特征：', 330)
------划分值:0.000,左节点损失:0.000,右节点损失:47.470,总损失:47.470
------划分值:1.000,左节点损失:22.901,右节点损失:13.099,总损失:35.999
('----划分特征：', 331)
------划分值:0.000,左节点损失:0.000,右节点损失:47.470,总损失:47.470
------划分值:1.000,左节点损失:34.784,右节点损失:5.120,总损失:39.904
('----划分特征：', 332)
------划分值:0.000,左节点损失:0.000,右节点损失:47.470,总损失:47.470
------划分值:1.000,左节点损失:44.315,右节点损失:1.632,总损失:45.947
('----划分特征：', 333)
------划分值:0.000,左节点损失:0.000,右节点损失:47.470,总损失:47.470
------划分值:1.000,左节点损失:47.463,右节点损失:0.000,总损失:47.463
('----划分特征：', 334)
------划分值:0.000,左节点损失:0.000,右节点损失:47.470,总损失:47.470
------划分值:1.000,左节点损失:47.397,右节点损失:0.044,总损失:47.441
('----划分特征：', 335)
------划分值:0.000,左节点损失:0.000,右节点损失:47.470,总损失:47.470
('----划分特征：', 336)
------划分值:0.000,左节点损失:0.000,右节点损失:47.470,总损失:47.470
('----划分特征：', 337)
------划分值:0.000,左节点损失:0.000,右节点损失:47.470,总损失:47.470
------划分值:1.000,左节点损失:47.469,右节点损失:0.000,总损失:47.469
('----划分特征：', 338)
------划分值:0.000,左节点损失:0.000,右节点损失:47.470,总损失:47.470
------划分值:1.000,左节点损失:47.463,右节点损失:0.000,总损失:47.463
('----划分特征：', 339)
------划分值:0.000,左节点损失:0.000,右节点损失:47.470,总损失:47.470
------划分值:1.000,左节点损失:47.452,右节点损失:0.000,总损失:47.452
('----划分特征：', 340)
------划分值:0.000,左节点损失:0.000,右节点损失:47.470,总损失:47.470
------划分值:1.000,左节点损失:47.334,右节点损失:0.088,总损失:47.421
('----划分特征：', 341)
------划分值:0.000,左节点损失:0.000,右节点损失:47.470,总损失:47.470
------划分值:1.000,左节点损失:44.199,右节点损失:3.088,总损失:47.287
('----划分特征：', 342)
------划分值:0.000,左节点损失:0.000,右节点损失:47.470,总损失:47.470
------划分值:1.000,左节点损失:37.132,右节点损失:8.822,总损失:45.954
('----划分特征：', 343)
------划分值:0.000,左节点损失:0.000,右节点损失:47.470,总损失:47.470
------划分值:1.000,左节点损失:28.265,右节点损失:16.753,总损失:45.018
('----划分特征：', 344)
------划分值:0.000,左节点损失:0.000,右节点损失:47.470,总损失:47.470
------划分值:1.000,左节点损失:18.755,右节点损失:25.271,总损失:44.026
('----划分特征：', 345)
------划分值:0.000,左节点损失:0.000,右节点损失:47.470,总损失:47.470
------划分值:1.000,左节点损失:14.703,右节点损失:29.943,总损失:44.646
('----划分特征：', 346)
------划分值:0.000,左节点损失:0.000,右节点损失:47.470,总损失:47.470
------划分值:1.000,左节点损失:17.384,右节点损失:28.525,总损失:45.909
('----划分特征：', 347)
------划分值:0.000,左节点损失:0.000,右节点损失:47.470,总损失:47.470
------划分值:1.000,左节点损失:24.372,右节点损失:22.680,总损失:47.052
('----划分特征：', 348)
------划分值:1.000,左节点损失:32.238,右节点损失:15.232,总损失:47.470
------划分值:0.000,左节点损失:0.000,右节点损失:47.470,总损失:47.470
('----划分特征：', 349)
------划分值:1.000,左节点损失:37.415,右节点损失:9.752,总损失:47.167
------划分值:0.000,左节点损失:0.000,右节点损失:47.470,总损失:47.470
('----划分特征：', 350)
------划分值:0.000,左节点损失:0.000,右节点损失:47.470,总损失:47.470
------划分值:1.000,左节点损失:40.759,右节点损失:5.432,总损失:46.191
('----划分特征：', 351)
------划分值:0.000,左节点损失:0.000,右节点损失:47.470,总损失:47.470
------划分值:1.000,左节点损失:41.988,右节点损失:3.153,总损失:45.141
('----划分特征：', 352)
------划分值:0.000,左节点损失:0.000,右节点损失:47.470,总损失:47.470
------划分值:1.000,左节点损失:41.691,右节点损失:2.552,总损失:44.243
('----划分特征：', 353)
------划分值:0.000,左节点损失:0.000,右节点损失:47.470,总损失:47.470
------划分值:1.000,左节点损失:40.130,右节点损失:4.453,总损失:44.583
('----划分特征：', 354)
------划分值:0.000,左节点损失:0.000,右节点损失:47.470,总损失:47.470
------划分值:1.000,左节点损失:35.463,右节点损失:11.065,总损失:46.528
('----划分特征：', 355)
------划分值:0.000,左节点损失:0.000,右节点损失:47.470,总损失:47.470
------划分值:1.000,左节点损失:29.422,右节点损失:18.025,总损失:47.448
('----划分特征：', 356)
------划分值:0.000,左节点损失:0.000,右节点损失:47.470,总损失:47.470
------划分值:1.000,左节点损失:19.739,右节点损失:24.150,总损失:43.889
('----划分特征：', 357)
------划分值:0.000,左节点损失:0.000,右节点损失:47.470,总损失:47.470
------划分值:1.000,左节点损失:17.420,右节点损失:19.960,总损失:37.380
('----划分特征：', 358)
------划分值:0.000,左节点损失:0.000,右节点损失:47.470,总损失:47.470
------划分值:1.000,左节点损失:22.269,右节点损失:11.600,总损失:33.869
('----划分特征：', 359)
------划分值:0.000,左节点损失:0.000,右节点损失:47.470,总损失:47.470
------划分值:1.000,左节点损失:33.332,右节点损失:4.912,总损失:38.244
('----划分特征：', 360)
------划分值:0.000,左节点损失:0.000,右节点损失:47.470,总损失:47.470
------划分值:1.000,左节点损失:43.355,右节点损失:2.076,总损失:45.431
('----划分特征：', 361)
------划分值:0.000,左节点损失:0.000,右节点损失:47.470,总损失:47.470
------划分值:1.000,左节点损失:47.465,右节点损失:0.000,总损失:47.465
('----划分特征：', 362)
------划分值:0.000,左节点损失:0.000,右节点损失:47.470,总损失:47.470
------划分值:1.000,左节点损失:47.396,右节点损失:0.059,总损失:47.455
('----划分特征：', 363)
------划分值:0.000,左节点损失:0.000,右节点损失:47.470,总损失:47.470
('----划分特征：', 364)
------划分值:0.000,左节点损失:0.000,右节点损失:47.470,总损失:47.470
('----划分特征：', 365)
------划分值:0.000,左节点损失:0.000,右节点损失:47.470,总损失:47.470
------划分值:1.000,左节点损失:47.469,右节点损失:0.000,总损失:47.469
('----划分特征：', 366)
------划分值:0.000,左节点损失:0.000,右节点损失:47.470,总损失:47.470
------划分值:1.000,左节点损失:47.467,右节点损失:0.000,总损失:47.467
('----划分特征：', 367)
------划分值:0.000,左节点损失:0.000,右节点损失:47.470,总损失:47.470
------划分值:1.000,左节点损失:47.461,右节点损失:0.000,总损失:47.461
('----划分特征：', 368)
------划分值:0.000,左节点损失:0.000,右节点损失:47.470,总损失:47.470
------划分值:1.000,左节点损失:47.060,右节点损失:0.408,总损失:47.468
('----划分特征：', 369)
------划分值:0.000,左节点损失:0.000,右节点损失:47.470,总损失:47.470
------划分值:1.000,左节点损失:42.085,右节点损失:4.476,总损失:46.561
('----划分特征：', 370)
------划分值:0.000,左节点损失:0.000,右节点损失:47.470,总损失:47.470
------划分值:1.000,左节点损失:32.805,右节点损失:11.526,总损失:44.331
('----划分特征：', 371)
------划分值:0.000,左节点损失:0.000,右节点损失:47.470,总损失:47.470
------划分值:1.000,左节点损失:22.929,右节点损失:20.282,总损失:43.211
('----划分特征：', 372)
------划分值:0.000,左节点损失:0.000,右节点损失:47.470,总损失:47.470
------划分值:1.000,左节点损失:15.912,右节点损失:27.467,总损失:43.379
('----划分特征：', 373)
------划分值:0.000,左节点损失:0.000,右节点损失:47.470,总损失:47.470
------划分值:1.000,左节点损失:15.824,右节点损失:29.306,总损失:45.129
('----划分特征：', 374)
------划分值:0.000,左节点损失:0.000,右节点损失:47.470,总损失:47.470
------划分值:1.000,左节点损失:21.810,右节点损失:25.020,总损失:46.830
('----划分特征：', 375)
------划分值:0.000,左节点损失:0.000,右节点损失:47.470,总损失:47.470
------划分值:1.000,左节点损失:30.890,右节点损失:16.577,总损失:47.467
('----划分特征：', 376)
------划分值:0.000,左节点损失:0.000,右节点损失:47.470,总损失:47.470
------划分值:1.000,左节点损失:37.238,右节点损失:9.737,总损失:46.975
('----划分特征：', 377)
------划分值:1.000,左节点损失:41.435,右节点损失:4.094,总损失:45.529
------划分值:0.000,左节点损失:0.000,右节点损失:47.470,总损失:47.470
('----划分特征：', 378)
------划分值:1.000,左节点损失:42.282,右节点损失:1.853,总损失:44.135
------划分值:0.000,左节点损失:0.000,右节点损失:47.470,总损失:47.470
('----划分特征：', 379)
------划分值:1.000,左节点损失:42.118,右节点损失:0.798,总损失:42.916
------划分值:0.000,左节点损失:0.000,右节点损失:47.470,总损失:47.470
('----划分特征：', 380)
------划分值:0.000,左节点损失:0.000,右节点损失:47.470,总损失:47.470
------划分值:1.000,左节点损失:41.290,右节点损失:1.063,总损失:42.353
('----划分特征：', 381)
------划分值:0.000,左节点损失:0.000,右节点损失:47.470,总损失:47.470
------划分值:1.000,左节点损失:39.858,右节点损失:3.771,总损失:43.629
('----划分特征：', 382)
------划分值:0.000,左节点损失:0.000,右节点损失:47.470,总损失:47.470
------划分值:1.000,左节点损失:36.399,右节点损失:9.861,总损失:46.260
('----划分特征：', 383)
------划分值:0.000,左节点损失:0.000,右节点损失:47.470,总损失:47.470
------划分值:1.000,左节点损失:29.732,右节点损失:17.688,总损失:47.420
('----划分特征：', 384)
------划分值:0.000,左节点损失:0.000,右节点损失:47.470,总损失:47.470
------划分值:1.000,左节点损失:20.562,右节点损失:23.124,总损失:43.686
('----划分特征：', 385)
------划分值:0.000,左节点损失:0.000,右节点损失:47.470,总损失:47.470
------划分值:1.000,左节点损失:17.833,右节点损失:19.394,总损失:37.227
('----划分特征：', 386)
------划分值:0.000,左节点损失:0.000,右节点损失:47.470,总损失:47.470
------划分值:1.000,左节点损失:22.104,右节点损失:12.287,总损失:34.391
('----划分特征：', 387)
------划分值:0.000,左节点损失:0.000,右节点损失:47.470,总损失:47.470
------划分值:1.000,左节点损失:32.702,右节点损失:6.280,总损失:38.982
('----划分特征：', 388)
------划分值:0.000,左节点损失:0.000,右节点损失:47.470,总损失:47.470
------划分值:1.000,左节点损失:42.906,右节点损失:2.462,总损失:45.369
('----划分特征：', 389)
------划分值:0.000,左节点损失:0.000,右节点损失:47.470,总损失:47.470
------划分值:1.000,左节点损失:47.459,右节点损失:0.000,总损失:47.459
('----划分特征：', 390)
------划分值:0.000,左节点损失:0.000,右节点损失:47.470,总损失:47.470
('----划分特征：', 391)
------划分值:0.000,左节点损失:0.000,右节点损失:47.470,总损失:47.470
('----划分特征：', 392)
------划分值:0.000,左节点损失:0.000,右节点损失:47.470,总损失:47.470
('----划分特征：', 393)
------划分值:0.000,左节点损失:0.000,右节点损失:47.470,总损失:47.470
('----划分特征：', 394)
------划分值:0.000,左节点损失:0.000,右节点损失:47.470,总损失:47.470
------划分值:1.000,左节点损失:47.469,右节点损失:0.000,总损失:47.469
('----划分特征：', 395)
------划分值:0.000,左节点损失:0.000,右节点损失:47.470,总损失:47.470
------划分值:1.000,左节点损失:47.461,右节点损失:0.000,总损失:47.461
('----划分特征：', 396)
------划分值:0.000,左节点损失:0.000,右节点损失:47.470,总损失:47.470
------划分值:1.000,左节点损失:46.560,右节点损失:0.854,总损失:47.414
('----划分特征：', 397)
------划分值:0.000,左节点损失:0.000,右节点损失:47.470,总损失:47.470
------划分值:1.000,左节点损失:38.454,右节点损失:6.028,总损失:44.483
('----划分特征：', 398)
------划分值:0.000,左节点损失:0.000,右节点损失:47.470,总损失:47.470
------划分值:1.000,左节点损失:28.553,右节点损失:13.832,总损失:42.386
('----划分特征：', 399)
------划分值:0.000,左节点损失:0.000,右节点损失:47.470,总损失:47.470
------划分值:1.000,左节点损失:18.914,右节点损失:22.874,总损失:41.788
('----划分特征：', 400)
------划分值:0.000,左节点损失:0.000,右节点损失:47.470,总损失:47.470
------划分值:1.000,左节点损失:14.681,右节点损失:28.438,总损失:43.119
('----划分特征：', 401)
------划分值:0.000,左节点损失:0.000,右节点损失:47.470,总损失:47.470
------划分值:1.000,左节点损失:18.293,右节点损失:27.514,总损失:45.807
('----划分特征：', 402)
------划分值:0.000,左节点损失:0.000,右节点损失:47.470,总损失:47.470
------划分值:1.000,左节点损失:27.367,右节点损失:20.033,总损失:47.400
('----划分特征：', 403)
------划分值:0.000,左节点损失:0.000,右节点损失:47.470,总损失:47.470
------划分值:1.000,左节点损失:36.026,右节点损失:10.963,总损失:46.989
('----划分特征：', 404)
------划分值:0.000,左节点损失:0.000,右节点损失:47.470,总损失:47.470
------划分值:1.000,左节点损失:40.609,右节点损失:5.031,总损失:45.640
('----划分特征：', 405)
------划分值:0.000,左节点损失:0.000,右节点损失:47.470,总损失:47.470
------划分值:1.000,左节点损失:41.793,右节点损失:1.854,总损失:43.647
('----划分特征：', 406)
------划分值:1.000,左节点损失:41.727,右节点损失:0.444,总损失:42.171
------划分值:0.000,左节点损失:0.000,右节点损失:47.470,总损失:47.470
('----划分特征：', 407)
------划分值:1.000,左节点损失:40.596,右节点损失:0.178,总损失:40.774
------划分值:0.000,左节点损失:0.000,右节点损失:47.470,总损失:47.470
('----划分特征：', 408)
------划分值:1.000,左节点损失:40.483,右节点损失:0.710,总损失:41.193
------划分值:0.000,左节点损失:0.000,右节点损失:47.470,总损失:47.470
('----划分特征：', 409)
------划分值:0.000,左节点损失:0.000,右节点损失:47.470,总损失:47.470
------划分值:1.000,左节点损失:39.193,右节点损失:4.291,总损失:43.484
('----划分特征：', 410)
------划分值:0.000,左节点损失:0.000,右节点损失:47.470,总损失:47.470
------划分值:1.000,左节点损失:35.322,右节点损失:11.297,总损失:46.619
('----划分特征：', 411)
------划分值:0.000,左节点损失:0.000,右节点损失:47.470,总损失:47.470
------划分值:1.000,左节点损失:28.463,右节点损失:18.823,总损失:47.285
('----划分特征：', 412)
------划分值:0.000,左节点损失:0.000,右节点损失:47.470,总损失:47.470
------划分值:1.000,左节点损失:21.281,右节点损失:22.619,总损失:43.900
('----划分特征：', 413)
------划分值:0.000,左节点损失:0.000,右节点损失:47.470,总损失:47.470
------划分值:1.000,左节点损失:18.154,右节点损失:19.872,总损失:38.026
('----划分特征：', 414)
------划分值:0.000,左节点损失:0.000,右节点损失:47.470,总损失:47.470
------划分值:1.000,左节点损失:23.784,右节点损失:12.684,总损失:36.468
('----划分特征：', 415)
------划分值:0.000,左节点损失:0.000,右节点损失:47.470,总损失:47.470
------划分值:1.000,左节点损失:32.924,右节点损失:6.957,总损失:39.881
('----划分特征：', 416)
------划分值:0.000,左节点损失:0.000,右节点损失:47.470,总损失:47.470
------划分值:1.000,左节点损失:43.271,右节点损失:2.467,总损失:45.738
('----划分特征：', 417)
------划分值:0.000,左节点损失:0.000,右节点损失:47.470,总损失:47.470
------划分值:1.000,左节点损失:47.386,右节点损失:0.083,总损失:47.469
('----划分特征：', 418)
------划分值:0.000,左节点损失:0.000,右节点损失:47.470,总损失:47.470
('----划分特征：', 419)
------划分值:0.000,左节点损失:0.000,右节点损失:47.470,总损失:47.470
('----划分特征：', 420)
------划分值:0.000,左节点损失:0.000,右节点损失:47.470,总损失:47.470
('----划分特征：', 421)
------划分值:0.000,左节点损失:0.000,右节点损失:47.470,总损失:47.470
('----划分特征：', 422)
------划分值:0.000,左节点损失:0.000,右节点损失:47.470,总损失:47.470
------划分值:1.000,左节点损失:47.469,右节点损失:0.000,总损失:47.469
('----划分特征：', 423)
------划分值:0.000,左节点损失:0.000,右节点损失:47.470,总损失:47.470
------划分值:1.000,左节点损失:47.461,右节点损失:0.000,总损失:47.461
('----划分特征：', 424)
------划分值:0.000,左节点损失:0.000,右节点损失:47.470,总损失:47.470
------划分值:1.000,左节点损失:45.761,右节点损失:1.393,总损失:47.154
('----划分特征：', 425)
------划分值:0.000,左节点损失:0.000,右节点损失:47.470,总损失:47.470
------划分值:1.000,左节点损失:35.650,右节点损失:7.486,总损失:43.136
('----划分特征：', 426)
------划分值:0.000,左节点损失:0.000,右节点损失:47.470,总损失:47.470
------划分值:1.000,左节点损失:24.135,右节点损失:16.172,总损失:40.308
('----划分特征：', 427)
------划分值:0.000,左节点损失:0.000,右节点损失:47.470,总损失:47.470
------划分值:1.000,左节点损失:15.654,右节点损失:24.423,总损失:40.077
('----划分特征：', 428)
------划分值:0.000,左节点损失:0.000,右节点损失:47.470,总损失:47.470
------划分值:1.000,左节点损失:14.684,右节点损失:28.325,总损失:43.009
('----划分特征：', 429)
------划分值:0.000,左节点损失:0.000,右节点损失:47.470,总损失:47.470
------划分值:1.000,左节点损失:21.905,右节点损失:24.574,总损失:46.479
('----划分特征：', 430)
------划分值:0.000,左节点损失:0.000,右节点损失:47.470,总损失:47.470
------划分值:1.000,左节点损失:32.345,右节点损失:15.065,总损失:47.410
('----划分特征：', 431)
------划分值:0.000,左节点损失:0.000,右节点损失:47.470,总损失:47.470
------划分值:1.000,左节点损失:39.297,右节点损失:6.866,总损失:46.163
('----划分特征：', 432)
------划分值:0.000,左节点损失:0.000,右节点损失:47.470,总损失:47.470
------划分值:1.000,左节点损失:42.040,右节点损失:2.377,总损失:44.416
('----划分特征：', 433)
------划分值:0.000,左节点损失:0.000,右节点损失:47.470,总损失:47.470
------划分值:1.000,左节点损失:41.803,右节点损失:0.798,总损失:42.601
('----划分特征：', 434)
------划分值:0.000,左节点损失:0.000,右节点损失:47.470,总损失:47.470
------划分值:1.000,左节点损失:41.297,右节点损失:0.267,总损失:41.564
('----划分特征：', 435)
------划分值:1.000,左节点损失:40.539,右节点损失:0.355,总损失:40.894
------划分值:0.000,左节点损失:0.000,右节点损失:47.470,总损失:47.470
('----划分特征：', 436)
------划分值:1.000,左节点损失:40.580,右节点损失:1.416,总损失:41.996
------划分值:0.000,左节点损失:0.000,右节点损失:47.470,总损失:47.470
('----划分特征：', 437)
------划分值:1.000,左节点损失:38.030,右节点损失:6.589,总损失:44.620
------划分值:0.000,左节点损失:0.000,右节点损失:47.470,总损失:47.470
('----划分特征：', 438)
------划分值:1.000,左节点损失:33.417,右节点损失:13.691,总损失:47.108
------划分值:0.000,左节点损失:0.000,右节点损失:47.470,总损失:47.470
('----划分特征：', 439)
------划分值:0.000,左节点损失:0.000,右节点损失:47.470,总损失:47.470
------划分值:1.000,左节点损失:25.358,右节点损失:21.426,总损失:46.784
('----划分特征：', 440)
------划分值:0.000,左节点损失:0.000,右节点损失:47.470,总损失:47.470
------划分值:1.000,左节点损失:19.922,右节点损失:23.530,总损失:43.452
('----划分特征：', 441)
------划分值:0.000,左节点损失:0.000,右节点损失:47.470,总损失:47.470
------划分值:1.000,左节点损失:20.578,右节点损失:19.630,总损失:40.208
('----划分特征：', 442)
------划分值:0.000,左节点损失:0.000,右节点损失:47.470,总损失:47.470
------划分值:1.000,左节点损失:26.706,右节点损失:13.068,总损失:39.774
('----划分特征：', 443)
------划分值:0.000,左节点损失:0.000,右节点损失:47.470,总损失:47.470
------划分值:1.000,左节点损失:35.060,右节点损失:6.911,总损失:41.971
('----划分特征：', 444)
------划分值:0.000,左节点损失:0.000,右节点损失:47.470,总损失:47.470
------划分值:1.000,左节点损失:43.706,右节点损失:2.489,总损失:46.196
('----划分特征：', 445)
------划分值:0.000,左节点损失:0.000,右节点损失:47.470,总损失:47.470
------划分值:1.000,左节点损失:47.385,右节点损失:0.083,总损失:47.468
('----划分特征：', 446)
------划分值:0.000,左节点损失:0.000,右节点损失:47.470,总损失:47.470
------划分值:1.000,左节点损失:47.468,右节点损失:0.000,总损失:47.468
('----划分特征：', 447)
------划分值:0.000,左节点损失:0.000,右节点损失:47.470,总损失:47.470
('----划分特征：', 448)
------划分值:0.000,左节点损失:0.000,右节点损失:47.470,总损失:47.470
('----划分特征：', 449)
------划分值:0.000,左节点损失:0.000,右节点损失:47.470,总损失:47.470
('----划分特征：', 450)
------划分值:0.000,左节点损失:0.000,右节点损失:47.470,总损失:47.470
------划分值:1.000,左节点损失:47.468,右节点损失:0.000,总损失:47.468
('----划分特征：', 451)
------划分值:0.000,左节点损失:0.000,右节点损失:47.470,总损失:47.470
------划分值:1.000,左节点损失:47.459,右节点损失:0.000,总损失:47.459
('----划分特征：', 452)
------划分值:0.000,左节点损失:0.000,右节点损失:47.470,总损失:47.470
------划分值:1.000,左节点损失:44.945,右节点损失:2.016,总损失:46.961
('----划分特征：', 453)
------划分值:0.000,左节点损失:0.000,右节点损失:47.470,总损失:47.470
------划分值:1.000,左节点损失:33.420,右节点损失:9.030,总损失:42.450
('----划分特征：', 454)
------划分值:0.000,左节点损失:0.000,右节点损失:47.470,总损失:47.470
------划分值:1.000,左节点损失:22.130,右节点损失:17.529,总损失:39.658
('----划分特征：', 455)
------划分值:0.000,左节点损失:0.000,右节点损失:47.470,总损失:47.470
------划分值:1.000,左节点损失:14.582,右节点损失:24.888,总损失:39.471
('----划分特征：', 456)
------划分值:0.000,左节点损失:0.000,右节点损失:47.470,总损失:47.470
------划分值:1.000,左节点损失:16.166,右节点损失:27.023,总损失:43.189
('----划分特征：', 457)
------划分值:0.000,左节点损失:0.000,右节点损失:47.470,总损失:47.470
------划分值:1.000,左节点损失:25.719,右节点损失:21.178,总损失:46.897
('----划分特征：', 458)
------划分值:0.000,左节点损失:0.000,右节点损失:47.470,总损失:47.470
------划分值:1.000,左节点损失:36.710,右节点损失:10.421,总损失:47.131
('----划分特征：', 459)
------划分值:0.000,左节点损失:0.000,右节点损失:47.470,总损失:47.470
------划分值:1.000,左节点损失:41.707,右节点损失:4.004,总损失:45.711
('----划分特征：', 460)
------划分值:0.000,左节点损失:0.000,右节点损失:47.470,总损失:47.470
------划分值:1.000,左节点损失:42.715,右节点损失:1.765,总损失:44.480
('----划分特征：', 461)
------划分值:0.000,左节点损失:0.000,右节点损失:47.470,总损失:47.470
------划分值:1.000,左节点损失:42.752,右节点损失:0.444,总损失:43.196
('----划分特征：', 462)
------划分值:0.000,左节点损失:0.000,右节点损失:47.470,总损失:47.470
------划分值:1.000,左节点损失:41.813,右节点损失:0.355,总损失:42.168
('----划分特征：', 463)
------划分值:0.000,左节点损失:0.000,右节点损失:47.470,总损失:47.470
------划分值:1.000,左节点损失:41.264,右节点损失:0.975,总损失:42.239
('----划分特征：', 464)
------划分值:0.000,左节点损失:0.000,右节点损失:47.470,总损失:47.470
------划分值:1.000,左节点损失:40.019,右节点损失:3.684,总损失:43.702
('----划分特征：', 465)
------划分值:1.000,左节点损失:36.026,右节点损失:10.047,总损失:46.073
------划分值:0.000,左节点损失:0.000,右节点损失:47.470,总损失:47.470
('----划分特征：', 466)
------划分值:1.000,左节点损失:29.370,右节点损失:18.097,总损失:47.467
------划分值:0.000,左节点损失:0.000,右节点损失:47.470,总损失:47.470
('----划分特征：', 467)
------划分值:1.000,左节点损失:22.137,右节点损失:23.965,总损失:46.102
------划分值:0.000,左节点损失:0.000,右节点损失:47.470,总损失:47.470
('----划分特征：', 468)
------划分值:0.000,左节点损失:0.000,右节点损失:47.470,总损失:47.470
------划分值:1.000,左节点损失:19.114,右节点损失:24.156,总损失:43.270
('----划分特征：', 469)
------划分值:0.000,左节点损失:0.000,右节点损失:47.470,总损失:47.470
------划分值:1.000,左节点损失:22.580,右节点损失:18.868,总损失:41.448
('----划分特征：', 470)
------划分值:0.000,左节点损失:0.000,右节点损失:47.470,总损失:47.470
------划分值:1.000,左节点损失:28.968,右节点损失:12.730,总损失:41.698
('----划分特征：', 471)
------划分值:0.000,左节点损失:0.000,右节点损失:47.470,总损失:47.470
------划分值:1.000,左节点损失:37.096,右节点损失:6.674,总损失:43.771
('----划分特征：', 472)
------划分值:0.000,左节点损失:0.000,右节点损失:47.470,总损失:47.470
------划分值:1.000,左节点损失:44.792,右节点损失:2.182,总损失:46.974
('----划分特征：', 473)
------划分值:0.000,左节点损失:0.000,右节点损失:47.470,总损失:47.470
------划分值:1.000,左节点损失:47.454,右节点损失:0.000,总损失:47.454
('----划分特征：', 474)
------划分值:0.000,左节点损失:0.000,右节点损失:47.470,总损失:47.470
------划分值:1.000,左节点损失:47.468,右节点损失:0.000,总损失:47.468
('----划分特征：', 475)
------划分值:0.000,左节点损失:0.000,右节点损失:47.470,总损失:47.470
('----划分特征：', 476)
------划分值:0.000,左节点损失:0.000,右节点损失:47.470,总损失:47.470
('----划分特征：', 477)
------划分值:0.000,左节点损失:0.000,右节点损失:47.470,总损失:47.470
('----划分特征：', 478)
------划分值:0.000,左节点损失:0.000,右节点损失:47.470,总损失:47.470
------划分值:1.000,左节点损失:47.467,右节点损失:0.000,总损失:47.467
('----划分特征：', 479)
------划分值:0.000,左节点损失:0.000,右节点损失:47.470,总损失:47.470
------划分值:1.000,左节点损失:47.449,右节点损失:0.000,总损失:47.449
('----划分特征：', 480)
------划分值:0.000,左节点损失:0.000,右节点损失:47.470,总损失:47.470
------划分值:1.000,左节点损失:44.414,右节点损失:2.540,总损失:46.953
('----划分特征：', 481)
------划分值:0.000,左节点损失:0.000,右节点损失:47.470,总损失:47.470
------划分值:1.000,左节点损失:31.478,右节点损失:10.548,总损失:42.026
('----划分特征：', 482)
------划分值:0.000,左节点损失:0.000,右节点损失:47.470,总损失:47.470
------划分值:1.000,左节点损失:20.198,右节点损失:18.125,总损失:38.323
('----划分特征：', 483)
------划分值:0.000,左节点损失:0.000,右节点损失:47.470,总损失:47.470
------划分值:1.000,左节点损失:14.254,右节点损失:24.815,总损失:39.069
('----划分特征：', 484)
------划分值:0.000,左节点损失:0.000,右节点损失:47.470,总损失:47.470
------划分值:1.000,左节点损失:17.244,右节点损失:25.644,总损失:42.888
('----划分特征：', 485)
------划分值:0.000,左节点损失:0.000,右节点损失:47.470,总损失:47.470
------划分值:1.000,左节点损失:27.190,右节点损失:19.616,总损失:46.806
('----划分特征：', 486)
------划分值:0.000,左节点损失:0.000,右节点损失:47.470,总损失:47.470
------划分值:1.000,左节点损失:38.383,右节点损失:8.775,总损失:47.157
('----划分特征：', 487)
------划分值:0.000,左节点损失:0.000,右节点损失:47.470,总损失:47.470
------划分值:1.000,左节点损失:42.013,右节点损失:4.079,总损失:46.092
('----划分特征：', 488)
------划分值:0.000,左节点损失:0.000,右节点损失:47.470,总损失:47.470
------划分值:1.000,左节点损失:43.214,右节点损失:2.024,总损失:45.238
('----划分特征：', 489)
------划分值:0.000,左节点损失:0.000,右节点损失:47.470,总损失:47.470
------划分值:1.000,左节点损失:43.167,右节点损失:1.150,总损失:44.318
('----划分特征：', 490)
------划分值:0.000,左节点损失:0.000,右节点损失:47.470,总损失:47.470
------划分值:1.000,左节点损失:41.914,右节点损失:1.766,总损失:43.681
('----划分特征：', 491)
------划分值:0.000,左节点损失:0.000,右节点损失:47.470,总损失:47.470
------划分值:1.000,左节点损失:40.268,右节点损失:4.025,总损失:44.293
('----划分特征：', 492)
------划分值:0.000,左节点损失:0.000,右节点损失:47.470,总损失:47.470
------划分值:1.000,左节点损失:37.684,右节点损失:7.988,总损失:45.672
('----划分特征：', 493)
------划分值:1.000,左节点损失:31.668,右节点损失:15.566,总损失:47.234
------划分值:0.000,左节点损失:0.000,右节点损失:47.470,总损失:47.470
('----划分特征：', 494)
------划分值:1.000,左节点损失:23.742,右节点损失:23.287,总损失:47.028
------划分值:0.000,左节点损失:0.000,右节点损失:47.470,总损失:47.470
('----划分特征：', 495)
------划分值:1.000,左节点损失:19.574,右节点损失:25.624,总损失:45.198
------划分值:0.000,左节点损失:0.000,右节点损失:47.470,总损失:47.470
('----划分特征：', 496)
------划分值:0.000,左节点损失:0.000,右节点损失:47.470,总损失:47.470
------划分值:1.000,左节点损失:19.678,右节点损失:23.771,总损失:43.449
('----划分特征：', 497)
------划分值:0.000,左节点损失:0.000,右节点损失:47.470,总损失:47.470
------划分值:1.000,左节点损失:25.584,右节点损失:17.508,总损失:43.092
('----划分特征：', 498)
------划分值:0.000,左节点损失:0.000,右节点损失:47.470,总损失:47.470
------划分值:1.000,左节点损失:32.362,右节点损失:11.392,总损失:43.755
('----划分特征：', 499)
------划分值:0.000,左节点损失:0.000,右节点损失:47.470,总损失:47.470
------划分值:1.000,左节点损失:40.530,右节点损失:5.370,总损失:45.900
('----划分特征：', 500)
------划分值:0.000,左节点损失:0.000,右节点损失:47.470,总损失:47.470
------划分值:1.000,左节点损失:45.214,右节点损失:2.033,总损失:47.247
('----划分特征：', 501)
------划分值:0.000,左节点损失:0.000,右节点损失:47.470,总损失:47.470
------划分值:1.000,左节点损失:47.442,右节点损失:0.000,总损失:47.442
('----划分特征：', 502)
------划分值:0.000,左节点损失:0.000,右节点损失:47.470,总损失:47.470
------划分值:1.000,左节点损失:47.464,右节点损失:0.000,总损失:47.464
('----划分特征：', 503)
------划分值:0.000,左节点损失:0.000,右节点损失:47.470,总损失:47.470
('----划分特征：', 504)
------划分值:0.000,左节点损失:0.000,右节点损失:47.470,总损失:47.470
('----划分特征：', 505)
------划分值:0.000,左节点损失:0.000,右节点损失:47.470,总损失:47.470
('----划分特征：', 506)
------划分值:0.000,左节点损失:0.000,右节点损失:47.470,总损失:47.470
------划分值:1.000,左节点损失:47.467,右节点损失:0.000,总损失:47.467
('----划分特征：', 507)
------划分值:0.000,左节点损失:0.000,右节点损失:47.470,总损失:47.470
------划分值:1.000,左节点损失:47.431,右节点损失:0.000,总损失:47.431
('----划分特征：', 508)
------划分值:0.000,左节点损失:0.000,右节点损失:47.470,总损失:47.470
------划分值:1.000,左节点损失:43.635,右节点损失:3.414,总损失:47.049
('----划分特征：', 509)
------划分值:0.000,左节点损失:0.000,右节点损失:47.470,总损失:47.470
------划分值:1.000,左节点损失:32.837,右节点损失:10.795,总损失:43.632
('----划分特征：', 510)
------划分值:0.000,左节点损失:0.000,右节点损失:47.470,总损失:47.470
------划分值:1.000,左节点损失:20.187,右节点损失:18.981,总损失:39.167
('----划分特征：', 511)
------划分值:0.000,左节点损失:0.000,右节点损失:47.470,总损失:47.470
------划分值:1.000,左节点损失:13.258,右节点损失:25.056,总损失:38.315
('----划分特征：', 512)
------划分值:0.000,左节点损失:0.000,右节点损失:47.470,总损失:47.470
------划分值:1.000,左节点损失:16.859,右节点损失:25.095,总损失:41.953
('----划分特征：', 513)
------划分值:0.000,左节点损失:0.000,右节点损失:47.470,总损失:47.470
------划分值:1.000,左节点损失:26.885,右节点损失:19.558,总损失:46.444
('----划分特征：', 514)
------划分值:0.000,左节点损失:0.000,右节点损失:47.470,总损失:47.470
------划分值:1.000,左节点损失:36.488,右节点损失:10.899,总损失:47.388
('----划分特征：', 515)
------划分值:0.000,左节点损失:0.000,右节点损失:47.470,总损失:47.470
------划分值:1.000,左节点损失:41.376,右节点损失:5.157,总损失:46.533
('----划分特征：', 516)
------划分值:0.000,左节点损失:0.000,右节点损失:47.470,总损失:47.470
------划分值:1.000,左节点损失:42.465,右节点损失:3.484,总损失:45.950
('----划分特征：', 517)
------划分值:0.000,左节点损失:0.000,右节点损失:47.470,总损失:47.470
------划分值:1.000,左节点损失:42.065,右节点损失:3.152,总损失:45.217
('----划分特征：', 518)
------划分值:0.000,左节点损失:0.000,右节点损失:47.470,总损失:47.470
------划分值:1.000,左节点损失:40.263,右节点损失:4.789,总损失:45.052
('----划分特征：', 519)
------划分值:1.000,左节点损失:36.205,右节点损失:9.879,总损失:46.084
------划分值:0.000,左节点损失:0.000,右节点损失:47.470,总损失:47.470
('----划分特征：', 520)
------划分值:1.000,左节点损失:31.748,右节点损失:15.384,总损失:47.132
------划分值:0.000,左节点损失:0.000,右节点损失:47.470,总损失:47.470
('----划分特征：', 521)
------划分值:1.000,左节点损失:23.663,右节点损失:23.617,总损失:47.281
------划分值:0.000,左节点损失:0.000,右节点损失:47.470,总损失:47.470
('----划分特征：', 522)
------划分值:1.000,左节点损失:18.819,右节点损失:27.303,总损失:46.121
------划分值:0.000,左节点损失:0.000,右节点损失:47.470,总损失:47.470
('----划分特征：', 523)
------划分值:1.000,左节点损失:17.992,右节点损失:26.546,总损失:44.538
------划分值:0.000,左节点损失:0.000,右节点损失:47.470,总损失:47.470
('----划分特征：', 524)
------划分值:0.000,左节点损失:0.000,右节点损失:47.470,总损失:47.470
------划分值:1.000,左节点损失:23.826,右节点损失:20.730,总损失:44.556
('----划分特征：', 525)
------划分值:0.000,左节点损失:0.000,右节点损失:47.470,总损失:47.470
------划分值:1.000,左节点损失:30.096,右节点损失:14.811,总损失:44.907
('----划分特征：', 526)
------划分值:0.000,左节点损失:0.000,右节点损失:47.470,总损失:47.470
------划分值:1.000,左节点损失:37.512,右节点损失:8.520,总损失:46.033
('----划分特征：', 527)
------划分值:0.000,左节点损失:0.000,右节点损失:47.470,总损失:47.470
------划分值:1.000,左节点损失:43.474,右节点损失:3.614,总损失:47.088
('----划分特征：', 528)
------划分值:0.000,左节点损失:0.000,右节点损失:47.470,总损失:47.470
------划分值:1.000,左节点损失:46.612,右节点损失:0.849,总损失:47.461
('----划分特征：', 529)
------划分值:0.000,左节点损失:0.000,右节点损失:47.470,总损失:47.470
------划分值:1.000,左节点损失:47.448,右节点损失:0.000,总损失:47.448
('----划分特征：', 530)
------划分值:0.000,左节点损失:0.000,右节点损失:47.470,总损失:47.470
------划分值:1.000,左节点损失:47.469,右节点损失:0.000,总损失:47.469
('----划分特征：', 531)
------划分值:0.000,左节点损失:0.000,右节点损失:47.470,总损失:47.470
------划分值:1.000,左节点损失:47.469,右节点损失:0.000,总损失:47.469
('----划分特征：', 532)
------划分值:0.000,左节点损失:0.000,右节点损失:47.470,总损失:47.470
('----划分特征：', 533)
------划分值:0.000,左节点损失:0.000,右节点损失:47.470,总损失:47.470
('----划分特征：', 534)
------划分值:0.000,左节点损失:0.000,右节点损失:47.470,总损失:47.470
------划分值:1.000,左节点损失:47.465,右节点损失:0.000,总损失:47.465
('----划分特征：', 535)
------划分值:0.000,左节点损失:0.000,右节点损失:47.470,总损失:47.470
------划分值:1.000,左节点损失:47.265,右节点损失:0.173,总损失:47.438
('----划分特征：', 536)
------划分值:0.000,左节点损失:0.000,右节点损失:47.470,总损失:47.470
------划分值:1.000,左节点损失:43.897,右节点损失:3.366,总损失:47.262
('----划分特征：', 537)
------划分值:0.000,左节点损失:0.000,右节点损失:47.470,总损失:47.470
------划分值:1.000,左节点损失:33.181,右节点损失:11.437,总损失:44.618
('----划分特征：', 538)
------划分值:0.000,左节点损失:0.000,右节点损失:47.470,总损失:47.470
------划分值:1.000,左节点损失:21.694,右节点损失:19.563,总损失:41.257
('----划分特征：', 539)
------划分值:0.000,左节点损失:0.000,右节点损失:47.470,总损失:47.470
------划分值:1.000,左节点损失:13.417,右节点损失:25.809,总损失:39.226
('----划分特征：', 540)
------划分值:0.000,左节点损失:0.000,右节点损失:47.470,总损失:47.470
------划分值:1.000,左节点损失:15.127,右节点损失:26.692,总损失:41.819
('----划分特征：', 541)
------划分值:0.000,左节点损失:0.000,右节点损失:47.470,总损失:47.470
------划分值:1.000,左节点损失:22.754,右节点损失:22.974,总损失:45.728
('----划分特征：', 542)
------划分值:0.000,左节点损失:0.000,右节点损失:47.470,总损失:47.470
------划分值:1.000,左节点损失:31.170,右节点损失:16.250,总损失:47.420
('----划分特征：', 543)
------划分值:0.000,左节点损失:0.000,右节点损失:47.470,总损失:47.470
------划分值:1.000,左节点损失:36.012,右节点损失:11.250,总损失:47.262
('----划分特征：', 544)
------划分值:0.000,左节点损失:0.000,右节点损失:47.470,总损失:47.470
------划分值:1.000,左节点损失:37.294,右节点损失:9.528,总损失:46.821
('----划分特征：', 545)
------划分值:1.000,左节点损失:36.160,右节点损失:10.471,总损失:46.631
------划分值:0.000,左节点损失:0.000,右节点损失:47.470,总损失:47.470
('----划分特征：', 546)
------划分值:1.000,左节点损失:32.999,右节点损失:13.798,总损失:46.797
------划分值:0.000,左节点损失:0.000,右节点损失:47.470,总损失:47.470
('----划分特征：', 547)
------划分值:1.000,左节点损失:28.225,右节点损失:19.147,总损失:47.372
------划分值:0.000,左节点损失:0.000,右节点损失:47.470,总损失:47.470
('----划分特征：', 548)
------划分值:1.000,左节点损失:21.600,右节点损失:25.652,总损失:47.252
------划分值:0.000,左节点损失:0.000,右节点损失:47.470,总损失:47.470
('----划分特征：', 549)
------划分值:1.000,左节点损失:17.714,右节点损失:28.694,总损失:46.408
------划分值:0.000,左节点损失:0.000,右节点损失:47.470,总损失:47.470
('----划分特征：', 550)
------划分值:1.000,左节点损失:17.028,右节点损失:28.396,总损失:45.424
------划分值:0.000,左节点损失:0.000,右节点损失:47.470,总损失:47.470
('----划分特征：', 551)
------划分值:1.000,左节点损失:21.437,右节点损失:23.775,总损失:45.212
------划分值:0.000,左节点损失:0.000,右节点损失:47.470,总损失:47.470
('----划分特征：', 552)
------划分值:0.000,左节点损失:0.000,右节点损失:47.470,总损失:47.470
------划分值:1.000,左节点损失:28.825,右节点损失:16.953,总损失:45.778
('----划分特征：', 553)
------划分值:0.000,左节点损失:0.000,右节点损失:47.470,总损失:47.470
------划分值:1.000,左节点损失:34.845,右节点损失:11.325,总损失:46.170
('----划分特征：', 554)
------划分值:0.000,左节点损失:0.000,右节点损失:47.470,总损失:47.470
------划分值:1.000,左节点损失:41.840,右节点损失:5.281,总损失:47.121
('----划分特征：', 555)
------划分值:0.000,左节点损失:0.000,右节点损失:47.470,总损失:47.470
------划分值:1.000,左节点损失:45.093,右节点损失:2.296,总损失:47.389
('----划分特征：', 556)
------划分值:0.000,左节点损失:0.000,右节点损失:47.470,总损失:47.470
------划分值:1.000,左节点损失:47.130,右节点损失:0.333,总损失:47.463
('----划分特征：', 557)
------划分值:0.000,左节点损失:0.000,右节点损失:47.470,总损失:47.470
------划分值:1.000,左节点损失:47.459,右节点损失:0.000,总损失:47.459
('----划分特征：', 558)
------划分值:0.000,左节点损失:0.000,右节点损失:47.470,总损失:47.470
('----划分特征：', 559)
------划分值:0.000,左节点损失:0.000,右节点损失:47.470,总损失:47.470
('----划分特征：', 560)
------划分值:0.000,左节点损失:0.000,右节点损失:47.470,总损失:47.470
('----划分特征：', 561)
------划分值:0.000,左节点损失:0.000,右节点损失:47.470,总损失:47.470
('----划分特征：', 562)
------划分值:0.000,左节点损失:0.000,右节点损失:47.470,总损失:47.470
------划分值:1.000,左节点损失:47.459,右节点损失:0.000,总损失:47.459
('----划分特征：', 563)
------划分值:0.000,左节点损失:0.000,右节点损失:47.470,总损失:47.470
------划分值:1.000,左节点损失:47.337,右节点损失:0.088,总损失:47.425
('----划分特征：', 564)
------划分值:0.000,左节点损失:0.000,右节点损失:47.470,总损失:47.470
------划分值:1.000,左节点损失:44.539,右节点损失:2.863,总损失:47.401
('----划分特征：', 565)
------划分值:0.000,左节点损失:0.000,右节点损失:47.470,总损失:47.470
------划分值:1.000,左节点损失:37.615,右节点损失:8.846,总损失:46.461
('----划分特征：', 566)
------划分值:0.000,左节点损失:0.000,右节点损失:47.470,总损失:47.470
------划分值:1.000,左节点损失:25.794,右节点损失:17.972,总损失:43.767
('----划分特征：', 567)
------划分值:0.000,左节点损失:0.000,右节点损失:47.470,总损失:47.470
------划分值:1.000,左节点损失:15.960,右节点损失:25.585,总损失:41.545
('----划分特征：', 568)
------划分值:0.000,左节点损失:0.000,右节点损失:47.470,总损失:47.470
------划分值:1.000,左节点损失:13.462,右节点损失:28.576,总损失:42.038
('----划分特征：', 569)
------划分值:0.000,左节点损失:0.000,右节点损失:47.470,总损失:47.470
------划分值:1.000,左节点损失:14.978,右节点损失:29.081,总损失:44.059
('----划分特征：', 570)
------划分值:0.000,左节点损失:0.000,右节点损失:47.470,总损失:47.470
------划分值:1.000,左节点损失:20.801,右节点损失:25.558,总损失:46.360
('----划分特征：', 571)
------划分值:0.000,左节点损失:0.000,右节点损失:47.470,总损失:47.470
------划分值:1.000,左节点损失:26.454,右节点损失:20.914,总损失:47.368
('----划分特征：', 572)
------划分值:1.000,左节点损失:26.985,右节点损失:20.484,总损失:47.468
------划分值:0.000,左节点损失:0.000,右节点损失:47.470,总损失:47.470
('----划分特征：', 573)
------划分值:1.000,左节点损失:24.926,右节点损失:22.543,总损失:47.470
------划分值:0.000,左节点损失:0.000,右节点损失:47.470,总损失:47.470
('----划分特征：', 574)
------划分值:1.000,左节点损失:21.630,右节点损失:25.794,总损失:47.424
------划分值:0.000,左节点损失:0.000,右节点损失:47.470,总损失:47.470
('----划分特征：', 575)
------划分值:1.000,左节点损失:17.536,右节点损失:29.495,总损失:47.031
------划分值:0.000,左节点损失:0.000,右节点损失:47.470,总损失:47.470
('----划分特征：', 576)
------划分值:1.000,左节点损失:14.571,右节点损失:31.598,总损失:46.169
------划分值:0.000,左节点损失:0.000,右节点损失:47.470,总损失:47.470
('----划分特征：', 577)
------划分值:1.000,左节点损失:15.141,右节点损失:30.317,总损失:45.458
------划分值:0.000,左节点损失:0.000,右节点损失:47.470,总损失:47.470
('----划分特征：', 578)
------划分值:0.000,左节点损失:0.000,右节点损失:47.470,总损失:47.470
------划分值:1.000,左节点损失:20.970,右节点损失:24.825,总损失:45.795
('----划分特征：', 579)
------划分值:0.000,左节点损失:0.000,右节点损失:47.470,总损失:47.470
------划分值:1.000,左节点损失:28.632,右节点损失:17.841,总损失:46.473
('----划分特征：', 580)
------划分值:0.000,左节点损失:0.000,右节点损失:47.470,总损失:47.470
------划分值:1.000,左节点损失:34.667,右节点损失:12.060,总损失:46.726
('----划分特征：', 581)
------划分值:0.000,左节点损失:0.000,右节点损失:47.470,总损失:47.470
------划分值:1.000,左节点损失:40.568,右节点损失:6.624,总损失:47.191
('----划分特征：', 582)
------划分值:0.000,左节点损失:0.000,右节点损失:47.470,总损失:47.470
------划分值:1.000,左节点损失:44.445,右节点损失:2.978,总损失:47.422
('----划分特征：', 583)
------划分值:0.000,左节点损失:0.000,右节点损失:47.470,总损失:47.470
------划分值:1.000,左节点损失:46.506,右节点损失:0.964,总损失:47.470
('----划分特征：', 584)
------划分值:0.000,左节点损失:0.000,右节点损失:47.470,总损失:47.470
------划分值:1.000,左节点损失:47.280,右节点损失:0.171,总损失:47.451
('----划分特征：', 585)
------划分值:0.000,左节点损失:0.000,右节点损失:47.470,总损失:47.470
------划分值:1.000,左节点损失:47.462,右节点损失:0.000,总损失:47.462
('----划分特征：', 586)
------划分值:0.000,左节点损失:0.000,右节点损失:47.470,总损失:47.470
------划分值:1.000,左节点损失:47.396,右节点损失:0.059,总损失:47.455
('----划分特征：', 587)
------划分值:0.000,左节点损失:0.000,右节点损失:47.470,总损失:47.470
('----划分特征：', 588)
------划分值:0.000,左节点损失:0.000,右节点损失:47.470,总损失:47.470
('----划分特征：', 589)
------划分值:0.000,左节点损失:0.000,右节点损失:47.470,总损失:47.470
('----划分特征：', 590)
------划分值:0.000,左节点损失:0.000,右节点损失:47.470,总损失:47.470
------划分值:1.000,左节点损失:47.462,右节点损失:0.000,总损失:47.462
('----划分特征：', 591)
------划分值:0.000,左节点损失:0.000,右节点损失:47.470,总损失:47.470
------划分值:1.000,左节点损失:47.349,右节点损失:0.087,总损失:47.436
('----划分特征：', 592)
------划分值:0.000,左节点损失:0.000,右节点损失:47.470,总损失:47.470
------划分值:1.000,左节点损失:45.669,右节点损失:1.789,总损失:47.458
('----划分特征：', 593)
------划分值:0.000,左节点损失:0.000,右节点损失:47.470,总损失:47.470
------划分值:1.000,左节点损失:40.465,右节点损失:6.558,总损失:47.023
('----划分特征：', 594)
------划分值:0.000,左节点损失:0.000,右节点损失:47.470,总损失:47.470
------划分值:1.000,左节点损失:32.054,右节点损失:13.836,总损失:45.890
('----划分特征：', 595)
------划分值:0.000,左节点损失:0.000,右节点损失:47.470,总损失:47.470
------划分值:1.000,左节点损失:21.196,右节点损失:22.790,总损失:43.986
('----划分特征：', 596)
------划分值:0.000,左节点损失:0.000,右节点损失:47.470,总损失:47.470
------划分值:1.000,左节点损失:14.024,右节点损失:28.879,总损失:42.904
('----划分特征：', 597)
------划分值:0.000,左节点损失:0.000,右节点损失:47.470,总损失:47.470
------划分值:1.000,左节点损失:9.755,右节点损失:33.284,总损失:43.039
('----划分特征：', 598)
------划分值:1.000,左节点损失:9.813,右节点损失:34.358,总损失:44.170
------划分值:0.000,左节点损失:0.000,右节点损失:47.470,总损失:47.470
('----划分特征：', 599)
------划分值:1.000,左节点损失:12.074,右节点损失:33.579,总损失:45.652
------划分值:0.000,左节点损失:0.000,右节点损失:47.470,总损失:47.470
('----划分特征：', 600)
------划分值:1.000,左节点损失:13.789,右节点损失:32.666,总损失:46.455
------划分值:0.000,左节点损失:0.000,右节点损失:47.470,总损失:47.470
('----划分特征：', 601)
------划分值:1.000,左节点损失:13.353,右节点损失:33.244,总损失:46.597
------划分值:0.000,左节点损失:0.000,右节点损失:47.470,总损失:47.470
('----划分特征：', 602)
------划分值:1.000,左节点损失:12.567,右节点损失:33.838,总损失:46.405
------划分值:0.000,左节点损失:0.000,右节点损失:47.470,总损失:47.470
('----划分特征：', 603)
------划分值:1.000,左节点损失:11.812,右节点损失:34.003,总损失:45.815
------划分值:0.000,左节点损失:0.000,右节点损失:47.470,总损失:47.470
('----划分特征：', 604)
------划分值:0.000,左节点损失:0.000,右节点损失:47.470,总损失:47.470
------划分值:1.000,左节点损失:13.833,右节点损失:31.520,总损失:45.353
('----划分特征：', 605)
------划分值:0.000,左节点损失:0.000,右节点损失:47.470,总损失:47.470
------划分值:1.000,左节点损失:20.949,右节点损失:25.010,总损失:45.958
('----划分特征：', 606)
------划分值:0.000,左节点损失:0.000,右节点损失:47.470,总损失:47.470
------划分值:1.000,左节点损失:28.439,右节点损失:18.177,总损失:46.617
('----划分特征：', 607)
------划分值:0.000,左节点损失:0.000,右节点损失:47.470,总损失:47.470
------划分值:1.000,左节点损失:34.968,右节点损失:12.063,总损失:47.031
('----划分特征：', 608)
------划分值:0.000,左节点损失:0.000,右节点损失:47.470,总损失:47.470
------划分值:1.000,左节点损失:40.134,右节点损失:7.146,总损失:47.280
('----划分特征：', 609)
------划分值:0.000,左节点损失:0.000,右节点损失:47.470,总损失:47.470
------划分值:1.000,左节点损失:43.883,右节点损失:3.548,总损失:47.431
('----划分特征：', 610)
------划分值:0.000,左节点损失:0.000,右节点损失:47.470,总损失:47.470
------划分值:1.000,左节点损失:46.390,右节点损失:1.071,总损失:47.460
('----划分特征：', 611)
------划分值:0.000,左节点损失:0.000,右节点损失:47.470,总损失:47.470
------划分值:1.000,左节点损失:47.190,右节点损失:0.256,总损失:47.447
('----划分特征：', 612)
------划分值:0.000,左节点损失:0.000,右节点损失:47.470,总损失:47.470
------划分值:1.000,左节点损失:47.368,右节点损失:0.086,总损失:47.454
('----划分特征：', 613)
------划分值:0.000,左节点损失:0.000,右节点损失:47.470,总损失:47.470
------划分值:1.000,左节点损失:47.462,右节点损失:0.000,总损失:47.462
('----划分特征：', 614)
------划分值:0.000,左节点损失:0.000,右节点损失:47.470,总损失:47.470
------划分值:1.000,左节点损失:47.397,右节点损失:0.044,总损失:47.441
('----划分特征：', 615)
------划分值:0.000,左节点损失:0.000,右节点损失:47.470,总损失:47.470
('----划分特征：', 616)
------划分值:0.000,左节点损失:0.000,右节点损失:47.470,总损失:47.470
('----划分特征：', 617)
------划分值:0.000,左节点损失:0.000,右节点损失:47.470,总损失:47.470
('----划分特征：', 618)
------划分值:0.000,左节点损失:0.000,右节点损失:47.470,总损失:47.470
------划分值:1.000,左节点损失:47.467,右节点损失:0.000,总损失:47.467
('----划分特征：', 619)
------划分值:0.000,左节点损失:0.000,右节点损失:47.470,总损失:47.470
------划分值:1.000,左节点损失:47.376,右节点损失:0.086,总损失:47.461
('----划分特征：', 620)
------划分值:0.000,左节点损失:0.000,右节点损失:47.470,总损失:47.470
------划分值:1.000,左节点损失:46.963,右节点损失:0.498,总损失:47.461
('----划分特征：', 621)
------划分值:0.000,左节点损失:0.000,右节点损失:47.470,总损失:47.470
------划分值:1.000,左节点损失:43.580,右节点损失:3.699,总损失:47.279
('----划分特征：', 622)
------划分值:0.000,左节点损失:0.000,右节点损失:47.470,总损失:47.470
------划分值:1.000,左节点损失:38.107,右节点损失:8.657,总损失:46.765
('----划分特征：', 623)
------划分值:1.000,左节点损失:29.851,右节点损失:15.967,总损失:45.818
------划分值:0.000,左节点损失:0.000,右节点损失:47.470,总损失:47.470
('----划分特征：', 624)
------划分值:1.000,左节点损失:21.858,右节点损失:23.146,总损失:45.005
------划分值:0.000,左节点损失:0.000,右节点损失:47.470,总损失:47.470
('----划分特征：', 625)
------划分值:1.000,左节点损失:13.906,右节点损失:30.096,总损失:44.002
------划分值:0.000,左节点损失:0.000,右节点损失:47.470,总损失:47.470
('----划分特征：', 626)
------划分值:1.000,左节点损失:8.642,右节点损失:35.166,总损失:43.808
------划分值:0.000,左节点损失:0.000,右节点损失:47.470,总损失:47.470
('----划分特征：', 627)
------划分值:1.000,左节点损失:7.612,右节点损失:36.832,总损失:44.444
------划分值:0.000,左节点损失:0.000,右节点损失:47.470,总损失:47.470
('----划分特征：', 628)
------划分值:1.000,左节点损失:7.684,右节点损失:37.200,总损失:44.885
------划分值:0.000,左节点损失:0.000,右节点损失:47.470,总损失:47.470
('----划分特征：', 629)
------划分值:1.000,左节点损失:9.350,右节点损失:35.948,总损失:45.298
------划分值:0.000,左节点损失:0.000,右节点损失:47.470,总损失:47.470
('----划分特征：', 630)
------划分值:0.000,左节点损失:0.000,右节点损失:47.470,总损失:47.470
------划分值:1.000,左节点损失:11.263,右节点损失:34.137,总损失:45.400
('----划分特征：', 631)
------划分值:0.000,左节点损失:0.000,右节点损失:47.470,总损失:47.470
------划分值:1.000,左节点损失:16.888,右节点损失:29.075,总损失:45.963
('----划分特征：', 632)
------划分值:0.000,左节点损失:0.000,右节点损失:47.470,总损失:47.470
------划分值:1.000,左节点损失:23.981,右节点损失:22.562,总损失:46.544
('----划分特征：', 633)
------划分值:0.000,左节点损失:0.000,右节点损失:47.470,总损失:47.470
------划分值:1.000,左节点损失:31.778,右节点损失:15.305,总损失:47.083
('----划分特征：', 634)
------划分值:0.000,左节点损失:0.000,右节点损失:47.470,总损失:47.470
------划分值:1.000,左节点损失:37.034,右节点损失:10.276,总损失:47.310
('----划分特征：', 635)
------划分值:0.000,左节点损失:0.000,右节点损失:47.470,总损失:47.470
------划分值:1.000,左节点损失:41.427,右节点损失:6.005,总损失:47.432
('----划分特征：', 636)
------划分值:0.000,左节点损失:0.000,右节点损失:47.470,总损失:47.470
------划分值:1.000,左节点损失:44.362,右节点损失:3.107,总损失:47.469
('----划分特征：', 637)
------划分值:0.000,左节点损失:0.000,右节点损失:47.470,总损失:47.470
------划分值:1.000,左节点损失:46.362,右节点损失:1.084,总损失:47.446
('----划分特征：', 638)
------划分值:0.000,左节点损失:0.000,右节点损失:47.470,总损失:47.470
------划分值:1.000,左节点损失:47.023,右节点损失:0.423,总损失:47.446
('----划分特征：', 639)
------划分值:0.000,左节点损失:0.000,右节点损失:47.470,总损失:47.470
------划分值:1.000,左节点损失:47.364,右节点损失:0.087,总损失:47.451
('----划分特征：', 640)
------划分值:0.000,左节点损失:0.000,右节点损失:47.470,总损失:47.470
------划分值:1.000,左节点损失:47.456,右节点损失:0.000,总损失:47.456
('----划分特征：', 641)
------划分值:0.000,左节点损失:0.000,右节点损失:47.470,总损失:47.470
------划分值:1.000,左节点损失:47.463,右节点损失:0.000,总损失:47.463
('----划分特征：', 642)
------划分值:0.000,左节点损失:0.000,右节点损失:47.470,总损失:47.470
------划分值:1.000,左节点损失:47.398,右节点损失:0.000,总损失:47.398
('----划分特征：', 643)
------划分值:0.000,左节点损失:0.000,右节点损失:47.470,总损失:47.470
('----划分特征：', 644)
------划分值:0.000,左节点损失:0.000,右节点损失:47.470,总损失:47.470
('----划分特征：', 645)
------划分值:0.000,左节点损失:0.000,右节点损失:47.470,总损失:47.470
('----划分特征：', 646)
------划分值:0.000,左节点损失:0.000,右节点损失:47.470,总损失:47.470
------划分值:1.000,左节点损失:47.469,右节点损失:0.000,总损失:47.469
('----划分特征：', 647)
------划分值:0.000,左节点损失:0.000,右节点损失:47.470,总损失:47.470
------划分值:1.000,左节点损失:47.465,右节点损失:0.000,总损失:47.465
('----划分特征：', 648)
------划分值:0.000,左节点损失:0.000,右节点损失:47.470,总损失:47.470
------划分值:1.000,左节点损失:47.299,右节点损失:0.167,总损失:47.466
('----划分特征：', 649)
------划分值:1.000,左节点损失:46.369,右节点损失:1.096,总损失:47.465
------划分值:0.000,左节点损失:0.000,右节点损失:47.470,总损失:47.470
('----划分特征：', 650)
------划分值:1.000,左节点损失:44.585,右节点损失:2.855,总损失:47.440
------划分值:0.000,左节点损失:0.000,右节点损失:47.470,总损失:47.470
('----划分特征：', 651)
------划分值:1.000,左节点损失:41.192,右节点损失:6.158,总损失:47.350
------划分值:0.000,左节点损失:0.000,右节点损失:47.470,总损失:47.470
('----划分特征：', 652)
------划分值:1.000,左节点损失:35.336,右节点损失:11.763,总损失:47.099
------划分值:0.000,左节点损失:0.000,右节点损失:47.470,总损失:47.470
('----划分特征：', 653)
------划分值:1.000,左节点损失:28.341,右节点损失:18.346,总损失:46.687
------划分值:0.000,左节点损失:0.000,右节点损失:47.470,总损失:47.470
('----划分特征：', 654)
------划分值:1.000,左节点损失:23.571,右节点损失:23.010,总损失:46.580
------划分值:0.000,左节点损失:0.000,右节点损失:47.470,总损失:47.470
('----划分特征：', 655)
------划分值:1.000,左节点损失:18.886,右节点损失:27.325,总损失:46.210
------划分值:0.000,左节点损失:0.000,右节点损失:47.470,总损失:47.470
('----划分特征：', 656)
------划分值:1.000,左节点损失:18.470,右节点损失:27.795,总损失:46.265
------划分值:0.000,左节点损失:0.000,右节点损失:47.470,总损失:47.470
('----划分特征：', 657)
------划分值:0.000,左节点损失:0.000,右节点损失:47.470,总损失:47.470
------划分值:1.000,左节点损失:21.454,右节点损失:25.223,总损失:46.677
('----划分特征：', 658)
------划分值:0.000,左节点损失:0.000,右节点损失:47.470,总损失:47.470
------划分值:1.000,左节点损失:26.796,右节点损失:20.364,总损失:47.160
('----划分特征：', 659)
------划分值:0.000,左节点损失:0.000,右节点损失:47.470,总损失:47.470
------划分值:1.000,左节点损失:32.444,右节点损失:14.926,总损失:47.370
('----划分特征：', 660)
------划分值:0.000,左节点损失:0.000,右节点损失:47.470,总损失:47.470
------划分值:1.000,左节点损失:38.613,右节点损失:8.855,总损失:47.468
('----划分特征：', 661)
------划分值:0.000,左节点损失:0.000,右节点损失:47.470,总损失:47.470
------划分值:1.000,左节点损失:41.483,右节点损失:5.983,总损失:47.465
('----划分特征：', 662)
------划分值:0.000,左节点损失:0.000,右节点损失:47.470,总损失:47.470
------划分值:1.000,左节点损失:43.874,右节点损失:3.585,总损失:47.459
('----划分特征：', 663)
------划分值:0.000,左节点损失:0.000,右节点损失:47.470,总损失:47.470
------划分值:1.000,左节点损失:46.183,右节点损失:1.192,总损失:47.375
('----划分特征：', 664)
------划分值:0.000,左节点损失:0.000,右节点损失:47.470,总损失:47.470
------划分值:1.000,左节点损失:46.805,右节点损失:0.600,总损失:47.405
('----划分特征：', 665)
------划分值:0.000,左节点损失:0.000,右节点损失:47.470,总损失:47.470
------划分值:1.000,左节点损失:47.232,右节点损失:0.175,总损失:47.407
('----划分特征：', 666)
------划分值:0.000,左节点损失:0.000,右节点损失:47.470,总损失:47.470
------划分值:1.000,左节点损失:47.352,右节点损失:0.087,总损失:47.439
('----划分特征：', 667)
------划分值:0.000,左节点损失:0.000,右节点损失:47.470,总损失:47.470
------划分值:1.000,左节点损失:47.452,右节点损失:0.000,总损失:47.452
('----划分特征：', 668)
------划分值:0.000,左节点损失:0.000,右节点损失:47.470,总损失:47.470
------划分值:1.000,左节点损失:47.468,右节点损失:0.000,总损失:47.468
('----划分特征：', 669)
------划分值:0.000,左节点损失:0.000,右节点损失:47.470,总损失:47.470
('----划分特征：', 670)
------划分值:0.000,左节点损失:0.000,右节点损失:47.470,总损失:47.470
('----划分特征：', 671)
------划分值:0.000,左节点损失:0.000,右节点损失:47.470,总损失:47.470
('----划分特征：', 672)
------划分值:0.000,左节点损失:0.000,右节点损失:47.470,总损失:47.470
('----划分特征：', 673)
------划分值:0.000,左节点损失:0.000,右节点损失:47.470,总损失:47.470
('----划分特征：', 674)
------划分值:0.000,左节点损失:0.000,右节点损失:47.470,总损失:47.470
('----划分特征：', 675)
------划分值:0.000,左节点损失:0.000,右节点损失:47.470,总损失:47.470
------划分值:1.000,左节点损失:47.467,右节点损失:0.000,总损失:47.467
('----划分特征：', 676)
------划分值:1.000,左节点损失:47.385,右节点损失:0.083,总损失:47.468
------划分值:0.000,左节点损失:0.000,右节点损失:47.470,总损失:47.470
('----划分特征：', 677)
------划分值:1.000,左节点损失:47.293,右节点损失:0.169,总损失:47.462
------划分值:0.000,左节点损失:0.000,右节点损失:47.470,总损失:47.470
('----划分特征：', 678)
------划分值:1.000,左节点损失:47.166,右节点损失:0.259,总损失:47.426
------划分值:0.000,左节点损失:0.000,右节点损失:47.470,总损失:47.470
('----划分特征：', 679)
------划分值:1.000,左节点损失:46.702,右节点损失:0.686,总损失:47.389
------划分值:0.000,左节点损失:0.000,右节点损失:47.470,总损失:47.470
('----划分特征：', 680)
------划分值:1.000,左节点损失:45.873,右节点损失:1.453,总损失:47.326
------划分值:0.000,左节点损失:0.000,右节点损失:47.470,总损失:47.470
('----划分特征：', 681)
------划分值:1.000,左节点损失:44.424,右节点损失:2.876,总损失:47.300
------划分值:0.000,左节点损失:0.000,右节点损失:47.470,总损失:47.470
('----划分特征：', 682)
------划分值:1.000,左节点损失:42.344,右节点损失:5.000,总损失:47.344
------划分值:0.000,左节点损失:0.000,右节点损失:47.470,总损失:47.470
('----划分特征：', 683)
------划分值:0.000,左节点损失:0.000,右节点损失:47.470,总损失:47.470
------划分值:1.000,左节点损失:41.078,右节点损失:6.291,总损失:47.369
('----划分特征：', 684)
------划分值:0.000,左节点损失:0.000,右节点损失:47.470,总损失:47.470
------划分值:1.000,左节点损失:40.281,右节点损失:7.136,总损失:47.417
('----划分特征：', 685)
------划分值:0.000,左节点损失:0.000,右节点损失:47.470,总损失:47.470
------划分值:1.000,左节点损失:40.797,右节点损失:6.596,总损失:47.393
('----划分特征：', 686)
------划分值:0.000,左节点损失:0.000,右节点损失:47.470,总损失:47.470
------划分值:1.000,左节点损失:42.329,右节点损失:5.006,总损失:47.334
('----划分特征：', 687)
------划分值:0.000,左节点损失:0.000,右节点损失:47.470,总损失:47.470
------划分值:1.000,左节点损失:43.954,右节点损失:3.366,总损失:47.320
('----划分特征：', 688)
------划分值:0.000,左节点损失:0.000,右节点损失:47.470,总损失:47.470
------划分值:1.000,左节点损失:45.419,右节点损失:1.877,总损失:47.296
('----划分特征：', 689)
------划分值:0.000,左节点损失:0.000,右节点损失:47.470,总损失:47.470
------划分值:1.000,左节点损失:46.355,右节点损失:0.949,总损失:47.304
('----划分特征：', 690)
------划分值:0.000,左节点损失:0.000,右节点损失:47.470,总损失:47.470
------划分值:1.000,左节点损失:46.887,右节点损失:0.436,总损失:47.323
('----划分特征：', 691)
------划分值:0.000,左节点损失:0.000,右节点损失:47.470,总损失:47.470
------划分值:1.000,左节点损失:47.179,右节点损失:0.176,总损失:47.355
('----划分特征：', 692)
------划分值:0.000,左节点损失:0.000,右节点损失:47.470,总损失:47.470
------划分值:1.000,左节点损失:47.231,右节点损失:0.175,总损失:47.405
('----划分特征：', 693)
------划分值:0.000,左节点损失:0.000,右节点损失:47.470,总损失:47.470
------划分值:1.000,左节点损失:47.351,右节点损失:0.087,总损失:47.439
('----划分特征：', 694)
------划分值:0.000,左节点损失:0.000,右节点损失:47.470,总损失:47.470
------划分值:1.000,左节点损失:47.445,右节点损失:0.000,总损失:47.445
('----划分特征：', 695)
------划分值:0.000,左节点损失:0.000,右节点损失:47.470,总损失:47.470
------划分值:1.000,左节点损失:47.461,右节点损失:0.000,总损失:47.461
('----划分特征：', 696)
------划分值:0.000,左节点损失:0.000,右节点损失:47.470,总损失:47.470
------划分值:1.000,左节点损失:47.469,右节点损失:0.000,总损失:47.469
('----划分特征：', 697)
------划分值:0.000,左节点损失:0.000,右节点损失:47.470,总损失:47.470
('----划分特征：', 698)
------划分值:0.000,左节点损失:0.000,右节点损失:47.470,总损失:47.470
('----划分特征：', 699)
------划分值:0.000,左节点损失:0.000,右节点损失:47.470,总损失:47.470
('----划分特征：', 700)
------划分值:0.000,左节点损失:0.000,右节点损失:47.470,总损失:47.470
('----划分特征：', 701)
------划分值:0.000,左节点损失:0.000,右节点损失:47.470,总损失:47.470
('----划分特征：', 702)
------划分值:0.000,左节点损失:0.000,右节点损失:47.470,总损失:47.470
('----划分特征：', 703)
------划分值:0.000,左节点损失:0.000,右节点损失:47.470,总损失:47.470
('----划分特征：', 704)
------划分值:0.000,左节点损失:0.000,右节点损失:47.470,总损失:47.470
------划分值:1.000,左节点损失:47.468,右节点损失:0.000,总损失:47.468
('----划分特征：', 705)
------划分值:0.000,左节点损失:0.000,右节点损失:47.470,总损失:47.470
------划分值:1.000,左节点损失:47.457,右节点损失:0.000,总损失:47.457
('----划分特征：', 706)
------划分值:0.000,左节点损失:0.000,右节点损失:47.470,总损失:47.470
------划分值:1.000,左节点损失:47.437,右节点损失:0.000,总损失:47.437
('----划分特征：', 707)
------划分值:0.000,左节点损失:0.000,右节点损失:47.470,总损失:47.470
------划分值:1.000,左节点损失:47.386,右节点损失:0.000,总损失:47.386
('----划分特征：', 708)
------划分值:0.000,左节点损失:0.000,右节点损失:47.470,总损失:47.470
------划分值:1.000,左节点损失:47.301,右节点损失:0.000,总损失:47.301
('----划分特征：', 709)
------划分值:0.000,左节点损失:0.000,右节点损失:47.470,总损失:47.470
------划分值:1.000,左节点损失:47.202,右节点损失:0.000,总损失:47.202
('----划分特征：', 710)
------划分值:0.000,左节点损失:0.000,右节点损失:47.470,总损失:47.470
------划分值:1.000,左节点损失:47.053,右节点损失:0.089,总损失:47.142
('----划分特征：', 711)
------划分值:0.000,左节点损失:0.000,右节点损失:47.470,总损失:47.470
------划分值:1.000,左节点损失:46.964,右节点损失:0.177,总损失:47.141
('----划分特征：', 712)
------划分值:0.000,左节点损失:0.000,右节点损失:47.470,总损失:47.470
------划分值:1.000,左节点损失:46.983,右节点损失:0.177,总损失:47.160
('----划分特征：', 713)
------划分值:0.000,左节点损失:0.000,右节点损失:47.470,总损失:47.470
------划分值:1.000,左节点损失:46.926,右节点损失:0.265,总损失:47.191
('----划分特征：', 714)
------划分值:0.000,左节点损失:0.000,右节点损失:47.470,总损失:47.470
------划分值:1.000,左节点损失:47.038,右节点损失:0.177,总损失:47.215
('----划分特征：', 715)
------划分值:0.000,左节点损失:0.000,右节点损失:47.470,总损失:47.470
------划分值:1.000,左节点损失:47.153,右节点损失:0.089,总损失:47.242
('----划分特征：', 716)
------划分值:0.000,左节点损失:0.000,右节点损失:47.470,总损失:47.470
------划分值:1.000,左节点损失:47.260,右节点损失:0.000,总损失:47.260
('----划分特征：', 717)
------划分值:0.000,左节点损失:0.000,右节点损失:47.470,总损失:47.470
------划分值:1.000,左节点损失:47.330,右节点损失:0.000,总损失:47.330
('----划分特征：', 718)
------划分值:0.000,左节点损失:0.000,右节点损失:47.470,总损失:47.470
------划分值:1.000,左节点损失:47.376,右节点损失:0.000,总损失:47.376
('----划分特征：', 719)
------划分值:0.000,左节点损失:0.000,右节点损失:47.470,总损失:47.470
------划分值:1.000,左节点损失:47.409,右节点损失:0.000,总损失:47.409
('----划分特征：', 720)
------划分值:0.000,左节点损失:0.000,右节点损失:47.470,总损失:47.470
------划分值:1.000,左节点损失:47.427,右节点损失:0.000,总损失:47.427
('----划分特征：', 721)
------划分值:0.000,左节点损失:0.000,右节点损失:47.470,总损失:47.470
------划分值:1.000,左节点损失:47.445,右节点损失:0.000,总损失:47.445
('----划分特征：', 722)
------划分值:0.000,左节点损失:0.000,右节点损失:47.470,总损失:47.470
------划分值:1.000,左节点损失:47.459,右节点损失:0.000,总损失:47.459
('----划分特征：', 723)
------划分值:0.000,左节点损失:0.000,右节点损失:47.470,总损失:47.470
------划分值:1.000,左节点损失:47.466,右节点损失:0.000,总损失:47.466
('----划分特征：', 724)
------划分值:0.000,左节点损失:0.000,右节点损失:47.470,总损失:47.470
('----划分特征：', 725)
------划分值:0.000,左节点损失:0.000,右节点损失:47.470,总损失:47.470
('----划分特征：', 726)
------划分值:0.000,左节点损失:0.000,右节点损失:47.470,总损失:47.470
('----划分特征：', 727)
------划分值:0.000,左节点损失:0.000,右节点损失:47.470,总损失:47.470
('----划分特征：', 728)
------划分值:0.000,左节点损失:0.000,右节点损失:47.470,总损失:47.470
('----划分特征：', 729)
------划分值:0.000,左节点损失:0.000,右节点损失:47.470,总损失:47.470
('----划分特征：', 730)
------划分值:0.000,左节点损失:0.000,右节点损失:47.470,总损失:47.470
('----划分特征：', 731)
------划分值:0.000,左节点损失:0.000,右节点损失:47.470,总损失:47.470
('----划分特征：', 732)
------划分值:0.000,左节点损失:0.000,右节点损失:47.470,总损失:47.470
------划分值:1.000,左节点损失:47.469,右节点损失:0.000,总损失:47.469
('----划分特征：', 733)
------划分值:0.000,左节点损失:0.000,右节点损失:47.470,总损失:47.470
------划分值:1.000,左节点损失:47.465,右节点损失:0.000,总损失:47.465
('----划分特征：', 734)
------划分值:0.000,左节点损失:0.000,右节点损失:47.470,总损失:47.470
------划分值:1.000,左节点损失:47.451,右节点损失:0.000,总损失:47.451
('----划分特征：', 735)
------划分值:0.000,左节点损失:0.000,右节点损失:47.470,总损失:47.470
------划分值:1.000,左节点损失:47.431,右节点损失:0.000,总损失:47.431
('----划分特征：', 736)
------划分值:0.000,左节点损失:0.000,右节点损失:47.470,总损失:47.470
------划分值:1.000,左节点损失:47.392,右节点损失:0.000,总损失:47.392
('----划分特征：', 737)
------划分值:0.000,左节点损失:0.000,右节点损失:47.470,总损失:47.470
------划分值:1.000,左节点损失:47.363,右节点损失:0.000,总损失:47.363
('----划分特征：', 738)
------划分值:0.000,左节点损失:0.000,右节点损失:47.470,总损失:47.470
------划分值:1.000,左节点损失:47.343,右节点损失:0.000,总损失:47.343
('----划分特征：', 739)
------划分值:0.000,左节点损失:0.000,右节点损失:47.470,总损失:47.470
------划分值:1.000,左节点损失:47.344,右节点损失:0.000,总损失:47.344
('----划分特征：', 740)
------划分值:0.000,左节点损失:0.000,右节点损失:47.470,总损失:47.470
------划分值:1.000,左节点损失:47.360,右节点损失:0.000,总损失:47.360
('----划分特征：', 741)
------划分值:0.000,左节点损失:0.000,右节点损失:47.470,总损失:47.470
------划分值:1.000,左节点损失:47.367,右节点损失:0.000,总损失:47.367
('----划分特征：', 742)
------划分值:0.000,左节点损失:0.000,右节点损失:47.470,总损失:47.470
------划分值:1.000,左节点损失:47.368,右节点损失:0.000,总损失:47.368
('----划分特征：', 743)
------划分值:0.000,左节点损失:0.000,右节点损失:47.470,总损失:47.470
------划分值:1.000,左节点损失:47.392,右节点损失:0.000,总损失:47.392
('----划分特征：', 744)
------划分值:0.000,左节点损失:0.000,右节点损失:47.470,总损失:47.470
------划分值:1.000,左节点损失:47.400,右节点损失:0.000,总损失:47.400
('----划分特征：', 745)
------划分值:0.000,左节点损失:0.000,右节点损失:47.470,总损失:47.470
------划分值:1.000,左节点损失:47.412,右节点损失:0.000,总损失:47.412
('----划分特征：', 746)
------划分值:0.000,左节点损失:0.000,右节点损失:47.470,总损失:47.470
------划分值:1.000,左节点损失:47.431,右节点损失:0.000,总损失:47.431
('----划分特征：', 747)
------划分值:0.000,左节点损失:0.000,右节点损失:47.470,总损失:47.470
------划分值:1.000,左节点损失:47.447,右节点损失:0.000,总损失:47.447
('----划分特征：', 748)
------划分值:0.000,左节点损失:0.000,右节点损失:47.470,总损失:47.470
------划分值:1.000,左节点损失:47.456,右节点损失:0.000,总损失:47.456
('----划分特征：', 749)
------划分值:0.000,左节点损失:0.000,右节点损失:47.470,总损失:47.470
------划分值:1.000,左节点损失:47.462,右节点损失:0.000,总损失:47.462
('----划分特征：', 750)
------划分值:0.000,左节点损失:0.000,右节点损失:47.470,总损失:47.470
------划分值:1.000,左节点损失:47.467,右节点损失:0.000,总损失:47.467
('----划分特征：', 751)
------划分值:0.000,左节点损失:0.000,右节点损失:47.470,总损失:47.470
------划分值:1.000,左节点损失:47.469,右节点损失:0.000,总损失:47.469
('----划分特征：', 752)
------划分值:0.000,左节点损失:0.000,右节点损失:47.470,总损失:47.470
('----划分特征：', 753)
------划分值:0.000,左节点损失:0.000,右节点损失:47.470,总损失:47.470
('----划分特征：', 754)
------划分值:0.000,左节点损失:0.000,右节点损失:47.470,总损失:47.470
('----划分特征：', 755)
------划分值:0.000,左节点损失:0.000,右节点损失:47.470,总损失:47.470
('----划分特征：', 756)
------划分值:0.000,左节点损失:0.000,右节点损失:47.470,总损失:47.470
('----划分特征：', 757)
------划分值:0.000,左节点损失:0.000,右节点损失:47.470,总损失:47.470
('----划分特征：', 758)
------划分值:0.000,左节点损失:0.000,右节点损失:47.470,总损失:47.470
('----划分特征：', 759)
------划分值:0.000,左节点损失:0.000,右节点损失:47.470,总损失:47.470
('----划分特征：', 760)
------划分值:0.000,左节点损失:0.000,右节点损失:47.470,总损失:47.470
('----划分特征：', 761)
------划分值:0.000,左节点损失:0.000,右节点损失:47.470,总损失:47.470
------划分值:1.000,左节点损失:47.469,右节点损失:0.000,总损失:47.469
('----划分特征：', 762)
------划分值:0.000,左节点损失:0.000,右节点损失:47.470,总损失:47.470
------划分值:1.000,左节点损失:47.468,右节点损失:0.000,总损失:47.468
('----划分特征：', 763)
------划分值:0.000,左节点损失:0.000,右节点损失:47.470,总损失:47.470
------划分值:1.000,左节点损失:47.467,右节点损失:0.000,总损失:47.467
('----划分特征：', 764)
------划分值:0.000,左节点损失:0.000,右节点损失:47.470,总损失:47.470
------划分值:1.000,左节点损失:47.467,右节点损失:0.000,总损失:47.467
('----划分特征：', 765)
------划分值:0.000,左节点损失:0.000,右节点损失:47.470,总损失:47.470
------划分值:1.000,左节点损失:47.466,右节点损失:0.000,总损失:47.466
('----划分特征：', 766)
------划分值:0.000,左节点损失:0.000,右节点损失:47.470,总损失:47.470
------划分值:1.000,左节点损失:47.462,右节点损失:0.000,总损失:47.462
('----划分特征：', 767)
------划分值:0.000,左节点损失:0.000,右节点损失:47.470,总损失:47.470
------划分值:1.000,左节点损失:47.459,右节点损失:0.000,总损失:47.459
('----划分特征：', 768)
------划分值:0.000,左节点损失:0.000,右节点损失:47.470,总损失:47.470
------划分值:1.000,左节点损失:47.454,右节点损失:0.000,总损失:47.454
('----划分特征：', 769)
------划分值:0.000,左节点损失:0.000,右节点损失:47.470,总损失:47.470
------划分值:1.000,左节点损失:47.453,右节点损失:0.000,总损失:47.453
('----划分特征：', 770)
------划分值:0.000,左节点损失:0.000,右节点损失:47.470,总损失:47.470
------划分值:1.000,左节点损失:47.458,右节点损失:0.000,总损失:47.458
('----划分特征：', 771)
------划分值:0.000,左节点损失:0.000,右节点损失:47.470,总损失:47.470
------划分值:1.000,左节点损失:47.459,右节点损失:0.000,总损失:47.459
('----划分特征：', 772)
------划分值:0.000,左节点损失:0.000,右节点损失:47.470,总损失:47.470
------划分值:1.000,左节点损失:47.459,右节点损失:0.000,总损失:47.459
('----划分特征：', 773)
------划分值:0.000,左节点损失:0.000,右节点损失:47.470,总损失:47.470
------划分值:1.000,左节点损失:47.465,右节点损失:0.000,总损失:47.465
('----划分特征：', 774)
------划分值:0.000,左节点损失:0.000,右节点损失:47.470,总损失:47.470
------划分值:1.000,左节点损失:47.466,右节点损失:0.000,总损失:47.466
('----划分特征：', 775)
------划分值:0.000,左节点损失:0.000,右节点损失:47.470,总损失:47.470
------划分值:1.000,左节点损失:47.468,右节点损失:0.000,总损失:47.468
('----划分特征：', 776)
------划分值:0.000,左节点损失:0.000,右节点损失:47.470,总损失:47.470
------划分值:1.000,左节点损失:47.468,右节点损失:0.000,总损失:47.468
('----划分特征：', 777)
------划分值:0.000,左节点损失:0.000,右节点损失:47.470,总损失:47.470
------划分值:1.000,左节点损失:47.469,右节点损失:0.000,总损失:47.469
('----划分特征：', 778)
------划分值:0.000,左节点损失:0.000,右节点损失:47.470,总损失:47.470
('----划分特征：', 779)
------划分值:0.000,左节点损失:0.000,右节点损失:47.470,总损失:47.470
('----划分特征：', 780)
------划分值:0.000,左节点损失:0.000,右节点损失:47.470,总损失:47.470
('----划分特征：', 781)
------划分值:0.000,左节点损失:0.000,右节点损失:47.470,总损失:47.470
('----划分特征：', 782)
------划分值:0.000,左节点损失:0.000,右节点损失:47.470,总损失:47.470
('----划分特征：', 783)
------划分值:0.000,左节点损失:0.000,右节点损失:47.470,总损失:47.470
('----划分特征：', 'label')
------划分值:0.000,左节点损失:0.000,右节点损失:47.470,总损失:47.470
------划分值:1.000,左节点损失:0.000,右节点损失:0.000,总损失:0.000
('----划分特征：', 'f_0')
------划分值:-2.212,左节点损失:0.000,右节点损失:47.470,总损失:47.470
('----划分特征：', 'res_1')
------划分值:-0.099,左节点损失:0.000,右节点损失:47.470,总损失:47.470
------划分值:0.901,左节点损失:0.000,右节点损失:0.000,总损失:0.000
('----划分特征：', 'f_1')
------划分值:-2.323,左节点损失:0.000,右节点损失:47.470,总损失:47.470
------划分值:-1.199,左节点损失:0.000,右节点损失:0.000,总损失:0.000
('----划分特征：', 'res_2')
------划分值:-0.089,左节点损失:0.000,右节点损失:47.470,总损失:47.470
------划分值:0.768,左节点损失:0.000,右节点损失:0.000,总损失:0.000
('----划分特征：', 'f_2')
------划分值:-2.433,左节点损失:0.000,右节点损失:47.470,总损失:47.470
------划分值:-0.767,左节点损失:0.000,右节点损失:0.000,总损失:0.000
('----划分特征：', 'res_3')
------划分值:-0.081,左节点损失:0.000,右节点损失:47.470,总损失:47.470
------划分值:0.683,左节点损失:0.000,右节点损失:0.000,总损失:0.000
('----划分特征：', 'f_3')
------划分值:-2.542,左节点损失:0.000,右节点损失:47.470,总损失:47.470
------划分值:-0.452,左节点损失:0.000,右节点损失:0.000,总损失:0.000
('----划分特征：', 'res_4')
------划分值:-0.073,左节点损失:0.000,右节点损失:47.470,总损失:47.470
------划分值:0.611,左节点损失:0.000,右节点损失:0.000,总损失:0.000
('----划分特征：', 'f_4')
------划分值:-2.650,左节点损失:0.000,右节点损失:47.470,总损失:47.470
------划分值:-0.195,左节点损失:0.000,右节点损失:0.000,总损失:0.000
('----划分特征：', 'res_5')
------划分值:-0.066,左节点损失:0.000,右节点损失:47.470,总损失:47.470
------划分值:0.549,左节点损失:0.000,右节点损失:0.000,总损失:0.000
('----划分特征：', 'f_5')
------划分值:-2.757,左节点损失:0.000,右节点损失:47.470,总损失:47.470
------划分值:0.027,左节点损失:0.000,右节点损失:0.000,总损失:0.000
('----划分特征：', 'res_6')
------划分值:-0.060,左节点损失:0.000,右节点损失:47.470,总损失:47.470
------划分值:0.493,左节点损失:0.000,右节点损失:0.000,总损失:0.000
('----划分特征：', 'f_6')
------划分值:-2.863,左节点损失:0.000,右节点损失:47.470,总损失:47.470
------划分值:0.224,左节点损失:0.000,右节点损失:0.000,总损失:0.000
('----划分特征：', 'res_7')
------划分值:-0.054,左节点损失:0.000,右节点损失:47.470,总损失:47.470
------划分值:0.444,左节点损失:0.000,右节点损失:0.000,总损失:0.000
('----划分特征：', 'f_7')
------划分值:-2.969,左节点损失:0.000,右节点损失:47.470,总损失:47.470
------划分值:0.404,左节点损失:0.000,右节点损失:0.000,总损失:0.000
('----划分特征：', 'res_8')
------划分值:-0.049,左节点损失:0.000,右节点损失:47.470,总损失:47.470
------划分值:0.400,左节点损失:0.000,右节点损失:0.000,总损失:0.000
('----划分特征：', 'f_8')
------划分值:-3.074,左节点损失:0.000,右节点损失:47.470,总损失:47.470
------划分值:0.571,左节点损失:0.000,右节点损失:0.000,总损失:0.000
('----划分特征：', 'res_9')
------划分值:-0.044,左节点损失:0.000,右节点损失:47.470,总损失:47.470
------划分值:0.361,左节点损失:0.000,右节点损失:0.000,总损失:0.000
('----划分特征：', 'f_9')
------划分值:-3.178,左节点损失:0.000,右节点损失:47.470,总损失:47.470
------划分值:0.727,左节点损失:0.000,右节点损失:0.000,总损失:0.000
('----划分特征：', 'res_10')
------划分值:-0.040,左节点损失:0.000,右节点损失:47.470,总损失:47.470
------划分值:0.326,左节点损失:0.000,右节点损失:0.000,总损失:0.000
('--最佳划分特征：', 'label')
('--最佳划分值：', 1)
('叶子节点预测值：', -1.033832500442346)
('叶子节点预测值：', 1.3615475005130993)
第12棵树: log-likelihood:1.6219
