-----------------------------构建第17颗树-----------------------------
--树的深度：0
('----划分特征：', 1)
------划分值:0.000,左节点损失:0.000,右节点损失:17.248,总损失:17.248
('----划分特征：', 2)
------划分值:0.000,左节点损失:0.000,右节点损失:17.248,总损失:17.248
('----划分特征：', 3)
------划分值:0.000,左节点损失:0.000,右节点损失:17.248,总损失:17.248
('----划分特征：', 4)
------划分值:0.000,左节点损失:0.000,右节点损失:17.248,总损失:17.248
('----划分特征：', 5)
------划分值:0.000,左节点损失:0.000,右节点损失:17.248,总损失:17.248
('----划分特征：', 6)
------划分值:0.000,左节点损失:0.000,右节点损失:17.248,总损失:17.248
('----划分特征：', 7)
------划分值:0.000,左节点损失:0.000,右节点损失:17.248,总损失:17.248
('----划分特征：', 8)
------划分值:0.000,左节点损失:0.000,右节点损失:17.248,总损失:17.248
('----划分特征：', 9)
------划分值:0.000,左节点损失:0.000,右节点损失:17.248,总损失:17.248
('----划分特征：', 10)
------划分值:0.000,左节点损失:0.000,右节点损失:17.248,总损失:17.248
('----划分特征：', 11)
------划分值:0.000,左节点损失:0.000,右节点损失:17.248,总损失:17.248
('----划分特征：', 12)
------划分值:0.000,左节点损失:0.000,右节点损失:17.248,总损失:17.248
('----划分特征：', 13)
------划分值:0.000,左节点损失:0.000,右节点损失:17.248,总损失:17.248
('----划分特征：', 14)
------划分值:0.000,左节点损失:0.000,右节点损失:17.248,总损失:17.248
('----划分特征：', 15)
------划分值:0.000,左节点损失:0.000,右节点损失:17.248,总损失:17.248
('----划分特征：', 16)
------划分值:0.000,左节点损失:0.000,右节点损失:17.248,总损失:17.248
('----划分特征：', 17)
------划分值:0.000,左节点损失:0.000,右节点损失:17.248,总损失:17.248
('----划分特征：', 18)
------划分值:0.000,左节点损失:0.000,右节点损失:17.248,总损失:17.248
('----划分特征：', 19)
------划分值:0.000,左节点损失:0.000,右节点损失:17.248,总损失:17.248
('----划分特征：', 20)
------划分值:0.000,左节点损失:0.000,右节点损失:17.248,总损失:17.248
('----划分特征：', 21)
------划分值:0.000,左节点损失:0.000,右节点损失:17.248,总损失:17.248
('----划分特征：', 22)
------划分值:0.000,左节点损失:0.000,右节点损失:17.248,总损失:17.248
('----划分特征：', 23)
------划分值:0.000,左节点损失:0.000,右节点损失:17.248,总损失:17.248
('----划分特征：', 24)
------划分值:0.000,左节点损失:0.000,右节点损失:17.248,总损失:17.248
('----划分特征：', 25)
------划分值:0.000,左节点损失:0.000,右节点损失:17.248,总损失:17.248
('----划分特征：', 26)
------划分值:0.000,左节点损失:0.000,右节点损失:17.248,总损失:17.248
('----划分特征：', 27)
------划分值:0.000,左节点损失:0.000,右节点损失:17.248,总损失:17.248
('----划分特征：', 28)
------划分值:0.000,左节点损失:0.000,右节点损失:17.248,总损失:17.248
('----划分特征：', 29)
------划分值:0.000,左节点损失:0.000,右节点损失:17.248,总损失:17.248
('----划分特征：', 30)
------划分值:0.000,左节点损失:0.000,右节点损失:17.248,总损失:17.248
('----划分特征：', 31)
------划分值:0.000,左节点损失:0.000,右节点损失:17.248,总损失:17.248
('----划分特征：', 32)
------划分值:0.000,左节点损失:0.000,右节点损失:17.248,总损失:17.248
('----划分特征：', 33)
------划分值:0.000,左节点损失:0.000,右节点损失:17.248,总损失:17.248
('----划分特征：', 34)
------划分值:0.000,左节点损失:0.000,右节点损失:17.248,总损失:17.248
('----划分特征：', 35)
------划分值:0.000,左节点损失:0.000,右节点损失:17.248,总损失:17.248
('----划分特征：', 36)
------划分值:0.000,左节点损失:0.000,右节点损失:17.248,总损失:17.248
------划分值:1.000,左节点损失:17.247,右节点损失:0.000,总损失:17.247
('----划分特征：', 37)
------划分值:0.000,左节点损失:0.000,右节点损失:17.248,总损失:17.248
------划分值:1.000,左节点损失:17.247,右节点损失:0.000,总损失:17.247
('----划分特征：', 38)
------划分值:0.000,左节点损失:0.000,右节点损失:17.248,总损失:17.248
------划分值:1.000,左节点损失:17.247,右节点损失:0.000,总损失:17.247
('----划分特征：', 39)
------划分值:0.000,左节点损失:0.000,右节点损失:17.248,总损失:17.248
------划分值:1.000,左节点损失:17.247,右节点损失:0.000,总损失:17.247
('----划分特征：', 40)
------划分值:0.000,左节点损失:0.000,右节点损失:17.248,总损失:17.248
------划分值:1.000,左节点损失:17.247,右节点损失:0.000,总损失:17.247
('----划分特征：', 41)
------划分值:0.000,左节点损失:0.000,右节点损失:17.248,总损失:17.248
------划分值:1.000,左节点损失:17.247,右节点损失:0.000,总损失:17.247
('----划分特征：', 42)
------划分值:0.000,左节点损失:0.000,右节点损失:17.248,总损失:17.248
------划分值:1.000,左节点损失:17.247,右节点损失:0.000,总损失:17.247
('----划分特征：', 43)
------划分值:0.000,左节点损失:0.000,右节点损失:17.248,总损失:17.248
------划分值:1.000,左节点损失:17.246,右节点损失:0.000,总损失:17.246
('----划分特征：', 44)
------划分值:0.000,左节点损失:0.000,右节点损失:17.248,总损失:17.248
------划分值:1.000,左节点损失:17.246,右节点损失:0.000,总损失:17.246
('----划分特征：', 45)
------划分值:0.000,左节点损失:0.000,右节点损失:17.248,总损失:17.248
------划分值:1.000,左节点损失:17.247,右节点损失:0.000,总损失:17.247
('----划分特征：', 46)
------划分值:0.000,左节点损失:0.000,右节点损失:17.248,总损失:17.248
------划分值:1.000,左节点损失:17.247,右节点损失:0.000,总损失:17.247
('----划分特征：', 47)
------划分值:0.000,左节点损失:0.000,右节点损失:17.248,总损失:17.248
------划分值:1.000,左节点损失:17.247,右节点损失:0.000,总损失:17.247
('----划分特征：', 48)
------划分值:0.000,左节点损失:0.000,右节点损失:17.248,总损失:17.248
------划分值:1.000,左节点损失:17.247,右节点损失:0.000,总损失:17.247
('----划分特征：', 49)
------划分值:0.000,左节点损失:0.000,右节点损失:17.248,总损失:17.248
------划分值:1.000,左节点损失:17.247,右节点损失:0.000,总损失:17.247
('----划分特征：', 50)
------划分值:0.000,左节点损失:0.000,右节点损失:17.248,总损失:17.248
------划分值:1.000,左节点损失:17.247,右节点损失:0.000,总损失:17.247
('----划分特征：', 51)
------划分值:0.000,左节点损失:0.000,右节点损失:17.248,总损失:17.248
('----划分特征：', 52)
------划分值:0.000,左节点损失:0.000,右节点损失:17.248,总损失:17.248
('----划分特征：', 53)
------划分值:0.000,左节点损失:0.000,右节点损失:17.248,总损失:17.248
('----划分特征：', 54)
------划分值:0.000,左节点损失:0.000,右节点损失:17.248,总损失:17.248
('----划分特征：', 55)
------划分值:0.000,左节点损失:0.000,右节点损失:17.248,总损失:17.248
('----划分特征：', 56)
------划分值:0.000,左节点损失:0.000,右节点损失:17.248,总损失:17.248
('----划分特征：', 57)
------划分值:0.000,左节点损失:0.000,右节点损失:17.248,总损失:17.248
('----划分特征：', 58)
------划分值:0.000,左节点损失:0.000,右节点损失:17.248,总损失:17.248
('----划分特征：', 59)
------划分值:0.000,左节点损失:0.000,右节点损失:17.248,总损失:17.248
('----划分特征：', 60)
------划分值:0.000,左节点损失:0.000,右节点损失:17.248,总损失:17.248
('----划分特征：', 61)
------划分值:0.000,左节点损失:0.000,右节点损失:17.248,总损失:17.248
('----划分特征：', 62)
------划分值:0.000,左节点损失:0.000,右节点损失:17.248,总损失:17.248
('----划分特征：', 63)
------划分值:0.000,左节点损失:0.000,右节点损失:17.248,总损失:17.248
('----划分特征：', 64)
------划分值:0.000,左节点损失:0.000,右节点损失:17.248,总损失:17.248
------划分值:1.000,左节点损失:17.246,右节点损失:0.000,总损失:17.246
('----划分特征：', 65)
------划分值:0.000,左节点损失:0.000,右节点损失:17.248,总损失:17.248
------划分值:1.000,左节点损失:17.245,右节点损失:0.000,总损失:17.245
('----划分特征：', 66)
------划分值:0.000,左节点损失:0.000,右节点损失:17.248,总损失:17.248
------划分值:1.000,左节点损失:17.243,右节点损失:0.000,总损失:17.243
('----划分特征：', 67)
------划分值:0.000,左节点损失:0.000,右节点损失:17.248,总损失:17.248
------划分值:1.000,左节点损失:17.241,右节点损失:0.000,总损失:17.241
('----划分特征：', 68)
------划分值:0.000,左节点损失:0.000,右节点损失:17.248,总损失:17.248
------划分值:1.000,左节点损失:17.238,右节点损失:0.000,总损失:17.238
('----划分特征：', 69)
------划分值:0.000,左节点损失:0.000,右节点损失:17.248,总损失:17.248
------划分值:1.000,左节点损失:17.237,右节点损失:0.000,总损失:17.237
('----划分特征：', 70)
------划分值:0.000,左节点损失:0.000,右节点损失:17.248,总损失:17.248
------划分值:1.000,左节点损失:17.229,右节点损失:0.000,总损失:17.229
('----划分特征：', 71)
------划分值:0.000,左节点损失:0.000,右节点损失:17.248,总损失:17.248
------划分值:1.000,左节点损失:17.224,右节点损失:0.000,总损失:17.224
('----划分特征：', 72)
------划分值:0.000,左节点损失:0.000,右节点损失:17.248,总损失:17.248
------划分值:1.000,左节点损失:17.212,右节点损失:0.000,总损失:17.212
('----划分特征：', 73)
------划分值:0.000,左节点损失:0.000,右节点损失:17.248,总损失:17.248
------划分值:1.000,左节点损失:17.211,右节点损失:0.000,总损失:17.211
('----划分特征：', 74)
------划分值:0.000,左节点损失:0.000,右节点损失:17.248,总损失:17.248
------划分值:1.000,左节点损失:17.219,右节点损失:0.000,总损失:17.219
('----划分特征：', 75)
------划分值:0.000,左节点损失:0.000,右节点损失:17.248,总损失:17.248
------划分值:1.000,左节点损失:17.229,右节点损失:0.000,总损失:17.229
('----划分特征：', 76)
------划分值:0.000,左节点损失:0.000,右节点损失:17.248,总损失:17.248
------划分值:1.000,左节点损失:17.239,右节点损失:0.000,总损失:17.239
('----划分特征：', 77)
------划分值:0.000,左节点损失:0.000,右节点损失:17.248,总损失:17.248
------划分值:1.000,左节点损失:17.244,右节点损失:0.000,总损失:17.244
('----划分特征：', 78)
------划分值:0.000,左节点损失:0.000,右节点损失:17.248,总损失:17.248
------划分值:1.000,左节点损失:17.247,右节点损失:0.000,总损失:17.247
('----划分特征：', 79)
------划分值:0.000,左节点损失:0.000,右节点损失:17.248,总损失:17.248
------划分值:1.000,左节点损失:17.247,右节点损失:0.000,总损失:17.247
('----划分特征：', 80)
------划分值:0.000,左节点损失:0.000,右节点损失:17.248,总损失:17.248
('----划分特征：', 81)
------划分值:0.000,左节点损失:0.000,右节点损失:17.248,总损失:17.248
('----划分特征：', 82)
------划分值:0.000,左节点损失:0.000,右节点损失:17.248,总损失:17.248
('----划分特征：', 83)
------划分值:0.000,左节点损失:0.000,右节点损失:17.248,总损失:17.248
('----划分特征：', 84)
------划分值:0.000,左节点损失:0.000,右节点损失:17.248,总损失:17.248
('----划分特征：', 85)
------划分值:0.000,左节点损失:0.000,右节点损失:17.248,总损失:17.248
('----划分特征：', 86)
------划分值:0.000,左节点损失:0.000,右节点损失:17.248,总损失:17.248
('----划分特征：', 87)
------划分值:0.000,左节点损失:0.000,右节点损失:17.248,总损失:17.248
('----划分特征：', 88)
------划分值:0.000,左节点损失:0.000,右节点损失:17.248,总损失:17.248
('----划分特征：', 89)
------划分值:0.000,左节点损失:0.000,右节点损失:17.248,总损失:17.248
------划分值:1.000,左节点损失:17.247,右节点损失:0.000,总损失:17.247
('----划分特征：', 90)
------划分值:0.000,左节点损失:0.000,右节点损失:17.248,总损失:17.248
------划分值:1.000,左节点损失:17.246,右节点损失:0.000,总损失:17.246
('----划分特征：', 91)
------划分值:0.000,左节点损失:0.000,右节点损失:17.248,总损失:17.248
------划分值:1.000,左节点损失:17.245,右节点损失:0.000,总损失:17.245
('----划分特征：', 92)
------划分值:0.000,左节点损失:0.000,右节点损失:17.248,总损失:17.248
------划分值:1.000,左节点损失:17.241,右节点损失:0.000,总损失:17.241
('----划分特征：', 93)
------划分值:0.000,左节点损失:0.000,右节点损失:17.248,总损失:17.248
------划分值:1.000,左节点损失:17.236,右节点损失:0.000,总损失:17.236
('----划分特征：', 94)
------划分值:0.000,左节点损失:0.000,右节点损失:17.248,总损失:17.248
------划分值:1.000,左节点损失:17.224,右节点损失:0.000,总损失:17.224
('----划分特征：', 95)
------划分值:0.000,左节点损失:0.000,右节点损失:17.248,总损失:17.248
------划分值:1.000,左节点损失:17.188,右节点损失:0.032,总损失:17.220
('----划分特征：', 96)
------划分值:0.000,左节点损失:0.000,右节点损失:17.248,总损失:17.248
------划分值:1.000,左节点损失:17.097,右节点损失:0.126,总损失:17.223
('----划分特征：', 97)
------划分值:0.000,左节点损失:0.000,右节点损失:17.248,总损失:17.248
------划分值:1.000,左节点损失:17.003,右节点损失:0.218,总损失:17.222
('----划分特征：', 98)
------划分值:0.000,左节点损失:0.000,右节点损失:17.248,总损失:17.248
------划分值:1.000,左节点损失:16.907,右节点损失:0.311,总损失:17.217
('----划分特征：', 99)
------划分值:0.000,左节点损失:0.000,右节点损失:17.248,总损失:17.248
------划分值:1.000,左节点损失:16.860,右节点损失:0.343,总损失:17.203
('----划分特征：', 100)
------划分值:0.000,左节点损失:0.000,右节点损失:17.248,总损失:17.248
------划分值:1.000,左节点损失:16.895,右节点损失:0.284,总损失:17.179
('----划分特征：', 101)
------划分值:0.000,左节点损失:0.000,右节点损失:17.248,总损失:17.248
------划分值:1.000,左节点损失:16.928,右节点损失:0.253,总损失:17.180
('----划分特征：', 102)
------划分值:0.000,左节点损失:0.000,右节点损失:17.248,总损失:17.248
------划分值:1.000,左节点损失:17.059,右节点损失:0.127,总损失:17.186
('----划分特征：', 103)
------划分值:0.000,左节点损失:0.000,右节点损失:17.248,总损失:17.248
------划分值:1.000,左节点损失:17.060,右节点损失:0.157,总损失:17.217
('----划分特征：', 104)
------划分值:0.000,左节点损失:0.000,右节点损失:17.248,总损失:17.248
------划分值:1.000,左节点损失:17.167,右节点损失:0.063,总损失:17.230
('----划分特征：', 105)
------划分值:0.000,左节点损失:0.000,右节点损失:17.248,总损失:17.248
------划分值:1.000,左节点损失:17.234,右节点损失:0.000,总损失:17.234
('----划分特征：', 106)
------划分值:0.000,左节点损失:0.000,右节点损失:17.248,总损失:17.248
------划分值:1.000,左节点损失:17.242,右节点损失:0.000,总损失:17.242
('----划分特征：', 107)
------划分值:0.000,左节点损失:0.000,右节点损失:17.248,总损失:17.248
------划分值:1.000,左节点损失:17.246,右节点损失:0.000,总损失:17.246
('----划分特征：', 108)
------划分值:0.000,左节点损失:0.000,右节点损失:17.248,总损失:17.248
------划分值:1.000,左节点损失:17.247,右节点损失:0.000,总损失:17.247
('----划分特征：', 109)
------划分值:0.000,左节点损失:0.000,右节点损失:17.248,总损失:17.248
('----划分特征：', 110)
------划分值:0.000,左节点损失:0.000,右节点损失:17.248,总损失:17.248
('----划分特征：', 111)
------划分值:0.000,左节点损失:0.000,右节点损失:17.248,总损失:17.248
('----划分特征：', 112)
------划分值:0.000,左节点损失:0.000,右节点损失:17.248,总损失:17.248
('----划分特征：', 113)
------划分值:0.000,左节点损失:0.000,右节点损失:17.248,总损失:17.248
('----划分特征：', 114)
------划分值:0.000,左节点损失:0.000,右节点损失:17.248,总损失:17.248
('----划分特征：', 115)
------划分值:0.000,左节点损失:0.000,右节点损失:17.248,总损失:17.248
('----划分特征：', 116)
------划分值:0.000,左节点损失:0.000,右节点损失:17.248,总损失:17.248
------划分值:1.000,左节点损失:17.247,右节点损失:0.000,总损失:17.247
('----划分特征：', 117)
------划分值:0.000,左节点损失:0.000,右节点损失:17.248,总损失:17.248
------划分值:1.000,左节点损失:17.245,右节点损失:0.000,总损失:17.245
('----划分特征：', 118)
------划分值:0.000,左节点损失:0.000,右节点损失:17.248,总损失:17.248
------划分值:1.000,左节点损失:17.242,右节点损失:0.000,总损失:17.242
('----划分特征：', 119)
------划分值:0.000,左节点损失:0.000,右节点损失:17.248,总损失:17.248
------划分值:1.000,左节点损失:17.237,右节点损失:0.000,总损失:17.237
('----划分特征：', 120)
------划分值:0.000,左节点损失:0.000,右节点损失:17.248,总损失:17.248
------划分值:1.000,左节点损失:17.221,右节点损失:0.000,总损失:17.221
('----划分特征：', 121)
------划分值:0.000,左节点损失:0.000,右节点损失:17.248,总损失:17.248
------划分值:1.000,左节点损失:17.121,右节点损失:0.095,总损失:17.216
('----划分特征：', 122)
------划分值:0.000,左节点损失:0.000,右节点损失:17.248,总损失:17.248
------划分值:1.000,左节点损失:16.879,右节点损失:0.341,总损失:17.220
('----划分特征：', 123)
------划分值:0.000,左节点损失:0.000,右节点损失:17.248,总损失:17.248
------划分值:1.000,左节点损失:16.473,右节点损失:0.757,总损失:17.230
('----划分特征：', 124)
------划分值:0.000,左节点损失:0.000,右节点损失:17.248,总损失:17.248
------划分值:1.000,左节点损失:15.563,右节点损失:1.684,总损失:17.247
('----划分特征：', 125)
------划分值:0.000,左节点损失:0.000,右节点损失:17.248,总损失:17.248
------划分值:1.000,左节点损失:14.273,右节点损失:2.937,总损失:17.210
('----划分特征：', 126)
------划分值:0.000,左节点损失:0.000,右节点损失:17.248,总损失:17.248
------划分值:1.000,左节点损失:13.876,右节点损失:3.353,总损失:17.229
('----划分特征：', 127)
------划分值:0.000,左节点损失:0.000,右节点损失:17.248,总损失:17.248
------划分值:1.000,左节点损失:13.046,右节点损失:4.151,总损失:17.197
('----划分特征：', 128)
------划分值:0.000,左节点损失:0.000,右节点损失:17.248,总损失:17.248
------划分值:1.000,左节点损失:12.638,右节点损失:4.527,总损失:17.165
('----划分特征：', 129)
------划分值:0.000,左节点损失:0.000,右节点损失:17.248,总损失:17.248
------划分值:1.000,左节点损失:13.010,右节点损失:4.159,总损失:17.169
('----划分特征：', 130)
------划分值:0.000,左节点损失:0.000,右节点损失:17.248,总损失:17.248
------划分值:1.000,左节点损失:13.621,右节点损失:3.535,总损失:17.156
('----划分特征：', 131)
------划分值:0.000,左节点损失:0.000,右节点损失:17.248,总损失:17.248
------划分值:1.000,左节点损失:14.397,右节点损失:2.750,总损失:17.148
('----划分特征：', 132)
------划分值:0.000,左节点损失:0.000,右节点损失:17.248,总损失:17.248
------划分值:1.000,左节点损失:15.383,右节点损失:1.789,总损失:17.172
('----划分特征：', 133)
------划分值:0.000,左节点损失:0.000,右节点损失:17.248,总损失:17.248
------划分值:1.000,左节点损失:16.409,右节点损失:0.817,总损失:17.225
('----划分特征：', 134)
------划分值:0.000,左节点损失:0.000,右节点损失:17.248,总损失:17.248
------划分值:1.000,左节点损失:16.929,右节点损失:0.318,总损失:17.247
('----划分特征：', 135)
------划分值:0.000,左节点损失:0.000,右节点损失:17.248,总损失:17.248
------划分值:1.000,左节点损失:17.181,右节点损失:0.062,总损失:17.243
('----划分特征：', 136)
------划分值:0.000,左节点损失:0.000,右节点损失:17.248,总损失:17.248
------划分值:1.000,左节点损失:17.217,右节点损失:0.030,总损失:17.247
('----划分特征：', 137)
------划分值:0.000,左节点损失:0.000,右节点损失:17.248,总损失:17.248
('----划分特征：', 138)
------划分值:0.000,左节点损失:0.000,右节点损失:17.248,总损失:17.248
('----划分特征：', 139)
------划分值:0.000,左节点损失:0.000,右节点损失:17.248,总损失:17.248
('----划分特征：', 140)
------划分值:0.000,左节点损失:0.000,右节点损失:17.248,总损失:17.248
('----划分特征：', 141)
------划分值:0.000,左节点损失:0.000,右节点损失:17.248,总损失:17.248
('----划分特征：', 142)
------划分值:0.000,左节点损失:0.000,右节点损失:17.248,总损失:17.248
('----划分特征：', 143)
------划分值:0.000,左节点损失:0.000,右节点损失:17.248,总损失:17.248
------划分值:1.000,左节点损失:17.247,右节点损失:0.000,总损失:17.247
('----划分特征：', 144)
------划分值:0.000,左节点损失:0.000,右节点损失:17.248,总损失:17.248
------划分值:1.000,左节点损失:17.245,右节点损失:0.000,总损失:17.245
('----划分特征：', 145)
------划分值:0.000,左节点损失:0.000,右节点损失:17.248,总损失:17.248
------划分值:1.000,左节点损失:17.235,右节点损失:0.000,总损失:17.235
('----划分特征：', 146)
------划分值:0.000,左节点损失:0.000,右节点损失:17.248,总损失:17.248
------划分值:1.000,左节点损失:17.226,右节点损失:0.000,总损失:17.226
('----划分特征：', 147)
------划分值:0.000,左节点损失:0.000,右节点损失:17.248,总损失:17.248
------划分值:1.000,左节点损失:17.176,右节点损失:0.032,总损失:17.208
('----划分特征：', 148)
------划分值:0.000,左节点损失:0.000,右节点损失:17.248,总损失:17.248
------划分值:1.000,左节点损失:17.089,右节点损失:0.096,总损失:17.185
('----划分特征：', 149)
------划分值:0.000,左节点损失:0.000,右节点损失:17.248,总损失:17.248
------划分值:1.000,左节点损失:16.672,右节点损失:0.527,总损失:17.199
('----划分特征：', 150)
------划分值:0.000,左节点损失:0.000,右节点损失:17.248,总损失:17.248
------划分值:1.000,左节点损失:15.954,右节点损失:1.268,总损失:17.223
('----划分特征：', 151)
------划分值:0.000,左节点损失:0.000,右节点损失:17.248,总损失:17.248
------划分值:1.000,左节点损失:14.457,右节点损失:2.790,总损失:17.247
('----划分特征：', 152)
------划分值:0.000,左节点损失:0.000,右节点损失:17.248,总损失:17.248
------划分值:1.000,左节点损失:12.660,右节点损失:4.549,总损失:17.208
('----划分特征：', 153)
------划分值:0.000,左节点损失:0.000,右节点损失:17.248,总损失:17.248
------划分值:1.000,左节点损失:10.860,右节点损失:6.286,总损失:17.146
('----划分特征：', 154)
------划分值:0.000,左节点损失:0.000,右节点损失:17.248,总损失:17.248
------划分值:1.000,左节点损失:8.612,右节点损失:8.353,总损失:16.965
('----划分特征：', 155)
------划分值:0.000,左节点损失:0.000,右节点损失:17.248,总损失:17.248
------划分值:1.000,左节点损失:7.126,右节点损失:9.669,总损失:16.795
('----划分特征：', 156)
------划分值:0.000,左节点损失:0.000,右节点损失:17.248,总损失:17.248
------划分值:1.000,左节点损失:6.529,右节点损失:10.111,总损失:16.640
('----划分特征：', 157)
------划分值:1.000,左节点损失:7.431,右节点损失:9.295,总损失:16.726
------划分值:0.000,左节点损失:0.000,右节点损失:17.248,总损失:17.248
('----划分特征：', 158)
------划分值:1.000,左节点损失:8.767,右节点损失:8.025,总损失:16.792
------划分值:0.000,左节点损失:0.000,右节点损失:17.248,总损失:17.248
('----划分特征：', 159)
------划分值:0.000,左节点损失:0.000,右节点损失:17.248,总损失:17.248
------划分值:1.000,左节点损失:11.218,右节点损失:5.760,总损失:16.978
('----划分特征：', 160)
------划分值:1.000,左节点损失:13.276,右节点损失:3.819,总损失:17.095
------划分值:0.000,左节点损失:0.000,右节点损失:17.248,总损失:17.248
('----划分特征：', 161)
------划分值:1.000,左节点损失:15.060,右节点损失:2.133,总损失:17.193
------划分值:0.000,左节点损失:0.000,右节点损失:17.248,总损失:17.248
('----划分特征：', 162)
------划分值:1.000,左节点损失:16.225,右节点损失:1.015,总损失:17.239
------划分值:0.000,左节点损失:0.000,右节点损失:17.248,总损失:17.248
('----划分特征：', 163)
------划分值:0.000,左节点损失:0.000,右节点损失:17.248,总损失:17.248
------划分值:1.000,左节点损失:16.889,右节点损失:0.357,总损失:17.246
('----划分特征：', 164)
------划分值:0.000,左节点损失:0.000,右节点损失:17.248,总损失:17.248
------划分值:1.000,左节点损失:17.176,右节点损失:0.063,总损失:17.238
('----划分特征：', 165)
------划分值:0.000,左节点损失:0.000,右节点损失:17.248,总损失:17.248
------划分值:1.000,左节点损失:17.243,右节点损失:0.000,总损失:17.243
('----划分特征：', 166)
------划分值:0.000,左节点损失:0.000,右节点损失:17.248,总损失:17.248
------划分值:1.000,左节点损失:17.247,右节点损失:0.000,总损失:17.247
('----划分特征：', 167)
------划分值:0.000,左节点损失:0.000,右节点损失:17.248,总损失:17.248
('----划分特征：', 168)
------划分值:0.000,左节点损失:0.000,右节点损失:17.248,总损失:17.248
('----划分特征：', 169)
------划分值:0.000,左节点损失:0.000,右节点损失:17.248,总损失:17.248
('----划分特征：', 170)
------划分值:0.000,左节点损失:0.000,右节点损失:17.248,总损失:17.248
('----划分特征：', 171)
------划分值:0.000,左节点损失:0.000,右节点损失:17.248,总损失:17.248
------划分值:1.000,左节点损失:17.246,右节点损失:0.000,总损失:17.246
('----划分特征：', 172)
------划分值:0.000,左节点损失:0.000,右节点损失:17.248,总损失:17.248
------划分值:1.000,左节点损失:17.241,右节点损失:0.000,总损失:17.241
('----划分特征：', 173)
------划分值:0.000,左节点损失:0.000,右节点损失:17.248,总损失:17.248
------划分值:1.000,左节点损失:17.202,右节点损失:0.032,总损失:17.234
('----划分特征：', 174)
------划分值:0.000,左节点损失:0.000,右节点损失:17.248,总损失:17.248
------划分值:1.000,左节点损失:17.177,右节点损失:0.032,总损失:17.209
('----划分特征：', 175)
------划分值:0.000,左节点损失:0.000,右节点损失:17.248,总损失:17.248
------划分值:1.000,左节点损失:17.099,右节点损失:0.064,总损失:17.163
('----划分特征：', 176)
------划分值:0.000,左节点损失:0.000,右节点损失:17.248,总损失:17.248
------划分值:1.000,左节点损失:16.599,右节点损失:0.590,总损失:17.189
('----划分特征：', 177)
------划分值:0.000,左节点损失:0.000,右节点损失:17.248,总损失:17.248
------划分值:1.000,左节点损失:15.548,右节点损失:1.680,总损失:17.227
('----划分特征：', 178)
------划分值:0.000,左节点损失:0.000,右节点损失:17.248,总损失:17.248
------划分值:1.000,左节点损失:13.978,右节点损失:3.270,总损失:17.247
('----划分特征：', 179)
------划分值:1.000,左节点损失:11.684,右节点损失:5.517,总损失:17.201
------划分值:0.000,左节点损失:0.000,右节点损失:17.248,总损失:17.248
('----划分特征：', 180)
------划分值:1.000,左节点损失:9.792,右节点损失:7.346,总损失:17.138
------划分值:0.000,左节点损失:0.000,右节点损失:17.248,总损失:17.248
('----划分特征：', 181)
------划分值:1.000,左节点损失:7.624,右节点损失:9.415,总损失:17.039
------划分值:0.000,左节点损失:0.000,右节点损失:17.248,总损失:17.248
('----划分特征：', 182)
------划分值:1.000,左节点损失:5.430,右节点损失:11.431,总损失:16.860
------划分值:0.000,左节点损失:0.000,右节点损失:17.248,总损失:17.248
('----划分特征：', 183)
------划分值:1.000,左节点损失:3.902,右节点损失:12.713,总损失:16.615
------划分值:0.000,左节点损失:0.000,右节点损失:17.248,总损失:17.248
('----划分特征：', 184)
------划分值:1.000,左节点损失:3.667,右节点损失:12.855,总损失:16.522
------划分值:0.000,左节点损失:0.000,右节点损失:17.248,总损失:17.248
('----划分特征：', 185)
------划分值:1.000,左节点损失:4.272,右节点损失:12.239,总损失:16.511
------划分值:0.000,左节点损失:0.000,右节点损失:17.248,总损失:17.248
('----划分特征：', 186)
------划分值:1.000,左节点损失:5.442,右节点损失:11.066,总损失:16.509
------划分值:0.000,左节点损失:0.000,右节点损失:17.248,总损失:17.248
('----划分特征：', 187)
------划分值:1.000,左节点损失:7.761,右节点损失:8.915,总损失:16.676
------划分值:0.000,左节点损失:0.000,右节点损失:17.248,总损失:17.248
('----划分特征：', 188)
------划分值:1.000,左节点损失:10.414,右节点损失:6.417,总损失:16.831
------划分值:0.000,左节点损失:0.000,右节点损失:17.248,总损失:17.248
('----划分特征：', 189)
------划分值:1.000,左节点损失:13.197,右节点损失:3.878,总损失:17.075
------划分值:0.000,左节点损失:0.000,右节点损失:17.248,总损失:17.248
('----划分特征：', 190)
------划分值:1.000,左节点损失:15.217,右节点损失:1.997,总损失:17.214
------划分值:0.000,左节点损失:0.000,右节点损失:17.248,总损失:17.248
('----划分特征：', 191)
------划分值:0.000,左节点损失:0.000,右节点损失:17.248,总损失:17.248
------划分值:1.000,左节点损失:16.567,右节点损失:0.679,总损失:17.246
('----划分特征：', 192)
------划分值:0.000,左节点损失:0.000,右节点损失:17.248,总损失:17.248
------划分值:1.000,左节点损失:17.102,右节点损失:0.125,总损失:17.227
('----划分特征：', 193)
------划分值:0.000,左节点损失:0.000,右节点损失:17.248,总损失:17.248
------划分值:1.000,左节点损失:17.235,右节点损失:0.000,总损失:17.235
('----划分特征：', 194)
------划分值:0.000,左节点损失:0.000,右节点损失:17.248,总损失:17.248
------划分值:1.000,左节点损失:17.246,右节点损失:0.000,总损失:17.246
('----划分特征：', 195)
------划分值:0.000,左节点损失:0.000,右节点损失:17.248,总损失:17.248
------划分值:1.000,左节点损失:17.247,右节点损失:0.000,总损失:17.247
('----划分特征：', 196)
------划分值:0.000,左节点损失:0.000,右节点损失:17.248,总损失:17.248
('----划分特征：', 197)
------划分值:0.000,左节点损失:0.000,右节点损失:17.248,总损失:17.248
------划分值:1.000,左节点损失:17.247,右节点损失:0.000,总损失:17.247
('----划分特征：', 198)
------划分值:0.000,左节点损失:0.000,右节点损失:17.248,总损失:17.248
------划分值:1.000,左节点损失:17.247,右节点损失:0.000,总损失:17.247
('----划分特征：', 199)
------划分值:0.000,左节点损失:0.000,右节点损失:17.248,总损失:17.248
------划分值:1.000,左节点损失:17.244,右节点损失:0.000,总损失:17.244
('----划分特征：', 200)
------划分值:0.000,左节点损失:0.000,右节点损失:17.248,总损失:17.248
------划分值:1.000,左节点损失:17.234,右节点损失:0.000,总损失:17.234
('----划分特征：', 201)
------划分值:0.000,左节点损失:0.000,右节点损失:17.248,总损失:17.248
------划分值:1.000,左节点损失:17.184,右节点损失:0.032,总损失:17.216
('----划分特征：', 202)
------划分值:0.000,左节点损失:0.000,右节点损失:17.248,总损失:17.248
------划分值:1.000,左节点损失:17.150,右节点损失:0.032,总损失:17.183
('----划分特征：', 203)
------划分值:0.000,左节点损失:0.000,右节点损失:17.248,总损失:17.248
------划分值:1.000,左节点损失:16.797,右节点损失:0.377,总损失:17.174
('----划分特征：', 204)
------划分值:1.000,左节点损失:15.892,右节点损失:1.310,总损失:17.202
------划分值:0.000,左节点损失:0.000,右节点损失:17.248,总损失:17.248
('----划分特征：', 205)
------划分值:1.000,左节点损失:14.085,右节点损失:3.161,总损失:17.247
------划分值:0.000,左节点损失:0.000,右节点损失:17.248,总损失:17.248
('----划分特征：', 206)
------划分值:1.000,左节点损失:11.927,右节点损失:5.306,总损失:17.233
------划分值:0.000,左节点损失:0.000,右节点损失:17.248,总损失:17.248
('----划分特征：', 207)
------划分值:1.000,左节点损失:9.852,右节点损失:7.323,总损失:17.175
------划分值:0.000,左节点损失:0.000,右节点损失:17.248,总损失:17.248
('----划分特征：', 208)
------划分值:1.000,左节点损失:7.165,右节点损失:9.845,总损失:17.009
------划分值:0.000,左节点损失:0.000,右节点损失:17.248,总损失:17.248
('----划分特征：', 209)
------划分值:1.000,左节点损失:5.442,右节点损失:11.504,总损失:16.946
------划分值:0.000,左节点损失:0.000,右节点损失:17.248,总损失:17.248
('----划分特征：', 210)
------划分值:1.000,左节点损失:4.504,右节点损失:12.371,总损失:16.875
------划分值:0.000,左节点损失:0.000,右节点损失:17.248,总损失:17.248
('----划分特征：', 211)
------划分值:1.000,左节点损失:3.802,右节点损失:12.930,总损失:16.732
------划分值:0.000,左节点损失:0.000,右节点损失:17.248,总损失:17.248
('----划分特征：', 212)
------划分值:1.000,左节点损失:3.949,右节点损失:12.812,总损失:16.761
------划分值:0.000,左节点损失:0.000,右节点损失:17.248,总损失:17.248
('----划分特征：', 213)
------划分值:1.000,左节点损失:3.691,右节点损失:12.925,总损失:16.616
------划分值:0.000,左节点损失:0.000,右节点损失:17.248,总损失:17.248
('----划分特征：', 214)
------划分值:0.000,左节点损失:0.000,右节点损失:17.248,总损失:17.248
------划分值:1.000,左节点损失:4.271,右节点损失:12.251,总损失:16.523
('----划分特征：', 215)
------划分值:0.000,左节点损失:0.000,右节点损失:17.248,总损失:17.248
------划分值:1.000,左节点损失:5.676,右节点损失:10.881,总损失:16.558
('----划分特征：', 216)
------划分值:0.000,左节点损失:0.000,右节点损失:17.248,总损失:17.248
------划分值:1.000,左节点损失:8.145,右节点损失:8.511,总损失:16.656
('----划分特征：', 217)
------划分值:0.000,左节点损失:0.000,右节点损失:17.248,总损失:17.248
------划分值:1.000,左节点损失:11.261,右节点损失:5.660,总损失:16.920
('----划分特征：', 218)
------划分值:0.000,左节点损失:0.000,右节点损失:17.248,总损失:17.248
------划分值:1.000,左节点损失:14.033,右节点损失:3.099,总损失:17.132
('----划分特征：', 219)
------划分值:0.000,左节点损失:0.000,右节点损失:17.248,总损失:17.248
------划分值:1.000,左节点损失:15.935,右节点损失:1.305,总损失:17.241
('----划分特征：', 220)
------划分值:0.000,左节点损失:0.000,右节点损失:17.248,总损失:17.248
------划分值:1.000,左节点损失:16.933,右节点损失:0.305,总损失:17.238
('----划分特征：', 221)
------划分值:0.000,左节点损失:0.000,右节点损失:17.248,总损失:17.248
------划分值:1.000,左节点损失:17.224,右节点损失:0.000,总损失:17.224
('----划分特征：', 222)
------划分值:0.000,左节点损失:0.000,右节点损失:17.248,总损失:17.248
------划分值:1.000,左节点损失:17.241,右节点损失:0.000,总损失:17.241
('----划分特征：', 223)
------划分值:0.000,左节点损失:0.000,右节点损失:17.248,总损失:17.248
------划分值:1.000,左节点损失:17.247,右节点损失:0.000,总损失:17.247
('----划分特征：', 224)
------划分值:0.000,左节点损失:0.000,右节点损失:17.248,总损失:17.248
------划分值:1.000,左节点损失:17.247,右节点损失:0.000,总损失:17.247
('----划分特征：', 225)
------划分值:0.000,左节点损失:0.000,右节点损失:17.248,总损失:17.248
------划分值:1.000,左节点损失:17.247,右节点损失:0.000,总损失:17.247
('----划分特征：', 226)
------划分值:0.000,左节点损失:0.000,右节点损失:17.248,总损失:17.248
------划分值:1.000,左节点损失:17.246,右节点损失:0.000,总损失:17.246
('----划分特征：', 227)
------划分值:0.000,左节点损失:0.000,右节点损失:17.248,总损失:17.248
------划分值:1.000,左节点损失:17.240,右节点损失:0.000,总损失:17.240
('----划分特征：', 228)
------划分值:0.000,左节点损失:0.000,右节点损失:17.248,总损失:17.248
------划分值:1.000,左节点损失:17.222,右节点损失:0.000,总损失:17.222
('----划分特征：', 229)
------划分值:0.000,左节点损失:0.000,右节点损失:17.248,总损失:17.248
------划分值:1.000,左节点损失:17.138,右节点损失:0.064,总损失:17.202
('----划分特征：', 230)
------划分值:0.000,左节点损失:0.000,右节点损失:17.248,总损失:17.248
------划分值:1.000,左节点损失:16.960,右节点损失:0.221,总损失:17.181
('----划分特征：', 231)
------划分值:0.000,左节点损失:0.000,右节点损失:17.248,总损失:17.248
------划分值:1.000,左节点损失:16.271,右节点损失:0.922,总损失:17.193
('----划分特征：', 232)
------划分值:1.000,左节点损失:14.574,右节点损失:2.671,总损失:17.246
------划分值:0.000,左节点损失:0.000,右节点损失:17.248,总损失:17.248
('----划分特征：', 233)
------划分值:1.000,左节点损失:12.499,右节点损失:4.738,总损失:17.237
------划分值:0.000,左节点损失:0.000,右节点损失:17.248,总损失:17.248
('----划分特征：', 234)
------划分值:1.000,左节点损失:9.670,右节点损失:7.476,总损失:17.147
------划分值:0.000,左节点损失:0.000,右节点损失:17.248,总损失:17.248
('----划分特征：', 235)
------划分值:1.000,左节点损失:7.367,右节点损失:9.651,总损失:17.018
------划分值:0.000,左节点损失:0.000,右节点损失:17.248,总损失:17.248
('----划分特征：', 236)
------划分值:1.000,左节点损失:5.714,右节点损失:11.211,总损失:16.925
------划分值:0.000,左节点损失:0.000,右节点损失:17.248,总损失:17.248
('----划分特征：', 237)
------划分值:1.000,左节点损失:5.184,右节点损失:11.718,总损失:16.902
------划分值:0.000,左节点损失:0.000,右节点损失:17.248,总损失:17.248
('----划分特征：', 238)
------划分值:1.000,左节点损失:5.275,右节点损失:11.618,总损失:16.893
------划分值:0.000,左节点损失:0.000,右节点损失:17.248,总损失:17.248
('----划分特征：', 239)
------划分值:1.000,左节点损失:6.138,右节点损失:10.863,总损失:17.000
------划分值:0.000,左节点损失:0.000,右节点损失:17.248,总损失:17.248
('----划分特征：', 240)
------划分值:1.000,左节点损失:6.806,右节点损失:10.295,总损失:17.101
------划分值:0.000,左节点损失:0.000,右节点损失:17.248,总损失:17.248
('----划分特征：', 241)
------划分值:1.000,左节点损失:6.413,右节点损失:10.647,总损失:17.060
------划分值:0.000,左节点损失:0.000,右节点损失:17.248,总损失:17.248
('----划分特征：', 242)
------划分值:0.000,左节点损失:0.000,右节点损失:17.248,总损失:17.248
------划分值:1.000,左节点损失:5.345,右节点损失:11.487,总损失:16.832
('----划分特征：', 243)
------划分值:0.000,左节点损失:0.000,右节点损失:17.248,总损失:17.248
------划分值:1.000,左节点损失:5.284,右节点损失:11.328,总损失:16.612
('----划分特征：', 244)
------划分值:0.000,左节点损失:0.000,右节点损失:17.248,总损失:17.248
------划分值:1.000,左节点损失:6.375,右节点损失:10.016,总损失:16.391
('----划分特征：', 245)
------划分值:0.000,左节点损失:0.000,右节点损失:17.248,总损失:17.248
------划分值:1.000,左节点损失:9.376,右节点损失:7.235,总损失:16.611
('----划分特征：', 246)
------划分值:0.000,左节点损失:0.000,右节点损失:17.248,总损失:17.248
------划分值:1.000,左节点损失:12.451,右节点损失:4.390,总损失:16.842
('----划分特征：', 247)
------划分值:0.000,左节点损失:0.000,右节点损失:17.248,总损失:17.248
------划分值:1.000,左节点损失:15.245,右节点损失:1.918,总损失:17.163
('----划分特征：', 248)
------划分值:0.000,左节点损失:0.000,右节点损失:17.248,总损失:17.248
------划分值:1.000,左节点损失:16.777,右节点损失:0.470,总损失:17.247
('----划分特征：', 249)
------划分值:0.000,左节点损失:0.000,右节点损失:17.248,总损失:17.248
------划分值:1.000,左节点损失:17.226,右节点损失:0.000,总损失:17.226
('----划分特征：', 250)
------划分值:0.000,左节点损失:0.000,右节点损失:17.248,总损失:17.248
------划分值:1.000,左节点损失:17.244,右节点损失:0.000,总损失:17.244
('----划分特征：', 251)
------划分值:0.000,左节点损失:0.000,右节点损失:17.248,总损失:17.248
------划分值:1.000,左节点损失:17.247,右节点损失:0.000,总损失:17.247
('----划分特征：', 252)
------划分值:0.000,左节点损失:0.000,右节点损失:17.248,总损失:17.248
('----划分特征：', 253)
------划分值:0.000,左节点损失:0.000,右节点损失:17.248,总损失:17.248
------划分值:1.000,左节点损失:17.247,右节点损失:0.000,总损失:17.247
('----划分特征：', 254)
------划分值:0.000,左节点损失:0.000,右节点损失:17.248,总损失:17.248
------划分值:1.000,左节点损失:17.244,右节点损失:0.000,总损失:17.244
('----划分特征：', 255)
------划分值:0.000,左节点损失:0.000,右节点损失:17.248,总损失:17.248
------划分值:1.000,左节点损失:17.237,右节点损失:0.000,总损失:17.237
('----划分特征：', 256)
------划分值:0.000,左节点损失:0.000,右节点损失:17.248,总损失:17.248
------划分值:1.000,左节点损失:17.219,右节点损失:0.000,总损失:17.219
('----划分特征：', 257)
------划分值:0.000,左节点损失:0.000,右节点损失:17.248,总损失:17.248
------划分值:1.000,左节点损失:17.124,右节点损失:0.064,总损失:17.188
('----划分特征：', 258)
------划分值:0.000,左节点损失:0.000,右节点损失:17.248,总损失:17.248
------划分值:1.000,左节点损失:16.439,右节点损失:0.789,总损失:17.228
('----划分特征：', 259)
------划分值:0.000,左节点损失:0.000,右节点损失:17.248,总损失:17.248
------划分值:1.000,左节点损失:15.168,右节点损失:2.079,总损失:17.247
('----划分特征：', 260)
------划分值:0.000,左节点损失:0.000,右节点损失:17.248,总损失:17.248
------划分值:1.000,左节点损失:13.103,右节点损失:4.122,总损失:17.224
('----划分特征：', 261)
------划分值:1.000,左节点损失:10.410,右节点损失:6.714,总损失:17.124
------划分值:0.000,左节点损失:0.000,右节点损失:17.248,总损失:17.248
('----划分特征：', 262)
------划分值:0.000,左节点损失:0.000,右节点损失:17.248,总损失:17.248
------划分值:1.000,左节点损失:7.536,右节点损失:9.408,总损失:16.944
('----划分特征：', 263)
------划分值:1.000,左节点损失:5.536,右节点损失:11.214,总损失:16.750
------划分值:0.000,左节点损失:0.000,右节点损失:17.248,总损失:17.248
('----划分特征：', 264)
------划分值:1.000,左节点损失:5.557,右节点损失:11.251,总损失:16.808
------划分值:0.000,左节点损失:0.000,右节点损失:17.248,总损失:17.248
('----划分特征：', 265)
------划分值:1.000,左节点损失:6.119,右节点损失:10.696,总损失:16.815
------划分值:0.000,左节点损失:0.000,右节点损失:17.248,总损失:17.248
('----划分特征：', 266)
------划分值:0.000,左节点损失:0.000,右节点损失:17.248,总损失:17.248
------划分值:1.000,左节点损失:8.107,右节点损失:8.967,总损失:17.074
('----划分特征：', 267)
------划分值:0.000,左节点损失:0.000,右节点损失:17.248,总损失:17.248
------划分值:1.000,左节点损失:9.535,右节点损失:7.668,总损失:17.203
('----划分特征：', 268)
------划分值:0.000,左节点损失:0.000,右节点损失:17.248,总损失:17.248
------划分值:1.000,左节点损失:10.130,右节点损失:7.117,总损失:17.247
('----划分特征：', 269)
------划分值:1.000,左节点损失:9.535,右节点损失:7.712,总损失:17.247
------划分值:0.000,左节点损失:0.000,右节点损失:17.248,总损失:17.248
('----划分特征：', 270)
------划分值:0.000,左节点损失:0.000,右节点损失:17.248,总损失:17.248
------划分值:1.000,左节点损失:8.154,右节点损失:9.033,总损失:17.186
('----划分特征：', 271)
------划分值:0.000,左节点损失:0.000,右节点损失:17.248,总损失:17.248
------划分值:1.000,左节点损失:5.985,右节点损失:10.733,总损失:16.718
('----划分特征：', 272)
------划分值:0.000,左节点损失:0.000,右节点损失:17.248,总损失:17.248
------划分值:1.000,左节点损失:5.850,右节点损失:10.386,总损失:16.236
('----划分特征：', 273)
------划分值:0.000,左节点损失:0.000,右节点损失:17.248,总损失:17.248
------划分值:1.000,左节点损失:7.499,右节点损失:8.410,总损失:15.909
('----划分特征：', 274)
------划分值:0.000,左节点损失:0.000,右节点损失:17.248,总损失:17.248
------划分值:1.000,左节点损失:10.692,右节点损失:5.388,总损失:16.080
('----划分特征：', 275)
------划分值:0.000,左节点损失:0.000,右节点损失:17.248,总损失:17.248
------划分值:1.000,左节点损失:14.629,右节点损失:2.216,总损失:16.845
('----划分特征：', 276)
------划分值:0.000,左节点损失:0.000,右节点损失:17.248,总损失:17.248
------划分值:1.000,左节点损失:16.531,右节点损失:0.675,总损失:17.205
('----划分特征：', 277)
------划分值:0.000,左节点损失:0.000,右节点损失:17.248,总损失:17.248
------划分值:1.000,左节点损失:17.237,右节点损失:0.000,总损失:17.237
('----划分特征：', 278)
------划分值:0.000,左节点损失:0.000,右节点损失:17.248,总损失:17.248
------划分值:1.000,左节点损失:17.246,右节点损失:0.000,总损失:17.246
('----划分特征：', 279)
------划分值:0.000,左节点损失:0.000,右节点损失:17.248,总损失:17.248
('----划分特征：', 280)
------划分值:0.000,左节点损失:0.000,右节点损失:17.248,总损失:17.248
('----划分特征：', 281)
------划分值:0.000,左节点损失:0.000,右节点损失:17.248,总损失:17.248
------划分值:1.000,左节点损失:17.247,右节点损失:0.000,总损失:17.247
('----划分特征：', 282)
------划分值:0.000,左节点损失:0.000,右节点损失:17.248,总损失:17.248
------划分值:1.000,左节点损失:17.245,右节点损失:0.000,总损失:17.245
('----划分特征：', 283)
------划分值:0.000,左节点损失:0.000,右节点损失:17.248,总损失:17.248
------划分值:1.000,左节点损失:17.237,右节点损失:0.000,总损失:17.237
('----划分特征：', 284)
------划分值:0.000,左节点损失:0.000,右节点损失:17.248,总损失:17.248
------划分值:1.000,左节点损失:17.217,右节点损失:0.000,总损失:17.217
('----划分特征：', 285)
------划分值:0.000,左节点损失:0.000,右节点损失:17.248,总损失:17.248
------划分值:1.000,左节点损失:16.941,右节点损失:0.280,总损失:17.220
('----划分特征：', 286)
------划分值:0.000,左节点损失:0.000,右节点损失:17.248,总损失:17.248
------划分值:1.000,左节点损失:15.810,右节点损失:1.435,总损失:17.245
('----划分特征：', 287)
------划分值:0.000,左节点损失:0.000,右节点损失:17.248,总损失:17.248
------划分值:1.000,左节点损失:13.793,右节点损失:3.364,总损失:17.157
('----划分特征：', 288)
------划分值:0.000,左节点损失:0.000,右节点损失:17.248,总损失:17.248
------划分值:1.000,左节点损失:11.117,右节点损失:5.908,总损失:17.025
('----划分特征：', 289)
------划分值:0.000,左节点损失:0.000,右节点损失:17.248,总损失:17.248
------划分值:1.000,左节点损失:7.873,右节点损失:8.841,总损失:16.715
('----划分特征：', 290)
------划分值:0.000,左节点损失:0.000,右节点损失:17.248,总损失:17.248
------划分值:1.000,左节点损失:5.793,右节点损失:10.789,总损失:16.582
('----划分特征：', 291)
------划分值:1.000,左节点损失:5.954,右节点损失:10.774,总损失:16.729
------划分值:0.000,左节点损失:0.000,右节点损失:17.248,总损失:17.248
('----划分特征：', 292)
------划分值:1.000,左节点损失:6.834,右节点损失:9.946,总损失:16.780
------划分值:0.000,左节点损失:0.000,右节点损失:17.248,总损失:17.248
('----划分特征：', 293)
------划分值:0.000,左节点损失:0.000,右节点损失:17.248,总损失:17.248
------划分值:1.000,左节点损失:8.802,右节点损失:8.207,总损失:17.009
('----划分特征：', 294)
------划分值:0.000,左节点损失:0.000,右节点损失:17.248,总损失:17.248
------划分值:1.000,左节点损失:10.847,右节点损失:6.351,总损失:17.198
('----划分特征：', 295)
------划分值:0.000,左节点损失:0.000,右节点损失:17.248,总损失:17.248
------划分值:1.000,左节点损失:12.325,右节点损失:4.907,总损失:17.232
('----划分特征：', 296)
------划分值:0.000,左节点损失:0.000,右节点损失:17.248,总损失:17.248
------划分值:1.000,左节点损失:12.962,右节点损失:4.148,总损失:17.111
('----划分特征：', 297)
------划分值:0.000,左节点损失:0.000,右节点损失:17.248,总损失:17.248
------划分值:1.000,左节点损失:12.076,右节点损失:5.035,总损失:17.112
('----划分特征：', 298)
------划分值:0.000,左节点损失:0.000,右节点损失:17.248,总损失:17.248
------划分值:1.000,左节点损失:10.358,右节点损失:6.886,总损失:17.244
('----划分特征：', 299)
------划分值:0.000,左节点损失:0.000,右节点损失:17.248,总损失:17.248
------划分值:1.000,左节点损失:7.692,右节点损失:9.318,总损失:17.010
('----划分特征：', 300)
------划分值:0.000,左节点损失:0.000,右节点损失:17.248,总损失:17.248
------划分值:1.000,左节点损失:5.829,右节点损失:10.228,总损失:16.057
('----划分特征：', 301)
------划分值:0.000,左节点损失:0.000,右节点损失:17.248,总损失:17.248
------划分值:1.000,左节点损失:6.870,右节点损失:8.392,总损失:15.262
('----划分特征：', 302)
------划分值:0.000,左节点损失:0.000,右节点损失:17.248,总损失:17.248
------划分值:1.000,左节点损失:9.521,右节点损失:5.356,总损失:14.877
('----划分特征：', 303)
------划分值:0.000,左节点损失:0.000,右节点损失:17.248,总损失:17.248
------划分值:1.000,左节点损失:13.402,右节点损失:2.245,总损失:15.647
('----划分特征：', 304)
------划分值:0.000,左节点损失:0.000,右节点损失:17.248,总损失:17.248
------划分值:1.000,左节点损失:16.417,右节点损失:0.577,总损失:16.994
('----划分特征：', 305)
------划分值:0.000,左节点损失:0.000,右节点损失:17.248,总损失:17.248
------划分值:1.000,左节点损失:17.243,右节点损失:0.000,总损失:17.243
('----划分特征：', 306)
------划分值:0.000,左节点损失:0.000,右节点损失:17.248,总损失:17.248
------划分值:1.000,左节点损失:17.247,右节点损失:0.000,总损失:17.247
('----划分特征：', 307)
------划分值:0.000,左节点损失:0.000,右节点损失:17.248,总损失:17.248
('----划分特征：', 308)
------划分值:0.000,左节点损失:0.000,右节点损失:17.248,总损失:17.248
('----划分特征：', 309)
------划分值:0.000,左节点损失:0.000,右节点损失:17.248,总损失:17.248
------划分值:1.000,左节点损失:17.247,右节点损失:0.000,总损失:17.247
('----划分特征：', 310)
------划分值:0.000,左节点损失:0.000,右节点损失:17.248,总损失:17.248
------划分值:1.000,左节点损失:17.244,右节点损失:0.000,总损失:17.244
('----划分特征：', 311)
------划分值:0.000,左节点损失:0.000,右节点损失:17.248,总损失:17.248
------划分值:1.000,左节点损失:17.238,右节点损失:0.000,总损失:17.238
('----划分特征：', 312)
------划分值:0.000,左节点损失:0.000,右节点损失:17.248,总损失:17.248
------划分值:1.000,左节点损失:17.222,右节点损失:0.000,总损失:17.222
('----划分特征：', 313)
------划分值:0.000,左节点损失:0.000,右节点损失:17.248,总损失:17.248
------划分值:1.000,左节点损失:16.605,右节点损失:0.643,总损失:17.248
('----划分特征：', 314)
------划分值:0.000,左节点损失:0.000,右节点损失:17.248,总损失:17.248
------划分值:1.000,左节点损失:14.914,右节点损失:2.222,总损失:17.136
('----划分特征：', 315)
------划分值:0.000,左节点损失:0.000,右节点损失:17.248,总损失:17.248
------划分值:1.000,左节点损失:12.193,右节点损失:4.659,总损失:16.852
('----划分特征：', 316)
------划分值:0.000,左节点损失:0.000,右节点损失:17.248,总损失:17.248
------划分值:1.000,左节点损失:9.143,右节点损失:7.468,总损失:16.611
('----划分特征：', 317)
------划分值:0.000,左节点损失:0.000,右节点损失:17.248,总损失:17.248
------划分值:1.000,左节点损失:6.374,右节点损失:10.029,总损失:16.403
('----划分特征：', 318)
------划分值:0.000,左节点损失:0.000,右节点损失:17.248,总损失:17.248
------划分值:1.000,左节点损失:5.794,右节点损失:10.784,总损失:16.578
('----划分特征：', 319)
------划分值:1.000,左节点损失:6.921,右节点损失:9.871,总损失:16.791
------划分值:0.000,左节点损失:0.000,右节点损失:17.248,总损失:17.248
('----划分特征：', 320)
------划分值:1.000,左节点损失:9.387,右节点损失:7.692,总损失:17.079
------划分值:0.000,左节点损失:0.000,右节点损失:17.248,总损失:17.248
('----划分特征：', 321)
------划分值:1.000,左节点损失:11.397,右节点损失:5.824,总损失:17.222
------划分值:0.000,左节点损失:0.000,右节点损失:17.248,总损失:17.248
('----划分特征：', 322)
------划分值:0.000,左节点损失:0.000,右节点损失:17.248,总损失:17.248
------划分值:1.000,左节点损失:13.462,右节点损失:3.724,总损失:17.186
('----划分特征：', 323)
------划分值:0.000,左节点损失:0.000,右节点损失:17.248,总损失:17.248
------划分值:1.000,左节点损失:14.604,右节点损失:2.301,总损失:16.905
('----划分特征：', 324)
------划分值:0.000,左节点损失:0.000,右节点损失:17.248,总损失:17.248
------划分值:1.000,左节点损失:14.645,右节点损失:2.070,总损失:16.715
('----划分特征：', 325)
------划分值:0.000,左节点损失:0.000,右节点损失:17.248,总损失:17.248
------划分值:1.000,左节点损失:13.988,右节点损失:2.684,总损失:16.672
('----划分特征：', 326)
------划分值:0.000,左节点损失:0.000,右节点损失:17.248,总损失:17.248
------划分值:1.000,左节点损失:12.513,右节点损失:4.528,总损失:17.041
('----划分特征：', 327)
------划分值:0.000,左节点损失:0.000,右节点损失:17.248,总损失:17.248
------划分值:1.000,左节点损失:9.430,右节点损失:7.763,总损失:17.192
('----划分特征：', 328)
------划分值:0.000,左节点损失:0.000,右节点损失:17.248,总损失:17.248
------划分值:1.000,左节点损失:6.808,右节点损失:9.312,总损失:16.119
('----划分特征：', 329)
------划分值:0.000,左节点损失:0.000,右节点损失:17.248,总损失:17.248
------划分值:1.000,左节点损失:6.412,右节点损失:7.842,总损失:14.254
('----划分特征：', 330)
------划分值:0.000,左节点损失:0.000,右节点损失:17.248,总损失:17.248
------划分值:1.000,左节点损失:8.321,右节点损失:4.759,总损失:13.080
('----划分特征：', 331)
------划分值:0.000,左节点损失:0.000,右节点损失:17.248,总损失:17.248
------划分值:1.000,左节点损失:12.638,右节点损失:1.860,总损失:14.498
('----划分特征：', 332)
------划分值:0.000,左节点损失:0.000,右节点损失:17.248,总损失:17.248
------划分值:1.000,左节点损失:16.101,右节点损失:0.593,总损失:16.694
('----划分特征：', 333)
------划分值:0.000,左节点损失:0.000,右节点损失:17.248,总损失:17.248
------划分值:1.000,左节点损失:17.245,右节点损失:0.000,总损失:17.245
('----划分特征：', 334)
------划分值:0.000,左节点损失:0.000,右节点损失:17.248,总损失:17.248
------划分值:1.000,左节点损失:17.221,右节点损失:0.016,总损失:17.237
('----划分特征：', 335)
------划分值:0.000,左节点损失:0.000,右节点损失:17.248,总损失:17.248
('----划分特征：', 336)
------划分值:0.000,左节点损失:0.000,右节点损失:17.248,总损失:17.248
('----划分特征：', 337)
------划分值:0.000,左节点损失:0.000,右节点损失:17.248,总损失:17.248
------划分值:1.000,左节点损失:17.247,右节点损失:0.000,总损失:17.247
('----划分特征：', 338)
------划分值:0.000,左节点损失:0.000,右节点损失:17.248,总损失:17.248
------划分值:1.000,左节点损失:17.245,右节点损失:0.000,总损失:17.245
('----划分特征：', 339)
------划分值:0.000,左节点损失:0.000,右节点损失:17.248,总损失:17.248
------划分值:1.000,左节点损失:17.241,右节点损失:0.000,总损失:17.241
('----划分特征：', 340)
------划分值:0.000,左节点损失:0.000,右节点损失:17.248,总损失:17.248
------划分值:1.000,左节点损失:17.198,右节点损失:0.032,总损失:17.230
('----划分特征：', 341)
------划分值:0.000,左节点损失:0.000,右节点损失:17.248,总损失:17.248
------划分值:1.000,左节点损失:16.059,右节点损失:1.122,总损失:17.181
('----划分特征：', 342)
------划分值:0.000,左节点损失:0.000,右节点损失:17.248,总损失:17.248
------划分值:1.000,左节点损失:13.492,右节点损失:3.205,总损失:16.697
('----划分特征：', 343)
------划分值:0.000,左节点损失:0.000,右节点损失:17.248,总损失:17.248
------划分值:1.000,左节点损失:10.270,右节点损失:6.087,总损失:16.357
('----划分特征：', 344)
------划分值:0.000,左节点损失:0.000,右节点损失:17.248,总损失:17.248
------划分值:1.000,左节点损失:6.814,右节点损失:9.182,总损失:15.996
('----划分特征：', 345)
------划分值:0.000,左节点损失:0.000,右节点损失:17.248,总损失:17.248
------划分值:1.000,左节点损失:5.342,右节点损失:10.879,总损失:16.221
('----划分特征：', 346)
------划分值:0.000,左节点损失:0.000,右节点损失:17.248,总损失:17.248
------划分值:1.000,左节点损失:6.316,右节点损失:10.364,总损失:16.681
('----划分特征：', 347)
------划分值:0.000,左节点损失:0.000,右节点损失:17.248,总损失:17.248
------划分值:1.000,左节点损失:8.855,右节点损失:8.240,总损失:17.096
('----划分特征：', 348)
------划分值:1.000,左节点损失:11.713,右节点损失:5.534,总损失:17.248
------划分值:0.000,左节点损失:0.000,右节点损失:17.248,总损失:17.248
('----划分特征：', 349)
------划分值:1.000,左节点损失:13.594,右节点损失:3.543,总损失:17.138
------划分值:0.000,左节点损失:0.000,右节点损失:17.248,总损失:17.248
('----划分特征：', 350)
------划分值:0.000,左节点损失:0.000,右节点损失:17.248,总损失:17.248
------划分值:1.000,左节点损失:14.809,右节点损失:1.974,总损失:16.783
('----划分特征：', 351)
------划分值:0.000,左节点损失:0.000,右节点损失:17.248,总损失:17.248
------划分值:1.000,左节点损失:15.256,右节点损失:1.146,总损失:16.402
('----划分特征：', 352)
------划分值:0.000,左节点损失:0.000,右节点损失:17.248,总损失:17.248
------划分值:1.000,左节点损失:15.148,右节点损失:0.927,总损失:16.075
('----划分特征：', 353)
------划分值:0.000,左节点损失:0.000,右节点损失:17.248,总损失:17.248
------划分值:1.000,左节点损失:14.581,右节点损失:1.618,总损失:16.199
('----划分特征：', 354)
------划分值:0.000,左节点损失:0.000,右节点损失:17.248,总损失:17.248
------划分值:1.000,左节点损失:12.885,右节点损失:4.020,总损失:16.905
('----划分特征：', 355)
------划分值:0.000,左节点损失:0.000,右节点损失:17.248,总损失:17.248
------划分值:1.000,左节点损失:10.690,右节点损失:6.549,总损失:17.240
('----划分特征：', 356)
------划分值:0.000,左节点损失:0.000,右节点损失:17.248,总损失:17.248
------划分值:1.000,左节点损失:7.172,右节点损失:8.775,总损失:15.947
('----划分特征：', 357)
------划分值:0.000,左节点损失:0.000,右节点损失:17.248,总损失:17.248
------划分值:1.000,左节点损失:6.329,右节点损失:7.252,总损失:13.582
('----划分特征：', 358)
------划分值:0.000,左节点损失:0.000,右节点损失:17.248,总损失:17.248
------划分值:1.000,左节点损失:8.091,右节点损失:4.215,总损失:12.306
('----划分特征：', 359)
------划分值:0.000,左节点损失:0.000,右节点损失:17.248,总损失:17.248
------划分值:1.000,左节点损失:12.111,右节点损失:1.785,总损失:13.895
('----划分特征：', 360)
------划分值:0.000,左节点损失:0.000,右节点损失:17.248,总损失:17.248
------划分值:1.000,左节点损失:15.753,右节点损失:0.754,总损失:16.507
('----划分特征：', 361)
------划分值:0.000,左节点损失:0.000,右节点损失:17.248,总损失:17.248
------划分值:1.000,左节点损失:17.246,右节点损失:0.000,总损失:17.246
('----划分特征：', 362)
------划分值:0.000,左节点损失:0.000,右节点损失:17.248,总损失:17.248
------划分值:1.000,左节点损失:17.221,右节点损失:0.022,总损失:17.242
('----划分特征：', 363)
------划分值:0.000,左节点损失:0.000,右节点损失:17.248,总损失:17.248
('----划分特征：', 364)
------划分值:0.000,左节点损失:0.000,右节点损失:17.248,总损失:17.248
('----划分特征：', 365)
------划分值:0.000,左节点损失:0.000,右节点损失:17.248,总损失:17.248
------划分值:1.000,左节点损失:17.247,右节点损失:0.000,总损失:17.247
('----划分特征：', 366)
------划分值:0.000,左节点损失:0.000,右节点损失:17.248,总损失:17.248
------划分值:1.000,左节点损失:17.247,右节点损失:0.000,总损失:17.247
('----划分特征：', 367)
------划分值:0.000,左节点损失:0.000,右节点损失:17.248,总损失:17.248
------划分值:1.000,左节点损失:17.244,右节点损失:0.000,总损失:17.244
('----划分特征：', 368)
------划分值:0.000,左节点损失:0.000,右节点损失:17.248,总损失:17.248
------划分值:1.000,左节点损失:17.099,右节点损失:0.148,总损失:17.247
('----划分特征：', 369)
------划分值:0.000,左节点损失:0.000,右节点损失:17.248,总损失:17.248
------划分值:1.000,左节点损失:15.291,右节点损失:1.626,总损失:16.917
('----划分特征：', 370)
------划分值:0.000,左节点损失:0.000,右节点损失:17.248,总损失:17.248
------划分值:1.000,左节点损失:11.919,右节点损失:4.188,总损失:16.107
('----划分特征：', 371)
------划分值:0.000,左节点损失:0.000,右节点损失:17.248,总损失:17.248
------划分值:1.000,左节点损失:8.331,右节点损失:7.369,总损失:15.700
('----划分特征：', 372)
------划分值:0.000,左节点损失:0.000,右节点损失:17.248,总损失:17.248
------划分值:1.000,左节点损失:5.781,右节点损失:9.980,总损失:15.761
('----划分特征：', 373)
------划分值:0.000,左节点损失:0.000,右节点损失:17.248,总损失:17.248
------划分值:1.000,左节点损失:5.749,右节点损失:10.648,总损失:16.397
('----划分特征：', 374)
------划分值:0.000,左节点损失:0.000,右节点损失:17.248,总损失:17.248
------划分值:1.000,左节点损失:7.924,右节点损失:9.091,总损失:17.015
('----划分特征：', 375)
------划分值:0.000,左节点损失:0.000,右节点损失:17.248,总损失:17.248
------划分值:1.000,左节点损失:11.223,右节点损失:6.023,总损失:17.247
('----划分特征：', 376)
------划分值:0.000,左节点损失:0.000,右节点损失:17.248,总损失:17.248
------划分值:1.000,左节点损失:13.530,右节点损失:3.538,总损失:17.068
('----划分特征：', 377)
------划分值:1.000,左节点损失:15.055,右节点损失:1.488,总损失:16.542
------划分值:0.000,左节点损失:0.000,右节点损失:17.248,总损失:17.248
('----划分特征：', 378)
------划分值:1.000,左节点损失:15.363,右节点损失:0.673,总损失:16.036
------划分值:0.000,左节点损失:0.000,右节点损失:17.248,总损失:17.248
('----划分特征：', 379)
------划分值:1.000,左节点损失:15.303,右节点损失:0.290,总损失:15.593
------划分值:0.000,左节点损失:0.000,右节点损失:17.248,总损失:17.248
('----划分特征：', 380)
------划分值:0.000,左节点损失:0.000,右节点损失:17.248,总损失:17.248
------划分值:1.000,左节点损失:15.002,右节点损失:0.386,总损失:15.388
('----划分特征：', 381)
------划分值:0.000,左节点损失:0.000,右节点损失:17.248,总损失:17.248
------划分值:1.000,左节点损失:14.482,右节点损失:1.370,总损失:15.852
('----划分特征：', 382)
------划分值:0.000,左节点损失:0.000,右节点损失:17.248,总损失:17.248
------划分值:1.000,左节点损失:13.225,右节点损失:3.583,总损失:16.808
('----划分特征：', 383)
------划分值:0.000,左节点损失:0.000,右节点损失:17.248,总损失:17.248
------划分值:1.000,左节点损失:10.803,右节点损失:6.427,总损失:17.229
('----划分特征：', 384)
------划分值:0.000,左节点损失:0.000,右节点损失:17.248,总损失:17.248
------划分值:1.000,左节点损失:7.471,右节点损失:8.402,总损失:15.873
('----划分特征：', 385)
------划分值:0.000,左节点损失:0.000,右节点损失:17.248,总损失:17.248
------划分值:1.000,左节点损失:6.479,右节点损失:7.046,总损失:13.526
('----划分特征：', 386)
------划分值:0.000,左节点损失:0.000,右节点损失:17.248,总损失:17.248
------划分值:1.000,左节点损失:8.031,右节点损失:4.464,总损失:12.495
('----划分特征：', 387)
------划分值:0.000,左节点损失:0.000,右节点损失:17.248,总损失:17.248
------划分值:1.000,左节点损失:11.882,右节点损失:2.282,总损失:14.164
('----划分特征：', 388)
------划分值:0.000,左节点损失:0.000,右节点损失:17.248,总损失:17.248
------划分值:1.000,左节点损失:15.590,右节点损失:0.895,总损失:16.484
('----划分特征：', 389)
------划分值:0.000,左节点损失:0.000,右节点损失:17.248,总损失:17.248
------划分值:1.000,左节点损失:17.244,右节点损失:0.000,总损失:17.244
('----划分特征：', 390)
------划分值:0.000,左节点损失:0.000,右节点损失:17.248,总损失:17.248
('----划分特征：', 391)
------划分值:0.000,左节点损失:0.000,右节点损失:17.248,总损失:17.248
('----划分特征：', 392)
------划分值:0.000,左节点损失:0.000,右节点损失:17.248,总损失:17.248
('----划分特征：', 393)
------划分值:0.000,左节点损失:0.000,右节点损失:17.248,总损失:17.248
('----划分特征：', 394)
------划分值:0.000,左节点损失:0.000,右节点损失:17.248,总损失:17.248
------划分值:1.000,左节点损失:17.247,右节点损失:0.000,总损失:17.247
('----划分特征：', 395)
------划分值:0.000,左节点损失:0.000,右节点损失:17.248,总损失:17.248
------划分值:1.000,左节点损失:17.244,右节点损失:0.000,总损失:17.244
('----划分特征：', 396)
------划分值:0.000,左节点损失:0.000,右节点损失:17.248,总损失:17.248
------划分值:1.000,左节点损失:16.917,右节点损失:0.310,总损失:17.228
('----划分特征：', 397)
------划分值:0.000,左节点损失:0.000,右节点损失:17.248,总损失:17.248
------划分值:1.000,左节点损失:13.972,右节点损失:2.190,总损失:16.162
('----划分特征：', 398)
------划分值:0.000,左节点损失:0.000,右节点损失:17.248,总损失:17.248
------划分值:1.000,左节点损失:10.375,右节点损失:5.026,总损失:15.400
('----划分特征：', 399)
------划分值:0.000,左节点损失:0.000,右节点损失:17.248,总损失:17.248
------划分值:1.000,左节点损失:6.872,右节点损失:8.311,总损失:15.183
('----划分特征：', 400)
------划分值:0.000,左节点损失:0.000,右节点损失:17.248,总损失:17.248
------划分值:1.000,左节点损失:5.334,右节点损失:10.333,总损失:15.667
('----划分特征：', 401)
------划分值:0.000,左节点损失:0.000,右节点损失:17.248,总损失:17.248
------划分值:1.000,左节点损失:6.646,右节点损失:9.997,总损失:16.643
('----划分特征：', 402)
------划分值:0.000,左节点损失:0.000,右节点损失:17.248,总损失:17.248
------划分值:1.000,左节点损失:9.944,右节点损失:7.279,总损失:17.222
('----划分特征：', 403)
------划分值:0.000,左节点损失:0.000,右节点损失:17.248,总损失:17.248
------划分值:1.000,左节点损失:13.090,右节点损失:3.983,总损失:17.073
('----划分特征：', 404)
------划分值:0.000,左节点损失:0.000,右节点损失:17.248,总损失:17.248
------划分值:1.000,左节点损失:14.755,右节点损失:1.828,总损失:16.583
('----划分特征：', 405)
------划分值:0.000,左节点损失:0.000,右节点损失:17.248,总损失:17.248
------划分值:1.000,左节点损失:15.185,右节点损失:0.674,总损失:15.859
('----划分特征：', 406)
------划分值:1.000,左节点损失:15.161,右节点损失:0.161,总损失:15.322
------划分值:0.000,左节点损失:0.000,右节点损失:17.248,总损失:17.248
('----划分特征：', 407)
------划分值:1.000,左节点损失:14.750,右节点损失:0.065,总损失:14.815
------划分值:0.000,左节点损失:0.000,右节点损失:17.248,总损失:17.248
('----划分特征：', 408)
------划分值:1.000,左节点损失:14.709,右节点损失:0.258,总损失:14.967
------划分值:0.000,左节点损失:0.000,右节点损失:17.248,总损失:17.248
('----划分特征：', 409)
------划分值:0.000,左节点损失:0.000,右节点损失:17.248,总损失:17.248
------划分值:1.000,左节点损失:14.240,右节点损失:1.559,总损失:15.799
('----划分特征：', 410)
------划分值:0.000,左节点损失:0.000,右节点损失:17.248,总损失:17.248
------划分值:1.000,左节点损失:12.834,右节点损失:4.105,总损失:16.938
('----划分特征：', 411)
------划分值:0.000,左节点损失:0.000,右节点损失:17.248,总损失:17.248
------划分值:1.000,左节点损失:10.342,右节点损失:6.839,总损失:17.181
('----划分特征：', 412)
------划分值:0.000,左节点损失:0.000,右节点损失:17.248,总损失:17.248
------划分值:1.000,左节点损失:7.732,右节点损失:8.218,总损失:15.951
('----划分特征：', 413)
------划分值:0.000,左节点损失:0.000,右节点损失:17.248,总损失:17.248
------划分值:1.000,左节点损失:6.596,右节点损失:7.220,总损失:13.816
('----划分特征：', 414)
------划分值:0.000,左节点损失:0.000,右节点损失:17.248,总损失:17.248
------划分值:1.000,左节点损失:8.642,右节点损失:4.609,总损失:13.250
('----划分特征：', 415)
------划分值:0.000,左节点损失:0.000,右节点损失:17.248,总损失:17.248
------划分值:1.000,左节点损失:11.963,右节点损失:2.528,总损失:14.490
('----划分特征：', 416)
------划分值:0.000,左节点损失:0.000,右节点损失:17.248,总损失:17.248
------划分值:1.000,左节点损失:15.722,右节点损失:0.896,总损失:16.619
('----划分特征：', 417)
------划分值:0.000,左节点损失:0.000,右节点损失:17.248,总损失:17.248
------划分值:1.000,左节点损失:17.217,右节点损失:0.030,总损失:17.247
('----划分特征：', 418)
------划分值:0.000,左节点损失:0.000,右节点损失:17.248,总损失:17.248
('----划分特征：', 419)
------划分值:0.000,左节点损失:0.000,右节点损失:17.248,总损失:17.248
('----划分特征：', 420)
------划分值:0.000,左节点损失:0.000,右节点损失:17.248,总损失:17.248
('----划分特征：', 421)
------划分值:0.000,左节点损失:0.000,右节点损失:17.248,总损失:17.248
('----划分特征：', 422)
------划分值:0.000,左节点损失:0.000,右节点损失:17.248,总损失:17.248
------划分值:1.000,左节点损失:17.247,右节点损失:0.000,总损失:17.247
('----划分特征：', 423)
------划分值:0.000,左节点损失:0.000,右节点损失:17.248,总损失:17.248
------划分值:1.000,左节点损失:17.244,右节点损失:0.000,总损失:17.244
('----划分特征：', 424)
------划分值:0.000,左节点损失:0.000,右节点损失:17.248,总损失:17.248
------划分值:1.000,左节点损失:16.627,右节点损失:0.506,总损失:17.133
('----划分特征：', 425)
------划分值:0.000,左节点损失:0.000,右节点损失:17.248,总损失:17.248
------划分值:1.000,左节点损失:12.953,右节点损失:2.720,总损失:15.673
('----划分特征：', 426)
------划分值:0.000,左节点损失:0.000,右节点损失:17.248,总损失:17.248
------划分值:1.000,左节点损失:8.769,右节点损失:5.876,总损失:14.645
('----划分特征：', 427)
------划分值:0.000,左节点损失:0.000,右节点损失:17.248,总损失:17.248
------划分值:1.000,左节点损失:5.688,右节点损失:8.874,总损失:14.561
('----划分特征：', 428)
------划分值:0.000,左节点损失:0.000,右节点损失:17.248,总损失:17.248
------划分值:1.000,左节点损失:5.335,右节点损失:10.291,总损失:15.627
('----划分特征：', 429)
------划分值:0.000,左节点损失:0.000,右节点损失:17.248,总损失:17.248
------划分值:1.000,左节点损失:7.959,右节点损失:8.929,总损失:16.888
('----划分特征：', 430)
------划分值:0.000,左节点损失:0.000,右节点损失:17.248,总损失:17.248
------划分值:1.000,左节点损失:11.752,右节点损失:5.474,总损失:17.226
('----划分特征：', 431)
------划分值:0.000,左节点损失:0.000,右节点损失:17.248,总损失:17.248
------划分值:1.000,左节点损失:14.278,右节点损失:2.495,总损失:16.773
('----划分特征：', 432)
------划分值:0.000,左节点损失:0.000,右节点损失:17.248,总损失:17.248
------划分值:1.000,左节点损失:15.275,右节点损失:0.863,总损失:16.138
('----划分特征：', 433)
------划分值:0.000,左节点损失:0.000,右节点损失:17.248,总损失:17.248
------划分值:1.000,左节点损失:15.189,右节点损失:0.290,总损失:15.479
('----划分特征：', 434)
------划分值:0.000,左节点损失:0.000,右节点损失:17.248,总损失:17.248
------划分值:1.000,左节点损失:15.005,右节点损失:0.097,总损失:15.102
('----划分特征：', 435)
------划分值:1.000,左节点损失:14.729,右节点损失:0.129,总损失:14.859
------划分值:0.000,左节点损失:0.000,右节点损失:17.248,总损失:17.248
('----划分特征：', 436)
------划分值:1.000,左节点损失:14.744,右节点损失:0.515,总损失:15.259
------划分值:0.000,左节点损失:0.000,右节点损失:17.248,总损失:17.248
('----划分特征：', 437)
------划分值:1.000,左节点损失:13.818,右节点损失:2.394,总损失:16.212
------划分值:0.000,左节点损失:0.000,右节点损失:17.248,总损失:17.248
('----划分特征：', 438)
------划分值:1.000,左节点损失:12.142,右节点损失:4.974,总损失:17.116
------划分值:0.000,左节点损失:0.000,右节点损失:17.248,总损失:17.248
('----划分特征：', 439)
------划分值:0.000,左节点损失:0.000,右节点损失:17.248,总损失:17.248
------划分值:1.000,左节点损失:9.213,右节点损失:7.785,总损失:16.998
('----划分特征：', 440)
------划分值:0.000,左节点损失:0.000,右节点损失:17.248,总损失:17.248
------划分值:1.000,左节点损失:7.238,右节点损失:8.549,总损失:15.788
('----划分特征：', 441)
------划分值:0.000,左节点损失:0.000,右节点损失:17.248,总损失:17.248
------划分值:1.000,左节点损失:7.477,右节点损失:7.132,总损失:14.609
('----划分特征：', 442)
------划分值:0.000,左节点损失:0.000,右节点损失:17.248,总损失:17.248
------划分值:1.000,左节点损失:9.703,右节点损失:4.748,总损失:14.451
('----划分特征：', 443)
------划分值:0.000,左节点损失:0.000,右节点损失:17.248,总损失:17.248
------划分值:1.000,左节点损失:12.739,右节点损失:2.511,总损失:15.250
('----划分特征：', 444)
------划分值:0.000,左节点损失:0.000,右节点损失:17.248,总损失:17.248
------划分值:1.000,左节点损失:15.880,右节点损失:0.904,总损失:16.785
('----划分特征：', 445)
------划分值:0.000,左节点损失:0.000,右节点损失:17.248,总损失:17.248
------划分值:1.000,左节点损失:17.217,右节点损失:0.030,总损失:17.247
('----划分特征：', 446)
------划分值:0.000,左节点损失:0.000,右节点损失:17.248,总损失:17.248
------划分值:1.000,左节点损失:17.247,右节点损失:0.000,总损失:17.247
('----划分特征：', 447)
------划分值:0.000,左节点损失:0.000,右节点损失:17.248,总损失:17.248
('----划分特征：', 448)
------划分值:0.000,左节点损失:0.000,右节点损失:17.248,总损失:17.248
('----划分特征：', 449)
------划分值:0.000,左节点损失:0.000,右节点损失:17.248,总损失:17.248
('----划分特征：', 450)
------划分值:0.000,左节点损失:0.000,右节点损失:17.248,总损失:17.248
------划分值:1.000,左节点损失:17.247,右节点损失:0.000,总损失:17.247
('----划分特征：', 451)
------划分值:0.000,左节点损失:0.000,右节点损失:17.248,总损失:17.248
------划分值:1.000,左节点损失:17.244,右节点损失:0.000,总损失:17.244
('----划分特征：', 452)
------划分值:0.000,左节点损失:0.000,右节点损失:17.248,总损失:17.248
------划分值:1.000,左节点损失:16.330,右节点损失:0.733,总损失:17.063
('----划分特征：', 453)
------划分值:0.000,左节点损失:0.000,右节点损失:17.248,总损失:17.248
------划分值:1.000,左节点损失:12.143,右节点损失:3.281,总损失:15.424
('----划分特征：', 454)
------划分值:0.000,左节点损失:0.000,右节点损失:17.248,总损失:17.248
------划分值:1.000,左节点损失:8.041,右节点损失:6.369,总损失:14.409
('----划分特征：', 455)
------划分值:0.000,左节点损失:0.000,右节点损失:17.248,总损失:17.248
------划分值:1.000,左节点损失:5.298,右节点损失:9.043,总损失:14.341
('----划分特征：', 456)
------划分值:0.000,左节点损失:0.000,右节点损失:17.248,总损失:17.248
------划分值:1.000,左节点损失:5.874,右节点损失:9.819,总损失:15.692
('----划分特征：', 457)
------划分值:0.000,左节点损失:0.000,右节点损失:17.248,总损失:17.248
------划分值:1.000,左节点损失:9.345,右节点损失:7.695,总损失:17.040
('----划分特征：', 458)
------划分值:0.000,左节点损失:0.000,右节点损失:17.248,总损失:17.248
------划分值:1.000,左节点损失:13.338,右节点损失:3.786,总损失:17.125
('----划分特征：', 459)
------划分值:0.000,左节点损失:0.000,右节点损失:17.248,总损失:17.248
------划分值:1.000,左节点损失:15.154,右节点损失:1.455,总损失:16.609
('----划分特征：', 460)
------划分值:0.000,左节点损失:0.000,右节点损失:17.248,总损失:17.248
------划分值:1.000,左节点损失:15.520,右节点损失:0.641,总损失:16.161
('----划分特征：', 461)
------划分值:0.000,左节点损失:0.000,右节点损失:17.248,总损失:17.248
------划分值:1.000,左节点损失:15.533,右节点损失:0.161,总损失:15.695
('----划分特征：', 462)
------划分值:0.000,左节点损失:0.000,右节点损失:17.248,总损失:17.248
------划分值:1.000,左节点损失:15.192,右节点损失:0.129,总损失:15.321
('----划分特征：', 463)
------划分值:0.000,左节点损失:0.000,右节点损失:17.248,总损失:17.248
------划分值:1.000,左节点损失:14.993,右节点损失:0.354,总损失:15.347
('----划分特征：', 464)
------划分值:0.000,左节点损失:0.000,右节点损失:17.248,总损失:17.248
------划分值:1.000,左节点损失:14.540,右节点损失:1.338,总损失:15.879
('----划分特征：', 465)
------划分值:1.000,左节点损失:13.090,右节点损失:3.650,总损失:16.740
------划分值:0.000,左节点损失:0.000,右节点损失:17.248,总损失:17.248
('----划分特征：', 466)
------划分值:1.000,左节点损失:10.671,右节点损失:6.575,总损失:17.247
------划分值:0.000,左节点损失:0.000,右节点损失:17.248,总损失:17.248
('----划分特征：', 467)
------划分值:1.000,左节点损失:8.043,右节点损失:8.707,总损失:16.751
------划分值:0.000,左节点损失:0.000,右节点损失:17.248,总损失:17.248
('----划分特征：', 468)
------划分值:0.000,左节点损失:0.000,右节点损失:17.248,总损失:17.248
------划分值:1.000,左节点损失:6.945,右节点损失:8.777,总损失:15.722
('----划分特征：', 469)
------划分值:0.000,左节点损失:0.000,右节点损失:17.248,总损失:17.248
------划分值:1.000,左节点损失:8.204,右节点损失:6.855,总损失:15.060
('----划分特征：', 470)
------划分值:0.000,左节点损失:0.000,右节点损失:17.248,总损失:17.248
------划分值:1.000,左节点损失:10.525,右节点损失:4.625,总损失:15.150
('----划分特征：', 471)
------划分值:0.000,左节点损失:0.000,右节点损失:17.248,总损失:17.248
------划分值:1.000,左节点损失:13.479,右节点损失:2.425,总损失:15.904
('----划分特征：', 472)
------划分值:0.000,左节点损失:0.000,右节点损失:17.248,总损失:17.248
------划分值:1.000,左节点损失:16.275,右节点损失:0.793,总损失:17.068
('----划分特征：', 473)
------划分值:0.000,左节点损失:0.000,右节点损失:17.248,总损失:17.248
------划分值:1.000,左节点损失:17.242,右节点损失:0.000,总损失:17.242
('----划分特征：', 474)
------划分值:0.000,左节点损失:0.000,右节点损失:17.248,总损失:17.248
------划分值:1.000,左节点损失:17.247,右节点损失:0.000,总损失:17.247
('----划分特征：', 475)
------划分值:0.000,左节点损失:0.000,右节点损失:17.248,总损失:17.248
('----划分特征：', 476)
------划分值:0.000,左节点损失:0.000,右节点损失:17.248,总损失:17.248
('----划分特征：', 477)
------划分值:0.000,左节点损失:0.000,右节点损失:17.248,总损失:17.248
('----划分特征：', 478)
------划分值:0.000,左节点损失:0.000,右节点损失:17.248,总损失:17.248
------划分值:1.000,左节点损失:17.247,右节点损失:0.000,总损失:17.247
('----划分特征：', 479)
------划分值:0.000,左节点损失:0.000,右节点损失:17.248,总损失:17.248
------划分值:1.000,左节点损失:17.240,右节点损失:0.000,总损失:17.240
('----划分特征：', 480)
------划分值:0.000,左节点损失:0.000,右节点损失:17.248,总损失:17.248
------划分值:1.000,左节点损失:16.137,右节点损失:0.923,总损失:17.060
('----划分特征：', 481)
------划分值:0.000,左节点损失:0.000,右节点损失:17.248,总损失:17.248
------划分值:1.000,左节点损失:11.437,右节点损失:3.832,总损失:15.270
('----划分特征：', 482)
------划分值:0.000,左节点损失:0.000,右节点损失:17.248,总损失:17.248
------划分值:1.000,左节点损失:7.339,右节点损失:6.586,总损失:13.924
('----划分特征：', 483)
------划分值:0.000,左节点损失:0.000,右节点损失:17.248,总损失:17.248
------划分值:1.000,左节点损失:5.179,右节点损失:9.016,总损失:14.195
('----划分特征：', 484)
------划分值:0.000,左节点损失:0.000,右节点损失:17.248,总损失:17.248
------划分值:1.000,左节点损失:6.266,右节点损失:9.317,总损失:15.583
('----划分特征：', 485)
------划分值:0.000,左节点损失:0.000,右节点损失:17.248,总损失:17.248
------划分值:1.000,左节点损失:9.879,右节点损失:7.127,总损失:17.006
('----划分特征：', 486)
------划分值:0.000,左节点损失:0.000,右节点损失:17.248,总损失:17.248
------划分值:1.000,左节点损失:13.946,右节点损失:3.188,总损失:17.134
('----划分特征：', 487)
------划分值:0.000,左节点损失:0.000,右节点损失:17.248,总损失:17.248
------划分值:1.000,左节点损失:15.265,右节点损失:1.482,总损失:16.747
('----划分特征：', 488)
------划分值:0.000,左节点损失:0.000,右节点损失:17.248,总损失:17.248
------划分值:1.000,左节点损失:15.701,右节点损失:0.735,总损失:16.437
('----划分特征：', 489)
------划分值:0.000,左节点损失:0.000,右节点损失:17.248,总损失:17.248
------划分值:1.000,左节点损失:15.684,右节点损失:0.418,总损失:16.102
('----划分特征：', 490)
------划分值:0.000,左节点损失:0.000,右节点损失:17.248,总损失:17.248
------划分值:1.000,左节点损失:15.229,右节点损失:0.642,总损失:15.871
('----划分特征：', 491)
------划分值:0.000,左节点损失:0.000,右节点损失:17.248,总损失:17.248
------划分值:1.000,左节点损失:14.631,右节点损失:1.463,总损失:16.093
('----划分特征：', 492)
------划分值:0.000,左节点损失:0.000,右节点损失:17.248,总损失:17.248
------划分值:1.000,左节点损失:13.692,右节点损失:2.902,总损失:16.595
('----划分特征：', 493)
------划分值:1.000,左节点损失:11.506,右节点损失:5.656,总损失:17.162
------划分值:0.000,左节点损失:0.000,右节点损失:17.248,总损失:17.248
('----划分特征：', 494)
------划分值:1.000,左节点损失:8.626,右节点损失:8.461,总损失:17.087
------划分值:0.000,左节点损失:0.000,右节点损失:17.248,总损失:17.248
('----划分特征：', 495)
------划分值:1.000,左节点损失:7.112,右节点损失:9.310,总损失:16.422
------划分值:0.000,左节点损失:0.000,右节点损失:17.248,总损失:17.248
('----划分特征：', 496)
------划分值:0.000,左节点损失:0.000,右节点损失:17.248,总损失:17.248
------划分值:1.000,左节点损失:7.150,右节点损失:8.637,总损失:15.787
('----划分特征：', 497)
------划分值:0.000,左节点损失:0.000,右节点损失:17.248,总损失:17.248
------划分值:1.000,左节点损失:9.296,右节点损失:6.361,总损失:15.657
('----划分特征：', 498)
------划分值:0.000,左节点损失:0.000,右节点损失:17.248,总损失:17.248
------划分值:1.000,左节点损失:11.759,右节点损失:4.139,总损失:15.898
('----划分特征：', 499)
------划分值:0.000,左节点损失:0.000,右节点损失:17.248,总损失:17.248
------划分值:1.000,左节点损失:14.726,右节点损失:1.951,总损失:16.677
('----划分特征：', 500)
------划分值:0.000,左节点损失:0.000,右节点损失:17.248,总损失:17.248
------划分值:1.000,左节点损失:16.428,右节点损失:0.739,总损失:17.167
('----划分特征：', 501)
------划分值:0.000,左节点损失:0.000,右节点损失:17.248,总损失:17.248
------划分值:1.000,左节点损失:17.237,右节点损失:0.000,总损失:17.237
('----划分特征：', 502)
------划分值:0.000,左节点损失:0.000,右节点损失:17.248,总损失:17.248
------划分值:1.000,左节点损失:17.245,右节点损失:0.000,总损失:17.245
('----划分特征：', 503)
------划分值:0.000,左节点损失:0.000,右节点损失:17.248,总损失:17.248
('----划分特征：', 504)
------划分值:0.000,左节点损失:0.000,右节点损失:17.248,总损失:17.248
('----划分特征：', 505)
------划分值:0.000,左节点损失:0.000,右节点损失:17.248,总损失:17.248
('----划分特征：', 506)
------划分值:0.000,左节点损失:0.000,右节点损失:17.248,总损失:17.248
------划分值:1.000,左节点损失:17.247,右节点损失:0.000,总损失:17.247
('----划分特征：', 507)
------划分值:0.000,左节点损失:0.000,右节点损失:17.248,总损失:17.248
------划分值:1.000,左节点损失:17.234,右节点损失:0.000,总损失:17.234
('----划分特征：', 508)
------划分值:0.000,左节点损失:0.000,右节点损失:17.248,总损失:17.248
------划分值:1.000,左节点损失:15.854,右节点损失:1.240,总损失:17.095
('----划分特征：', 509)
------划分值:0.000,左节点损失:0.000,右节点损失:17.248,总损失:17.248
------划分值:1.000,左节点损失:11.931,右节点损失:3.922,总损失:15.853
('----划分特征：', 510)
------划分值:0.000,左节点损失:0.000,右节点损失:17.248,总损失:17.248
------划分值:1.000,左节点损失:7.335,右节点损失:6.896,总损失:14.231
('----划分特征：', 511)
------划分值:0.000,左节点损失:0.000,右节点损失:17.248,总损失:17.248
------划分值:1.000,左节点损失:4.817,右节点损失:9.104,总损失:13.921
('----划分特征：', 512)
------划分值:0.000,左节点损失:0.000,右节点损失:17.248,总损失:17.248
------划分值:1.000,左节点损失:6.125,右节点损失:9.118,总损失:15.243
('----划分特征：', 513)
------划分值:0.000,左节点损失:0.000,右节点损失:17.248,总损失:17.248
------划分值:1.000,左节点损失:9.769,右节点损失:7.106,总损失:16.875
('----划分特征：', 514)
------划分值:0.000,左节点损失:0.000,右节点损失:17.248,总损失:17.248
------划分值:1.000,左节点损失:13.258,右节点损失:3.960,总损失:17.218
('----划分特征：', 515)
------划分值:0.000,左节点损失:0.000,右节点损失:17.248,总损失:17.248
------划分值:1.000,左节点损失:15.034,右节点损失:1.874,总损失:16.907
('----划分特征：', 516)
------划分值:0.000,左节点损失:0.000,右节点损失:17.248,总损失:17.248
------划分值:1.000,左节点损失:15.429,右节点损失:1.266,总损失:16.695
('----划分特征：', 517)
------划分值:0.000,左节点损失:0.000,右节点损失:17.248,总损失:17.248
------划分值:1.000,左节点损失:15.284,右节点损失:1.145,总损失:16.429
('----划分特征：', 518)
------划分值:0.000,左节点损失:0.000,右节点损失:17.248,总损失:17.248
------划分值:1.000,左节点损失:14.629,右节点损失:1.740,总损失:16.369
('----划分特征：', 519)
------划分值:1.000,左节点损失:13.155,右节点损失:3.590,总损失:16.744
------划分值:0.000,左节点损失:0.000,右节点损失:17.248,总损失:17.248
('----划分特征：', 520)
------划分值:1.000,左节点损失:11.535,右节点损失:5.589,总损失:17.125
------划分值:0.000,左节点损失:0.000,右节点损失:17.248,总损失:17.248
('----划分特征：', 521)
------划分值:1.000,左节点损失:8.598,右节点损失:8.581,总损失:17.179
------划分值:0.000,左节点损失:0.000,右节点损失:17.248,总损失:17.248
('----划分特征：', 522)
------划分值:1.000,左节点损失:6.838,右节点损失:9.920,总损失:16.758
------划分值:0.000,左节点损失:0.000,右节点损失:17.248,总损失:17.248
('----划分特征：', 523)
------划分值:1.000,左节点损失:6.537,右节点损失:9.645,总损失:16.182
------划分值:0.000,左节点损失:0.000,右节点损失:17.248,总损失:17.248
('----划分特征：', 524)
------划分值:0.000,左节点损失:0.000,右节点损失:17.248,总损失:17.248
------划分值:1.000,左节点损失:8.657,右节点损失:7.532,总损失:16.189
('----划分特征：', 525)
------划分值:0.000,左节点损失:0.000,右节点损失:17.248,总损失:17.248
------划分值:1.000,左节点损失:10.935,右节点损失:5.381,总损失:16.316
('----划分特征：', 526)
------划分值:0.000,左节点损失:0.000,右节点损失:17.248,总损失:17.248
------划分值:1.000,左节点损失:13.630,右节点损失:3.096,总损失:16.725
('----划分特征：', 527)
------划分值:0.000,左节点损失:0.000,右节点损失:17.248,总损失:17.248
------划分值:1.000,左节点损失:15.796,右节点损失:1.313,总损失:17.109
('----划分特征：', 528)
------划分值:0.000,左节点损失:0.000,右节点损失:17.248,总损失:17.248
------划分值:1.000,左节点损失:16.936,右节点损失:0.308,总损失:17.245
('----划分特征：', 529)
------划分值:0.000,左节点损失:0.000,右节点损失:17.248,总损失:17.248
------划分值:1.000,左节点损失:17.240,右节点损失:0.000,总损失:17.240
('----划分特征：', 530)
------划分值:0.000,左节点损失:0.000,右节点损失:17.248,总损失:17.248
------划分值:1.000,左节点损失:17.247,右节点损失:0.000,总损失:17.247
('----划分特征：', 531)
------划分值:0.000,左节点损失:0.000,右节点损失:17.248,总损失:17.248
------划分值:1.000,左节点损失:17.247,右节点损失:0.000,总损失:17.247
('----划分特征：', 532)
------划分值:0.000,左节点损失:0.000,右节点损失:17.248,总损失:17.248
('----划分特征：', 533)
------划分值:0.000,左节点损失:0.000,右节点损失:17.248,总损失:17.248
('----划分特征：', 534)
------划分值:0.000,左节点损失:0.000,右节点损失:17.248,总损失:17.248
------划分值:1.000,左节点损失:17.246,右节点损失:0.000,总损失:17.246
('----划分特征：', 535)
------划分值:0.000,左节点损失:0.000,右节点损失:17.248,总损失:17.248
------划分值:1.000,左节点损失:17.173,右节点损失:0.063,总损失:17.236
('----划分特征：', 536)
------划分值:0.000,左节点损失:0.000,右节点损失:17.248,总损失:17.248
------划分值:1.000,左节点损失:15.949,右节点损失:1.223,总损失:17.172
('----划分特征：', 537)
------划分值:0.000,左节点损失:0.000,右节点损失:17.248,总损失:17.248
------划分值:1.000,左节点损失:12.056,右节点损失:4.155,总损失:16.211
('----划分特征：', 538)
------划分值:0.000,左节点损失:0.000,右节点损失:17.248,总损失:17.248
------划分值:1.000,左节点损失:7.882,右节点损失:7.108,总损失:14.990
('----划分特征：', 539)
------划分值:0.000,左节点损失:0.000,右节点损失:17.248,总损失:17.248
------划分值:1.000,左节点损失:4.875,右节点损失:9.377,总损失:14.252
('----划分特征：', 540)
------划分值:0.000,左节点损失:0.000,右节点损失:17.248,总损失:17.248
------划分值:1.000,左节点损失:5.496,右节点损失:9.698,总损失:15.194
('----划分特征：', 541)
------划分值:0.000,左节点损失:0.000,右节点损失:17.248,总损失:17.248
------划分值:1.000,左节点损失:8.267,右节点损失:8.348,总损失:16.615
('----划分特征：', 542)
------划分值:0.000,左节点损失:0.000,右节点损失:17.248,总损失:17.248
------划分值:1.000,左节点损失:11.325,右节点损失:5.904,总损失:17.230
('----划分特征：', 543)
------划分值:0.000,左节点损失:0.000,右节点损失:17.248,总损失:17.248
------划分值:1.000,左节点损失:13.085,右节点损失:4.088,总损失:17.172
('----划分特征：', 544)
------划分值:0.000,左节点损失:0.000,右节点损失:17.248,总损失:17.248
------划分值:1.000,左节点损失:13.550,右节点损失:3.462,总损失:17.012
('----划分特征：', 545)
------划分值:1.000,左节点损失:13.138,右节点损失:3.805,总损失:16.943
------划分值:0.000,左节点损失:0.000,右节点损失:17.248,总损失:17.248
('----划分特征：', 546)
------划分值:1.000,左节点损失:11.990,右节点损失:5.013,总损失:17.003
------划分值:0.000,左节点损失:0.000,右节点损失:17.248,总损失:17.248
('----划分特征：', 547)
------划分值:1.000,左节点损失:10.255,右节点损失:6.957,总损失:17.212
------划分值:0.000,左节点损失:0.000,右节点损失:17.248,总损失:17.248
('----划分特征：', 548)
------划分值:1.000,左节点损失:7.848,右节点损失:9.320,总损失:17.168
------划分值:0.000,左节点损失:0.000,右节点损失:17.248,总损失:17.248
('----划分特征：', 549)
------划分值:1.000,左节点损失:6.436,右节点损失:10.426,总损失:16.862
------划分值:0.000,左节点损失:0.000,右节点损失:17.248,总损失:17.248
('----划分特征：', 550)
------划分值:1.000,左节点损失:6.187,右节点损失:10.317,总损失:16.504
------划分值:0.000,左节点损失:0.000,右节点损失:17.248,总损失:17.248
('----划分特征：', 551)
------划分值:1.000,左节点损失:7.789,右节点损失:8.638,总损失:16.427
------划分值:0.000,左节点损失:0.000,右节点损失:17.248,总损失:17.248
('----划分特征：', 552)
------划分值:0.000,左节点损失:0.000,右节点损失:17.248,总损失:17.248
------划分值:1.000,左节点损失:10.473,右节点损失:6.160,总损失:16.633
('----划分特征：', 553)
------划分值:0.000,左节点损失:0.000,右节点损失:17.248,总损失:17.248
------划分值:1.000,左节点损失:12.661,右节点损失:4.115,总损失:16.775
('----划分特征：', 554)
------划分值:0.000,左节点损失:0.000,右节点损失:17.248,总损失:17.248
------划分值:1.000,左节点损失:15.202,右节点损失:1.919,总损失:17.121
('----划分特征：', 555)
------划分值:0.000,左节点损失:0.000,右节点损失:17.248,总损失:17.248
------划分值:1.000,左节点损失:16.384,右节点损失:0.834,总损失:17.218
('----划分特征：', 556)
------划分值:0.000,左节点损失:0.000,右节点损失:17.248,总损失:17.248
------划分值:1.000,左节点损失:17.124,右节点损失:0.121,总损失:17.245
('----划分特征：', 557)
------划分值:0.000,左节点损失:0.000,右节点损失:17.248,总损失:17.248
------划分值:1.000,左节点损失:17.244,右节点损失:0.000,总损失:17.244
('----划分特征：', 558)
------划分值:0.000,左节点损失:0.000,右节点损失:17.248,总损失:17.248
('----划分特征：', 559)
------划分值:0.000,左节点损失:0.000,右节点损失:17.248,总损失:17.248
('----划分特征：', 560)
------划分值:0.000,左节点损失:0.000,右节点损失:17.248,总损失:17.248
('----划分特征：', 561)
------划分值:0.000,左节点损失:0.000,右节点损失:17.248,总损失:17.248
('----划分特征：', 562)
------划分值:0.000,左节点损失:0.000,右节点损失:17.248,总损失:17.248
------划分值:1.000,左节点损失:17.244,右节点损失:0.000,总损失:17.244
('----划分特征：', 563)
------划分值:0.000,左节点损失:0.000,右节点损失:17.248,总损失:17.248
------划分值:1.000,左节点损失:17.199,右节点损失:0.032,总损失:17.231
('----划分特征：', 564)
------划分值:0.000,左节点损失:0.000,右节点损失:17.248,总损失:17.248
------划分值:1.000,左节点损失:16.183,右节点损失:1.040,总损失:17.223
('----划分特征：', 565)
------划分值:0.000,左节点损失:0.000,右节点损失:17.248,总损失:17.248
------划分值:1.000,左节点损失:13.667,右节点损失:3.214,总损失:16.881
('----划分特征：', 566)
------划分值:0.000,左节点损失:0.000,右节点损失:17.248,总损失:17.248
------划分值:1.000,左节点损失:9.372,右节点损失:6.530,总损失:15.902
('----划分特征：', 567)
------划分值:0.000,左节点损失:0.000,右节点损失:17.248,总损失:17.248
------划分值:1.000,左节点损失:5.799,右节点损失:9.296,总损失:15.095
('----划分特征：', 568)
------划分值:0.000,左节点损失:0.000,右节点损失:17.248,总损失:17.248
------划分值:1.000,左节点损失:4.891,右节点损失:10.383,总损失:15.274
('----划分特征：', 569)
------划分值:0.000,左节点损失:0.000,右节点损失:17.248,总损失:17.248
------划分值:1.000,左节点损失:5.442,右节点损失:10.566,总损失:16.008
('----划分特征：', 570)
------划分值:0.000,左节点损失:0.000,右节点损失:17.248,总损失:17.248
------划分值:1.000,左节点损失:7.558,右节点损失:9.286,总损失:16.844
('----划分特征：', 571)
------划分值:0.000,左节点损失:0.000,右节点损失:17.248,总损失:17.248
------划分值:1.000,左节点损失:9.612,右节点损失:7.599,总损失:17.211
('----划分特征：', 572)
------划分值:1.000,左节点损失:9.805,右节点损失:7.443,总损失:17.247
------划分值:0.000,左节点损失:0.000,右节点损失:17.248,总损失:17.248
('----划分特征：', 573)
------划分值:1.000,左节点损失:9.057,右节点损失:8.191,总损失:17.248
------划分值:0.000,左节点损失:0.000,右节点损失:17.248,总损失:17.248
('----划分特征：', 574)
------划分值:1.000,左节点损失:7.859,右节点损失:9.372,总损失:17.231
------划分值:0.000,左节点损失:0.000,右节点损失:17.248,总损失:17.248
('----划分特征：', 575)
------划分值:1.000,左节点损失:6.372,右节点损失:10.717,总损失:17.088
------划分值:0.000,左节点损失:0.000,右节点损失:17.248,总损失:17.248
('----划分特征：', 576)
------划分值:1.000,左节点损失:5.294,右节点损失:11.481,总损失:16.775
------划分值:0.000,左节点损失:0.000,右节点损失:17.248,总损失:17.248
('----划分特征：', 577)
------划分值:1.000,左节点损失:5.501,右节点损失:11.015,总损失:16.517
------划分值:0.000,左节点损失:0.000,右节点损失:17.248,总损失:17.248
('----划分特征：', 578)
------划分值:0.000,左节点损失:0.000,右节点损失:17.248,总损失:17.248
------划分值:1.000,左节点损失:7.619,右节点损失:9.020,总损失:16.639
('----划分特征：', 579)
------划分值:0.000,左节点损失:0.000,右节点损失:17.248,总损失:17.248
------划分值:1.000,左节点损失:10.403,右节点损失:6.482,总损失:16.886
('----划分特征：', 580)
------划分值:0.000,左节点损失:0.000,右节点损失:17.248,总损失:17.248
------划分值:1.000,左节点损失:12.596,右节点损失:4.382,总损失:16.977
('----划分特征：', 581)
------划分值:0.000,左节点损失:0.000,右节点损失:17.248,总损失:17.248
------划分值:1.000,左节点损失:14.740,右节点损失:2.407,总损失:17.146
('----划分特征：', 582)
------划分值:0.000,左节点损失:0.000,右节点损失:17.248,总损失:17.248
------划分值:1.000,左节点损失:16.148,右节点损失:1.082,总损失:17.230
('----划分特征：', 583)
------划分值:0.000,左节点损失:0.000,右节点损失:17.248,总损失:17.248
------划分值:1.000,左节点损失:16.897,右节点损失:0.350,总损失:17.248
('----划分特征：', 584)
------划分值:0.000,左节点损失:0.000,右节点损失:17.248,总损失:17.248
------划分值:1.000,左节点损失:17.179,右节点损失:0.062,总损失:17.241
('----划分特征：', 585)
------划分值:0.000,左节点损失:0.000,右节点损失:17.248,总损失:17.248
------划分值:1.000,左节点损失:17.245,右节点损失:0.000,总损失:17.245
('----划分特征：', 586)
------划分值:0.000,左节点损失:0.000,右节点损失:17.248,总损失:17.248
------划分值:1.000,左节点损失:17.221,右节点损失:0.022,总损失:17.242
('----划分特征：', 587)
------划分值:0.000,左节点损失:0.000,右节点损失:17.248,总损失:17.248
('----划分特征：', 588)
------划分值:0.000,左节点损失:0.000,右节点损失:17.248,总损失:17.248
('----划分特征：', 589)
------划分值:0.000,左节点损失:0.000,右节点损失:17.248,总损失:17.248
('----划分特征：', 590)
------划分值:0.000,左节点损失:0.000,右节点损失:17.248,总损失:17.248
------划分值:1.000,左节点损失:17.245,右节点损失:0.000,总损失:17.245
('----划分特征：', 591)
------划分值:0.000,左节点损失:0.000,右节点损失:17.248,总损失:17.248
------划分值:1.000,左节点损失:17.204,右节点损失:0.032,总损失:17.235
('----划分特征：', 592)
------划分值:0.000,左节点损失:0.000,右节点损失:17.248,总损失:17.248
------划分值:1.000,左节点损失:16.593,右节点损失:0.650,总损失:17.243
('----划分特征：', 593)
------划分值:0.000,左节点损失:0.000,右节点损失:17.248,总损失:17.248
------划分值:1.000,左节点损失:14.702,右节点损失:2.383,总损失:17.085
('----划分特征：', 594)
------划分值:0.000,左节点损失:0.000,右节点损失:17.248,总损失:17.248
------划分值:1.000,左节点损失:11.646,右节点损失:5.027,总损失:16.674
('----划分特征：', 595)
------划分值:0.000,左节点损失:0.000,右节点损失:17.248,总损失:17.248
------划分值:1.000,左节点损失:7.701,右节点损失:8.280,总损失:15.982
('----划分特征：', 596)
------划分值:0.000,左节点损失:0.000,右节点损失:17.248,总损失:17.248
------划分值:1.000,左节点损失:5.095,右节点损失:10.493,总损失:15.589
('----划分特征：', 597)
------划分值:0.000,左节点损失:0.000,右节点损失:17.248,总损失:17.248
------划分值:1.000,左节点损失:3.544,右节点损失:12.094,总损失:15.638
('----划分特征：', 598)
------划分值:1.000,左节点损失:3.565,右节点损失:12.484,总损失:16.049
------划分值:0.000,左节点损失:0.000,右节点损失:17.248,总损失:17.248
('----划分特征：', 599)
------划分值:1.000,左节点损失:4.387,右节点损失:12.200,总损失:16.587
------划分值:0.000,左节点损失:0.000,右节点损失:17.248,总损失:17.248
('----划分特征：', 600)
------划分值:1.000,左节点损失:5.010,右节点损失:11.869,总损失:16.879
------划分值:0.000,左节点损失:0.000,右节点损失:17.248,总损失:17.248
('----划分特征：', 601)
------划分值:1.000,左节点损失:4.852,右节点损失:12.079,总损失:16.931
------划分值:0.000,左节点损失:0.000,右节点损失:17.248,总损失:17.248
('----划分特征：', 602)
------划分值:1.000,左节点损失:4.566,右节点损失:12.295,总损失:16.861
------划分值:0.000,左节点损失:0.000,右节点损失:17.248,总损失:17.248
('----划分特征：', 603)
------划分值:1.000,左节点损失:4.292,右节点损失:12.355,总损失:16.646
------划分值:0.000,左节点损失:0.000,右节点损失:17.248,总损失:17.248
('----划分特征：', 604)
------划分值:0.000,左节点损失:0.000,右节点损失:17.248,总损失:17.248
------划分值:1.000,左节点损失:5.026,右节点损失:11.453,总损失:16.478
('----划分特征：', 605)
------划分值:0.000,左节点损失:0.000,右节点损失:17.248,总损失:17.248
------划分值:1.000,左节点损失:7.611,右节点损失:9.087,总损失:16.698
('----划分特征：', 606)
------划分值:0.000,左节点损失:0.000,右节点损失:17.248,总损失:17.248
------划分值:1.000,左节点损失:10.333,右节点损失:6.604,总损失:16.938
('----划分特征：', 607)
------划分值:0.000,左节点损失:0.000,右节点损失:17.248,总损失:17.248
------划分值:1.000,左节点损失:12.705,右节点损失:4.383,总损失:17.088
('----划分特征：', 608)
------划分值:0.000,左节点损失:0.000,右节点损失:17.248,总损失:17.248
------划分值:1.000,左节点损失:14.582,右节点损失:2.596,总损失:17.179
('----划分特征：', 609)
------划分值:0.000,左节点损失:0.000,右节点损失:17.248,总损失:17.248
------划分值:1.000,左节点损失:15.944,右节点损失:1.289,总损失:17.234
('----划分特征：', 610)
------划分值:0.000,左节点损失:0.000,右节点损失:17.248,总损失:17.248
------划分值:1.000,左节点损失:16.855,右节点损失:0.389,总损失:17.244
('----划分特征：', 611)
------划分值:0.000,左节点损失:0.000,右节点损失:17.248,总损失:17.248
------划分值:1.000,左节点损失:17.146,右节点损失:0.093,总损失:17.239
('----划分特征：', 612)
------划分值:0.000,左节点损失:0.000,右节点损失:17.248,总损失:17.248
------划分值:1.000,左节点损失:17.211,右节点损失:0.031,总损失:17.242
('----划分特征：', 613)
------划分值:0.000,左节点损失:0.000,右节点损失:17.248,总损失:17.248
------划分值:1.000,左节点损失:17.245,右节点损失:0.000,总损失:17.245
('----划分特征：', 614)
------划分值:0.000,左节点损失:0.000,右节点损失:17.248,总损失:17.248
------划分值:1.000,左节点损失:17.221,右节点损失:0.016,总损失:17.237
('----划分特征：', 615)
------划分值:0.000,左节点损失:0.000,右节点损失:17.248,总损失:17.248
('----划分特征：', 616)
------划分值:0.000,左节点损失:0.000,右节点损失:17.248,总损失:17.248
('----划分特征：', 617)
------划分值:0.000,左节点损失:0.000,右节点损失:17.248,总损失:17.248
('----划分特征：', 618)
------划分值:0.000,左节点损失:0.000,右节点损失:17.248,总损失:17.248
------划分值:1.000,左节点损失:17.247,右节点损失:0.000,总损失:17.247
('----划分特征：', 619)
------划分值:0.000,左节点损失:0.000,右节点损失:17.248,总损失:17.248
------划分值:1.000,左节点损失:17.213,右节点损失:0.031,总损失:17.245
('----划分特征：', 620)
------划分值:0.000,左节点损失:0.000,右节点损失:17.248,总损失:17.248
------划分值:1.000,左节点损失:17.064,右节点损失:0.181,总损失:17.245
('----划分特征：', 621)
------划分值:0.000,左节点损失:0.000,右节点损失:17.248,总损失:17.248
------划分值:1.000,左节点损失:15.834,右节点损失:1.344,总损失:17.178
('----划分特征：', 622)
------划分值:0.000,左节点损失:0.000,右节点损失:17.248,总损失:17.248
------划分值:1.000,左节点损失:13.846,右节点损失:3.146,总损失:16.991
('----划分特征：', 623)
------划分值:1.000,左节点损失:10.846,右节点损失:5.801,总损失:16.647
------划分值:0.000,左节点损失:0.000,右节点损失:17.248,总损失:17.248
('----划分特征：', 624)
------划分值:1.000,左节点损失:7.942,右节点损失:8.410,总损失:16.352
------划分值:0.000,左节点损失:0.000,右节点损失:17.248,总损失:17.248
('----划分特征：', 625)
------划分值:1.000,左节点损失:5.053,右节点损失:10.935,总损失:15.987
------划分值:0.000,左节点损失:0.000,右节点损失:17.248,总损失:17.248
('----划分特征：', 626)
------划分值:1.000,左节点损失:3.140,右节点损失:12.777,总损失:15.917
------划分值:0.000,左节点损失:0.000,右节点损失:17.248,总损失:17.248
('----划分特征：', 627)
------划分值:1.000,左节点损失:2.766,右节点损失:13.383,总损失:16.148
------划分值:0.000,左节点损失:0.000,右节点损失:17.248,总损失:17.248
('----划分特征：', 628)
------划分值:1.000,左节点损失:2.792,右节点损失:13.516,总损失:16.308
------划分值:0.000,左节点损失:0.000,右节点损失:17.248,总损失:17.248
('----划分特征：', 629)
------划分值:1.000,左节点损失:3.397,右节点损失:13.061,总损失:16.459
------划分值:0.000,左节点损失:0.000,右节点损失:17.248,总损失:17.248
('----划分特征：', 630)
------划分值:0.000,左节点损失:0.000,右节点损失:17.248,总损失:17.248
------划分值:1.000,左节点损失:4.092,右节点损失:12.403,总损失:16.495
('----划分特征：', 631)
------划分值:0.000,左节点损失:0.000,右节点损失:17.248,总损失:17.248
------划分值:1.000,左节点损失:6.136,右节点损失:10.564,总损失:16.700
('----划分特征：', 632)
------划分值:0.000,左节点损失:0.000,右节点损失:17.248,总损失:17.248
------划分值:1.000,左节点损失:8.713,右节点损失:8.198,总损失:16.911
('----划分特征：', 633)
------划分值:0.000,左节点损失:0.000,右节点损失:17.248,总损失:17.248
------划分值:1.000,左节点损失:11.546,右节点损失:5.561,总损失:17.107
('----划分特征：', 634)
------划分值:0.000,左节点损失:0.000,右节点损失:17.248,总损失:17.248
------划分值:1.000,左节点损失:13.456,右节点损失:3.734,总损失:17.190
('----划分特征：', 635)
------划分值:0.000,左节点损失:0.000,右节点损失:17.248,总损失:17.248
------划分值:1.000,左节点损失:15.052,右节点损失:2.182,总损失:17.234
('----划分特征：', 636)
------划分值:0.000,左节点损失:0.000,右节点损失:17.248,总损失:17.248
------划分值:1.000,左节点损失:16.118,右节点损失:1.129,总损失:17.247
('----划分特征：', 637)
------划分值:0.000,左节点损失:0.000,右节点损失:17.248,总损失:17.248
------划分值:1.000,左节点损失:16.845,右节点损失:0.394,总损失:17.239
('----划分特征：', 638)
------划分值:0.000,左节点损失:0.000,右节点损失:17.248,总损失:17.248
------划分值:1.000,左节点损失:17.085,右节点损失:0.154,总损失:17.239
('----划分特征：', 639)
------划分值:0.000,左节点损失:0.000,右节点损失:17.248,总损失:17.248
------划分值:1.000,左节点损失:17.209,右节点损失:0.031,总损失:17.241
('----划分特征：', 640)
------划分值:0.000,左节点损失:0.000,右节点损失:17.248,总损失:17.248
------划分值:1.000,左节点损失:17.243,右节点损失:0.000,总损失:17.243
('----划分特征：', 641)
------划分值:0.000,左节点损失:0.000,右节点损失:17.248,总损失:17.248
------划分值:1.000,左节点损失:17.245,右节点损失:0.000,总损失:17.245
('----划分特征：', 642)
------划分值:0.000,左节点损失:0.000,右节点损失:17.248,总损失:17.248
------划分值:1.000,左节点损失:17.221,右节点损失:0.000,总损失:17.221
('----划分特征：', 643)
------划分值:0.000,左节点损失:0.000,右节点损失:17.248,总损失:17.248
('----划分特征：', 644)
------划分值:0.000,左节点损失:0.000,右节点损失:17.248,总损失:17.248
('----划分特征：', 645)
------划分值:0.000,左节点损失:0.000,右节点损失:17.248,总损失:17.248
('----划分特征：', 646)
------划分值:0.000,左节点损失:0.000,右节点损失:17.248,总损失:17.248
------划分值:1.000,左节点损失:17.247,右节点损失:0.000,总损失:17.247
('----划分特征：', 647)
------划分值:0.000,左节点损失:0.000,右节点损失:17.248,总损失:17.248
------划分值:1.000,左节点损失:17.246,右节点损失:0.000,总损失:17.246
('----划分特征：', 648)
------划分值:0.000,左节点损失:0.000,右节点损失:17.248,总损失:17.248
------划分值:1.000,左节点损失:17.186,右节点损失:0.061,总损失:17.246
('----划分特征：', 649)
------划分值:1.000,左节点损失:16.848,右节点损失:0.398,总损失:17.246
------划分值:0.000,左节点损失:0.000,右节点损失:17.248,总损失:17.248
('----划分特征：', 650)
------划分值:1.000,左节点损失:16.199,右节点损失:1.037,总损失:17.237
------划分值:0.000,左节点损失:0.000,右节点损失:17.248,总损失:17.248
('----划分特征：', 651)
------划分值:1.000,左节点损失:14.967,右节点损失:2.237,总损失:17.204
------划分值:0.000,左节点损失:0.000,右节点损失:17.248,总损失:17.248
('----划分特征：', 652)
------划分值:1.000,左节点损失:12.839,右节点损失:4.274,总损失:17.113
------划分值:0.000,左节点损失:0.000,右节点损失:17.248,总损失:17.248
('----划分特征：', 653)
------划分值:1.000,左节点损失:10.297,右节点损失:6.666,总损失:16.963
------划分值:0.000,左节点损失:0.000,右节点损失:17.248,总损失:17.248
('----划分特征：', 654)
------划分值:1.000,左节点损失:8.564,右节点损失:8.360,总损失:16.924
------划分值:0.000,左节点损失:0.000,右节点损失:17.248,总损失:17.248
('----划分特征：', 655)
------划分值:1.000,左节点损失:6.862,右节点损失:9.928,总损失:16.790
------划分值:0.000,左节点损失:0.000,右节点损失:17.248,总损失:17.248
('----划分特征：', 656)
------划分值:1.000,左节点损失:6.711,右节点损失:10.099,总损失:16.810
------划分值:0.000,左节点损失:0.000,右节点损失:17.248,总损失:17.248
('----划分特征：', 657)
------划分值:0.000,左节点损失:0.000,右节点损失:17.248,总损失:17.248
------划分值:1.000,左节点损失:7.795,右节点损失:9.164,总损失:16.959
('----划分特征：', 658)
------划分值:0.000,左节点损失:0.000,右节点损失:17.248,总损失:17.248
------划分值:1.000,左节点损失:9.736,右节点损失:7.399,总损失:17.135
('----划分特征：', 659)
------划分值:0.000,左节点损失:0.000,右节点损失:17.248,总损失:17.248
------划分值:1.000,左节点损失:11.788,右节点损失:5.423,总损失:17.212
('----划分特征：', 660)
------划分值:0.000,左节点损失:0.000,右节点损失:17.248,总损失:17.248
------划分值:1.000,左节点损失:14.030,右节点损失:3.217,总损失:17.247
('----划分特征：', 661)
------划分值:0.000,左节点损失:0.000,右节点损失:17.248,总损失:17.248
------划分值:1.000,左节点损失:15.072,右节点损失:2.174,总损失:17.246
('----划分特征：', 662)
------划分值:0.000,左节点损失:0.000,右节点损失:17.248,总损失:17.248
------划分值:1.000,左节点损失:15.941,右节点损失:1.303,总损失:17.244
('----划分特征：', 663)
------划分值:0.000,左节点损失:0.000,右节点损失:17.248,总损失:17.248
------划分值:1.000,左节点损失:16.780,右节点损失:0.433,总损失:17.213
('----划分特征：', 664)
------划分值:0.000,左节点损失:0.000,右节点损失:17.248,总损失:17.248
------划分值:1.000,左节点损失:17.006,右节点损失:0.218,总损失:17.224
('----划分特征：', 665)
------划分值:0.000,左节点损失:0.000,右节点损失:17.248,总损失:17.248
------划分值:1.000,左节点损失:17.161,右节点损失:0.063,总损失:17.225
('----划分特征：', 666)
------划分值:0.000,左节点损失:0.000,右节点损失:17.248,总损失:17.248
------划分值:1.000,左节点损失:17.205,右节点损失:0.032,总损失:17.237
('----划分特征：', 667)
------划分值:0.000,左节点损失:0.000,右节点损失:17.248,总损失:17.248
------划分值:1.000,左节点损失:17.241,右节点损失:0.000,总损失:17.241
('----划分特征：', 668)
------划分值:0.000,左节点损失:0.000,右节点损失:17.248,总损失:17.248
------划分值:1.000,左节点损失:17.247,右节点损失:0.000,总损失:17.247
('----划分特征：', 669)
------划分值:0.000,左节点损失:0.000,右节点损失:17.248,总损失:17.248
('----划分特征：', 670)
------划分值:0.000,左节点损失:0.000,右节点损失:17.248,总损失:17.248
('----划分特征：', 671)
------划分值:0.000,左节点损失:0.000,右节点损失:17.248,总损失:17.248
('----划分特征：', 672)
------划分值:0.000,左节点损失:0.000,右节点损失:17.248,总损失:17.248
('----划分特征：', 673)
------划分值:0.000,左节点损失:0.000,右节点损失:17.248,总损失:17.248
('----划分特征：', 674)
------划分值:0.000,左节点损失:0.000,右节点损失:17.248,总损失:17.248
('----划分特征：', 675)
------划分值:0.000,左节点损失:0.000,右节点损失:17.248,总损失:17.248
------划分值:1.000,左节点损失:17.247,右节点损失:0.000,总损失:17.247
('----划分特征：', 676)
------划分值:1.000,左节点损失:17.217,右节点损失:0.030,总损失:17.247
------划分值:0.000,左节点损失:0.000,右节点损失:17.248,总损失:17.248
('----划分特征：', 677)
------划分值:1.000,左节点损失:17.183,右节点损失:0.061,总损失:17.245
------划分值:0.000,左节点损失:0.000,右节点损失:17.248,总损失:17.248
('----划分特征：', 678)
------划分值:1.000,左节点损失:17.137,右节点损失:0.094,总损失:17.232
------划分值:0.000,左节点损失:0.000,右节点损失:17.248,总损失:17.248
('----划分特征：', 679)
------划分值:1.000,左节点损失:16.969,右节点损失:0.249,总损失:17.218
------划分值:0.000,左节点损失:0.000,右节点损失:17.248,总损失:17.248
('----划分特征：', 680)
------划分值:1.000,左节点损失:16.667,右节点损失:0.528,总损失:17.195
------划分值:0.000,左节点损失:0.000,右节点损失:17.248,总损失:17.248
('----划分特征：', 681)
------划分值:1.000,左节点损失:16.141,右节点损失:1.045,总损失:17.186
------划分值:0.000,左节点损失:0.000,右节点损失:17.248,总损失:17.248
('----划分特征：', 682)
------划分值:1.000,左节点损失:15.385,右节点损失:1.817,总损失:17.202
------划分值:0.000,左节点损失:0.000,右节点损失:17.248,总损失:17.248
('----划分特征：', 683)
------划分值:0.000,左节点损失:0.000,右节点损失:17.248,总损失:17.248
------划分值:1.000,左节点损失:14.925,右节点损失:2.286,总损失:17.211
('----划分特征：', 684)
------划分值:0.000,左节点损失:0.000,右节点损失:17.248,总损失:17.248
------划分值:1.000,左节点损失:14.636,右节点损失:2.593,总损失:17.229
('----划分特征：', 685)
------划分值:0.000,左节点损失:0.000,右节点损失:17.248,总损失:17.248
------划分值:1.000,左节点损失:14.823,右节点损失:2.397,总损失:17.220
('----划分特征：', 686)
------划分值:0.000,左节点损失:0.000,右节点损失:17.248,总损失:17.248
------划分值:1.000,左节点损失:15.380,右节点损失:1.819,总损失:17.198
('----划分特征：', 687)
------划分值:0.000,左节点损失:0.000,右节点损失:17.248,总损失:17.248
------划分值:1.000,左节点损失:15.970,右节点损失:1.223,总损失:17.193
('----划分特征：', 688)
------划分值:0.000,左节点损失:0.000,右节点损失:17.248,总损失:17.248
------划分值:1.000,左节点损失:16.503,右节点损失:0.682,总损失:17.184
('----划分特征：', 689)
------划分值:0.000,左节点损失:0.000,右节点损失:17.248,总损失:17.248
------划分值:1.000,左节点损失:16.842,右节点损失:0.345,总损失:17.187
('----划分特征：', 690)
------划分值:0.000,左节点损失:0.000,右节点损失:17.248,总损失:17.248
------划分值:1.000,左节点损失:17.036,右节点损失:0.158,总损失:17.194
('----划分特征：', 691)
------划分值:0.000,左节点损失:0.000,右节点损失:17.248,总损失:17.248
------划分值:1.000,左节点损失:17.142,右节点损失:0.064,总损失:17.206
('----划分特征：', 692)
------划分值:0.000,左节点损失:0.000,右节点损失:17.248,总损失:17.248
------划分值:1.000,左节点损失:17.161,右节点损失:0.063,总损失:17.224
('----划分特征：', 693)
------划分值:0.000,左节点损失:0.000,右节点损失:17.248,总损失:17.248
------划分值:1.000,左节点损失:17.205,右节点损失:0.032,总损失:17.236
('----划分特征：', 694)
------划分值:0.000,左节点损失:0.000,右节点损失:17.248,总损失:17.248
------划分值:1.000,左节点损失:17.239,右节点损失:0.000,总损失:17.239
('----划分特征：', 695)
------划分值:0.000,左节点损失:0.000,右节点损失:17.248,总损失:17.248
------划分值:1.000,左节点损失:17.244,右节点损失:0.000,总损失:17.244
('----划分特征：', 696)
------划分值:0.000,左节点损失:0.000,右节点损失:17.248,总损失:17.248
------划分值:1.000,左节点损失:17.247,右节点损失:0.000,总损失:17.247
('----划分特征：', 697)
------划分值:0.000,左节点损失:0.000,右节点损失:17.248,总损失:17.248
('----划分特征：', 698)
------划分值:0.000,左节点损失:0.000,右节点损失:17.248,总损失:17.248
('----划分特征：', 699)
------划分值:0.000,左节点损失:0.000,右节点损失:17.248,总损失:17.248
('----划分特征：', 700)
------划分值:0.000,左节点损失:0.000,右节点损失:17.248,总损失:17.248
('----划分特征：', 701)
------划分值:0.000,左节点损失:0.000,右节点损失:17.248,总损失:17.248
('----划分特征：', 702)
------划分值:0.000,左节点损失:0.000,右节点损失:17.248,总损失:17.248
('----划分特征：', 703)
------划分值:0.000,左节点损失:0.000,右节点损失:17.248,总损失:17.248
('----划分特征：', 704)
------划分值:0.000,左节点损失:0.000,右节点损失:17.248,总损失:17.248
------划分值:1.000,左节点损失:17.247,右节点损失:0.000,总损失:17.247
('----划分特征：', 705)
------划分值:0.000,左节点损失:0.000,右节点损失:17.248,总损失:17.248
------划分值:1.000,左节点损失:17.243,右节点损失:0.000,总损失:17.243
('----划分特征：', 706)
------划分值:0.000,左节点损失:0.000,右节点损失:17.248,总损失:17.248
------划分值:1.000,左节点损失:17.236,右节点损失:0.000,总损失:17.236
('----划分特征：', 707)
------划分值:0.000,左节点损失:0.000,右节点损失:17.248,总损失:17.248
------划分值:1.000,左节点损失:17.217,右节点损失:0.000,总损失:17.217
('----划分特征：', 708)
------划分值:0.000,左节点损失:0.000,右节点损失:17.248,总损失:17.248
------划分值:1.000,左节点损失:17.186,右节点损失:0.000,总损失:17.186
('----划分特征：', 709)
------划分值:0.000,左节点损失:0.000,右节点损失:17.248,总损失:17.248
------划分值:1.000,左节点损失:17.150,右节点损失:0.000,总损失:17.150
('----划分特征：', 710)
------划分值:0.000,左节点损失:0.000,右节点损失:17.248,总损失:17.248
------划分值:1.000,左节点损失:17.096,右节点损失:0.032,总损失:17.128
('----划分特征：', 711)
------划分值:0.000,左节点损失:0.000,右节点损失:17.248,总损失:17.248
------划分值:1.000,左节点损失:17.064,右节点损失:0.064,总损失:17.128
('----划分特征：', 712)
------划分值:0.000,左节点损失:0.000,右节点损失:17.248,总损失:17.248
------划分值:1.000,左节点损失:17.071,右节点损失:0.064,总损失:17.135
('----划分特征：', 713)
------划分值:0.000,左节点损失:0.000,右节点损失:17.248,总损失:17.248
------划分值:1.000,左节点损失:17.050,右节点损失:0.096,总损失:17.146
('----划分特征：', 714)
------划分值:0.000,左节点损失:0.000,右节点损失:17.248,总损失:17.248
------划分值:1.000,左节点损失:17.091,右节点损失:0.064,总损失:17.155
('----划分特征：', 715)
------划分值:0.000,左节点损失:0.000,右节点损失:17.248,总损失:17.248
------划分值:1.000,左节点损失:17.133,右节点损失:0.032,总损失:17.165
('----划分特征：', 716)
------划分值:0.000,左节点损失:0.000,右节点损失:17.248,总损失:17.248
------划分值:1.000,左节点损失:17.171,右节点损失:0.000,总损失:17.171
('----划分特征：', 717)
------划分值:0.000,左节点损失:0.000,右节点损失:17.248,总损失:17.248
------划分值:1.000,左节点损失:17.197,右节点损失:0.000,总损失:17.197
('----划分特征：', 718)
------划分值:0.000,左节点损失:0.000,右节点损失:17.248,总损失:17.248
------划分值:1.000,左节点损失:17.214,右节点损失:0.000,总损失:17.214
('----划分特征：', 719)
------划分值:0.000,左节点损失:0.000,右节点损失:17.248,总损失:17.248
------划分值:1.000,左节点损失:17.226,右节点损失:0.000,总损失:17.226
('----划分特征：', 720)
------划分值:0.000,左节点损失:0.000,右节点损失:17.248,总损失:17.248
------划分值:1.000,左节点损失:17.232,右节点损失:0.000,总损失:17.232
('----划分特征：', 721)
------划分值:0.000,左节点损失:0.000,右节点损失:17.248,总损失:17.248
------划分值:1.000,左节点损失:17.238,右节点损失:0.000,总损失:17.238
('----划分特征：', 722)
------划分值:0.000,左节点损失:0.000,右节点损失:17.248,总损失:17.248
------划分值:1.000,左节点损失:17.244,右节点损失:0.000,总损失:17.244
('----划分特征：', 723)
------划分值:0.000,左节点损失:0.000,右节点损失:17.248,总损失:17.248
------划分值:1.000,左节点损失:17.246,右节点损失:0.000,总损失:17.246
('----划分特征：', 724)
------划分值:0.000,左节点损失:0.000,右节点损失:17.248,总损失:17.248
('----划分特征：', 725)
------划分值:0.000,左节点损失:0.000,右节点损失:17.248,总损失:17.248
('----划分特征：', 726)
------划分值:0.000,左节点损失:0.000,右节点损失:17.248,总损失:17.248
('----划分特征：', 727)
------划分值:0.000,左节点损失:0.000,右节点损失:17.248,总损失:17.248
('----划分特征：', 728)
------划分值:0.000,左节点损失:0.000,右节点损失:17.248,总损失:17.248
('----划分特征：', 729)
------划分值:0.000,左节点损失:0.000,右节点损失:17.248,总损失:17.248
('----划分特征：', 730)
------划分值:0.000,左节点损失:0.000,右节点损失:17.248,总损失:17.248
('----划分特征：', 731)
------划分值:0.000,左节点损失:0.000,右节点损失:17.248,总损失:17.248
('----划分特征：', 732)
------划分值:0.000,左节点损失:0.000,右节点损失:17.248,总损失:17.248
------划分值:1.000,左节点损失:17.247,右节点损失:0.000,总损失:17.247
('----划分特征：', 733)
------划分值:0.000,左节点损失:0.000,右节点损失:17.248,总损失:17.248
------划分值:1.000,左节点损失:17.246,右节点损失:0.000,总损失:17.246
('----划分特征：', 734)
------划分值:0.000,左节点损失:0.000,右节点损失:17.248,总损失:17.248
------划分值:1.000,左节点损失:17.241,右节点损失:0.000,总损失:17.241
('----划分特征：', 735)
------划分值:0.000,左节点损失:0.000,右节点损失:17.248,总损失:17.248
------划分值:1.000,左节点损失:17.234,右节点损失:0.000,总损失:17.234
('----划分特征：', 736)
------划分值:0.000,左节点损失:0.000,右节点损失:17.248,总损失:17.248
------划分值:1.000,左节点损失:17.220,右节点损失:0.000,总损失:17.220
('----划分特征：', 737)
------划分值:0.000,左节点损失:0.000,右节点损失:17.248,总损失:17.248
------划分值:1.000,左节点损失:17.209,右节点损失:0.000,总损失:17.209
('----划分特征：', 738)
------划分值:0.000,左节点损失:0.000,右节点损失:17.248,总损失:17.248
------划分值:1.000,左节点损失:17.202,右节点损失:0.000,总损失:17.202
('----划分特征：', 739)
------划分值:0.000,左节点损失:0.000,右节点损失:17.248,总损失:17.248
------划分值:1.000,左节点损失:17.202,右节点损失:0.000,总损失:17.202
('----划分特征：', 740)
------划分值:0.000,左节点损失:0.000,右节点损失:17.248,总损失:17.248
------划分值:1.000,左节点损失:17.208,右节点损失:0.000,总损失:17.208
('----划分特征：', 741)
------划分值:0.000,左节点损失:0.000,右节点损失:17.248,总损失:17.248
------划分值:1.000,左节点损失:17.210,右节点损失:0.000,总损失:17.210
('----划分特征：', 742)
------划分值:0.000,左节点损失:0.000,右节点损失:17.248,总损失:17.248
------划分值:1.000,左节点损失:17.211,右节点损失:0.000,总损失:17.211
('----划分特征：', 743)
------划分值:0.000,左节点损失:0.000,右节点损失:17.248,总损失:17.248
------划分值:1.000,左节点损失:17.220,右节点损失:0.000,总损失:17.220
('----划分特征：', 744)
------划分值:0.000,左节点损失:0.000,右节点损失:17.248,总损失:17.248
------划分值:1.000,左节点损失:17.222,右节点损失:0.000,总损失:17.222
('----划分特征：', 745)
------划分值:0.000,左节点损失:0.000,右节点损失:17.248,总损失:17.248
------划分值:1.000,左节点损失:17.227,右节点损失:0.000,总损失:17.227
('----划分特征：', 746)
------划分值:0.000,左节点损失:0.000,右节点损失:17.248,总损失:17.248
------划分值:1.000,左节点损失:17.234,右节点损失:0.000,总损失:17.234
('----划分特征：', 747)
------划分值:0.000,左节点损失:0.000,右节点损失:17.248,总损失:17.248
------划分值:1.000,左节点损失:17.239,右节点损失:0.000,总损失:17.239
('----划分特征：', 748)
------划分值:0.000,左节点损失:0.000,右节点损失:17.248,总损失:17.248
------划分值:1.000,左节点损失:17.243,右节点损失:0.000,总损失:17.243
('----划分特征：', 749)
------划分值:0.000,左节点损失:0.000,右节点损失:17.248,总损失:17.248
------划分值:1.000,左节点损失:17.245,右节点损失:0.000,总损失:17.245
('----划分特征：', 750)
------划分值:0.000,左节点损失:0.000,右节点损失:17.248,总损失:17.248
------划分值:1.000,左节点损失:17.247,右节点损失:0.000,总损失:17.247
('----划分特征：', 751)
------划分值:0.000,左节点损失:0.000,右节点损失:17.248,总损失:17.248
------划分值:1.000,左节点损失:17.247,右节点损失:0.000,总损失:17.247
('----划分特征：', 752)
------划分值:0.000,左节点损失:0.000,右节点损失:17.248,总损失:17.248
('----划分特征：', 753)
------划分值:0.000,左节点损失:0.000,右节点损失:17.248,总损失:17.248
('----划分特征：', 754)
------划分值:0.000,左节点损失:0.000,右节点损失:17.248,总损失:17.248
('----划分特征：', 755)
------划分值:0.000,左节点损失:0.000,右节点损失:17.248,总损失:17.248
('----划分特征：', 756)
------划分值:0.000,左节点损失:0.000,右节点损失:17.248,总损失:17.248
('----划分特征：', 757)
------划分值:0.000,左节点损失:0.000,右节点损失:17.248,总损失:17.248
('----划分特征：', 758)
------划分值:0.000,左节点损失:0.000,右节点损失:17.248,总损失:17.248
('----划分特征：', 759)
------划分值:0.000,左节点损失:0.000,右节点损失:17.248,总损失:17.248
('----划分特征：', 760)
------划分值:0.000,左节点损失:0.000,右节点损失:17.248,总损失:17.248
('----划分特征：', 761)
------划分值:0.000,左节点损失:0.000,右节点损失:17.248,总损失:17.248
------划分值:1.000,左节点损失:17.247,右节点损失:0.000,总损失:17.247
('----划分特征：', 762)
------划分值:0.000,左节点损失:0.000,右节点损失:17.248,总损失:17.248
------划分值:1.000,左节点损失:17.247,右节点损失:0.000,总损失:17.247
('----划分特征：', 763)
------划分值:0.000,左节点损失:0.000,右节点损失:17.248,总损失:17.248
------划分值:1.000,左节点损失:17.247,右节点损失:0.000,总损失:17.247
('----划分特征：', 764)
------划分值:0.000,左节点损失:0.000,右节点损失:17.248,总损失:17.248
------划分值:1.000,左节点损失:17.247,右节点损失:0.000,总损失:17.247
('----划分特征：', 765)
------划分值:0.000,左节点损失:0.000,右节点损失:17.248,总损失:17.248
------划分值:1.000,左节点损失:17.246,右节点损失:0.000,总损失:17.246
('----划分特征：', 766)
------划分值:0.000,左节点损失:0.000,右节点损失:17.248,总损失:17.248
------划分值:1.000,左节点损失:17.245,右节点损失:0.000,总损失:17.245
('----划分特征：', 767)
------划分值:0.000,左节点损失:0.000,右节点损失:17.248,总损失:17.248
------划分值:1.000,左节点损失:17.244,右节点损失:0.000,总损失:17.244
('----划分特征：', 768)
------划分值:0.000,左节点损失:0.000,右节点损失:17.248,总损失:17.248
------划分值:1.000,左节点损失:17.242,右节点损失:0.000,总损失:17.242
('----划分特征：', 769)
------划分值:0.000,左节点损失:0.000,右节点损失:17.248,总损失:17.248
------划分值:1.000,左节点损失:17.242,右节点损失:0.000,总损失:17.242
('----划分特征：', 770)
------划分值:0.000,左节点损失:0.000,右节点损失:17.248,总损失:17.248
------划分值:1.000,左节点损失:17.243,右节点损失:0.000,总损失:17.243
('----划分特征：', 771)
------划分值:0.000,左节点损失:0.000,右节点损失:17.248,总损失:17.248
------划分值:1.000,左节点损失:17.244,右节点损失:0.000,总损失:17.244
('----划分特征：', 772)
------划分值:0.000,左节点损失:0.000,右节点损失:17.248,总损失:17.248
------划分值:1.000,左节点损失:17.244,右节点损失:0.000,总损失:17.244
('----划分特征：', 773)
------划分值:0.000,左节点损失:0.000,右节点损失:17.248,总损失:17.248
------划分值:1.000,左节点损失:17.246,右节点损失:0.000,总损失:17.246
('----划分特征：', 774)
------划分值:0.000,左节点损失:0.000,右节点损失:17.248,总损失:17.248
------划分值:1.000,左节点损失:17.246,右节点损失:0.000,总损失:17.246
('----划分特征：', 775)
------划分值:0.000,左节点损失:0.000,右节点损失:17.248,总损失:17.248
------划分值:1.000,左节点损失:17.247,右节点损失:0.000,总损失:17.247
('----划分特征：', 776)
------划分值:0.000,左节点损失:0.000,右节点损失:17.248,总损失:17.248
------划分值:1.000,左节点损失:17.247,右节点损失:0.000,总损失:17.247
('----划分特征：', 777)
------划分值:0.000,左节点损失:0.000,右节点损失:17.248,总损失:17.248
------划分值:1.000,左节点损失:17.247,右节点损失:0.000,总损失:17.247
('----划分特征：', 778)
------划分值:0.000,左节点损失:0.000,右节点损失:17.248,总损失:17.248
('----划分特征：', 779)
------划分值:0.000,左节点损失:0.000,右节点损失:17.248,总损失:17.248
('----划分特征：', 780)
------划分值:0.000,左节点损失:0.000,右节点损失:17.248,总损失:17.248
('----划分特征：', 781)
------划分值:0.000,左节点损失:0.000,右节点损失:17.248,总损失:17.248
('----划分特征：', 782)
------划分值:0.000,左节点损失:0.000,右节点损失:17.248,总损失:17.248
('----划分特征：', 783)
------划分值:0.000,左节点损失:0.000,右节点损失:17.248,总损失:17.248
('----划分特征：', 'label')
------划分值:0.000,左节点损失:0.000,右节点损失:17.248,总损失:17.248
------划分值:1.000,左节点损失:0.000,右节点损失:0.000,总损失:0.000
('----划分特征：', 'f_0')
------划分值:-2.212,左节点损失:0.000,右节点损失:17.248,总损失:17.248
('----划分特征：', 'res_1')
------划分值:-0.099,左节点损失:0.000,右节点损失:17.248,总损失:17.248
------划分值:0.901,左节点损失:0.000,右节点损失:0.000,总损失:0.000
('----划分特征：', 'f_1')
------划分值:-2.323,左节点损失:0.000,右节点损失:17.248,总损失:17.248
------划分值:-1.199,左节点损失:0.000,右节点损失:0.000,总损失:0.000
('----划分特征：', 'res_2')
------划分值:-0.089,左节点损失:0.000,右节点损失:17.248,总损失:17.248
------划分值:0.768,左节点损失:0.000,右节点损失:0.000,总损失:0.000
('----划分特征：', 'f_2')
------划分值:-2.433,左节点损失:0.000,右节点损失:17.248,总损失:17.248
------划分值:-0.767,左节点损失:0.000,右节点损失:0.000,总损失:0.000
('----划分特征：', 'res_3')
------划分值:-0.081,左节点损失:0.000,右节点损失:17.248,总损失:17.248
------划分值:0.683,左节点损失:0.000,右节点损失:0.000,总损失:0.000
('----划分特征：', 'f_3')
------划分值:-2.542,左节点损失:0.000,右节点损失:17.248,总损失:17.248
------划分值:-0.452,左节点损失:0.000,右节点损失:0.000,总损失:0.000
('----划分特征：', 'res_4')
------划分值:-0.073,左节点损失:0.000,右节点损失:17.248,总损失:17.248
------划分值:0.611,左节点损失:0.000,右节点损失:0.000,总损失:0.000
('----划分特征：', 'f_4')
------划分值:-2.650,左节点损失:0.000,右节点损失:17.248,总损失:17.248
------划分值:-0.195,左节点损失:0.000,右节点损失:0.000,总损失:0.000
('----划分特征：', 'res_5')
------划分值:-0.066,左节点损失:0.000,右节点损失:17.248,总损失:17.248
------划分值:0.549,左节点损失:0.000,右节点损失:0.000,总损失:0.000
('----划分特征：', 'f_5')
------划分值:-2.757,左节点损失:0.000,右节点损失:17.248,总损失:17.248
------划分值:0.027,左节点损失:0.000,右节点损失:0.000,总损失:0.000
('----划分特征：', 'res_6')
------划分值:-0.060,左节点损失:0.000,右节点损失:17.248,总损失:17.248
------划分值:0.493,左节点损失:0.000,右节点损失:0.000,总损失:0.000
('----划分特征：', 'f_6')
------划分值:-2.863,左节点损失:0.000,右节点损失:17.248,总损失:17.248
------划分值:0.224,左节点损失:0.000,右节点损失:0.000,总损失:0.000
('----划分特征：', 'res_7')
------划分值:-0.054,左节点损失:0.000,右节点损失:17.248,总损失:17.248
------划分值:0.444,左节点损失:0.000,右节点损失:0.000,总损失:0.000
('----划分特征：', 'f_7')
------划分值:-2.969,左节点损失:0.000,右节点损失:17.248,总损失:17.248
------划分值:0.404,左节点损失:0.000,右节点损失:0.000,总损失:0.000
('----划分特征：', 'res_8')
------划分值:-0.049,左节点损失:0.000,右节点损失:17.248,总损失:17.248
------划分值:0.400,左节点损失:0.000,右节点损失:0.000,总损失:0.000
('----划分特征：', 'f_8')
------划分值:-3.074,左节点损失:0.000,右节点损失:17.248,总损失:17.248
------划分值:0.571,左节点损失:0.000,右节点损失:0.000,总损失:0.000
('----划分特征：', 'res_9')
------划分值:-0.044,左节点损失:0.000,右节点损失:17.248,总损失:17.248
------划分值:0.361,左节点损失:0.000,右节点损失:0.000,总损失:0.000
('----划分特征：', 'f_9')
------划分值:-3.178,左节点损失:0.000,右节点损失:17.248,总损失:17.248
------划分值:0.727,左节点损失:0.000,右节点损失:0.000,总损失:0.000
('----划分特征：', 'res_10')
------划分值:-0.040,左节点损失:0.000,右节点损失:17.248,总损失:17.248
------划分值:0.326,左节点损失:0.000,右节点损失:0.000,总损失:0.000
('--最佳划分特征：', 'label')
('--最佳划分值：', 1)
('叶子节点预测值：', -1.020236956896985)
('叶子节点预测值：', 1.1904090203160678)
第17棵树: log-likelihood:2.9120
