-----------------------------构建第27颗树-----------------------------
--树的深度：0
('----划分特征：', 1)
------划分值:0.000,左节点损失:0.000,右节点损失:2.310,总损失:2.310
('----划分特征：', 2)
------划分值:0.000,左节点损失:0.000,右节点损失:2.310,总损失:2.310
('----划分特征：', 3)
------划分值:0.000,左节点损失:0.000,右节点损失:2.310,总损失:2.310
('----划分特征：', 4)
------划分值:0.000,左节点损失:0.000,右节点损失:2.310,总损失:2.310
('----划分特征：', 5)
------划分值:0.000,左节点损失:0.000,右节点损失:2.310,总损失:2.310
('----划分特征：', 6)
------划分值:0.000,左节点损失:0.000,右节点损失:2.310,总损失:2.310
('----划分特征：', 7)
------划分值:0.000,左节点损失:0.000,右节点损失:2.310,总损失:2.310
('----划分特征：', 8)
------划分值:0.000,左节点损失:0.000,右节点损失:2.310,总损失:2.310
('----划分特征：', 9)
------划分值:0.000,左节点损失:0.000,右节点损失:2.310,总损失:2.310
('----划分特征：', 10)
------划分值:0.000,左节点损失:0.000,右节点损失:2.310,总损失:2.310
('----划分特征：', 11)
------划分值:0.000,左节点损失:0.000,右节点损失:2.310,总损失:2.310
('----划分特征：', 12)
------划分值:0.000,左节点损失:0.000,右节点损失:2.310,总损失:2.310
('----划分特征：', 13)
------划分值:0.000,左节点损失:0.000,右节点损失:2.310,总损失:2.310
('----划分特征：', 14)
------划分值:0.000,左节点损失:0.000,右节点损失:2.310,总损失:2.310
('----划分特征：', 15)
------划分值:0.000,左节点损失:0.000,右节点损失:2.310,总损失:2.310
('----划分特征：', 16)
------划分值:0.000,左节点损失:0.000,右节点损失:2.310,总损失:2.310
('----划分特征：', 17)
------划分值:0.000,左节点损失:0.000,右节点损失:2.310,总损失:2.310
('----划分特征：', 18)
------划分值:0.000,左节点损失:0.000,右节点损失:2.310,总损失:2.310
('----划分特征：', 19)
------划分值:0.000,左节点损失:0.000,右节点损失:2.310,总损失:2.310
('----划分特征：', 20)
------划分值:0.000,左节点损失:0.000,右节点损失:2.310,总损失:2.310
('----划分特征：', 21)
------划分值:0.000,左节点损失:0.000,右节点损失:2.310,总损失:2.310
('----划分特征：', 22)
------划分值:0.000,左节点损失:0.000,右节点损失:2.310,总损失:2.310
('----划分特征：', 23)
------划分值:0.000,左节点损失:0.000,右节点损失:2.310,总损失:2.310
('----划分特征：', 24)
------划分值:0.000,左节点损失:0.000,右节点损失:2.310,总损失:2.310
('----划分特征：', 25)
------划分值:0.000,左节点损失:0.000,右节点损失:2.310,总损失:2.310
('----划分特征：', 26)
------划分值:0.000,左节点损失:0.000,右节点损失:2.310,总损失:2.310
('----划分特征：', 27)
------划分值:0.000,左节点损失:0.000,右节点损失:2.310,总损失:2.310
('----划分特征：', 28)
------划分值:0.000,左节点损失:0.000,右节点损失:2.310,总损失:2.310
('----划分特征：', 29)
------划分值:0.000,左节点损失:0.000,右节点损失:2.310,总损失:2.310
('----划分特征：', 30)
------划分值:0.000,左节点损失:0.000,右节点损失:2.310,总损失:2.310
('----划分特征：', 31)
------划分值:0.000,左节点损失:0.000,右节点损失:2.310,总损失:2.310
('----划分特征：', 32)
------划分值:0.000,左节点损失:0.000,右节点损失:2.310,总损失:2.310
('----划分特征：', 33)
------划分值:0.000,左节点损失:0.000,右节点损失:2.310,总损失:2.310
('----划分特征：', 34)
------划分值:0.000,左节点损失:0.000,右节点损失:2.310,总损失:2.310
('----划分特征：', 35)
------划分值:0.000,左节点损失:0.000,右节点损失:2.310,总损失:2.310
('----划分特征：', 36)
------划分值:0.000,左节点损失:0.000,右节点损失:2.310,总损失:2.310
------划分值:1.000,左节点损失:2.310,右节点损失:0.000,总损失:2.310
('----划分特征：', 37)
------划分值:0.000,左节点损失:0.000,右节点损失:2.310,总损失:2.310
------划分值:1.000,左节点损失:2.310,右节点损失:0.000,总损失:2.310
('----划分特征：', 38)
------划分值:0.000,左节点损失:0.000,右节点损失:2.310,总损失:2.310
------划分值:1.000,左节点损失:2.310,右节点损失:0.000,总损失:2.310
('----划分特征：', 39)
------划分值:0.000,左节点损失:0.000,右节点损失:2.310,总损失:2.310
------划分值:1.000,左节点损失:2.310,右节点损失:0.000,总损失:2.310
('----划分特征：', 40)
------划分值:0.000,左节点损失:0.000,右节点损失:2.310,总损失:2.310
------划分值:1.000,左节点损失:2.310,右节点损失:0.000,总损失:2.310
('----划分特征：', 41)
------划分值:0.000,左节点损失:0.000,右节点损失:2.310,总损失:2.310
------划分值:1.000,左节点损失:2.310,右节点损失:0.000,总损失:2.310
('----划分特征：', 42)
------划分值:0.000,左节点损失:0.000,右节点损失:2.310,总损失:2.310
------划分值:1.000,左节点损失:2.310,右节点损失:0.000,总损失:2.310
('----划分特征：', 43)
------划分值:0.000,左节点损失:0.000,右节点损失:2.310,总损失:2.310
------划分值:1.000,左节点损失:2.310,右节点损失:0.000,总损失:2.310
('----划分特征：', 44)
------划分值:0.000,左节点损失:0.000,右节点损失:2.310,总损失:2.310
------划分值:1.000,左节点损失:2.310,右节点损失:0.000,总损失:2.310
('----划分特征：', 45)
------划分值:0.000,左节点损失:0.000,右节点损失:2.310,总损失:2.310
------划分值:1.000,左节点损失:2.310,右节点损失:0.000,总损失:2.310
('----划分特征：', 46)
------划分值:0.000,左节点损失:0.000,右节点损失:2.310,总损失:2.310
------划分值:1.000,左节点损失:2.310,右节点损失:0.000,总损失:2.310
('----划分特征：', 47)
------划分值:0.000,左节点损失:0.000,右节点损失:2.310,总损失:2.310
------划分值:1.000,左节点损失:2.310,右节点损失:0.000,总损失:2.310
('----划分特征：', 48)
------划分值:0.000,左节点损失:0.000,右节点损失:2.310,总损失:2.310
------划分值:1.000,左节点损失:2.310,右节点损失:0.000,总损失:2.310
('----划分特征：', 49)
------划分值:0.000,左节点损失:0.000,右节点损失:2.310,总损失:2.310
------划分值:1.000,左节点损失:2.310,右节点损失:0.000,总损失:2.310
('----划分特征：', 50)
------划分值:0.000,左节点损失:0.000,右节点损失:2.310,总损失:2.310
------划分值:1.000,左节点损失:2.310,右节点损失:0.000,总损失:2.310
('----划分特征：', 51)
------划分值:0.000,左节点损失:0.000,右节点损失:2.310,总损失:2.310
('----划分特征：', 52)
------划分值:0.000,左节点损失:0.000,右节点损失:2.310,总损失:2.310
('----划分特征：', 53)
------划分值:0.000,左节点损失:0.000,右节点损失:2.310,总损失:2.310
('----划分特征：', 54)
------划分值:0.000,左节点损失:0.000,右节点损失:2.310,总损失:2.310
('----划分特征：', 55)
------划分值:0.000,左节点损失:0.000,右节点损失:2.310,总损失:2.310
('----划分特征：', 56)
------划分值:0.000,左节点损失:0.000,右节点损失:2.310,总损失:2.310
('----划分特征：', 57)
------划分值:0.000,左节点损失:0.000,右节点损失:2.310,总损失:2.310
('----划分特征：', 58)
------划分值:0.000,左节点损失:0.000,右节点损失:2.310,总损失:2.310
('----划分特征：', 59)
------划分值:0.000,左节点损失:0.000,右节点损失:2.310,总损失:2.310
('----划分特征：', 60)
------划分值:0.000,左节点损失:0.000,右节点损失:2.310,总损失:2.310
('----划分特征：', 61)
------划分值:0.000,左节点损失:0.000,右节点损失:2.310,总损失:2.310
('----划分特征：', 62)
------划分值:0.000,左节点损失:0.000,右节点损失:2.310,总损失:2.310
('----划分特征：', 63)
------划分值:0.000,左节点损失:0.000,右节点损失:2.310,总损失:2.310
('----划分特征：', 64)
------划分值:0.000,左节点损失:0.000,右节点损失:2.310,总损失:2.310
------划分值:1.000,左节点损失:2.310,右节点损失:0.000,总损失:2.310
('----划分特征：', 65)
------划分值:0.000,左节点损失:0.000,右节点损失:2.310,总损失:2.310
------划分值:1.000,左节点损失:2.309,右节点损失:0.000,总损失:2.309
('----划分特征：', 66)
------划分值:0.000,左节点损失:0.000,右节点损失:2.310,总损失:2.310
------划分值:1.000,左节点损失:2.309,右节点损失:0.000,总损失:2.309
('----划分特征：', 67)
------划分值:0.000,左节点损失:0.000,右节点损失:2.310,总损失:2.310
------划分值:1.000,左节点损失:2.309,右节点损失:0.000,总损失:2.309
('----划分特征：', 68)
------划分值:0.000,左节点损失:0.000,右节点损失:2.310,总损失:2.310
------划分值:1.000,左节点损失:2.309,右节点损失:0.000,总损失:2.309
('----划分特征：', 69)
------划分值:0.000,左节点损失:0.000,右节点损失:2.310,总损失:2.310
------划分值:1.000,左节点损失:2.308,右节点损失:0.000,总损失:2.308
('----划分特征：', 70)
------划分值:0.000,左节点损失:0.000,右节点损失:2.310,总损失:2.310
------划分值:1.000,左节点损失:2.307,右节点损失:0.000,总损失:2.307
('----划分特征：', 71)
------划分值:0.000,左节点损失:0.000,右节点损失:2.310,总损失:2.310
------划分值:1.000,左节点损失:2.307,右节点损失:0.000,总损失:2.307
('----划分特征：', 72)
------划分值:0.000,左节点损失:0.000,右节点损失:2.310,总损失:2.310
------划分值:1.000,左节点损失:2.305,右节点损失:0.000,总损失:2.305
('----划分特征：', 73)
------划分值:0.000,左节点损失:0.000,右节点损失:2.310,总损失:2.310
------划分值:1.000,左节点损失:2.305,右节点损失:0.000,总损失:2.305
('----划分特征：', 74)
------划分值:0.000,左节点损失:0.000,右节点损失:2.310,总损失:2.310
------划分值:1.000,左节点损失:2.306,右节点损失:0.000,总损失:2.306
('----划分特征：', 75)
------划分值:0.000,左节点损失:0.000,右节点损失:2.310,总损失:2.310
------划分值:1.000,左节点损失:2.307,右节点损失:0.000,总损失:2.307
('----划分特征：', 76)
------划分值:0.000,左节点损失:0.000,右节点损失:2.310,总损失:2.310
------划分值:1.000,左节点损失:2.309,右节点损失:0.000,总损失:2.309
('----划分特征：', 77)
------划分值:0.000,左节点损失:0.000,右节点损失:2.310,总损失:2.310
------划分值:1.000,左节点损失:2.309,右节点损失:0.000,总损失:2.309
('----划分特征：', 78)
------划分值:0.000,左节点损失:0.000,右节点损失:2.310,总损失:2.310
------划分值:1.000,左节点损失:2.310,右节点损失:0.000,总损失:2.310
('----划分特征：', 79)
------划分值:0.000,左节点损失:0.000,右节点损失:2.310,总损失:2.310
------划分值:1.000,左节点损失:2.310,右节点损失:0.000,总损失:2.310
('----划分特征：', 80)
------划分值:0.000,左节点损失:0.000,右节点损失:2.310,总损失:2.310
('----划分特征：', 81)
------划分值:0.000,左节点损失:0.000,右节点损失:2.310,总损失:2.310
('----划分特征：', 82)
------划分值:0.000,左节点损失:0.000,右节点损失:2.310,总损失:2.310
('----划分特征：', 83)
------划分值:0.000,左节点损失:0.000,右节点损失:2.310,总损失:2.310
('----划分特征：', 84)
------划分值:0.000,左节点损失:0.000,右节点损失:2.310,总损失:2.310
('----划分特征：', 85)
------划分值:0.000,左节点损失:0.000,右节点损失:2.310,总损失:2.310
('----划分特征：', 86)
------划分值:0.000,左节点损失:0.000,右节点损失:2.310,总损失:2.310
('----划分特征：', 87)
------划分值:0.000,左节点损失:0.000,右节点损失:2.310,总损失:2.310
('----划分特征：', 88)
------划分值:0.000,左节点损失:0.000,右节点损失:2.310,总损失:2.310
('----划分特征：', 89)
------划分值:0.000,左节点损失:0.000,右节点损失:2.310,总损失:2.310
------划分值:1.000,左节点损失:2.310,右节点损失:0.000,总损失:2.310
('----划分特征：', 90)
------划分值:0.000,左节点损失:0.000,右节点损失:2.310,总损失:2.310
------划分值:1.000,左节点损失:2.310,右节点损失:0.000,总损失:2.310
('----划分特征：', 91)
------划分值:0.000,左节点损失:0.000,右节点损失:2.310,总损失:2.310
------划分值:1.000,左节点损失:2.309,右节点损失:0.000,总损失:2.309
('----划分特征：', 92)
------划分值:0.000,左节点损失:0.000,右节点损失:2.310,总损失:2.310
------划分值:1.000,左节点损失:2.309,右节点损失:0.000,总损失:2.309
('----划分特征：', 93)
------划分值:0.000,左节点损失:0.000,右节点损失:2.310,总损失:2.310
------划分值:1.000,左节点损失:2.308,右节点损失:0.000,总损失:2.308
('----划分特征：', 94)
------划分值:0.000,左节点损失:0.000,右节点损失:2.310,总损失:2.310
------划分值:1.000,左节点损失:2.307,右节点损失:0.000,总损失:2.307
('----划分特征：', 95)
------划分值:0.000,左节点损失:0.000,右节点损失:2.310,总损失:2.310
------划分值:1.000,左节点损失:2.302,右节点损失:0.004,总损失:2.306
('----划分特征：', 96)
------划分值:0.000,左节点损失:0.000,右节点损失:2.310,总损失:2.310
------划分值:1.000,左节点损失:2.290,右节点损失:0.017,总损失:2.307
('----划分特征：', 97)
------划分值:0.000,左节点损失:0.000,右节点损失:2.310,总损失:2.310
------划分值:1.000,左节点损失:2.277,右节点损失:0.029,总损失:2.306
('----划分特征：', 98)
------划分值:0.000,左节点损失:0.000,右节点损失:2.310,总损失:2.310
------划分值:1.000,左节点损失:2.264,右节点损失:0.042,总损失:2.306
('----划分特征：', 99)
------划分值:0.000,左节点损失:0.000,右节点损失:2.310,总损失:2.310
------划分值:1.000,左节点损失:2.258,右节点损失:0.046,总损失:2.304
('----划分特征：', 100)
------划分值:0.000,左节点损失:0.000,右节点损失:2.310,总损失:2.310
------划分值:1.000,左节点损失:2.263,右节点损失:0.038,总损失:2.301
('----划分特征：', 101)
------划分值:0.000,左节点损失:0.000,右节点损失:2.310,总损失:2.310
------划分值:1.000,左节点损失:2.267,右节点损失:0.034,总损失:2.301
('----划分特征：', 102)
------划分值:0.000,左节点损失:0.000,右节点损失:2.310,总损失:2.310
------划分值:1.000,左节点损失:2.285,右节点损失:0.017,总损失:2.302
('----划分特征：', 103)
------划分值:0.000,左节点损失:0.000,右节点损失:2.310,总损失:2.310
------划分值:1.000,左节点损失:2.285,右节点损失:0.021,总损失:2.306
('----划分特征：', 104)
------划分值:0.000,左节点损失:0.000,右节点损失:2.310,总损失:2.310
------划分值:1.000,左节点损失:2.299,右节点损失:0.008,总损失:2.307
('----划分特征：', 105)
------划分值:0.000,左节点损失:0.000,右节点损失:2.310,总损失:2.310
------划分值:1.000,左节点损失:2.308,右节点损失:0.000,总损失:2.308
('----划分特征：', 106)
------划分值:0.000,左节点损失:0.000,右节点损失:2.310,总损失:2.310
------划分值:1.000,左节点损失:2.309,右节点损失:0.000,总损失:2.309
('----划分特征：', 107)
------划分值:0.000,左节点损失:0.000,右节点损失:2.310,总损失:2.310
------划分值:1.000,左节点损失:2.310,右节点损失:0.000,总损失:2.310
('----划分特征：', 108)
------划分值:0.000,左节点损失:0.000,右节点损失:2.310,总损失:2.310
------划分值:1.000,左节点损失:2.310,右节点损失:0.000,总损失:2.310
('----划分特征：', 109)
------划分值:0.000,左节点损失:0.000,右节点损失:2.310,总损失:2.310
('----划分特征：', 110)
------划分值:0.000,左节点损失:0.000,右节点损失:2.310,总损失:2.310
('----划分特征：', 111)
------划分值:0.000,左节点损失:0.000,右节点损失:2.310,总损失:2.310
('----划分特征：', 112)
------划分值:0.000,左节点损失:0.000,右节点损失:2.310,总损失:2.310
('----划分特征：', 113)
------划分值:0.000,左节点损失:0.000,右节点损失:2.310,总损失:2.310
('----划分特征：', 114)
------划分值:0.000,左节点损失:0.000,右节点损失:2.310,总损失:2.310
('----划分特征：', 115)
------划分值:0.000,左节点损失:0.000,右节点损失:2.310,总损失:2.310
('----划分特征：', 116)
------划分值:0.000,左节点损失:0.000,右节点损失:2.310,总损失:2.310
------划分值:1.000,左节点损失:2.310,右节点损失:0.000,总损失:2.310
('----划分特征：', 117)
------划分值:0.000,左节点损失:0.000,右节点损失:2.310,总损失:2.310
------划分值:1.000,左节点损失:2.309,右节点损失:0.000,总损失:2.309
('----划分特征：', 118)
------划分值:0.000,左节点损失:0.000,右节点损失:2.310,总损失:2.310
------划分值:1.000,左节点损失:2.309,右节点损失:0.000,总损失:2.309
('----划分特征：', 119)
------划分值:0.000,左节点损失:0.000,右节点损失:2.310,总损失:2.310
------划分值:1.000,左节点损失:2.308,右节点损失:0.000,总损失:2.308
('----划分特征：', 120)
------划分值:0.000,左节点损失:0.000,右节点损失:2.310,总损失:2.310
------划分值:1.000,左节点损失:2.306,右节点损失:0.000,总损失:2.306
('----划分特征：', 121)
------划分值:0.000,左节点损失:0.000,右节点损失:2.310,总损失:2.310
------划分值:1.000,左节点损失:2.293,右节点损失:0.013,总损失:2.306
('----划分特征：', 122)
------划分值:0.000,左节点损失:0.000,右节点损失:2.310,总损失:2.310
------划分值:1.000,左节点损失:2.260,右节点损失:0.046,总损失:2.306
('----划分特征：', 123)
------划分值:0.000,左节点损失:0.000,右节点损失:2.310,总损失:2.310
------划分值:1.000,左节点损失:2.206,右节点损失:0.101,总损失:2.307
('----划分特征：', 124)
------划分值:0.000,左节点损失:0.000,右节点损失:2.310,总损失:2.310
------划分值:1.000,左节点损失:2.084,右节点损失:0.226,总损失:2.310
('----划分特征：', 125)
------划分值:0.000,左节点损失:0.000,右节点损失:2.310,总损失:2.310
------划分值:1.000,左节点损失:1.911,右节点损失:0.393,总损失:2.305
('----划分特征：', 126)
------划分值:0.000,左节点损失:0.000,右节点损失:2.310,总损失:2.310
------划分值:1.000,左节点损失:1.858,右节点损失:0.449,总损失:2.307
('----划分特征：', 127)
------划分值:0.000,左节点损失:0.000,右节点损失:2.310,总损失:2.310
------划分值:1.000,左节点损失:1.747,右节点损失:0.556,总损失:2.303
('----划分特征：', 128)
------划分值:0.000,左节点损失:0.000,右节点损失:2.310,总损失:2.310
------划分值:1.000,左节点损失:1.693,右节点损失:0.606,总损失:2.299
('----划分特征：', 129)
------划分值:0.000,左节点损失:0.000,右节点损失:2.310,总损失:2.310
------划分值:1.000,左节点损失:1.742,右节点损失:0.557,总损失:2.299
('----划分特征：', 130)
------划分值:0.000,左节点损失:0.000,右节点损失:2.310,总损失:2.310
------划分值:1.000,左节点损失:1.824,右节点损失:0.473,总损失:2.298
('----划分特征：', 131)
------划分值:0.000,左节点损失:0.000,右节点损失:2.310,总损失:2.310
------划分值:1.000,左节点损失:1.928,右节点损失:0.368,总损失:2.296
('----划分特征：', 132)
------划分值:0.000,左节点损失:0.000,右节点损失:2.310,总损失:2.310
------划分值:1.000,左节点损失:2.060,右节点损失:0.240,总损失:2.300
('----划分特征：', 133)
------划分值:0.000,左节点损失:0.000,右节点损失:2.310,总损失:2.310
------划分值:1.000,左节点损失:2.197,右节点损失:0.109,总损失:2.307
('----划分特征：', 134)
------划分值:0.000,左节点损失:0.000,右节点损失:2.310,总损失:2.310
------划分值:1.000,左节点损失:2.267,右节点损失:0.043,总损失:2.310
('----划分特征：', 135)
------划分值:0.000,左节点损失:0.000,右节点损失:2.310,总损失:2.310
------划分值:1.000,左节点损失:2.301,右节点损失:0.008,总损失:2.309
('----划分特征：', 136)
------划分值:0.000,左节点损失:0.000,右节点损失:2.310,总损失:2.310
------划分值:1.000,左节点损失:2.306,右节点损失:0.004,总损失:2.310
('----划分特征：', 137)
------划分值:0.000,左节点损失:0.000,右节点损失:2.310,总损失:2.310
('----划分特征：', 138)
------划分值:0.000,左节点损失:0.000,右节点损失:2.310,总损失:2.310
('----划分特征：', 139)
------划分值:0.000,左节点损失:0.000,右节点损失:2.310,总损失:2.310
('----划分特征：', 140)
------划分值:0.000,左节点损失:0.000,右节点损失:2.310,总损失:2.310
('----划分特征：', 141)
------划分值:0.000,左节点损失:0.000,右节点损失:2.310,总损失:2.310
('----划分特征：', 142)
------划分值:0.000,左节点损失:0.000,右节点损失:2.310,总损失:2.310
('----划分特征：', 143)
------划分值:0.000,左节点损失:0.000,右节点损失:2.310,总损失:2.310
------划分值:1.000,左节点损失:2.310,右节点损失:0.000,总损失:2.310
('----划分特征：', 144)
------划分值:0.000,左节点损失:0.000,右节点损失:2.310,总损失:2.310
------划分值:1.000,左节点损失:2.309,右节点损失:0.000,总损失:2.309
('----划分特征：', 145)
------划分值:0.000,左节点损失:0.000,右节点损失:2.310,总损失:2.310
------划分值:1.000,左节点损失:2.308,右节点损失:0.000,总损失:2.308
('----划分特征：', 146)
------划分值:0.000,左节点损失:0.000,右节点损失:2.310,总损失:2.310
------划分值:1.000,左节点损失:2.307,右节点损失:0.000,总损失:2.307
('----划分特征：', 147)
------划分值:0.000,左节点损失:0.000,右节点损失:2.310,总损失:2.310
------划分值:1.000,左节点损失:2.300,右节点损失:0.004,总损失:2.305
('----划分特征：', 148)
------划分值:0.000,左节点损失:0.000,右节点损失:2.310,总损失:2.310
------划分值:1.000,左节点损失:2.289,右节点损失:0.013,总损失:2.301
('----划分特征：', 149)
------划分值:0.000,左节点损失:0.000,右节点损失:2.310,总损失:2.310
------划分值:1.000,左节点损失:2.233,右节点损失:0.071,总损失:2.303
('----划分特征：', 150)
------划分值:0.000,左节点损失:0.000,右节点损失:2.310,总损失:2.310
------划分值:1.000,左节点损失:2.137,右节点损失:0.170,总损失:2.306
('----划分特征：', 151)
------划分值:0.000,左节点损失:0.000,右节点损失:2.310,总损失:2.310
------划分值:1.000,左节点损失:1.936,右节点损失:0.374,总损失:2.310
('----划分特征：', 152)
------划分值:0.000,左节点损失:0.000,右节点损失:2.310,总损失:2.310
------划分值:1.000,左节点损失:1.695,右节点损失:0.609,总损失:2.305
('----划分特征：', 153)
------划分值:0.000,左节点损失:0.000,右节点损失:2.310,总损失:2.310
------划分值:1.000,左节点损失:1.454,右节点损失:0.842,总损失:2.296
('----划分特征：', 154)
------划分值:0.000,左节点损失:0.000,右节点损失:2.310,总损失:2.310
------划分值:1.000,左节点损失:1.153,右节点损失:1.119,总损失:2.272
('----划分特征：', 155)
------划分值:0.000,左节点损失:0.000,右节点损失:2.310,总损失:2.310
------划分值:1.000,左节点损失:0.954,右节点损失:1.295,总损失:2.249
('----划分特征：', 156)
------划分值:0.000,左节点损失:0.000,右节点损失:2.310,总损失:2.310
------划分值:1.000,左节点损失:0.874,右节点损失:1.354,总损失:2.228
('----划分特征：', 157)
------划分值:1.000,左节点损失:0.995,右节点损失:1.245,总损失:2.240
------划分值:0.000,左节点损失:0.000,右节点损失:2.310,总损失:2.310
('----划分特征：', 158)
------划分值:1.000,左节点损失:1.174,右节点损失:1.075,总损失:2.249
------划分值:0.000,左节点损失:0.000,右节点损失:2.310,总损失:2.310
('----划分特征：', 159)
------划分值:0.000,左节点损失:0.000,右节点损失:2.310,总损失:2.310
------划分值:1.000,左节点损失:1.502,右节点损失:0.771,总损失:2.274
('----划分特征：', 160)
------划分值:1.000,左节点损失:1.778,右节点损失:0.511,总损失:2.289
------划分值:0.000,左节点损失:0.000,右节点损失:2.310,总损失:2.310
('----划分特征：', 161)
------划分值:1.000,左节点损失:2.017,右节点损失:0.286,总损失:2.303
------划分值:0.000,左节点损失:0.000,右节点损失:2.310,总损失:2.310
('----划分特征：', 162)
------划分值:1.000,左节点损失:2.173,右节点损失:0.136,总损失:2.309
------划分值:0.000,左节点损失:0.000,右节点损失:2.310,总损失:2.310
('----划分特征：', 163)
------划分值:0.000,左节点损失:0.000,右节点损失:2.310,总损失:2.310
------划分值:1.000,左节点损失:2.262,右节点损失:0.048,总损失:2.310
('----划分特征：', 164)
------划分值:0.000,左节点损失:0.000,右节点损失:2.310,总损失:2.310
------划分值:1.000,左节点损失:2.300,右节点损失:0.008,总损失:2.309
('----划分特征：', 165)
------划分值:0.000,左节点损失:0.000,右节点损失:2.310,总损失:2.310
------划分值:1.000,左节点损失:2.309,右节点损失:0.000,总损失:2.309
('----划分特征：', 166)
------划分值:0.000,左节点损失:0.000,右节点损失:2.310,总损失:2.310
------划分值:1.000,左节点损失:2.310,右节点损失:0.000,总损失:2.310
('----划分特征：', 167)
------划分值:0.000,左节点损失:0.000,右节点损失:2.310,总损失:2.310
('----划分特征：', 168)
------划分值:0.000,左节点损失:0.000,右节点损失:2.310,总损失:2.310
('----划分特征：', 169)
------划分值:0.000,左节点损失:0.000,右节点损失:2.310,总损失:2.310
('----划分特征：', 170)
------划分值:0.000,左节点损失:0.000,右节点损失:2.310,总损失:2.310
('----划分特征：', 171)
------划分值:0.000,左节点损失:0.000,右节点损失:2.310,总损失:2.310
------划分值:1.000,左节点损失:2.310,右节点损失:0.000,总损失:2.310
('----划分特征：', 172)
------划分值:0.000,左节点损失:0.000,右节点损失:2.310,总损失:2.310
------划分值:1.000,左节点损失:2.309,右节点损失:0.000,总损失:2.309
('----划分特征：', 173)
------划分值:0.000,左节点损失:0.000,右节点损失:2.310,总损失:2.310
------划分值:1.000,左节点损失:2.304,右节点损失:0.004,总损失:2.308
('----划分特征：', 174)
------划分值:0.000,左节点损失:0.000,右节点损失:2.310,总损失:2.310
------划分值:1.000,左节点损失:2.300,右节点损失:0.004,总损失:2.305
('----划分特征：', 175)
------划分值:0.000,左节点损失:0.000,右节点损失:2.310,总损失:2.310
------划分值:1.000,左节点损失:2.290,右节点损失:0.009,总损失:2.299
('----划分特征：', 176)
------划分值:0.000,左节点损失:0.000,右节点损失:2.310,总损失:2.310
------划分值:1.000,左节点损失:2.223,右节点损失:0.079,总损失:2.302
('----划分特征：', 177)
------划分值:0.000,左节点损失:0.000,右节点损失:2.310,总损失:2.310
------划分值:1.000,左节点损失:2.082,右节点损失:0.225,总损失:2.307
('----划分特征：', 178)
------划分值:0.000,左节点损失:0.000,右节点损失:2.310,总损失:2.310
------划分值:1.000,左节点损失:1.872,右节点损失:0.438,总损失:2.310
('----划分特征：', 179)
------划分值:1.000,左节点损失:1.565,右节点损失:0.739,总损失:2.304
------划分值:0.000,左节点损失:0.000,右节点损失:2.310,总损失:2.310
('----划分特征：', 180)
------划分值:1.000,左节点损失:1.311,右节点损失:0.984,总损失:2.295
------划分值:0.000,左节点损失:0.000,右节点损失:2.310,总损失:2.310
('----划分特征：', 181)
------划分值:1.000,左节点损失:1.021,右节点损失:1.261,总损失:2.282
------划分值:0.000,左节点损失:0.000,右节点损失:2.310,总损失:2.310
('----划分特征：', 182)
------划分值:1.000,左节点损失:0.727,右节点损失:1.531,总损失:2.258
------划分值:0.000,左节点损失:0.000,右节点损失:2.310,总损失:2.310
('----划分特征：', 183)
------划分值:1.000,左节点损失:0.523,右节点损失:1.703,总损失:2.225
------划分值:0.000,左节点损失:0.000,右节点损失:2.310,总损失:2.310
('----划分特征：', 184)
------划分值:1.000,左节点损失:0.491,右节点损失:1.722,总损失:2.213
------划分值:0.000,左节点损失:0.000,右节点损失:2.310,总损失:2.310
('----划分特征：', 185)
------划分值:1.000,左节点损失:0.572,右节点损失:1.639,总损失:2.211
------划分值:0.000,左节点损失:0.000,右节点损失:2.310,总损失:2.310
('----划分特征：', 186)
------划分值:1.000,左节点损失:0.729,右节点损失:1.482,总损失:2.211
------划分值:0.000,左节点损失:0.000,右节点损失:2.310,总损失:2.310
('----划分特征：', 187)
------划分值:1.000,左节点损失:1.039,右节点损失:1.194,总损失:2.233
------划分值:0.000,左节点损失:0.000,右节点损失:2.310,总损失:2.310
('----划分特征：', 188)
------划分值:1.000,左节点损失:1.395,右节点损失:0.859,总损失:2.254
------划分值:0.000,左节点损失:0.000,右节点损失:2.310,总损失:2.310
('----划分特征：', 189)
------划分值:1.000,左节点损失:1.767,右节点损失:0.519,总损失:2.287
------划分值:0.000,左节点损失:0.000,右节点损失:2.310,总损失:2.310
('----划分特征：', 190)
------划分值:1.000,左节点损失:2.038,右节点损失:0.267,总损失:2.305
------划分值:0.000,左节点损失:0.000,右节点损失:2.310,总损失:2.310
('----划分特征：', 191)
------划分值:0.000,左节点损失:0.000,右节点损失:2.310,总损失:2.310
------划分值:1.000,左节点损失:2.219,右节点损失:0.091,总损失:2.310
('----划分特征：', 192)
------划分值:0.000,左节点损失:0.000,右节点损失:2.310,总损失:2.310
------划分值:1.000,左节点损失:2.290,右节点损失:0.017,总损失:2.307
('----划分特征：', 193)
------划分值:0.000,左节点损失:0.000,右节点损失:2.310,总损失:2.310
------划分值:1.000,左节点损失:2.308,右节点损失:0.000,总损失:2.308
('----划分特征：', 194)
------划分值:0.000,左节点损失:0.000,右节点损失:2.310,总损失:2.310
------划分值:1.000,左节点损失:2.310,右节点损失:0.000,总损失:2.310
('----划分特征：', 195)
------划分值:0.000,左节点损失:0.000,右节点损失:2.310,总损失:2.310
------划分值:1.000,左节点损失:2.310,右节点损失:0.000,总损失:2.310
('----划分特征：', 196)
------划分值:0.000,左节点损失:0.000,右节点损失:2.310,总损失:2.310
('----划分特征：', 197)
------划分值:0.000,左节点损失:0.000,右节点损失:2.310,总损失:2.310
------划分值:1.000,左节点损失:2.310,右节点损失:0.000,总损失:2.310
('----划分特征：', 198)
------划分值:0.000,左节点损失:0.000,右节点损失:2.310,总损失:2.310
------划分值:1.000,左节点损失:2.310,右节点损失:0.000,总损失:2.310
('----划分特征：', 199)
------划分值:0.000,左节点损失:0.000,右节点损失:2.310,总损失:2.310
------划分值:1.000,左节点损失:2.309,右节点损失:0.000,总损失:2.309
('----划分特征：', 200)
------划分值:0.000,左节点损失:0.000,右节点损失:2.310,总损失:2.310
------划分值:1.000,左节点损失:2.308,右节点损失:0.000,总损失:2.308
('----划分特征：', 201)
------划分值:0.000,左节点损失:0.000,右节点损失:2.310,总损失:2.310
------划分值:1.000,左节点损失:2.301,右节点损失:0.004,总损失:2.306
('----划分特征：', 202)
------划分值:0.000,左节点损失:0.000,右节点损失:2.310,总损失:2.310
------划分值:1.000,左节点损失:2.297,右节点损失:0.004,总损失:2.301
('----划分特征：', 203)
------划分值:0.000,左节点损失:0.000,右节点损失:2.310,总损失:2.310
------划分值:1.000,左节点损失:2.249,右节点损失:0.050,总损失:2.300
('----划分特征：', 204)
------划分值:1.000,左节点损失:2.128,右节点损失:0.175,总损失:2.304
------划分值:0.000,左节点损失:0.000,右节点损失:2.310,总损失:2.310
('----划分特征：', 205)
------划分值:1.000,左节点损失:1.886,右节点损失:0.423,总损失:2.310
------划分值:0.000,左节点损失:0.000,右节点损失:2.310,总损失:2.310
('----划分特征：', 206)
------划分值:1.000,左节点损失:1.597,右节点损失:0.711,总损失:2.308
------划分值:0.000,左节点损失:0.000,右节点损失:2.310,总损失:2.310
('----划分特征：', 207)
------划分值:1.000,左节点损失:1.319,右节点损失:0.981,总损失:2.300
------划分值:0.000,左节点损失:0.000,右节点损失:2.310,总损失:2.310
('----划分特征：', 208)
------划分值:1.000,左节点损失:0.960,右节点损失:1.318,总损失:2.278
------划分值:0.000,左节点损失:0.000,右节点损失:2.310,总损失:2.310
('----划分特征：', 209)
------划分值:1.000,左节点损失:0.729,右节点损失:1.541,总损失:2.269
------划分值:0.000,左节点损失:0.000,右节点损失:2.310,总损失:2.310
('----划分特征：', 210)
------划分值:1.000,左节点损失:0.603,右节点损失:1.657,总损失:2.260
------划分值:0.000,左节点损失:0.000,右节点损失:2.310,总损失:2.310
('----划分特征：', 211)
------划分值:1.000,左节点损失:0.509,右节点损失:1.732,总损失:2.241
------划分值:0.000,左节点损失:0.000,右节点损失:2.310,总损失:2.310
('----划分特征：', 212)
------划分值:1.000,左节点损失:0.529,右节点损失:1.716,总损失:2.245
------划分值:0.000,左节点损失:0.000,右节点损失:2.310,总损失:2.310
('----划分特征：', 213)
------划分值:1.000,左节点损失:0.494,右节点损失:1.731,总损失:2.225
------划分值:0.000,左节点损失:0.000,右节点损失:2.310,总损失:2.310
('----划分特征：', 214)
------划分值:0.000,左节点损失:0.000,右节点损失:2.310,总损失:2.310
------划分值:1.000,左节点损失:0.572,右节点损失:1.641,总损失:2.213
('----划分特征：', 215)
------划分值:0.000,左节点损失:0.000,右节点损失:2.310,总损失:2.310
------划分值:1.000,左节点损失:0.760,右节点损失:1.457,总损失:2.217
('----划分特征：', 216)
------划分值:0.000,左节点损失:0.000,右节点损失:2.310,总损失:2.310
------划分值:1.000,左节点损失:1.091,右节点损失:1.140,总损失:2.231
('----划分特征：', 217)
------划分值:0.000,左节点损失:0.000,右节点损失:2.310,总损失:2.310
------划分值:1.000,左节点损失:1.508,右节点损失:0.758,总损失:2.266
('----划分特征：', 218)
------划分值:0.000,左节点损失:0.000,右节点损失:2.310,总损失:2.310
------划分值:1.000,左节点损失:1.879,右节点损失:0.415,总损失:2.294
('----划分特征：', 219)
------划分值:0.000,左节点损失:0.000,右节点损失:2.310,总损失:2.310
------划分值:1.000,左节点损失:2.134,右节点损失:0.175,总损失:2.309
('----划分特征：', 220)
------划分值:0.000,左节点损失:0.000,右节点损失:2.310,总损失:2.310
------划分值:1.000,左节点损失:2.268,右节点损失:0.041,总损失:2.308
('----划分特征：', 221)
------划分值:0.000,左节点损失:0.000,右节点损失:2.310,总损失:2.310
------划分值:1.000,左节点损失:2.307,右节点损失:0.000,总损失:2.307
('----划分特征：', 222)
------划分值:0.000,左节点损失:0.000,右节点损失:2.310,总损失:2.310
------划分值:1.000,左节点损失:2.309,右节点损失:0.000,总损失:2.309
('----划分特征：', 223)
------划分值:0.000,左节点损失:0.000,右节点损失:2.310,总损失:2.310
------划分值:1.000,左节点损失:2.310,右节点损失:0.000,总损失:2.310
('----划分特征：', 224)
------划分值:0.000,左节点损失:0.000,右节点损失:2.310,总损失:2.310
------划分值:1.000,左节点损失:2.310,右节点损失:0.000,总损失:2.310
('----划分特征：', 225)
------划分值:0.000,左节点损失:0.000,右节点损失:2.310,总损失:2.310
------划分值:1.000,左节点损失:2.310,右节点损失:0.000,总损失:2.310
('----划分特征：', 226)
------划分值:0.000,左节点损失:0.000,右节点损失:2.310,总损失:2.310
------划分值:1.000,左节点损失:2.310,右节点损失:0.000,总损失:2.310
('----划分特征：', 227)
------划分值:0.000,左节点损失:0.000,右节点损失:2.310,总损失:2.310
------划分值:1.000,左节点损失:2.309,右节点损失:0.000,总损失:2.309
('----划分特征：', 228)
------划分值:0.000,左节点损失:0.000,右节点损失:2.310,总损失:2.310
------划分值:1.000,左节点损失:2.306,右节点损失:0.000,总损失:2.306
('----划分特征：', 229)
------划分值:0.000,左节点损失:0.000,右节点损失:2.310,总损失:2.310
------划分值:1.000,左节点损失:2.295,右节点损失:0.009,总损失:2.304
('----划分特征：', 230)
------划分值:0.000,左节点损失:0.000,右节点损失:2.310,总损失:2.310
------划分值:1.000,左节点损失:2.271,右节点损失:0.030,总损失:2.301
('----划分特征：', 231)
------划分值:0.000,左节点损失:0.000,右节点损失:2.310,总损失:2.310
------划分值:1.000,左节点损失:2.179,右节点损失:0.124,总损失:2.303
('----划分特征：', 232)
------划分值:1.000,左节点损失:1.952,右节点损失:0.358,总损失:2.310
------划分值:0.000,左节点损失:0.000,右节点损失:2.310,总损失:2.310
('----划分特征：', 233)
------划分值:1.000,左节点损失:1.674,右节点损失:0.634,总损失:2.308
------划分值:0.000,左节点损失:0.000,右节点损失:2.310,总损失:2.310
('----划分特征：', 234)
------划分值:1.000,左节点损失:1.295,右节点损失:1.001,总损失:2.296
------划分值:0.000,左节点损失:0.000,右节点损失:2.310,总损失:2.310
('----划分特征：', 235)
------划分值:1.000,左节点损失:0.987,右节点损失:1.293,总损失:2.279
------划分值:0.000,左节点损失:0.000,右节点损失:2.310,总损失:2.310
('----划分特征：', 236)
------划分值:1.000,左节点损失:0.765,右节点损失:1.501,总损失:2.267
------划分值:0.000,左节点损失:0.000,右节点损失:2.310,总损失:2.310
('----划分特征：', 237)
------划分值:1.000,左节点损失:0.694,右节点损失:1.569,总损失:2.264
------划分值:0.000,左节点损失:0.000,右节点损失:2.310,总损失:2.310
('----划分特征：', 238)
------划分值:1.000,左节点损失:0.706,右节点损失:1.556,总损失:2.262
------划分值:0.000,左节点损失:0.000,右节点损失:2.310,总损失:2.310
('----划分特征：', 239)
------划分值:1.000,左节点损失:0.822,右节点损失:1.455,总损失:2.277
------划分值:0.000,左节点损失:0.000,右节点损失:2.310,总损失:2.310
('----划分特征：', 240)
------划分值:1.000,左节点损失:0.912,右节点损失:1.379,总损失:2.290
------划分值:0.000,左节点损失:0.000,右节点损失:2.310,总损失:2.310
('----划分特征：', 241)
------划分值:1.000,左节点损失:0.859,右节点损失:1.426,总损失:2.285
------划分值:0.000,左节点损失:0.000,右节点损失:2.310,总损失:2.310
('----划分特征：', 242)
------划分值:0.000,左节点损失:0.000,右节点损失:2.310,总损失:2.310
------划分值:1.000,左节点损失:0.716,右节点损失:1.538,总损失:2.254
('----划分特征：', 243)
------划分值:0.000,左节点损失:0.000,右节点损失:2.310,总损失:2.310
------划分值:1.000,左节点损失:0.708,右节点损失:1.517,总损失:2.225
('----划分特征：', 244)
------划分值:0.000,左节点损失:0.000,右节点损失:2.310,总损失:2.310
------划分值:1.000,左节点损失:0.854,右节点损失:1.341,总损失:2.195
('----划分特征：', 245)
------划分值:0.000,左节点损失:0.000,右节点损失:2.310,总损失:2.310
------划分值:1.000,左节点损失:1.256,右节点损失:0.969,总损失:2.225
('----划分特征：', 246)
------划分值:0.000,左节点损失:0.000,右节点损失:2.310,总损失:2.310
------划分值:1.000,左节点损失:1.668,右节点损失:0.588,总损失:2.255
('----划分特征：', 247)
------划分值:0.000,左节点损失:0.000,右节点损失:2.310,总损失:2.310
------划分值:1.000,左节点损失:2.042,右节点损失:0.257,总损失:2.298
('----划分特征：', 248)
------划分值:0.000,左节点损失:0.000,右节点损失:2.310,总损失:2.310
------划分值:1.000,左节点损失:2.247,右节点损失:0.063,总损失:2.310
('----划分特征：', 249)
------划分值:0.000,左节点损失:0.000,右节点损失:2.310,总损失:2.310
------划分值:1.000,左节点损失:2.307,右节点损失:0.000,总损失:2.307
('----划分特征：', 250)
------划分值:0.000,左节点损失:0.000,右节点损失:2.310,总损失:2.310
------划分值:1.000,左节点损失:2.309,右节点损失:0.000,总损失:2.309
('----划分特征：', 251)
------划分值:0.000,左节点损失:0.000,右节点损失:2.310,总损失:2.310
------划分值:1.000,左节点损失:2.310,右节点损失:0.000,总损失:2.310
('----划分特征：', 252)
------划分值:0.000,左节点损失:0.000,右节点损失:2.310,总损失:2.310
('----划分特征：', 253)
------划分值:0.000,左节点损失:0.000,右节点损失:2.310,总损失:2.310
------划分值:1.000,左节点损失:2.310,右节点损失:0.000,总损失:2.310
('----划分特征：', 254)
------划分值:0.000,左节点损失:0.000,右节点损失:2.310,总损失:2.310
------划分值:1.000,左节点损失:2.309,右节点损失:0.000,总损失:2.309
('----划分特征：', 255)
------划分值:0.000,左节点损失:0.000,右节点损失:2.310,总损失:2.310
------划分值:1.000,左节点损失:2.308,右节点损失:0.000,总损失:2.308
('----划分特征：', 256)
------划分值:0.000,左节点损失:0.000,右节点损失:2.310,总损失:2.310
------划分值:1.000,左节点损失:2.306,右节点损失:0.000,总损失:2.306
('----划分特征：', 257)
------划分值:0.000,左节点损失:0.000,右节点损失:2.310,总损失:2.310
------划分值:1.000,左节点损失:2.293,右节点损失:0.009,总损失:2.302
('----划分特征：', 258)
------划分值:0.000,左节点损失:0.000,右节点损失:2.310,总损失:2.310
------划分值:1.000,左节点损失:2.202,右节点损失:0.106,总损失:2.307
('----划分特征：', 259)
------划分值:0.000,左节点损失:0.000,右节点损失:2.310,总损失:2.310
------划分值:1.000,左节点损失:2.031,右节点损失:0.278,总损失:2.310
('----划分特征：', 260)
------划分值:0.000,左节点损失:0.000,右节点损失:2.310,总损失:2.310
------划分值:1.000,左节点损失:1.755,右节点损失:0.552,总损失:2.307
('----划分特征：', 261)
------划分值:1.000,左节点损失:1.394,右节点损失:0.899,总损失:2.293
------划分值:0.000,左节点损失:0.000,右节点损失:2.310,总损失:2.310
('----划分特征：', 262)
------划分值:0.000,左节点损失:0.000,右节点损失:2.310,总损失:2.310
------划分值:1.000,左节点损失:1.009,右节点损失:1.260,总损失:2.269
('----划分特征：', 263)
------划分值:1.000,左节点损失:0.741,右节点损失:1.502,总损失:2.243
------划分值:0.000,左节点损失:0.000,右节点损失:2.310,总损失:2.310
('----划分特征：', 264)
------划分值:1.000,左节点损失:0.744,右节点损失:1.507,总损失:2.251
------划分值:0.000,左节点损失:0.000,右节点损失:2.310,总损失:2.310
('----划分特征：', 265)
------划分值:1.000,左节点损失:0.819,右节点损失:1.432,总损失:2.252
------划分值:0.000,左节点损失:0.000,右节点损失:2.310,总损失:2.310
('----划分特征：', 266)
------划分值:0.000,左节点损失:0.000,右节点损失:2.310,总损失:2.310
------划分值:1.000,左节点损失:1.086,右节点损失:1.201,总损失:2.287
('----划分特征：', 267)
------划分值:0.000,左节点损失:0.000,右节点损失:2.310,总损失:2.310
------划分值:1.000,左节点损失:1.277,右节点损失:1.027,总损失:2.304
('----划分特征：', 268)
------划分值:0.000,左节点损失:0.000,右节点损失:2.310,总损失:2.310
------划分值:1.000,左节点损失:1.357,右节点损失:0.953,总损失:2.310
('----划分特征：', 269)
------划分值:1.000,左节点损失:1.277,右节点损失:1.033,总损失:2.310
------划分值:0.000,左节点损失:0.000,右节点损失:2.310,总损失:2.310
('----划分特征：', 270)
------划分值:0.000,左节点损失:0.000,右节点损失:2.310,总损失:2.310
------划分值:1.000,左节点损失:1.092,右节点损失:1.210,总损失:2.302
('----划分特征：', 271)
------划分值:0.000,左节点损失:0.000,右节点损失:2.310,总损失:2.310
------划分值:1.000,左节点损失:0.802,右节点损失:1.437,总损失:2.239
('----划分特征：', 272)
------划分值:0.000,左节点损失:0.000,右节点损失:2.310,总损失:2.310
------划分值:1.000,左节点损失:0.783,右节点损失:1.391,总损失:2.174
('----划分特征：', 273)
------划分值:0.000,左节点损失:0.000,右节点损失:2.310,总损失:2.310
------划分值:1.000,左节点损失:1.004,右节点损失:1.126,总损失:2.131
('----划分特征：', 274)
------划分值:0.000,左节点损失:0.000,右节点损失:2.310,总损失:2.310
------划分值:1.000,左节点损失:1.432,右节点损失:0.722,总损失:2.153
('----划分特征：', 275)
------划分值:0.000,左节点损失:0.000,右节点损失:2.310,总损失:2.310
------划分值:1.000,左节点损失:1.959,右节点损失:0.297,总损失:2.256
('----划分特征：', 276)
------划分值:0.000,左节点损失:0.000,右节点损失:2.310,总损失:2.310
------划分值:1.000,左节点损失:2.214,右节点损失:0.090,总损失:2.304
('----划分特征：', 277)
------划分值:0.000,左节点损失:0.000,右节点损失:2.310,总损失:2.310
------划分值:1.000,左节点损失:2.308,右节点损失:0.000,总损失:2.308
('----划分特征：', 278)
------划分值:0.000,左节点损失:0.000,右节点损失:2.310,总损失:2.310
------划分值:1.000,左节点损失:2.310,右节点损失:0.000,总损失:2.310
('----划分特征：', 279)
------划分值:0.000,左节点损失:0.000,右节点损失:2.310,总损失:2.310
('----划分特征：', 280)
------划分值:0.000,左节点损失:0.000,右节点损失:2.310,总损失:2.310
('----划分特征：', 281)
------划分值:0.000,左节点损失:0.000,右节点损失:2.310,总损失:2.310
------划分值:1.000,左节点损失:2.310,右节点损失:0.000,总损失:2.310
('----划分特征：', 282)
------划分值:0.000,左节点损失:0.000,右节点损失:2.310,总损失:2.310
------划分值:1.000,左节点损失:2.309,右节点损失:0.000,总损失:2.309
('----划分特征：', 283)
------划分值:0.000,左节点损失:0.000,右节点损失:2.310,总损失:2.310
------划分值:1.000,左节点损失:2.308,右节点损失:0.000,总损失:2.308
('----划分特征：', 284)
------划分值:0.000,左节点损失:0.000,右节点损失:2.310,总损失:2.310
------划分值:1.000,左节点损失:2.306,右节点损失:0.000,总损失:2.306
('----划分特征：', 285)
------划分值:0.000,左节点损失:0.000,右节点损失:2.310,总损失:2.310
------划分值:1.000,左节点损失:2.269,右节点损失:0.037,总损失:2.306
('----划分特征：', 286)
------划分值:0.000,左节点损失:0.000,右节点损失:2.310,总损失:2.310
------划分值:1.000,左节点损失:2.117,右节点损失:0.192,总损失:2.309
('----划分特征：', 287)
------划分值:0.000,左节点损失:0.000,右节点损失:2.310,总损失:2.310
------划分值:1.000,左节点损失:1.847,右节点损失:0.450,总损失:2.298
('----划分特征：', 288)
------划分值:0.000,左节点损失:0.000,右节点损失:2.310,总损失:2.310
------划分值:1.000,左节点损失:1.489,右节点损失:0.791,总损失:2.280
('----划分特征：', 289)
------划分值:0.000,左节点损失:0.000,右节点损失:2.310,总损失:2.310
------划分值:1.000,左节点损失:1.054,右节点损失:1.184,总损失:2.238
('----划分特征：', 290)
------划分值:0.000,左节点损失:0.000,右节点损失:2.310,总损失:2.310
------划分值:1.000,左节点损失:0.776,右节点损失:1.445,总损失:2.221
('----划分特征：', 291)
------划分值:1.000,左节点损失:0.797,右节点损失:1.443,总损失:2.240
------划分值:0.000,左节点损失:0.000,右节点损失:2.310,总损失:2.310
('----划分特征：', 292)
------划分值:1.000,左节点损失:0.915,右节点损失:1.332,总损失:2.247
------划分值:0.000,左节点损失:0.000,右节点损失:2.310,总损失:2.310
('----划分特征：', 293)
------划分值:0.000,左节点损失:0.000,右节点损失:2.310,总损失:2.310
------划分值:1.000,左节点损失:1.179,右节点损失:1.099,总损失:2.278
('----划分特征：', 294)
------划分值:0.000,左节点损失:0.000,右节点损失:2.310,总损失:2.310
------划分值:1.000,左节点损失:1.453,右节点损失:0.851,总损失:2.303
('----划分特征：', 295)
------划分值:0.000,左节点损失:0.000,右节点损失:2.310,总损失:2.310
------划分值:1.000,左节点损失:1.651,右节点损失:0.657,总损失:2.308
('----划分特征：', 296)
------划分值:0.000,左节点损失:0.000,右节点损失:2.310,总损失:2.310
------划分值:1.000,左节点损失:1.736,右节点损失:0.556,总损失:2.291
('----划分特征：', 297)
------划分值:0.000,左节点损失:0.000,右节点损失:2.310,总损失:2.310
------划分值:1.000,左节点损失:1.617,右节点损失:0.674,总损失:2.292
('----划分特征：', 298)
------划分值:0.000,左节点损失:0.000,右节点损失:2.310,总损失:2.310
------划分值:1.000,左节点损失:1.387,右节点损失:0.922,总损失:2.309
('----划分特征：', 299)
------划分值:0.000,左节点损失:0.000,右节点损失:2.310,总损失:2.310
------划分值:1.000,左节点损失:1.030,右节点损失:1.248,总损失:2.278
('----划分特征：', 300)
------划分值:0.000,左节点损失:0.000,右节点损失:2.310,总损失:2.310
------划分值:1.000,左节点损失:0.781,右节点损失:1.370,总损失:2.150
('----划分特征：', 301)
------划分值:0.000,左节点损失:0.000,右节点损失:2.310,总损失:2.310
------划分值:1.000,左节点损失:0.920,右节点损失:1.124,总损失:2.044
('----划分特征：', 302)
------划分值:0.000,左节点损失:0.000,右节点损失:2.310,总损失:2.310
------划分值:1.000,左节点损失:1.275,右节点损失:0.717,总损失:1.992
('----划分特征：', 303)
------划分值:0.000,左节点损失:0.000,右节点损失:2.310,总损失:2.310
------划分值:1.000,左节点损失:1.795,右节点损失:0.301,总损失:2.096
('----划分特征：', 304)
------划分值:0.000,左节点损失:0.000,右节点损失:2.310,总损失:2.310
------划分值:1.000,左节点损失:2.199,右节点损失:0.077,总损失:2.276
('----划分特征：', 305)
------划分值:0.000,左节点损失:0.000,右节点损失:2.310,总损失:2.310
------划分值:1.000,左节点损失:2.309,右节点损失:0.000,总损失:2.309
('----划分特征：', 306)
------划分值:0.000,左节点损失:0.000,右节点损失:2.310,总损失:2.310
------划分值:1.000,左节点损失:2.310,右节点损失:0.000,总损失:2.310
('----划分特征：', 307)
------划分值:0.000,左节点损失:0.000,右节点损失:2.310,总损失:2.310
('----划分特征：', 308)
------划分值:0.000,左节点损失:0.000,右节点损失:2.310,总损失:2.310
('----划分特征：', 309)
------划分值:0.000,左节点损失:0.000,右节点损失:2.310,总损失:2.310
------划分值:1.000,左节点损失:2.310,右节点损失:0.000,总损失:2.310
('----划分特征：', 310)
------划分值:0.000,左节点损失:0.000,右节点损失:2.310,总损失:2.310
------划分值:1.000,左节点损失:2.309,右节点损失:0.000,总损失:2.309
('----划分特征：', 311)
------划分值:0.000,左节点损失:0.000,右节点损失:2.310,总损失:2.310
------划分值:1.000,左节点损失:2.309,右节点损失:0.000,总损失:2.309
('----划分特征：', 312)
------划分值:0.000,左节点损失:0.000,右节点损失:2.310,总损失:2.310
------划分值:1.000,左节点损失:2.306,右节点损失:0.000,总损失:2.306
('----划分特征：', 313)
------划分值:0.000,左节点损失:0.000,右节点损失:2.310,总损失:2.310
------划分值:1.000,左节点损失:2.224,右节点损失:0.086,总损失:2.310
('----划分特征：', 314)
------划分值:0.000,左节点损失:0.000,右节点损失:2.310,总损失:2.310
------划分值:1.000,左节点损失:1.997,右节点损失:0.298,总损失:2.295
('----划分特征：', 315)
------划分值:0.000,左节点损失:0.000,右节点损失:2.310,总损失:2.310
------划分值:1.000,左节点损失:1.633,右节点损失:0.624,总损失:2.257
('----划分特征：', 316)
------划分值:0.000,左节点损失:0.000,右节点损失:2.310,总损失:2.310
------划分值:1.000,左节点损失:1.224,右节点损失:1.000,总损失:2.225
('----划分特征：', 317)
------划分值:0.000,左节点损失:0.000,右节点损失:2.310,总损失:2.310
------划分值:1.000,左节点损失:0.854,右节点损失:1.343,总损失:2.197
('----划分特征：', 318)
------划分值:0.000,左节点损失:0.000,右节点损失:2.310,总损失:2.310
------划分值:1.000,左节点损失:0.776,右节点损失:1.444,总损失:2.220
('----划分特征：', 319)
------划分值:1.000,左节点损失:0.927,右节点损失:1.322,总损失:2.249
------划分值:0.000,左节点损失:0.000,右节点损失:2.310,总损失:2.310
('----划分特征：', 320)
------划分值:1.000,左节点损失:1.257,右节点损失:1.030,总损失:2.287
------划分值:0.000,左节点损失:0.000,右节点损失:2.310,总损失:2.310
('----划分特征：', 321)
------划分值:1.000,左节点损失:1.526,右节点损失:0.780,总损失:2.306
------划分值:0.000,左节点损失:0.000,右节点损失:2.310,总损失:2.310
('----划分特征：', 322)
------划分值:0.000,左节点损失:0.000,右节点损失:2.310,总损失:2.310
------划分值:1.000,左节点损失:1.803,右节点损失:0.499,总损失:2.302
('----划分特征：', 323)
------划分值:0.000,左节点损失:0.000,右节点损失:2.310,总损失:2.310
------划分值:1.000,左节点损失:1.956,右节点损失:0.308,总损失:2.264
('----划分特征：', 324)
------划分值:0.000,左节点损失:0.000,右节点损失:2.310,总损失:2.310
------划分值:1.000,左节点损失:1.961,右节点损失:0.277,总损失:2.238
('----划分特征：', 325)
------划分值:0.000,左节点损失:0.000,右节点损失:2.310,总损失:2.310
------划分值:1.000,左节点损失:1.873,右节点损失:0.360,总损失:2.233
('----划分特征：', 326)
------划分值:0.000,左节点损失:0.000,右节点损失:2.310,总损失:2.310
------划分值:1.000,左节点损失:1.676,右节点损失:0.606,总损失:2.282
('----划分特征：', 327)
------划分值:0.000,左节点损失:0.000,右节点损失:2.310,总损失:2.310
------划分值:1.000,左节点损失:1.263,右节点损失:1.040,总损失:2.302
('----划分特征：', 328)
------划分值:0.000,左节点损失:0.000,右节点损失:2.310,总损失:2.310
------划分值:1.000,左节点损失:0.912,右节点损失:1.247,总损失:2.159
('----划分特征：', 329)
------划分值:0.000,左节点损失:0.000,右节点损失:2.310,总损失:2.310
------划分值:1.000,左节点损失:0.859,右节点损失:1.050,总损失:1.909
('----划分特征：', 330)
------划分值:0.000,左节点损失:0.000,右节点损失:2.310,总损失:2.310
------划分值:1.000,左节点损失:1.114,右节点损失:0.637,总损失:1.752
('----划分特征：', 331)
------划分值:0.000,左节点损失:0.000,右节点损失:2.310,总损失:2.310
------划分值:1.000,左节点损失:1.693,右节点损失:0.249,总损失:1.942
('----划分特征：', 332)
------划分值:0.000,左节点损失:0.000,右节点损失:2.310,总损失:2.310
------划分值:1.000,左节点损失:2.156,右节点损失:0.079,总损失:2.236
('----划分特征：', 333)
------划分值:0.000,左节点损失:0.000,右节点损失:2.310,总损失:2.310
------划分值:1.000,左节点损失:2.309,右节点损失:0.000,总损失:2.309
('----划分特征：', 334)
------划分值:0.000,左节点损失:0.000,右节点损失:2.310,总损失:2.310
------划分值:1.000,左节点损失:2.306,右节点损失:0.002,总损失:2.308
('----划分特征：', 335)
------划分值:0.000,左节点损失:0.000,右节点损失:2.310,总损失:2.310
('----划分特征：', 336)
------划分值:0.000,左节点损失:0.000,右节点损失:2.310,总损失:2.310
('----划分特征：', 337)
------划分值:0.000,左节点损失:0.000,右节点损失:2.310,总损失:2.310
------划分值:1.000,左节点损失:2.310,右节点损失:0.000,总损失:2.310
('----划分特征：', 338)
------划分值:0.000,左节点损失:0.000,右节点损失:2.310,总损失:2.310
------划分值:1.000,左节点损失:2.309,右节点损失:0.000,总损失:2.309
('----划分特征：', 339)
------划分值:0.000,左节点损失:0.000,右节点损失:2.310,总损失:2.310
------划分值:1.000,左节点损失:2.309,右节点损失:0.000,总损失:2.309
('----划分特征：', 340)
------划分值:0.000,左节点损失:0.000,右节点损失:2.310,总损失:2.310
------划分值:1.000,左节点损失:2.303,右节点损失:0.004,总损失:2.307
('----划分特征：', 341)
------划分值:0.000,左节点损失:0.000,右节点损失:2.310,总损失:2.310
------划分值:1.000,左节点损失:2.151,右节点损失:0.150,总损失:2.301
('----划分特征：', 342)
------划分值:0.000,左节点损失:0.000,右节点损失:2.310,总损失:2.310
------划分值:1.000,左节点损失:1.807,右节点损失:0.429,总损失:2.236
('----划分特征：', 343)
------划分值:0.000,左节点损失:0.000,右节点损失:2.310,总损失:2.310
------划分值:1.000,左节点损失:1.375,右节点损失:0.815,总损失:2.191
('----划分特征：', 344)
------划分值:0.000,左节点损失:0.000,右节点损失:2.310,总损失:2.310
------划分值:1.000,左节点损失:0.913,右节点损失:1.230,总损失:2.142
('----划分特征：', 345)
------划分值:0.000,左节点损失:0.000,右节点损失:2.310,总损失:2.310
------划分值:1.000,左节点损失:0.715,右节点损失:1.457,总损失:2.172
('----划分特征：', 346)
------划分值:0.000,左节点损失:0.000,右节点损失:2.310,总损失:2.310
------划分值:1.000,左节点损失:0.846,右节点损失:1.388,总损失:2.234
('----划分特征：', 347)
------划分值:0.000,左节点损失:0.000,右节点损失:2.310,总损失:2.310
------划分值:1.000,左节点损失:1.186,右节点损失:1.104,总损失:2.289
('----划分特征：', 348)
------划分值:1.000,左节点损失:1.569,右节点损失:0.741,总损失:2.310
------划分值:0.000,左节点损失:0.000,右节点损失:2.310,总损失:2.310
('----划分特征：', 349)
------划分值:1.000,左节点损失:1.821,右节点损失:0.475,总损失:2.295
------划分值:0.000,左节点损失:0.000,右节点损失:2.310,总损失:2.310
('----划分特征：', 350)
------划分值:0.000,左节点损失:0.000,右节点损失:2.310,总损失:2.310
------划分值:1.000,左节点损失:1.983,右节点损失:0.264,总损失:2.248
('----划分特征：', 351)
------划分值:0.000,左节点损失:0.000,右节点损失:2.310,总损失:2.310
------划分值:1.000,左节点损失:2.043,右节点损失:0.153,总损失:2.197
('----划分特征：', 352)
------划分值:0.000,左节点损失:0.000,右节点损失:2.310,总损失:2.310
------划分值:1.000,左节点损失:2.029,右节点损失:0.124,总损失:2.153
('----划分特征：', 353)
------划分值:0.000,左节点损失:0.000,右节点损失:2.310,总损失:2.310
------划分值:1.000,左节点损失:1.953,右节点损失:0.217,总损失:2.169
('----划分特征：', 354)
------划分值:0.000,左节点损失:0.000,右节点损失:2.310,总损失:2.310
------划分值:1.000,左节点损失:1.726,右节点损失:0.538,总损失:2.264
('----划分特征：', 355)
------划分值:0.000,左节点损失:0.000,右节点损失:2.310,总损失:2.310
------划分值:1.000,左节点损失:1.432,右节点损失:0.877,总损失:2.309
('----划分特征：', 356)
------划分值:0.000,左节点损失:0.000,右节点损失:2.310,总损失:2.310
------划分值:1.000,左节点损失:0.961,右节点损失:1.175,总损失:2.136
('----划分特征：', 357)
------划分值:0.000,左节点损失:0.000,右节点损失:2.310,总损失:2.310
------划分值:1.000,左节点损失:0.848,右节点损失:0.971,总损失:1.819
('----划分特征：', 358)
------划分值:0.000,左节点损失:0.000,右节点损失:2.310,总损失:2.310
------划分值:1.000,左节点损失:1.084,右节点损失:0.564,总损失:1.648
('----划分特征：', 359)
------划分值:0.000,左节点损失:0.000,右节点损失:2.310,总损失:2.310
------划分值:1.000,左节点损失:1.622,右节点损失:0.239,总损失:1.861
('----划分特征：', 360)
------划分值:0.000,左节点损失:0.000,右节点损失:2.310,总损失:2.310
------划分值:1.000,左节点损失:2.110,右节点损失:0.101,总损失:2.211
('----划分特征：', 361)
------划分值:0.000,左节点损失:0.000,右节点损失:2.310,总损失:2.310
------划分值:1.000,左节点损失:2.310,右节点损失:0.000,总损失:2.310
('----划分特征：', 362)
------划分值:0.000,左节点损失:0.000,右节点损失:2.310,总损失:2.310
------划分值:1.000,左节点损失:2.306,右节点损失:0.003,总损失:2.309
('----划分特征：', 363)
------划分值:0.000,左节点损失:0.000,右节点损失:2.310,总损失:2.310
('----划分特征：', 364)
------划分值:0.000,左节点损失:0.000,右节点损失:2.310,总损失:2.310
('----划分特征：', 365)
------划分值:0.000,左节点损失:0.000,右节点损失:2.310,总损失:2.310
------划分值:1.000,左节点损失:2.310,右节点损失:0.000,总损失:2.310
('----划分特征：', 366)
------划分值:0.000,左节点损失:0.000,右节点损失:2.310,总损失:2.310
------划分值:1.000,左节点损失:2.310,右节点损失:0.000,总损失:2.310
('----划分特征：', 367)
------划分值:0.000,左节点损失:0.000,右节点损失:2.310,总损失:2.310
------划分值:1.000,左节点损失:2.309,右节点损失:0.000,总损失:2.309
('----划分特征：', 368)
------划分值:0.000,左节点损失:0.000,右节点损失:2.310,总损失:2.310
------划分值:1.000,左节点损失:2.290,右节点损失:0.020,总损失:2.310
('----划分特征：', 369)
------划分值:0.000,左节点损失:0.000,右节点损失:2.310,总损失:2.310
------划分值:1.000,左节点损失:2.048,右节点损失:0.218,总损失:2.266
('----划分特征：', 370)
------划分值:0.000,左节点损失:0.000,右节点损失:2.310,总损失:2.310
------划分值:1.000,左节点损失:1.596,右节点损失:0.561,总损失:2.157
('----划分特征：', 371)
------划分值:0.000,左节点损失:0.000,右节点损失:2.310,总损失:2.310
------划分值:1.000,左节点损失:1.116,右节点损失:0.987,总损失:2.103
('----划分特征：', 372)
------划分值:0.000,左节点损失:0.000,右节点损失:2.310,总损失:2.310
------划分值:1.000,左节点损失:0.774,右节点损失:1.336,总损失:2.111
('----划分特征：', 373)
------划分值:0.000,左节点损失:0.000,右节点损失:2.310,总损失:2.310
------划分值:1.000,左节点损失:0.770,右节点损失:1.426,总损失:2.196
('----划分特征：', 374)
------划分值:0.000,左节点损失:0.000,右节点损失:2.310,总损失:2.310
------划分值:1.000,左节点损失:1.061,右节点损失:1.217,总损失:2.279
('----划分特征：', 375)
------划分值:0.000,左节点损失:0.000,右节点损失:2.310,总损失:2.310
------划分值:1.000,左节点损失:1.503,右节点损失:0.807,总损失:2.310
('----划分特征：', 376)
------划分值:0.000,左节点损失:0.000,右节点损失:2.310,总损失:2.310
------划分值:1.000,左节点损失:1.812,右节点损失:0.474,总损失:2.286
('----划分特征：', 377)
------划分值:1.000,左节点损失:2.016,右节点损失:0.199,总损失:2.215
------划分值:0.000,左节点损失:0.000,右节点损失:2.310,总损失:2.310
('----划分特征：', 378)
------划分值:1.000,左节点损失:2.057,右节点损失:0.090,总损失:2.148
------划分值:0.000,左节点损失:0.000,右节点损失:2.310,总损失:2.310
('----划分特征：', 379)
------划分值:1.000,左节点损失:2.049,右节点损失:0.039,总损失:2.088
------划分值:0.000,左节点损失:0.000,右节点损失:2.310,总损失:2.310
('----划分特征：', 380)
------划分值:0.000,左节点损失:0.000,右节点损失:2.310,总损失:2.310
------划分值:1.000,左节点损失:2.009,右节点损失:0.052,总损失:2.061
('----划分特征：', 381)
------划分值:0.000,左节点损失:0.000,右节点损失:2.310,总损失:2.310
------划分值:1.000,左节点损失:1.939,右节点损失:0.183,总损失:2.123
('----划分特征：', 382)
------划分值:0.000,左节点损失:0.000,右节点损失:2.310,总损失:2.310
------划分值:1.000,左节点损失:1.771,右节点损失:0.480,总损失:2.251
('----划分特征：', 383)
------划分值:0.000,左节点损失:0.000,右节点损失:2.310,总损失:2.310
------划分值:1.000,左节点损失:1.447,右节点损失:0.861,总损失:2.307
('----划分特征：', 384)
------划分值:0.000,左节点损失:0.000,右节点损失:2.310,总损失:2.310
------划分值:1.000,左节点损失:1.001,右节点损失:1.125,总损失:2.126
('----划分特征：', 385)
------划分值:0.000,左节点损失:0.000,右节点损失:2.310,总损失:2.310
------划分值:1.000,左节点损失:0.868,右节点损失:0.944,总损失:1.811
('----划分特征：', 386)
------划分值:0.000,左节点损失:0.000,右节点损失:2.310,总损失:2.310
------划分值:1.000,左节点损失:1.076,右节点损失:0.598,总损失:1.673
('----划分特征：', 387)
------划分值:0.000,左节点损失:0.000,右节点损失:2.310,总损失:2.310
------划分值:1.000,左节点损失:1.591,右节点损失:0.306,总损失:1.897
('----划分特征：', 388)
------划分值:0.000,左节点损失:0.000,右节点损失:2.310,总损失:2.310
------划分值:1.000,左节点损失:2.088,右节点损失:0.120,总损失:2.208
('----划分特征：', 389)
------划分值:0.000,左节点损失:0.000,右节点损失:2.310,总损失:2.310
------划分值:1.000,左节点损失:2.309,右节点损失:0.000,总损失:2.309
('----划分特征：', 390)
------划分值:0.000,左节点损失:0.000,右节点损失:2.310,总损失:2.310
('----划分特征：', 391)
------划分值:0.000,左节点损失:0.000,右节点损失:2.310,总损失:2.310
('----划分特征：', 392)
------划分值:0.000,左节点损失:0.000,右节点损失:2.310,总损失:2.310
('----划分特征：', 393)
------划分值:0.000,左节点损失:0.000,右节点损失:2.310,总损失:2.310
('----划分特征：', 394)
------划分值:0.000,左节点损失:0.000,右节点损失:2.310,总损失:2.310
------划分值:1.000,左节点损失:2.310,右节点损失:0.000,总损失:2.310
('----划分特征：', 395)
------划分值:0.000,左节点损失:0.000,右节点损失:2.310,总损失:2.310
------划分值:1.000,左节点损失:2.309,右节点损失:0.000,总损失:2.309
('----划分特征：', 396)
------划分值:0.000,左节点损失:0.000,右节点损失:2.310,总损失:2.310
------划分值:1.000,左节点损失:2.266,右节点损失:0.042,总损失:2.307
('----划分特征：', 397)
------划分值:0.000,左节点损失:0.000,右节点损失:2.310,总损失:2.310
------划分值:1.000,左节点损失:1.871,右节点损失:0.293,总损失:2.164
('----划分特征：', 398)
------划分值:0.000,左节点损失:0.000,右节点损失:2.310,总损失:2.310
------划分值:1.000,左节点损失:1.389,右节点损失:0.673,总损失:2.062
('----划分特征：', 399)
------划分值:0.000,左节点损失:0.000,右节点损失:2.310,总损失:2.310
------划分值:1.000,左节点损失:0.920,右节点损失:1.113,总损失:2.033
('----划分特征：', 400)
------划分值:0.000,左节点损失:0.000,右节点损失:2.310,总损失:2.310
------划分值:1.000,左节点损失:0.714,右节点损失:1.384,总损失:2.098
('----划分特征：', 401)
------划分值:0.000,左节点损失:0.000,右节点损失:2.310,总损失:2.310
------划分值:1.000,左节点损失:0.890,右节点损失:1.339,总损失:2.229
('----划分特征：', 402)
------划分值:0.000,左节点损失:0.000,右节点损失:2.310,总损失:2.310
------划分值:1.000,左节点损失:1.332,右节点损失:0.975,总损失:2.306
('----划分特征：', 403)
------划分值:0.000,左节点损失:0.000,右节点损失:2.310,总损失:2.310
------划分值:1.000,左节点损失:1.753,右节点损失:0.533,总损失:2.286
('----划分特征：', 404)
------划分值:0.000,左节点损失:0.000,右节点损失:2.310,总损失:2.310
------划分值:1.000,左节点损失:1.976,右节点损失:0.245,总损失:2.221
('----划分特征：', 405)
------划分值:0.000,左节点损失:0.000,右节点损失:2.310,总损失:2.310
------划分值:1.000,左节点损失:2.034,右节点损失:0.090,总损失:2.124
('----划分特征：', 406)
------划分值:1.000,左节点损失:2.030,右节点损失:0.022,总损失:2.052
------划分值:0.000,左节点损失:0.000,右节点损失:2.310,总损失:2.310
('----划分特征：', 407)
------划分值:1.000,左节点损失:1.975,右节点损失:0.009,总损失:1.984
------划分值:0.000,左节点损失:0.000,右节点损失:2.310,总损失:2.310
('----划分特征：', 408)
------划分值:1.000,左节点损失:1.970,右节点损失:0.035,总损失:2.004
------划分值:0.000,左节点损失:0.000,右节点损失:2.310,总损失:2.310
('----划分特征：', 409)
------划分值:0.000,左节点损失:0.000,右节点损失:2.310,总损失:2.310
------划分值:1.000,左节点损失:1.907,右节点损失:0.209,总损失:2.116
('----划分特征：', 410)
------划分值:0.000,左节点损失:0.000,右节点损失:2.310,总损失:2.310
------划分值:1.000,左节点损失:1.719,右节点损失:0.550,总损失:2.268
('----划分特征：', 411)
------划分值:0.000,左节点损失:0.000,右节点损失:2.310,总损失:2.310
------划分值:1.000,左节点损失:1.385,右节点损失:0.916,总损失:2.301
('----划分特征：', 412)
------划分值:0.000,左节点损失:0.000,右节点损失:2.310,总损失:2.310
------划分值:1.000,左节点损失:1.036,右节点损失:1.101,总损失:2.136
('----划分特征：', 413)
------划分值:0.000,左节点损失:0.000,右节点损失:2.310,总损失:2.310
------划分值:1.000,左节点损失:0.883,右节点损失:0.967,总损失:1.850
('----划分特征：', 414)
------划分值:0.000,左节点损失:0.000,右节点损失:2.310,总损失:2.310
------划分值:1.000,左节点损失:1.157,右节点损失:0.617,总损失:1.774
('----划分特征：', 415)
------划分值:0.000,左节点损失:0.000,右节点损失:2.310,总损失:2.310
------划分值:1.000,左节点损失:1.602,右节点损失:0.339,总损失:1.941
('----划分特征：', 416)
------划分值:0.000,左节点损失:0.000,右节点损失:2.310,总损失:2.310
------划分值:1.000,左节点损失:2.106,右节点损失:0.120,总损失:2.226
('----划分特征：', 417)
------划分值:0.000,左节点损失:0.000,右节点损失:2.310,总损失:2.310
------划分值:1.000,左节点损失:2.306,右节点损失:0.004,总损失:2.310
('----划分特征：', 418)
------划分值:0.000,左节点损失:0.000,右节点损失:2.310,总损失:2.310
('----划分特征：', 419)
------划分值:0.000,左节点损失:0.000,右节点损失:2.310,总损失:2.310
('----划分特征：', 420)
------划分值:0.000,左节点损失:0.000,右节点损失:2.310,总损失:2.310
('----划分特征：', 421)
------划分值:0.000,左节点损失:0.000,右节点损失:2.310,总损失:2.310
('----划分特征：', 422)
------划分值:0.000,左节点损失:0.000,右节点损失:2.310,总损失:2.310
------划分值:1.000,左节点损失:2.310,右节点损失:0.000,总损失:2.310
('----划分特征：', 423)
------划分值:0.000,左节点损失:0.000,右节点损失:2.310,总损失:2.310
------划分值:1.000,左节点损失:2.309,右节点损失:0.000,总损失:2.309
('----划分特征：', 424)
------划分值:0.000,左节点损失:0.000,右节点损失:2.310,总损失:2.310
------划分值:1.000,左节点损失:2.227,右节点损失:0.068,总损失:2.294
('----划分特征：', 425)
------划分值:0.000,左节点损失:0.000,右节点损失:2.310,总损失:2.310
------划分值:1.000,左节点损失:1.735,右节点损失:0.364,总损失:2.099
('----划分特征：', 426)
------划分值:0.000,左节点损失:0.000,右节点损失:2.310,总损失:2.310
------划分值:1.000,左节点损失:1.174,右节点损失:0.787,总损失:1.961
('----划分特征：', 427)
------划分值:0.000,左节点损失:0.000,右节点损失:2.310,总损失:2.310
------划分值:1.000,左节点损失:0.762,右节点损失:1.188,总损失:1.950
('----划分特征：', 428)
------划分值:0.000,左节点损失:0.000,右节点损失:2.310,总损失:2.310
------划分值:1.000,左节点损失:0.715,右节点损失:1.378,总损失:2.093
('----划分特征：', 429)
------划分值:0.000,左节点损失:0.000,右节点损失:2.310,总损失:2.310
------划分值:1.000,左节点损失:1.066,右节点损失:1.196,总损失:2.262
('----划分特征：', 430)
------划分值:0.000,左节点损失:0.000,右节点损失:2.310,总损失:2.310
------划分值:1.000,左节点损失:1.574,右节点损失:0.733,总损失:2.307
('----划分特征：', 431)
------划分值:0.000,左节点损失:0.000,右节点损失:2.310,总损失:2.310
------划分值:1.000,左节点损失:1.912,右节点损失:0.334,总损失:2.246
('----划分特征：', 432)
------划分值:0.000,左节点损失:0.000,右节点损失:2.310,总损失:2.310
------划分值:1.000,左节点损失:2.046,右节点损失:0.116,总损失:2.161
('----划分特征：', 433)
------划分值:0.000,左节点损失:0.000,右节点损失:2.310,总损失:2.310
------划分值:1.000,左节点损失:2.034,右节点损失:0.039,总损失:2.073
('----划分特征：', 434)
------划分值:0.000,左节点损失:0.000,右节点损失:2.310,总损失:2.310
------划分值:1.000,左节点损失:2.009,右节点损失:0.013,总损失:2.022
('----划分特征：', 435)
------划分值:1.000,左节点损失:1.973,右节点损失:0.017,总损失:1.990
------划分值:0.000,左节点损失:0.000,右节点损失:2.310,总损失:2.310
('----划分特征：', 436)
------划分值:1.000,左节点损失:1.975,右节点损失:0.069,总损失:2.043
------划分值:0.000,左节点损失:0.000,右节点损失:2.310,总损失:2.310
('----划分特征：', 437)
------划分值:1.000,左节点损失:1.851,右节点损失:0.321,总损失:2.171
------划分值:0.000,左节点损失:0.000,右节点损失:2.310,总损失:2.310
('----划分特征：', 438)
------划分值:1.000,左节点损失:1.626,右节点损失:0.666,总损失:2.292
------划分值:0.000,左节点损失:0.000,右节点损失:2.310,总损失:2.310
('----划分特征：', 439)
------划分值:0.000,左节点损失:0.000,右节点损失:2.310,总损失:2.310
------划分值:1.000,左节点损失:1.234,右节点损失:1.043,总损失:2.276
('----划分特征：', 440)
------划分值:0.000,左节点损失:0.000,右节点损失:2.310,总损失:2.310
------划分值:1.000,左节点损失:0.969,右节点损失:1.145,总损失:2.114
('----划分特征：', 441)
------划分值:0.000,左节点损失:0.000,右节点损失:2.310,总损失:2.310
------划分值:1.000,左节点损失:1.001,右节点损失:0.955,总损失:1.956
('----划分特征：', 442)
------划分值:0.000,左节点损失:0.000,右节点损失:2.310,总损失:2.310
------划分值:1.000,左节点损失:1.299,右节点损失:0.636,总损失:1.935
('----划分特征：', 443)
------划分值:0.000,左节点损失:0.000,右节点损失:2.310,总损失:2.310
------划分值:1.000,左节点损失:1.706,右节点损失:0.336,总损失:2.042
('----划分特征：', 444)
------划分值:0.000,左节点损失:0.000,右节点损失:2.310,总损失:2.310
------划分值:1.000,左节点损失:2.127,右节点损失:0.121,总损失:2.248
('----划分特征：', 445)
------划分值:0.000,左节点损失:0.000,右节点损失:2.310,总损失:2.310
------划分值:1.000,左节点损失:2.306,右节点损失:0.004,总损失:2.310
('----划分特征：', 446)
------划分值:0.000,左节点损失:0.000,右节点损失:2.310,总损失:2.310
------划分值:1.000,左节点损失:2.310,右节点损失:0.000,总损失:2.310
('----划分特征：', 447)
------划分值:0.000,左节点损失:0.000,右节点损失:2.310,总损失:2.310
('----划分特征：', 448)
------划分值:0.000,左节点损失:0.000,右节点损失:2.310,总损失:2.310
('----划分特征：', 449)
------划分值:0.000,左节点损失:0.000,右节点损失:2.310,总损失:2.310
('----划分特征：', 450)
------划分值:0.000,左节点损失:0.000,右节点损失:2.310,总损失:2.310
------划分值:1.000,左节点损失:2.310,右节点损失:0.000,总损失:2.310
('----划分特征：', 451)
------划分值:0.000,左节点损失:0.000,右节点损失:2.310,总损失:2.310
------划分值:1.000,左节点损失:2.309,右节点损失:0.000,总损失:2.309
('----划分特征：', 452)
------划分值:0.000,左节点损失:0.000,右节点损失:2.310,总损失:2.310
------划分值:1.000,左节点损失:2.187,右节点损失:0.098,总损失:2.285
('----划分特征：', 453)
------划分值:0.000,左节点损失:0.000,右节点损失:2.310,总损失:2.310
------划分值:1.000,左节点损失:1.626,右节点损失:0.439,总损失:2.066
('----划分特征：', 454)
------划分值:0.000,左节点损失:0.000,右节点损失:2.310,总损失:2.310
------划分值:1.000,左节点损失:1.077,右节点损失:0.853,总损失:1.930
('----划分特征：', 455)
------划分值:0.000,左节点损失:0.000,右节点损失:2.310,总损失:2.310
------划分值:1.000,左节点损失:0.710,右节点损失:1.211,总损失:1.921
('----划分特征：', 456)
------划分值:0.000,左节点损失:0.000,右节点损失:2.310,总损失:2.310
------划分值:1.000,左节点损失:0.787,右节点损失:1.315,总损失:2.102
('----划分特征：', 457)
------划分值:0.000,左节点损失:0.000,右节点损失:2.310,总损失:2.310
------划分值:1.000,左节点损失:1.251,右节点损失:1.030,总损失:2.282
('----划分特征：', 458)
------划分值:0.000,左节点损失:0.000,右节点损失:2.310,总损失:2.310
------划分值:1.000,左节点损失:1.786,右节点损失:0.507,总损失:2.293
('----划分特征：', 459)
------划分值:0.000,左节点损失:0.000,右节点损失:2.310,总损失:2.310
------划分值:1.000,左节点损失:2.029,右节点损失:0.195,总损失:2.224
('----划分特征：', 460)
------划分值:0.000,左节点损失:0.000,右节点损失:2.310,总损失:2.310
------划分值:1.000,左节点损失:2.078,右节点损失:0.086,总损失:2.164
('----划分特征：', 461)
------划分值:0.000,左节点损失:0.000,右节点损失:2.310,总损失:2.310
------划分值:1.000,左节点损失:2.080,右节点损失:0.022,总损失:2.102
('----划分特征：', 462)
------划分值:0.000,左节点损失:0.000,右节点损失:2.310,总损失:2.310
------划分值:1.000,左节点损失:2.035,右节点损失:0.017,总损失:2.052
('----划分特征：', 463)
------划分值:0.000,左节点损失:0.000,右节点损失:2.310,总损失:2.310
------划分值:1.000,左节点损失:2.008,右节点损失:0.047,总损失:2.055
('----划分特征：', 464)
------划分值:0.000,左节点损失:0.000,右节点损失:2.310,总损失:2.310
------划分值:1.000,左节点损失:1.947,右节点损失:0.179,总损失:2.127
('----划分特征：', 465)
------划分值:1.000,左节点损失:1.753,右节点损失:0.489,总损失:2.242
------划分值:0.000,左节点损失:0.000,右节点损失:2.310,总损失:2.310
('----划分特征：', 466)
------划分值:1.000,左节点损失:1.429,右节点损失:0.881,总损失:2.310
------划分值:0.000,左节点损失:0.000,右节点损失:2.310,总损失:2.310
('----划分特征：', 467)
------划分值:1.000,左节点损失:1.077,右节点损失:1.166,总损失:2.243
------划分值:0.000,左节点损失:0.000,右节点损失:2.310,总损失:2.310
('----划分特征：', 468)
------划分值:0.000,左节点损失:0.000,右节点损失:2.310,总损失:2.310
------划分值:1.000,左节点损失:0.930,右节点损失:1.175,总损失:2.105
('----划分特征：', 469)
------划分值:0.000,左节点损失:0.000,右节点损失:2.310,总损失:2.310
------划分值:1.000,左节点损失:1.099,右节点损失:0.918,总损失:2.017
('----划分特征：', 470)
------划分值:0.000,左节点损失:0.000,右节点损失:2.310,总损失:2.310
------划分值:1.000,左节点损失:1.410,右节点损失:0.619,总损失:2.029
('----划分特征：', 471)
------划分值:0.000,左节点损失:0.000,右节点损失:2.310,总损失:2.310
------划分值:1.000,左节点损失:1.805,右节点损失:0.325,总损失:2.130
('----划分特征：', 472)
------划分值:0.000,左节点损失:0.000,右节点损失:2.310,总损失:2.310
------划分值:1.000,左节点损失:2.180,右节点损失:0.106,总损失:2.286
('----划分特征：', 473)
------划分值:0.000,左节点损失:0.000,右节点损失:2.310,总损失:2.310
------划分值:1.000,左节点损失:2.309,右节点损失:0.000,总损失:2.309
('----划分特征：', 474)
------划分值:0.000,左节点损失:0.000,右节点损失:2.310,总损失:2.310
------划分值:1.000,左节点损失:2.310,右节点损失:0.000,总损失:2.310
('----划分特征：', 475)
------划分值:0.000,左节点损失:0.000,右节点损失:2.310,总损失:2.310
('----划分特征：', 476)
------划分值:0.000,左节点损失:0.000,右节点损失:2.310,总损失:2.310
('----划分特征：', 477)
------划分值:0.000,左节点损失:0.000,右节点损失:2.310,总损失:2.310
('----划分特征：', 478)
------划分值:0.000,左节点损失:0.000,右节点损失:2.310,总损失:2.310
------划分值:1.000,左节点损失:2.310,右节点损失:0.000,总损失:2.310
('----划分特征：', 479)
------划分值:0.000,左节点损失:0.000,右节点损失:2.310,总损失:2.310
------划分值:1.000,左节点损失:2.309,右节点损失:0.000,总损失:2.309
('----划分特征：', 480)
------划分值:0.000,左节点损失:0.000,右节点损失:2.310,总损失:2.310
------划分值:1.000,左节点损失:2.161,右节点损失:0.124,总损失:2.285
('----划分特征：', 481)
------划分值:0.000,左节点损失:0.000,右节点损失:2.310,总损失:2.310
------划分值:1.000,左节点损失:1.532,右节点损失:0.513,总损失:2.045
('----划分特征：', 482)
------划分值:0.000,左节点损失:0.000,右节点损失:2.310,总损失:2.310
------划分值:1.000,左节点损失:0.983,右节点损失:0.882,总损失:1.865
('----划分特征：', 483)
------划分值:0.000,左节点损失:0.000,右节点损失:2.310,总损失:2.310
------划分值:1.000,左节点损失:0.694,右节点损失:1.207,总损失:1.901
('----划分特征：', 484)
------划分值:0.000,左节点损失:0.000,右节点损失:2.310,总损失:2.310
------划分值:1.000,左节点损失:0.839,右节点损失:1.248,总损失:2.087
('----划分特征：', 485)
------划分值:0.000,左节点损失:0.000,右节点损失:2.310,总损失:2.310
------划分值:1.000,左节点损失:1.323,右节点损失:0.955,总损失:2.278
('----划分特征：', 486)
------划分值:0.000,左节点损失:0.000,右节点损失:2.310,总损失:2.310
------划分值:1.000,左节点损失:1.868,右节点损失:0.427,总损失:2.295
('----划分特征：', 487)
------划分值:0.000,左节点损失:0.000,右节点损失:2.310,总损失:2.310
------划分值:1.000,左节点损失:2.044,右节点损失:0.198,总损失:2.243
('----划分特征：', 488)
------划分值:0.000,左节点损失:0.000,右节点损失:2.310,总损失:2.310
------划分值:1.000,左节点损失:2.103,右节点损失:0.098,总损失:2.201
('----划分特征：', 489)
------划分值:0.000,左节点损失:0.000,右节点损失:2.310,总损失:2.310
------划分值:1.000,左节点损失:2.100,右节点损失:0.056,总损失:2.156
('----划分特征：', 490)
------划分值:0.000,左节点损失:0.000,右节点损失:2.310,总损失:2.310
------划分值:1.000,左节点损失:2.040,右节点损失:0.086,总损失:2.125
('----划分特征：', 491)
------划分值:0.000,左节点损失:0.000,右节点损失:2.310,总损失:2.310
------划分值:1.000,左节点损失:1.959,右节点损失:0.196,总损失:2.155
('----划分特征：', 492)
------划分值:0.000,左节点损失:0.000,右节点损失:2.310,总损失:2.310
------划分值:1.000,左节点损失:1.834,右节点损失:0.389,总损失:2.222
('----划分特征：', 493)
------划分值:1.000,左节点损失:1.541,右节点损失:0.757,总损失:2.298
------划分值:0.000,左节点损失:0.000,右节点损失:2.310,总损失:2.310
('----划分特征：', 494)
------划分值:1.000,左节点损失:1.155,右节点损失:1.133,总损失:2.288
------划分值:0.000,左节点损失:0.000,右节点损失:2.310,总损失:2.310
('----划分特征：', 495)
------划分值:1.000,左节点损失:0.952,右节点损失:1.247,总损失:2.199
------划分值:0.000,左节点损失:0.000,右节点损失:2.310,总损失:2.310
('----划分特征：', 496)
------划分值:0.000,左节点损失:0.000,右节点损失:2.310,总损失:2.310
------划分值:1.000,左节点损失:0.957,右节点损失:1.157,总损失:2.114
('----划分特征：', 497)
------划分值:0.000,左节点损失:0.000,右节点损失:2.310,总损失:2.310
------划分值:1.000,左节点损失:1.245,右节点损失:0.852,总损失:2.097
('----划分特征：', 498)
------划分值:0.000,左节点损失:0.000,右节点损失:2.310,总损失:2.310
------划分值:1.000,左节点损失:1.575,右节点损失:0.554,总损失:2.129
('----划分特征：', 499)
------划分值:0.000,左节点损失:0.000,右节点损失:2.310,总损失:2.310
------划分值:1.000,左节点损失:1.972,右节点损失:0.261,总损失:2.233
('----划分特征：', 500)
------划分值:0.000,左节点损失:0.000,右节点损失:2.310,总损失:2.310
------划分值:1.000,左节点损失:2.200,右节点损失:0.099,总损失:2.299
('----划分特征：', 501)
------划分值:0.000,左节点损失:0.000,右节点损失:2.310,总损失:2.310
------划分值:1.000,左节点损失:2.308,右节点损失:0.000,总损失:2.308
('----划分特征：', 502)
------划分值:0.000,左节点损失:0.000,右节点损失:2.310,总损失:2.310
------划分值:1.000,左节点损失:2.310,右节点损失:0.000,总损失:2.310
('----划分特征：', 503)
------划分值:0.000,左节点损失:0.000,右节点损失:2.310,总损失:2.310
('----划分特征：', 504)
------划分值:0.000,左节点损失:0.000,右节点损失:2.310,总损失:2.310
('----划分特征：', 505)
------划分值:0.000,左节点损失:0.000,右节点损失:2.310,总损失:2.310
('----划分特征：', 506)
------划分值:0.000,左节点损失:0.000,右节点损失:2.310,总损失:2.310
------划分值:1.000,左节点损失:2.310,右节点损失:0.000,总损失:2.310
('----划分特征：', 507)
------划分值:0.000,左节点损失:0.000,右节点损失:2.310,总损失:2.310
------划分值:1.000,左节点损失:2.308,右节点损失:0.000,总损失:2.308
('----划分特征：', 508)
------划分值:0.000,左节点损失:0.000,右节点损失:2.310,总损失:2.310
------划分值:1.000,左节点损失:2.123,右节点损失:0.166,总损失:2.289
('----划分特征：', 509)
------划分值:0.000,左节点损失:0.000,右节点损失:2.310,总损失:2.310
------划分值:1.000,左节点损失:1.598,右节点损失:0.525,总损失:2.123
('----划分特征：', 510)
------划分值:0.000,左节点损失:0.000,右节点损失:2.310,总损失:2.310
------划分值:1.000,左节点损失:0.982,右节点损失:0.924,总损失:1.906
('----划分特征：', 511)
------划分值:0.000,左节点损失:0.000,右节点损失:2.310,总损失:2.310
------划分值:1.000,左节点损失:0.645,右节点损失:1.219,总损失:1.864
('----划分特征：', 512)
------划分值:0.000,左节点损失:0.000,右节点损失:2.310,总损失:2.310
------划分值:1.000,左节点损失:0.820,右节点损失:1.221,总损失:2.041
('----划分特征：', 513)
------划分值:0.000,左节点损失:0.000,右节点损失:2.310,总损失:2.310
------划分值:1.000,左节点损失:1.308,右节点损失:0.952,总损失:2.260
('----划分特征：', 514)
------划分值:0.000,左节点损失:0.000,右节点损失:2.310,总损失:2.310
------划分值:1.000,左节点损失:1.775,右节点损失:0.530,总损失:2.306
('----划分特征：', 515)
------划分值:0.000,左节点损失:0.000,右节点损失:2.310,总损失:2.310
------划分值:1.000,左节点损失:2.013,右节点损失:0.251,总损失:2.264
('----划分特征：', 516)
------划分值:0.000,左节点损失:0.000,右节点损失:2.310,总损失:2.310
------划分值:1.000,左节点损失:2.066,右节点损失:0.170,总损失:2.236
('----划分特征：', 517)
------划分值:0.000,左节点损失:0.000,右节点损失:2.310,总损失:2.310
------划分值:1.000,左节点损失:2.047,右节点损失:0.153,总损失:2.200
('----划分特征：', 518)
------划分值:0.000,左节点损失:0.000,右节点损失:2.310,总损失:2.310
------划分值:1.000,左节点损失:1.959,右节点损失:0.233,总损失:2.192
('----划分特征：', 519)
------划分值:1.000,左节点损失:1.762,右节点损失:0.481,总损失:2.242
------划分值:0.000,左节点损失:0.000,右节点损失:2.310,总损失:2.310
('----划分特征：', 520)
------划分值:1.000,左节点损失:1.545,右节点损失:0.749,总损失:2.293
------划分值:0.000,左节点损失:0.000,右节点损失:2.310,总损失:2.310
('----划分特征：', 521)
------划分值:1.000,左节点损失:1.151,右节点损失:1.149,总损失:2.301
------划分值:0.000,左节点损失:0.000,右节点损失:2.310,总损失:2.310
('----划分特征：', 522)
------划分值:1.000,左节点损失:0.916,右节点损失:1.329,总损失:2.244
------划分值:0.000,左节点损失:0.000,右节点损失:2.310,总损失:2.310
('----划分特征：', 523)
------划分值:1.000,左节点损失:0.875,右节点损失:1.292,总损失:2.167
------划分值:0.000,左节点损失:0.000,右节点损失:2.310,总损失:2.310
('----划分特征：', 524)
------划分值:0.000,左节点损失:0.000,右节点损失:2.310,总损失:2.310
------划分值:1.000,左节点损失:1.159,右节点损失:1.009,总损失:2.168
('----划分特征：', 525)
------划分值:0.000,左节点损失:0.000,右节点损失:2.310,总损失:2.310
------划分值:1.000,左节点损失:1.464,右节点损失:0.721,总损失:2.185
('----划分特征：', 526)
------划分值:0.000,左节点损失:0.000,右节点损失:2.310,总损失:2.310
------划分值:1.000,左节点损失:1.825,右节点损失:0.415,总损失:2.240
('----划分特征：', 527)
------划分值:0.000,左节点损失:0.000,右节点损失:2.310,总损失:2.310
------划分值:1.000,左节点损失:2.115,右节点损失:0.176,总损失:2.291
('----划分特征：', 528)
------划分值:0.000,左节点损失:0.000,右节点损失:2.310,总损失:2.310
------划分值:1.000,左节点损失:2.268,右节点损失:0.041,总损失:2.309
('----划分特征：', 529)
------划分值:0.000,左节点损失:0.000,右节点损失:2.310,总损失:2.310
------划分值:1.000,左节点损失:2.309,右节点损失:0.000,总损失:2.309
('----划分特征：', 530)
------划分值:0.000,左节点损失:0.000,右节点损失:2.310,总损失:2.310
------划分值:1.000,左节点损失:2.310,右节点损失:0.000,总损失:2.310
('----划分特征：', 531)
------划分值:0.000,左节点损失:0.000,右节点损失:2.310,总损失:2.310
------划分值:1.000,左节点损失:2.310,右节点损失:0.000,总损失:2.310
('----划分特征：', 532)
------划分值:0.000,左节点损失:0.000,右节点损失:2.310,总损失:2.310
('----划分特征：', 533)
------划分值:0.000,左节点损失:0.000,右节点损失:2.310,总损失:2.310
('----划分特征：', 534)
------划分值:0.000,左节点损失:0.000,右节点损失:2.310,总损失:2.310
------划分值:1.000,左节点损失:2.310,右节点损失:0.000,总损失:2.310
('----划分特征：', 535)
------划分值:0.000,左节点损失:0.000,右节点损失:2.310,总损失:2.310
------划分值:1.000,左节点损失:2.300,右节点损失:0.008,总损失:2.308
('----划分特征：', 536)
------划分值:0.000,左节点损失:0.000,右节点损失:2.310,总损失:2.310
------划分值:1.000,左节点损失:2.136,右节点损失:0.164,总损失:2.300
('----划分特征：', 537)
------划分值:0.000,左节点损失:0.000,右节点损失:2.310,总损失:2.310
------划分值:1.000,左节点损失:1.615,右节点损失:0.557,总损失:2.171
('----划分特征：', 538)
------划分值:0.000,左节点损失:0.000,右节点损失:2.310,总损失:2.310
------划分值:1.000,左节点损失:1.056,右节点损失:0.952,总损失:2.008
('----划分特征：', 539)
------划分值:0.000,左节点损失:0.000,右节点损失:2.310,总损失:2.310
------划分值:1.000,左节点损失:0.653,右节点损失:1.256,总损失:1.909
('----划分特征：', 540)
------划分值:0.000,左节点损失:0.000,右节点损失:2.310,总损失:2.310
------划分值:1.000,左节点损失:0.736,右节点损失:1.299,总损失:2.035
('----划分特征：', 541)
------划分值:0.000,左节点损失:0.000,右节点损失:2.310,总损失:2.310
------划分值:1.000,左节点损失:1.107,右节点损失:1.118,总损失:2.225
('----划分特征：', 542)
------划分值:0.000,左节点损失:0.000,右节点损失:2.310,总损失:2.310
------划分值:1.000,左节点损失:1.517,右节点损失:0.791,总损失:2.307
('----划分特征：', 543)
------划分值:0.000,左节点损失:0.000,右节点损失:2.310,总损失:2.310
------划分值:1.000,左节点损失:1.752,右节点损失:0.547,总损失:2.300
('----划分特征：', 544)
------划分值:0.000,左节点损失:0.000,右节点损失:2.310,总损失:2.310
------划分值:1.000,左节点损失:1.815,右节点损失:0.464,总损失:2.278
('----划分特征：', 545)
------划分值:1.000,左节点损失:1.760,右节点损失:0.510,总损失:2.269
------划分值:0.000,左节点损失:0.000,右节点损失:2.310,总损失:2.310
('----划分特征：', 546)
------划分值:1.000,左节点损失:1.606,右节点损失:0.671,总损失:2.277
------划分值:0.000,左节点损失:0.000,右节点损失:2.310,总损失:2.310
('----划分特征：', 547)
------划分值:1.000,左节点损失:1.373,右节点损失:0.932,总损失:2.305
------划分值:0.000,左节点损失:0.000,右节点损失:2.310,总损失:2.310
('----划分特征：', 548)
------划分值:1.000,左节点损失:1.051,右节点损失:1.248,总损失:2.299
------划分值:0.000,左节点损失:0.000,右节点损失:2.310,总损失:2.310
('----划分特征：', 549)
------划分值:1.000,左节点损失:0.862,右节点损失:1.396,总损失:2.258
------划分值:0.000,左节点损失:0.000,右节点损失:2.310,总损失:2.310
('----划分特征：', 550)
------划分值:1.000,左节点损失:0.829,右节点损失:1.382,总损失:2.210
------划分值:0.000,左节点损失:0.000,右节点损失:2.310,总损失:2.310
('----划分特征：', 551)
------划分值:1.000,左节点损失:1.043,右节点损失:1.157,总损失:2.200
------划分值:0.000,左节点损失:0.000,右节点损失:2.310,总损失:2.310
('----划分特征：', 552)
------划分值:0.000,左节点损失:0.000,右节点损失:2.310,总损失:2.310
------划分值:1.000,左节点损失:1.403,右节点损失:0.825,总损失:2.227
('----划分特征：', 553)
------划分值:0.000,左节点损失:0.000,右节点损失:2.310,总损失:2.310
------划分值:1.000,左节点损失:1.696,右节点损失:0.551,总损失:2.247
('----划分特征：', 554)
------划分值:0.000,左节点损失:0.000,右节点损失:2.310,总损失:2.310
------划分值:1.000,左节点损失:2.036,右节点损失:0.257,总损失:2.293
('----划分特征：', 555)
------划分值:0.000,左节点损失:0.000,右节点损失:2.310,总损失:2.310
------划分值:1.000,左节点损失:2.194,右节点损失:0.112,总损失:2.306
('----划分特征：', 556)
------划分值:0.000,左节点损失:0.000,右节点损失:2.310,总损失:2.310
------划分值:1.000,左节点损失:2.293,右节点损失:0.016,总损失:2.309
('----划分特征：', 557)
------划分值:0.000,左节点损失:0.000,右节点损失:2.310,总损失:2.310
------划分值:1.000,左节点损失:2.309,右节点损失:0.000,总损失:2.309
('----划分特征：', 558)
------划分值:0.000,左节点损失:0.000,右节点损失:2.310,总损失:2.310
('----划分特征：', 559)
------划分值:0.000,左节点损失:0.000,右节点损失:2.310,总损失:2.310
('----划分特征：', 560)
------划分值:0.000,左节点损失:0.000,右节点损失:2.310,总损失:2.310
('----划分特征：', 561)
------划分值:0.000,左节点损失:0.000,右节点损失:2.310,总损失:2.310
('----划分特征：', 562)
------划分值:0.000,左节点损失:0.000,右节点损失:2.310,总损失:2.310
------划分值:1.000,左节点损失:2.309,右节点损失:0.000,总损失:2.309
('----划分特征：', 563)
------划分值:0.000,左节点损失:0.000,右节点损失:2.310,总损失:2.310
------划分值:1.000,左节点损失:2.303,右节点损失:0.004,总损失:2.308
('----划分特征：', 564)
------划分值:0.000,左节点损失:0.000,右节点损失:2.310,总损失:2.310
------划分值:1.000,左节点损失:2.167,右节点损失:0.139,总损失:2.307
('----划分特征：', 565)
------划分值:0.000,左节点损失:0.000,右节点损失:2.310,总损失:2.310
------划分值:1.000,左节点损失:1.830,右节点损失:0.430,总损失:2.261
('----划分特征：', 566)
------划分值:0.000,左节点损失:0.000,右节点损失:2.310,总损失:2.310
------划分值:1.000,左节点损失:1.255,右节点损失:0.875,总损失:2.130
('----划分特征：', 567)
------划分值:0.000,左节点损失:0.000,右节点损失:2.310,总损失:2.310
------划分值:1.000,左节点损失:0.777,右节点损失:1.245,总损失:2.022
('----划分特征：', 568)
------划分值:0.000,左节点损失:0.000,右节点损失:2.310,总损失:2.310
------划分值:1.000,左节点损失:0.655,右节点损失:1.390,总损失:2.046
('----划分特征：', 569)
------划分值:0.000,左节点损失:0.000,右节点损失:2.310,总损失:2.310
------划分值:1.000,左节点损失:0.729,右节点损失:1.415,总损失:2.144
('----划分特征：', 570)
------划分值:0.000,左节点损失:0.000,右节点损失:2.310,总损失:2.310
------划分值:1.000,左节点损失:1.012,右节点损失:1.244,总损失:2.256
('----划分特征：', 571)
------划分值:0.000,左节点损失:0.000,右节点损失:2.310,总损失:2.310
------划分值:1.000,左节点损失:1.287,右节点损失:1.018,总损失:2.305
('----划分特征：', 572)
------划分值:1.000,左节点损失:1.313,右节点损失:0.997,总损失:2.310
------划分值:0.000,左节点损失:0.000,右节点损失:2.310,总损失:2.310
('----划分特征：', 573)
------划分值:1.000,左节点损失:1.213,右节点损失:1.097,总损失:2.310
------划分值:0.000,左节点损失:0.000,右节点损失:2.310,总损失:2.310
('----划分特征：', 574)
------划分值:1.000,左节点损失:1.052,右节点损失:1.255,总损失:2.308
------划分值:0.000,左节点损失:0.000,右节点损失:2.310,总损失:2.310
('----划分特征：', 575)
------划分值:1.000,左节点损失:0.853,右节点损失:1.435,总损失:2.289
------划分值:0.000,左节点损失:0.000,右节点损失:2.310,总损失:2.310
('----划分特征：', 576)
------划分值:1.000,左节点损失:0.709,右节点损失:1.538,总损失:2.247
------划分值:0.000,左节点损失:0.000,右节点损失:2.310,总损失:2.310
('----划分特征：', 577)
------划分值:1.000,左节点损失:0.737,右节点损失:1.475,总损失:2.212
------划分值:0.000,左节点损失:0.000,右节点损失:2.310,总损失:2.310
('----划分特征：', 578)
------划分值:0.000,左节点损失:0.000,右节点损失:2.310,总损失:2.310
------划分值:1.000,左节点损失:1.020,右节点损失:1.208,总损失:2.228
('----划分特征：', 579)
------划分值:0.000,左节点损失:0.000,右节点损失:2.310,总损失:2.310
------划分值:1.000,左节点损失:1.393,右节点损失:0.868,总损失:2.261
('----划分特征：', 580)
------划分值:0.000,左节点损失:0.000,右节点损失:2.310,总损失:2.310
------划分值:1.000,左节点损失:1.687,右节点损失:0.587,总损失:2.274
('----划分特征：', 581)
------划分值:0.000,左节点损失:0.000,右节点损失:2.310,总损失:2.310
------划分值:1.000,左节点损失:1.974,右节点损失:0.322,总损失:2.296
('----划分特征：', 582)
------划分值:0.000,左节点损失:0.000,右节点损失:2.310,总损失:2.310
------划分值:1.000,左节点损失:2.163,右节点损失:0.145,总损失:2.308
('----划分特征：', 583)
------划分值:0.000,左节点损失:0.000,右节点损失:2.310,总损失:2.310
------划分值:1.000,左节点损失:2.263,右节点损失:0.047,总损失:2.310
('----划分特征：', 584)
------划分值:0.000,左节点损失:0.000,右节点损失:2.310,总损失:2.310
------划分值:1.000,左节点损失:2.301,右节点损失:0.008,总损失:2.309
('----划分特征：', 585)
------划分值:0.000,左节点损失:0.000,右节点损失:2.310,总损失:2.310
------划分值:1.000,左节点损失:2.309,右节点损失:0.000,总损失:2.309
('----划分特征：', 586)
------划分值:0.000,左节点损失:0.000,右节点损失:2.310,总损失:2.310
------划分值:1.000,左节点损失:2.306,右节点损失:0.003,总损失:2.309
('----划分特征：', 587)
------划分值:0.000,左节点损失:0.000,右节点损失:2.310,总损失:2.310
('----划分特征：', 588)
------划分值:0.000,左节点损失:0.000,右节点损失:2.310,总损失:2.310
('----划分特征：', 589)
------划分值:0.000,左节点损失:0.000,右节点损失:2.310,总损失:2.310
('----划分特征：', 590)
------划分值:0.000,左节点损失:0.000,右节点损失:2.310,总损失:2.310
------划分值:1.000,左节点损失:2.309,右节点损失:0.000,总损失:2.309
('----划分特征：', 591)
------划分值:0.000,左节点损失:0.000,右节点损失:2.310,总损失:2.310
------划分值:1.000,左节点损失:2.304,右节点损失:0.004,总损失:2.308
('----划分特征：', 592)
------划分值:0.000,左节点损失:0.000,右节点损失:2.310,总损失:2.310
------划分值:1.000,左节点损失:2.222,右节点损失:0.087,总损失:2.309
('----划分特征：', 593)
------划分值:0.000,左节点损失:0.000,右节点损失:2.310,总损失:2.310
------划分值:1.000,左节点损失:1.969,右节点损失:0.319,总损失:2.288
('----划分特征：', 594)
------划分值:0.000,左节点损失:0.000,右节点损失:2.310,总损失:2.310
------划分值:1.000,左节点损失:1.560,右节点损失:0.673,总损失:2.233
('----划分特征：', 595)
------划分值:0.000,左节点损失:0.000,右节点损失:2.310,总损失:2.310
------划分值:1.000,左节点损失:1.031,右节点损失:1.109,总损失:2.140
('----划分特征：', 596)
------划分值:0.000,左节点损失:0.000,右节点损失:2.310,总损失:2.310
------划分值:1.000,左节点损失:0.682,右节点损失:1.405,总损失:2.088
('----划分特征：', 597)
------划分值:0.000,左节点损失:0.000,右节点损失:2.310,总损失:2.310
------划分值:1.000,左节点损失:0.475,右节点损失:1.620,总损失:2.094
('----划分特征：', 598)
------划分值:1.000,左节点损失:0.477,右节点损失:1.672,总损失:2.149
------划分值:0.000,左节点损失:0.000,右节点损失:2.310,总损失:2.310
('----划分特征：', 599)
------划分值:1.000,左节点损失:0.587,右节点损失:1.634,总损失:2.221
------划分值:0.000,左节点损失:0.000,右节点损失:2.310,总损失:2.310
('----划分特征：', 600)
------划分值:1.000,左节点损失:0.671,右节点损失:1.589,总损失:2.260
------划分值:0.000,左节点损失:0.000,右节点损失:2.310,总损失:2.310
('----划分特征：', 601)
------划分值:1.000,左节点损失:0.650,右节点损失:1.618,总损失:2.267
------划分值:0.000,左节点损失:0.000,右节点损失:2.310,总损失:2.310
('----划分特征：', 602)
------划分值:1.000,左节点损失:0.611,右节点损失:1.647,总损失:2.258
------划分值:0.000,左节点损失:0.000,右节点损失:2.310,总损失:2.310
('----划分特征：', 603)
------划分值:1.000,左节点损失:0.575,右节点损失:1.655,总损失:2.229
------划分值:0.000,左节点损失:0.000,右节点损失:2.310,总损失:2.310
('----划分特征：', 604)
------划分值:0.000,左节点损失:0.000,右节点损失:2.310,总损失:2.310
------划分值:1.000,左节点损失:0.673,右节点损失:1.534,总损失:2.207
('----划分特征：', 605)
------划分值:0.000,左节点损失:0.000,右节点损失:2.310,总损失:2.310
------划分值:1.000,左节点损失:1.019,右节点损失:1.217,总损失:2.236
('----划分特征：', 606)
------划分值:0.000,左节点损失:0.000,右节点损失:2.310,总损失:2.310
------划分值:1.000,左节点损失:1.384,右节点损失:0.884,总损失:2.268
('----划分特征：', 607)
------划分值:0.000,左节点损失:0.000,右节点损失:2.310,总损失:2.310
------划分值:1.000,左节点损失:1.702,右节点损失:0.587,总损失:2.289
('----划分特征：', 608)
------划分值:0.000,左节点损失:0.000,右节点损失:2.310,总损失:2.310
------划分值:1.000,左节点损失:1.953,右节点损失:0.348,总损失:2.301
('----划分特征：', 609)
------划分值:0.000,左节点损失:0.000,右节点损失:2.310,总损失:2.310
------划分值:1.000,左节点损失:2.135,右节点损失:0.173,总损失:2.308
('----划分特征：', 610)
------划分值:0.000,左节点损失:0.000,右节点损失:2.310,总损失:2.310
------划分值:1.000,左节点损失:2.257,右节点损失:0.052,总损失:2.309
('----划分特征：', 611)
------划分值:0.000,左节点损失:0.000,右节点损失:2.310,总损失:2.310
------划分值:1.000,左节点损失:2.296,右节点损失:0.012,总损失:2.309
('----划分特征：', 612)
------划分值:0.000,左节点损失:0.000,右节点损失:2.310,总损失:2.310
------划分值:1.000,左节点损失:2.305,右节点损失:0.004,总损失:2.309
('----划分特征：', 613)
------划分值:0.000,左节点损失:0.000,右节点损失:2.310,总损失:2.310
------划分值:1.000,左节点损失:2.309,右节点损失:0.000,总损失:2.309
('----划分特征：', 614)
------划分值:0.000,左节点损失:0.000,右节点损失:2.310,总损失:2.310
------划分值:1.000,左节点损失:2.306,右节点损失:0.002,总损失:2.308
('----划分特征：', 615)
------划分值:0.000,左节点损失:0.000,右节点损失:2.310,总损失:2.310
('----划分特征：', 616)
------划分值:0.000,左节点损失:0.000,右节点损失:2.310,总损失:2.310
('----划分特征：', 617)
------划分值:0.000,左节点损失:0.000,右节点损失:2.310,总损失:2.310
('----划分特征：', 618)
------划分值:0.000,左节点损失:0.000,右节点损失:2.310,总损失:2.310
------划分值:1.000,左节点损失:2.310,右节点损失:0.000,总损失:2.310
('----划分特征：', 619)
------划分值:0.000,左节点损失:0.000,右节点损失:2.310,总损失:2.310
------划分值:1.000,左节点损失:2.305,右节点损失:0.004,总损失:2.309
('----划分特征：', 620)
------划分值:0.000,左节点损失:0.000,右节点损失:2.310,总损失:2.310
------划分值:1.000,左节点损失:2.285,右节点损失:0.024,总损失:2.309
('----划分特征：', 621)
------划分值:0.000,左节点损失:0.000,右节点损失:2.310,总损失:2.310
------划分值:1.000,左节点损失:2.121,右节点损失:0.180,总损失:2.301
('----划分特征：', 622)
------划分值:0.000,左节点损失:0.000,右节点损失:2.310,总损失:2.310
------划分值:1.000,左节点损失:1.854,右节点损失:0.421,总损失:2.276
('----划分特征：', 623)
------划分值:1.000,左节点损失:1.453,右节点损失:0.777,总损失:2.229
------划分值:0.000,左节点损失:0.000,右节点损失:2.310,总损失:2.310
('----划分特征：', 624)
------划分值:1.000,左节点损失:1.064,右节点损失:1.126,总损失:2.190
------划分值:0.000,左节点损失:0.000,右节点损失:2.310,总损失:2.310
('----划分特征：', 625)
------划分值:1.000,左节点损失:0.677,右节点损失:1.464,总损失:2.141
------划分值:0.000,左节点损失:0.000,右节点损失:2.310,总损失:2.310
('----划分特征：', 626)
------划分值:1.000,左节点损失:0.421,右节点损失:1.711,总损失:2.132
------划分值:0.000,左节点损失:0.000,右节点损失:2.310,总损失:2.310
('----划分特征：', 627)
------划分值:1.000,左节点损失:0.370,右节点损失:1.792,总损失:2.163
------划分值:0.000,左节点损失:0.000,右节点损失:2.310,总损失:2.310
('----划分特征：', 628)
------划分值:1.000,左节点损失:0.374,右节点损失:1.810,总损失:2.184
------划分值:0.000,左节点损失:0.000,右节点损失:2.310,总损失:2.310
('----划分特征：', 629)
------划分值:1.000,左节点损失:0.455,右节点损失:1.749,总损失:2.204
------划分值:0.000,左节点损失:0.000,右节点损失:2.310,总损失:2.310
('----划分特征：', 630)
------划分值:0.000,左节点损失:0.000,右节点损失:2.310,总损失:2.310
------划分值:1.000,左节点损失:0.548,右节点损失:1.661,总损失:2.209
('----划分特征：', 631)
------划分值:0.000,左节点损失:0.000,右节点损失:2.310,总损失:2.310
------划分值:1.000,左节点损失:0.822,右节点损失:1.415,总损失:2.237
('----划分特征：', 632)
------划分值:0.000,左节点损失:0.000,右节点损失:2.310,总损失:2.310
------划分值:1.000,左节点损失:1.167,右节点损失:1.098,总损失:2.265
('----划分特征：', 633)
------划分值:0.000,左节点损失:0.000,右节点损失:2.310,总损失:2.310
------划分值:1.000,左节点损失:1.546,右节点损失:0.745,总损失:2.291
('----划分特征：', 634)
------划分值:0.000,左节点损失:0.000,右节点损失:2.310,总损失:2.310
------划分值:1.000,左节点损失:1.802,右节点损失:0.500,总损失:2.302
('----划分特征：', 635)
------划分值:0.000,左节点损失:0.000,右节点损失:2.310,总损失:2.310
------划分值:1.000,左节点损失:2.016,右节点损失:0.292,总损失:2.308
('----划分特征：', 636)
------划分值:0.000,左节点损失:0.000,右节点损失:2.310,总损失:2.310
------划分值:1.000,左节点损失:2.159,右节点损失:0.151,总损失:2.310
('----划分特征：', 637)
------划分值:0.000,左节点损失:0.000,右节点损失:2.310,总损失:2.310
------划分值:1.000,左节点损失:2.256,右节点损失:0.053,总损失:2.309
('----划分特征：', 638)
------划分值:0.000,左节点损失:0.000,右节点损失:2.310,总损失:2.310
------划分值:1.000,左节点损失:2.288,右节点损失:0.021,总损失:2.309
('----划分特征：', 639)
------划分值:0.000,左节点损失:0.000,右节点损失:2.310,总损失:2.310
------划分值:1.000,左节点损失:2.305,右节点损失:0.004,总损失:2.309
('----划分特征：', 640)
------划分值:0.000,左节点损失:0.000,右节点损失:2.310,总损失:2.310
------划分值:1.000,左节点损失:2.309,右节点损失:0.000,总损失:2.309
('----划分特征：', 641)
------划分值:0.000,左节点损失:0.000,右节点损失:2.310,总损失:2.310
------划分值:1.000,左节点损失:2.309,右节点损失:0.000,总损失:2.309
('----划分特征：', 642)
------划分值:0.000,左节点损失:0.000,右节点损失:2.310,总损失:2.310
------划分值:1.000,左节点损失:2.306,右节点损失:0.000,总损失:2.306
('----划分特征：', 643)
------划分值:0.000,左节点损失:0.000,右节点损失:2.310,总损失:2.310
('----划分特征：', 644)
------划分值:0.000,左节点损失:0.000,右节点损失:2.310,总损失:2.310
('----划分特征：', 645)
------划分值:0.000,左节点损失:0.000,右节点损失:2.310,总损失:2.310
('----划分特征：', 646)
------划分值:0.000,左节点损失:0.000,右节点损失:2.310,总损失:2.310
------划分值:1.000,左节点损失:2.310,右节点损失:0.000,总损失:2.310
('----划分特征：', 647)
------划分值:0.000,左节点损失:0.000,右节点损失:2.310,总损失:2.310
------划分值:1.000,左节点损失:2.310,右节点损失:0.000,总损失:2.310
('----划分特征：', 648)
------划分值:0.000,左节点损失:0.000,右节点损失:2.310,总损失:2.310
------划分值:1.000,左节点损失:2.302,右节点损失:0.008,总损失:2.310
('----划分特征：', 649)
------划分值:1.000,左节点损失:2.256,右节点损失:0.053,总损失:2.310
------划分值:0.000,左节点损失:0.000,右节点损失:2.310,总损失:2.310
('----划分特征：', 650)
------划分值:1.000,左节点损失:2.169,右节点损失:0.139,总损失:2.308
------划分值:0.000,左节点损失:0.000,右节点损失:2.310,总损失:2.310
('----划分特征：', 651)
------划分值:1.000,左节点损失:2.004,右节点损失:0.300,总损失:2.304
------划分值:0.000,左节点损失:0.000,右节点损失:2.310,总损失:2.310
('----划分特征：', 652)
------划分值:1.000,左节点损失:1.719,右节点损失:0.572,总损失:2.292
------划分值:0.000,左节点损失:0.000,右节点损失:2.310,总损失:2.310
('----划分特征：', 653)
------划分值:1.000,左节点损失:1.379,右节点损失:0.893,总损失:2.272
------划分值:0.000,左节点损失:0.000,右节点损失:2.310,总损失:2.310
('----划分特征：', 654)
------划分值:1.000,左节点损失:1.147,右节点损失:1.120,总损失:2.267
------划分值:0.000,左节点损失:0.000,右节点损失:2.310,总损失:2.310
('----划分特征：', 655)
------划分值:1.000,左节点损失:0.919,右节点损失:1.330,总损失:2.249
------划分值:0.000,左节点损失:0.000,右节点损失:2.310,总损失:2.310
('----划分特征：', 656)
------划分值:1.000,左节点损失:0.899,右节点损失:1.352,总损失:2.251
------划分值:0.000,左节点损失:0.000,右节点损失:2.310,总损失:2.310
('----划分特征：', 657)
------划分值:0.000,左节点损失:0.000,右节点损失:2.310,总损失:2.310
------划分值:1.000,左节点损失:1.044,右节点损失:1.227,总损失:2.271
('----划分特征：', 658)
------划分值:0.000,左节点损失:0.000,右节点损失:2.310,总损失:2.310
------划分值:1.000,左节点损失:1.304,右节点损失:0.991,总损失:2.295
('----划分特征：', 659)
------划分值:0.000,左节点损失:0.000,右节点损失:2.310,总损失:2.310
------划分值:1.000,左节点损失:1.579,右节点损失:0.726,总损失:2.305
('----划分特征：', 660)
------划分值:0.000,左节点损失:0.000,右节点损失:2.310,总损失:2.310
------划分值:1.000,左节点损失:1.879,右节点损失:0.431,总损失:2.310
('----划分特征：', 661)
------划分值:0.000,左节点损失:0.000,右节点损失:2.310,总损失:2.310
------划分值:1.000,左节点损失:2.019,右节点损失:0.291,总损失:2.310
('----划分特征：', 662)
------划分值:0.000,左节点损失:0.000,右节点损失:2.310,总损失:2.310
------划分值:1.000,左节点损失:2.135,右节点损失:0.174,总损失:2.309
('----划分特征：', 663)
------划分值:0.000,左节点损失:0.000,右节点损失:2.310,总损失:2.310
------划分值:1.000,左节点损失:2.247,右节点损失:0.058,总损失:2.305
('----划分特征：', 664)
------划分值:0.000,左节点损失:0.000,右节点损失:2.310,总损失:2.310
------划分值:1.000,左节点损失:2.277,右节点损失:0.029,总损失:2.307
('----划分特征：', 665)
------划分值:0.000,左节点损失:0.000,右节点损失:2.310,总损失:2.310
------划分值:1.000,左节点损失:2.298,右节点损失:0.008,总损失:2.307
('----划分特征：', 666)
------划分值:0.000,左节点损失:0.000,右节点损失:2.310,总损失:2.310
------划分值:1.000,左节点损失:2.304,右节点损失:0.004,总损失:2.308
('----划分特征：', 667)
------划分值:0.000,左节点损失:0.000,右节点损失:2.310,总损失:2.310
------划分值:1.000,左节点损失:2.309,右节点损失:0.000,总损失:2.309
('----划分特征：', 668)
------划分值:0.000,左节点损失:0.000,右节点损失:2.310,总损失:2.310
------划分值:1.000,左节点损失:2.310,右节点损失:0.000,总损失:2.310
('----划分特征：', 669)
------划分值:0.000,左节点损失:0.000,右节点损失:2.310,总损失:2.310
('----划分特征：', 670)
------划分值:0.000,左节点损失:0.000,右节点损失:2.310,总损失:2.310
('----划分特征：', 671)
------划分值:0.000,左节点损失:0.000,右节点损失:2.310,总损失:2.310
('----划分特征：', 672)
------划分值:0.000,左节点损失:0.000,右节点损失:2.310,总损失:2.310
('----划分特征：', 673)
------划分值:0.000,左节点损失:0.000,右节点损失:2.310,总损失:2.310
('----划分特征：', 674)
------划分值:0.000,左节点损失:0.000,右节点损失:2.310,总损失:2.310
('----划分特征：', 675)
------划分值:0.000,左节点损失:0.000,右节点损失:2.310,总损失:2.310
------划分值:1.000,左节点损失:2.310,右节点损失:0.000,总损失:2.310
('----划分特征：', 676)
------划分值:1.000,左节点损失:2.306,右节点损失:0.004,总损失:2.310
------划分值:0.000,左节点损失:0.000,右节点损失:2.310,总损失:2.310
('----划分特征：', 677)
------划分值:1.000,左节点损失:2.301,右节点损失:0.008,总损失:2.309
------划分值:0.000,左节点损失:0.000,右节点损失:2.310,总损失:2.310
('----划分特征：', 678)
------划分值:1.000,左节点损失:2.295,右节点损失:0.013,总损失:2.308
------划分值:0.000,左节点损失:0.000,右节点损失:2.310,总损失:2.310
('----划分特征：', 679)
------划分值:1.000,左节点损失:2.272,右节点损失:0.033,总损失:2.306
------划分值:0.000,左节点损失:0.000,右节点损失:2.310,总损失:2.310
('----划分特征：', 680)
------划分值:1.000,左节点损失:2.232,右节点损失:0.071,总损失:2.303
------划分值:0.000,左节点损失:0.000,右节点损失:2.310,总损失:2.310
('----划分特征：', 681)
------划分值:1.000,左节点损失:2.162,右节点损失:0.140,总损失:2.302
------划分值:0.000,左节点损失:0.000,右节点损失:2.310,总损失:2.310
('----划分特征：', 682)
------划分值:1.000,左节点损失:2.060,右节点损失:0.243,总损失:2.304
------划分值:0.000,左节点损失:0.000,右节点损失:2.310,总损失:2.310
('----划分特征：', 683)
------划分值:0.000,左节点损失:0.000,右节点损失:2.310,总损失:2.310
------划分值:1.000,左节点损失:1.999,右节点损失:0.306,总损失:2.305
('----划分特征：', 684)
------划分值:0.000,左节点损失:0.000,右节点损失:2.310,总损失:2.310
------划分值:1.000,左节点损失:1.960,右节点损失:0.347,总损失:2.307
('----划分特征：', 685)
------划分值:0.000,左节点损失:0.000,右节点损失:2.310,总损失:2.310
------划分值:1.000,左节点损失:1.985,右节点损失:0.321,总损失:2.306
('----划分特征：', 686)
------划分值:0.000,左节点损失:0.000,右节点损失:2.310,总损失:2.310
------划分值:1.000,左节点损失:2.060,右节点损失:0.244,总损失:2.303
('----划分特征：', 687)
------划分值:0.000,左节点损失:0.000,右节点损失:2.310,总损失:2.310
------划分值:1.000,左节点损失:2.139,右节点损失:0.164,总损失:2.303
('----划分特征：', 688)
------划分值:0.000,左节点损失:0.000,右节点损失:2.310,总损失:2.310
------划分值:1.000,左节点损失:2.210,右节点损失:0.091,总损失:2.301
('----划分特征：', 689)
------划分值:0.000,左节点损失:0.000,右节点损失:2.310,总损失:2.310
------划分值:1.000,左节点损失:2.256,右节点损失:0.046,总损失:2.302
('----划分特征：', 690)
------划分值:0.000,左节点损失:0.000,右节点损失:2.310,总损失:2.310
------划分值:1.000,左节点损失:2.281,右节点损失:0.021,总损失:2.303
('----划分特征：', 691)
------划分值:0.000,左节点损失:0.000,右节点损失:2.310,总损失:2.310
------划分值:1.000,左节点损失:2.296,右节点损失:0.009,总损失:2.304
('----划分特征：', 692)
------划分值:0.000,左节点损失:0.000,右节点损失:2.310,总损失:2.310
------划分值:1.000,左节点损失:2.298,右节点损失:0.009,总损失:2.307
('----划分特征：', 693)
------划分值:0.000,左节点损失:0.000,右节点损失:2.310,总损失:2.310
------划分值:1.000,左节点损失:2.304,右节点损失:0.004,总损失:2.308
('----划分特征：', 694)
------划分值:0.000,左节点损失:0.000,右节点损失:2.310,总损失:2.310
------划分值:1.000,左节点损失:2.309,右节点损失:0.000,总损失:2.309
('----划分特征：', 695)
------划分值:0.000,左节点损失:0.000,右节点损失:2.310,总损失:2.310
------划分值:1.000,左节点损失:2.309,右节点损失:0.000,总损失:2.309
('----划分特征：', 696)
------划分值:0.000,左节点损失:0.000,右节点损失:2.310,总损失:2.310
------划分值:1.000,左节点损失:2.310,右节点损失:0.000,总损失:2.310
('----划分特征：', 697)
------划分值:0.000,左节点损失:0.000,右节点损失:2.310,总损失:2.310
('----划分特征：', 698)
------划分值:0.000,左节点损失:0.000,右节点损失:2.310,总损失:2.310
('----划分特征：', 699)
------划分值:0.000,左节点损失:0.000,右节点损失:2.310,总损失:2.310
('----划分特征：', 700)
------划分值:0.000,左节点损失:0.000,右节点损失:2.310,总损失:2.310
('----划分特征：', 701)
------划分值:0.000,左节点损失:0.000,右节点损失:2.310,总损失:2.310
('----划分特征：', 702)
------划分值:0.000,左节点损失:0.000,右节点损失:2.310,总损失:2.310
('----划分特征：', 703)
------划分值:0.000,左节点损失:0.000,右节点损失:2.310,总损失:2.310
('----划分特征：', 704)
------划分值:0.000,左节点损失:0.000,右节点损失:2.310,总损失:2.310
------划分值:1.000,左节点损失:2.310,右节点损失:0.000,总损失:2.310
('----划分特征：', 705)
------划分值:0.000,左节点损失:0.000,右节点损失:2.310,总损失:2.310
------划分值:1.000,左节点损失:2.309,右节点损失:0.000,总损失:2.309
('----划分特征：', 706)
------划分值:0.000,左节点损失:0.000,右节点损失:2.310,总损失:2.310
------划分值:1.000,左节点损失:2.308,右节点损失:0.000,总损失:2.308
('----划分特征：', 707)
------划分值:0.000,左节点损失:0.000,右节点损失:2.310,总损失:2.310
------划分值:1.000,左节点损失:2.306,右节点损失:0.000,总损失:2.306
('----划分特征：', 708)
------划分值:0.000,左节点损失:0.000,右节点损失:2.310,总损失:2.310
------划分值:1.000,左节点损失:2.302,右节点损失:0.000,总损失:2.302
('----划分特征：', 709)
------划分值:0.000,左节点损失:0.000,右节点损失:2.310,总损失:2.310
------划分值:1.000,左节点损失:2.297,右节点损失:0.000,总损失:2.297
('----划分特征：', 710)
------划分值:0.000,左节点损失:0.000,右节点损失:2.310,总损失:2.310
------划分值:1.000,左节点损失:2.290,右节点损失:0.004,总损失:2.294
('----划分特征：', 711)
------划分值:0.000,左节点损失:0.000,右节点损失:2.310,总损失:2.310
------划分值:1.000,左节点损失:2.285,右节点损失:0.009,总损失:2.294
('----划分特征：', 712)
------划分值:0.000,左节点损失:0.000,右节点损失:2.310,总损失:2.310
------划分值:1.000,左节点损失:2.286,右节点损失:0.009,总损失:2.295
('----划分特征：', 713)
------划分值:0.000,左节点损失:0.000,右节点损失:2.310,总损失:2.310
------划分值:1.000,左节点损失:2.283,右节点损失:0.013,总损失:2.296
('----划分特征：', 714)
------划分值:0.000,左节点损失:0.000,右节点损失:2.310,总损失:2.310
------划分值:1.000,左节点损失:2.289,右节点损失:0.009,总损失:2.297
('----划分特征：', 715)
------划分值:0.000,左节点损失:0.000,右节点损失:2.310,总损失:2.310
------划分值:1.000,左节点损失:2.294,右节点损失:0.004,总损失:2.299
('----划分特征：', 716)
------划分值:0.000,左节点损失:0.000,右节点损失:2.310,总损失:2.310
------划分值:1.000,左节点损失:2.300,右节点损失:0.000,总损失:2.300
('----划分特征：', 717)
------划分值:0.000,左节点损失:0.000,右节点损失:2.310,总损失:2.310
------划分值:1.000,左节点损失:2.303,右节点损失:0.000,总损失:2.303
('----划分特征：', 718)
------划分值:0.000,左节点损失:0.000,右节点损失:2.310,总损失:2.310
------划分值:1.000,左节点损失:2.305,右节点损失:0.000,总损失:2.305
('----划分特征：', 719)
------划分值:0.000,左节点损失:0.000,右节点损失:2.310,总损失:2.310
------划分值:1.000,左节点损失:2.307,右节点损失:0.000,总损失:2.307
('----划分特征：', 720)
------划分值:0.000,左节点损失:0.000,右节点损失:2.310,总损失:2.310
------划分值:1.000,左节点损失:2.308,右节点损失:0.000,总损失:2.308
('----划分特征：', 721)
------划分值:0.000,左节点损失:0.000,右节点损失:2.310,总损失:2.310
------划分值:1.000,左节点损失:2.309,右节点损失:0.000,总损失:2.309
('----划分特征：', 722)
------划分值:0.000,左节点损失:0.000,右节点损失:2.310,总损失:2.310
------划分值:1.000,左节点损失:2.309,右节点损失:0.000,总损失:2.309
('----划分特征：', 723)
------划分值:0.000,左节点损失:0.000,右节点损失:2.310,总损失:2.310
------划分值:1.000,左节点损失:2.310,右节点损失:0.000,总损失:2.310
('----划分特征：', 724)
------划分值:0.000,左节点损失:0.000,右节点损失:2.310,总损失:2.310
('----划分特征：', 725)
------划分值:0.000,左节点损失:0.000,右节点损失:2.310,总损失:2.310
('----划分特征：', 726)
------划分值:0.000,左节点损失:0.000,右节点损失:2.310,总损失:2.310
('----划分特征：', 727)
------划分值:0.000,左节点损失:0.000,右节点损失:2.310,总损失:2.310
('----划分特征：', 728)
------划分值:0.000,左节点损失:0.000,右节点损失:2.310,总损失:2.310
('----划分特征：', 729)
------划分值:0.000,左节点损失:0.000,右节点损失:2.310,总损失:2.310
('----划分特征：', 730)
------划分值:0.000,左节点损失:0.000,右节点损失:2.310,总损失:2.310
('----划分特征：', 731)
------划分值:0.000,左节点损失:0.000,右节点损失:2.310,总损失:2.310
('----划分特征：', 732)
------划分值:0.000,左节点损失:0.000,右节点损失:2.310,总损失:2.310
------划分值:1.000,左节点损失:2.310,右节点损失:0.000,总损失:2.310
('----划分特征：', 733)
------划分值:0.000,左节点损失:0.000,右节点损失:2.310,总损失:2.310
------划分值:1.000,左节点损失:2.310,右节点损失:0.000,总损失:2.310
('----划分特征：', 734)
------划分值:0.000,左节点损失:0.000,右节点损失:2.310,总损失:2.310
------划分值:1.000,左节点损失:2.309,右节点损失:0.000,总损失:2.309
('----划分特征：', 735)
------划分值:0.000,左节点损失:0.000,右节点损失:2.310,总损失:2.310
------划分值:1.000,左节点损失:2.308,右节点损失:0.000,总损失:2.308
('----划分特征：', 736)
------划分值:0.000,左节点损失:0.000,右节点损失:2.310,总损失:2.310
------划分值:1.000,左节点损失:2.306,右节点损失:0.000,总损失:2.306
('----划分特征：', 737)
------划分值:0.000,左节点损失:0.000,右节点损失:2.310,总损失:2.310
------划分值:1.000,左节点损失:2.305,右节点损失:0.000,总损失:2.305
('----划分特征：', 738)
------划分值:0.000,左节点损失:0.000,右节点损失:2.310,总损失:2.310
------划分值:1.000,左节点损失:2.304,右节点损失:0.000,总损失:2.304
('----划分特征：', 739)
------划分值:0.000,左节点损失:0.000,右节点损失:2.310,总损失:2.310
------划分值:1.000,左节点损失:2.304,右节点损失:0.000,总损失:2.304
('----划分特征：', 740)
------划分值:0.000,左节点损失:0.000,右节点损失:2.310,总损失:2.310
------划分值:1.000,左节点损失:2.305,右节点损失:0.000,总损失:2.305
('----划分特征：', 741)
------划分值:0.000,左节点损失:0.000,右节点损失:2.310,总损失:2.310
------划分值:1.000,左节点损失:2.305,右节点损失:0.000,总损失:2.305
('----划分特征：', 742)
------划分值:0.000,左节点损失:0.000,右节点损失:2.310,总损失:2.310
------划分值:1.000,左节点损失:2.305,右节点损失:0.000,总损失:2.305
('----划分特征：', 743)
------划分值:0.000,左节点损失:0.000,右节点损失:2.310,总损失:2.310
------划分值:1.000,左节点损失:2.306,右节点损失:0.000,总损失:2.306
('----划分特征：', 744)
------划分值:0.000,左节点损失:0.000,右节点损失:2.310,总损失:2.310
------划分值:1.000,左节点损失:2.306,右节点损失:0.000,总损失:2.306
('----划分特征：', 745)
------划分值:0.000,左节点损失:0.000,右节点损失:2.310,总损失:2.310
------划分值:1.000,左节点损失:2.307,右节点损失:0.000,总损失:2.307
('----划分特征：', 746)
------划分值:0.000,左节点损失:0.000,右节点损失:2.310,总损失:2.310
------划分值:1.000,左节点损失:2.308,右节点损失:0.000,总损失:2.308
('----划分特征：', 747)
------划分值:0.000,左节点损失:0.000,右节点损失:2.310,总损失:2.310
------划分值:1.000,左节点损失:2.309,右节点损失:0.000,总损失:2.309
('----划分特征：', 748)
------划分值:0.000,左节点损失:0.000,右节点损失:2.310,总损失:2.310
------划分值:1.000,左节点损失:2.309,右节点损失:0.000,总损失:2.309
('----划分特征：', 749)
------划分值:0.000,左节点损失:0.000,右节点损失:2.310,总损失:2.310
------划分值:1.000,左节点损失:2.309,右节点损失:0.000,总损失:2.309
('----划分特征：', 750)
------划分值:0.000,左节点损失:0.000,右节点损失:2.310,总损失:2.310
------划分值:1.000,左节点损失:2.310,右节点损失:0.000,总损失:2.310
('----划分特征：', 751)
------划分值:0.000,左节点损失:0.000,右节点损失:2.310,总损失:2.310
------划分值:1.000,左节点损失:2.310,右节点损失:0.000,总损失:2.310
('----划分特征：', 752)
------划分值:0.000,左节点损失:0.000,右节点损失:2.310,总损失:2.310
('----划分特征：', 753)
------划分值:0.000,左节点损失:0.000,右节点损失:2.310,总损失:2.310
('----划分特征：', 754)
------划分值:0.000,左节点损失:0.000,右节点损失:2.310,总损失:2.310
('----划分特征：', 755)
------划分值:0.000,左节点损失:0.000,右节点损失:2.310,总损失:2.310
('----划分特征：', 756)
------划分值:0.000,左节点损失:0.000,右节点损失:2.310,总损失:2.310
('----划分特征：', 757)
------划分值:0.000,左节点损失:0.000,右节点损失:2.310,总损失:2.310
('----划分特征：', 758)
------划分值:0.000,左节点损失:0.000,右节点损失:2.310,总损失:2.310
('----划分特征：', 759)
------划分值:0.000,左节点损失:0.000,右节点损失:2.310,总损失:2.310
('----划分特征：', 760)
------划分值:0.000,左节点损失:0.000,右节点损失:2.310,总损失:2.310
('----划分特征：', 761)
------划分值:0.000,左节点损失:0.000,右节点损失:2.310,总损失:2.310
------划分值:1.000,左节点损失:2.310,右节点损失:0.000,总损失:2.310
('----划分特征：', 762)
------划分值:0.000,左节点损失:0.000,右节点损失:2.310,总损失:2.310
------划分值:1.000,左节点损失:2.310,右节点损失:0.000,总损失:2.310
('----划分特征：', 763)
------划分值:0.000,左节点损失:0.000,右节点损失:2.310,总损失:2.310
------划分值:1.000,左节点损失:2.310,右节点损失:0.000,总损失:2.310
('----划分特征：', 764)
------划分值:0.000,左节点损失:0.000,右节点损失:2.310,总损失:2.310
------划分值:1.000,左节点损失:2.310,右节点损失:0.000,总损失:2.310
('----划分特征：', 765)
------划分值:0.000,左节点损失:0.000,右节点损失:2.310,总损失:2.310
------划分值:1.000,左节点损失:2.310,右节点损失:0.000,总损失:2.310
('----划分特征：', 766)
------划分值:0.000,左节点损失:0.000,右节点损失:2.310,总损失:2.310
------划分值:1.000,左节点损失:2.309,右节点损失:0.000,总损失:2.309
('----划分特征：', 767)
------划分值:0.000,左节点损失:0.000,右节点损失:2.310,总损失:2.310
------划分值:1.000,左节点损失:2.309,右节点损失:0.000,总损失:2.309
('----划分特征：', 768)
------划分值:0.000,左节点损失:0.000,右节点损失:2.310,总损失:2.310
------划分值:1.000,左节点损失:2.309,右节点损失:0.000,总损失:2.309
('----划分特征：', 769)
------划分值:0.000,左节点损失:0.000,右节点损失:2.310,总损失:2.310
------划分值:1.000,左节点损失:2.309,右节点损失:0.000,总损失:2.309
('----划分特征：', 770)
------划分值:0.000,左节点损失:0.000,右节点损失:2.310,总损失:2.310
------划分值:1.000,左节点损失:2.309,右节点损失:0.000,总损失:2.309
('----划分特征：', 771)
------划分值:0.000,左节点损失:0.000,右节点损失:2.310,总损失:2.310
------划分值:1.000,左节点损失:2.309,右节点损失:0.000,总损失:2.309
('----划分特征：', 772)
------划分值:0.000,左节点损失:0.000,右节点损失:2.310,总损失:2.310
------划分值:1.000,左节点损失:2.309,右节点损失:0.000,总损失:2.309
('----划分特征：', 773)
------划分值:0.000,左节点损失:0.000,右节点损失:2.310,总损失:2.310
------划分值:1.000,左节点损失:2.310,右节点损失:0.000,总损失:2.310
('----划分特征：', 774)
------划分值:0.000,左节点损失:0.000,右节点损失:2.310,总损失:2.310
------划分值:1.000,左节点损失:2.310,右节点损失:0.000,总损失:2.310
('----划分特征：', 775)
------划分值:0.000,左节点损失:0.000,右节点损失:2.310,总损失:2.310
------划分值:1.000,左节点损失:2.310,右节点损失:0.000,总损失:2.310
('----划分特征：', 776)
------划分值:0.000,左节点损失:0.000,右节点损失:2.310,总损失:2.310
------划分值:1.000,左节点损失:2.310,右节点损失:0.000,总损失:2.310
('----划分特征：', 777)
------划分值:0.000,左节点损失:0.000,右节点损失:2.310,总损失:2.310
------划分值:1.000,左节点损失:2.310,右节点损失:0.000,总损失:2.310
('----划分特征：', 778)
------划分值:0.000,左节点损失:0.000,右节点损失:2.310,总损失:2.310
('----划分特征：', 779)
------划分值:0.000,左节点损失:0.000,右节点损失:2.310,总损失:2.310
('----划分特征：', 780)
------划分值:0.000,左节点损失:0.000,右节点损失:2.310,总损失:2.310
('----划分特征：', 781)
------划分值:0.000,左节点损失:0.000,右节点损失:2.310,总损失:2.310
('----划分特征：', 782)
------划分值:0.000,左节点损失:0.000,右节点损失:2.310,总损失:2.310
('----划分特征：', 783)
------划分值:0.000,左节点损失:0.000,右节点损失:2.310,总损失:2.310
('----划分特征：', 'label')
------划分值:0.000,左节点损失:0.000,右节点损失:2.310,总损失:2.310
------划分值:1.000,左节点损失:0.000,右节点损失:0.000,总损失:0.000
('----划分特征：', 'f_0')
------划分值:-2.212,左节点损失:0.000,右节点损失:2.310,总损失:2.310
('----划分特征：', 'res_1')
------划分值:-0.099,左节点损失:0.000,右节点损失:2.310,总损失:2.310
------划分值:0.901,左节点损失:0.000,右节点损失:0.000,总损失:0.000
('----划分特征：', 'f_1')
------划分值:-2.323,左节点损失:0.000,右节点损失:2.310,总损失:2.310
------划分值:-1.199,左节点损失:0.000,右节点损失:0.000,总损失:0.000
('----划分特征：', 'res_2')
------划分值:-0.089,左节点损失:0.000,右节点损失:2.310,总损失:2.310
------划分值:0.768,左节点损失:0.000,右节点损失:0.000,总损失:0.000
('----划分特征：', 'f_2')
------划分值:-2.433,左节点损失:0.000,右节点损失:2.310,总损失:2.310
------划分值:-0.767,左节点损失:0.000,右节点损失:0.000,总损失:0.000
('----划分特征：', 'res_3')
------划分值:-0.081,左节点损失:0.000,右节点损失:2.310,总损失:2.310
------划分值:0.683,左节点损失:0.000,右节点损失:0.000,总损失:0.000
('----划分特征：', 'f_3')
------划分值:-2.542,左节点损失:0.000,右节点损失:2.310,总损失:2.310
------划分值:-0.452,左节点损失:0.000,右节点损失:0.000,总损失:0.000
('----划分特征：', 'res_4')
------划分值:-0.073,左节点损失:0.000,右节点损失:2.310,总损失:2.310
------划分值:0.611,左节点损失:0.000,右节点损失:0.000,总损失:0.000
('----划分特征：', 'f_4')
------划分值:-2.650,左节点损失:0.000,右节点损失:2.310,总损失:2.310
------划分值:-0.195,左节点损失:0.000,右节点损失:0.000,总损失:0.000
('----划分特征：', 'res_5')
------划分值:-0.066,左节点损失:0.000,右节点损失:2.310,总损失:2.310
------划分值:0.549,左节点损失:0.000,右节点损失:0.000,总损失:0.000
('----划分特征：', 'f_5')
------划分值:-2.757,左节点损失:0.000,右节点损失:2.310,总损失:2.310
------划分值:0.027,左节点损失:0.000,右节点损失:0.000,总损失:0.000
('----划分特征：', 'res_6')
------划分值:-0.060,左节点损失:0.000,右节点损失:2.310,总损失:2.310
------划分值:0.493,左节点损失:0.000,右节点损失:0.000,总损失:0.000
('----划分特征：', 'f_6')
------划分值:-2.863,左节点损失:0.000,右节点损失:2.310,总损失:2.310
------划分值:0.224,左节点损失:0.000,右节点损失:0.000,总损失:0.000
('----划分特征：', 'res_7')
------划分值:-0.054,左节点损失:0.000,右节点损失:2.310,总损失:2.310
------划分值:0.444,左节点损失:0.000,右节点损失:0.000,总损失:0.000
('----划分特征：', 'f_7')
------划分值:-2.969,左节点损失:0.000,右节点损失:2.310,总损失:2.310
------划分值:0.404,左节点损失:0.000,右节点损失:0.000,总损失:0.000
('----划分特征：', 'res_8')
------划分值:-0.049,左节点损失:0.000,右节点损失:2.310,总损失:2.310
------划分值:0.400,左节点损失:0.000,右节点损失:0.000,总损失:0.000
('----划分特征：', 'f_8')
------划分值:-3.074,左节点损失:0.000,右节点损失:2.310,总损失:2.310
------划分值:0.571,左节点损失:0.000,右节点损失:0.000,总损失:0.000
('----划分特征：', 'res_9')
------划分值:-0.044,左节点损失:0.000,右节点损失:2.310,总损失:2.310
------划分值:0.361,左节点损失:0.000,右节点损失:0.000,总损失:0.000
('----划分特征：', 'f_9')
------划分值:-3.178,左节点损失:0.000,右节点损失:2.310,总损失:2.310
------划分值:0.727,左节点损失:0.000,右节点损失:0.000,总损失:0.000
('----划分特征：', 'res_10')
------划分值:-0.040,左节点损失:0.000,右节点损失:2.310,总损失:2.310
------划分值:0.326,左节点损失:0.000,右节点损失:0.000,总损失:0.000
('--最佳划分特征：', 'label')
('--最佳划分值：', 1)
('叶子节点预测值：', -1.0073459413983226)
('叶子节点预测值：', 1.0621368627022298)
第27棵树: log-likelihood:9.0634
