-----------------------------构建第29颗树-----------------------------
--树的深度：0
('----划分特征：', 1)
------划分值:0.000,左节点损失:0.000,右节点损失:1.547,总损失:1.547
('----划分特征：', 2)
------划分值:0.000,左节点损失:0.000,右节点损失:1.547,总损失:1.547
('----划分特征：', 3)
------划分值:0.000,左节点损失:0.000,右节点损失:1.547,总损失:1.547
('----划分特征：', 4)
------划分值:0.000,左节点损失:0.000,右节点损失:1.547,总损失:1.547
('----划分特征：', 5)
------划分值:0.000,左节点损失:0.000,右节点损失:1.547,总损失:1.547
('----划分特征：', 6)
------划分值:0.000,左节点损失:0.000,右节点损失:1.547,总损失:1.547
('----划分特征：', 7)
------划分值:0.000,左节点损失:0.000,右节点损失:1.547,总损失:1.547
('----划分特征：', 8)
------划分值:0.000,左节点损失:0.000,右节点损失:1.547,总损失:1.547
('----划分特征：', 9)
------划分值:0.000,左节点损失:0.000,右节点损失:1.547,总损失:1.547
('----划分特征：', 10)
------划分值:0.000,左节点损失:0.000,右节点损失:1.547,总损失:1.547
('----划分特征：', 11)
------划分值:0.000,左节点损失:0.000,右节点损失:1.547,总损失:1.547
('----划分特征：', 12)
------划分值:0.000,左节点损失:0.000,右节点损失:1.547,总损失:1.547
('----划分特征：', 13)
------划分值:0.000,左节点损失:0.000,右节点损失:1.547,总损失:1.547
('----划分特征：', 14)
------划分值:0.000,左节点损失:0.000,右节点损失:1.547,总损失:1.547
('----划分特征：', 15)
------划分值:0.000,左节点损失:0.000,右节点损失:1.547,总损失:1.547
('----划分特征：', 16)
------划分值:0.000,左节点损失:0.000,右节点损失:1.547,总损失:1.547
('----划分特征：', 17)
------划分值:0.000,左节点损失:0.000,右节点损失:1.547,总损失:1.547
('----划分特征：', 18)
------划分值:0.000,左节点损失:0.000,右节点损失:1.547,总损失:1.547
('----划分特征：', 19)
------划分值:0.000,左节点损失:0.000,右节点损失:1.547,总损失:1.547
('----划分特征：', 20)
------划分值:0.000,左节点损失:0.000,右节点损失:1.547,总损失:1.547
('----划分特征：', 21)
------划分值:0.000,左节点损失:0.000,右节点损失:1.547,总损失:1.547
('----划分特征：', 22)
------划分值:0.000,左节点损失:0.000,右节点损失:1.547,总损失:1.547
('----划分特征：', 23)
------划分值:0.000,左节点损失:0.000,右节点损失:1.547,总损失:1.547
('----划分特征：', 24)
------划分值:0.000,左节点损失:0.000,右节点损失:1.547,总损失:1.547
('----划分特征：', 25)
------划分值:0.000,左节点损失:0.000,右节点损失:1.547,总损失:1.547
('----划分特征：', 26)
------划分值:0.000,左节点损失:0.000,右节点损失:1.547,总损失:1.547
('----划分特征：', 27)
------划分值:0.000,左节点损失:0.000,右节点损失:1.547,总损失:1.547
('----划分特征：', 28)
------划分值:0.000,左节点损失:0.000,右节点损失:1.547,总损失:1.547
('----划分特征：', 29)
------划分值:0.000,左节点损失:0.000,右节点损失:1.547,总损失:1.547
('----划分特征：', 30)
------划分值:0.000,左节点损失:0.000,右节点损失:1.547,总损失:1.547
('----划分特征：', 31)
------划分值:0.000,左节点损失:0.000,右节点损失:1.547,总损失:1.547
('----划分特征：', 32)
------划分值:0.000,左节点损失:0.000,右节点损失:1.547,总损失:1.547
('----划分特征：', 33)
------划分值:0.000,左节点损失:0.000,右节点损失:1.547,总损失:1.547
('----划分特征：', 34)
------划分值:0.000,左节点损失:0.000,右节点损失:1.547,总损失:1.547
('----划分特征：', 35)
------划分值:0.000,左节点损失:0.000,右节点损失:1.547,总损失:1.547
('----划分特征：', 36)
------划分值:0.000,左节点损失:0.000,右节点损失:1.547,总损失:1.547
------划分值:1.000,左节点损失:1.547,右节点损失:0.000,总损失:1.547
('----划分特征：', 37)
------划分值:0.000,左节点损失:0.000,右节点损失:1.547,总损失:1.547
------划分值:1.000,左节点损失:1.547,右节点损失:0.000,总损失:1.547
('----划分特征：', 38)
------划分值:0.000,左节点损失:0.000,右节点损失:1.547,总损失:1.547
------划分值:1.000,左节点损失:1.547,右节点损失:0.000,总损失:1.547
('----划分特征：', 39)
------划分值:0.000,左节点损失:0.000,右节点损失:1.547,总损失:1.547
------划分值:1.000,左节点损失:1.547,右节点损失:0.000,总损失:1.547
('----划分特征：', 40)
------划分值:0.000,左节点损失:0.000,右节点损失:1.547,总损失:1.547
------划分值:1.000,左节点损失:1.547,右节点损失:0.000,总损失:1.547
('----划分特征：', 41)
------划分值:0.000,左节点损失:0.000,右节点损失:1.547,总损失:1.547
------划分值:1.000,左节点损失:1.547,右节点损失:0.000,总损失:1.547
('----划分特征：', 42)
------划分值:0.000,左节点损失:0.000,右节点损失:1.547,总损失:1.547
------划分值:1.000,左节点损失:1.547,右节点损失:0.000,总损失:1.547
('----划分特征：', 43)
------划分值:0.000,左节点损失:0.000,右节点损失:1.547,总损失:1.547
------划分值:1.000,左节点损失:1.547,右节点损失:0.000,总损失:1.547
('----划分特征：', 44)
------划分值:0.000,左节点损失:0.000,右节点损失:1.547,总损失:1.547
------划分值:1.000,左节点损失:1.547,右节点损失:0.000,总损失:1.547
('----划分特征：', 45)
------划分值:0.000,左节点损失:0.000,右节点损失:1.547,总损失:1.547
------划分值:1.000,左节点损失:1.547,右节点损失:0.000,总损失:1.547
('----划分特征：', 46)
------划分值:0.000,左节点损失:0.000,右节点损失:1.547,总损失:1.547
------划分值:1.000,左节点损失:1.547,右节点损失:0.000,总损失:1.547
('----划分特征：', 47)
------划分值:0.000,左节点损失:0.000,右节点损失:1.547,总损失:1.547
------划分值:1.000,左节点损失:1.547,右节点损失:0.000,总损失:1.547
('----划分特征：', 48)
------划分值:0.000,左节点损失:0.000,右节点损失:1.547,总损失:1.547
------划分值:1.000,左节点损失:1.547,右节点损失:0.000,总损失:1.547
('----划分特征：', 49)
------划分值:0.000,左节点损失:0.000,右节点损失:1.547,总损失:1.547
------划分值:1.000,左节点损失:1.547,右节点损失:0.000,总损失:1.547
('----划分特征：', 50)
------划分值:0.000,左节点损失:0.000,右节点损失:1.547,总损失:1.547
------划分值:1.000,左节点损失:1.547,右节点损失:0.000,总损失:1.547
('----划分特征：', 51)
------划分值:0.000,左节点损失:0.000,右节点损失:1.547,总损失:1.547
('----划分特征：', 52)
------划分值:0.000,左节点损失:0.000,右节点损失:1.547,总损失:1.547
('----划分特征：', 53)
------划分值:0.000,左节点损失:0.000,右节点损失:1.547,总损失:1.547
('----划分特征：', 54)
------划分值:0.000,左节点损失:0.000,右节点损失:1.547,总损失:1.547
('----划分特征：', 55)
------划分值:0.000,左节点损失:0.000,右节点损失:1.547,总损失:1.547
('----划分特征：', 56)
------划分值:0.000,左节点损失:0.000,右节点损失:1.547,总损失:1.547
('----划分特征：', 57)
------划分值:0.000,左节点损失:0.000,右节点损失:1.547,总损失:1.547
('----划分特征：', 58)
------划分值:0.000,左节点损失:0.000,右节点损失:1.547,总损失:1.547
('----划分特征：', 59)
------划分值:0.000,左节点损失:0.000,右节点损失:1.547,总损失:1.547
('----划分特征：', 60)
------划分值:0.000,左节点损失:0.000,右节点损失:1.547,总损失:1.547
('----划分特征：', 61)
------划分值:0.000,左节点损失:0.000,右节点损失:1.547,总损失:1.547
('----划分特征：', 62)
------划分值:0.000,左节点损失:0.000,右节点损失:1.547,总损失:1.547
('----划分特征：', 63)
------划分值:0.000,左节点损失:0.000,右节点损失:1.547,总损失:1.547
('----划分特征：', 64)
------划分值:0.000,左节点损失:0.000,右节点损失:1.547,总损失:1.547
------划分值:1.000,左节点损失:1.547,右节点损失:0.000,总损失:1.547
('----划分特征：', 65)
------划分值:0.000,左节点损失:0.000,右节点损失:1.547,总损失:1.547
------划分值:1.000,左节点损失:1.547,右节点损失:0.000,总损失:1.547
('----划分特征：', 66)
------划分值:0.000,左节点损失:0.000,右节点损失:1.547,总损失:1.547
------划分值:1.000,左节点损失:1.546,右节点损失:0.000,总损失:1.546
('----划分特征：', 67)
------划分值:0.000,左节点损失:0.000,右节点损失:1.547,总损失:1.547
------划分值:1.000,左节点损失:1.546,右节点损失:0.000,总损失:1.546
('----划分特征：', 68)
------划分值:0.000,左节点损失:0.000,右节点损失:1.547,总损失:1.547
------划分值:1.000,左节点损失:1.546,右节点损失:0.000,总损失:1.546
('----划分特征：', 69)
------划分值:0.000,左节点损失:0.000,右节点损失:1.547,总损失:1.547
------划分值:1.000,左节点损失:1.546,右节点损失:0.000,总损失:1.546
('----划分特征：', 70)
------划分值:0.000,左节点损失:0.000,右节点损失:1.547,总损失:1.547
------划分值:1.000,左节点损失:1.545,右节点损失:0.000,总损失:1.545
('----划分特征：', 71)
------划分值:0.000,左节点损失:0.000,右节点损失:1.547,总损失:1.547
------划分值:1.000,左节点损失:1.545,右节点损失:0.000,总损失:1.545
('----划分特征：', 72)
------划分值:0.000,左节点损失:0.000,右节点损失:1.547,总损失:1.547
------划分值:1.000,左节点损失:1.544,右节点损失:0.000,总损失:1.544
('----划分特征：', 73)
------划分值:0.000,左节点损失:0.000,右节点损失:1.547,总损失:1.547
------划分值:1.000,左节点损失:1.543,右节点损失:0.000,总损失:1.543
('----划分特征：', 74)
------划分值:0.000,左节点损失:0.000,右节点损失:1.547,总损失:1.547
------划分值:1.000,左节点损失:1.544,右节点损失:0.000,总损失:1.544
('----划分特征：', 75)
------划分值:0.000,左节点损失:0.000,右节点损失:1.547,总损失:1.547
------划分值:1.000,左节点损失:1.545,右节点损失:0.000,总损失:1.545
('----划分特征：', 76)
------划分值:0.000,左节点损失:0.000,右节点损失:1.547,总损失:1.547
------划分值:1.000,左节点损失:1.546,右节点损失:0.000,总损失:1.546
('----划分特征：', 77)
------划分值:0.000,左节点损失:0.000,右节点损失:1.547,总损失:1.547
------划分值:1.000,左节点损失:1.546,右节点损失:0.000,总损失:1.546
('----划分特征：', 78)
------划分值:0.000,左节点损失:0.000,右节点损失:1.547,总损失:1.547
------划分值:1.000,左节点损失:1.547,右节点损失:0.000,总损失:1.547
('----划分特征：', 79)
------划分值:0.000,左节点损失:0.000,右节点损失:1.547,总损失:1.547
------划分值:1.000,左节点损失:1.547,右节点损失:0.000,总损失:1.547
('----划分特征：', 80)
------划分值:0.000,左节点损失:0.000,右节点损失:1.547,总损失:1.547
('----划分特征：', 81)
------划分值:0.000,左节点损失:0.000,右节点损失:1.547,总损失:1.547
('----划分特征：', 82)
------划分值:0.000,左节点损失:0.000,右节点损失:1.547,总损失:1.547
('----划分特征：', 83)
------划分值:0.000,左节点损失:0.000,右节点损失:1.547,总损失:1.547
('----划分特征：', 84)
------划分值:0.000,左节点损失:0.000,右节点损失:1.547,总损失:1.547
('----划分特征：', 85)
------划分值:0.000,左节点损失:0.000,右节点损失:1.547,总损失:1.547
('----划分特征：', 86)
------划分值:0.000,左节点损失:0.000,右节点损失:1.547,总损失:1.547
('----划分特征：', 87)
------划分值:0.000,左节点损失:0.000,右节点损失:1.547,总损失:1.547
('----划分特征：', 88)
------划分值:0.000,左节点损失:0.000,右节点损失:1.547,总损失:1.547
('----划分特征：', 89)
------划分值:0.000,左节点损失:0.000,右节点损失:1.547,总损失:1.547
------划分值:1.000,左节点损失:1.547,右节点损失:0.000,总损失:1.547
('----划分特征：', 90)
------划分值:0.000,左节点损失:0.000,右节点损失:1.547,总损失:1.547
------划分值:1.000,左节点损失:1.547,右节点损失:0.000,总损失:1.547
('----划分特征：', 91)
------划分值:0.000,左节点损失:0.000,右节点损失:1.547,总损失:1.547
------划分值:1.000,左节点损失:1.547,右节点损失:0.000,总损失:1.547
('----划分特征：', 92)
------划分值:0.000,左节点损失:0.000,右节点损失:1.547,总损失:1.547
------划分值:1.000,左节点损失:1.546,右节点损失:0.000,总损失:1.546
('----划分特征：', 93)
------划分值:0.000,左节点损失:0.000,右节点损失:1.547,总损失:1.547
------划分值:1.000,左节点损失:1.546,右节点损失:0.000,总损失:1.546
('----划分特征：', 94)
------划分值:0.000,左节点损失:0.000,右节点损失:1.547,总损失:1.547
------划分值:1.000,左节点损失:1.545,右节点损失:0.000,总损失:1.545
('----划分特征：', 95)
------划分值:0.000,左节点损失:0.000,右节点损失:1.547,总损失:1.547
------划分值:1.000,左节点损失:1.541,右节点损失:0.003,总损失:1.544
('----划分特征：', 96)
------划分值:0.000,左节点损失:0.000,右节点损失:1.547,总损失:1.547
------划分值:1.000,左节点损失:1.533,右节点损失:0.011,总损失:1.545
('----划分特征：', 97)
------划分值:0.000,左节点损失:0.000,右节点损失:1.547,总损失:1.547
------划分值:1.000,左节点损失:1.525,右节点损失:0.020,总损失:1.544
('----划分特征：', 98)
------划分值:0.000,左节点损失:0.000,右节点损失:1.547,总损失:1.547
------划分值:1.000,左节点损失:1.516,右节点损失:0.028,总损失:1.544
('----划分特征：', 99)
------划分值:0.000,左节点损失:0.000,右节点损失:1.547,总损失:1.547
------划分值:1.000,左节点损失:1.512,右节点损失:0.031,总损失:1.543
('----划分特征：', 100)
------划分值:0.000,左节点损失:0.000,右节点损失:1.547,总损失:1.547
------划分值:1.000,左节点损失:1.515,右节点损失:0.025,总损失:1.541
('----划分特征：', 101)
------划分值:0.000,左节点损失:0.000,右节点损失:1.547,总损失:1.547
------划分值:1.000,左节点损失:1.518,右节点损失:0.023,总损失:1.541
('----划分特征：', 102)
------划分值:0.000,左节点损失:0.000,右节点损失:1.547,总损失:1.547
------划分值:1.000,左节点损失:1.530,右节点损失:0.011,总损失:1.541
('----划分特征：', 103)
------划分值:0.000,左节点损失:0.000,右节点损失:1.547,总损失:1.547
------划分值:1.000,左节点损失:1.530,右节点损失:0.014,总损失:1.544
('----划分特征：', 104)
------划分值:0.000,左节点损失:0.000,右节点损失:1.547,总损失:1.547
------划分值:1.000,左节点损失:1.539,右节点损失:0.006,总损失:1.545
('----划分特征：', 105)
------划分值:0.000,左节点损失:0.000,右节点损失:1.547,总损失:1.547
------划分值:1.000,左节点损失:1.545,右节点损失:0.000,总损失:1.545
('----划分特征：', 106)
------划分值:0.000,左节点损失:0.000,右节点损失:1.547,总损失:1.547
------划分值:1.000,左节点损失:1.546,右节点损失:0.000,总损失:1.546
('----划分特征：', 107)
------划分值:0.000,左节点损失:0.000,右节点损失:1.547,总损失:1.547
------划分值:1.000,左节点损失:1.547,右节点损失:0.000,总损失:1.547
('----划分特征：', 108)
------划分值:0.000,左节点损失:0.000,右节点损失:1.547,总损失:1.547
------划分值:1.000,左节点损失:1.547,右节点损失:0.000,总损失:1.547
('----划分特征：', 109)
------划分值:0.000,左节点损失:0.000,右节点损失:1.547,总损失:1.547
('----划分特征：', 110)
------划分值:0.000,左节点损失:0.000,右节点损失:1.547,总损失:1.547
('----划分特征：', 111)
------划分值:0.000,左节点损失:0.000,右节点损失:1.547,总损失:1.547
('----划分特征：', 112)
------划分值:0.000,左节点损失:0.000,右节点损失:1.547,总损失:1.547
('----划分特征：', 113)
------划分值:0.000,左节点损失:0.000,右节点损失:1.547,总损失:1.547
('----划分特征：', 114)
------划分值:0.000,左节点损失:0.000,右节点损失:1.547,总损失:1.547
('----划分特征：', 115)
------划分值:0.000,左节点损失:0.000,右节点损失:1.547,总损失:1.547
('----划分特征：', 116)
------划分值:0.000,左节点损失:0.000,右节点损失:1.547,总损失:1.547
------划分值:1.000,左节点损失:1.547,右节点损失:0.000,总损失:1.547
('----划分特征：', 117)
------划分值:0.000,左节点损失:0.000,右节点损失:1.547,总损失:1.547
------划分值:1.000,左节点损失:1.547,右节点损失:0.000,总损失:1.547
('----划分特征：', 118)
------划分值:0.000,左节点损失:0.000,右节点损失:1.547,总损失:1.547
------划分值:1.000,左节点损失:1.546,右节点损失:0.000,总损失:1.546
('----划分特征：', 119)
------划分值:0.000,左节点损失:0.000,右节点损失:1.547,总损失:1.547
------划分值:1.000,左节点损失:1.546,右节点损失:0.000,总损失:1.546
('----划分特征：', 120)
------划分值:0.000,左节点损失:0.000,右节点损失:1.547,总损失:1.547
------划分值:1.000,左节点损失:1.544,右节点损失:0.000,总损失:1.544
('----划分特征：', 121)
------划分值:0.000,左节点损失:0.000,右节点损失:1.547,总损失:1.547
------划分值:1.000,左节点损失:1.535,右节点损失:0.009,总损失:1.544
('----划分特征：', 122)
------划分值:0.000,左节点损失:0.000,右节点损失:1.547,总损失:1.547
------划分值:1.000,左节点损失:1.514,右节点损失:0.031,总损失:1.544
('----划分特征：', 123)
------划分值:0.000,左节点损失:0.000,右节点损失:1.547,总损失:1.547
------划分值:1.000,左节点损失:1.477,右节点损失:0.068,总损失:1.545
('----划分特征：', 124)
------划分值:0.000,左节点损失:0.000,右节点损失:1.547,总损失:1.547
------划分值:1.000,左节点损失:1.396,右节点损失:0.151,总损失:1.547
('----划分特征：', 125)
------划分值:0.000,左节点损失:0.000,右节点损失:1.547,总损失:1.547
------划分值:1.000,左节点损失:1.280,右节点损失:0.263,总损失:1.543
('----划分特征：', 126)
------划分值:0.000,左节点损失:0.000,右节点损失:1.547,总损失:1.547
------划分值:1.000,左节点损失:1.244,右节点损失:0.301,总损失:1.545
('----划分特征：', 127)
------划分值:0.000,左节点损失:0.000,右节点损失:1.547,总损失:1.547
------划分值:1.000,左节点损失:1.170,右节点损失:0.372,总损失:1.542
('----划分特征：', 128)
------划分值:0.000,左节点损失:0.000,右节点损失:1.547,总损失:1.547
------划分值:1.000,左节点损失:1.133,右节点损失:0.406,总损失:1.539
('----划分特征：', 129)
------划分值:0.000,左节点损失:0.000,右节点损失:1.547,总损失:1.547
------划分值:1.000,左节点损失:1.167,右节点损失:0.373,总损失:1.540
('----划分特征：', 130)
------划分值:0.000,左节点损失:0.000,右节点损失:1.547,总损失:1.547
------划分值:1.000,左节点损失:1.222,右节点损失:0.317,总损失:1.539
('----划分特征：', 131)
------划分值:0.000,左节点损失:0.000,右节点损失:1.547,总损失:1.547
------划分值:1.000,左节点损失:1.291,右节点损失:0.247,总损失:1.538
('----划分特征：', 132)
------划分值:0.000,左节点损失:0.000,右节点损失:1.547,总损失:1.547
------划分值:1.000,左节点损失:1.380,右节点损失:0.160,总损失:1.540
('----划分特征：', 133)
------划分值:0.000,左节点损失:0.000,右节点损失:1.547,总损失:1.547
------划分值:1.000,左节点损失:1.472,右节点损失:0.073,总损失:1.545
('----划分特征：', 134)
------划分值:0.000,左节点损失:0.000,右节点损失:1.547,总损失:1.547
------划分值:1.000,左节点损失:1.518,右节点损失:0.029,总损失:1.547
('----划分特征：', 135)
------划分值:0.000,左节点损失:0.000,右节点损失:1.547,总损失:1.547
------划分值:1.000,左节点损失:1.541,右节点损失:0.006,总损失:1.546
('----划分特征：', 136)
------划分值:0.000,左节点损失:0.000,右节点损失:1.547,总损失:1.547
------划分值:1.000,左节点损失:1.544,右节点损失:0.003,总损失:1.547
('----划分特征：', 137)
------划分值:0.000,左节点损失:0.000,右节点损失:1.547,总损失:1.547
('----划分特征：', 138)
------划分值:0.000,左节点损失:0.000,右节点损失:1.547,总损失:1.547
('----划分特征：', 139)
------划分值:0.000,左节点损失:0.000,右节点损失:1.547,总损失:1.547
('----划分特征：', 140)
------划分值:0.000,左节点损失:0.000,右节点损失:1.547,总损失:1.547
('----划分特征：', 141)
------划分值:0.000,左节点损失:0.000,右节点损失:1.547,总损失:1.547
('----划分特征：', 142)
------划分值:0.000,左节点损失:0.000,右节点损失:1.547,总损失:1.547
('----划分特征：', 143)
------划分值:0.000,左节点损失:0.000,右节点损失:1.547,总损失:1.547
------划分值:1.000,左节点损失:1.547,右节点损失:0.000,总损失:1.547
('----划分特征：', 144)
------划分值:0.000,左节点损失:0.000,右节点损失:1.547,总损失:1.547
------划分值:1.000,左节点损失:1.546,右节点损失:0.000,总损失:1.546
('----划分特征：', 145)
------划分值:0.000,左节点损失:0.000,右节点损失:1.547,总损失:1.547
------划分值:1.000,左节点损失:1.546,右节点损失:0.000,总损失:1.546
('----划分特征：', 146)
------划分值:0.000,左节点损失:0.000,右节点损失:1.547,总损失:1.547
------划分值:1.000,左节点损失:1.545,右节点损失:0.000,总损失:1.545
('----划分特征：', 147)
------划分值:0.000,左节点损失:0.000,右节点损失:1.547,总损失:1.547
------划分值:1.000,左节点损失:1.540,右节点损失:0.003,总损失:1.543
('----划分特征：', 148)
------划分值:0.000,左节点损失:0.000,右节点损失:1.547,总损失:1.547
------划分值:1.000,左节点损失:1.532,右节点损失:0.009,总损失:1.541
('----划分特征：', 149)
------划分值:0.000,左节点损失:0.000,右节点损失:1.547,总损失:1.547
------划分值:1.000,左节点损失:1.495,右节点损失:0.047,总损失:1.542
('----划分特征：', 150)
------划分值:0.000,左节点损失:0.000,右节点损失:1.547,总损失:1.547
------划分值:1.000,左节点损失:1.431,右节点损失:0.114,总损失:1.544
('----划分特征：', 151)
------划分值:0.000,左节点损失:0.000,右节点损失:1.547,总损失:1.547
------划分值:1.000,左节点损失:1.297,右节点损失:0.250,总损失:1.547
('----划分特征：', 152)
------划分值:0.000,左节点损失:0.000,右节点损失:1.547,总损失:1.547
------划分值:1.000,左节点损失:1.135,右节点损失:0.408,总损失:1.543
('----划分特征：', 153)
------划分值:0.000,左节点损失:0.000,右节点损失:1.547,总损失:1.547
------划分值:1.000,左节点损失:0.974,右节点损失:0.564,总损失:1.538
('----划分特征：', 154)
------划分值:0.000,左节点损失:0.000,右节点损失:1.547,总损失:1.547
------划分值:1.000,左节点损失:0.772,右节点损失:0.749,总损失:1.521
('----划分特征：', 155)
------划分值:0.000,左节点损失:0.000,右节点损失:1.547,总损失:1.547
------划分值:1.000,左节点损失:0.639,右节点损失:0.867,总损失:1.506
('----划分特征：', 156)
------划分值:0.000,左节点损失:0.000,右节点损失:1.547,总损失:1.547
------划分值:1.000,左节点损失:0.585,右节点损失:0.907,总损失:1.492
('----划分特征：', 157)
------划分值:1.000,左节点损失:0.666,右节点损失:0.834,总损失:1.500
------划分值:0.000,左节点损失:0.000,右节点损失:1.547,总损失:1.547
('----划分特征：', 158)
------划分值:1.000,左节点损失:0.786,右节点损失:0.720,总损失:1.506
------划分值:0.000,左节点损失:0.000,右节点损失:1.547,总损失:1.547
('----划分特征：', 159)
------划分值:0.000,左节点损失:0.000,右节点损失:1.547,总损失:1.547
------划分值:1.000,左节点损失:1.006,右节点损失:0.517,总损失:1.523
('----划分特征：', 160)
------划分值:1.000,左节点损失:1.191,右节点损失:0.342,总损失:1.533
------划分值:0.000,左节点损失:0.000,右节点损失:1.547,总损失:1.547
('----划分特征：', 161)
------划分值:1.000,左节点损失:1.351,右节点损失:0.191,总损失:1.542
------划分值:0.000,左节点损失:0.000,右节点损失:1.547,总损失:1.547
('----划分特征：', 162)
------划分值:1.000,左节点损失:1.455,右节点损失:0.091,总损失:1.546
------划分值:0.000,左节点损失:0.000,右节点损失:1.547,总损失:1.547
('----划分特征：', 163)
------划分值:0.000,左节点损失:0.000,右节点损失:1.547,总损失:1.547
------划分值:1.000,左节点损失:1.515,右节点损失:0.032,总损失:1.547
('----划分特征：', 164)
------划分值:0.000,左节点损失:0.000,右节点损失:1.547,总损失:1.547
------划分值:1.000,左节点损失:1.540,右节点损失:0.006,总损失:1.546
('----划分特征：', 165)
------划分值:0.000,左节点损失:0.000,右节点损失:1.547,总损失:1.547
------划分值:1.000,左节点损失:1.546,右节点损失:0.000,总损失:1.546
('----划分特征：', 166)
------划分值:0.000,左节点损失:0.000,右节点损失:1.547,总损失:1.547
------划分值:1.000,左节点损失:1.547,右节点损失:0.000,总损失:1.547
('----划分特征：', 167)
------划分值:0.000,左节点损失:0.000,右节点损失:1.547,总损失:1.547
('----划分特征：', 168)
------划分值:0.000,左节点损失:0.000,右节点损失:1.547,总损失:1.547
('----划分特征：', 169)
------划分值:0.000,左节点损失:0.000,右节点损失:1.547,总损失:1.547
('----划分特征：', 170)
------划分值:0.000,左节点损失:0.000,右节点损失:1.547,总损失:1.547
('----划分特征：', 171)
------划分值:0.000,左节点损失:0.000,右节点损失:1.547,总损失:1.547
------划分值:1.000,左节点损失:1.547,右节点损失:0.000,总损失:1.547
('----划分特征：', 172)
------划分值:0.000,左节点损失:0.000,右节点损失:1.547,总损失:1.547
------划分值:1.000,左节点损失:1.546,右节点损失:0.000,总损失:1.546
('----划分特征：', 173)
------划分值:0.000,左节点损失:0.000,右节点损失:1.547,总损失:1.547
------划分值:1.000,左节点损失:1.543,右节点损失:0.003,总损失:1.545
('----划分特征：', 174)
------划分值:0.000,左节点损失:0.000,右节点损失:1.547,总损失:1.547
------划分值:1.000,左节点损失:1.540,右节点损失:0.003,总损失:1.543
('----划分特征：', 175)
------划分值:0.000,左节点损失:0.000,右节点损失:1.547,总损失:1.547
------划分值:1.000,左节点损失:1.533,右节点损失:0.006,总损失:1.539
('----划分特征：', 176)
------划分值:0.000,左节点损失:0.000,右节点损失:1.547,总损失:1.547
------划分值:1.000,左节点损失:1.489,右节点损失:0.053,总损失:1.541
('----划分特征：', 177)
------划分值:0.000,左节点损失:0.000,右节点损失:1.547,总损失:1.547
------划分值:1.000,左节点损失:1.394,右节点损失:0.151,总损失:1.545
('----划分特征：', 178)
------划分值:0.000,左节点损失:0.000,右节点损失:1.547,总损失:1.547
------划分值:1.000,左节点损失:1.253,右节点损失:0.293,总损失:1.547
('----划分特征：', 179)
------划分值:1.000,左节点损失:1.048,右节点损失:0.495,总损失:1.543
------划分值:0.000,左节点损失:0.000,右节点损失:1.547,总损失:1.547
('----划分特征：', 180)
------划分值:1.000,左节点损失:0.878,右节点损失:0.659,总损失:1.537
------划分值:0.000,左节点损失:0.000,右节点损失:1.547,总损失:1.547
('----划分特征：', 181)
------划分值:1.000,左节点损失:0.684,右节点损失:0.844,总损失:1.528
------划分值:0.000,左节点损失:0.000,右节点损失:1.547,总损失:1.547
('----划分特征：', 182)
------划分值:1.000,左节点损失:0.487,右节点损失:1.025,总损失:1.512
------划分值:0.000,左节点损失:0.000,右节点损失:1.547,总损失:1.547
('----划分特征：', 183)
------划分值:1.000,左节点损失:0.350,右节点损失:1.140,总损失:1.490
------划分值:0.000,左节点损失:0.000,右节点损失:1.547,总损失:1.547
('----划分特征：', 184)
------划分值:1.000,左节点损失:0.329,右节点损失:1.153,总损失:1.482
------划分值:0.000,左节点损失:0.000,右节点损失:1.547,总损失:1.547
('----划分特征：', 185)
------划分值:1.000,左节点损失:0.383,右节点损失:1.098,总损失:1.481
------划分值:0.000,左节点损失:0.000,右节点损失:1.547,总损失:1.547
('----划分特征：', 186)
------划分值:1.000,左节点损失:0.488,右节点损失:0.992,总损失:1.480
------划分值:0.000,左节点损失:0.000,右节点损失:1.547,总损失:1.547
('----划分特征：', 187)
------划分值:1.000,左节点损失:0.696,右节点损失:0.799,总损失:1.495
------划分值:0.000,左节点损失:0.000,右节点损失:1.547,总损失:1.547
('----划分特征：', 188)
------划分值:1.000,左节点损失:0.934,右节点损失:0.575,总损失:1.509
------划分值:0.000,左节点损失:0.000,右节点损失:1.547,总损失:1.547
('----划分特征：', 189)
------划分值:1.000,左节点损失:1.183,右节点损失:0.348,总损失:1.531
------划分值:0.000,左节点损失:0.000,右节点损失:1.547,总损失:1.547
('----划分特征：', 190)
------划分值:1.000,左节点损失:1.365,右节点损失:0.179,总损失:1.544
------划分值:0.000,左节点损失:0.000,右节点损失:1.547,总损失:1.547
('----划分特征：', 191)
------划分值:0.000,左节点损失:0.000,右节点损失:1.547,总损失:1.547
------划分值:1.000,左节点损失:1.486,右节点损失:0.061,总损失:1.547
('----划分特征：', 192)
------划分值:0.000,左节点损失:0.000,右节点损失:1.547,总损失:1.547
------划分值:1.000,左节点损失:1.534,右节点损失:0.011,总损失:1.545
('----划分特征：', 193)
------划分值:0.000,左节点损失:0.000,右节点损失:1.547,总损失:1.547
------划分值:1.000,左节点损失:1.546,右节点损失:0.000,总损失:1.546
('----划分特征：', 194)
------划分值:0.000,左节点损失:0.000,右节点损失:1.547,总损失:1.547
------划分值:1.000,左节点损失:1.547,右节点损失:0.000,总损失:1.547
('----划分特征：', 195)
------划分值:0.000,左节点损失:0.000,右节点损失:1.547,总损失:1.547
------划分值:1.000,左节点损失:1.547,右节点损失:0.000,总损失:1.547
('----划分特征：', 196)
------划分值:0.000,左节点损失:0.000,右节点损失:1.547,总损失:1.547
('----划分特征：', 197)
------划分值:0.000,左节点损失:0.000,右节点损失:1.547,总损失:1.547
------划分值:1.000,左节点损失:1.547,右节点损失:0.000,总损失:1.547
('----划分特征：', 198)
------划分值:0.000,左节点损失:0.000,右节点损失:1.547,总损失:1.547
------划分值:1.000,左节点损失:1.547,右节点损失:0.000,总损失:1.547
('----划分特征：', 199)
------划分值:0.000,左节点损失:0.000,右节点损失:1.547,总损失:1.547
------划分值:1.000,左节点损失:1.546,右节点损失:0.000,总损失:1.546
('----划分特征：', 200)
------划分值:0.000,左节点损失:0.000,右节点损失:1.547,总损失:1.547
------划分值:1.000,左节点损失:1.546,右节点损失:0.000,总损失:1.546
('----划分特征：', 201)
------划分值:0.000,左节点损失:0.000,右节点损失:1.547,总损失:1.547
------划分值:1.000,左节点损失:1.541,右节点损失:0.003,总损失:1.544
('----划分特征：', 202)
------划分值:0.000,左节点损失:0.000,右节点损失:1.547,总损失:1.547
------划分值:1.000,左节点损失:1.538,右节点损失:0.003,总损失:1.541
('----划分特征：', 203)
------划分值:0.000,左节点损失:0.000,右节点损失:1.547,总损失:1.547
------划分值:1.000,左节点损失:1.506,右节点损失:0.034,总损失:1.540
('----划分特征：', 204)
------划分值:1.000,左节点损失:1.425,右节点损失:0.117,总损失:1.543
------划分值:0.000,左节点损失:0.000,右节点损失:1.547,总损失:1.547
('----划分特征：', 205)
------划分值:1.000,左节点损失:1.263,右节点损失:0.284,总损失:1.547
------划分值:0.000,左节点损失:0.000,右节点损失:1.547,总损失:1.547
('----划分特征：', 206)
------划分值:1.000,左节点损失:1.070,右节点损失:0.476,总损失:1.545
------划分值:0.000,左节点损失:0.000,右节点损失:1.547,总损失:1.547
('----划分特征：', 207)
------划分值:1.000,左节点损失:0.884,右节点损失:0.657,总损失:1.540
------划分值:0.000,左节点损失:0.000,右节点损失:1.547,总损失:1.547
('----划分特征：', 208)
------划分值:1.000,左节点损失:0.643,右节点损失:0.883,总损失:1.525
------划分值:0.000,左节点损失:0.000,右节点损失:1.547,总损失:1.547
('----划分特征：', 209)
------划分值:1.000,左节点损失:0.488,右节点损失:1.032,总损失:1.520
------划分值:0.000,左节点损失:0.000,右节点损失:1.547,总损失:1.547
('----划分特征：', 210)
------划分值:1.000,左节点损失:0.404,右节点损失:1.109,总损失:1.513
------划分值:0.000,左节点损失:0.000,右节点损失:1.547,总损失:1.547
('----划分特征：', 211)
------划分值:1.000,左节点损失:0.341,右节点损失:1.160,总损失:1.501
------划分值:0.000,左节点损失:0.000,右节点损失:1.547,总损失:1.547
('----划分特征：', 212)
------划分值:1.000,左节点损失:0.354,右节点损失:1.149,总损失:1.503
------划分值:0.000,左节点损失:0.000,右节点损失:1.547,总损失:1.547
('----划分特征：', 213)
------划分值:1.000,左节点损失:0.331,右节点损失:1.159,总损失:1.490
------划分值:0.000,左节点损失:0.000,右节点损失:1.547,总损失:1.547
('----划分特征：', 214)
------划分值:0.000,左节点损失:0.000,右节点损失:1.547,总损失:1.547
------划分值:1.000,左节点损失:0.383,右节点损失:1.099,总损失:1.482
('----划分特征：', 215)
------划分值:0.000,左节点损失:0.000,右节点损失:1.547,总损失:1.547
------划分值:1.000,左节点损失:0.509,右节点损失:0.976,总损失:1.485
('----划分特征：', 216)
------划分值:0.000,左节点损失:0.000,右节点损失:1.547,总损失:1.547
------划分值:1.000,左节点损失:0.730,右节点损失:0.763,总损失:1.494
('----划分特征：', 217)
------划分值:0.000,左节点损失:0.000,右节点损失:1.547,总损失:1.547
------划分值:1.000,左节点损失:1.010,右节点损失:0.508,总损失:1.517
('----划分特征：', 218)
------划分值:0.000,左节点损失:0.000,右节点损失:1.547,总损失:1.547
------划分值:1.000,左节点损失:1.258,右节点损失:0.278,总损失:1.536
('----划分特征：', 219)
------划分值:0.000,左节点损失:0.000,右节点损失:1.547,总损失:1.547
------划分值:1.000,左节点损失:1.429,右节点损失:0.117,总损失:1.546
('----划分特征：', 220)
------划分值:0.000,左节点损失:0.000,右节点损失:1.547,总损失:1.547
------划分值:1.000,左节点损失:1.519,右节点损失:0.027,总损失:1.546
('----划分特征：', 221)
------划分值:0.000,左节点损失:0.000,右节点损失:1.547,总损失:1.547
------划分值:1.000,左节点损失:1.545,右节点损失:0.000,总损失:1.545
('----划分特征：', 222)
------划分值:0.000,左节点损失:0.000,右节点损失:1.547,总损失:1.547
------划分值:1.000,左节点损失:1.546,右节点损失:0.000,总损失:1.546
('----划分特征：', 223)
------划分值:0.000,左节点损失:0.000,右节点损失:1.547,总损失:1.547
------划分值:1.000,左节点损失:1.547,右节点损失:0.000,总损失:1.547
('----划分特征：', 224)
------划分值:0.000,左节点损失:0.000,右节点损失:1.547,总损失:1.547
------划分值:1.000,左节点损失:1.547,右节点损失:0.000,总损失:1.547
('----划分特征：', 225)
------划分值:0.000,左节点损失:0.000,右节点损失:1.547,总损失:1.547
------划分值:1.000,左节点损失:1.547,右节点损失:0.000,总损失:1.547
('----划分特征：', 226)
------划分值:0.000,左节点损失:0.000,右节点损失:1.547,总损失:1.547
------划分值:1.000,左节点损失:1.547,右节点损失:0.000,总损失:1.547
('----划分特征：', 227)
------划分值:0.000,左节点损失:0.000,右节点损失:1.547,总损失:1.547
------划分值:1.000,左节点损失:1.546,右节点损失:0.000,总损失:1.546
('----划分特征：', 228)
------划分值:0.000,左节点损失:0.000,右节点损失:1.547,总损失:1.547
------划分值:1.000,左节点损失:1.544,右节点损失:0.000,总损失:1.544
('----划分特征：', 229)
------划分值:0.000,左节点损失:0.000,右节点损失:1.547,总损失:1.547
------划分值:1.000,左节点损失:1.537,右节点损失:0.006,总损失:1.543
('----划分特征：', 230)
------划分值:0.000,左节点损失:0.000,右节点损失:1.547,总损失:1.547
------划分值:1.000,左节点损失:1.521,右节点损失:0.020,总损失:1.541
('----划分特征：', 231)
------划分值:0.000,左节点损失:0.000,右节点损失:1.547,总损失:1.547
------划分值:1.000,左节点损失:1.459,右节点损失:0.083,总损失:1.542
('----划分特征：', 232)
------划分值:1.000,左节点损失:1.307,右节点损失:0.240,总损失:1.547
------划分值:0.000,左节点损失:0.000,右节点损失:1.547,总损失:1.547
('----划分特征：', 233)
------划分值:1.000,左节点损失:1.121,右节点损失:0.425,总损失:1.546
------划分值:0.000,左节点损失:0.000,右节点损失:1.547,总损失:1.547
('----划分特征：', 234)
------划分值:1.000,左节点损失:0.867,右节点损失:0.670,总损失:1.538
------划分值:0.000,左节点损失:0.000,右节点损失:1.547,总损失:1.547
('----划分特征：', 235)
------划分值:1.000,左节点损失:0.661,右节点损失:0.866,总损失:1.526
------划分值:0.000,左节点损失:0.000,右节点损失:1.547,总损失:1.547
('----划分特征：', 236)
------划分值:1.000,左节点损失:0.512,右节点损失:1.005,总损失:1.518
------划分值:0.000,左节点损失:0.000,右节点损失:1.547,总损失:1.547
('----划分特征：', 237)
------划分值:1.000,左节点损失:0.465,右节点损失:1.051,总损失:1.516
------划分值:0.000,左节点损失:0.000,右节点损失:1.547,总损失:1.547
('----划分特征：', 238)
------划分值:1.000,左节点损失:0.473,右节点损失:1.042,总损失:1.515
------划分值:0.000,左节点损失:0.000,右节点损失:1.547,总损失:1.547
('----划分特征：', 239)
------划分值:1.000,左节点损失:0.550,右节点损失:0.974,总损失:1.525
------划分值:0.000,左节点损失:0.000,右节点损失:1.547,总损失:1.547
('----划分特征：', 240)
------划分值:1.000,左节点损失:0.610,右节点损失:0.923,总损失:1.534
------划分值:0.000,左节点损失:0.000,右节点损失:1.547,总损失:1.547
('----划分特征：', 241)
------划分值:1.000,左节点损失:0.575,右节点损失:0.955,总损失:1.530
------划分值:0.000,左节点损失:0.000,右节点损失:1.547,总损失:1.547
('----划分特征：', 242)
------划分值:0.000,左节点损失:0.000,右节点损失:1.547,总损失:1.547
------划分值:1.000,左节点损失:0.479,右节点损失:1.030,总损失:1.509
('----划分特征：', 243)
------划分值:0.000,左节点损失:0.000,右节点损失:1.547,总损失:1.547
------划分值:1.000,左节点损失:0.474,右节点损失:1.016,总损失:1.490
('----划分特征：', 244)
------划分值:0.000,左节点损失:0.000,右节点损失:1.547,总损失:1.547
------划分值:1.000,左节点损失:0.572,右节点损失:0.898,总损失:1.470
('----划分特征：', 245)
------划分值:0.000,左节点损失:0.000,右节点损失:1.547,总损失:1.547
------划分值:1.000,左节点损失:0.841,右节点损失:0.649,总损失:1.490
('----划分特征：', 246)
------划分值:0.000,左节点损失:0.000,右节点损失:1.547,总损失:1.547
------划分值:1.000,左节点损失:1.117,右节点损失:0.394,总损失:1.510
('----划分特征：', 247)
------划分值:0.000,左节点损失:0.000,右节点损失:1.547,总损失:1.547
------划分值:1.000,左节点损失:1.367,右节点损失:0.172,总损失:1.539
('----划分特征：', 248)
------划分值:0.000,左节点损失:0.000,右节点损失:1.547,总损失:1.547
------划分值:1.000,左节点损失:1.505,右节点损失:0.042,总损失:1.547
('----划分特征：', 249)
------划分值:0.000,左节点损失:0.000,右节点损失:1.547,总损失:1.547
------划分值:1.000,左节点损失:1.545,右节点损失:0.000,总损失:1.545
('----划分特征：', 250)
------划分值:0.000,左节点损失:0.000,右节点损失:1.547,总损失:1.547
------划分值:1.000,左节点损失:1.546,右节点损失:0.000,总损失:1.546
('----划分特征：', 251)
------划分值:0.000,左节点损失:0.000,右节点损失:1.547,总损失:1.547
------划分值:1.000,左节点损失:1.547,右节点损失:0.000,总损失:1.547
('----划分特征：', 252)
------划分值:0.000,左节点损失:0.000,右节点损失:1.547,总损失:1.547
('----划分特征：', 253)
------划分值:0.000,左节点损失:0.000,右节点损失:1.547,总损失:1.547
------划分值:1.000,左节点损失:1.547,右节点损失:0.000,总损失:1.547
('----划分特征：', 254)
------划分值:0.000,左节点损失:0.000,右节点损失:1.547,总损失:1.547
------划分值:1.000,左节点损失:1.546,右节点损失:0.000,总损失:1.546
('----划分特征：', 255)
------划分值:0.000,左节点损失:0.000,右节点损失:1.547,总损失:1.547
------划分值:1.000,左节点损失:1.546,右节点损失:0.000,总损失:1.546
('----划分特征：', 256)
------划分值:0.000,左节点损失:0.000,右节点损失:1.547,总损失:1.547
------划分值:1.000,左节点损失:1.544,右节点损失:0.000,总损失:1.544
('----划分特征：', 257)
------划分值:0.000,左节点损失:0.000,右节点损失:1.547,总损失:1.547
------划分值:1.000,左节点损失:1.536,右节点损失:0.006,总损失:1.541
('----划分特征：', 258)
------划分值:0.000,左节点损失:0.000,右节点损失:1.547,总损失:1.547
------划分值:1.000,左节点损失:1.474,右节点损失:0.071,总损失:1.545
('----划分特征：', 259)
------划分值:0.000,左节点损失:0.000,右节点损失:1.547,总损失:1.547
------划分值:1.000,左节点损失:1.360,右节点损失:0.186,总损失:1.547
('----划分特征：', 260)
------划分值:0.000,左节点损失:0.000,右节点损失:1.547,总损失:1.547
------划分值:1.000,左节点损失:1.175,右节点损失:0.370,总损失:1.545
('----划分特征：', 261)
------划分值:1.000,左节点损失:0.934,右节点损失:0.602,总损失:1.536
------划分值:0.000,左节点损失:0.000,右节点损失:1.547,总损失:1.547
('----划分特征：', 262)
------划分值:0.000,左节点损失:0.000,右节点损失:1.547,总损失:1.547
------划分值:1.000,左节点损失:0.676,右节点损失:0.844,总损失:1.519
('----划分特征：', 263)
------划分值:1.000,左节点损失:0.496,右节点损失:1.006,总损失:1.502
------划分值:0.000,左节点损失:0.000,右节点损失:1.547,总损失:1.547
('----划分特征：', 264)
------划分值:1.000,左节点损失:0.498,右节点损失:1.009,总损失:1.507
------划分值:0.000,左节点损失:0.000,右节点损失:1.547,总损失:1.547
('----划分特征：', 265)
------划分值:1.000,左节点损失:0.549,右节点损失:0.959,总损失:1.508
------划分值:0.000,左节点损失:0.000,右节点损失:1.547,总损失:1.547
('----划分特征：', 266)
------划分值:0.000,左节点损失:0.000,右节点损失:1.547,总损失:1.547
------划分值:1.000,左节点损失:0.727,右节点损失:0.804,总损失:1.531
('----划分特征：', 267)
------划分值:0.000,左节点损失:0.000,右节点损失:1.547,总损失:1.547
------划分值:1.000,左节点损失:0.855,右节点损失:0.688,总损失:1.543
('----划分特征：', 268)
------划分值:0.000,左节点损失:0.000,右节点损失:1.547,总损失:1.547
------划分值:1.000,左节点损失:0.908,右节点损失:0.638,总损失:1.547
('----划分特征：', 269)
------划分值:1.000,左节点损失:0.855,右节点损失:0.692,总损失:1.547
------划分值:0.000,左节点损失:0.000,右节点损失:1.547,总损失:1.547
('----划分特征：', 270)
------划分值:0.000,左节点损失:0.000,右节点损失:1.547,总损失:1.547
------划分值:1.000,左节点损失:0.731,右节点损失:0.810,总损失:1.541
('----划分特征：', 271)
------划分值:0.000,左节点损失:0.000,右节点损失:1.547,总损失:1.547
------划分值:1.000,左节点损失:0.537,右节点损失:0.963,总损失:1.499
('----划分特征：', 272)
------划分值:0.000,左节点损失:0.000,右节点损失:1.547,总损失:1.547
------划分值:1.000,左节点损失:0.525,右节点损失:0.931,总损失:1.456
('----划分特征：', 273)
------划分值:0.000,左节点损失:0.000,右节点损失:1.547,总损失:1.547
------划分值:1.000,左节点损失:0.672,右节点损失:0.754,总损失:1.427
('----划分特征：', 274)
------划分值:0.000,左节点损失:0.000,右节点损失:1.547,总损失:1.547
------划分值:1.000,左节点损失:0.959,右节点损失:0.483,总损失:1.442
('----划分特征：', 275)
------划分值:0.000,左节点损失:0.000,右节点损失:1.547,总损失:1.547
------划分值:1.000,左节点损失:1.312,右节点损失:0.199,总损失:1.511
('----划分特征：', 276)
------划分值:0.000,左节点损失:0.000,右节点损失:1.547,总损失:1.547
------划分值:1.000,左节点损失:1.482,右节点损失:0.061,总损失:1.543
('----划分特征：', 277)
------划分值:0.000,左节点损失:0.000,右节点损失:1.547,总损失:1.547
------划分值:1.000,左节点损失:1.546,右节点损失:0.000,总损失:1.546
('----划分特征：', 278)
------划分值:0.000,左节点损失:0.000,右节点损失:1.547,总损失:1.547
------划分值:1.000,左节点损失:1.547,右节点损失:0.000,总损失:1.547
('----划分特征：', 279)
------划分值:0.000,左节点损失:0.000,右节点损失:1.547,总损失:1.547
('----划分特征：', 280)
------划分值:0.000,左节点损失:0.000,右节点损失:1.547,总损失:1.547
('----划分特征：', 281)
------划分值:0.000,左节点损失:0.000,右节点损失:1.547,总损失:1.547
------划分值:1.000,左节点损失:1.547,右节点损失:0.000,总损失:1.547
('----划分特征：', 282)
------划分值:0.000,左节点损失:0.000,右节点损失:1.547,总损失:1.547
------划分值:1.000,左节点损失:1.547,右节点损失:0.000,总损失:1.547
('----划分特征：', 283)
------划分值:0.000,左节点损失:0.000,右节点损失:1.547,总损失:1.547
------划分值:1.000,左节点损失:1.546,右节点损失:0.000,总损失:1.546
('----划分特征：', 284)
------划分值:0.000,左节点损失:0.000,右节点损失:1.547,总损失:1.547
------划分值:1.000,左节点损失:1.544,右节点损失:0.000,总损失:1.544
('----划分特征：', 285)
------划分值:0.000,左节点损失:0.000,右节点损失:1.547,总损失:1.547
------划分值:1.000,左节点损失:1.519,右节点损失:0.025,总损失:1.544
('----划分特征：', 286)
------划分值:0.000,左节点损失:0.000,右节点损失:1.547,总损失:1.547
------划分值:1.000,左节点损失:1.418,右节点损失:0.129,总损失:1.546
('----划分特征：', 287)
------划分值:0.000,左节点损失:0.000,右节点损失:1.547,总损失:1.547
------划分值:1.000,左节点损失:1.237,右节点损失:0.302,总损失:1.539
('----划分特征：', 288)
------划分值:0.000,左节点损失:0.000,右节点损失:1.547,总损失:1.547
------划分值:1.000,左节点损失:0.997,右节点损失:0.530,总损失:1.527
('----划分特征：', 289)
------划分值:0.000,左节点损失:0.000,右节点损失:1.547,总损失:1.547
------划分值:1.000,左节点损失:0.706,右节点损失:0.793,总损失:1.499
('----划分特征：', 290)
------划分值:0.000,左节点损失:0.000,右节点损失:1.547,总损失:1.547
------划分值:1.000,左节点损失:0.520,右节点损失:0.968,总损失:1.487
('----划分特征：', 291)
------划分值:1.000,左节点损失:0.534,右节点损失:0.966,总损失:1.500
------划分值:0.000,左节点损失:0.000,右节点损失:1.547,总损失:1.547
('----划分特征：', 292)
------划分值:1.000,左节点损失:0.613,右节点损失:0.892,总损失:1.505
------划分值:0.000,左节点损失:0.000,右节点损失:1.547,总损失:1.547
('----划分特征：', 293)
------划分值:0.000,左节点损失:0.000,右节点损失:1.547,总损失:1.547
------划分值:1.000,左节点损失:0.789,右节点损失:0.736,总损失:1.525
('----划分特征：', 294)
------划分值:0.000,左节点损失:0.000,右节点损失:1.547,总损失:1.547
------划分值:1.000,左节点损失:0.973,右节点损失:0.570,总损失:1.542
('----划分特征：', 295)
------划分值:0.000,左节点损失:0.000,右节点损失:1.547,总损失:1.547
------划分值:1.000,左节点损失:1.105,右节点损失:0.440,总损失:1.545
('----划分特征：', 296)
------划分值:0.000,左节点损失:0.000,右节点损失:1.547,总损失:1.547
------划分值:1.000,左节点损失:1.162,右节点损失:0.372,总损失:1.534
('----划分特征：', 297)
------划分值:0.000,左节点损失:0.000,右节点损失:1.547,总损失:1.547
------划分值:1.000,左节点损失:1.083,右节点损失:0.452,总损失:1.535
('----划分特征：', 298)
------划分值:0.000,左节点损失:0.000,右节点损失:1.547,总损失:1.547
------划分值:1.000,左节点损失:0.929,右节点损失:0.618,总损失:1.546
('----划分特征：', 299)
------划分值:0.000,左节点损失:0.000,右节点损失:1.547,总损失:1.547
------划分值:1.000,左节点损失:0.690,右节点损失:0.836,总损失:1.525
('----划分特征：', 300)
------划分值:0.000,左节点损失:0.000,右节点损失:1.547,总损失:1.547
------划分值:1.000,左节点损失:0.523,右节点损失:0.917,总损失:1.440
('----划分特征：', 301)
------划分值:0.000,左节点损失:0.000,右节点损失:1.547,总损失:1.547
------划分值:1.000,左节点损失:0.616,右节点损失:0.753,总损失:1.369
('----划分特征：', 302)
------划分值:0.000,左节点损失:0.000,右节点损失:1.547,总损失:1.547
------划分值:1.000,左节点损失:0.854,右节点损失:0.480,总损失:1.334
('----划分特征：', 303)
------划分值:0.000,左节点损失:0.000,右节点损失:1.547,总损失:1.547
------划分值:1.000,左节点损失:1.202,右节点损失:0.201,总损失:1.403
('----划分特征：', 304)
------划分值:0.000,左节点损失:0.000,右节点损失:1.547,总损失:1.547
------划分值:1.000,左节点损失:1.472,右节点损失:0.052,总损失:1.524
('----划分特征：', 305)
------划分值:0.000,左节点损失:0.000,右节点损失:1.547,总损失:1.547
------划分值:1.000,左节点损失:1.546,右节点损失:0.000,总损失:1.546
('----划分特征：', 306)
------划分值:0.000,左节点损失:0.000,右节点损失:1.547,总损失:1.547
------划分值:1.000,左节点损失:1.547,右节点损失:0.000,总损失:1.547
('----划分特征：', 307)
------划分值:0.000,左节点损失:0.000,右节点损失:1.547,总损失:1.547
('----划分特征：', 308)
------划分值:0.000,左节点损失:0.000,右节点损失:1.547,总损失:1.547
('----划分特征：', 309)
------划分值:0.000,左节点损失:0.000,右节点损失:1.547,总损失:1.547
------划分值:1.000,左节点损失:1.547,右节点损失:0.000,总损失:1.547
('----划分特征：', 310)
------划分值:0.000,左节点损失:0.000,右节点损失:1.547,总损失:1.547
------划分值:1.000,左节点损失:1.546,右节点损失:0.000,总损失:1.546
('----划分特征：', 311)
------划分值:0.000,左节点损失:0.000,右节点损失:1.547,总损失:1.547
------划分值:1.000,左节点损失:1.546,右节点损失:0.000,总损失:1.546
('----划分特征：', 312)
------划分值:0.000,左节点损失:0.000,右节点损失:1.547,总损失:1.547
------划分值:1.000,左节点损失:1.544,右节点损失:0.000,总损失:1.544
('----划分特征：', 313)
------划分值:0.000,左节点损失:0.000,右节点损失:1.547,总损失:1.547
------划分值:1.000,左节点损失:1.489,右节点损失:0.058,总损失:1.547
('----划分特征：', 314)
------划分值:0.000,左节点损失:0.000,右节点损失:1.547,总损失:1.547
------划分值:1.000,左节点损失:1.337,右节点损失:0.199,总损失:1.537
('----划分特征：', 315)
------划分值:0.000,左节点损失:0.000,右节点损失:1.547,总损失:1.547
------划分值:1.000,左节点损失:1.093,右节点损失:0.418,总损失:1.511
('----划分特征：', 316)
------划分值:0.000,左节点损失:0.000,右节点损失:1.547,总损失:1.547
------划分值:1.000,左节点损失:0.820,右节点损失:0.670,总损失:1.490
('----划分特征：', 317)
------划分值:0.000,左节点损失:0.000,右节点损失:1.547,总损失:1.547
------划分值:1.000,左节点损失:0.572,右节点损失:0.899,总损失:1.471
('----划分特征：', 318)
------划分值:0.000,左节点损失:0.000,右节点损失:1.547,总损失:1.547
------划分值:1.000,左节点损失:0.520,右节点损失:0.967,总损失:1.487
('----划分特征：', 319)
------划分值:1.000,左节点损失:0.621,右节点损失:0.885,总损失:1.506
------划分值:0.000,左节点损失:0.000,右节点损失:1.547,总损失:1.547
('----划分特征：', 320)
------划分值:1.000,左节点损失:0.842,右节点损失:0.690,总损失:1.532
------划分值:0.000,左节点损失:0.000,右节点损失:1.547,总损失:1.547
('----划分特征：', 321)
------划分值:1.000,左节点损失:1.022,右节点损失:0.522,总损失:1.544
------划分值:0.000,左节点损失:0.000,右节点损失:1.547,总损失:1.547
('----划分特征：', 322)
------划分值:0.000,左节点损失:0.000,右节点损失:1.547,总损失:1.547
------划分值:1.000,左节点损失:1.207,右节点损失:0.334,总损失:1.541
('----划分特征：', 323)
------划分值:0.000,左节点损失:0.000,右节点损失:1.547,总损失:1.547
------划分值:1.000,左节点损失:1.310,右节点损失:0.206,总损失:1.516
('----划分特征：', 324)
------划分值:0.000,左节点损失:0.000,右节点损失:1.547,总损失:1.547
------划分值:1.000,左节点损失:1.313,右节点损失:0.186,总损失:1.499
('----划分特征：', 325)
------划分值:0.000,左节点损失:0.000,右节点损失:1.547,总损失:1.547
------划分值:1.000,左节点损失:1.254,右节点损失:0.241,总损失:1.495
('----划分特征：', 326)
------划分值:0.000,左节点损失:0.000,右节点损失:1.547,总损失:1.547
------划分值:1.000,左节点损失:1.122,右节点损失:0.406,总损失:1.528
('----划分特征：', 327)
------划分值:0.000,左节点损失:0.000,右节点损失:1.547,总损失:1.547
------划分值:1.000,左节点损失:0.846,右节点损失:0.696,总损失:1.542
('----划分特征：', 328)
------划分值:0.000,左节点损失:0.000,右节点损失:1.547,总损失:1.547
------划分值:1.000,左节点损失:0.611,右节点损失:0.835,总损失:1.446
('----划分特征：', 329)
------划分值:0.000,左节点损失:0.000,右节点损失:1.547,总损失:1.547
------划分值:1.000,左节点损失:0.575,右节点损失:0.703,总损失:1.278
('----划分特征：', 330)
------划分值:0.000,左节点损失:0.000,右节点损失:1.547,总损失:1.547
------划分值:1.000,左节点损失:0.746,右节点损失:0.427,总损失:1.173
('----划分特征：', 331)
------划分值:0.000,左节点损失:0.000,右节点损失:1.547,总损失:1.547
------划分值:1.000,左节点损失:1.133,右节点损失:0.167,总损失:1.300
('----划分特征：', 332)
------划分值:0.000,左节点损失:0.000,右节点损失:1.547,总损失:1.547
------划分值:1.000,左节点损失:1.444,右节点损失:0.053,总损失:1.497
('----划分特征：', 333)
------划分值:0.000,左节点损失:0.000,右节点损失:1.547,总损失:1.547
------划分值:1.000,左节点损失:1.547,右节点损失:0.000,总损失:1.547
('----划分特征：', 334)
------划分值:0.000,左节点损失:0.000,右节点损失:1.547,总损失:1.547
------划分值:1.000,左节点损失:1.544,右节点损失:0.001,总损失:1.546
('----划分特征：', 335)
------划分值:0.000,左节点损失:0.000,右节点损失:1.547,总损失:1.547
('----划分特征：', 336)
------划分值:0.000,左节点损失:0.000,右节点损失:1.547,总损失:1.547
('----划分特征：', 337)
------划分值:0.000,左节点损失:0.000,右节点损失:1.547,总损失:1.547
------划分值:1.000,左节点损失:1.547,右节点损失:0.000,总损失:1.547
('----划分特征：', 338)
------划分值:0.000,左节点损失:0.000,右节点损失:1.547,总损失:1.547
------划分值:1.000,左节点损失:1.547,右节点损失:0.000,总损失:1.547
('----划分特征：', 339)
------划分值:0.000,左节点损失:0.000,右节点损失:1.547,总损失:1.547
------划分值:1.000,左节点损失:1.546,右节点损失:0.000,总损失:1.546
('----划分特征：', 340)
------划分值:0.000,左节点损失:0.000,右节点损失:1.547,总损失:1.547
------划分值:1.000,左节点损失:1.542,右节点损失:0.003,总损失:1.545
('----划分特征：', 341)
------划分值:0.000,左节点损失:0.000,右节点损失:1.547,总损失:1.547
------划分值:1.000,左节点损失:1.440,右节点损失:0.101,总损失:1.541
('----划分特征：', 342)
------划分值:0.000,左节点损失:0.000,右节点损失:1.547,总损失:1.547
------划分值:1.000,左节点损失:1.210,右节点损失:0.287,总损失:1.497
('----划分特征：', 343)
------划分值:0.000,左节点损失:0.000,右节点损失:1.547,总损失:1.547
------划分值:1.000,左节点损失:0.921,右节点损失:0.546,总损失:1.467
('----划分特征：', 344)
------划分值:0.000,左节点损失:0.000,右节点损失:1.547,总损失:1.547
------划分值:1.000,左节点损失:0.611,右节点损失:0.823,总损失:1.435
('----划分特征：', 345)
------划分值:0.000,左节点损失:0.000,右节点损失:1.547,总损失:1.547
------划分值:1.000,左节点损失:0.479,右节点损失:0.976,总损失:1.455
('----划分特征：', 346)
------划分值:0.000,左节点损失:0.000,右节点损失:1.547,总损失:1.547
------划分值:1.000,左节点损失:0.566,右节点损失:0.929,总损失:1.496
('----划分特征：', 347)
------划分值:0.000,左节点损失:0.000,右节点损失:1.547,总损失:1.547
------划分值:1.000,左节点损失:0.794,右节点损失:0.739,总损失:1.533
('----划分特征：', 348)
------划分值:1.000,左节点损失:1.050,右节点损失:0.496,总损失:1.547
------划分值:0.000,左节点损失:0.000,右节点损失:1.547,总损失:1.547
('----划分特征：', 349)
------划分值:1.000,左节点损失:1.219,右节点损失:0.318,总损失:1.537
------划分值:0.000,左节点损失:0.000,右节点损失:1.547,总损失:1.547
('----划分特征：', 350)
------划分值:0.000,左节点损失:0.000,右节点损失:1.547,总损失:1.547
------划分值:1.000,左节点损失:1.328,右节点损失:0.177,总损失:1.505
('----划分特征：', 351)
------划分值:0.000,左节点损失:0.000,右节点损失:1.547,总损失:1.547
------划分值:1.000,左节点损失:1.368,右节点损失:0.103,总损失:1.471
('----划分特征：', 352)
------划分值:0.000,左节点损失:0.000,右节点损失:1.547,总损失:1.547
------划分值:1.000,左节点损失:1.358,右节点损失:0.083,总损失:1.442
('----划分特征：', 353)
------划分值:0.000,左节点损失:0.000,右节点损失:1.547,总损失:1.547
------划分值:1.000,左节点损失:1.308,右节点损失:0.145,总损失:1.453
('----划分特征：', 354)
------划分值:0.000,左节点损失:0.000,右节点损失:1.547,总损失:1.547
------划分值:1.000,左节点损失:1.155,右节点损失:0.361,总损失:1.516
('----划分特征：', 355)
------划分值:0.000,左节点损失:0.000,右节点损失:1.547,总损失:1.547
------划分值:1.000,左节点损失:0.959,右节点损失:0.587,总损失:1.546
('----划分特征：', 356)
------划分值:0.000,左节点损失:0.000,右节点损失:1.547,总损失:1.547
------划分值:1.000,左节点损失:0.643,右节点损失:0.787,总损失:1.430
('----划分特征：', 357)
------划分值:0.000,左节点损失:0.000,右节点损失:1.547,总损失:1.547
------划分值:1.000,左节点损失:0.568,右节点损失:0.650,总损失:1.218
('----划分特征：', 358)
------划分值:0.000,左节点损失:0.000,右节点损失:1.547,总损失:1.547
------划分值:1.000,左节点损失:0.726,右节点损失:0.378,总损失:1.104
('----划分特征：', 359)
------划分值:0.000,左节点损失:0.000,右节点损失:1.547,总损失:1.547
------划分值:1.000,左节点损失:1.086,右节点损失:0.160,总损失:1.246
('----划分特征：', 360)
------划分值:0.000,左节点损失:0.000,右节点损失:1.547,总损失:1.547
------划分值:1.000,左节点损失:1.413,右节点损失:0.068,总损失:1.480
('----划分特征：', 361)
------划分值:0.000,左节点损失:0.000,右节点损失:1.547,总损失:1.547
------划分值:1.000,左节点损失:1.547,右节点损失:0.000,总损失:1.547
('----划分特征：', 362)
------划分值:0.000,左节点损失:0.000,右节点损失:1.547,总损失:1.547
------划分值:1.000,左节点损失:1.544,右节点损失:0.002,总损失:1.546
('----划分特征：', 363)
------划分值:0.000,左节点损失:0.000,右节点损失:1.547,总损失:1.547
('----划分特征：', 364)
------划分值:0.000,左节点损失:0.000,右节点损失:1.547,总损失:1.547
('----划分特征：', 365)
------划分值:0.000,左节点损失:0.000,右节点损失:1.547,总损失:1.547
------划分值:1.000,左节点损失:1.547,右节点损失:0.000,总损失:1.547
('----划分特征：', 366)
------划分值:0.000,左节点损失:0.000,右节点损失:1.547,总损失:1.547
------划分值:1.000,左节点损失:1.547,右节点损失:0.000,总损失:1.547
('----划分特征：', 367)
------划分值:0.000,左节点损失:0.000,右节点损失:1.547,总损失:1.547
------划分值:1.000,左节点损失:1.546,右节点损失:0.000,总损失:1.546
('----划分特征：', 368)
------划分值:0.000,左节点损失:0.000,右节点损失:1.547,总损失:1.547
------划分值:1.000,左节点损失:1.533,右节点损失:0.013,总损失:1.547
('----划分特征：', 369)
------划分值:0.000,左节点损失:0.000,右节点损失:1.547,总损失:1.547
------划分值:1.000,左节点损失:1.371,右节点损失:0.146,总损失:1.517
('----划分特征：', 370)
------划分值:0.000,左节点损失:0.000,右节点损失:1.547,总损失:1.547
------划分值:1.000,左节点损失:1.069,右节点损失:0.376,总损失:1.444
('----划分特征：', 371)
------划分值:0.000,左节点损失:0.000,右节点损失:1.547,总损失:1.547
------划分值:1.000,左节点损失:0.747,右节点损失:0.661,总损失:1.408
('----划分特征：', 372)
------划分值:0.000,左节点损失:0.000,右节点损失:1.547,总损失:1.547
------划分值:1.000,左节点损失:0.518,右节点损失:0.895,总损失:1.413
('----划分特征：', 373)
------划分值:0.000,左节点损失:0.000,右节点损失:1.547,总损失:1.547
------划分值:1.000,左节点损失:0.516,右节点损失:0.955,总损失:1.470
('----划分特征：', 374)
------划分值:0.000,左节点损失:0.000,右节点损失:1.547,总损失:1.547
------划分值:1.000,左节点损失:0.711,右节点损失:0.815,总损失:1.526
('----划分特征：', 375)
------划分值:0.000,左节点损失:0.000,右节点损失:1.547,总损失:1.547
------划分值:1.000,左节点损失:1.006,右节点损失:0.540,总损失:1.547
('----划分特征：', 376)
------划分值:0.000,左节点损失:0.000,右节点损失:1.547,总损失:1.547
------划分值:1.000,左节点损失:1.213,右节点损失:0.317,总损失:1.531
('----划分特征：', 377)
------划分值:1.000,左节点损失:1.350,右节点损失:0.133,总损失:1.483
------划分值:0.000,左节点损失:0.000,右节点损失:1.547,总损失:1.547
('----划分特征：', 378)
------划分值:1.000,左节点损失:1.378,右节点损失:0.060,总损失:1.438
------划分值:0.000,左节点损失:0.000,右节点损失:1.547,总损失:1.547
('----划分特征：', 379)
------划分值:1.000,左节点损失:1.372,右节点损失:0.026,总损失:1.398
------划分值:0.000,左节点损失:0.000,右节点损失:1.547,总损失:1.547
('----划分特征：', 380)
------划分值:0.000,左节点损失:0.000,右节点损失:1.547,总损失:1.547
------划分值:1.000,左节点损失:1.345,右节点损失:0.035,总损失:1.380
('----划分特征：', 381)
------划分值:0.000,左节点损失:0.000,右节点损失:1.547,总损失:1.547
------划分值:1.000,左节点损失:1.299,右节点损失:0.123,总损失:1.422
('----划分特征：', 382)
------划分值:0.000,左节点损失:0.000,右节点损失:1.547,总损失:1.547
------划分值:1.000,左节点损失:1.186,右节点损失:0.321,总损失:1.507
('----划分特征：', 383)
------划分值:0.000,左节点损失:0.000,右节点损失:1.547,总损失:1.547
------划分值:1.000,左节点损失:0.969,右节点损失:0.576,总损失:1.545
('----划分特征：', 384)
------划分值:0.000,左节点损失:0.000,右节点损失:1.547,总损失:1.547
------划分值:1.000,左节点损失:0.670,右节点损失:0.753,总损失:1.423
('----划分特征：', 385)
------划分值:0.000,左节点损失:0.000,右节点损失:1.547,总损失:1.547
------划分值:1.000,左节点损失:0.581,右节点损失:0.632,总损失:1.213
('----划分特征：', 386)
------划分值:0.000,左节点损失:0.000,右节点损失:1.547,总损失:1.547
------划分值:1.000,左节点损失:0.720,右节点损失:0.400,总损失:1.121
('----划分特征：', 387)
------划分值:0.000,左节点损失:0.000,右节点损失:1.547,总损失:1.547
------划分值:1.000,左节点损失:1.066,右节点损失:0.205,总损失:1.270
('----划分特征：', 388)
------划分值:0.000,左节点损失:0.000,右节点损失:1.547,总损失:1.547
------划分值:1.000,左节点损失:1.398,右节点损失:0.080,总损失:1.478
('----划分特征：', 389)
------划分值:0.000,左节点损失:0.000,右节点损失:1.547,总损失:1.547
------划分值:1.000,左节点损失:1.546,右节点损失:0.000,总损失:1.546
('----划分特征：', 390)
------划分值:0.000,左节点损失:0.000,右节点损失:1.547,总损失:1.547
('----划分特征：', 391)
------划分值:0.000,左节点损失:0.000,右节点损失:1.547,总损失:1.547
('----划分特征：', 392)
------划分值:0.000,左节点损失:0.000,右节点损失:1.547,总损失:1.547
('----划分特征：', 393)
------划分值:0.000,左节点损失:0.000,右节点损失:1.547,总损失:1.547
('----划分特征：', 394)
------划分值:0.000,左节点损失:0.000,右节点损失:1.547,总损失:1.547
------划分值:1.000,左节点损失:1.547,右节点损失:0.000,总损失:1.547
('----划分特征：', 395)
------划分值:0.000,左节点损失:0.000,右节点损失:1.547,总损失:1.547
------划分值:1.000,左节点损失:1.546,右节点损失:0.000,总损失:1.546
('----划分特征：', 396)
------划分值:0.000,左节点损失:0.000,右节点损失:1.547,总损失:1.547
------划分值:1.000,左节点损失:1.517,右节点损失:0.028,总损失:1.545
('----划分特征：', 397)
------划分值:0.000,左节点损失:0.000,右节点损失:1.547,总损失:1.547
------划分值:1.000,左节点损失:1.253,右节点损失:0.196,总损失:1.449
('----划分特征：', 398)
------划分值:0.000,左节点损失:0.000,右节点损失:1.547,总损失:1.547
------划分值:1.000,左节点损失:0.930,右节点损失:0.451,总损失:1.381
('----划分特征：', 399)
------划分值:0.000,左节点损失:0.000,右节点损失:1.547,总损失:1.547
------划分值:1.000,左节点损失:0.616,右节点损失:0.745,总损失:1.362
('----划分特征：', 400)
------划分值:0.000,左节点损失:0.000,右节点损失:1.547,总损失:1.547
------划分值:1.000,左节点损失:0.478,右节点损失:0.927,总损失:1.405
('----划分特征：', 401)
------划分值:0.000,左节点损失:0.000,右节点损失:1.547,总损失:1.547
------划分值:1.000,左节点损失:0.596,右节点损失:0.896,总损失:1.493
('----划分特征：', 402)
------划分值:0.000,左节点损失:0.000,右节点损失:1.547,总损失:1.547
------划分值:1.000,左节点损失:0.892,右节点损失:0.653,总损失:1.544
('----划分特征：', 403)
------划分值:0.000,左节点损失:0.000,右节点损失:1.547,总损失:1.547
------划分值:1.000,左节点损失:1.174,右节点损失:0.357,总损失:1.531
('----划分特征：', 404)
------划分值:0.000,左节点损失:0.000,右节点损失:1.547,总损失:1.547
------划分值:1.000,左节点损失:1.323,右节点损失:0.164,总损失:1.487
('----划分特征：', 405)
------划分值:0.000,左节点损失:0.000,右节点损失:1.547,总损失:1.547
------划分值:1.000,左节点损失:1.362,右节点损失:0.060,总损失:1.422
('----划分特征：', 406)
------划分值:1.000,左节点损失:1.360,右节点损失:0.014,总损失:1.374
------划分值:0.000,左节点损失:0.000,右节点损失:1.547,总损失:1.547
('----划分特征：', 407)
------划分值:1.000,左节点损失:1.323,右节点损失:0.006,总损失:1.329
------划分值:0.000,左节点损失:0.000,右节点损失:1.547,总损失:1.547
('----划分特征：', 408)
------划分值:1.000,左节点损失:1.319,右节点损失:0.023,总损失:1.342
------划分值:0.000,左节点损失:0.000,右节点损失:1.547,总损失:1.547
('----划分特征：', 409)
------划分值:0.000,左节点损失:0.000,右节点损失:1.547,总损失:1.547
------划分值:1.000,左节点损失:1.277,右节点损失:0.140,总损失:1.417
('----划分特征：', 410)
------划分值:0.000,左节点损失:0.000,右节点损失:1.547,总损失:1.547
------划分值:1.000,左节点损失:1.151,右节点损失:0.368,总损失:1.519
('----划分特征：', 411)
------划分值:0.000,左节点损失:0.000,右节点损失:1.547,总损失:1.547
------划分值:1.000,左节点损失:0.927,右节点损失:0.613,总损失:1.541
('----划分特征：', 412)
------划分值:0.000,左节点损失:0.000,右节点损失:1.547,总损失:1.547
------划分值:1.000,左节点损失:0.693,右节点损失:0.737,总损失:1.430
('----划分特征：', 413)
------划分值:0.000,左节点损失:0.000,右节点损失:1.547,总损失:1.547
------划分值:1.000,左节点损失:0.592,右节点损失:0.648,总损失:1.239
('----划分特征：', 414)
------划分值:0.000,左节点损失:0.000,右节点损失:1.547,总损失:1.547
------划分值:1.000,左节点损失:0.775,右节点损失:0.413,总损失:1.188
('----划分特征：', 415)
------划分值:0.000,左节点损失:0.000,右节点损失:1.547,总损失:1.547
------划分值:1.000,左节点损失:1.073,右节点损失:0.227,总损失:1.299
('----划分特征：', 416)
------划分值:0.000,左节点损失:0.000,右节点损失:1.547,总损失:1.547
------划分值:1.000,左节点损失:1.410,右节点损失:0.080,总损失:1.490
('----划分特征：', 417)
------划分值:0.000,左节点损失:0.000,右节点损失:1.547,总损失:1.547
------划分值:1.000,左节点损失:1.544,右节点损失:0.003,总损失:1.547
('----划分特征：', 418)
------划分值:0.000,左节点损失:0.000,右节点损失:1.547,总损失:1.547
('----划分特征：', 419)
------划分值:0.000,左节点损失:0.000,右节点损失:1.547,总损失:1.547
('----划分特征：', 420)
------划分值:0.000,左节点损失:0.000,右节点损失:1.547,总损失:1.547
('----划分特征：', 421)
------划分值:0.000,左节点损失:0.000,右节点损失:1.547,总损失:1.547
('----划分特征：', 422)
------划分值:0.000,左节点损失:0.000,右节点损失:1.547,总损失:1.547
------划分值:1.000,左节点损失:1.547,右节点损失:0.000,总损失:1.547
('----划分特征：', 423)
------划分值:0.000,左节点损失:0.000,右节点损失:1.547,总损失:1.547
------划分值:1.000,左节点损失:1.546,右节点损失:0.000,总损失:1.546
('----划分特征：', 424)
------划分值:0.000,左节点损失:0.000,右节点损失:1.547,总损失:1.547
------划分值:1.000,左节点损失:1.491,右节点损失:0.045,总损失:1.536
('----划分特征：', 425)
------划分值:0.000,左节点损失:0.000,右节点损失:1.547,总损失:1.547
------划分值:1.000,左节点损失:1.162,右节点损失:0.244,总损失:1.406
('----划分特征：', 426)
------划分值:0.000,左节点损失:0.000,右节点损失:1.547,总损失:1.547
------划分值:1.000,左节点损失:0.786,右节点损失:0.527,总损失:1.313
('----划分特征：', 427)
------划分值:0.000,左节点损失:0.000,右节点损失:1.547,总损失:1.547
------划分值:1.000,左节点损失:0.510,右节点损失:0.796,总损失:1.306
('----划分特征：', 428)
------划分值:0.000,左节点损失:0.000,右节点损失:1.547,总损失:1.547
------划分值:1.000,左节点损失:0.478,右节点损失:0.923,总损失:1.401
('----划分特征：', 429)
------划分值:0.000,左节点损失:0.000,右节点损失:1.547,总损失:1.547
------划分值:1.000,左节点损失:0.714,右节点损失:0.801,总损失:1.514
('----划分特征：', 430)
------划分值:0.000,左节点损失:0.000,右节点损失:1.547,总损失:1.547
------划分值:1.000,左节点损失:1.054,右节点损失:0.491,总损失:1.545
('----划分特征：', 431)
------划分值:0.000,左节点损失:0.000,右节点损失:1.547,总损失:1.547
------划分值:1.000,左节点损失:1.280,右节点损失:0.224,总损失:1.504
('----划分特征：', 432)
------划分值:0.000,左节点损失:0.000,右节点损失:1.547,总损失:1.547
------划分值:1.000,左节点损失:1.370,右节点损失:0.077,总损失:1.447
('----划分特征：', 433)
------划分值:0.000,左节点损失:0.000,右节点损失:1.547,总损失:1.547
------划分值:1.000,左节点损失:1.362,右节点损失:0.026,总损失:1.388
('----划分特征：', 434)
------划分值:0.000,左节点损失:0.000,右节点损失:1.547,总损失:1.547
------划分值:1.000,左节点损失:1.346,右节点损失:0.009,总损失:1.354
('----划分特征：', 435)
------划分值:1.000,左节点损失:1.321,右节点损失:0.012,总损失:1.332
------划分值:0.000,左节点损失:0.000,右节点损失:1.547,总损失:1.547
('----划分特征：', 436)
------划分值:1.000,左节点损失:1.322,右节点损失:0.046,总损失:1.368
------划分值:0.000,左节点损失:0.000,右节点损失:1.547,总损失:1.547
('----划分特征：', 437)
------划分值:1.000,左节点损失:1.239,右节点损失:0.215,总损失:1.454
------划分值:0.000,左节点损失:0.000,右节点损失:1.547,总损失:1.547
('----划分特征：', 438)
------划分值:1.000,左节点损失:1.089,右节点损失:0.446,总损失:1.535
------划分值:0.000,左节点损失:0.000,右节点损失:1.547,总损失:1.547
('----划分特征：', 439)
------划分值:0.000,左节点损失:0.000,右节点损失:1.547,总损失:1.547
------划分值:1.000,左节点损失:0.826,右节点损失:0.698,总损失:1.524
('----划分特征：', 440)
------划分值:0.000,左节点损失:0.000,右节点损失:1.547,总损失:1.547
------划分值:1.000,左节点损失:0.649,右节点损失:0.767,总损失:1.416
('----划分特征：', 441)
------划分值:0.000,左节点损失:0.000,右节点损失:1.547,总损失:1.547
------划分值:1.000,左节点损失:0.671,右节点损失:0.640,总损失:1.310
('----划分特征：', 442)
------划分值:0.000,左节点损失:0.000,右节点损失:1.547,总损失:1.547
------划分值:1.000,左节点损失:0.870,右节点损失:0.426,总损失:1.296
('----划分特征：', 443)
------划分值:0.000,左节点损失:0.000,右节点损失:1.547,总损失:1.547
------划分值:1.000,左节点损失:1.142,右节点损失:0.225,总损失:1.368
('----划分特征：', 444)
------划分值:0.000,左节点损失:0.000,右节点损失:1.547,总损失:1.547
------划分值:1.000,左节点损失:1.424,右节点损失:0.081,总损失:1.505
('----划分特征：', 445)
------划分值:0.000,左节点损失:0.000,右节点损失:1.547,总损失:1.547
------划分值:1.000,左节点损失:1.544,右节点损失:0.003,总损失:1.547
('----划分特征：', 446)
------划分值:0.000,左节点损失:0.000,右节点损失:1.547,总损失:1.547
------划分值:1.000,左节点损失:1.547,右节点损失:0.000,总损失:1.547
('----划分特征：', 447)
------划分值:0.000,左节点损失:0.000,右节点损失:1.547,总损失:1.547
('----划分特征：', 448)
------划分值:0.000,左节点损失:0.000,右节点损失:1.547,总损失:1.547
('----划分特征：', 449)
------划分值:0.000,左节点损失:0.000,右节点损失:1.547,总损失:1.547
('----划分特征：', 450)
------划分值:0.000,左节点损失:0.000,右节点损失:1.547,总损失:1.547
------划分值:1.000,左节点损失:1.547,右节点损失:0.000,总损失:1.547
('----划分特征：', 451)
------划分值:0.000,左节点损失:0.000,右节点损失:1.547,总损失:1.547
------划分值:1.000,左节点损失:1.546,右节点损失:0.000,总损失:1.546
('----划分特征：', 452)
------划分值:0.000,左节点损失:0.000,右节点损失:1.547,总损失:1.547
------划分值:1.000,左节点损失:1.464,右节点损失:0.066,总损失:1.530
('----划分特征：', 453)
------划分值:0.000,左节点损失:0.000,右节点损失:1.547,总损失:1.547
------划分值:1.000,左节点损失:1.089,右节点损失:0.294,总损失:1.383
('----划分特征：', 454)
------划分值:0.000,左节点损失:0.000,右节点损失:1.547,总损失:1.547
------划分值:1.000,左节点损失:0.721,右节点损失:0.571,总损失:1.292
('----划分特征：', 455)
------划分值:0.000,左节点损失:0.000,右节点损失:1.547,总损失:1.547
------划分值:1.000,左节点损失:0.475,右节点损失:0.811,总损失:1.286
('----划分特征：', 456)
------划分值:0.000,左节点损失:0.000,右节点损失:1.547,总损失:1.547
------划分值:1.000,左节点损失:0.527,右节点损失:0.881,总损失:1.407
('----划分特征：', 457)
------划分值:0.000,左节点损失:0.000,右节点损失:1.547,总损失:1.547
------划分值:1.000,左节点损失:0.838,右节点损失:0.690,总损失:1.528
('----划分特征：', 458)
------划分值:0.000,左节点损失:0.000,右节点损失:1.547,总损失:1.547
------划分值:1.000,左节点损失:1.196,右节点损失:0.340,总损失:1.536
('----划分特征：', 459)
------划分值:0.000,左节点损失:0.000,右节点损失:1.547,总损失:1.547
------划分值:1.000,左节点损失:1.359,右节点损失:0.130,总损失:1.489
('----划分特征：', 460)
------划分值:0.000,左节点损失:0.000,右节点损失:1.547,总损失:1.547
------划分值:1.000,左节点损失:1.392,右节点损失:0.057,总损失:1.449
('----划分特征：', 461)
------划分值:0.000,左节点损失:0.000,右节点损失:1.547,总损失:1.547
------划分值:1.000,左节点损失:1.393,右节点损失:0.014,总损失:1.407
('----划分特征：', 462)
------划分值:0.000,左节点损失:0.000,右节点损失:1.547,总损失:1.547
------划分值:1.000,左节点损失:1.362,右节点损失:0.012,总损失:1.374
('----划分特征：', 463)
------划分值:0.000,左节点损失:0.000,右节点损失:1.547,总损失:1.547
------划分值:1.000,左节点损失:1.345,右节点损失:0.032,总损失:1.376
('----划分特征：', 464)
------划分值:0.000,左节点损失:0.000,右节点损失:1.547,总损失:1.547
------划分值:1.000,左节点损失:1.304,右节点损失:0.120,总损失:1.424
('----划分特征：', 465)
------划分值:1.000,左节点损失:1.174,右节点损失:0.327,总损失:1.501
------划分值:0.000,左节点损失:0.000,右节点损失:1.547,总损失:1.547
('----划分特征：', 466)
------划分值:1.000,左节点损失:0.957,右节点损失:0.590,总损失:1.547
------划分值:0.000,左节点损失:0.000,右节点损失:1.547,总损失:1.547
('----划分特征：', 467)
------划分值:1.000,左节点损失:0.721,右节点损失:0.781,总损失:1.502
------划分值:0.000,左节点损失:0.000,右节点损失:1.547,总损失:1.547
('----划分特征：', 468)
------划分值:0.000,左节点损失:0.000,右节点损失:1.547,总损失:1.547
------划分值:1.000,左节点损失:0.623,右节点损失:0.787,总损失:1.410
('----划分特征：', 469)
------划分值:0.000,左节点损失:0.000,右节点损失:1.547,总损失:1.547
------划分值:1.000,左节点损失:0.736,右节点损失:0.615,总损失:1.351
('----划分特征：', 470)
------划分值:0.000,左节点损失:0.000,右节点损失:1.547,总损失:1.547
------划分值:1.000,左节点损失:0.944,右节点损失:0.415,总损失:1.359
('----划分特征：', 471)
------划分值:0.000,左节点损失:0.000,右节点损失:1.547,总损失:1.547
------划分值:1.000,左节点损失:1.209,右节点损失:0.217,总损失:1.426
('----划分特征：', 472)
------划分值:0.000,左节点损失:0.000,右节点损失:1.547,总损失:1.547
------划分值:1.000,左节点损失:1.459,右节点损失:0.071,总损失:1.531
('----划分特征：', 473)
------划分值:0.000,左节点损失:0.000,右节点损失:1.547,总损失:1.547
------划分值:1.000,左节点损失:1.546,右节点损失:0.000,总损失:1.546
('----划分特征：', 474)
------划分值:0.000,左节点损失:0.000,右节点损失:1.547,总损失:1.547
------划分值:1.000,左节点损失:1.547,右节点损失:0.000,总损失:1.547
('----划分特征：', 475)
------划分值:0.000,左节点损失:0.000,右节点损失:1.547,总损失:1.547
('----划分特征：', 476)
------划分值:0.000,左节点损失:0.000,右节点损失:1.547,总损失:1.547
('----划分特征：', 477)
------划分值:0.000,左节点损失:0.000,右节点损失:1.547,总损失:1.547
('----划分特征：', 478)
------划分值:0.000,左节点损失:0.000,右节点损失:1.547,总损失:1.547
------划分值:1.000,左节点损失:1.547,右节点损失:0.000,总损失:1.547
('----划分特征：', 479)
------划分值:0.000,左节点损失:0.000,右节点损失:1.547,总损失:1.547
------划分值:1.000,左节点损失:1.546,右节点损失:0.000,总损失:1.546
('----划分特征：', 480)
------划分值:0.000,左节点损失:0.000,右节点损失:1.547,总损失:1.547
------划分值:1.000,左节点损失:1.447,右节点损失:0.083,总损失:1.530
('----划分特征：', 481)
------划分值:0.000,左节点损失:0.000,右节点损失:1.547,总损失:1.547
------划分值:1.000,左节点损失:1.026,右节点损失:0.344,总损失:1.369
('----划分特征：', 482)
------划分值:0.000,左节点损失:0.000,右节点损失:1.547,总损失:1.547
------划分值:1.000,左节点损失:0.658,右节点损失:0.591,总损失:1.249
('----划分特征：', 483)
------划分值:0.000,左节点损失:0.000,右节点损失:1.547,总损失:1.547
------划分值:1.000,左节点损失:0.464,右节点损失:0.809,总损失:1.273
('----划分特征：', 484)
------划分值:0.000,左节点损失:0.000,右节点损失:1.547,总损失:1.547
------划分值:1.000,左节点损失:0.562,右节点损失:0.836,总损失:1.397
('----划分特征：', 485)
------划分值:0.000,左节点损失:0.000,右节点损失:1.547,总损失:1.547
------划分值:1.000,左节点损失:0.886,右节点损失:0.639,总损失:1.525
('----划分特征：', 486)
------划分值:0.000,左节点损失:0.000,右节点损失:1.547,总损失:1.547
------划分值:1.000,左节点损失:1.251,右节点损失:0.286,总损失:1.537
('----划分特征：', 487)
------划分值:0.000,左节点损失:0.000,右节点损失:1.547,总损失:1.547
------划分值:1.000,左节点损失:1.369,右节点损失:0.133,总损失:1.502
('----划分特征：', 488)
------划分值:0.000,左节点损失:0.000,右节点损失:1.547,总损失:1.547
------划分值:1.000,左节点损失:1.408,右节点损失:0.066,总损失:1.474
('----划分特征：', 489)
------划分值:0.000,左节点损失:0.000,右节点损失:1.547,总损失:1.547
------划分值:1.000,左节点损失:1.407,右节点损失:0.037,总损失:1.444
('----划分特征：', 490)
------划分值:0.000,左节点损失:0.000,右节点损失:1.547,总损失:1.547
------划分值:1.000,左节点损失:1.366,右节点损失:0.058,总损失:1.423
('----划分特征：', 491)
------划分值:0.000,左节点损失:0.000,右节点损失:1.547,总损失:1.547
------划分值:1.000,左节点损失:1.312,右节点损失:0.131,总损失:1.443
('----划分特征：', 492)
------划分值:0.000,左节点损失:0.000,右节点损失:1.547,总损失:1.547
------划分值:1.000,左节点损失:1.228,右节点损失:0.260,总损失:1.488
('----划分特征：', 493)
------划分值:1.000,左节点损失:1.032,右节点损失:0.507,总损失:1.539
------划分值:0.000,左节点损失:0.000,右节点损失:1.547,总损失:1.547
('----划分特征：', 494)
------划分值:1.000,左节点损失:0.774,右节点损失:0.759,总损失:1.532
------划分值:0.000,左节点损失:0.000,右节点损失:1.547,总损失:1.547
('----划分特征：', 495)
------划分值:1.000,左节点损失:0.638,右节点损失:0.835,总损失:1.473
------划分值:0.000,左节点损失:0.000,右节点损失:1.547,总损失:1.547
('----划分特征：', 496)
------划分值:0.000,左节点损失:0.000,右节点损失:1.547,总损失:1.547
------划分值:1.000,左节点损失:0.641,右节点损失:0.775,总损失:1.416
('----划分特征：', 497)
------划分值:0.000,左节点损失:0.000,右节点损失:1.547,总损失:1.547
------划分值:1.000,左节点损失:0.834,右节点损失:0.570,总损失:1.404
('----划分特征：', 498)
------划分值:0.000,左节点损失:0.000,右节点损失:1.547,总损失:1.547
------划分值:1.000,左节点损失:1.054,右节点损失:0.371,总损失:1.426
('----划分特征：', 499)
------划分值:0.000,左节点损失:0.000,右节点损失:1.547,总损失:1.547
------划分值:1.000,左节点损失:1.321,右节点损失:0.175,总损失:1.496
('----划分特征：', 500)
------划分值:0.000,左节点损失:0.000,右节点损失:1.547,总损失:1.547
------划分值:1.000,左节点损失:1.473,右节点损失:0.066,总损失:1.539
('----划分特征：', 501)
------划分值:0.000,左节点损失:0.000,右节点损失:1.547,总损失:1.547
------划分值:1.000,左节点损失:1.546,右节点损失:0.000,总损失:1.546
('----划分特征：', 502)
------划分值:0.000,左节点损失:0.000,右节点损失:1.547,总损失:1.547
------划分值:1.000,左节点损失:1.547,右节点损失:0.000,总损失:1.547
('----划分特征：', 503)
------划分值:0.000,左节点损失:0.000,右节点损失:1.547,总损失:1.547
('----划分特征：', 504)
------划分值:0.000,左节点损失:0.000,右节点损失:1.547,总损失:1.547
('----划分特征：', 505)
------划分值:0.000,左节点损失:0.000,右节点损失:1.547,总损失:1.547
('----划分特征：', 506)
------划分值:0.000,左节点损失:0.000,右节点损失:1.547,总损失:1.547
------划分值:1.000,左节点损失:1.547,右节点损失:0.000,总损失:1.547
('----划分特征：', 507)
------划分值:0.000,左节点损失:0.000,右节点损失:1.547,总损失:1.547
------划分值:1.000,左节点损失:1.545,右节点损失:0.000,总损失:1.545
('----划分特征：', 508)
------划分值:0.000,左节点损失:0.000,右节点损失:1.547,总损失:1.547
------划分值:1.000,左节点损失:1.422,右节点损失:0.111,总损失:1.533
('----划分特征：', 509)
------划分值:0.000,左节点损失:0.000,右节点损失:1.547,总损失:1.547
------划分值:1.000,左节点损失:1.070,右节点损失:0.352,总损失:1.422
('----划分特征：', 510)
------划分值:0.000,左节点损失:0.000,右节点损失:1.547,总损失:1.547
------划分值:1.000,左节点损失:0.658,右节点损失:0.618,总损失:1.276
('----划分特征：', 511)
------划分值:0.000,左节点损失:0.000,右节点损失:1.547,总损失:1.547
------划分值:1.000,左节点损失:0.432,右节点损失:0.816,总损失:1.248
('----划分特征：', 512)
------划分值:0.000,左节点损失:0.000,右节点损失:1.547,总损失:1.547
------划分值:1.000,左节点损失:0.549,右节点损失:0.818,总损失:1.367
('----划分特征：', 513)
------划分值:0.000,左节点损失:0.000,右节点损失:1.547,总损失:1.547
------划分值:1.000,左节点损失:0.876,右节点损失:0.637,总损失:1.513
('----划分特征：', 514)
------划分值:0.000,左节点损失:0.000,右节点损失:1.547,总损失:1.547
------划分值:1.000,左节点损失:1.189,右节点损失:0.355,总损失:1.544
('----划分特征：', 515)
------划分值:0.000,左节点损失:0.000,右节点损失:1.547,总损失:1.547
------划分值:1.000,左节点损失:1.348,右节点损失:0.168,总损失:1.516
('----划分特征：', 516)
------划分值:0.000,左节点损失:0.000,右节点损失:1.547,总损失:1.547
------划分值:1.000,左节点损失:1.384,右节点损失:0.114,总损失:1.497
('----划分特征：', 517)
------划分值:0.000,左节点损失:0.000,右节点损失:1.547,总损失:1.547
------划分值:1.000,左节点损失:1.371,右节点损失:0.103,总损失:1.473
('----划分特征：', 518)
------划分值:0.000,左节点损失:0.000,右节点损失:1.547,总损失:1.547
------划分值:1.000,左节点损失:1.312,右节点损失:0.156,总损失:1.468
('----划分特征：', 519)
------划分值:1.000,左节点损失:1.180,右节点损失:0.322,总损失:1.502
------划分值:0.000,左节点损失:0.000,右节点损失:1.547,总损失:1.547
('----划分特征：', 520)
------划分值:1.000,左节点损失:1.034,右节点损失:0.501,总损失:1.536
------划分值:0.000,左节点损失:0.000,右节点损失:1.547,总损失:1.547
('----划分特征：', 521)
------划分值:1.000,左节点损失:0.771,右节点损失:0.770,总损失:1.541
------划分值:0.000,左节点损失:0.000,右节点损失:1.547,总损失:1.547
('----划分特征：', 522)
------划分值:1.000,左节点损失:0.613,右节点损失:0.890,总损失:1.503
------划分值:0.000,左节点损失:0.000,右节点损失:1.547,总损失:1.547
('----划分特征：', 523)
------划分值:1.000,左节点损失:0.586,右节点损失:0.865,总损失:1.451
------划分值:0.000,左节点损失:0.000,右节点损失:1.547,总损失:1.547
('----划分特征：', 524)
------划分值:0.000,左节点损失:0.000,右节点损失:1.547,总损失:1.547
------划分值:1.000,左节点损失:0.776,右节点损失:0.675,总损失:1.452
('----划分特征：', 525)
------划分值:0.000,左节点损失:0.000,右节点损失:1.547,总损失:1.547
------划分值:1.000,左节点损失:0.981,右节点损失:0.483,总损失:1.463
('----划分特征：', 526)
------划分值:0.000,左节点损失:0.000,右节点损失:1.547,总损失:1.547
------划分值:1.000,左节点损失:1.222,右节点损失:0.278,总损失:1.500
('----划分特征：', 527)
------划分值:0.000,左节点损失:0.000,右节点损失:1.547,总损失:1.547
------划分值:1.000,左节点损失:1.417,右节点损失:0.118,总损失:1.534
('----划分特征：', 528)
------划分值:0.000,左节点损失:0.000,右节点损失:1.547,总损失:1.547
------划分值:1.000,左节点损失:1.519,右节点损失:0.028,总损失:1.546
('----划分特征：', 529)
------划分值:0.000,左节点损失:0.000,右节点损失:1.547,总损失:1.547
------划分值:1.000,左节点损失:1.546,右节点损失:0.000,总损失:1.546
('----划分特征：', 530)
------划分值:0.000,左节点损失:0.000,右节点损失:1.547,总损失:1.547
------划分值:1.000,左节点损失:1.547,右节点损失:0.000,总损失:1.547
('----划分特征：', 531)
------划分值:0.000,左节点损失:0.000,右节点损失:1.547,总损失:1.547
------划分值:1.000,左节点损失:1.547,右节点损失:0.000,总损失:1.547
('----划分特征：', 532)
------划分值:0.000,左节点损失:0.000,右节点损失:1.547,总损失:1.547
('----划分特征：', 533)
------划分值:0.000,左节点损失:0.000,右节点损失:1.547,总损失:1.547
('----划分特征：', 534)
------划分值:0.000,左节点损失:0.000,右节点损失:1.547,总损失:1.547
------划分值:1.000,左节点损失:1.547,右节点损失:0.000,总损失:1.547
('----划分特征：', 535)
------划分值:0.000,左节点损失:0.000,右节点损失:1.547,总损失:1.547
------划分值:1.000,左节点损失:1.540,右节点损失:0.006,总损失:1.546
('----划分特征：', 536)
------划分值:0.000,左节点损失:0.000,右节点损失:1.547,总损失:1.547
------划分值:1.000,左节点损失:1.430,右节点损失:0.110,总损失:1.540
('----划分特征：', 537)
------划分值:0.000,左节点损失:0.000,右节点损失:1.547,总损失:1.547
------划分值:1.000,左节点损失:1.081,右节点损失:0.373,总损失:1.454
('----划分特征：', 538)
------划分值:0.000,左节点损失:0.000,右节点损失:1.547,总损失:1.547
------划分值:1.000,左节点损失:0.707,右节点损失:0.637,总损失:1.344
('----划分特征：', 539)
------划分值:0.000,左节点损失:0.000,右节点损失:1.547,总损失:1.547
------划分值:1.000,左节点损失:0.437,右节点损失:0.841,总损失:1.278
('----划分特征：', 540)
------划分值:0.000,左节点损失:0.000,右节点损失:1.547,总损失:1.547
------划分值:1.000,左节点损失:0.493,右节点损失:0.870,总损失:1.363
('----划分特征：', 541)
------划分值:0.000,左节点损失:0.000,右节点损失:1.547,总损失:1.547
------划分值:1.000,左节点损失:0.741,右节点损失:0.749,总损失:1.490
('----划分特征：', 542)
------划分值:0.000,左节点损失:0.000,右节点损失:1.547,总损失:1.547
------划分值:1.000,左节点损失:1.016,右节点损失:0.529,总损失:1.545
('----划分特征：', 543)
------划分值:0.000,左节点损失:0.000,右节点损失:1.547,总损失:1.547
------划分值:1.000,左节点损失:1.173,右节点损失:0.367,总损失:1.540
('----划分特征：', 544)
------划分值:0.000,左节点损失:0.000,右节点损失:1.547,总损失:1.547
------划分值:1.000,左节点损失:1.215,右节点损失:0.310,总损失:1.526
('----划分特征：', 545)
------划分值:1.000,左节点损失:1.178,右节点损失:0.341,总损失:1.519
------划分值:0.000,左节点损失:0.000,右节点损失:1.547,总损失:1.547
('----划分特征：', 546)
------划分值:1.000,左节点损失:1.075,右节点损失:0.450,总损失:1.525
------划分值:0.000,左节点损失:0.000,右节点损失:1.547,总损失:1.547
('----划分特征：', 547)
------划分值:1.000,左节点损失:0.920,右节点损失:0.624,总损失:1.544
------划分值:0.000,左节点损失:0.000,右节点损失:1.547,总损失:1.547
('----划分特征：', 548)
------划分值:1.000,左节点损失:0.704,右节点损失:0.836,总损失:1.540
------划分值:0.000,左节点损失:0.000,右节点损失:1.547,总损失:1.547
('----划分特征：', 549)
------划分值:1.000,左节点损失:0.577,右节点损失:0.935,总损失:1.512
------划分值:0.000,左节点损失:0.000,右节点损失:1.547,总损失:1.547
('----划分特征：', 550)
------划分值:1.000,左节点损失:0.555,右节点损失:0.925,总损失:1.480
------划分值:0.000,左节点损失:0.000,右节点损失:1.547,总损失:1.547
('----划分特征：', 551)
------划分值:1.000,左节点损失:0.698,右节点损失:0.775,总损失:1.473
------划分值:0.000,左节点损失:0.000,右节点损失:1.547,总损失:1.547
('----划分特征：', 552)
------划分值:0.000,左节点损失:0.000,右节点损失:1.547,总损失:1.547
------划分值:1.000,左节点损失:0.939,右节点损失:0.552,总损失:1.492
('----划分特征：', 553)
------划分值:0.000,左节点损失:0.000,右节点损失:1.547,总损失:1.547
------划分值:1.000,左节点损失:1.135,右节点损失:0.369,总损失:1.504
('----划分特征：', 554)
------划分值:0.000,左节点损失:0.000,右节点损失:1.547,总损失:1.547
------划分值:1.000,左节点损失:1.363,右节点损失:0.172,总损失:1.535
('----划分特征：', 555)
------划分值:0.000,左节点损失:0.000,右节点损失:1.547,总损失:1.547
------划分值:1.000,左节点损失:1.469,右节点损失:0.075,总损失:1.544
('----划分特征：', 556)
------划分值:0.000,左节点损失:0.000,右节点损失:1.547,总损失:1.547
------划分值:1.000,左节点损失:1.536,右节点损失:0.011,总损失:1.547
('----划分特征：', 557)
------划分值:0.000,左节点损失:0.000,右节点损失:1.547,总损失:1.547
------划分值:1.000,左节点损失:1.546,右节点损失:0.000,总损失:1.546
('----划分特征：', 558)
------划分值:0.000,左节点损失:0.000,右节点损失:1.547,总损失:1.547
('----划分特征：', 559)
------划分值:0.000,左节点损失:0.000,右节点损失:1.547,总损失:1.547
('----划分特征：', 560)
------划分值:0.000,左节点损失:0.000,右节点损失:1.547,总损失:1.547
('----划分特征：', 561)
------划分值:0.000,左节点损失:0.000,右节点损失:1.547,总损失:1.547
('----划分特征：', 562)
------划分值:0.000,左节点损失:0.000,右节点损失:1.547,总损失:1.547
------划分值:1.000,左节点损失:1.546,右节点损失:0.000,总损失:1.546
('----划分特征：', 563)
------划分值:0.000,左节点损失:0.000,右节点损失:1.547,总损失:1.547
------划分值:1.000,左节点损失:1.542,右节点损失:0.003,总损失:1.545
('----划分特征：', 564)
------划分值:0.000,左节点损失:0.000,右节点损失:1.547,总损失:1.547
------划分值:1.000,左节点损失:1.451,右节点损失:0.093,总损失:1.545
('----划分特征：', 565)
------划分值:0.000,左节点损失:0.000,右节点损失:1.547,总损失:1.547
------划分值:1.000,左节点损失:1.226,右节点损失:0.288,总损失:1.514
('----划分特征：', 566)
------划分值:0.000,左节点损失:0.000,右节点损失:1.547,总损失:1.547
------划分值:1.000,左节点损失:0.840,右节点损失:0.586,总损失:1.426
('----划分特征：', 567)
------划分值:0.000,左节点损失:0.000,右节点损失:1.547,总损失:1.547
------划分值:1.000,左节点损失:0.520,右节点损失:0.834,总损失:1.354
('----划分特征：', 568)
------划分值:0.000,左节点损失:0.000,右节点损失:1.547,总损失:1.547
------划分值:1.000,左节点损失:0.439,右节点损失:0.931,总损失:1.370
('----划分特征：', 569)
------划分值:0.000,左节点损失:0.000,右节点损失:1.547,总损失:1.547
------划分值:1.000,左节点损失:0.488,右节点损失:0.948,总损失:1.436
('----划分特征：', 570)
------划分值:0.000,左节点损失:0.000,右节点损失:1.547,总损失:1.547
------划分值:1.000,左节点损失:0.678,右节点损失:0.833,总损失:1.511
('----划分特征：', 571)
------划分值:0.000,左节点损失:0.000,右节点损失:1.547,总损失:1.547
------划分值:1.000,左节点损失:0.862,右节点损失:0.681,总损失:1.543
('----划分特征：', 572)
------划分值:1.000,左节点损失:0.879,右节点损失:0.667,总损失:1.547
------划分值:0.000,左节点损失:0.000,右节点损失:1.547,总损失:1.547
('----划分特征：', 573)
------划分值:1.000,左节点损失:0.812,右节点损失:0.735,总损失:1.547
------划分值:0.000,左节点损失:0.000,右节点损失:1.547,总损失:1.547
('----划分特征：', 574)
------划分值:1.000,左节点损失:0.705,右节点损失:0.840,总损失:1.545
------划分值:0.000,左节点损失:0.000,右节点损失:1.547,总损失:1.547
('----划分特征：', 575)
------划分值:1.000,左节点损失:0.571,右节点损失:0.961,总损失:1.532
------划分值:0.000,左节点损失:0.000,右节点损失:1.547,总损失:1.547
('----划分特征：', 576)
------划分值:1.000,左节点损失:0.475,右节点损失:1.030,总损失:1.504
------划分值:0.000,左节点损失:0.000,右节点损失:1.547,总损失:1.547
('----划分特征：', 577)
------划分值:1.000,左节点损失:0.493,右节点损失:0.988,总损失:1.481
------划分值:0.000,左节点损失:0.000,右节点损失:1.547,总损失:1.547
('----划分特征：', 578)
------划分值:0.000,左节点损失:0.000,右节点损失:1.547,总损失:1.547
------划分值:1.000,左节点损失:0.683,右节点损失:0.809,总损失:1.492
('----划分特征：', 579)
------划分值:0.000,左节点损失:0.000,右节点损失:1.547,总损失:1.547
------划分值:1.000,左节点损失:0.933,右节点损失:0.581,总损失:1.514
('----划分特征：', 580)
------划分值:0.000,左节点损失:0.000,右节点损失:1.547,总损失:1.547
------划分值:1.000,左节点损失:1.130,右节点损失:0.393,总损失:1.523
('----划分特征：', 581)
------划分值:0.000,左节点损失:0.000,右节点损失:1.547,总损失:1.547
------划分值:1.000,左节点损失:1.322,右节点损失:0.216,总损失:1.538
('----划分特征：', 582)
------划分值:0.000,左节点损失:0.000,右节点损失:1.547,总损失:1.547
------划分值:1.000,左节点损失:1.448,右节点损失:0.097,总损失:1.545
('----划分特征：', 583)
------划分值:0.000,左节点损失:0.000,右节点损失:1.547,总损失:1.547
------划分值:1.000,左节点损失:1.515,右节点损失:0.031,总损失:1.547
('----划分特征：', 584)
------划分值:0.000,左节点损失:0.000,右节点损失:1.547,总损失:1.547
------划分值:1.000,左节点损失:1.541,右节点损失:0.006,总损失:1.546
('----划分特征：', 585)
------划分值:0.000,左节点损失:0.000,右节点损失:1.547,总损失:1.547
------划分值:1.000,左节点损失:1.546,右节点损失:0.000,总损失:1.546
('----划分特征：', 586)
------划分值:0.000,左节点损失:0.000,右节点损失:1.547,总损失:1.547
------划分值:1.000,左节点损失:1.544,右节点损失:0.002,总损失:1.546
('----划分特征：', 587)
------划分值:0.000,左节点损失:0.000,右节点损失:1.547,总损失:1.547
('----划分特征：', 588)
------划分值:0.000,左节点损失:0.000,右节点损失:1.547,总损失:1.547
('----划分特征：', 589)
------划分值:0.000,左节点损失:0.000,右节点损失:1.547,总损失:1.547
('----划分特征：', 590)
------划分值:0.000,左节点损失:0.000,右节点损失:1.547,总损失:1.547
------划分值:1.000,左节点损失:1.546,右节点损失:0.000,总损失:1.546
('----划分特征：', 591)
------划分值:0.000,左节点损失:0.000,右节点损失:1.547,总损失:1.547
------划分值:1.000,左节点损失:1.543,右节点损失:0.003,总损失:1.546
('----划分特征：', 592)
------划分值:0.000,左节点损失:0.000,右节点损失:1.547,总损失:1.547
------划分值:1.000,左节点损失:1.488,右节点损失:0.058,总损失:1.546
('----划分特征：', 593)
------划分值:0.000,左节点损失:0.000,右节点损失:1.547,总损失:1.547
------划分值:1.000,左节点损失:1.318,右节点损失:0.214,总损失:1.532
('----划分特征：', 594)
------划分值:0.000,左节点损失:0.000,右节点损失:1.547,总损失:1.547
------划分值:1.000,左节点损失:1.044,右节点损失:0.451,总损失:1.495
('----划分特征：', 595)
------划分值:0.000,左节点损失:0.000,右节点损失:1.547,总损失:1.547
------划分值:1.000,左节点损失:0.691,右节点损失:0.743,总损失:1.433
('----划分特征：', 596)
------划分值:0.000,左节点损失:0.000,右节点损失:1.547,总损失:1.547
------划分值:1.000,左节点损失:0.457,右节点损失:0.941,总损失:1.398
('----划分特征：', 597)
------划分值:0.000,左节点损失:0.000,右节点损失:1.547,总损失:1.547
------划分值:1.000,左节点损失:0.318,右节点损失:1.085,总损失:1.402
('----划分特征：', 598)
------划分值:1.000,左节点损失:0.320,右节点损失:1.119,总损失:1.439
------划分值:0.000,左节点损失:0.000,右节点损失:1.547,总损失:1.547
('----划分特征：', 599)
------划分值:1.000,左节点损失:0.393,右节点损失:1.094,总损失:1.488
------划分值:0.000,左节点损失:0.000,右节点损失:1.547,总损失:1.547
('----划分特征：', 600)
------划分值:1.000,左节点损失:0.449,右节点损失:1.064,总损失:1.514
------划分值:0.000,左节点损失:0.000,右节点损失:1.547,总损失:1.547
('----划分特征：', 601)
------划分值:1.000,左节点损失:0.435,右节点损失:1.083,总损失:1.518
------划分值:0.000,左节点损失:0.000,右节点损失:1.547,总损失:1.547
('----划分特征：', 602)
------划分值:1.000,左节点损失:0.409,右节点损失:1.103,总损失:1.512
------划分值:0.000,左节点损失:0.000,右节点损失:1.547,总损失:1.547
('----划分特征：', 603)
------划分值:1.000,左节点损失:0.385,右节点损失:1.108,总损失:1.493
------划分值:0.000,左节点损失:0.000,右节点损失:1.547,总损失:1.547
('----划分特征：', 604)
------划分值:0.000,左节点损失:0.000,右节点损失:1.547,总损失:1.547
------划分值:1.000,左节点损失:0.451,右节点损失:1.027,总损失:1.478
('----划分特征：', 605)
------划分值:0.000,左节点损失:0.000,右节点损失:1.547,总损失:1.547
------划分值:1.000,左节点损失:0.683,右节点损失:0.815,总损失:1.497
('----划分特征：', 606)
------划分值:0.000,左节点损失:0.000,右节点损失:1.547,总损失:1.547
------划分值:1.000,左节点损失:0.927,右节点损失:0.592,总损失:1.519
('----划分特征：', 607)
------划分值:0.000,左节点损失:0.000,右节点损失:1.547,总损失:1.547
------划分值:1.000,左节点损失:1.139,右节点损失:0.393,总损失:1.532
('----划分特征：', 608)
------划分值:0.000,左节点损失:0.000,右节点损失:1.547,总损失:1.547
------划分值:1.000,左节点损失:1.308,右节点损失:0.233,总损失:1.541
('----划分特征：', 609)
------划分值:0.000,左节点损失:0.000,右节点损失:1.547,总损失:1.547
------划分值:1.000,左节点损失:1.430,右节点损失:0.116,总损失:1.545
('----划分特征：', 610)
------划分值:0.000,左节点损失:0.000,右节点损失:1.547,总损失:1.547
------划分值:1.000,左节点损失:1.512,右节点损失:0.035,总损失:1.546
('----划分特征：', 611)
------划分值:0.000,左节点损失:0.000,右节点损失:1.547,总损失:1.547
------划分值:1.000,左节点损失:1.538,右节点损失:0.008,总损失:1.546
('----划分特征：', 612)
------划分值:0.000,左节点损失:0.000,右节点损失:1.547,总损失:1.547
------划分值:1.000,左节点损失:1.543,右节点损失:0.003,总损失:1.546
('----划分特征：', 613)
------划分值:0.000,左节点损失:0.000,右节点损失:1.547,总损失:1.547
------划分值:1.000,左节点损失:1.546,右节点损失:0.000,总损失:1.546
('----划分特征：', 614)
------划分值:0.000,左节点损失:0.000,右节点损失:1.547,总损失:1.547
------划分值:1.000,左节点损失:1.544,右节点损失:0.001,总损失:1.546
('----划分特征：', 615)
------划分值:0.000,左节点损失:0.000,右节点损失:1.547,总损失:1.547
('----划分特征：', 616)
------划分值:0.000,左节点损失:0.000,右节点损失:1.547,总损失:1.547
('----划分特征：', 617)
------划分值:0.000,左节点损失:0.000,右节点损失:1.547,总损失:1.547
('----划分特征：', 618)
------划分值:0.000,左节点损失:0.000,右节点损失:1.547,总损失:1.547
------划分值:1.000,左节点损失:1.547,右节点损失:0.000,总损失:1.547
('----划分特征：', 619)
------划分值:0.000,左节点损失:0.000,右节点损失:1.547,总损失:1.547
------划分值:1.000,左节点损失:1.544,右节点损失:0.003,总损失:1.546
('----划分特征：', 620)
------划分值:0.000,左节点损失:0.000,右节点损失:1.547,总损失:1.547
------划分值:1.000,左节点损失:1.530,右节点损失:0.016,总损失:1.546
('----划分特征：', 621)
------划分值:0.000,左节点损失:0.000,右节点损失:1.547,总损失:1.547
------划分值:1.000,左节点损失:1.420,右节点损失:0.121,总损失:1.541
('----划分特征：', 622)
------划分值:0.000,左节点损失:0.000,右节点损失:1.547,总损失:1.547
------划分值:1.000,左节点损失:1.242,右节点损失:0.282,总损失:1.524
('----划分特征：', 623)
------划分值:1.000,左节点损失:0.973,右节点损失:0.520,总损失:1.493
------划分值:0.000,左节点损失:0.000,右节点损失:1.547,总损失:1.547
('----划分特征：', 624)
------划分值:1.000,左节点损失:0.712,右节点损失:0.754,总损失:1.466
------划分值:0.000,左节点损失:0.000,右节点损失:1.547,总损失:1.547
('----划分特征：', 625)
------划分值:1.000,左节点损失:0.453,右节点损失:0.981,总损失:1.434
------划分值:0.000,左节点损失:0.000,右节点损失:1.547,总损失:1.547
('----划分特征：', 626)
------划分值:1.000,左节点损失:0.282,右节点损失:1.146,总损失:1.427
------划分值:0.000,左节点损失:0.000,右节点损失:1.547,总损失:1.547
('----划分特征：', 627)
------划分值:1.000,左节点损失:0.248,右节点损失:1.200,总损失:1.448
------划分值:0.000,左节点损失:0.000,右节点损失:1.547,总损失:1.547
('----划分特征：', 628)
------划分值:1.000,左节点损失:0.250,右节点损失:1.212,总损失:1.462
------划分值:0.000,左节点损失:0.000,右节点损失:1.547,总损失:1.547
('----划分特征：', 629)
------划分值:1.000,左节点损失:0.305,右节点损失:1.171,总损失:1.476
------划分值:0.000,左节点损失:0.000,右节点损失:1.547,总损失:1.547
('----划分特征：', 630)
------划分值:0.000,左节点损失:0.000,右节点损失:1.547,总损失:1.547
------划分值:1.000,左节点损失:0.367,右节点损失:1.112,总损失:1.479
('----划分特征：', 631)
------划分值:0.000,左节点损失:0.000,右节点损失:1.547,总损失:1.547
------划分值:1.000,左节点损失:0.550,右节点损失:0.947,总损失:1.498
('----划分特征：', 632)
------划分值:0.000,左节点损失:0.000,右节点损失:1.547,总损失:1.547
------划分值:1.000,左节点损失:0.781,右节点损失:0.735,总损失:1.517
('----划分特征：', 633)
------划分值:0.000,左节点损失:0.000,右节点损失:1.547,总损失:1.547
------划分值:1.000,左节点损失:1.035,右节点损失:0.499,总损失:1.534
('----划分特征：', 634)
------划分值:0.000,左节点损失:0.000,右节点损失:1.547,总损失:1.547
------划分值:1.000,左节点损失:1.207,右节点损失:0.335,总损失:1.542
('----划分特征：', 635)
------划分值:0.000,左节点损失:0.000,右节点损失:1.547,总损失:1.547
------划分值:1.000,左节点损失:1.350,右节点损失:0.196,总损失:1.545
('----划分特征：', 636)
------划分值:0.000,左节点损失:0.000,右节点损失:1.547,总损失:1.547
------划分值:1.000,左节点损失:1.445,右节点损失:0.101,总损失:1.547
('----划分特征：', 637)
------划分值:0.000,左节点损失:0.000,右节点损失:1.547,总损失:1.547
------划分值:1.000,左节点损失:1.511,右节点损失:0.035,总损失:1.546
('----划分特征：', 638)
------划分值:0.000,左节点损失:0.000,右节点损失:1.547,总损失:1.547
------划分值:1.000,左节点损失:1.532,右节点损失:0.014,总损失:1.546
('----划分特征：', 639)
------划分值:0.000,左节点损失:0.000,右节点损失:1.547,总损失:1.547
------划分值:1.000,左节点损失:1.543,右节点损失:0.003,总损失:1.546
('----划分特征：', 640)
------划分值:0.000,左节点损失:0.000,右节点损失:1.547,总损失:1.547
------划分值:1.000,左节点损失:1.546,右节点损失:0.000,总损失:1.546
('----划分特征：', 641)
------划分值:0.000,左节点损失:0.000,右节点损失:1.547,总损失:1.547
------划分值:1.000,左节点损失:1.547,右节点损失:0.000,总损失:1.547
('----划分特征：', 642)
------划分值:0.000,左节点损失:0.000,右节点损失:1.547,总损失:1.547
------划分值:1.000,左节点损失:1.544,右节点损失:0.000,总损失:1.544
('----划分特征：', 643)
------划分值:0.000,左节点损失:0.000,右节点损失:1.547,总损失:1.547
('----划分特征：', 644)
------划分值:0.000,左节点损失:0.000,右节点损失:1.547,总损失:1.547
('----划分特征：', 645)
------划分值:0.000,左节点损失:0.000,右节点损失:1.547,总损失:1.547
('----划分特征：', 646)
------划分值:0.000,左节点损失:0.000,右节点损失:1.547,总损失:1.547
------划分值:1.000,左节点损失:1.547,右节点损失:0.000,总损失:1.547
('----划分特征：', 647)
------划分值:0.000,左节点损失:0.000,右节点损失:1.547,总损失:1.547
------划分值:1.000,左节点损失:1.547,右节点损失:0.000,总损失:1.547
('----划分特征：', 648)
------划分值:0.000,左节点损失:0.000,右节点损失:1.547,总损失:1.547
------划分值:1.000,左节点损失:1.541,右节点损失:0.005,总损失:1.547
('----划分特征：', 649)
------划分值:1.000,左节点损失:1.511,右节点损失:0.036,总损失:1.547
------划分值:0.000,左节点损失:0.000,右节点损失:1.547,总损失:1.547
('----划分特征：', 650)
------划分值:1.000,左节点损失:1.453,右节点损失:0.093,总损失:1.546
------划分值:0.000,左节点损失:0.000,右节点损失:1.547,总损失:1.547
('----划分特征：', 651)
------划分值:1.000,左节点损失:1.342,右节点损失:0.201,总损失:1.543
------划分值:0.000,左节点损失:0.000,右节点损失:1.547,总损失:1.547
('----划分特征：', 652)
------划分值:1.000,左节点损失:1.151,右节点损失:0.383,总损失:1.535
------划分值:0.000,左节点损失:0.000,右节点损失:1.547,总损失:1.547
('----划分特征：', 653)
------划分值:1.000,左节点损失:0.923,右节点损失:0.598,总损失:1.521
------划分值:0.000,左节点损失:0.000,右节点损失:1.547,总损失:1.547
('----划分特征：', 654)
------划分值:1.000,左节点损失:0.768,右节点损失:0.750,总损失:1.518
------划分值:0.000,左节点损失:0.000,右节点损失:1.547,总损失:1.547
('----划分特征：', 655)
------划分值:1.000,左节点损失:0.615,右节点损失:0.890,总损失:1.506
------划分值:0.000,左节点损失:0.000,右节点损失:1.547,总损失:1.547
('----划分特征：', 656)
------划分值:1.000,左节点损失:0.602,右节点损失:0.906,总损失:1.507
------划分值:0.000,左节点损失:0.000,右节点损失:1.547,总损失:1.547
('----划分特征：', 657)
------划分值:0.000,左节点损失:0.000,右节点损失:1.547,总损失:1.547
------划分值:1.000,左节点损失:0.699,右节点损失:0.822,总损失:1.521
('----划分特征：', 658)
------划分值:0.000,左节点损失:0.000,右节点损失:1.547,总损失:1.547
------划分值:1.000,左节点损失:0.873,右节点损失:0.664,总损失:1.537
('----划分特征：', 659)
------划分值:0.000,左节点损失:0.000,右节点损失:1.547,总损失:1.547
------划分值:1.000,左节点损失:1.057,右节点损失:0.486,总损失:1.543
('----划分特征：', 660)
------划分值:0.000,左节点损失:0.000,右节点损失:1.547,总损失:1.547
------划分值:1.000,左节点损失:1.258,右节点损失:0.289,总损失:1.547
('----划分特征：', 661)
------划分值:0.000,左节点损失:0.000,右节点损失:1.547,总损失:1.547
------划分值:1.000,左节点损失:1.352,右节点损失:0.195,总损失:1.547
('----划分特征：', 662)
------划分值:0.000,左节点损失:0.000,右节点损失:1.547,总损失:1.547
------划分值:1.000,左节点损失:1.430,右节点损失:0.117,总损失:1.546
('----划分特征：', 663)
------划分值:0.000,左节点损失:0.000,右节点损失:1.547,总损失:1.547
------划分值:1.000,左节点损失:1.505,右节点损失:0.039,总损失:1.544
('----划分特征：', 664)
------划分值:0.000,左节点损失:0.000,右节点损失:1.547,总损失:1.547
------划分值:1.000,左节点损失:1.525,右节点损失:0.020,总损失:1.545
('----划分特征：', 665)
------划分值:0.000,左节点损失:0.000,右节点损失:1.547,总损失:1.547
------划分值:1.000,左节点损失:1.539,右节点损失:0.006,总损失:1.545
('----划分特征：', 666)
------划分值:0.000,左节点损失:0.000,右节点损失:1.547,总损失:1.547
------划分值:1.000,左节点损失:1.543,右节点损失:0.003,总损失:1.546
('----划分特征：', 667)
------划分值:0.000,左节点损失:0.000,右节点损失:1.547,总损失:1.547
------划分值:1.000,左节点损失:1.546,右节点损失:0.000,总损失:1.546
('----划分特征：', 668)
------划分值:0.000,左节点损失:0.000,右节点损失:1.547,总损失:1.547
------划分值:1.000,左节点损失:1.547,右节点损失:0.000,总损失:1.547
('----划分特征：', 669)
------划分值:0.000,左节点损失:0.000,右节点损失:1.547,总损失:1.547
('----划分特征：', 670)
------划分值:0.000,左节点损失:0.000,右节点损失:1.547,总损失:1.547
('----划分特征：', 671)
------划分值:0.000,左节点损失:0.000,右节点损失:1.547,总损失:1.547
('----划分特征：', 672)
------划分值:0.000,左节点损失:0.000,右节点损失:1.547,总损失:1.547
('----划分特征：', 673)
------划分值:0.000,左节点损失:0.000,右节点损失:1.547,总损失:1.547
('----划分特征：', 674)
------划分值:0.000,左节点损失:0.000,右节点损失:1.547,总损失:1.547
('----划分特征：', 675)
------划分值:0.000,左节点损失:0.000,右节点损失:1.547,总损失:1.547
------划分值:1.000,左节点损失:1.547,右节点损失:0.000,总损失:1.547
('----划分特征：', 676)
------划分值:1.000,左节点损失:1.544,右节点损失:0.003,总损失:1.547
------划分值:0.000,左节点损失:0.000,右节点损失:1.547,总损失:1.547
('----划分特征：', 677)
------划分值:1.000,左节点损失:1.541,右节点损失:0.006,总损失:1.546
------划分值:0.000,左节点损失:0.000,右节点损失:1.547,总损失:1.547
('----划分特征：', 678)
------划分值:1.000,左节点损失:1.537,右节点损失:0.008,总损失:1.545
------划分值:0.000,左节点损失:0.000,右节点损失:1.547,总损失:1.547
('----划分特征：', 679)
------划分值:1.000,左节点损失:1.522,右节点损失:0.022,总损失:1.544
------划分值:0.000,左节点损失:0.000,右节点损失:1.547,总损失:1.547
('----划分特征：', 680)
------划分值:1.000,左节点损失:1.495,右节点损失:0.047,总损失:1.542
------划分值:0.000,左节点损失:0.000,右节点损失:1.547,总损失:1.547
('----划分特征：', 681)
------划分值:1.000,左节点损失:1.447,右节点损失:0.094,总损失:1.541
------划分值:0.000,左节点损失:0.000,右节点损失:1.547,总损失:1.547
('----划分特征：', 682)
------划分值:1.000,左节点损失:1.380,右节点损失:0.163,总损失:1.543
------划分值:0.000,左节点损失:0.000,右节点损失:1.547,总损失:1.547
('----划分特征：', 683)
------划分值:0.000,左节点损失:0.000,右节点损失:1.547,总损失:1.547
------划分值:1.000,左节点损失:1.338,右节点损失:0.205,总损失:1.543
('----划分特征：', 684)
------划分值:0.000,左节点损失:0.000,右节点损失:1.547,总损失:1.547
------划分值:1.000,左节点损失:1.312,右节点损失:0.233,总损失:1.545
('----划分特征：', 685)
------划分值:0.000,左节点损失:0.000,右节点损失:1.547,总损失:1.547
------划分值:1.000,左节点损失:1.329,右节点损失:0.215,总损失:1.544
('----划分特征：', 686)
------划分值:0.000,左节点损失:0.000,右节点损失:1.547,总损失:1.547
------划分值:1.000,左节点损失:1.379,右节点损失:0.163,总损失:1.542
('----划分特征：', 687)
------划分值:0.000,左节点损失:0.000,右节点损失:1.547,总损失:1.547
------划分值:1.000,左节点损失:1.432,右节点损失:0.110,总损失:1.542
('----划分特征：', 688)
------划分值:0.000,左节点损失:0.000,右节点损失:1.547,总损失:1.547
------划分值:1.000,左节点损失:1.480,右节点损失:0.061,总损失:1.541
('----划分特征：', 689)
------划分值:0.000,左节点损失:0.000,右节点损失:1.547,总损失:1.547
------划分值:1.000,左节点损失:1.510,右节点损失:0.031,总损失:1.541
('----划分特征：', 690)
------划分值:0.000,左节点损失:0.000,右节点损失:1.547,总损失:1.547
------划分值:1.000,左节点损失:1.528,右节点损失:0.014,总损失:1.542
('----划分特征：', 691)
------划分值:0.000,左节点损失:0.000,右节点损失:1.547,总损失:1.547
------划分值:1.000,左节点损失:1.537,右节点损失:0.006,总损失:1.543
('----划分特征：', 692)
------划分值:0.000,左节点损失:0.000,右节点损失:1.547,总损失:1.547
------划分值:1.000,左节点损失:1.539,右节点损失:0.006,总损失:1.545
('----划分特征：', 693)
------划分值:0.000,左节点损失:0.000,右节点损失:1.547,总损失:1.547
------划分值:1.000,左节点损失:1.543,右节点损失:0.003,总损失:1.546
('----划分特征：', 694)
------划分值:0.000,左节点损失:0.000,右节点损失:1.547,总损失:1.547
------划分值:1.000,左节点损失:1.546,右节点损失:0.000,总损失:1.546
('----划分特征：', 695)
------划分值:0.000,左节点损失:0.000,右节点损失:1.547,总损失:1.547
------划分值:1.000,左节点损失:1.546,右节点损失:0.000,总损失:1.546
('----划分特征：', 696)
------划分值:0.000,左节点损失:0.000,右节点损失:1.547,总损失:1.547
------划分值:1.000,左节点损失:1.547,右节点损失:0.000,总损失:1.547
('----划分特征：', 697)
------划分值:0.000,左节点损失:0.000,右节点损失:1.547,总损失:1.547
('----划分特征：', 698)
------划分值:0.000,左节点损失:0.000,右节点损失:1.547,总损失:1.547
('----划分特征：', 699)
------划分值:0.000,左节点损失:0.000,右节点损失:1.547,总损失:1.547
('----划分特征：', 700)
------划分值:0.000,左节点损失:0.000,右节点损失:1.547,总损失:1.547
('----划分特征：', 701)
------划分值:0.000,左节点损失:0.000,右节点损失:1.547,总损失:1.547
('----划分特征：', 702)
------划分值:0.000,左节点损失:0.000,右节点损失:1.547,总损失:1.547
('----划分特征：', 703)
------划分值:0.000,左节点损失:0.000,右节点损失:1.547,总损失:1.547
('----划分特征：', 704)
------划分值:0.000,左节点损失:0.000,右节点损失:1.547,总损失:1.547
------划分值:1.000,左节点损失:1.547,右节点损失:0.000,总损失:1.547
('----划分特征：', 705)
------划分值:0.000,左节点损失:0.000,右节点损失:1.547,总损失:1.547
------划分值:1.000,左节点损失:1.546,右节点损失:0.000,总损失:1.546
('----划分特征：', 706)
------划分值:0.000,左节点损失:0.000,右节点损失:1.547,总损失:1.547
------划分值:1.000,左节点损失:1.546,右节点损失:0.000,总损失:1.546
('----划分特征：', 707)
------划分值:0.000,左节点损失:0.000,右节点损失:1.547,总损失:1.547
------划分值:1.000,左节点损失:1.544,右节点损失:0.000,总损失:1.544
('----划分特征：', 708)
------划分值:0.000,左节点损失:0.000,右节点损失:1.547,总损失:1.547
------划分值:1.000,左节点损失:1.541,右节点损失:0.000,总损失:1.541
('----划分特征：', 709)
------划分值:0.000,左节点损失:0.000,右节点损失:1.547,总损失:1.547
------划分值:1.000,左节点损失:1.538,右节点损失:0.000,总损失:1.538
('----划分特征：', 710)
------划分值:0.000,左节点损失:0.000,右节点损失:1.547,总损失:1.547
------划分值:1.000,左节点损失:1.533,右节点损失:0.003,总损失:1.536
('----划分特征：', 711)
------划分值:0.000,左节点损失:0.000,右节点损失:1.547,总损失:1.547
------划分值:1.000,左节点损失:1.530,右节点损失:0.006,总损失:1.536
('----划分特征：', 712)
------划分值:0.000,左节点损失:0.000,右节点损失:1.547,总损失:1.547
------划分值:1.000,左节点损失:1.531,右节点损失:0.006,总损失:1.537
('----划分特征：', 713)
------划分值:0.000,左节点损失:0.000,右节点损失:1.547,总损失:1.547
------划分值:1.000,左节点损失:1.529,右节点损失:0.009,总损失:1.538
('----划分特征：', 714)
------划分值:0.000,左节点损失:0.000,右节点损失:1.547,总损失:1.547
------划分值:1.000,左节点损失:1.533,右节点损失:0.006,总损失:1.538
('----划分特征：', 715)
------划分值:0.000,左节点损失:0.000,右节点损失:1.547,总损失:1.547
------划分值:1.000,左节点损失:1.536,右节点损失:0.003,总损失:1.539
('----划分特征：', 716)
------划分值:0.000,左节点损失:0.000,右节点损失:1.547,总损失:1.547
------划分值:1.000,左节点损失:1.540,右节点损失:0.000,总损失:1.540
('----划分特征：', 717)
------划分值:0.000,左节点损失:0.000,右节点损失:1.547,总损失:1.547
------划分值:1.000,左节点损失:1.542,右节点损失:0.000,总损失:1.542
('----划分特征：', 718)
------划分值:0.000,左节点损失:0.000,右节点损失:1.547,总损失:1.547
------划分值:1.000,左节点损失:1.544,右节点损失:0.000,总损失:1.544
('----划分特征：', 719)
------划分值:0.000,左节点损失:0.000,右节点损失:1.547,总损失:1.547
------划分值:1.000,左节点损失:1.545,右节点损失:0.000,总损失:1.545
('----划分特征：', 720)
------划分值:0.000,左节点损失:0.000,右节点损失:1.547,总损失:1.547
------划分值:1.000,左节点损失:1.545,右节点损失:0.000,总损失:1.545
('----划分特征：', 721)
------划分值:0.000,左节点损失:0.000,右节点损失:1.547,总损失:1.547
------划分值:1.000,左节点损失:1.546,右节点损失:0.000,总损失:1.546
('----划分特征：', 722)
------划分值:0.000,左节点损失:0.000,右节点损失:1.547,总损失:1.547
------划分值:1.000,左节点损失:1.546,右节点损失:0.000,总损失:1.546
('----划分特征：', 723)
------划分值:0.000,左节点损失:0.000,右节点损失:1.547,总损失:1.547
------划分值:1.000,左节点损失:1.547,右节点损失:0.000,总损失:1.547
('----划分特征：', 724)
------划分值:0.000,左节点损失:0.000,右节点损失:1.547,总损失:1.547
('----划分特征：', 725)
------划分值:0.000,左节点损失:0.000,右节点损失:1.547,总损失:1.547
('----划分特征：', 726)
------划分值:0.000,左节点损失:0.000,右节点损失:1.547,总损失:1.547
('----划分特征：', 727)
------划分值:0.000,左节点损失:0.000,右节点损失:1.547,总损失:1.547
('----划分特征：', 728)
------划分值:0.000,左节点损失:0.000,右节点损失:1.547,总损失:1.547
('----划分特征：', 729)
------划分值:0.000,左节点损失:0.000,右节点损失:1.547,总损失:1.547
('----划分特征：', 730)
------划分值:0.000,左节点损失:0.000,右节点损失:1.547,总损失:1.547
('----划分特征：', 731)
------划分值:0.000,左节点损失:0.000,右节点损失:1.547,总损失:1.547
('----划分特征：', 732)
------划分值:0.000,左节点损失:0.000,右节点损失:1.547,总损失:1.547
------划分值:1.000,左节点损失:1.547,右节点损失:0.000,总损失:1.547
('----划分特征：', 733)
------划分值:0.000,左节点损失:0.000,右节点损失:1.547,总损失:1.547
------划分值:1.000,左节点损失:1.547,右节点损失:0.000,总损失:1.547
('----划分特征：', 734)
------划分值:0.000,左节点损失:0.000,右节点损失:1.547,总损失:1.547
------划分值:1.000,左节点损失:1.546,右节点损失:0.000,总损失:1.546
('----划分特征：', 735)
------划分值:0.000,左节点损失:0.000,右节点损失:1.547,总损失:1.547
------划分值:1.000,左节点损失:1.545,右节点损失:0.000,总损失:1.545
('----划分特征：', 736)
------划分值:0.000,左节点损失:0.000,右节点损失:1.547,总损失:1.547
------划分值:1.000,左节点损失:1.544,右节点损失:0.000,总损失:1.544
('----划分特征：', 737)
------划分值:0.000,左节点损失:0.000,右节点损失:1.547,总损失:1.547
------划分值:1.000,左节点损失:1.543,右节点损失:0.000,总损失:1.543
('----划分特征：', 738)
------划分值:0.000,左节点损失:0.000,右节点损失:1.547,总损失:1.547
------划分值:1.000,左节点损失:1.543,右节点损失:0.000,总损失:1.543
('----划分特征：', 739)
------划分值:0.000,左节点损失:0.000,右节点损失:1.547,总损失:1.547
------划分值:1.000,左节点损失:1.543,右节点损失:0.000,总损失:1.543
('----划分特征：', 740)
------划分值:0.000,左节点损失:0.000,右节点损失:1.547,总损失:1.547
------划分值:1.000,左节点损失:1.543,右节点损失:0.000,总损失:1.543
('----划分特征：', 741)
------划分值:0.000,左节点损失:0.000,右节点损失:1.547,总损失:1.547
------划分值:1.000,左节点损失:1.543,右节点损失:0.000,总损失:1.543
('----划分特征：', 742)
------划分值:0.000,左节点损失:0.000,右节点损失:1.547,总损失:1.547
------划分值:1.000,左节点损失:1.543,右节点损失:0.000,总损失:1.543
('----划分特征：', 743)
------划分值:0.000,左节点损失:0.000,右节点损失:1.547,总损失:1.547
------划分值:1.000,左节点损失:1.544,右节点损失:0.000,总损失:1.544
('----划分特征：', 744)
------划分值:0.000,左节点损失:0.000,右节点损失:1.547,总损失:1.547
------划分值:1.000,左节点损失:1.544,右节点损失:0.000,总损失:1.544
('----划分特征：', 745)
------划分值:0.000,左节点损失:0.000,右节点损失:1.547,总损失:1.547
------划分值:1.000,左节点损失:1.545,右节点损失:0.000,总损失:1.545
('----划分特征：', 746)
------划分值:0.000,左节点损失:0.000,右节点损失:1.547,总损失:1.547
------划分值:1.000,左节点损失:1.545,右节点损失:0.000,总损失:1.545
('----划分特征：', 747)
------划分值:0.000,左节点损失:0.000,右节点损失:1.547,总损失:1.547
------划分值:1.000,左节点损失:1.546,右节点损失:0.000,总损失:1.546
('----划分特征：', 748)
------划分值:0.000,左节点损失:0.000,右节点损失:1.547,总损失:1.547
------划分值:1.000,左节点损失:1.546,右节点损失:0.000,总损失:1.546
('----划分特征：', 749)
------划分值:0.000,左节点损失:0.000,右节点损失:1.547,总损失:1.547
------划分值:1.000,左节点损失:1.546,右节点损失:0.000,总损失:1.546
('----划分特征：', 750)
------划分值:0.000,左节点损失:0.000,右节点损失:1.547,总损失:1.547
------划分值:1.000,左节点损失:1.547,右节点损失:0.000,总损失:1.547
('----划分特征：', 751)
------划分值:0.000,左节点损失:0.000,右节点损失:1.547,总损失:1.547
------划分值:1.000,左节点损失:1.547,右节点损失:0.000,总损失:1.547
('----划分特征：', 752)
------划分值:0.000,左节点损失:0.000,右节点损失:1.547,总损失:1.547
('----划分特征：', 753)
------划分值:0.000,左节点损失:0.000,右节点损失:1.547,总损失:1.547
('----划分特征：', 754)
------划分值:0.000,左节点损失:0.000,右节点损失:1.547,总损失:1.547
('----划分特征：', 755)
------划分值:0.000,左节点损失:0.000,右节点损失:1.547,总损失:1.547
('----划分特征：', 756)
------划分值:0.000,左节点损失:0.000,右节点损失:1.547,总损失:1.547
('----划分特征：', 757)
------划分值:0.000,左节点损失:0.000,右节点损失:1.547,总损失:1.547
('----划分特征：', 758)
------划分值:0.000,左节点损失:0.000,右节点损失:1.547,总损失:1.547
('----划分特征：', 759)
------划分值:0.000,左节点损失:0.000,右节点损失:1.547,总损失:1.547
('----划分特征：', 760)
------划分值:0.000,左节点损失:0.000,右节点损失:1.547,总损失:1.547
('----划分特征：', 761)
------划分值:0.000,左节点损失:0.000,右节点损失:1.547,总损失:1.547
------划分值:1.000,左节点损失:1.547,右节点损失:0.000,总损失:1.547
('----划分特征：', 762)
------划分值:0.000,左节点损失:0.000,右节点损失:1.547,总损失:1.547
------划分值:1.000,左节点损失:1.547,右节点损失:0.000,总损失:1.547
('----划分特征：', 763)
------划分值:0.000,左节点损失:0.000,右节点损失:1.547,总损失:1.547
------划分值:1.000,左节点损失:1.547,右节点损失:0.000,总损失:1.547
('----划分特征：', 764)
------划分值:0.000,左节点损失:0.000,右节点损失:1.547,总损失:1.547
------划分值:1.000,左节点损失:1.547,右节点损失:0.000,总损失:1.547
('----划分特征：', 765)
------划分值:0.000,左节点损失:0.000,右节点损失:1.547,总损失:1.547
------划分值:1.000,左节点损失:1.547,右节点损失:0.000,总损失:1.547
('----划分特征：', 766)
------划分值:0.000,左节点损失:0.000,右节点损失:1.547,总损失:1.547
------划分值:1.000,左节点损失:1.546,右节点损失:0.000,总损失:1.546
('----划分特征：', 767)
------划分值:0.000,左节点损失:0.000,右节点损失:1.547,总损失:1.547
------划分值:1.000,左节点损失:1.546,右节点损失:0.000,总损失:1.546
('----划分特征：', 768)
------划分值:0.000,左节点损失:0.000,右节点损失:1.547,总损失:1.547
------划分值:1.000,左节点损失:1.546,右节点损失:0.000,总损失:1.546
('----划分特征：', 769)
------划分值:0.000,左节点损失:0.000,右节点损失:1.547,总损失:1.547
------划分值:1.000,左节点损失:1.546,右节点损失:0.000,总损失:1.546
('----划分特征：', 770)
------划分值:0.000,左节点损失:0.000,右节点损失:1.547,总损失:1.547
------划分值:1.000,左节点损失:1.546,右节点损失:0.000,总损失:1.546
('----划分特征：', 771)
------划分值:0.000,左节点损失:0.000,右节点损失:1.547,总损失:1.547
------划分值:1.000,左节点损失:1.546,右节点损失:0.000,总损失:1.546
('----划分特征：', 772)
------划分值:0.000,左节点损失:0.000,右节点损失:1.547,总损失:1.547
------划分值:1.000,左节点损失:1.546,右节点损失:0.000,总损失:1.546
('----划分特征：', 773)
------划分值:0.000,左节点损失:0.000,右节点损失:1.547,总损失:1.547
------划分值:1.000,左节点损失:1.547,右节点损失:0.000,总损失:1.547
('----划分特征：', 774)
------划分值:0.000,左节点损失:0.000,右节点损失:1.547,总损失:1.547
------划分值:1.000,左节点损失:1.547,右节点损失:0.000,总损失:1.547
('----划分特征：', 775)
------划分值:0.000,左节点损失:0.000,右节点损失:1.547,总损失:1.547
------划分值:1.000,左节点损失:1.547,右节点损失:0.000,总损失:1.547
('----划分特征：', 776)
------划分值:0.000,左节点损失:0.000,右节点损失:1.547,总损失:1.547
------划分值:1.000,左节点损失:1.547,右节点损失:0.000,总损失:1.547
('----划分特征：', 777)
------划分值:0.000,左节点损失:0.000,右节点损失:1.547,总损失:1.547
------划分值:1.000,左节点损失:1.547,右节点损失:0.000,总损失:1.547
('----划分特征：', 778)
------划分值:0.000,左节点损失:0.000,右节点损失:1.547,总损失:1.547
('----划分特征：', 779)
------划分值:0.000,左节点损失:0.000,右节点损失:1.547,总损失:1.547
('----划分特征：', 780)
------划分值:0.000,左节点损失:0.000,右节点损失:1.547,总损失:1.547
('----划分特征：', 781)
------划分值:0.000,左节点损失:0.000,右节点损失:1.547,总损失:1.547
('----划分特征：', 782)
------划分值:0.000,左节点损失:0.000,右节点损失:1.547,总损失:1.547
('----划分特征：', 783)
------划分值:0.000,左节点损失:0.000,右节点损失:1.547,总损失:1.547
('----划分特征：', 'label')
------划分值:0.000,左节点损失:0.000,右节点损失:1.547,总损失:1.547
------划分值:1.000,左节点损失:0.000,右节点损失:0.000,总损失:0.000
('----划分特征：', 'f_0')
------划分值:-2.212,左节点损失:0.000,右节点损失:1.547,总损失:1.547
('----划分特征：', 'res_1')
------划分值:-0.099,左节点损失:0.000,右节点损失:1.547,总损失:1.547
------划分值:0.901,左节点损失:0.000,右节点损失:0.000,总损失:0.000
('----划分特征：', 'f_1')
------划分值:-2.323,左节点损失:0.000,右节点损失:1.547,总损失:1.547
------划分值:-1.199,左节点损失:0.000,右节点损失:0.000,总损失:0.000
('----划分特征：', 'res_2')
------划分值:-0.089,左节点损失:0.000,右节点损失:1.547,总损失:1.547
------划分值:0.768,左节点损失:0.000,右节点损失:0.000,总损失:0.000
('----划分特征：', 'f_2')
------划分值:-2.433,左节点损失:0.000,右节点损失:1.547,总损失:1.547
------划分值:-0.767,左节点损失:0.000,右节点损失:0.000,总损失:0.000
('----划分特征：', 'res_3')
------划分值:-0.081,左节点损失:0.000,右节点损失:1.547,总损失:1.547
------划分值:0.683,左节点损失:0.000,右节点损失:0.000,总损失:0.000
('----划分特征：', 'f_3')
------划分值:-2.542,左节点损失:0.000,右节点损失:1.547,总损失:1.547
------划分值:-0.452,左节点损失:0.000,右节点损失:0.000,总损失:0.000
('----划分特征：', 'res_4')
------划分值:-0.073,左节点损失:0.000,右节点损失:1.547,总损失:1.547
------划分值:0.611,左节点损失:0.000,右节点损失:0.000,总损失:0.000
('----划分特征：', 'f_4')
------划分值:-2.650,左节点损失:0.000,右节点损失:1.547,总损失:1.547
------划分值:-0.195,左节点损失:0.000,右节点损失:0.000,总损失:0.000
('----划分特征：', 'res_5')
------划分值:-0.066,左节点损失:0.000,右节点损失:1.547,总损失:1.547
------划分值:0.549,左节点损失:0.000,右节点损失:0.000,总损失:0.000
('----划分特征：', 'f_5')
------划分值:-2.757,左节点损失:0.000,右节点损失:1.547,总损失:1.547
------划分值:0.027,左节点损失:0.000,右节点损失:0.000,总损失:0.000
('----划分特征：', 'res_6')
------划分值:-0.060,左节点损失:0.000,右节点损失:1.547,总损失:1.547
------划分值:0.493,左节点损失:0.000,右节点损失:0.000,总损失:0.000
('----划分特征：', 'f_6')
------划分值:-2.863,左节点损失:0.000,右节点损失:1.547,总损失:1.547
------划分值:0.224,左节点损失:0.000,右节点损失:0.000,总损失:0.000
('----划分特征：', 'res_7')
------划分值:-0.054,左节点损失:0.000,右节点损失:1.547,总损失:1.547
------划分值:0.444,左节点损失:0.000,右节点损失:0.000,总损失:0.000
('----划分特征：', 'f_7')
------划分值:-2.969,左节点损失:0.000,右节点损失:1.547,总损失:1.547
------划分值:0.404,左节点损失:0.000,右节点损失:0.000,总损失:0.000
('----划分特征：', 'res_8')
------划分值:-0.049,左节点损失:0.000,右节点损失:1.547,总损失:1.547
------划分值:0.400,左节点损失:0.000,右节点损失:0.000,总损失:0.000
('----划分特征：', 'f_8')
------划分值:-3.074,左节点损失:0.000,右节点损失:1.547,总损失:1.547
------划分值:0.571,左节点损失:0.000,右节点损失:0.000,总损失:0.000
('----划分特征：', 'res_9')
------划分值:-0.044,左节点损失:0.000,右节点损失:1.547,总损失:1.547
------划分值:0.361,左节点损失:0.000,右节点损失:0.000,总损失:0.000
('----划分特征：', 'f_9')
------划分值:-3.178,左节点损失:0.000,右节点损失:1.547,总损失:1.547
------划分值:0.727,左节点损失:0.000,右节点损失:0.000,总损失:0.000
('----划分特征：', 'res_10')
------划分值:-0.040,左节点损失:0.000,右节点损失:1.547,总损失:1.547
------划分值:0.326,左节点损失:0.000,右节点损失:0.000,总损失:0.000
('--最佳划分特征：', 'label')
('--最佳划分值：', 1)
('叶子节点预测值：', -1.0060059411783524)
('叶子节点预测值：', 1.0502765205758802)
第29棵树: log-likelihood:11.2665
