-----------------------------构建第25颗树-----------------------------
--树的深度：0
('----划分特征：', 1)
------划分值:0.000,左节点损失:0.000,右节点损失:3.450,总损失:3.450
('----划分特征：', 2)
------划分值:0.000,左节点损失:0.000,右节点损失:3.450,总损失:3.450
('----划分特征：', 3)
------划分值:0.000,左节点损失:0.000,右节点损失:3.450,总损失:3.450
('----划分特征：', 4)
------划分值:0.000,左节点损失:0.000,右节点损失:3.450,总损失:3.450
('----划分特征：', 5)
------划分值:0.000,左节点损失:0.000,右节点损失:3.450,总损失:3.450
('----划分特征：', 6)
------划分值:0.000,左节点损失:0.000,右节点损失:3.450,总损失:3.450
('----划分特征：', 7)
------划分值:0.000,左节点损失:0.000,右节点损失:3.450,总损失:3.450
('----划分特征：', 8)
------划分值:0.000,左节点损失:0.000,右节点损失:3.450,总损失:3.450
('----划分特征：', 9)
------划分值:0.000,左节点损失:0.000,右节点损失:3.450,总损失:3.450
('----划分特征：', 10)
------划分值:0.000,左节点损失:0.000,右节点损失:3.450,总损失:3.450
('----划分特征：', 11)
------划分值:0.000,左节点损失:0.000,右节点损失:3.450,总损失:3.450
('----划分特征：', 12)
------划分值:0.000,左节点损失:0.000,右节点损失:3.450,总损失:3.450
('----划分特征：', 13)
------划分值:0.000,左节点损失:0.000,右节点损失:3.450,总损失:3.450
('----划分特征：', 14)
------划分值:0.000,左节点损失:0.000,右节点损失:3.450,总损失:3.450
('----划分特征：', 15)
------划分值:0.000,左节点损失:0.000,右节点损失:3.450,总损失:3.450
('----划分特征：', 16)
------划分值:0.000,左节点损失:0.000,右节点损失:3.450,总损失:3.450
('----划分特征：', 17)
------划分值:0.000,左节点损失:0.000,右节点损失:3.450,总损失:3.450
('----划分特征：', 18)
------划分值:0.000,左节点损失:0.000,右节点损失:3.450,总损失:3.450
('----划分特征：', 19)
------划分值:0.000,左节点损失:0.000,右节点损失:3.450,总损失:3.450
('----划分特征：', 20)
------划分值:0.000,左节点损失:0.000,右节点损失:3.450,总损失:3.450
('----划分特征：', 21)
------划分值:0.000,左节点损失:0.000,右节点损失:3.450,总损失:3.450
('----划分特征：', 22)
------划分值:0.000,左节点损失:0.000,右节点损失:3.450,总损失:3.450
('----划分特征：', 23)
------划分值:0.000,左节点损失:0.000,右节点损失:3.450,总损失:3.450
('----划分特征：', 24)
------划分值:0.000,左节点损失:0.000,右节点损失:3.450,总损失:3.450
('----划分特征：', 25)
------划分值:0.000,左节点损失:0.000,右节点损失:3.450,总损失:3.450
('----划分特征：', 26)
------划分值:0.000,左节点损失:0.000,右节点损失:3.450,总损失:3.450
('----划分特征：', 27)
------划分值:0.000,左节点损失:0.000,右节点损失:3.450,总损失:3.450
('----划分特征：', 28)
------划分值:0.000,左节点损失:0.000,右节点损失:3.450,总损失:3.450
('----划分特征：', 29)
------划分值:0.000,左节点损失:0.000,右节点损失:3.450,总损失:3.450
('----划分特征：', 30)
------划分值:0.000,左节点损失:0.000,右节点损失:3.450,总损失:3.450
('----划分特征：', 31)
------划分值:0.000,左节点损失:0.000,右节点损失:3.450,总损失:3.450
('----划分特征：', 32)
------划分值:0.000,左节点损失:0.000,右节点损失:3.450,总损失:3.450
('----划分特征：', 33)
------划分值:0.000,左节点损失:0.000,右节点损失:3.450,总损失:3.450
('----划分特征：', 34)
------划分值:0.000,左节点损失:0.000,右节点损失:3.450,总损失:3.450
('----划分特征：', 35)
------划分值:0.000,左节点损失:0.000,右节点损失:3.450,总损失:3.450
('----划分特征：', 36)
------划分值:0.000,左节点损失:0.000,右节点损失:3.450,总损失:3.450
------划分值:1.000,左节点损失:3.450,右节点损失:0.000,总损失:3.450
('----划分特征：', 37)
------划分值:0.000,左节点损失:0.000,右节点损失:3.450,总损失:3.450
------划分值:1.000,左节点损失:3.450,右节点损失:0.000,总损失:3.450
('----划分特征：', 38)
------划分值:0.000,左节点损失:0.000,右节点损失:3.450,总损失:3.450
------划分值:1.000,左节点损失:3.450,右节点损失:0.000,总损失:3.450
('----划分特征：', 39)
------划分值:0.000,左节点损失:0.000,右节点损失:3.450,总损失:3.450
------划分值:1.000,左节点损失:3.450,右节点损失:0.000,总损失:3.450
('----划分特征：', 40)
------划分值:0.000,左节点损失:0.000,右节点损失:3.450,总损失:3.450
------划分值:1.000,左节点损失:3.450,右节点损失:0.000,总损失:3.450
('----划分特征：', 41)
------划分值:0.000,左节点损失:0.000,右节点损失:3.450,总损失:3.450
------划分值:1.000,左节点损失:3.450,右节点损失:0.000,总损失:3.450
('----划分特征：', 42)
------划分值:0.000,左节点损失:0.000,右节点损失:3.450,总损失:3.450
------划分值:1.000,左节点损失:3.450,右节点损失:0.000,总损失:3.450
('----划分特征：', 43)
------划分值:0.000,左节点损失:0.000,右节点损失:3.450,总损失:3.450
------划分值:1.000,左节点损失:3.450,右节点损失:0.000,总损失:3.450
('----划分特征：', 44)
------划分值:0.000,左节点损失:0.000,右节点损失:3.450,总损失:3.450
------划分值:1.000,左节点损失:3.450,右节点损失:0.000,总损失:3.450
('----划分特征：', 45)
------划分值:0.000,左节点损失:0.000,右节点损失:3.450,总损失:3.450
------划分值:1.000,左节点损失:3.450,右节点损失:0.000,总损失:3.450
('----划分特征：', 46)
------划分值:0.000,左节点损失:0.000,右节点损失:3.450,总损失:3.450
------划分值:1.000,左节点损失:3.450,右节点损失:0.000,总损失:3.450
('----划分特征：', 47)
------划分值:0.000,左节点损失:0.000,右节点损失:3.450,总损失:3.450
------划分值:1.000,左节点损失:3.450,右节点损失:0.000,总损失:3.450
('----划分特征：', 48)
------划分值:0.000,左节点损失:0.000,右节点损失:3.450,总损失:3.450
------划分值:1.000,左节点损失:3.450,右节点损失:0.000,总损失:3.450
('----划分特征：', 49)
------划分值:0.000,左节点损失:0.000,右节点损失:3.450,总损失:3.450
------划分值:1.000,左节点损失:3.450,右节点损失:0.000,总损失:3.450
('----划分特征：', 50)
------划分值:0.000,左节点损失:0.000,右节点损失:3.450,总损失:3.450
------划分值:1.000,左节点损失:3.450,右节点损失:0.000,总损失:3.450
('----划分特征：', 51)
------划分值:0.000,左节点损失:0.000,右节点损失:3.450,总损失:3.450
('----划分特征：', 52)
------划分值:0.000,左节点损失:0.000,右节点损失:3.450,总损失:3.450
('----划分特征：', 53)
------划分值:0.000,左节点损失:0.000,右节点损失:3.450,总损失:3.450
('----划分特征：', 54)
------划分值:0.000,左节点损失:0.000,右节点损失:3.450,总损失:3.450
('----划分特征：', 55)
------划分值:0.000,左节点损失:0.000,右节点损失:3.450,总损失:3.450
('----划分特征：', 56)
------划分值:0.000,左节点损失:0.000,右节点损失:3.450,总损失:3.450
('----划分特征：', 57)
------划分值:0.000,左节点损失:0.000,右节点损失:3.450,总损失:3.450
('----划分特征：', 58)
------划分值:0.000,左节点损失:0.000,右节点损失:3.450,总损失:3.450
('----划分特征：', 59)
------划分值:0.000,左节点损失:0.000,右节点损失:3.450,总损失:3.450
('----划分特征：', 60)
------划分值:0.000,左节点损失:0.000,右节点损失:3.450,总损失:3.450
('----划分特征：', 61)
------划分值:0.000,左节点损失:0.000,右节点损失:3.450,总损失:3.450
('----划分特征：', 62)
------划分值:0.000,左节点损失:0.000,右节点损失:3.450,总损失:3.450
('----划分特征：', 63)
------划分值:0.000,左节点损失:0.000,右节点损失:3.450,总损失:3.450
('----划分特征：', 64)
------划分值:0.000,左节点损失:0.000,右节点损失:3.450,总损失:3.450
------划分值:1.000,左节点损失:3.450,右节点损失:0.000,总损失:3.450
('----划分特征：', 65)
------划分值:0.000,左节点损失:0.000,右节点损失:3.450,总损失:3.450
------划分值:1.000,左节点损失:3.450,右节点损失:0.000,总损失:3.450
('----划分特征：', 66)
------划分值:0.000,左节点损失:0.000,右节点损失:3.450,总损失:3.450
------划分值:1.000,左节点损失:3.449,右节点损失:0.000,总损失:3.449
('----划分特征：', 67)
------划分值:0.000,左节点损失:0.000,右节点损失:3.450,总损失:3.450
------划分值:1.000,左节点损失:3.449,右节点损失:0.000,总损失:3.449
('----划分特征：', 68)
------划分值:0.000,左节点损失:0.000,右节点损失:3.450,总损失:3.450
------划分值:1.000,左节点损失:3.448,右节点损失:0.000,总损失:3.448
('----划分特征：', 69)
------划分值:0.000,左节点损失:0.000,右节点损失:3.450,总损失:3.450
------划分值:1.000,左节点损失:3.448,右节点损失:0.000,总损失:3.448
('----划分特征：', 70)
------划分值:0.000,左节点损失:0.000,右节点损失:3.450,总损失:3.450
------划分值:1.000,左节点损失:3.446,右节点损失:0.000,总损失:3.446
('----划分特征：', 71)
------划分值:0.000,左节点损失:0.000,右节点损失:3.450,总损失:3.450
------划分值:1.000,左节点损失:3.446,右节点损失:0.000,总损失:3.446
('----划分特征：', 72)
------划分值:0.000,左节点损失:0.000,右节点损失:3.450,总损失:3.450
------划分值:1.000,左节点损失:3.443,右节点损失:0.000,总损失:3.443
('----划分特征：', 73)
------划分值:0.000,左节点损失:0.000,右节点损失:3.450,总损失:3.450
------划分值:1.000,左节点损失:3.443,右节点损失:0.000,总损失:3.443
('----划分特征：', 74)
------划分值:0.000,左节点损失:0.000,右节点损失:3.450,总损失:3.450
------划分值:1.000,左节点损失:3.445,右节点损失:0.000,总损失:3.445
('----划分特征：', 75)
------划分值:0.000,左节点损失:0.000,右节点损失:3.450,总损失:3.450
------划分值:1.000,左节点损失:3.446,右节点损失:0.000,总损失:3.446
('----划分特征：', 76)
------划分值:0.000,左节点损失:0.000,右节点损失:3.450,总损失:3.450
------划分值:1.000,左节点损失:3.449,右节点损失:0.000,总损失:3.449
('----划分特征：', 77)
------划分值:0.000,左节点损失:0.000,右节点损失:3.450,总损失:3.450
------划分值:1.000,左节点损失:3.450,右节点损失:0.000,总损失:3.450
('----划分特征：', 78)
------划分值:0.000,左节点损失:0.000,右节点损失:3.450,总损失:3.450
------划分值:1.000,左节点损失:3.450,右节点损失:0.000,总损失:3.450
('----划分特征：', 79)
------划分值:0.000,左节点损失:0.000,右节点损失:3.450,总损失:3.450
------划分值:1.000,左节点损失:3.450,右节点损失:0.000,总损失:3.450
('----划分特征：', 80)
------划分值:0.000,左节点损失:0.000,右节点损失:3.450,总损失:3.450
('----划分特征：', 81)
------划分值:0.000,左节点损失:0.000,右节点损失:3.450,总损失:3.450
('----划分特征：', 82)
------划分值:0.000,左节点损失:0.000,右节点损失:3.450,总损失:3.450
('----划分特征：', 83)
------划分值:0.000,左节点损失:0.000,右节点损失:3.450,总损失:3.450
('----划分特征：', 84)
------划分值:0.000,左节点损失:0.000,右节点损失:3.450,总损失:3.450
('----划分特征：', 85)
------划分值:0.000,左节点损失:0.000,右节点损失:3.450,总损失:3.450
('----划分特征：', 86)
------划分值:0.000,左节点损失:0.000,右节点损失:3.450,总损失:3.450
('----划分特征：', 87)
------划分值:0.000,左节点损失:0.000,右节点损失:3.450,总损失:3.450
('----划分特征：', 88)
------划分值:0.000,左节点损失:0.000,右节点损失:3.450,总损失:3.450
('----划分特征：', 89)
------划分值:0.000,左节点损失:0.000,右节点损失:3.450,总损失:3.450
------划分值:1.000,左节点损失:3.450,右节点损失:0.000,总损失:3.450
('----划分特征：', 90)
------划分值:0.000,左节点损失:0.000,右节点损失:3.450,总损失:3.450
------划分值:1.000,左节点损失:3.450,右节点损失:0.000,总损失:3.450
('----划分特征：', 91)
------划分值:0.000,左节点损失:0.000,右节点损失:3.450,总损失:3.450
------划分值:1.000,左节点损失:3.450,右节点损失:0.000,总损失:3.450
('----划分特征：', 92)
------划分值:0.000,左节点损失:0.000,右节点损失:3.450,总损失:3.450
------划分值:1.000,左节点损失:3.449,右节点损失:0.000,总损失:3.449
('----划分特征：', 93)
------划分值:0.000,左节点损失:0.000,右节点损失:3.450,总损失:3.450
------划分值:1.000,左节点损失:3.448,右节点损失:0.000,总损失:3.448
('----划分特征：', 94)
------划分值:0.000,左节点损失:0.000,右节点损失:3.450,总损失:3.450
------划分值:1.000,左节点损失:3.446,右节点损失:0.000,总损失:3.446
('----划分特征：', 95)
------划分值:0.000,左节点损失:0.000,右节点损失:3.450,总损失:3.450
------划分值:1.000,左节点损失:3.438,右节点损失:0.006,总损失:3.445
('----划分特征：', 96)
------划分值:0.000,左节点损失:0.000,右节点损失:3.450,总损失:3.450
------划分值:1.000,左节点损失:3.420,右节点损失:0.025,总损失:3.445
('----划分特征：', 97)
------划分值:0.000,左节点损失:0.000,右节点损失:3.450,总损失:3.450
------划分值:1.000,左节点损失:3.401,右节点损失:0.044,总损失:3.445
('----划分特征：', 98)
------划分值:0.000,左节点损失:0.000,右节点损失:3.450,总损失:3.450
------划分值:1.000,左节点损失:3.382,右节点损失:0.062,总损失:3.444
('----划分特征：', 99)
------划分值:0.000,左节点损失:0.000,右节点损失:3.450,总损失:3.450
------划分值:1.000,左节点损失:3.373,右节点损失:0.069,总损失:3.441
('----划分特征：', 100)
------划分值:0.000,左节点损失:0.000,右节点损失:3.450,总损失:3.450
------划分值:1.000,左节点损失:3.380,右节点损失:0.057,总损失:3.437
('----划分特征：', 101)
------划分值:0.000,左节点损失:0.000,右节点损失:3.450,总损失:3.450
------划分值:1.000,左节点损失:3.386,右节点损失:0.051,总损失:3.437
('----划分特征：', 102)
------划分值:0.000,左节点损失:0.000,右节点损失:3.450,总损失:3.450
------划分值:1.000,左节点损失:3.413,右节点损失:0.025,总损失:3.438
('----划分特征：', 103)
------划分值:0.000,左节点损失:0.000,右节点损失:3.450,总损失:3.450
------划分值:1.000,左节点损失:3.413,右节点损失:0.031,总损失:3.444
('----划分特征：', 104)
------划分值:0.000,左节点损失:0.000,右节点损失:3.450,总损失:3.450
------划分值:1.000,左节点损失:3.434,右节点损失:0.013,总损失:3.447
('----划分特征：', 105)
------划分值:0.000,左节点损失:0.000,右节点损失:3.450,总损失:3.450
------划分值:1.000,左节点损失:3.447,右节点损失:0.000,总损失:3.447
('----划分特征：', 106)
------划分值:0.000,左节点损失:0.000,右节点损失:3.450,总损失:3.450
------划分值:1.000,左节点损失:3.449,右节点损失:0.000,总损失:3.449
('----划分特征：', 107)
------划分值:0.000,左节点损失:0.000,右节点损失:3.450,总损失:3.450
------划分值:1.000,左节点损失:3.450,右节点损失:0.000,总损失:3.450
('----划分特征：', 108)
------划分值:0.000,左节点损失:0.000,右节点损失:3.450,总损失:3.450
------划分值:1.000,左节点损失:3.450,右节点损失:0.000,总损失:3.450
('----划分特征：', 109)
------划分值:0.000,左节点损失:0.000,右节点损失:3.450,总损失:3.450
('----划分特征：', 110)
------划分值:0.000,左节点损失:0.000,右节点损失:3.450,总损失:3.450
('----划分特征：', 111)
------划分值:0.000,左节点损失:0.000,右节点损失:3.450,总损失:3.450
('----划分特征：', 112)
------划分值:0.000,左节点损失:0.000,右节点损失:3.450,总损失:3.450
('----划分特征：', 113)
------划分值:0.000,左节点损失:0.000,右节点损失:3.450,总损失:3.450
('----划分特征：', 114)
------划分值:0.000,左节点损失:0.000,右节点损失:3.450,总损失:3.450
('----划分特征：', 115)
------划分值:0.000,左节点损失:0.000,右节点损失:3.450,总损失:3.450
('----划分特征：', 116)
------划分值:0.000,左节点损失:0.000,右节点损失:3.450,总损失:3.450
------划分值:1.000,左节点损失:3.450,右节点损失:0.000,总损失:3.450
('----划分特征：', 117)
------划分值:0.000,左节点损失:0.000,右节点损失:3.450,总损失:3.450
------划分值:1.000,左节点损失:3.450,右节点损失:0.000,总损失:3.450
('----划分特征：', 118)
------划分值:0.000,左节点损失:0.000,右节点损失:3.450,总损失:3.450
------划分值:1.000,左节点损失:3.449,右节点损失:0.000,总损失:3.449
('----划分特征：', 119)
------划分值:0.000,左节点损失:0.000,右节点损失:3.450,总损失:3.450
------划分值:1.000,左节点损失:3.448,右节点损失:0.000,总损失:3.448
('----划分特征：', 120)
------划分值:0.000,左节点损失:0.000,右节点损失:3.450,总损失:3.450
------划分值:1.000,左节点损失:3.445,右节点损失:0.000,总损失:3.445
('----划分特征：', 121)
------划分值:0.000,左节点损失:0.000,右节点损失:3.450,总损失:3.450
------划分值:1.000,左节点损失:3.425,右节点损失:0.019,总损失:3.444
('----划分特征：', 122)
------划分值:0.000,左节点损失:0.000,右节点损失:3.450,总损失:3.450
------划分值:1.000,左节点损失:3.377,右节点损失:0.068,总损失:3.445
('----划分特征：', 123)
------划分值:0.000,左节点损失:0.000,右节点损失:3.450,总损失:3.450
------划分值:1.000,左节点损失:3.295,右节点损失:0.152,总损失:3.447
('----划分特征：', 124)
------划分值:0.000,左节点损失:0.000,右节点损失:3.450,总损失:3.450
------划分值:1.000,左节点损失:3.113,右节点损失:0.337,总损失:3.450
('----划分特征：', 125)
------划分值:0.000,左节点损失:0.000,右节点损失:3.450,总损失:3.450
------划分值:1.000,左节点损失:2.855,右节点损失:0.588,总损失:3.443
('----划分特征：', 126)
------划分值:0.000,左节点损失:0.000,右节点损失:3.450,总损失:3.450
------划分值:1.000,左节点损失:2.776,右节点损失:0.671,总损失:3.447
('----划分特征：', 127)
------划分值:0.000,左节点损失:0.000,右节点损失:3.450,总损失:3.450
------划分值:1.000,左节点损失:2.610,右节点损失:0.830,总损失:3.440
('----划分特征：', 128)
------划分值:0.000,左节点损失:0.000,右节点损失:3.450,总损失:3.450
------划分值:1.000,左节点损失:2.528,右节点损失:0.906,总损失:3.434
('----划分特征：', 129)
------划分值:0.000,左节点损失:0.000,右节点损失:3.450,总损失:3.450
------划分值:1.000,左节点损失:2.603,右节点损失:0.832,总损失:3.435
('----划分特征：', 130)
------划分值:0.000,左节点损失:0.000,右节点损失:3.450,总损失:3.450
------划分值:1.000,左节点损失:2.725,右节点损失:0.707,总损失:3.432
('----划分特征：', 131)
------划分值:0.000,左节点损失:0.000,右节点损失:3.450,总损失:3.450
------划分值:1.000,左节点损失:2.880,右节点损失:0.550,总损失:3.430
('----划分特征：', 132)
------划分值:0.000,左节点损失:0.000,右节点损失:3.450,总损失:3.450
------划分值:1.000,左节点损失:3.077,右节点损失:0.358,总损失:3.435
('----划分特征：', 133)
------划分值:0.000,左节点损失:0.000,右节点损失:3.450,总损失:3.450
------划分值:1.000,左节点损失:3.282,右节点损失:0.163,总损失:3.446
('----划分特征：', 134)
------划分值:0.000,左节点损失:0.000,右节点损失:3.450,总损失:3.450
------划分值:1.000,左节点损失:3.387,右节点损失:0.064,总损失:3.450
('----划分特征：', 135)
------划分值:0.000,左节点损失:0.000,右节点损失:3.450,总损失:3.450
------划分值:1.000,左节点损失:3.437,右节点损失:0.012,总损失:3.449
('----划分特征：', 136)
------划分值:0.000,左节点损失:0.000,右节点损失:3.450,总损失:3.450
------划分值:1.000,左节点损失:3.444,右节点损失:0.006,总损失:3.450
('----划分特征：', 137)
------划分值:0.000,左节点损失:0.000,右节点损失:3.450,总损失:3.450
('----划分特征：', 138)
------划分值:0.000,左节点损失:0.000,右节点损失:3.450,总损失:3.450
('----划分特征：', 139)
------划分值:0.000,左节点损失:0.000,右节点损失:3.450,总损失:3.450
('----划分特征：', 140)
------划分值:0.000,左节点损失:0.000,右节点损失:3.450,总损失:3.450
('----划分特征：', 141)
------划分值:0.000,左节点损失:0.000,右节点损失:3.450,总损失:3.450
('----划分特征：', 142)
------划分值:0.000,左节点损失:0.000,右节点损失:3.450,总损失:3.450
('----划分特征：', 143)
------划分值:0.000,左节点损失:0.000,右节点损失:3.450,总损失:3.450
------划分值:1.000,左节点损失:3.450,右节点损失:0.000,总损失:3.450
('----划分特征：', 144)
------划分值:0.000,左节点损失:0.000,右节点损失:3.450,总损失:3.450
------划分值:1.000,左节点损失:3.450,右节点损失:0.000,总损失:3.450
('----划分特征：', 145)
------划分值:0.000,左节点损失:0.000,右节点损失:3.450,总损失:3.450
------划分值:1.000,左节点损失:3.448,右节点损失:0.000,总损失:3.448
('----划分特征：', 146)
------划分值:0.000,左节点损失:0.000,右节点损失:3.450,总损失:3.450
------划分值:1.000,左节点损失:3.446,右节点损失:0.000,总损失:3.446
('----划分特征：', 147)
------划分值:0.000,左节点损失:0.000,右节点损失:3.450,总损失:3.450
------划分值:1.000,左节点损失:3.436,右节点损失:0.006,总损失:3.442
('----划分特征：', 148)
------划分值:0.000,左节点损失:0.000,右节点损失:3.450,总损失:3.450
------划分值:1.000,左节点损失:3.419,右节点损失:0.019,总损失:3.438
('----划分特征：', 149)
------划分值:0.000,左节点损失:0.000,右节点损失:3.450,总损失:3.450
------划分值:1.000,左节点损失:3.335,右节点损失:0.105,总损失:3.441
('----划分特征：', 150)
------划分值:0.000,左节点损失:0.000,右节点损失:3.450,总损失:3.450
------划分值:1.000,左节点损失:3.192,右节点损失:0.254,总损失:3.445
('----划分特征：', 151)
------划分值:0.000,左节点损失:0.000,右节点损失:3.450,总损失:3.450
------划分值:1.000,左节点损失:2.892,右节点损失:0.558,总损失:3.450
('----划分特征：', 152)
------划分值:0.000,左节点损失:0.000,右节点损失:3.450,总损失:3.450
------划分值:1.000,左节点损失:2.533,右节点损失:0.910,总损失:3.442
('----划分特征：', 153)
------划分值:0.000,左节点损失:0.000,右节点损失:3.450,总损失:3.450
------划分值:1.000,左节点损失:2.173,右节点损失:1.257,总损失:3.430
('----划分特征：', 154)
------划分值:0.000,左节点损失:0.000,右节点损失:3.450,总损失:3.450
------划分值:1.000,左节点损失:1.723,右节点损失:1.671,总损失:3.394
('----划分特征：', 155)
------划分值:0.000,左节点损失:0.000,右节点损失:3.450,总损失:3.450
------划分值:1.000,左节点损失:1.426,右节点损失:1.934,总损失:3.360
('----划分特征：', 156)
------划分值:0.000,左节点损失:0.000,右节点损失:3.450,总损失:3.450
------划分值:1.000,左节点损失:1.306,右节点损失:2.023,总损失:3.329
('----划分特征：', 157)
------划分值:1.000,左节点损失:1.487,右节点损失:1.859,总损失:3.346
------划分值:0.000,左节点损失:0.000,右节点损失:3.450,总损失:3.450
('----划分特征：', 158)
------划分值:1.000,左节点损失:1.754,右节点损失:1.605,总损失:3.359
------划分值:0.000,左节点损失:0.000,右节点损失:3.450,总损失:3.450
('----划分特征：', 159)
------划分值:0.000,左节点损失:0.000,右节点损失:3.450,总损失:3.450
------划分值:1.000,左节点损失:2.244,右节点损失:1.152,总损失:3.396
('----划分特征：', 160)
------划分值:1.000,左节点损失:2.656,右节点损失:0.764,总损失:3.420
------划分值:0.000,左节点损失:0.000,右节点损失:3.450,总损失:3.450
('----划分特征：', 161)
------划分值:1.000,左节点损失:3.013,右节点损失:0.427,总损失:3.439
------划分值:0.000,左节点损失:0.000,右节点损失:3.450,总损失:3.450
('----划分特征：', 162)
------划分值:1.000,左节点损失:3.246,右节点损失:0.203,总损失:3.449
------划分值:0.000,左节点损失:0.000,右节点损失:3.450,总损失:3.450
('----划分特征：', 163)
------划分值:0.000,左节点损失:0.000,右节点损失:3.450,总损失:3.450
------划分值:1.000,左节点损失:3.378,右节点损失:0.071,总损失:3.450
('----划分特征：', 164)
------划分值:0.000,左节点损失:0.000,右节点损失:3.450,总损失:3.450
------划分值:1.000,左节点损失:3.436,右节点损失:0.013,总损失:3.448
('----划分特征：', 165)
------划分值:0.000,左节点损失:0.000,右节点损失:3.450,总损失:3.450
------划分值:1.000,左节点损失:3.449,右节点损失:0.000,总损失:3.449
('----划分特征：', 166)
------划分值:0.000,左节点损失:0.000,右节点损失:3.450,总损失:3.450
------划分值:1.000,左节点损失:3.450,右节点损失:0.000,总损失:3.450
('----划分特征：', 167)
------划分值:0.000,左节点损失:0.000,右节点损失:3.450,总损失:3.450
('----划分特征：', 168)
------划分值:0.000,左节点损失:0.000,右节点损失:3.450,总损失:3.450
('----划分特征：', 169)
------划分值:0.000,左节点损失:0.000,右节点损失:3.450,总损失:3.450
('----划分特征：', 170)
------划分值:0.000,左节点损失:0.000,右节点损失:3.450,总损失:3.450
('----划分特征：', 171)
------划分值:0.000,左节点损失:0.000,右节点损失:3.450,总损失:3.450
------划分值:1.000,左节点损失:3.450,右节点损失:0.000,总损失:3.450
('----划分特征：', 172)
------划分值:0.000,左节点损失:0.000,右节点损失:3.450,总损失:3.450
------划分值:1.000,左节点损失:3.449,右节点损失:0.000,总损失:3.449
('----划分特征：', 173)
------划分值:0.000,左节点损失:0.000,右节点损失:3.450,总损失:3.450
------划分值:1.000,左节点损失:3.441,右节点损失:0.006,总损失:3.448
('----划分特征：', 174)
------划分值:0.000,左节点损失:0.000,右节点损失:3.450,总损失:3.450
------划分值:1.000,左节点损失:3.436,右节点损失:0.006,总损失:3.443
('----划分特征：', 175)
------划分值:0.000,左节点损失:0.000,右节点损失:3.450,总损失:3.450
------划分值:1.000,左节点损失:3.421,右节点损失:0.013,总损失:3.433
('----划分特征：', 176)
------划分值:0.000,左节点损失:0.000,右节点损失:3.450,总损失:3.450
------划分值:1.000,左节点损失:3.321,右节点损失:0.118,总损失:3.439
('----划分特征：', 177)
------划分值:0.000,左节点损失:0.000,右节点损失:3.450,总损失:3.450
------划分值:1.000,左节点损失:3.110,右节点损失:0.336,总损失:3.446
('----划分特征：', 178)
------划分值:0.000,左节点损失:0.000,右节点损失:3.450,总损失:3.450
------划分值:1.000,左节点损失:2.796,右节点损失:0.654,总损失:3.450
('----划分特征：', 179)
------划分值:1.000,左节点损失:2.337,右节点损失:1.104,总损失:3.441
------划分值:0.000,左节点损失:0.000,右节点损失:3.450,总损失:3.450
('----划分特征：', 180)
------划分值:1.000,左节点损失:1.959,右节点损失:1.470,总损失:3.428
------划分值:0.000,左节点损失:0.000,右节点损失:3.450,总损失:3.450
('----划分特征：', 181)
------划分值:1.000,左节点损失:1.525,右节点损失:1.883,总损失:3.408
------划分值:0.000,左节点损失:0.000,右节点损失:3.450,总损失:3.450
('----划分特征：', 182)
------划分值:1.000,左节点损失:1.086,右节点损失:2.287,总损失:3.373
------划分值:0.000,左节点损失:0.000,右节点损失:3.450,总损失:3.450
('----划分特征：', 183)
------划分值:1.000,左节点损失:0.781,右节点损失:2.543,总损失:3.324
------划分值:0.000,左节点损失:0.000,右节点损失:3.450,总损失:3.450
('----划分特征：', 184)
------划分值:1.000,左节点损失:0.734,右节点损失:2.572,总损失:3.305
------划分值:0.000,左节点损失:0.000,右节点损失:3.450,总损失:3.450
('----划分特征：', 185)
------划分值:1.000,左节点损失:0.855,右节点损失:2.448,总损失:3.303
------划分值:0.000,左节点损失:0.000,右节点损失:3.450,总损失:3.450
('----划分特征：', 186)
------划分值:1.000,左节点损失:1.089,右节点损失:2.214,总损失:3.302
------划分值:0.000,左节点损失:0.000,右节点损失:3.450,总损失:3.450
('----划分特征：', 187)
------划分值:1.000,左节点损失:1.553,右节点损失:1.783,总损失:3.336
------划分值:0.000,左节点损失:0.000,右节点损失:3.450,总损失:3.450
('----划分特征：', 188)
------划分值:1.000,左节点损失:2.083,右节点损失:1.284,总损失:3.367
------划分值:0.000,左节点损失:0.000,右节点损失:3.450,总损失:3.450
('----划分特征：', 189)
------划分值:1.000,左节点损失:2.640,右节点损失:0.776,总损失:3.416
------划分值:0.000,左节点损失:0.000,右节点损失:3.450,总损失:3.450
('----划分特征：', 190)
------划分值:1.000,左节点损失:3.044,右节点损失:0.399,总损失:3.444
------划分值:0.000,左节点损失:0.000,右节点损失:3.450,总损失:3.450
('----划分特征：', 191)
------划分值:0.000,左节点损失:0.000,右节点损失:3.450,总损失:3.450
------划分值:1.000,左节点损失:3.314,右节点损失:0.136,总损失:3.450
('----划分特征：', 192)
------划分值:0.000,左节点损失:0.000,右节点损失:3.450,总损失:3.450
------划分值:1.000,左节点损失:3.421,右节点损失:0.025,总损失:3.446
('----划分特征：', 193)
------划分值:0.000,左节点损失:0.000,右节点损失:3.450,总损失:3.450
------划分值:1.000,左节点损失:3.448,右节点损失:0.000,总损失:3.448
('----划分特征：', 194)
------划分值:0.000,左节点损失:0.000,右节点损失:3.450,总损失:3.450
------划分值:1.000,左节点损失:3.450,右节点损失:0.000,总损失:3.450
('----划分特征：', 195)
------划分值:0.000,左节点损失:0.000,右节点损失:3.450,总损失:3.450
------划分值:1.000,左节点损失:3.450,右节点损失:0.000,总损失:3.450
('----划分特征：', 196)
------划分值:0.000,左节点损失:0.000,右节点损失:3.450,总损失:3.450
('----划分特征：', 197)
------划分值:0.000,左节点损失:0.000,右节点损失:3.450,总损失:3.450
------划分值:1.000,左节点损失:3.450,右节点损失:0.000,总损失:3.450
('----划分特征：', 198)
------划分值:0.000,左节点损失:0.000,右节点损失:3.450,总损失:3.450
------划分值:1.000,左节点损失:3.450,右节点损失:0.000,总损失:3.450
('----划分特征：', 199)
------划分值:0.000,左节点损失:0.000,右节点损失:3.450,总损失:3.450
------划分值:1.000,左节点损失:3.450,右节点损失:0.000,总损失:3.450
('----划分特征：', 200)
------划分值:0.000,左节点损失:0.000,右节点损失:3.450,总损失:3.450
------划分值:1.000,左节点损失:3.448,右节点损失:0.000,总损失:3.448
('----划分特征：', 201)
------划分值:0.000,左节点损失:0.000,右节点损失:3.450,总损失:3.450
------划分值:1.000,左节点损失:3.437,右节点损失:0.006,总损失:3.444
('----划分特征：', 202)
------划分值:0.000,左节点损失:0.000,右节点损失:3.450,总损失:3.450
------划分值:1.000,左节点损失:3.431,右节点损失:0.006,总损失:3.437
('----划分特征：', 203)
------划分值:0.000,左节点损失:0.000,右节点损失:3.450,总损失:3.450
------划分值:1.000,左节点损失:3.360,右节点损失:0.075,总损失:3.435
('----划分特征：', 204)
------划分值:1.000,左节点损失:3.179,右节点损失:0.262,总损失:3.441
------划分值:0.000,左节点损失:0.000,右节点损失:3.450,总损失:3.450
('----划分特征：', 205)
------划分值:1.000,左节点损失:2.818,右节点损失:0.632,总损失:3.450
------划分值:0.000,左节点损失:0.000,右节点损失:3.450,总损失:3.450
('----划分特征：', 206)
------划分值:1.000,左节点损失:2.386,右节点损失:1.061,总损失:3.447
------划分值:0.000,左节点损失:0.000,右节点损失:3.450,总损失:3.450
('----划分特征：', 207)
------划分值:1.000,左节点损失:1.971,右节点损失:1.465,总损失:3.436
------划分值:0.000,左节点损失:0.000,右节点损失:3.450,总损失:3.450
('----划分特征：', 208)
------划分值:1.000,左节点损失:1.433,右节点损失:1.969,总损失:3.403
------划分值:0.000,左节点损失:0.000,右节点损失:3.450,总损失:3.450
('----划分特征：', 209)
------划分值:1.000,左节点损失:1.089,右节点损失:2.301,总损失:3.390
------划分值:0.000,左节点损失:0.000,右节点损失:3.450,总损失:3.450
('----划分特征：', 210)
------划分值:1.000,左节点损失:0.901,右节点损失:2.475,总损失:3.376
------划分值:0.000,左节点损失:0.000,右节点损失:3.450,总损失:3.450
('----划分特征：', 211)
------划分值:1.000,左节点损失:0.761,右节点损失:2.587,总损失:3.347
------划分值:0.000,左节点损失:0.000,右节点损失:3.450,总损失:3.450
('----划分特征：', 212)
------划分值:1.000,左节点损失:0.790,右节点损失:2.563,总损失:3.353
------划分值:0.000,左节点损失:0.000,右节点损失:3.450,总损失:3.450
('----划分特征：', 213)
------划分值:1.000,左节点损失:0.738,右节点损失:2.586,总损失:3.324
------划分值:0.000,左节点损失:0.000,右节点损失:3.450,总损失:3.450
('----划分特征：', 214)
------划分值:0.000,左节点损失:0.000,右节点损失:3.450,总损失:3.450
------划分值:1.000,左节点损失:0.854,右节点损失:2.451,总损失:3.305
('----划分特征：', 215)
------划分值:0.000,左节点损失:0.000,右节点损失:3.450,总损失:3.450
------划分值:1.000,左节点损失:1.136,右节点损失:2.177,总损失:3.312
('----划分特征：', 216)
------划分值:0.000,左节点损失:0.000,右节点损失:3.450,总损失:3.450
------划分值:1.000,左节点损失:1.629,右节点损失:1.703,总损失:3.332
('----划分特征：', 217)
------划分值:0.000,左节点损失:0.000,右节点损失:3.450,总损失:3.450
------划分值:1.000,左节点损失:2.253,右节点损失:1.132,总损失:3.385
('----划分特征：', 218)
------划分值:0.000,左节点损失:0.000,右节点损失:3.450,总损失:3.450
------划分值:1.000,左节点损失:2.807,右节点损失:0.620,总损失:3.427
('----划分特征：', 219)
------划分值:0.000,左节点损失:0.000,右节点损失:3.450,总损失:3.450
------划分值:1.000,左节点损失:3.188,右节点损失:0.261,总损失:3.449
('----划分特征：', 220)
------划分值:0.000,左节点损失:0.000,右节点损失:3.450,总损失:3.450
------划分值:1.000,左节点损失:3.387,右节点损失:0.061,总损失:3.448
('----划分特征：', 221)
------划分值:0.000,左节点损失:0.000,右节点损失:3.450,总损失:3.450
------划分值:1.000,左节点损失:3.446,右节点损失:0.000,总损失:3.446
('----划分特征：', 222)
------划分值:0.000,左节点损失:0.000,右节点损失:3.450,总损失:3.450
------划分值:1.000,左节点损失:3.449,右节点损失:0.000,总损失:3.449
('----划分特征：', 223)
------划分值:0.000,左节点损失:0.000,右节点损失:3.450,总损失:3.450
------划分值:1.000,左节点损失:3.450,右节点损失:0.000,总损失:3.450
('----划分特征：', 224)
------划分值:0.000,左节点损失:0.000,右节点损失:3.450,总损失:3.450
------划分值:1.000,左节点损失:3.450,右节点损失:0.000,总损失:3.450
('----划分特征：', 225)
------划分值:0.000,左节点损失:0.000,右节点损失:3.450,总损失:3.450
------划分值:1.000,左节点损失:3.450,右节点损失:0.000,总损失:3.450
('----划分特征：', 226)
------划分值:0.000,左节点损失:0.000,右节点损失:3.450,总损失:3.450
------划分值:1.000,左节点损失:3.450,右节点损失:0.000,总损失:3.450
('----划分特征：', 227)
------划分值:0.000,左节点损失:0.000,右节点损失:3.450,总损失:3.450
------划分值:1.000,左节点损失:3.449,右节点损失:0.000,总损失:3.449
('----划分特征：', 228)
------划分值:0.000,左节点损失:0.000,右节点损失:3.450,总损失:3.450
------划分值:1.000,左节点损失:3.445,右节点损失:0.000,总损失:3.445
('----划分特征：', 229)
------划分值:0.000,左节点损失:0.000,右节点损失:3.450,总损失:3.450
------划分值:1.000,左节点损失:3.428,右节点损失:0.013,总损失:3.441
('----划分特征：', 230)
------划分值:0.000,左节点损失:0.000,右节点损失:3.450,总损失:3.450
------划分值:1.000,左节点损失:3.393,右节点损失:0.044,总损失:3.437
('----划分特征：', 231)
------划分值:0.000,左节点损失:0.000,右节点损失:3.450,总损失:3.450
------划分值:1.000,左节点损失:3.255,右节点损失:0.184,总损失:3.439
('----划分特征：', 232)
------划分值:1.000,左节点损失:2.916,右节点损失:0.534,总损失:3.450
------划分值:0.000,左节点损失:0.000,右节点损失:3.450,总损失:3.450
('----划分特征：', 233)
------划分值:1.000,左节点损失:2.500,右节点损失:0.948,总损失:3.448
------划分值:0.000,左节点损失:0.000,右节点损失:3.450,总损失:3.450
('----划分特征：', 234)
------划分值:1.000,左节点损失:1.934,右节点损失:1.496,总损失:3.430
------划分值:0.000,左节点损失:0.000,右节点损失:3.450,总损失:3.450
('----划分特征：', 235)
------划分值:1.000,左节点损失:1.474,右节点损失:1.931,总损失:3.404
------划分值:0.000,左节点损失:0.000,右节点损失:3.450,总损失:3.450
('----划分特征：', 236)
------划分值:1.000,左节点损失:1.143,右节点损失:2.243,总损失:3.386
------划分值:0.000,左节点损失:0.000,右节点损失:3.450,总损失:3.450
('----划分特征：', 237)
------划分值:1.000,左节点损失:1.037,右节点损失:2.344,总损失:3.381
------划分值:0.000,左节点损失:0.000,右节点损失:3.450,总损失:3.450
('----划分特征：', 238)
------划分值:1.000,左节点损失:1.055,右节点损失:2.324,总损失:3.379
------划分值:0.000,左节点损失:0.000,右节点损失:3.450,总损失:3.450
('----划分特征：', 239)
------划分值:1.000,左节点损失:1.228,右节点损失:2.173,总损失:3.401
------划分值:0.000,左节点损失:0.000,右节点损失:3.450,总损失:3.450
('----划分特征：', 240)
------划分值:1.000,左节点损失:1.362,右节点损失:2.059,总损失:3.421
------划分值:0.000,左节点损失:0.000,右节点损失:3.450,总损失:3.450
('----划分特征：', 241)
------划分值:1.000,左节点损失:1.283,右节点损失:2.130,总损失:3.413
------划分值:0.000,左节点损失:0.000,右节点损失:3.450,总损失:3.450
('----划分特征：', 242)
------划分值:0.000,左节点损失:0.000,右节点损失:3.450,总损失:3.450
------划分值:1.000,左节点损失:1.069,右节点损失:2.298,总损失:3.367
('----划分特征：', 243)
------划分值:0.000,左节点损失:0.000,右节点损失:3.450,总损失:3.450
------划分值:1.000,左节点损失:1.057,右节点损失:2.266,总损失:3.323
('----划分特征：', 244)
------划分值:0.000,左节点损失:0.000,右节点损失:3.450,总损失:3.450
------划分值:1.000,左节点损失:1.275,右节点损失:2.004,总损失:3.279
('----划分特征：', 245)
------划分值:0.000,左节点损失:0.000,右节点损失:3.450,总损失:3.450
------划分值:1.000,左节点损失:1.876,右节点损失:1.447,总损失:3.323
('----划分特征：', 246)
------划分值:0.000,左节点损失:0.000,右节点损失:3.450,总损失:3.450
------划分值:1.000,左节点损失:2.491,右节点损失:0.878,总损失:3.369
('----划分特征：', 247)
------划分值:0.000,左节点损失:0.000,右节点损失:3.450,总损失:3.450
------划分值:1.000,左节点损失:3.050,右节点损失:0.384,总损失:3.433
('----划分特征：', 248)
------划分值:0.000,左节点损失:0.000,右节点损失:3.450,总损失:3.450
------划分值:1.000,左节点损失:3.356,右节点损失:0.094,总损失:3.450
('----划分特征：', 249)
------划分值:0.000,左节点损失:0.000,右节点损失:3.450,总损失:3.450
------划分值:1.000,左节点损失:3.446,右节点损失:0.000,总损失:3.446
('----划分特征：', 250)
------划分值:0.000,左节点损失:0.000,右节点损失:3.450,总损失:3.450
------划分值:1.000,左节点损失:3.450,右节点损失:0.000,总损失:3.450
('----划分特征：', 251)
------划分值:0.000,左节点损失:0.000,右节点损失:3.450,总损失:3.450
------划分值:1.000,左节点损失:3.450,右节点损失:0.000,总损失:3.450
('----划分特征：', 252)
------划分值:0.000,左节点损失:0.000,右节点损失:3.450,总损失:3.450
('----划分特征：', 253)
------划分值:0.000,左节点损失:0.000,右节点损失:3.450,总损失:3.450
------划分值:1.000,左节点损失:3.450,右节点损失:0.000,总损失:3.450
('----划分特征：', 254)
------划分值:0.000,左节点损失:0.000,右节点损失:3.450,总损失:3.450
------划分值:1.000,左节点损失:3.450,右节点损失:0.000,总损失:3.450
('----划分特征：', 255)
------划分值:0.000,左节点损失:0.000,右节点损失:3.450,总损失:3.450
------划分值:1.000,左节点损失:3.448,右节点损失:0.000,总损失:3.448
('----划分特征：', 256)
------划分值:0.000,左节点损失:0.000,右节点损失:3.450,总损失:3.450
------划分值:1.000,左节点损失:3.445,右节点损失:0.000,总损失:3.445
('----划分特征：', 257)
------划分值:0.000,左节点损失:0.000,右节点损失:3.450,总损失:3.450
------划分值:1.000,左节点损失:3.426,右节点损失:0.013,总损失:3.438
('----划分特征：', 258)
------划分值:0.000,左节点损失:0.000,右节点损失:3.450,总损失:3.450
------划分值:1.000,左节点损失:3.289,右节点损失:0.158,总损失:3.446
('----划分特征：', 259)
------划分值:0.000,左节点损失:0.000,右节点损失:3.450,总损失:3.450
------划分值:1.000,左节点损失:3.034,右节点损失:0.416,总损失:3.450
('----划分特征：', 260)
------划分值:0.000,左节点损失:0.000,右节点损失:3.450,总损失:3.450
------划分值:1.000,左节点损失:2.621,右节点损失:0.824,总损失:3.446
('----划分特征：', 261)
------划分值:1.000,左节点损失:2.082,右节点损失:1.343,总损失:3.426
------划分值:0.000,左节点损失:0.000,右节点损失:3.450,总损失:3.450
('----划分特征：', 262)
------划分值:0.000,左节点损失:0.000,右节点损失:3.450,总损失:3.450
------划分值:1.000,左节点损失:1.507,右节点损失:1.882,总损失:3.389
('----划分特征：', 263)
------划分值:1.000,左节点损失:1.107,右节点损失:2.243,总损失:3.351
------划分值:0.000,左节点损失:0.000,右节点损失:3.450,总损失:3.450
('----划分特征：', 264)
------划分值:1.000,左节点损失:1.112,右节点损失:2.251,总损失:3.362
------划分值:0.000,左节点损失:0.000,右节点损失:3.450,总损失:3.450
('----划分特征：', 265)
------划分值:1.000,左节点损失:1.224,右节点损失:2.140,总损失:3.364
------划分值:0.000,左节点损失:0.000,右节点损失:3.450,总损失:3.450
('----划分特征：', 266)
------划分值:0.000,左节点损失:0.000,右节点损失:3.450,总损失:3.450
------划分值:1.000,左节点损失:1.622,右节点损失:1.794,总损失:3.416
('----划分特征：', 267)
------划分值:0.000,左节点损失:0.000,右节点损失:3.450,总损失:3.450
------划分值:1.000,左节点损失:1.907,右节点损失:1.534,总损失:3.441
('----划分特征：', 268)
------划分值:0.000,左节点损失:0.000,右节点损失:3.450,总损失:3.450
------划分值:1.000,左节点损失:2.026,右节点损失:1.424,总损失:3.450
('----划分特征：', 269)
------划分值:1.000,左节点损失:1.907,右节点损失:1.543,总损失:3.450
------划分值:0.000,左节点损失:0.000,右节点损失:3.450,总损失:3.450
('----划分特征：', 270)
------划分值:0.000,左节点损失:0.000,右节点损失:3.450,总损失:3.450
------划分值:1.000,左节点损失:1.631,右节点损失:1.807,总损失:3.438
('----划分特征：', 271)
------划分值:0.000,左节点损失:0.000,右节点损失:3.450,总损失:3.450
------划分值:1.000,左节点损失:1.197,右节点损失:2.147,总损失:3.344
('----划分特征：', 272)
------划分值:0.000,左节点损失:0.000,右节点损失:3.450,总损失:3.450
------划分值:1.000,左节点损失:1.170,右节点损失:2.078,总损失:3.248
('----划分特征：', 273)
------划分值:0.000,左节点损失:0.000,右节点损失:3.450,总损失:3.450
------划分值:1.000,左节点损失:1.500,右节点损失:1.682,总损失:3.182
('----划分特征：', 274)
------划分值:0.000,左节点损失:0.000,右节点损失:3.450,总损失:3.450
------划分值:1.000,左节点损失:2.139,右节点损失:1.078,总损失:3.217
('----划分特征：', 275)
------划分值:0.000,左节点损失:0.000,右节点损失:3.450,总损失:3.450
------划分值:1.000,左节点损失:2.926,右节点损失:0.443,总损失:3.370
('----划分特征：', 276)
------划分值:0.000,左节点损失:0.000,右节点损失:3.450,总损失:3.450
------划分值:1.000,左节点损失:3.307,右节点损失:0.135,总损失:3.442
('----划分特征：', 277)
------划分值:0.000,左节点损失:0.000,右节点损失:3.450,总损失:3.450
------划分值:1.000,左节点损失:3.448,右节点损失:0.000,总损失:3.448
('----划分特征：', 278)
------划分值:0.000,左节点损失:0.000,右节点损失:3.450,总损失:3.450
------划分值:1.000,左节点损失:3.450,右节点损失:0.000,总损失:3.450
('----划分特征：', 279)
------划分值:0.000,左节点损失:0.000,右节点损失:3.450,总损失:3.450
('----划分特征：', 280)
------划分值:0.000,左节点损失:0.000,右节点损失:3.450,总损失:3.450
('----划分特征：', 281)
------划分值:0.000,左节点损失:0.000,右节点损失:3.450,总损失:3.450
------划分值:1.000,左节点损失:3.450,右节点损失:0.000,总损失:3.450
('----划分特征：', 282)
------划分值:0.000,左节点损失:0.000,右节点损失:3.450,总损失:3.450
------划分值:1.000,左节点损失:3.450,右节点损失:0.000,总损失:3.450
('----划分特征：', 283)
------划分值:0.000,左节点损失:0.000,右节点损失:3.450,总损失:3.450
------划分值:1.000,左节点损失:3.448,右节点损失:0.000,总损失:3.448
('----划分特征：', 284)
------划分值:0.000,左节点损失:0.000,右节点损失:3.450,总损失:3.450
------划分值:1.000,左节点损失:3.444,右节点损失:0.000,总损失:3.444
('----划分特征：', 285)
------划分值:0.000,左节点损失:0.000,右节点损失:3.450,总损失:3.450
------划分值:1.000,左节点损失:3.389,右节点损失:0.056,总损失:3.445
('----划分特征：', 286)
------划分值:0.000,左节点损失:0.000,右节点损失:3.450,总损失:3.450
------划分值:1.000,左节点损失:3.163,右节点损失:0.287,总损失:3.450
('----划分特征：', 287)
------划分值:0.000,左节点损失:0.000,右节点损失:3.450,总损失:3.450
------划分值:1.000,左节点损失:2.759,右节点损失:0.673,总损失:3.432
('----划分特征：', 288)
------划分值:0.000,左节点损失:0.000,右节点损失:3.450,总损失:3.450
------划分值:1.000,左节点损失:2.224,右节点损失:1.182,总损失:3.406
('----划分特征：', 289)
------划分值:0.000,左节点损失:0.000,右节点损失:3.450,总损失:3.450
------划分值:1.000,左节点损失:1.575,右节点损失:1.769,总损失:3.344
('----划分特征：', 290)
------划分值:0.000,左节点损失:0.000,右节点损失:3.450,总损失:3.450
------划分值:1.000,左节点损失:1.159,右节点损失:2.158,总损失:3.317
('----划分特征：', 291)
------划分值:1.000,左节点损失:1.191,右节点损失:2.155,总损失:3.346
------划分值:0.000,左节点损失:0.000,右节点损失:3.450,总损失:3.450
('----划分特征：', 292)
------划分值:1.000,左节点损失:1.367,右节点损失:1.990,总损失:3.357
------划分值:0.000,左节点损失:0.000,右节点损失:3.450,总损失:3.450
('----划分特征：', 293)
------划分值:0.000,左节点损失:0.000,右节点损失:3.450,总损失:3.450
------划分值:1.000,左节点损失:1.761,右节点损失:1.642,总损失:3.403
('----划分特征：', 294)
------划分值:0.000,左节点损失:0.000,右节点损失:3.450,总损失:3.450
------划分值:1.000,左节点损失:2.170,右节点损失:1.271,总损失:3.440
('----划分特征：', 295)
------划分值:0.000,左节点损失:0.000,右节点损失:3.450,总损失:3.450
------划分值:1.000,左节点损失:2.466,右节点损失:0.982,总损失:3.447
('----划分特征：', 296)
------划分值:0.000,左节点损失:0.000,右节点损失:3.450,总损失:3.450
------划分值:1.000,左节点损失:2.593,右节点损失:0.830,总损失:3.423
('----划分特征：', 297)
------划分值:0.000,左节点损失:0.000,右节点损失:3.450,总损失:3.450
------划分值:1.000,左节点损失:2.416,右节点损失:1.007,总损失:3.423
('----划分特征：', 298)
------划分值:0.000,左节点损失:0.000,右节点损失:3.450,总损失:3.450
------划分值:1.000,左节点损失:2.072,右节点损失:1.377,总损失:3.450
('----划分特征：', 299)
------划分值:0.000,左节点损失:0.000,右节点损失:3.450,总损失:3.450
------划分值:1.000,左节点损失:1.539,右节点损失:1.864,总损失:3.403
('----划分特征：', 300)
------划分值:0.000,左节点损失:0.000,右节点损失:3.450,总损失:3.450
------划分值:1.000,左节点损失:1.166,右节点损失:2.046,总损失:3.212
('----划分特征：', 301)
------划分值:0.000,左节点损失:0.000,右节点损失:3.450,总损失:3.450
------划分值:1.000,左节点损失:1.374,右节点损失:1.679,总损失:3.053
('----划分特征：', 302)
------划分值:0.000,左节点损失:0.000,右节点损失:3.450,总损失:3.450
------划分值:1.000,左节点损失:1.905,右节点损失:1.071,总损失:2.976
('----划分特征：', 303)
------划分值:0.000,左节点损失:0.000,右节点损失:3.450,总损失:3.450
------划分值:1.000,左节点损失:2.681,右节点损失:0.449,总损失:3.130
('----划分特征：', 304)
------划分值:0.000,左节点损失:0.000,右节点损失:3.450,总损失:3.450
------划分值:1.000,左节点损失:3.284,右节点损失:0.115,总损失:3.399
('----划分特征：', 305)
------划分值:0.000,左节点损失:0.000,右节点损失:3.450,总损失:3.450
------划分值:1.000,左节点损失:3.449,右节点损失:0.000,总损失:3.449
('----划分特征：', 306)
------划分值:0.000,左节点损失:0.000,右节点损失:3.450,总损失:3.450
------划分值:1.000,左节点损失:3.450,右节点损失:0.000,总损失:3.450
('----划分特征：', 307)
------划分值:0.000,左节点损失:0.000,右节点损失:3.450,总损失:3.450
('----划分特征：', 308)
------划分值:0.000,左节点损失:0.000,右节点损失:3.450,总损失:3.450
('----划分特征：', 309)
------划分值:0.000,左节点损失:0.000,右节点损失:3.450,总损失:3.450
------划分值:1.000,左节点损失:3.450,右节点损失:0.000,总损失:3.450
('----划分特征：', 310)
------划分值:0.000,左节点损失:0.000,右节点损失:3.450,总损失:3.450
------划分值:1.000,左节点损失:3.450,右节点损失:0.000,总损失:3.450
('----划分特征：', 311)
------划分值:0.000,左节点损失:0.000,右节点损失:3.450,总损失:3.450
------划分值:1.000,左节点损失:3.448,右节点损失:0.000,总损失:3.448
('----划分特征：', 312)
------划分值:0.000,左节点损失:0.000,右节点损失:3.450,总损失:3.450
------划分值:1.000,左节点损失:3.445,右节点损失:0.000,总损失:3.445
('----划分特征：', 313)
------划分值:0.000,左节点损失:0.000,右节点损失:3.450,总损失:3.450
------划分值:1.000,左节点损失:3.322,右节点损失:0.129,总损失:3.450
('----划分特征：', 314)
------划分值:0.000,左节点损失:0.000,右节点损失:3.450,总损失:3.450
------划分值:1.000,左节点损失:2.983,右节点损失:0.444,总损失:3.428
('----划分特征：', 315)
------划分值:0.000,左节点损失:0.000,右节点损失:3.450,总损失:3.450
------划分值:1.000,左节点损失:2.439,右节点损失:0.932,总损失:3.371
('----划分特征：', 316)
------划分值:0.000,左节点损失:0.000,右节点损失:3.450,总损失:3.450
------划分值:1.000,左节点损失:1.829,右节点损失:1.494,总损失:3.323
('----划分特征：', 317)
------划分值:0.000,左节点损失:0.000,右节点损失:3.450,总损失:3.450
------划分值:1.000,左节点损失:1.275,右节点损失:2.006,总损失:3.281
('----划分特征：', 318)
------划分值:0.000,左节点损失:0.000,右节点损失:3.450,总损失:3.450
------划分值:1.000,左节点损失:1.159,右节点损失:2.157,总损失:3.316
('----划分特征：', 319)
------划分值:1.000,左节点损失:1.384,右节点损失:1.975,总损失:3.359
------划分值:0.000,左节点损失:0.000,右节点损失:3.450,总损失:3.450
('----划分特征：', 320)
------划分值:1.000,左节点损失:1.878,右节点损失:1.539,总损失:3.416
------划分值:0.000,左节点损失:0.000,右节点损失:3.450,总损失:3.450
('----划分特征：', 321)
------划分值:1.000,左节点损失:2.280,右节点损失:1.165,总损失:3.445
------划分值:0.000,左节点损失:0.000,右节点损失:3.450,总损失:3.450
('----划分特征：', 322)
------划分值:0.000,左节点损失:0.000,右节点损失:3.450,总损失:3.450
------划分值:1.000,左节点损失:2.693,右节点损失:0.745,总损失:3.438
('----划分特征：', 323)
------划分值:0.000,左节点损失:0.000,右节点损失:3.450,总损失:3.450
------划分值:1.000,左节点损失:2.921,右节点损失:0.460,总损失:3.382
('----划分特征：', 324)
------划分值:0.000,左节点损失:0.000,右节点损失:3.450,总损失:3.450
------划分值:1.000,左节点损失:2.930,右节点损失:0.414,总损失:3.344
('----划分特征：', 325)
------划分值:0.000,左节点损失:0.000,右节点损失:3.450,总损失:3.450
------划分值:1.000,左节点损失:2.798,右节点损失:0.537,总损失:3.335
('----划分特征：', 326)
------划分值:0.000,左节点损失:0.000,右节点损失:3.450,总损失:3.450
------划分值:1.000,左节点损失:2.503,右节点损失:0.906,总损失:3.409
('----划分特征：', 327)
------划分值:0.000,左节点损失:0.000,右节点损失:3.450,总损失:3.450
------划分值:1.000,左节点损失:1.886,右节点损失:1.553,总损失:3.439
('----划分特征：', 328)
------划分值:0.000,左节点损失:0.000,右节点损失:3.450,总损失:3.450
------划分值:1.000,左节点损失:1.362,右节点损失:1.863,总损失:3.225
('----划分特征：', 329)
------划分值:0.000,左节点损失:0.000,右节点损失:3.450,总损失:3.450
------划分值:1.000,左节点损失:1.283,右节点损失:1.569,总损失:2.851
('----划分特征：', 330)
------划分值:0.000,左节点损失:0.000,右节点损失:3.450,总损失:3.450
------划分值:1.000,左节点损失:1.665,右节点损失:0.952,总损失:2.617
('----划分特征：', 331)
------划分值:0.000,左节点损失:0.000,右节点损失:3.450,总损失:3.450
------划分值:1.000,左节点损失:2.528,右节点损失:0.372,总损失:2.900
('----划分特征：', 332)
------划分值:0.000,左节点损失:0.000,右节点损失:3.450,总损失:3.450
------划分值:1.000,左节点损失:3.221,右节点损失:0.119,总损失:3.340
('----划分特征：', 333)
------划分值:0.000,左节点损失:0.000,右节点损失:3.450,总损失:3.450
------划分值:1.000,左节点损失:3.450,右节点损失:0.000,总损失:3.450
('----划分特征：', 334)
------划分值:0.000,左节点损失:0.000,右节点损失:3.450,总损失:3.450
------划分值:1.000,左节点损失:3.445,右节点损失:0.003,总损失:3.448
('----划分特征：', 335)
------划分值:0.000,左节点损失:0.000,右节点损失:3.450,总损失:3.450
('----划分特征：', 336)
------划分值:0.000,左节点损失:0.000,右节点损失:3.450,总损失:3.450
('----划分特征：', 337)
------划分值:0.000,左节点损失:0.000,右节点损失:3.450,总损失:3.450
------划分值:1.000,左节点损失:3.450,右节点损失:0.000,总损失:3.450
('----划分特征：', 338)
------划分值:0.000,左节点损失:0.000,右节点损失:3.450,总损失:3.450
------划分值:1.000,左节点损失:3.450,右节点损失:0.000,总损失:3.450
('----划分特征：', 339)
------划分值:0.000,左节点损失:0.000,右节点损失:3.450,总损失:3.450
------划分值:1.000,左节点损失:3.449,右节点损失:0.000,总损失:3.449
('----划分特征：', 340)
------划分值:0.000,左节点损失:0.000,右节点损失:3.450,总损失:3.450
------划分值:1.000,左节点损失:3.440,右节点损失:0.006,总损失:3.447
('----划分特征：', 341)
------划分值:0.000,左节点损失:0.000,右节点损失:3.450,总损失:3.450
------划分值:1.000,左节点损失:3.213,右节点损失:0.224,总损失:3.437
('----划分特征：', 342)
------划分值:0.000,左节点损失:0.000,右节点损失:3.450,总损失:3.450
------划分值:1.000,左节点损失:2.699,右节点损失:0.641,总损失:3.340
('----划分特征：', 343)
------划分值:0.000,左节点损失:0.000,右节点损失:3.450,总损失:3.450
------划分值:1.000,左节点损失:2.054,右节点损失:1.218,总损失:3.272
('----划分特征：', 344)
------划分值:0.000,左节点损失:0.000,右节点损失:3.450,总损失:3.450
------划分值:1.000,左节点损失:1.363,右节点损失:1.837,总损失:3.200
('----划分特征：', 345)
------划分值:0.000,左节点损失:0.000,右节点损失:3.450,总损失:3.450
------划分值:1.000,左节点损失:1.069,右节点损失:2.176,总损失:3.245
('----划分特征：', 346)
------划分值:0.000,左节点损失:0.000,右节点损失:3.450,总损失:3.450
------划分值:1.000,左节点损失:1.264,右节点损失:2.073,总损失:3.337
('----划分特征：', 347)
------划分值:0.000,左节点损失:0.000,右节点损失:3.450,总损失:3.450
------划分值:1.000,左节点损失:1.771,右节点损失:1.648,总损失:3.420
('----划分特征：', 348)
------划分值:1.000,左节点损失:2.343,右节点损失:1.107,总损失:3.450
------划分值:0.000,左节点损失:0.000,右节点损失:3.450,总损失:3.450
('----划分特征：', 349)
------划分值:1.000,左节点损失:2.719,右节点损失:0.709,总损失:3.428
------划分值:0.000,左节点损失:0.000,右节点损失:3.450,总损失:3.450
('----划分特征：', 350)
------划分值:0.000,左节点损失:0.000,右节点损失:3.450,总损失:3.450
------划分值:1.000,左节点损失:2.963,右节点损失:0.395,总损失:3.357
('----划分特征：', 351)
------划分值:0.000,左节点损失:0.000,右节点损失:3.450,总损失:3.450
------划分值:1.000,左节点损失:3.052,右节点损失:0.229,总损失:3.281
('----划分特征：', 352)
------划分值:0.000,左节点损失:0.000,右节点损失:3.450,总损失:3.450
------划分值:1.000,左节点损失:3.030,右节点损失:0.185,总损失:3.216
('----划分特征：', 353)
------划分值:0.000,左节点损失:0.000,右节点损失:3.450,总损失:3.450
------划分值:1.000,左节点损失:2.917,右节点损失:0.324,总损失:3.240
('----划分特征：', 354)
------划分值:0.000,左节点损失:0.000,右节点损失:3.450,总损失:3.450
------划分值:1.000,左节点损失:2.578,右节点损失:0.804,总损失:3.382
('----划分特征：', 355)
------划分值:0.000,左节点损失:0.000,右节点损失:3.450,总损失:3.450
------划分值:1.000,左节点损失:2.139,右节点损失:1.310,总损失:3.449
('----划分特征：', 356)
------划分值:0.000,左节点损失:0.000,右节点损失:3.450,总损失:3.450
------划分值:1.000,左节点损失:1.435,右节点损失:1.755,总损失:3.190
('----划分特征：', 357)
------划分值:0.000,左节点损失:0.000,右节点损失:3.450,总损失:3.450
------划分值:1.000,左节点损失:1.266,右节点损失:1.451,总损失:2.717
('----划分特征：', 358)
------划分值:0.000,左节点损失:0.000,右节点损失:3.450,总损失:3.450
------划分值:1.000,左节点损失:1.619,右节点损失:0.843,总损失:2.462
('----划分特征：', 359)
------划分值:0.000,左节点损失:0.000,右节点损失:3.450,总损失:3.450
------划分值:1.000,左节点损失:2.423,右节点损失:0.357,总损失:2.780
('----划分特征：', 360)
------划分值:0.000,左节点损失:0.000,右节点损失:3.450,总损失:3.450
------划分值:1.000,左节点损失:3.151,右节点损失:0.151,总损失:3.302
('----划分特征：', 361)
------划分值:0.000,左节点损失:0.000,右节点损失:3.450,总损失:3.450
------划分值:1.000,左节点损失:3.450,右节点损失:0.000,总损失:3.450
('----划分特征：', 362)
------划分值:0.000,左节点损失:0.000,右节点损失:3.450,总损失:3.450
------划分值:1.000,左节点损失:3.445,右节点损失:0.004,总损失:3.449
('----划分特征：', 363)
------划分值:0.000,左节点损失:0.000,右节点损失:3.450,总损失:3.450
('----划分特征：', 364)
------划分值:0.000,左节点损失:0.000,右节点损失:3.450,总损失:3.450
('----划分特征：', 365)
------划分值:0.000,左节点损失:0.000,右节点损失:3.450,总损失:3.450
------划分值:1.000,左节点损失:3.450,右节点损失:0.000,总损失:3.450
('----划分特征：', 366)
------划分值:0.000,左节点损失:0.000,右节点损失:3.450,总损失:3.450
------划分值:1.000,左节点损失:3.450,右节点损失:0.000,总损失:3.450
('----划分特征：', 367)
------划分值:0.000,左节点损失:0.000,右节点损失:3.450,总损失:3.450
------划分值:1.000,左节点损失:3.450,右节点损失:0.000,总损失:3.450
('----划分特征：', 368)
------划分值:0.000,左节点损失:0.000,右节点损失:3.450,总损失:3.450
------划分值:1.000,左节点损失:3.420,右节点损失:0.030,总损失:3.450
('----划分特征：', 369)
------划分值:0.000,左节点损失:0.000,右节点损失:3.450,总损失:3.450
------划分值:1.000,左节点损失:3.059,右节点损失:0.325,总损失:3.384
('----划分特征：', 370)
------划分值:0.000,左节点损失:0.000,右节点损失:3.450,总损失:3.450
------划分值:1.000,左节点损失:2.384,右节点损失:0.838,总损失:3.222
('----划分特征：', 371)
------划分值:0.000,左节点损失:0.000,右节点损失:3.450,总损失:3.450
------划分值:1.000,左节点损失:1.667,右节点损失:1.474,总损失:3.141
('----划分特征：', 372)
------划分值:0.000,左节点损失:0.000,右节点损失:3.450,总损失:3.450
------划分值:1.000,左节点损失:1.157,右节点损失:1.996,总损失:3.153
('----划分特征：', 373)
------划分值:0.000,左节点损失:0.000,右节点损失:3.450,总损失:3.450
------划分值:1.000,左节点损失:1.150,右节点损失:2.130,总损失:3.280
('----划分特征：', 374)
------划分值:0.000,左节点损失:0.000,右节点损失:3.450,总损失:3.450
------划分值:1.000,左节点损失:1.585,右节点损失:1.819,总损失:3.404
('----划分特征：', 375)
------划分值:0.000,左节点损失:0.000,右节点损失:3.450,总损失:3.450
------划分值:1.000,左节点损失:2.245,右节点损失:1.205,总损失:3.450
('----划分特征：', 376)
------划分值:0.000,左节点损失:0.000,右节点损失:3.450,总损失:3.450
------划分值:1.000,左节点损失:2.707,右节点损失:0.708,总损失:3.414
('----划分特征：', 377)
------划分值:1.000,左节点损失:3.012,右节点损失:0.298,总损失:3.309
------划分值:0.000,左节点损失:0.000,右节点损失:3.450,总损失:3.450
('----划分特征：', 378)
------划分值:1.000,左节点损失:3.073,右节点损失:0.135,总损失:3.208
------划分值:0.000,左节点损失:0.000,右节点损失:3.450,总损失:3.450
('----划分特征：', 379)
------划分值:1.000,左节点损失:3.061,右节点损失:0.058,总损失:3.119
------划分值:0.000,左节点损失:0.000,右节点损失:3.450,总损失:3.450
('----划分特征：', 380)
------划分值:0.000,左节点损失:0.000,右节点损失:3.450,总损失:3.450
------划分值:1.000,左节点损失:3.001,右节点损失:0.077,总损失:3.078
('----划分特征：', 381)
------划分值:0.000,左节点损失:0.000,右节点损失:3.450,总损失:3.450
------划分值:1.000,左节点损失:2.897,右节点损失:0.274,总损失:3.171
('----划分特征：', 382)
------划分值:0.000,左节点损失:0.000,右节点损失:3.450,总损失:3.450
------划分值:1.000,左节点损失:2.646,右节点损失:0.717,总损失:3.362
('----划分特征：', 383)
------划分值:0.000,左节点损失:0.000,右节点损失:3.450,总损失:3.450
------划分值:1.000,左节点损失:2.161,右节点损失:1.286,总损失:3.447
('----划分特征：', 384)
------划分值:0.000,左节点损失:0.000,右节点损失:3.450,总损失:3.450
------划分值:1.000,左节点损失:1.495,右节点损失:1.681,总损失:3.175
('----划分特征：', 385)
------划分值:0.000,左节点损失:0.000,右节点损失:3.450,总损失:3.450
------划分值:1.000,左节点损失:1.296,右节点损失:1.410,总损失:2.706
('----划分特征：', 386)
------划分值:0.000,左节点损失:0.000,右节点损失:3.450,总损失:3.450
------划分值:1.000,左节点损失:1.607,右节点损失:0.893,总损失:2.500
('----划分特征：', 387)
------划分值:0.000,左节点损失:0.000,右节点损失:3.450,总损失:3.450
------划分值:1.000,左节点损失:2.377,右节点损失:0.456,总损失:2.833
('----划分特征：', 388)
------划分值:0.000,左节点损失:0.000,右节点损失:3.450,总损失:3.450
------划分值:1.000,左节点损失:3.119,右节点损失:0.179,总损失:3.298
('----划分特征：', 389)
------划分值:0.000,左节点损失:0.000,右节点损失:3.450,总损失:3.450
------划分值:1.000,左节点损失:3.449,右节点损失:0.000,总损失:3.449
('----划分特征：', 390)
------划分值:0.000,左节点损失:0.000,右节点损失:3.450,总损失:3.450
('----划分特征：', 391)
------划分值:0.000,左节点损失:0.000,右节点损失:3.450,总损失:3.450
('----划分特征：', 392)
------划分值:0.000,左节点损失:0.000,右节点损失:3.450,总损失:3.450
('----划分特征：', 393)
------划分值:0.000,左节点损失:0.000,右节点损失:3.450,总损失:3.450
('----划分特征：', 394)
------划分值:0.000,左节点损失:0.000,右节点损失:3.450,总损失:3.450
------划分值:1.000,左节点损失:3.450,右节点损失:0.000,总损失:3.450
('----划分特征：', 395)
------划分值:0.000,左节点损失:0.000,右节点损失:3.450,总损失:3.450
------划分值:1.000,左节点损失:3.450,右节点损失:0.000,总损失:3.450
('----划分特征：', 396)
------划分值:0.000,左节点损失:0.000,右节点损失:3.450,总损失:3.450
------划分值:1.000,左节点损失:3.384,右节点损失:0.062,总损失:3.446
('----划分特征：', 397)
------划分值:0.000,左节点损失:0.000,右节点损失:3.450,总损失:3.450
------划分值:1.000,左节点损失:2.795,右节点损失:0.438,总损失:3.233
('----划分特征：', 398)
------划分值:0.000,左节点损失:0.000,右节点损失:3.450,总损失:3.450
------划分值:1.000,左节点损失:2.075,右节点损失:1.005,总损失:3.081
('----划分特征：', 399)
------划分值:0.000,左节点损失:0.000,右节点损失:3.450,总损失:3.450
------划分值:1.000,左节点损失:1.375,右节点损失:1.663,总损失:3.037
('----划分特征：', 400)
------划分值:0.000,左节点损失:0.000,右节点损失:3.450,总损失:3.450
------划分值:1.000,左节点损失:1.067,右节点损失:2.067,总损失:3.134
('----划分特征：', 401)
------划分值:0.000,左节点损失:0.000,右节点损失:3.450,总损失:3.450
------划分值:1.000,左节点损失:1.330,右节点损失:2.000,总损失:3.329
('----划分特征：', 402)
------划分值:0.000,左节点损失:0.000,右节点损失:3.450,总损失:3.450
------划分值:1.000,左节点损失:1.989,右节点损失:1.456,总损失:3.445
('----划分特征：', 403)
------划分值:0.000,左节点损失:0.000,右节点损失:3.450,总损失:3.450
------划分值:1.000,左节点损失:2.619,右节点损失:0.797,总损失:3.415
('----划分特征：', 404)
------划分值:0.000,左节点损失:0.000,右节点损失:3.450,总损失:3.450
------划分值:1.000,左节点损失:2.952,右节点损失:0.366,总损失:3.317
('----划分特征：', 405)
------划分值:0.000,左节点损失:0.000,右节点损失:3.450,总损失:3.450
------划分值:1.000,左节点损失:3.038,右节点损失:0.135,总损失:3.172
('----划分特征：', 406)
------划分值:1.000,左节点损失:3.033,右节点损失:0.032,总损失:3.065
------划分值:0.000,左节点损失:0.000,右节点损失:3.450,总损失:3.450
('----划分特征：', 407)
------划分值:1.000,左节点损失:2.951,右节点损失:0.013,总损失:2.964
------划分值:0.000,左节点损失:0.000,右节点损失:3.450,总损失:3.450
('----划分特征：', 408)
------划分值:1.000,左节点损失:2.942,右节点损失:0.052,总损失:2.994
------划分值:0.000,左节点损失:0.000,右节点损失:3.450,总损失:3.450
('----划分特征：', 409)
------划分值:0.000,左节点损失:0.000,右节点损失:3.450,总损失:3.450
------划分值:1.000,左节点损失:2.849,右节点损失:0.312,总损失:3.161
('----划分特征：', 410)
------划分值:0.000,左节点损失:0.000,右节点损失:3.450,总损失:3.450
------划分值:1.000,左节点损失:2.567,右节点损失:0.821,总损失:3.388
('----划分特征：', 411)
------划分值:0.000,左节点损失:0.000,右节点损失:3.450,总损失:3.450
------划分值:1.000,左节点损失:2.069,右节点损失:1.368,总损失:3.437
('----划分特征：', 412)
------划分值:0.000,左节点损失:0.000,右节点损失:3.450,总损失:3.450
------划分值:1.000,左节点损失:1.547,右节点损失:1.644,总损失:3.191
('----划分特征：', 413)
------划分值:0.000,左节点损失:0.000,右节点损失:3.450,总损失:3.450
------划分值:1.000,左节点损失:1.320,右节点损失:1.444,总损失:2.764
('----划分特征：', 414)
------划分值:0.000,左节点损失:0.000,右节点损失:3.450,总损失:3.450
------划分值:1.000,左节点损失:1.729,右节点损失:0.922,总损失:2.651
('----划分特征：', 415)
------划分值:0.000,左节点损失:0.000,右节点损失:3.450,总损失:3.450
------划分值:1.000,左节点损失:2.393,右节点损失:0.506,总损失:2.899
('----划分特征：', 416)
------划分值:0.000,左节点损失:0.000,右节点损失:3.450,总损失:3.450
------划分值:1.000,左节点损失:3.145,右节点损失:0.179,总损失:3.324
('----划分特征：', 417)
------划分值:0.000,左节点损失:0.000,右节点损失:3.450,总损失:3.450
------划分值:1.000,左节点损失:3.444,右节点损失:0.006,总损失:3.450
('----划分特征：', 418)
------划分值:0.000,左节点损失:0.000,右节点损失:3.450,总损失:3.450
('----划分特征：', 419)
------划分值:0.000,左节点损失:0.000,右节点损失:3.450,总损失:3.450
('----划分特征：', 420)
------划分值:0.000,左节点损失:0.000,右节点损失:3.450,总损失:3.450
('----划分特征：', 421)
------划分值:0.000,左节点损失:0.000,右节点损失:3.450,总损失:3.450
('----划分特征：', 422)
------划分值:0.000,左节点损失:0.000,右节点损失:3.450,总损失:3.450
------划分值:1.000,左节点损失:3.450,右节点损失:0.000,总损失:3.450
('----划分特征：', 423)
------划分值:0.000,左节点损失:0.000,右节点损失:3.450,总损失:3.450
------划分值:1.000,左节点损失:3.450,右节点损失:0.000,总损失:3.450
('----划分特征：', 424)
------划分值:0.000,左节点损失:0.000,右节点损失:3.450,总损失:3.450
------划分值:1.000,左节点损失:3.326,右节点损失:0.101,总损失:3.427
('----划分特征：', 425)
------划分值:0.000,左节点损失:0.000,右节点损失:3.450,总损失:3.450
------划分值:1.000,左节点损失:2.591,右节点损失:0.544,总损失:3.135
('----划分特征：', 426)
------划分值:0.000,左节点损失:0.000,右节点损失:3.450,总损失:3.450
------划分值:1.000,左节点损失:1.754,右节点损失:1.175,总损失:2.930
('----划分特征：', 427)
------划分值:0.000,左节点损失:0.000,右节点损失:3.450,总损失:3.450
------划分值:1.000,左节点损失:1.138,右节点损失:1.775,总损失:2.913
('----划分特征：', 428)
------划分值:0.000,左节点损失:0.000,右节点损失:3.450,总损失:3.450
------划分值:1.000,左节点损失:1.067,右节点损失:2.059,总损失:3.126
('----划分特征：', 429)
------划分值:0.000,左节点损失:0.000,右节点损失:3.450,总损失:3.450
------划分值:1.000,左节点损失:1.592,右节点损失:1.786,总损失:3.378
('----划分特征：', 430)
------划分值:0.000,左节点损失:0.000,右节点损失:3.450,总损失:3.450
------划分值:1.000,左节点损失:2.351,右节点损失:1.095,总损失:3.446
('----划分特征：', 431)
------划分值:0.000,左节点损失:0.000,右节点损失:3.450,总损失:3.450
------划分值:1.000,左节点损失:2.856,右节点损失:0.499,总损失:3.355
('----划分特征：', 432)
------划分值:0.000,左节点损失:0.000,右节点损失:3.450,总损失:3.450
------划分值:1.000,左节点损失:3.056,右节点损失:0.173,总损失:3.228
('----划分特征：', 433)
------划分值:0.000,左节点损失:0.000,右节点损失:3.450,总损失:3.450
------划分值:1.000,左节点损失:3.038,右节点损失:0.058,总损失:3.096
('----划分特征：', 434)
------划分值:0.000,左节点损失:0.000,右节点损失:3.450,总损失:3.450
------划分值:1.000,左节点损失:3.002,右节点损失:0.019,总损失:3.021
('----划分特征：', 435)
------划分值:1.000,左节点损失:2.947,右节点损失:0.026,总损失:2.972
------划分值:0.000,左节点损失:0.000,右节点损失:3.450,总损失:3.450
('----划分特征：', 436)
------划分值:1.000,左节点损失:2.949,右节点损失:0.103,总损失:3.052
------划分值:0.000,左节点损失:0.000,右节点损失:3.450,总损失:3.450
('----划分特征：', 437)
------划分值:1.000,左节点损失:2.764,右节点损失:0.479,总损失:3.243
------划分值:0.000,左节点损失:0.000,右节点损失:3.450,总损失:3.450
('----划分特征：', 438)
------划分值:1.000,左节点损失:2.429,右节点损失:0.995,总损失:3.424
------划分值:0.000,左节点损失:0.000,右节点损失:3.450,总损失:3.450
('----划分特征：', 439)
------划分值:0.000,左节点损失:0.000,右节点损失:3.450,总损失:3.450
------划分值:1.000,左节点损失:1.843,右节点损失:1.557,总损失:3.400
('----划分特征：', 440)
------划分值:0.000,左节点损失:0.000,右节点损失:3.450,总损失:3.450
------划分值:1.000,左节点损失:1.448,右节点损失:1.710,总损失:3.158
('----划分特征：', 441)
------划分值:0.000,左节点损失:0.000,右节点损失:3.450,总损失:3.450
------划分值:1.000,左节点损失:1.496,右节点损失:1.427,总损失:2.922
('----划分特征：', 442)
------划分值:0.000,左节点损失:0.000,右节点损失:3.450,总损失:3.450
------划分值:1.000,左节点损失:1.941,右节点损失:0.950,总损失:2.891
('----划分特征：', 443)
------划分值:0.000,左节点损失:0.000,右节点损失:3.450,总损失:3.450
------划分值:1.000,左节点损失:2.548,右节点损失:0.502,总损失:3.051
('----划分特征：', 444)
------划分值:0.000,左节点损失:0.000,右节点损失:3.450,总损失:3.450
------划分值:1.000,左节点损失:3.177,右节点损失:0.181,总损失:3.358
('----划分特征：', 445)
------划分值:0.000,左节点损失:0.000,右节点损失:3.450,总损失:3.450
------划分值:1.000,左节点损失:3.444,右节点损失:0.006,总损失:3.450
('----划分特征：', 446)
------划分值:0.000,左节点损失:0.000,右节点损失:3.450,总损失:3.450
------划分值:1.000,左节点损失:3.450,右节点损失:0.000,总损失:3.450
('----划分特征：', 447)
------划分值:0.000,左节点损失:0.000,右节点损失:3.450,总损失:3.450
('----划分特征：', 448)
------划分值:0.000,左节点损失:0.000,右节点损失:3.450,总损失:3.450
('----划分特征：', 449)
------划分值:0.000,左节点损失:0.000,右节点损失:3.450,总损失:3.450
('----划分特征：', 450)
------划分值:0.000,左节点损失:0.000,右节点损失:3.450,总损失:3.450
------划分值:1.000,左节点损失:3.450,右节点损失:0.000,总损失:3.450
('----划分特征：', 451)
------划分值:0.000,左节点损失:0.000,右节点损失:3.450,总损失:3.450
------划分值:1.000,左节点损失:3.450,右节点损失:0.000,总损失:3.450
('----划分特征：', 452)
------划分值:0.000,左节点损失:0.000,右节点损失:3.450,总损失:3.450
------划分值:1.000,左节点损失:3.267,右节点损失:0.147,总损失:3.413
('----划分特征：', 453)
------划分值:0.000,左节点损失:0.000,右节点损失:3.450,总损失:3.450
------划分值:1.000,左节点损失:2.429,右节点损失:0.656,总损失:3.085
('----划分特征：', 454)
------划分值:0.000,左节点损失:0.000,右节点损失:3.450,总损失:3.450
------划分值:1.000,左节点损失:1.608,右节点损失:1.274,总损失:2.883
('----划分特征：', 455)
------划分值:0.000,左节点损失:0.000,右节点损失:3.450,总损失:3.450
------划分值:1.000,左节点损失:1.060,右节点损失:1.809,总损失:2.869
('----划分特征：', 456)
------划分值:0.000,左节点损失:0.000,右节点损失:3.450,总损失:3.450
------划分值:1.000,左节点损失:1.175,右节点损失:1.964,总损失:3.139
('----划分特征：', 457)
------划分值:0.000,左节点损失:0.000,右节点损失:3.450,总损失:3.450
------划分值:1.000,左节点损失:1.869,右节点损失:1.539,总损失:3.409
('----划分特征：', 458)
------划分值:0.000,左节点损失:0.000,右节点损失:3.450,总损失:3.450
------划分值:1.000,左节点损失:2.668,右节点损失:0.757,总损失:3.426
('----划分特征：', 459)
------划分值:0.000,左节点损失:0.000,右节点损失:3.450,总损失:3.450
------划分值:1.000,左节点损失:3.031,右节点损失:0.291,总损失:3.322
('----划分特征：', 460)
------划分值:0.000,左节点损失:0.000,右节点损失:3.450,总损失:3.450
------划分值:1.000,左节点损失:3.105,右节点损失:0.128,总损失:3.233
('----划分特征：', 461)
------划分值:0.000,左节点损失:0.000,右节点损失:3.450,总损失:3.450
------划分值:1.000,左节点损失:3.107,右节点损失:0.032,总损失:3.140
('----划分特征：', 462)
------划分值:0.000,左节点损失:0.000,右节点损失:3.450,总损失:3.450
------划分值:1.000,左节点损失:3.039,右节点损失:0.026,总损失:3.065
('----划分特征：', 463)
------划分值:0.000,左节点损失:0.000,右节点损失:3.450,总损失:3.450
------划分值:1.000,左节点损失:2.999,右节点损失:0.071,总损失:3.070
('----划分特征：', 464)
------划分值:0.000,左节点损失:0.000,右节点损失:3.450,总损失:3.450
------划分值:1.000,左节点损失:2.909,右节点损失:0.268,总损失:3.176
('----划分特征：', 465)
------划分值:1.000,左节点损失:2.619,右节点损失:0.730,总损失:3.349
------划分值:0.000,左节点损失:0.000,右节点损失:3.450,总损失:3.450
('----划分特征：', 466)
------划分值:1.000,左节点损失:2.135,右节点损失:1.315,总损失:3.450
------划分值:0.000,左节点损失:0.000,右节点损失:3.450,总损失:3.450
('----划分特征：', 467)
------划分值:1.000,左节点损失:1.609,右节点损失:1.742,总损失:3.351
------划分值:0.000,左节点损失:0.000,右节点损失:3.450,总损失:3.450
('----划分特征：', 468)
------划分值:0.000,左节点损失:0.000,右节点损失:3.450,总损失:3.450
------划分值:1.000,左节点损失:1.389,右节点损失:1.756,总损失:3.145
('----划分特征：', 469)
------划分值:0.000,左节点损失:0.000,右节点损失:3.450,总损失:3.450
------划分值:1.000,左节点损失:1.641,右节点损失:1.371,总损失:3.013
('----划分特征：', 470)
------划分值:0.000,左节点损失:0.000,右节点损失:3.450,总损失:3.450
------划分值:1.000,左节点损失:2.105,右节点损失:0.925,总损失:3.031
('----划分特征：', 471)
------划分值:0.000,左节点损失:0.000,右节点损失:3.450,总损失:3.450
------划分值:1.000,左节点损失:2.696,右节点损失:0.485,总损失:3.181
('----划分特征：', 472)
------划分值:0.000,左节点损失:0.000,右节点损失:3.450,总损失:3.450
------划分值:1.000,左节点损失:3.256,右节点损失:0.159,总损失:3.414
('----划分特征：', 473)
------划分值:0.000,左节点损失:0.000,右节点损失:3.450,总损失:3.450
------划分值:1.000,左节点损失:3.449,右节点损失:0.000,总损失:3.449
('----划分特征：', 474)
------划分值:0.000,左节点损失:0.000,右节点损失:3.450,总损失:3.450
------划分值:1.000,左节点损失:3.450,右节点损失:0.000,总损失:3.450
('----划分特征：', 475)
------划分值:0.000,左节点损失:0.000,右节点损失:3.450,总损失:3.450
('----划分特征：', 476)
------划分值:0.000,左节点损失:0.000,右节点损失:3.450,总损失:3.450
('----划分特征：', 477)
------划分值:0.000,左节点损失:0.000,右节点损失:3.450,总损失:3.450
('----划分特征：', 478)
------划分值:0.000,左节点损失:0.000,右节点损失:3.450,总损失:3.450
------划分值:1.000,左节点损失:3.450,右节点损失:0.000,总损失:3.450
('----划分特征：', 479)
------划分值:0.000,左节点损失:0.000,右节点损失:3.450,总损失:3.450
------划分值:1.000,左节点损失:3.449,右节点损失:0.000,总损失:3.449
('----划分特征：', 480)
------划分值:0.000,左节点损失:0.000,右节点损失:3.450,总损失:3.450
------划分值:1.000,左节点损失:3.228,右节点损失:0.185,总损失:3.413
('----划分特征：', 481)
------划分值:0.000,左节点损失:0.000,右节点损失:3.450,总损失:3.450
------划分值:1.000,左节点损失:2.288,右节点损失:0.767,总损失:3.055
('----划分特征：', 482)
------划分值:0.000,左节点损失:0.000,右节点损失:3.450,总损失:3.450
------划分值:1.000,左节点损失:1.468,右节点损失:1.317,总损失:2.785
('----划分特征：', 483)
------划分值:0.000,左节点损失:0.000,右节点损失:3.450,总损失:3.450
------划分值:1.000,左节点损失:1.036,右节点损失:1.804,总损失:2.840
('----划分特征：', 484)
------划分值:0.000,左节点损失:0.000,右节点损失:3.450,总损失:3.450
------划分值:1.000,左节点损失:1.253,右节点损失:1.864,总损失:3.117
('----划分特征：', 485)
------划分值:0.000,左节点损失:0.000,右节点损失:3.450,总损失:3.450
------划分值:1.000,左节点损失:1.976,右节点损失:1.426,总损失:3.402
('----划分特征：', 486)
------划分值:0.000,左节点损失:0.000,右节点损失:3.450,总损失:3.450
------划分值:1.000,左节点损失:2.790,右节点损失:0.638,总损失:3.428
('----划分特征：', 487)
------划分值:0.000,左节点损失:0.000,右节点损失:3.450,总损失:3.450
------划分值:1.000,左节点损失:3.054,右节点损失:0.296,总损失:3.350
('----划分特征：', 488)
------划分值:0.000,左节点损失:0.000,右节点损失:3.450,总损失:3.450
------划分值:1.000,左节点损失:3.141,右节点损失:0.147,总损失:3.288
('----划分特征：', 489)
------划分值:0.000,左节点损失:0.000,右节点损失:3.450,总损失:3.450
------划分值:1.000,左节点损失:3.138,右节点损失:0.084,总损失:3.221
('----划分特征：', 490)
------划分值:0.000,左节点损失:0.000,右节点损失:3.450,总损失:3.450
------划分值:1.000,左节点损失:3.046,右节点损失:0.128,总损失:3.175
('----划分特征：', 491)
------划分值:0.000,左节点损失:0.000,右节点损失:3.450,总损失:3.450
------划分值:1.000,左节点损失:2.927,右节点损失:0.293,总损失:3.219
('----划分特征：', 492)
------划分值:0.000,左节点损失:0.000,右节点损失:3.450,总损失:3.450
------划分值:1.000,左节点损失:2.739,右节点损失:0.581,总损失:3.320
('----划分特征：', 493)
------划分值:1.000,左节点损失:2.302,右节点损失:1.131,总损失:3.433
------划分值:0.000,左节点损失:0.000,右节点损失:3.450,总损失:3.450
('----划分特征：', 494)
------划分值:1.000,左节点损失:1.726,右节点损失:1.693,总损失:3.418
------划分值:0.000,左节点损失:0.000,右节点损失:3.450,总损失:3.450
('----划分特征：', 495)
------划分值:1.000,左节点损失:1.423,右节点损失:1.862,总损失:3.285
------划分值:0.000,左节点损失:0.000,右节点损失:3.450,总损失:3.450
('----划分特征：', 496)
------划分值:0.000,左节点损失:0.000,右节点损失:3.450,总损失:3.450
------划分值:1.000,左节点损失:1.430,右节点损失:1.728,总损失:3.158
('----划分特征：', 497)
------划分值:0.000,左节点损失:0.000,右节点损失:3.450,总损失:3.450
------划分值:1.000,左节点损失:1.860,右节点损失:1.273,总损失:3.132
('----划分特征：', 498)
------划分值:0.000,左节点损失:0.000,右节点损失:3.450,总损失:3.450
------划分值:1.000,左节点损失:2.352,右节点损失:0.828,总损失:3.180
('----划分特征：', 499)
------划分值:0.000,左节点损失:0.000,右节点损失:3.450,总损失:3.450
------划分值:1.000,左节点损失:2.946,右节点损失:0.390,总损失:3.336
('----划分特征：', 500)
------划分值:0.000,左节点损失:0.000,右节点损失:3.450,总损失:3.450
------划分值:1.000,左节点损失:3.286,右节点损失:0.148,总损失:3.434
('----划分特征：', 501)
------划分值:0.000,左节点损失:0.000,右节点损失:3.450,总损失:3.450
------划分值:1.000,左节点损失:3.448,右节点损失:0.000,总损失:3.448
('----划分特征：', 502)
------划分值:0.000,左节点损失:0.000,右节点损失:3.450,总损失:3.450
------划分值:1.000,左节点损失:3.450,右节点损失:0.000,总损失:3.450
('----划分特征：', 503)
------划分值:0.000,左节点损失:0.000,右节点损失:3.450,总损失:3.450
('----划分特征：', 504)
------划分值:0.000,左节点损失:0.000,右节点损失:3.450,总损失:3.450
('----划分特征：', 505)
------划分值:0.000,左节点损失:0.000,右节点损失:3.450,总损失:3.450
('----划分特征：', 506)
------划分值:0.000,左节点损失:0.000,右节点损失:3.450,总损失:3.450
------划分值:1.000,左节点损失:3.450,右节点损失:0.000,总损失:3.450
('----划分特征：', 507)
------划分值:0.000,左节点损失:0.000,右节点损失:3.450,总损失:3.450
------划分值:1.000,左节点损失:3.447,右节点损失:0.000,总损失:3.447
('----划分特征：', 508)
------划分值:0.000,左节点损失:0.000,右节点损失:3.450,总损失:3.450
------划分值:1.000,左节点损失:3.172,右节点损失:0.248,总损失:3.420
('----划分特征：', 509)
------划分值:0.000,左节点损失:0.000,右节点损失:3.450,总损失:3.450
------划分值:1.000,左节点损失:2.387,右节点损失:0.785,总损失:3.171
('----划分特征：', 510)
------划分值:0.000,左节点损失:0.000,右节点损失:3.450,总损失:3.450
------划分值:1.000,左节点损失:1.467,右节点损失:1.380,总损失:2.847
('----划分特征：', 511)
------划分值:0.000,左节点损失:0.000,右节点损失:3.450,总损失:3.450
------划分值:1.000,左节点损失:0.964,右节点损失:1.821,总损失:2.785
('----划分特征：', 512)
------划分值:0.000,左节点损失:0.000,右节点损失:3.450,总损失:3.450
------划分值:1.000,左节点损失:1.225,右节点损失:1.824,总损失:3.049
('----划分特征：', 513)
------划分值:0.000,左节点损失:0.000,右节点损失:3.450,总损失:3.450
------划分值:1.000,左节点损失:1.954,右节点损失:1.422,总损失:3.376
('----划分特征：', 514)
------划分值:0.000,左节点损失:0.000,右节点损失:3.450,总损失:3.450
------划分值:1.000,左节点损失:2.652,右节点损失:0.792,总损失:3.444
('----划分特征：', 515)
------划分值:0.000,左节点损失:0.000,右节点损失:3.450,总损失:3.450
------划分值:1.000,左节点损失:3.007,右节点损失:0.375,总损失:3.382
('----划分特征：', 516)
------划分值:0.000,左节点损失:0.000,右节点损失:3.450,总损失:3.450
------划分值:1.000,左节点损失:3.087,右节点损失:0.253,总损失:3.340
('----划分特征：', 517)
------划分值:0.000,左节点损失:0.000,右节点损失:3.450,总损失:3.450
------划分值:1.000,左节点损失:3.057,右节点损失:0.229,总损失:3.287
('----划分特征：', 518)
------划分值:0.000,左节点损失:0.000,右节点损失:3.450,总损失:3.450
------划分值:1.000,左节点损失:2.926,右节点损失:0.348,总损失:3.275
('----划分特征：', 519)
------划分值:1.000,左节点损失:2.631,右节点损失:0.718,总损失:3.350
------划分值:0.000,左节点损失:0.000,右节点损失:3.450,总损失:3.450
('----划分特征：', 520)
------划分值:1.000,左节点损失:2.308,右节点损失:1.118,总损失:3.426
------划分值:0.000,左节点损失:0.000,右节点损失:3.450,总损失:3.450
('----划分特征：', 521)
------划分值:1.000,左节点损失:1.720,右节点损失:1.717,总损失:3.437
------划分值:0.000,左节点损失:0.000,右节点损失:3.450,总损失:3.450
('----划分特征：', 522)
------划分值:1.000,左节点损失:1.368,右节点损失:1.984,总损失:3.352
------划分值:0.000,左节点损失:0.000,右节点损失:3.450,总损失:3.450
('----划分特征：', 523)
------划分值:1.000,左节点损失:1.308,右节点损失:1.929,总损失:3.237
------划分值:0.000,左节点损失:0.000,右节点损失:3.450,总损失:3.450
('----划分特征：', 524)
------划分值:0.000,左节点损失:0.000,右节点损失:3.450,总损失:3.450
------划分值:1.000,左节点损失:1.732,右节点损失:1.507,总损失:3.238
('----划分特征：', 525)
------划分值:0.000,左节点损失:0.000,右节点损失:3.450,总损失:3.450
------划分值:1.000,左节点损失:2.187,右节点损失:1.076,总损失:3.264
('----划分特征：', 526)
------划分值:0.000,左节点损失:0.000,右节点损失:3.450,总损失:3.450
------划分值:1.000,左节点损失:2.727,右节点损失:0.619,总损失:3.346
('----划分特征：', 527)
------划分值:0.000,左节点损失:0.000,右节点损失:3.450,总损失:3.450
------划分值:1.000,左节点损失:3.160,右节点损失:0.263,总损失:3.423
('----划分特征：', 528)
------划分值:0.000,左节点损失:0.000,右节点损失:3.450,总损失:3.450
------划分值:1.000,左节点损失:3.388,右节点损失:0.062,总损失:3.450
('----划分特征：', 529)
------划分值:0.000,左节点损失:0.000,右节点损失:3.450,总损失:3.450
------划分值:1.000,左节点损失:3.449,右节点损失:0.000,总损失:3.449
('----划分特征：', 530)
------划分值:0.000,左节点损失:0.000,右节点损失:3.450,总损失:3.450
------划分值:1.000,左节点损失:3.450,右节点损失:0.000,总损失:3.450
('----划分特征：', 531)
------划分值:0.000,左节点损失:0.000,右节点损失:3.450,总损失:3.450
------划分值:1.000,左节点损失:3.450,右节点损失:0.000,总损失:3.450
('----划分特征：', 532)
------划分值:0.000,左节点损失:0.000,右节点损失:3.450,总损失:3.450
('----划分特征：', 533)
------划分值:0.000,左节点损失:0.000,右节点损失:3.450,总损失:3.450
('----划分特征：', 534)
------划分值:0.000,左节点损失:0.000,右节点损失:3.450,总损失:3.450
------划分值:1.000,左节点损失:3.450,右节点损失:0.000,总损失:3.450
('----划分特征：', 535)
------划分值:0.000,左节点损失:0.000,右节点损失:3.450,总损失:3.450
------划分值:1.000,左节点损失:3.435,右节点损失:0.013,总损失:3.448
('----划分特征：', 536)
------划分值:0.000,左节点损失:0.000,右节点损失:3.450,总损失:3.450
------划分值:1.000,左节点损失:3.191,右节点损失:0.245,总损失:3.435
('----划分特征：', 537)
------划分值:0.000,左节点损失:0.000,右节点损失:3.450,总损失:3.450
------划分值:1.000,左节点损失:2.412,右节点损失:0.831,总损失:3.243
('----划分特征：', 538)
------划分值:0.000,左节点损失:0.000,右节点损失:3.450,总损失:3.450
------划分值:1.000,左节点损失:1.577,右节点损失:1.422,总损失:2.999
('----划分特征：', 539)
------划分值:0.000,左节点损失:0.000,右节点损失:3.450,总损失:3.450
------划分值:1.000,左节点损失:0.975,右节点损失:1.876,总损失:2.851
('----划分特征：', 540)
------划分值:0.000,左节点损失:0.000,右节点损失:3.450,总损失:3.450
------划分值:1.000,左节点损失:1.100,右节点损失:1.940,总损失:3.040
('----划分特征：', 541)
------划分值:0.000,左节点损失:0.000,右节点损失:3.450,总损失:3.450
------划分值:1.000,左节点损失:1.654,右节点损失:1.670,总损失:3.324
('----划分特征：', 542)
------划分值:0.000,左节点损失:0.000,右节点损失:3.450,总损失:3.450
------划分值:1.000,左节点损失:2.266,右节点损失:1.181,总损失:3.447
('----划分特征：', 543)
------划分值:0.000,左节点损失:0.000,右节点损失:3.450,总损失:3.450
------划分值:1.000,左节点损失:2.617,右节点损失:0.818,总损失:3.435
('----划分特征：', 544)
------划分值:0.000,左节点损失:0.000,右节点损失:3.450,总损失:3.450
------划分值:1.000,左节点损失:2.711,右节点损失:0.693,总损失:3.403
('----划分特征：', 545)
------划分值:1.000,左节点损失:2.628,右节点损失:0.761,总损失:3.389
------划分值:0.000,左节点损失:0.000,右节点损失:3.450,总损失:3.450
('----划分特征：', 546)
------划分值:1.000,左节点损失:2.399,右节点损失:1.003,总损失:3.401
------划分值:0.000,左节点损失:0.000,右节点损失:3.450,总损失:3.450
('----划分特征：', 547)
------划分值:1.000,左节点损失:2.052,右节点损失:1.392,总损失:3.443
------划分值:0.000,左节点损失:0.000,右节点损失:3.450,总损失:3.450
('----划分特征：', 548)
------划分值:1.000,左节点损失:1.570,右节点损失:1.864,总损失:3.434
------划分值:0.000,左节点损失:0.000,右节点损失:3.450,总损失:3.450
('----划分特征：', 549)
------划分值:1.000,左节点损失:1.287,右节点损失:2.086,总损失:3.373
------划分值:0.000,左节点损失:0.000,右节点损失:3.450,总损失:3.450
('----划分特征：', 550)
------划分值:1.000,左节点损失:1.238,右节点损失:2.064,总损失:3.302
------划分值:0.000,左节点损失:0.000,右节点损失:3.450,总损失:3.450
('----划分特征：', 551)
------划分值:1.000,左节点损失:1.558,右节点损失:1.728,总损失:3.286
------划分值:0.000,左节点损失:0.000,右节点损失:3.450,总损失:3.450
('----划分特征：', 552)
------划分值:0.000,左节点损失:0.000,右节点损失:3.450,总损失:3.450
------划分值:1.000,左节点损失:2.095,右节点损失:1.232,总损失:3.327
('----划分特征：', 553)
------划分值:0.000,左节点损失:0.000,右节点损失:3.450,总损失:3.450
------划分值:1.000,左节点损失:2.533,右节点损失:0.823,总损失:3.356
('----划分特征：', 554)
------划分值:0.000,左节点损失:0.000,右节点损失:3.450,总损失:3.450
------划分值:1.000,左节点损失:3.041,右节点损失:0.384,总损失:3.425
('----划分特征：', 555)
------划分值:0.000,左节点损失:0.000,右节点损失:3.450,总损失:3.450
------划分值:1.000,左节点损失:3.278,右节点损失:0.167,总损失:3.444
('----划分特征：', 556)
------划分值:0.000,左节点损失:0.000,右节点损失:3.450,总损失:3.450
------划分值:1.000,左节点损失:3.426,右节点损失:0.024,总损失:3.450
('----划分特征：', 557)
------划分值:0.000,左节点损失:0.000,右节点损失:3.450,总损失:3.450
------划分值:1.000,左节点损失:3.450,右节点损失:0.000,总损失:3.450
('----划分特征：', 558)
------划分值:0.000,左节点损失:0.000,右节点损失:3.450,总损失:3.450
('----划分特征：', 559)
------划分值:0.000,左节点损失:0.000,右节点损失:3.450,总损失:3.450
('----划分特征：', 560)
------划分值:0.000,左节点损失:0.000,右节点损失:3.450,总损失:3.450
('----划分特征：', 561)
------划分值:0.000,左节点损失:0.000,右节点损失:3.450,总损失:3.450
('----划分特征：', 562)
------划分值:0.000,左节点损失:0.000,右节点损失:3.450,总损失:3.450
------划分值:1.000,左节点损失:3.450,右节点损失:0.000,总损失:3.450
('----划分特征：', 563)
------划分值:0.000,左节点损失:0.000,右节点损失:3.450,总损失:3.450
------划分值:1.000,左节点损失:3.441,右节点损失:0.006,总损失:3.447
('----划分特征：', 564)
------划分值:0.000,左节点损失:0.000,右节点损失:3.450,总损失:3.450
------划分值:1.000,左节点损失:3.237,右节点损失:0.208,总损失:3.445
('----划分特征：', 565)
------划分值:0.000,左节点损失:0.000,右节点损失:3.450,总损失:3.450
------划分值:1.000,左节点损失:2.734,右节点损失:0.643,总损失:3.377
('----划分特征：', 566)
------划分值:0.000,左节点损失:0.000,右节点损失:3.450,总损失:3.450
------划分值:1.000,左节点损失:1.875,右节点损失:1.306,总损失:3.181
('----划分特征：', 567)
------划分值:0.000,左节点损失:0.000,右节点损失:3.450,总损失:3.450
------划分值:1.000,左节点损失:1.160,右节点损失:1.860,总损失:3.020
('----划分特征：', 568)
------划分值:0.000,左节点损失:0.000,右节点损失:3.450,总损失:3.450
------划分值:1.000,左节点损失:0.978,右节点损失:2.077,总损失:3.055
('----划分特征：', 569)
------划分值:0.000,左节点损失:0.000,右节点损失:3.450,总损失:3.450
------划分值:1.000,左节点损失:1.089,右节点损失:2.114,总损失:3.202
('----划分特征：', 570)
------划分值:0.000,左节点损失:0.000,右节点损失:3.450,总损失:3.450
------划分值:1.000,左节点损失:1.512,右节点损失:1.858,总损失:3.370
('----划分特征：', 571)
------划分值:0.000,左节点损失:0.000,右节点损失:3.450,总损失:3.450
------划分值:1.000,左节点损失:1.923,右节点损失:1.520,总损失:3.443
('----划分特征：', 572)
------划分值:1.000,左节点损失:1.961,右节点损失:1.489,总损失:3.450
------划分值:0.000,左节点损失:0.000,右节点损失:3.450,总损失:3.450
('----划分特征：', 573)
------划分值:1.000,左节点损失:1.812,右节点损失:1.639,总损失:3.450
------划分值:0.000,左节点损失:0.000,右节点损失:3.450,总损失:3.450
('----划分特征：', 574)
------划分值:1.000,左节点损失:1.572,右节点损失:1.875,总损失:3.447
------划分值:0.000,左节点损失:0.000,右节点损失:3.450,总损失:3.450
('----划分特征：', 575)
------划分值:1.000,左节点损失:1.275,右节点损失:2.144,总损失:3.418
------划分值:0.000,左节点损失:0.000,右节点损失:3.450,总损失:3.450
('----划分特征：', 576)
------划分值:1.000,左节点损失:1.059,右节点损失:2.297,总损失:3.356
------划分值:0.000,左节点损失:0.000,右节点损失:3.450,总损失:3.450
('----划分特征：', 577)
------划分值:1.000,左节点损失:1.100,右节点损失:2.204,总损失:3.304
------划分值:0.000,左节点损失:0.000,右节点损失:3.450,总损失:3.450
('----划分特征：', 578)
------划分值:0.000,左节点损失:0.000,右节点损失:3.450,总损失:3.450
------划分值:1.000,左节点损失:1.524,右节点损失:1.804,总损失:3.329
('----划分特征：', 579)
------划分值:0.000,左节点损失:0.000,右节点损失:3.450,总损失:3.450
------划分值:1.000,左节点损失:2.081,右节点损失:1.297,总损失:3.378
('----划分特征：', 580)
------划分值:0.000,左节点损失:0.000,右节点损失:3.450,总损失:3.450
------划分值:1.000,左节点损失:2.520,右节点损失:0.877,总损失:3.396
('----划分特征：', 581)
------划分值:0.000,左节点损失:0.000,右节点损失:3.450,总损失:3.450
------划分值:1.000,左节点损失:2.949,右节点损失:0.481,总损失:3.430
('----划分特征：', 582)
------划分值:0.000,左节点损失:0.000,右节点损失:3.450,总损失:3.450
------划分值:1.000,左节点损失:3.230,右节点损失:0.216,总损失:3.447
('----划分特征：', 583)
------划分值:0.000,左节点损失:0.000,右节点损失:3.450,总损失:3.450
------划分值:1.000,左节点损失:3.380,右节点损失:0.070,总损失:3.450
('----划分特征：', 584)
------划分值:0.000,左节点损失:0.000,右节点损失:3.450,总损失:3.450
------划分值:1.000,左节点损失:3.436,右节点损失:0.012,总损失:3.449
('----划分特征：', 585)
------划分值:0.000,左节点损失:0.000,右节点损失:3.450,总损失:3.450
------划分值:1.000,左节点损失:3.450,右节点损失:0.000,总损失:3.450
('----划分特征：', 586)
------划分值:0.000,左节点损失:0.000,右节点损失:3.450,总损失:3.450
------划分值:1.000,左节点损失:3.445,右节点损失:0.004,总损失:3.449
('----划分特征：', 587)
------划分值:0.000,左节点损失:0.000,右节点损失:3.450,总损失:3.450
('----划分特征：', 588)
------划分值:0.000,左节点损失:0.000,右节点损失:3.450,总损失:3.450
('----划分特征：', 589)
------划分值:0.000,左节点损失:0.000,右节点损失:3.450,总损失:3.450
('----划分特征：', 590)
------划分值:0.000,左节点损失:0.000,右节点损失:3.450,总损失:3.450
------划分值:1.000,左节点损失:3.450,右节点损失:0.000,总损失:3.450
('----划分特征：', 591)
------划分值:0.000,左节点损失:0.000,右节点损失:3.450,总损失:3.450
------划分值:1.000,左节点损失:3.441,右节点损失:0.006,总损失:3.448
('----划分特征：', 592)
------划分值:0.000,左节点损失:0.000,右节点损失:3.450,总损失:3.450
------划分值:1.000,左节点损失:3.319,右节点损失:0.130,总损失:3.449
('----划分特征：', 593)
------划分值:0.000,左节点损失:0.000,右节点损失:3.450,总损失:3.450
------划分值:1.000,左节点损失:2.941,右节点损失:0.477,总损失:3.418
('----划分特征：', 594)
------划分值:0.000,左节点损失:0.000,右节点损失:3.450,总损失:3.450
------划分值:1.000,左节点损失:2.330,右节点损失:1.006,总损失:3.335
('----划分特征：', 595)
------划分值:0.000,左节点损失:0.000,右节点损失:3.450,总损失:3.450
------划分值:1.000,左节点损失:1.541,右节点损失:1.656,总损失:3.197
('----划分特征：', 596)
------划分值:0.000,左节点损失:0.000,右节点损失:3.450,总损失:3.450
------划分值:1.000,左节点损失:1.019,右节点损失:2.099,总损失:3.118
('----划分特征：', 597)
------划分值:0.000,左节点损失:0.000,右节点损失:3.450,总损失:3.450
------划分值:1.000,左节点损失:0.709,右节点损失:2.419,总损失:3.128
('----划分特征：', 598)
------划分值:1.000,左节点损失:0.713,右节点损失:2.497,总损失:3.210
------划分值:0.000,左节点损失:0.000,右节点损失:3.450,总损失:3.450
('----划分特征：', 599)
------划分值:1.000,左节点损失:0.878,右节点损失:2.441,总损失:3.318
------划分值:0.000,左节点损失:0.000,右节点损失:3.450,总损失:3.450
('----划分特征：', 600)
------划分值:1.000,左节点损失:1.002,右节点损失:2.374,总损失:3.377
------划分值:0.000,左节点损失:0.000,右节点损失:3.450,总损失:3.450
('----划分特征：', 601)
------划分值:1.000,左节点损失:0.971,右节点损失:2.416,总损失:3.387
------划分值:0.000,左节点损失:0.000,右节点损失:3.450,总损失:3.450
('----划分特征：', 602)
------划分值:1.000,左节点损失:0.913,右节点损失:2.459,总损失:3.373
------划分值:0.000,左节点损失:0.000,右节点损失:3.450,总损失:3.450
('----划分特征：', 603)
------划分值:1.000,左节点损失:0.859,右节点损失:2.471,总损失:3.330
------划分值:0.000,左节点损失:0.000,右节点损失:3.450,总损失:3.450
('----划分特征：', 604)
------划分值:0.000,左节点损失:0.000,右节点损失:3.450,总损失:3.450
------划分值:1.000,左节点损失:1.005,右节点损失:2.291,总损失:3.296
('----划分特征：', 605)
------划分值:0.000,左节点损失:0.000,右节点损失:3.450,总损失:3.450
------划分值:1.000,左节点损失:1.523,右节点损失:1.818,总损失:3.340
('----划分特征：', 606)
------划分值:0.000,左节点损失:0.000,右节点损失:3.450,总损失:3.450
------划分值:1.000,左节点损失:2.067,右节点损失:1.321,总损失:3.388
('----划分特征：', 607)
------划分值:0.000,左节点损失:0.000,右节点损失:3.450,总损失:3.450
------划分值:1.000,左节点损失:2.542,右节点损失:0.877,总损失:3.418
('----划分特征：', 608)
------划分值:0.000,左节点损失:0.000,右节点损失:3.450,总损失:3.450
------划分值:1.000,左节点损失:2.917,右节点损失:0.519,总损失:3.436
('----划分特征：', 609)
------划分值:0.000,左节点损失:0.000,右节点损失:3.450,总损失:3.450
------划分值:1.000,左节点损失:3.190,右节点损失:0.258,总损失:3.447
('----划分特征：', 610)
------划分值:0.000,左节点损失:0.000,右节点损失:3.450,总损失:3.450
------划分值:1.000,左节点损失:3.372,右节点损失:0.078,总损失:3.450
('----划分特征：', 611)
------划分值:0.000,左节点损失:0.000,右节点损失:3.450,总损失:3.450
------划分值:1.000,左节点损失:3.430,右节点损失:0.019,总损失:3.449
('----划分特征：', 612)
------划分值:0.000,左节点损失:0.000,右节点损失:3.450,总损失:3.450
------划分值:1.000,左节点损失:3.443,右节点损失:0.006,总损失:3.449
('----划分特征：', 613)
------划分值:0.000,左节点损失:0.000,右节点损失:3.450,总损失:3.450
------划分值:1.000,左节点损失:3.450,右节点损失:0.000,总损失:3.450
('----划分特征：', 614)
------划分值:0.000,左节点损失:0.000,右节点损失:3.450,总损失:3.450
------划分值:1.000,左节点损失:3.445,右节点损失:0.003,总损失:3.448
('----划分特征：', 615)
------划分值:0.000,左节点损失:0.000,右节点损失:3.450,总损失:3.450
('----划分特征：', 616)
------划分值:0.000,左节点损失:0.000,右节点损失:3.450,总损失:3.450
('----划分特征：', 617)
------划分值:0.000,左节点损失:0.000,右节点损失:3.450,总损失:3.450
('----划分特征：', 618)
------划分值:0.000,左节点损失:0.000,右节点损失:3.450,总损失:3.450
------划分值:1.000,左节点损失:3.450,右节点损失:0.000,总损失:3.450
('----划分特征：', 619)
------划分值:0.000,左节点损失:0.000,右节点损失:3.450,总损失:3.450
------划分值:1.000,左节点损失:3.443,右节点损失:0.006,总损失:3.450
('----划分特征：', 620)
------划分值:0.000,左节点损失:0.000,右节点损失:3.450,总损失:3.450
------划分值:1.000,左节点损失:3.413,右节点损失:0.036,总损失:3.450
('----划分特征：', 621)
------划分值:0.000,左节点损失:0.000,右节点损失:3.450,总损失:3.450
------划分值:1.000,左节点损失:3.168,右节点损失:0.269,总损失:3.436
('----划分特征：', 622)
------划分值:0.000,左节点损失:0.000,右节点损失:3.450,总损失:3.450
------划分值:1.000,左节点损失:2.770,右节点损失:0.629,总损失:3.399
('----划分特征：', 623)
------划分值:1.000,左节点损失:2.170,右节点损失:1.161,总损失:3.330
------划分值:0.000,左节点损失:0.000,右节点损失:3.450,总损失:3.450
('----划分特征：', 624)
------划分值:1.000,左节点损失:1.589,右节点损失:1.682,总损失:3.271
------划分值:0.000,左节点损失:0.000,右节点损失:3.450,总损失:3.450
('----划分特征：', 625)
------划分值:1.000,左节点损失:1.011,右节点损失:2.187,总损失:3.198
------划分值:0.000,左节点损失:0.000,右节点损失:3.450,总损失:3.450
('----划分特征：', 626)
------划分值:1.000,左节点损失:0.628,右节点损失:2.556,总损失:3.184
------划分值:0.000,左节点损失:0.000,右节点损失:3.450,总损失:3.450
('----划分特征：', 627)
------划分值:1.000,左节点损失:0.553,右节点损失:2.677,总损失:3.230
------划分值:0.000,左节点损失:0.000,右节点损失:3.450,总损失:3.450
('----划分特征：', 628)
------划分值:1.000,左节点损失:0.559,右节点损失:2.704,总损失:3.262
------划分值:0.000,左节点损失:0.000,右节点损失:3.450,总损失:3.450
('----划分特征：', 629)
------划分值:1.000,左节点损失:0.680,右节点损失:2.613,总损失:3.292
------划分值:0.000,左节点损失:0.000,右节点损失:3.450,总损失:3.450
('----划分特征：', 630)
------划分值:0.000,左节点损失:0.000,右节点损失:3.450,总损失:3.450
------划分值:1.000,左节点损失:0.819,右节点损失:2.481,总损失:3.300
('----划分特征：', 631)
------划分值:0.000,左节点损失:0.000,右节点损失:3.450,总损失:3.450
------划分值:1.000,左节点损失:1.227,右节点损失:2.113,总损失:3.341
('----划分特征：', 632)
------划分值:0.000,左节点损失:0.000,右节点损失:3.450,总损失:3.450
------划分值:1.000,左节点损失:1.743,右节点损失:1.640,总损失:3.383
('----划分特征：', 633)
------划分值:0.000,左节点损失:0.000,右节点损失:3.450,总损失:3.450
------划分值:1.000,左节点损失:2.310,右节点损失:1.112,总损失:3.422
('----划分特征：', 634)
------划分值:0.000,左节点损失:0.000,右节点损失:3.450,总损失:3.450
------划分值:1.000,左节点损失:2.692,右节点损失:0.747,总损失:3.439
('----划分特征：', 635)
------划分值:0.000,左节点损失:0.000,右节点损失:3.450,总损失:3.450
------划分值:1.000,左节点损失:3.011,右节点损失:0.436,总损失:3.448
('----划分特征：', 636)
------划分值:0.000,左节点损失:0.000,右节点损失:3.450,总损失:3.450
------划分值:1.000,左节点损失:3.224,右节点损失:0.226,总损失:3.450
('----划分特征：', 637)
------划分值:0.000,左节点损失:0.000,右节点损失:3.450,总损失:3.450
------划分值:1.000,左节点损失:3.370,右节点损失:0.079,总损失:3.449
('----划分特征：', 638)
------划分值:0.000,左节点损失:0.000,右节点损失:3.450,总损失:3.450
------划分值:1.000,左节点损失:3.418,右节点损失:0.031,总损失:3.449
('----划分特征：', 639)
------划分值:0.000,左节点损失:0.000,右节点损失:3.450,总损失:3.450
------划分值:1.000,左节点损失:3.443,右节点损失:0.006,总损失:3.449
('----划分特征：', 640)
------划分值:0.000,左节点损失:0.000,右节点损失:3.450,总损失:3.450
------划分值:1.000,左节点损失:3.449,右节点损失:0.000,总损失:3.449
('----划分特征：', 641)
------划分值:0.000,左节点损失:0.000,右节点损失:3.450,总损失:3.450
------划分值:1.000,左节点损失:3.450,右节点损失:0.000,总损失:3.450
('----划分特征：', 642)
------划分值:0.000,左节点损失:0.000,右节点损失:3.450,总损失:3.450
------划分值:1.000,左节点损失:3.445,右节点损失:0.000,总损失:3.445
('----划分特征：', 643)
------划分值:0.000,左节点损失:0.000,右节点损失:3.450,总损失:3.450
('----划分特征：', 644)
------划分值:0.000,左节点损失:0.000,右节点损失:3.450,总损失:3.450
('----划分特征：', 645)
------划分值:0.000,左节点损失:0.000,右节点损失:3.450,总损失:3.450
('----划分特征：', 646)
------划分值:0.000,左节点损失:0.000,右节点损失:3.450,总损失:3.450
------划分值:1.000,左节点损失:3.450,右节点损失:0.000,总损失:3.450
('----划分特征：', 647)
------划分值:0.000,左节点损失:0.000,右节点损失:3.450,总损失:3.450
------划分值:1.000,左节点损失:3.450,右节点损失:0.000,总损失:3.450
('----划分特征：', 648)
------划分值:0.000,左节点损失:0.000,右节点损失:3.450,总损失:3.450
------划分值:1.000,左节点损失:3.438,右节点损失:0.012,总损失:3.450
('----划分特征：', 649)
------划分值:1.000,左节点损失:3.370,右节点损失:0.080,总损失:3.450
------划分值:0.000,左节点损失:0.000,右节点损失:3.450,总损失:3.450
('----划分特征：', 650)
------划分值:1.000,左节点损失:3.241,右节点损失:0.208,总损失:3.448
------划分值:0.000,左节点损失:0.000,右节点损失:3.450,总损失:3.450
('----划分特征：', 651)
------划分值:1.000,左节点损失:2.994,右节点损失:0.448,总损失:3.442
------划分值:0.000,左节点损失:0.000,右节点损失:3.450,总损失:3.450
('----划分特征：', 652)
------划分值:1.000,左节点损失:2.568,右节点损失:0.855,总损失:3.423
------划分值:0.000,左节点损失:0.000,右节点损失:3.450,总损失:3.450
('----划分特征：', 653)
------划分值:1.000,左节点损失:2.060,右节点损失:1.333,总损失:3.393
------划分值:0.000,左节点损失:0.000,右节点损失:3.450,总损失:3.450
('----划分特征：', 654)
------划分值:1.000,左节点损失:1.713,右节点损失:1.672,总损失:3.386
------划分值:0.000,左节点损失:0.000,右节点损失:3.450,总损失:3.450
('----划分特征：', 655)
------划分值:1.000,左节点损失:1.373,右节点损失:1.986,总损失:3.359
------划分值:0.000,左节点损失:0.000,右节点损失:3.450,总损失:3.450
('----划分特征：', 656)
------划分值:1.000,左节点损失:1.342,右节点损失:2.020,总损失:3.363
------划分值:0.000,左节点损失:0.000,右节点损失:3.450,总损失:3.450
('----划分特征：', 657)
------划分值:0.000,左节点损失:0.000,右节点损失:3.450,总损失:3.450
------划分值:1.000,左节点损失:1.559,右节点损失:1.833,总损失:3.393
('----划分特征：', 658)
------划分值:0.000,左节点损失:0.000,右节点损失:3.450,总损失:3.450
------划分值:1.000,左节点损失:1.948,右节点损失:1.480,总损失:3.428
('----划分特征：', 659)
------划分值:0.000,左节点损失:0.000,右节点损失:3.450,总损失:3.450
------划分值:1.000,左节点损失:2.358,右节点损失:1.085,总损失:3.443
('----划分特征：', 660)
------划分值:0.000,左节点损失:0.000,右节点损失:3.450,总损失:3.450
------划分值:1.000,左节点损失:2.807,右节点损失:0.644,总损失:3.450
('----划分特征：', 661)
------划分值:0.000,左节点损失:0.000,右节点损失:3.450,总损失:3.450
------划分值:1.000,左节点损失:3.015,右节点损失:0.435,总损失:3.450
('----划分特征：', 662)
------划分值:0.000,左节点损失:0.000,右节点损失:3.450,总损失:3.450
------划分值:1.000,左节点损失:3.189,右节点损失:0.261,总损失:3.449
('----划分特征：', 663)
------划分值:0.000,左节点损失:0.000,右节点损失:3.450,总损失:3.450
------划分值:1.000,左节点损失:3.357,右节点损失:0.087,总损失:3.443
('----划分特征：', 664)
------划分值:0.000,左节点损失:0.000,右节点损失:3.450,总损失:3.450
------划分值:1.000,左节点损失:3.402,右节点损失:0.044,总损失:3.446
('----划分特征：', 665)
------划分值:0.000,左节点损失:0.000,右节点损失:3.450,总损失:3.450
------划分值:1.000,左节点损失:3.433,右节点损失:0.013,总损失:3.446
('----划分特征：', 666)
------划分值:0.000,左节点损失:0.000,右节点损失:3.450,总损失:3.450
------划分值:1.000,左节点损失:3.442,右节点损失:0.006,总损失:3.448
('----划分特征：', 667)
------划分值:0.000,左节点损失:0.000,右节点损失:3.450,总损失:3.450
------划分值:1.000,左节点损失:3.449,右节点损失:0.000,总损失:3.449
('----划分特征：', 668)
------划分值:0.000,左节点损失:0.000,右节点损失:3.450,总损失:3.450
------划分值:1.000,左节点损失:3.450,右节点损失:0.000,总损失:3.450
('----划分特征：', 669)
------划分值:0.000,左节点损失:0.000,右节点损失:3.450,总损失:3.450
('----划分特征：', 670)
------划分值:0.000,左节点损失:0.000,右节点损失:3.450,总损失:3.450
('----划分特征：', 671)
------划分值:0.000,左节点损失:0.000,右节点损失:3.450,总损失:3.450
('----划分特征：', 672)
------划分值:0.000,左节点损失:0.000,右节点损失:3.450,总损失:3.450
('----划分特征：', 673)
------划分值:0.000,左节点损失:0.000,右节点损失:3.450,总损失:3.450
('----划分特征：', 674)
------划分值:0.000,左节点损失:0.000,右节点损失:3.450,总损失:3.450
('----划分特征：', 675)
------划分值:0.000,左节点损失:0.000,右节点损失:3.450,总损失:3.450
------划分值:1.000,左节点损失:3.450,右节点损失:0.000,总损失:3.450
('----划分特征：', 676)
------划分值:1.000,左节点损失:3.444,右节点损失:0.006,总损失:3.450
------划分值:0.000,左节点损失:0.000,右节点损失:3.450,总损失:3.450
('----划分特征：', 677)
------划分值:1.000,左节点损失:3.437,右节点损失:0.012,总损失:3.450
------划分值:0.000,左节点损失:0.000,右节点损失:3.450,总损失:3.450
('----划分特征：', 678)
------划分值:1.000,左节点损失:3.428,右节点损失:0.019,总损失:3.447
------划分值:0.000,左节点损失:0.000,右节点损失:3.450,总损失:3.450
('----划分特征：', 679)
------划分值:1.000,左节点损失:3.395,右节点损失:0.050,总损失:3.444
------划分值:0.000,左节点损失:0.000,右节点损失:3.450,总损失:3.450
('----划分特征：', 680)
------划分值:1.000,左节点损失:3.334,右节点损失:0.106,总损失:3.440
------划分值:0.000,左节点损失:0.000,右节点损失:3.450,总损失:3.450
('----划分特征：', 681)
------划分值:1.000,左节点损失:3.229,右节点损失:0.209,总损失:3.438
------划分值:0.000,左节点损失:0.000,右节点损失:3.450,总损失:3.450
('----划分特征：', 682)
------划分值:1.000,左节点损失:3.078,右节点损失:0.363,总损失:3.441
------划分值:0.000,左节点损失:0.000,右节点损失:3.450,总损失:3.450
('----划分特征：', 683)
------划分值:0.000,左节点损失:0.000,右节点损失:3.450,总损失:3.450
------划分值:1.000,左节点损失:2.986,右节点损失:0.457,总损失:3.443
('----划分特征：', 684)
------划分值:0.000,左节点损失:0.000,右节点损失:3.450,总损失:3.450
------划分值:1.000,左节点损失:2.928,右节点损失:0.519,总损失:3.446
('----划分特征：', 685)
------划分值:0.000,左节点损失:0.000,右节点损失:3.450,总损失:3.450
------划分值:1.000,左节点损失:2.965,右节点损失:0.479,总损失:3.445
('----划分特征：', 686)
------划分值:0.000,左节点损失:0.000,右节点损失:3.450,总损失:3.450
------划分值:1.000,左节点损失:3.077,右节点损失:0.364,总损失:3.440
('----划分特征：', 687)
------划分值:0.000,左节点损失:0.000,右节点损失:3.450,总损失:3.450
------划分值:1.000,左节点损失:3.195,右节点损失:0.245,总损失:3.439
('----划分特征：', 688)
------划分值:0.000,左节点损失:0.000,右节点损失:3.450,总损失:3.450
------划分值:1.000,左节点损失:3.301,右节点损失:0.136,总损失:3.438
('----划分特征：', 689)
------划分值:0.000,左节点损失:0.000,右节点损失:3.450,总损失:3.450
------划分值:1.000,左节点损失:3.369,右节点损失:0.069,总损失:3.438
('----划分特征：', 690)
------划分值:0.000,左节点损失:0.000,右节点损失:3.450,总损失:3.450
------划分值:1.000,左节点损失:3.408,右节点损失:0.032,总损失:3.440
('----划分特征：', 691)
------划分值:0.000,左节点损失:0.000,右节点损失:3.450,总损失:3.450
------划分值:1.000,左节点损失:3.429,右节点损失:0.013,总损失:3.442
('----划分特征：', 692)
------划分值:0.000,左节点损失:0.000,右节点损失:3.450,总损失:3.450
------划分值:1.000,左节点损失:3.433,右节点损失:0.013,总损失:3.446
('----划分特征：', 693)
------划分值:0.000,左节点损失:0.000,右节点损失:3.450,总损失:3.450
------划分值:1.000,左节点损失:3.442,右节点损失:0.006,总损失:3.448
('----划分特征：', 694)
------划分值:0.000,左节点损失:0.000,右节点损失:3.450,总损失:3.450
------划分值:1.000,左节点损失:3.449,右节点损失:0.000,总损失:3.449
('----划分特征：', 695)
------划分值:0.000,左节点损失:0.000,右节点损失:3.450,总损失:3.450
------划分值:1.000,左节点损失:3.450,右节点损失:0.000,总损失:3.450
('----划分特征：', 696)
------划分值:0.000,左节点损失:0.000,右节点损失:3.450,总损失:3.450
------划分值:1.000,左节点损失:3.450,右节点损失:0.000,总损失:3.450
('----划分特征：', 697)
------划分值:0.000,左节点损失:0.000,右节点损失:3.450,总损失:3.450
('----划分特征：', 698)
------划分值:0.000,左节点损失:0.000,右节点损失:3.450,总损失:3.450
('----划分特征：', 699)
------划分值:0.000,左节点损失:0.000,右节点损失:3.450,总损失:3.450
('----划分特征：', 700)
------划分值:0.000,左节点损失:0.000,右节点损失:3.450,总损失:3.450
('----划分特征：', 701)
------划分值:0.000,左节点损失:0.000,右节点损失:3.450,总损失:3.450
('----划分特征：', 702)
------划分值:0.000,左节点损失:0.000,右节点损失:3.450,总损失:3.450
('----划分特征：', 703)
------划分值:0.000,左节点损失:0.000,右节点损失:3.450,总损失:3.450
('----划分特征：', 704)
------划分值:0.000,左节点损失:0.000,右节点损失:3.450,总损失:3.450
------划分值:1.000,左节点损失:3.450,右节点损失:0.000,总损失:3.450
('----划分特征：', 705)
------划分值:0.000,左节点损失:0.000,右节点损失:3.450,总损失:3.450
------划分值:1.000,左节点损失:3.449,右节点损失:0.000,总损失:3.449
('----划分特征：', 706)
------划分值:0.000,左节点损失:0.000,右节点损失:3.450,总损失:3.450
------划分值:1.000,左节点损失:3.448,右节点损失:0.000,总损失:3.448
('----划分特征：', 707)
------划分值:0.000,左节点损失:0.000,右节点损失:3.450,总损失:3.450
------划分值:1.000,左节点损失:3.444,右节点损失:0.000,总损失:3.444
('----划分特征：', 708)
------划分值:0.000,左节点损失:0.000,右节点损失:3.450,总损失:3.450
------划分值:1.000,左节点损失:3.438,右节点损失:0.000,总损失:3.438
('----划分特征：', 709)
------划分值:0.000,左节点损失:0.000,右节点损失:3.450,总损失:3.450
------划分值:1.000,左节点损失:3.431,右节点损失:0.000,总损失:3.431
('----划分特征：', 710)
------划分值:0.000,左节点损失:0.000,右节点损失:3.450,总损失:3.450
------划分值:1.000,左节点损失:3.420,右节点损失:0.006,总损失:3.426
('----划分特征：', 711)
------划分值:0.000,左节点损失:0.000,右节点损失:3.450,总损失:3.450
------划分值:1.000,左节点损失:3.414,右节点损失:0.013,总损失:3.426
('----划分特征：', 712)
------划分值:0.000,左节点损失:0.000,右节点损失:3.450,总损失:3.450
------划分值:1.000,左节点损失:3.415,右节点损失:0.013,总损失:3.428
('----划分特征：', 713)
------划分值:0.000,左节点损失:0.000,右节点损失:3.450,总损失:3.450
------划分值:1.000,左节点损失:3.411,右节点损失:0.019,总损失:3.430
('----划分特征：', 714)
------划分值:0.000,左节点损失:0.000,右节点损失:3.450,总损失:3.450
------划分值:1.000,左节点损失:3.419,右节点损失:0.013,总损失:3.432
('----划分特征：', 715)
------划分值:0.000,左节点损失:0.000,右节点损失:3.450,总损失:3.450
------划分值:1.000,左节点损失:3.427,右节点损失:0.006,总损失:3.434
('----划分特征：', 716)
------划分值:0.000,左节点损失:0.000,右节点损失:3.450,总损失:3.450
------划分值:1.000,左节点损失:3.435,右节点损失:0.000,总损失:3.435
('----划分特征：', 717)
------划分值:0.000,左节点损失:0.000,右节点损失:3.450,总损失:3.450
------划分值:1.000,左节点损失:3.440,右节点损失:0.000,总损失:3.440
('----划分特征：', 718)
------划分值:0.000,左节点损失:0.000,右节点损失:3.450,总损失:3.450
------划分值:1.000,左节点损失:3.443,右节点损失:0.000,总损失:3.443
('----划分特征：', 719)
------划分值:0.000,左节点损失:0.000,右节点损失:3.450,总损失:3.450
------划分值:1.000,左节点损失:3.446,右节点损失:0.000,总损失:3.446
('----划分特征：', 720)
------划分值:0.000,左节点损失:0.000,右节点损失:3.450,总损失:3.450
------划分值:1.000,左节点损失:3.447,右节点损失:0.000,总损失:3.447
('----划分特征：', 721)
------划分值:0.000,左节点损失:0.000,右节点损失:3.450,总损失:3.450
------划分值:1.000,左节点损失:3.448,右节点损失:0.000,总损失:3.448
('----划分特征：', 722)
------划分值:0.000,左节点损失:0.000,右节点损失:3.450,总损失:3.450
------划分值:1.000,左节点损失:3.450,右节点损失:0.000,总损失:3.450
('----划分特征：', 723)
------划分值:0.000,左节点损失:0.000,右节点损失:3.450,总损失:3.450
------划分值:1.000,左节点损失:3.450,右节点损失:0.000,总损失:3.450
('----划分特征：', 724)
------划分值:0.000,左节点损失:0.000,右节点损失:3.450,总损失:3.450
('----划分特征：', 725)
------划分值:0.000,左节点损失:0.000,右节点损失:3.450,总损失:3.450
('----划分特征：', 726)
------划分值:0.000,左节点损失:0.000,右节点损失:3.450,总损失:3.450
('----划分特征：', 727)
------划分值:0.000,左节点损失:0.000,右节点损失:3.450,总损失:3.450
('----划分特征：', 728)
------划分值:0.000,左节点损失:0.000,右节点损失:3.450,总损失:3.450
('----划分特征：', 729)
------划分值:0.000,左节点损失:0.000,右节点损失:3.450,总损失:3.450
('----划分特征：', 730)
------划分值:0.000,左节点损失:0.000,右节点损失:3.450,总损失:3.450
('----划分特征：', 731)
------划分值:0.000,左节点损失:0.000,右节点损失:3.450,总损失:3.450
('----划分特征：', 732)
------划分值:0.000,左节点损失:0.000,右节点损失:3.450,总损失:3.450
------划分值:1.000,左节点损失:3.450,右节点损失:0.000,总损失:3.450
('----划分特征：', 733)
------划分值:0.000,左节点损失:0.000,右节点损失:3.450,总损失:3.450
------划分值:1.000,左节点损失:3.450,右节点损失:0.000,总损失:3.450
('----划分特征：', 734)
------划分值:0.000,左节点损失:0.000,右节点损失:3.450,总损失:3.450
------划分值:1.000,左节点损失:3.449,右节点损失:0.000,总损失:3.449
('----划分特征：', 735)
------划分值:0.000,左节点损失:0.000,右节点损失:3.450,总损失:3.450
------划分值:1.000,左节点损失:3.447,右节点损失:0.000,总损失:3.447
('----划分特征：', 736)
------划分值:0.000,左节点损失:0.000,右节点损失:3.450,总损失:3.450
------划分值:1.000,左节点损失:3.445,右节点损失:0.000,总损失:3.445
('----划分特征：', 737)
------划分值:0.000,左节点损失:0.000,右节点损失:3.450,总损失:3.450
------划分值:1.000,左节点损失:3.443,右节点损失:0.000,总损失:3.443
('----划分特征：', 738)
------划分值:0.000,左节点损失:0.000,右节点损失:3.450,总损失:3.450
------划分值:1.000,左节点损失:3.441,右节点损失:0.000,总损失:3.441
('----划分特征：', 739)
------划分值:0.000,左节点损失:0.000,右节点损失:3.450,总损失:3.450
------划分值:1.000,左节点损失:3.441,右节点损失:0.000,总损失:3.441
('----划分特征：', 740)
------划分值:0.000,左节点损失:0.000,右节点损失:3.450,总损失:3.450
------划分值:1.000,左节点损失:3.442,右节点损失:0.000,总损失:3.442
('----划分特征：', 741)
------划分值:0.000,左节点损失:0.000,右节点损失:3.450,总损失:3.450
------划分值:1.000,左节点损失:3.443,右节点损失:0.000,总损失:3.443
('----划分特征：', 742)
------划分值:0.000,左节点损失:0.000,右节点损失:3.450,总损失:3.450
------划分值:1.000,左节点损失:3.443,右节点损失:0.000,总损失:3.443
('----划分特征：', 743)
------划分值:0.000,左节点损失:0.000,右节点损失:3.450,总损失:3.450
------划分值:1.000,左节点损失:3.445,右节点损失:0.000,总损失:3.445
('----划分特征：', 744)
------划分值:0.000,左节点损失:0.000,右节点损失:3.450,总损失:3.450
------划分值:1.000,左节点损失:3.445,右节点损失:0.000,总损失:3.445
('----划分特征：', 745)
------划分值:0.000,左节点损失:0.000,右节点损失:3.450,总损失:3.450
------划分值:1.000,左节点损失:3.446,右节点损失:0.000,总损失:3.446
('----划分特征：', 746)
------划分值:0.000,左节点损失:0.000,右节点损失:3.450,总损失:3.450
------划分值:1.000,左节点损失:3.447,右节点损失:0.000,总损失:3.447
('----划分特征：', 747)
------划分值:0.000,左节点损失:0.000,右节点损失:3.450,总损失:3.450
------划分值:1.000,左节点损失:3.449,右节点损失:0.000,总损失:3.449
('----划分特征：', 748)
------划分值:0.000,左节点损失:0.000,右节点损失:3.450,总损失:3.450
------划分值:1.000,左节点损失:3.449,右节点损失:0.000,总损失:3.449
('----划分特征：', 749)
------划分值:0.000,左节点损失:0.000,右节点损失:3.450,总损失:3.450
------划分值:1.000,左节点损失:3.450,右节点损失:0.000,总损失:3.450
('----划分特征：', 750)
------划分值:0.000,左节点损失:0.000,右节点损失:3.450,总损失:3.450
------划分值:1.000,左节点损失:3.450,右节点损失:0.000,总损失:3.450
('----划分特征：', 751)
------划分值:0.000,左节点损失:0.000,右节点损失:3.450,总损失:3.450
------划分值:1.000,左节点损失:3.450,右节点损失:0.000,总损失:3.450
('----划分特征：', 752)
------划分值:0.000,左节点损失:0.000,右节点损失:3.450,总损失:3.450
('----划分特征：', 753)
------划分值:0.000,左节点损失:0.000,右节点损失:3.450,总损失:3.450
('----划分特征：', 754)
------划分值:0.000,左节点损失:0.000,右节点损失:3.450,总损失:3.450
('----划分特征：', 755)
------划分值:0.000,左节点损失:0.000,右节点损失:3.450,总损失:3.450
('----划分特征：', 756)
------划分值:0.000,左节点损失:0.000,右节点损失:3.450,总损失:3.450
('----划分特征：', 757)
------划分值:0.000,左节点损失:0.000,右节点损失:3.450,总损失:3.450
('----划分特征：', 758)
------划分值:0.000,左节点损失:0.000,右节点损失:3.450,总损失:3.450
('----划分特征：', 759)
------划分值:0.000,左节点损失:0.000,右节点损失:3.450,总损失:3.450
('----划分特征：', 760)
------划分值:0.000,左节点损失:0.000,右节点损失:3.450,总损失:3.450
('----划分特征：', 761)
------划分值:0.000,左节点损失:0.000,右节点损失:3.450,总损失:3.450
------划分值:1.000,左节点损失:3.450,右节点损失:0.000,总损失:3.450
('----划分特征：', 762)
------划分值:0.000,左节点损失:0.000,右节点损失:3.450,总损失:3.450
------划分值:1.000,左节点损失:3.450,右节点损失:0.000,总损失:3.450
('----划分特征：', 763)
------划分值:0.000,左节点损失:0.000,右节点损失:3.450,总损失:3.450
------划分值:1.000,左节点损失:3.450,右节点损失:0.000,总损失:3.450
('----划分特征：', 764)
------划分值:0.000,左节点损失:0.000,右节点损失:3.450,总损失:3.450
------划分值:1.000,左节点损失:3.450,右节点损失:0.000,总损失:3.450
('----划分特征：', 765)
------划分值:0.000,左节点损失:0.000,右节点损失:3.450,总损失:3.450
------划分值:1.000,左节点损失:3.450,右节点损失:0.000,总损失:3.450
('----划分特征：', 766)
------划分值:0.000,左节点损失:0.000,右节点损失:3.450,总损失:3.450
------划分值:1.000,左节点损失:3.450,右节点损失:0.000,总损失:3.450
('----划分特征：', 767)
------划分值:0.000,左节点损失:0.000,右节点损失:3.450,总损失:3.450
------划分值:1.000,左节点损失:3.450,右节点损失:0.000,总损失:3.450
('----划分特征：', 768)
------划分值:0.000,左节点损失:0.000,右节点损失:3.450,总损失:3.450
------划分值:1.000,左节点损失:3.449,右节点损失:0.000,总损失:3.449
('----划分特征：', 769)
------划分值:0.000,左节点损失:0.000,右节点损失:3.450,总损失:3.450
------划分值:1.000,左节点损失:3.449,右节点损失:0.000,总损失:3.449
('----划分特征：', 770)
------划分值:0.000,左节点损失:0.000,右节点损失:3.450,总损失:3.450
------划分值:1.000,左节点损失:3.449,右节点损失:0.000,总损失:3.449
('----划分特征：', 771)
------划分值:0.000,左节点损失:0.000,右节点损失:3.450,总损失:3.450
------划分值:1.000,左节点损失:3.450,右节点损失:0.000,总损失:3.450
('----划分特征：', 772)
------划分值:0.000,左节点损失:0.000,右节点损失:3.450,总损失:3.450
------划分值:1.000,左节点损失:3.450,右节点损失:0.000,总损失:3.450
('----划分特征：', 773)
------划分值:0.000,左节点损失:0.000,右节点损失:3.450,总损失:3.450
------划分值:1.000,左节点损失:3.450,右节点损失:0.000,总损失:3.450
('----划分特征：', 774)
------划分值:0.000,左节点损失:0.000,右节点损失:3.450,总损失:3.450
------划分值:1.000,左节点损失:3.450,右节点损失:0.000,总损失:3.450
('----划分特征：', 775)
------划分值:0.000,左节点损失:0.000,右节点损失:3.450,总损失:3.450
------划分值:1.000,左节点损失:3.450,右节点损失:0.000,总损失:3.450
('----划分特征：', 776)
------划分值:0.000,左节点损失:0.000,右节点损失:3.450,总损失:3.450
------划分值:1.000,左节点损失:3.450,右节点损失:0.000,总损失:3.450
('----划分特征：', 777)
------划分值:0.000,左节点损失:0.000,右节点损失:3.450,总损失:3.450
------划分值:1.000,左节点损失:3.450,右节点损失:0.000,总损失:3.450
('----划分特征：', 778)
------划分值:0.000,左节点损失:0.000,右节点损失:3.450,总损失:3.450
('----划分特征：', 779)
------划分值:0.000,左节点损失:0.000,右节点损失:3.450,总损失:3.450
('----划分特征：', 780)
------划分值:0.000,左节点损失:0.000,右节点损失:3.450,总损失:3.450
('----划分特征：', 781)
------划分值:0.000,左节点损失:0.000,右节点损失:3.450,总损失:3.450
('----划分特征：', 782)
------划分值:0.000,左节点损失:0.000,右节点损失:3.450,总损失:3.450
('----划分特征：', 783)
------划分值:0.000,左节点损失:0.000,右节点损失:3.450,总损失:3.450
('----划分特征：', 'label')
------划分值:0.000,左节点损失:0.000,右节点损失:3.450,总损失:3.450
------划分值:1.000,左节点损失:0.000,右节点损失:0.000,总损失:0.000
('----划分特征：', 'f_0')
------划分值:-2.212,左节点损失:0.000,右节点损失:3.450,总损失:3.450
('----划分特征：', 'res_1')
------划分值:-0.099,左节点损失:0.000,右节点损失:3.450,总损失:3.450
------划分值:0.901,左节点损失:0.000,右节点损失:0.000,总损失:0.000
('----划分特征：', 'f_1')
------划分值:-2.323,左节点损失:0.000,右节点损失:3.450,总损失:3.450
------划分值:-1.199,左节点损失:0.000,右节点损失:0.000,总损失:0.000
('----划分特征：', 'res_2')
------划分值:-0.089,左节点损失:0.000,右节点损失:3.450,总损失:3.450
------划分值:0.768,左节点损失:0.000,右节点损失:0.000,总损失:0.000
('----划分特征：', 'f_2')
------划分值:-2.433,左节点损失:0.000,右节点损失:3.450,总损失:3.450
------划分值:-0.767,左节点损失:0.000,右节点损失:0.000,总损失:0.000
('----划分特征：', 'res_3')
------划分值:-0.081,左节点损失:0.000,右节点损失:3.450,总损失:3.450
------划分值:0.683,左节点损失:0.000,右节点损失:0.000,总损失:0.000
('----划分特征：', 'f_3')
------划分值:-2.542,左节点损失:0.000,右节点损失:3.450,总损失:3.450
------划分值:-0.452,左节点损失:0.000,右节点损失:0.000,总损失:0.000
('----划分特征：', 'res_4')
------划分值:-0.073,左节点损失:0.000,右节点损失:3.450,总损失:3.450
------划分值:0.611,左节点损失:0.000,右节点损失:0.000,总损失:0.000
('----划分特征：', 'f_4')
------划分值:-2.650,左节点损失:0.000,右节点损失:3.450,总损失:3.450
------划分值:-0.195,左节点损失:0.000,右节点损失:0.000,总损失:0.000
('----划分特征：', 'res_5')
------划分值:-0.066,左节点损失:0.000,右节点损失:3.450,总损失:3.450
------划分值:0.549,左节点损失:0.000,右节点损失:0.000,总损失:0.000
('----划分特征：', 'f_5')
------划分值:-2.757,左节点损失:0.000,右节点损失:3.450,总损失:3.450
------划分值:0.027,左节点损失:0.000,右节点损失:0.000,总损失:0.000
('----划分特征：', 'res_6')
------划分值:-0.060,左节点损失:0.000,右节点损失:3.450,总损失:3.450
------划分值:0.493,左节点损失:0.000,右节点损失:0.000,总损失:0.000
('----划分特征：', 'f_6')
------划分值:-2.863,左节点损失:0.000,右节点损失:3.450,总损失:3.450
------划分值:0.224,左节点损失:0.000,右节点损失:0.000,总损失:0.000
('----划分特征：', 'res_7')
------划分值:-0.054,左节点损失:0.000,右节点损失:3.450,总损失:3.450
------划分值:0.444,左节点损失:0.000,右节点损失:0.000,总损失:0.000
('----划分特征：', 'f_7')
------划分值:-2.969,左节点损失:0.000,右节点损失:3.450,总损失:3.450
------划分值:0.404,左节点损失:0.000,右节点损失:0.000,总损失:0.000
('----划分特征：', 'res_8')
------划分值:-0.049,左节点损失:0.000,右节点损失:3.450,总损失:3.450
------划分值:0.400,左节点损失:0.000,右节点损失:0.000,总损失:0.000
('----划分特征：', 'f_8')
------划分值:-3.074,左节点损失:0.000,右节点损失:3.450,总损失:3.450
------划分值:0.571,左节点损失:0.000,右节点损失:0.000,总损失:0.000
('----划分特征：', 'res_9')
------划分值:-0.044,左节点损失:0.000,右节点损失:3.450,总损失:3.450
------划分值:0.361,左节点损失:0.000,右节点损失:0.000,总损失:0.000
('----划分特征：', 'f_9')
------划分值:-3.178,左节点损失:0.000,右节点损失:3.450,总损失:3.450
------划分值:0.727,左节点损失:0.000,右节点损失:0.000,总损失:0.000
('----划分特征：', 'res_10')
------划分值:-0.040,左节点损失:0.000,右节点损失:3.450,总损失:3.450
------划分值:0.326,左节点损失:0.000,右节点损失:0.000,总损失:0.000
('--最佳划分特征：', 'label')
('--最佳划分值：', 1)
('叶子节点预测值：', -1.0089877204750193)
('叶子节点预测值：', 1.077011549603034)
第25棵树: log-likelihood:7.2700
