-----------------------------构建第20颗树-----------------------------
--树的深度：0
('----划分特征：', 1)
------划分值:0.000,左节点损失:0.000,右节点损失:9.423,总损失:9.423
('----划分特征：', 2)
------划分值:0.000,左节点损失:0.000,右节点损失:9.423,总损失:9.423
('----划分特征：', 3)
------划分值:0.000,左节点损失:0.000,右节点损失:9.423,总损失:9.423
('----划分特征：', 4)
------划分值:0.000,左节点损失:0.000,右节点损失:9.423,总损失:9.423
('----划分特征：', 5)
------划分值:0.000,左节点损失:0.000,右节点损失:9.423,总损失:9.423
('----划分特征：', 6)
------划分值:0.000,左节点损失:0.000,右节点损失:9.423,总损失:9.423
('----划分特征：', 7)
------划分值:0.000,左节点损失:0.000,右节点损失:9.423,总损失:9.423
('----划分特征：', 8)
------划分值:0.000,左节点损失:0.000,右节点损失:9.423,总损失:9.423
('----划分特征：', 9)
------划分值:0.000,左节点损失:0.000,右节点损失:9.423,总损失:9.423
('----划分特征：', 10)
------划分值:0.000,左节点损失:0.000,右节点损失:9.423,总损失:9.423
('----划分特征：', 11)
------划分值:0.000,左节点损失:0.000,右节点损失:9.423,总损失:9.423
('----划分特征：', 12)
------划分值:0.000,左节点损失:0.000,右节点损失:9.423,总损失:9.423
('----划分特征：', 13)
------划分值:0.000,左节点损失:0.000,右节点损失:9.423,总损失:9.423
('----划分特征：', 14)
------划分值:0.000,左节点损失:0.000,右节点损失:9.423,总损失:9.423
('----划分特征：', 15)
------划分值:0.000,左节点损失:0.000,右节点损失:9.423,总损失:9.423
('----划分特征：', 16)
------划分值:0.000,左节点损失:0.000,右节点损失:9.423,总损失:9.423
('----划分特征：', 17)
------划分值:0.000,左节点损失:0.000,右节点损失:9.423,总损失:9.423
('----划分特征：', 18)
------划分值:0.000,左节点损失:0.000,右节点损失:9.423,总损失:9.423
('----划分特征：', 19)
------划分值:0.000,左节点损失:0.000,右节点损失:9.423,总损失:9.423
('----划分特征：', 20)
------划分值:0.000,左节点损失:0.000,右节点损失:9.423,总损失:9.423
('----划分特征：', 21)
------划分值:0.000,左节点损失:0.000,右节点损失:9.423,总损失:9.423
('----划分特征：', 22)
------划分值:0.000,左节点损失:0.000,右节点损失:9.423,总损失:9.423
('----划分特征：', 23)
------划分值:0.000,左节点损失:0.000,右节点损失:9.423,总损失:9.423
('----划分特征：', 24)
------划分值:0.000,左节点损失:0.000,右节点损失:9.423,总损失:9.423
('----划分特征：', 25)
------划分值:0.000,左节点损失:0.000,右节点损失:9.423,总损失:9.423
('----划分特征：', 26)
------划分值:0.000,左节点损失:0.000,右节点损失:9.423,总损失:9.423
('----划分特征：', 27)
------划分值:0.000,左节点损失:0.000,右节点损失:9.423,总损失:9.423
('----划分特征：', 28)
------划分值:0.000,左节点损失:0.000,右节点损失:9.423,总损失:9.423
('----划分特征：', 29)
------划分值:0.000,左节点损失:0.000,右节点损失:9.423,总损失:9.423
('----划分特征：', 30)
------划分值:0.000,左节点损失:0.000,右节点损失:9.423,总损失:9.423
('----划分特征：', 31)
------划分值:0.000,左节点损失:0.000,右节点损失:9.423,总损失:9.423
('----划分特征：', 32)
------划分值:0.000,左节点损失:0.000,右节点损失:9.423,总损失:9.423
('----划分特征：', 33)
------划分值:0.000,左节点损失:0.000,右节点损失:9.423,总损失:9.423
('----划分特征：', 34)
------划分值:0.000,左节点损失:0.000,右节点损失:9.423,总损失:9.423
('----划分特征：', 35)
------划分值:0.000,左节点损失:0.000,右节点损失:9.423,总损失:9.423
('----划分特征：', 36)
------划分值:0.000,左节点损失:0.000,右节点损失:9.423,总损失:9.423
------划分值:1.000,左节点损失:9.423,右节点损失:0.000,总损失:9.423
('----划分特征：', 37)
------划分值:0.000,左节点损失:0.000,右节点损失:9.423,总损失:9.423
------划分值:1.000,左节点损失:9.423,右节点损失:0.000,总损失:9.423
('----划分特征：', 38)
------划分值:0.000,左节点损失:0.000,右节点损失:9.423,总损失:9.423
------划分值:1.000,左节点损失:9.423,右节点损失:0.000,总损失:9.423
('----划分特征：', 39)
------划分值:0.000,左节点损失:0.000,右节点损失:9.423,总损失:9.423
------划分值:1.000,左节点损失:9.423,右节点损失:0.000,总损失:9.423
('----划分特征：', 40)
------划分值:0.000,左节点损失:0.000,右节点损失:9.423,总损失:9.423
------划分值:1.000,左节点损失:9.423,右节点损失:0.000,总损失:9.423
('----划分特征：', 41)
------划分值:0.000,左节点损失:0.000,右节点损失:9.423,总损失:9.423
------划分值:1.000,左节点损失:9.423,右节点损失:0.000,总损失:9.423
('----划分特征：', 42)
------划分值:0.000,左节点损失:0.000,右节点损失:9.423,总损失:9.423
------划分值:1.000,左节点损失:9.423,右节点损失:0.000,总损失:9.423
('----划分特征：', 43)
------划分值:0.000,左节点损失:0.000,右节点损失:9.423,总损失:9.423
------划分值:1.000,左节点损失:9.423,右节点损失:0.000,总损失:9.423
('----划分特征：', 44)
------划分值:0.000,左节点损失:0.000,右节点损失:9.423,总损失:9.423
------划分值:1.000,左节点损失:9.422,右节点损失:0.000,总损失:9.422
('----划分特征：', 45)
------划分值:0.000,左节点损失:0.000,右节点损失:9.423,总损失:9.423
------划分值:1.000,左节点损失:9.423,右节点损失:0.000,总损失:9.423
('----划分特征：', 46)
------划分值:0.000,左节点损失:0.000,右节点损失:9.423,总损失:9.423
------划分值:1.000,左节点损失:9.423,右节点损失:0.000,总损失:9.423
('----划分特征：', 47)
------划分值:0.000,左节点损失:0.000,右节点损失:9.423,总损失:9.423
------划分值:1.000,左节点损失:9.423,右节点损失:0.000,总损失:9.423
('----划分特征：', 48)
------划分值:0.000,左节点损失:0.000,右节点损失:9.423,总损失:9.423
------划分值:1.000,左节点损失:9.423,右节点损失:0.000,总损失:9.423
('----划分特征：', 49)
------划分值:0.000,左节点损失:0.000,右节点损失:9.423,总损失:9.423
------划分值:1.000,左节点损失:9.423,右节点损失:0.000,总损失:9.423
('----划分特征：', 50)
------划分值:0.000,左节点损失:0.000,右节点损失:9.423,总损失:9.423
------划分值:1.000,左节点损失:9.423,右节点损失:0.000,总损失:9.423
('----划分特征：', 51)
------划分值:0.000,左节点损失:0.000,右节点损失:9.423,总损失:9.423
('----划分特征：', 52)
------划分值:0.000,左节点损失:0.000,右节点损失:9.423,总损失:9.423
('----划分特征：', 53)
------划分值:0.000,左节点损失:0.000,右节点损失:9.423,总损失:9.423
('----划分特征：', 54)
------划分值:0.000,左节点损失:0.000,右节点损失:9.423,总损失:9.423
('----划分特征：', 55)
------划分值:0.000,左节点损失:0.000,右节点损失:9.423,总损失:9.423
('----划分特征：', 56)
------划分值:0.000,左节点损失:0.000,右节点损失:9.423,总损失:9.423
('----划分特征：', 57)
------划分值:0.000,左节点损失:0.000,右节点损失:9.423,总损失:9.423
('----划分特征：', 58)
------划分值:0.000,左节点损失:0.000,右节点损失:9.423,总损失:9.423
('----划分特征：', 59)
------划分值:0.000,左节点损失:0.000,右节点损失:9.423,总损失:9.423
('----划分特征：', 60)
------划分值:0.000,左节点损失:0.000,右节点损失:9.423,总损失:9.423
('----划分特征：', 61)
------划分值:0.000,左节点损失:0.000,右节点损失:9.423,总损失:9.423
('----划分特征：', 62)
------划分值:0.000,左节点损失:0.000,右节点损失:9.423,总损失:9.423
('----划分特征：', 63)
------划分值:0.000,左节点损失:0.000,右节点损失:9.423,总损失:9.423
('----划分特征：', 64)
------划分值:0.000,左节点损失:0.000,右节点损失:9.423,总损失:9.423
------划分值:1.000,左节点损失:9.423,右节点损失:0.000,总损失:9.423
('----划分特征：', 65)
------划分值:0.000,左节点损失:0.000,右节点损失:9.423,总损失:9.423
------划分值:1.000,左节点损失:9.422,右节点损失:0.000,总损失:9.422
('----划分特征：', 66)
------划分值:0.000,左节点损失:0.000,右节点损失:9.423,总损失:9.423
------划分值:1.000,左节点损失:9.421,右节点损失:0.000,总损失:9.421
('----划分特征：', 67)
------划分值:0.000,左节点损失:0.000,右节点损失:9.423,总损失:9.423
------划分值:1.000,左节点损失:9.420,右节点损失:0.000,总损失:9.420
('----划分特征：', 68)
------划分值:0.000,左节点损失:0.000,右节点损失:9.423,总损失:9.423
------划分值:1.000,左节点损失:9.418,右节点损失:0.000,总损失:9.418
('----划分特征：', 69)
------划分值:0.000,左节点损失:0.000,右节点损失:9.423,总损失:9.423
------划分值:1.000,左节点损失:9.418,右节点损失:0.000,总损失:9.418
('----划分特征：', 70)
------划分值:0.000,左节点损失:0.000,右节点损失:9.423,总损失:9.423
------划分值:1.000,左节点损失:9.413,右节点损失:0.000,总损失:9.413
('----划分特征：', 71)
------划分值:0.000,左节点损失:0.000,右节点损失:9.423,总损失:9.423
------划分值:1.000,左节点损失:9.411,右节点损失:0.000,总损失:9.411
('----划分特征：', 72)
------划分值:0.000,左节点损失:0.000,右节点损失:9.423,总损失:9.423
------划分值:1.000,左节点损失:9.404,右节点损失:0.000,总损失:9.404
('----划分特征：', 73)
------划分值:0.000,左节点损失:0.000,右节点损失:9.423,总损失:9.423
------划分值:1.000,左节点损失:9.404,右节点损失:0.000,总损失:9.404
('----划分特征：', 74)
------划分值:0.000,左节点损失:0.000,右节点损失:9.423,总损失:9.423
------划分值:1.000,左节点损失:9.408,右节点损失:0.000,总损失:9.408
('----划分特征：', 75)
------划分值:0.000,左节点损失:0.000,右节点损失:9.423,总损失:9.423
------划分值:1.000,左节点损失:9.413,右节点损失:0.000,总损失:9.413
('----划分特征：', 76)
------划分值:0.000,左节点损失:0.000,右节点损失:9.423,总损失:9.423
------划分值:1.000,左节点损失:9.419,右节点损失:0.000,总损失:9.419
('----划分特征：', 77)
------划分值:0.000,左节点损失:0.000,右节点损失:9.423,总损失:9.423
------划分值:1.000,左节点损失:9.422,右节点损失:0.000,总损失:9.422
('----划分特征：', 78)
------划分值:0.000,左节点损失:0.000,右节点损失:9.423,总损失:9.423
------划分值:1.000,左节点损失:9.423,右节点损失:0.000,总损失:9.423
('----划分特征：', 79)
------划分值:0.000,左节点损失:0.000,右节点损失:9.423,总损失:9.423
------划分值:1.000,左节点损失:9.423,右节点损失:0.000,总损失:9.423
('----划分特征：', 80)
------划分值:0.000,左节点损失:0.000,右节点损失:9.423,总损失:9.423
('----划分特征：', 81)
------划分值:0.000,左节点损失:0.000,右节点损失:9.423,总损失:9.423
('----划分特征：', 82)
------划分值:0.000,左节点损失:0.000,右节点损失:9.423,总损失:9.423
('----划分特征：', 83)
------划分值:0.000,左节点损失:0.000,右节点损失:9.423,总损失:9.423
('----划分特征：', 84)
------划分值:0.000,左节点损失:0.000,右节点损失:9.423,总损失:9.423
('----划分特征：', 85)
------划分值:0.000,左节点损失:0.000,右节点损失:9.423,总损失:9.423
('----划分特征：', 86)
------划分值:0.000,左节点损失:0.000,右节点损失:9.423,总损失:9.423
('----划分特征：', 87)
------划分值:0.000,左节点损失:0.000,右节点损失:9.423,总损失:9.423
('----划分特征：', 88)
------划分值:0.000,左节点损失:0.000,右节点损失:9.423,总损失:9.423
('----划分特征：', 89)
------划分值:0.000,左节点损失:0.000,右节点损失:9.423,总损失:9.423
------划分值:1.000,左节点损失:9.423,右节点损失:0.000,总损失:9.423
('----划分特征：', 90)
------划分值:0.000,左节点损失:0.000,右节点损失:9.423,总损失:9.423
------划分值:1.000,左节点损失:9.422,右节点损失:0.000,总损失:9.422
('----划分特征：', 91)
------划分值:0.000,左节点损失:0.000,右节点损失:9.423,总损失:9.423
------划分值:1.000,左节点损失:9.422,右节点损失:0.000,总损失:9.422
('----划分特征：', 92)
------划分值:0.000,左节点损失:0.000,右节点损失:9.423,总损失:9.423
------划分值:1.000,左节点损失:9.420,右节点损失:0.000,总损失:9.420
('----划分特征：', 93)
------划分值:0.000,左节点损失:0.000,右节点损失:9.423,总损失:9.423
------划分值:1.000,左节点损失:9.417,右节点损失:0.000,总损失:9.417
('----划分特征：', 94)
------划分值:0.000,左节点损失:0.000,右节点损失:9.423,总损失:9.423
------划分值:1.000,左节点损失:9.411,右节点损失:0.000,总损失:9.411
('----划分特征：', 95)
------划分值:0.000,左节点损失:0.000,右节点损失:9.423,总损失:9.423
------划分值:1.000,左节点损失:9.391,右节点损失:0.017,总损失:9.409
('----划分特征：', 96)
------划分值:0.000,左节点损失:0.000,右节点损失:9.423,总损失:9.423
------划分值:1.000,左节点损失:9.341,右节点损失:0.069,总损失:9.410
('----划分特征：', 97)
------划分值:0.000,左节点损失:0.000,右节点损失:9.423,总损失:9.423
------划分值:1.000,左节点损失:9.290,右节点损失:0.119,总损失:9.409
('----划分特征：', 98)
------划分值:0.000,左节点损失:0.000,右节点损失:9.423,总损失:9.423
------划分值:1.000,左节点损失:9.237,右节点损失:0.170,总损失:9.407
('----划分特征：', 99)
------划分值:0.000,左节点损失:0.000,右节点损失:9.423,总损失:9.423
------划分值:1.000,左节点损失:9.212,右节点损失:0.188,总损失:9.399
('----划分特征：', 100)
------划分值:0.000,左节点损失:0.000,右节点损失:9.423,总损失:9.423
------划分值:1.000,左节点损失:9.231,右节点损失:0.155,总损失:9.386
('----划分特征：', 101)
------划分值:0.000,左节点损失:0.000,右节点损失:9.423,总损失:9.423
------划分值:1.000,左节点损失:9.249,右节点损失:0.138,总损失:9.387
('----划分特征：', 102)
------划分值:0.000,左节点损失:0.000,右节点损失:9.423,总损失:9.423
------划分值:1.000,左节点损失:9.320,右节点损失:0.070,总损失:9.390
('----划分特征：', 103)
------划分值:0.000,左节点损失:0.000,右节点损失:9.423,总损失:9.423
------划分值:1.000,左节点损失:9.321,右节点损失:0.086,总损失:9.407
('----划分特征：', 104)
------划分值:0.000,左节点损失:0.000,右节点损失:9.423,总损失:9.423
------划分值:1.000,左节点损失:9.379,右节点损失:0.035,总损失:9.414
('----划分特征：', 105)
------划分值:0.000,左节点损失:0.000,右节点损失:9.423,总损失:9.423
------划分值:1.000,左节点损失:9.416,右节点损失:0.000,总损失:9.416
('----划分特征：', 106)
------划分值:0.000,左节点损失:0.000,右节点损失:9.423,总损失:9.423
------划分值:1.000,左节点损失:9.421,右节点损失:0.000,总损失:9.421
('----划分特征：', 107)
------划分值:0.000,左节点损失:0.000,右节点损失:9.423,总损失:9.423
------划分值:1.000,左节点损失:9.423,右节点损失:0.000,总损失:9.423
('----划分特征：', 108)
------划分值:0.000,左节点损失:0.000,右节点损失:9.423,总损失:9.423
------划分值:1.000,左节点损失:9.423,右节点损失:0.000,总损失:9.423
('----划分特征：', 109)
------划分值:0.000,左节点损失:0.000,右节点损失:9.423,总损失:9.423
('----划分特征：', 110)
------划分值:0.000,左节点损失:0.000,右节点损失:9.423,总损失:9.423
('----划分特征：', 111)
------划分值:0.000,左节点损失:0.000,右节点损失:9.423,总损失:9.423
('----划分特征：', 112)
------划分值:0.000,左节点损失:0.000,右节点损失:9.423,总损失:9.423
('----划分特征：', 113)
------划分值:0.000,左节点损失:0.000,右节点损失:9.423,总损失:9.423
('----划分特征：', 114)
------划分值:0.000,左节点损失:0.000,右节点损失:9.423,总损失:9.423
('----划分特征：', 115)
------划分值:0.000,左节点损失:0.000,右节点损失:9.423,总损失:9.423
('----划分特征：', 116)
------划分值:0.000,左节点损失:0.000,右节点损失:9.423,总损失:9.423
------划分值:1.000,左节点损失:9.423,右节点损失:0.000,总损失:9.423
('----划分特征：', 117)
------划分值:0.000,左节点损失:0.000,右节点损失:9.423,总损失:9.423
------划分值:1.000,左节点损失:9.422,右节点损失:0.000,总损失:9.422
('----划分特征：', 118)
------划分值:0.000,左节点损失:0.000,右节点损失:9.423,总损失:9.423
------划分值:1.000,左节点损失:9.420,右节点损失:0.000,总损失:9.420
('----划分特征：', 119)
------划分值:0.000,左节点损失:0.000,右节点损失:9.423,总损失:9.423
------划分值:1.000,左节点损失:9.417,右节点损失:0.000,总损失:9.417
('----划分特征：', 120)
------划分值:0.000,左节点损失:0.000,右节点损失:9.423,总损失:9.423
------划分值:1.000,左节点损失:9.409,右节点损失:0.000,总损失:9.409
('----划分特征：', 121)
------划分值:0.000,左节点损失:0.000,右节点损失:9.423,总损失:9.423
------划分值:1.000,左节点损失:9.354,右节点损失:0.052,总损失:9.406
('----划分特征：', 122)
------划分值:0.000,左节点损失:0.000,右节点损失:9.423,总损失:9.423
------划分值:1.000,左节点损失:9.222,右节点损失:0.186,总损失:9.408
('----划分特征：', 123)
------划分值:0.000,左节点损失:0.000,右节点损失:9.423,总损失:9.423
------划分值:1.000,左节点损失:9.000,右节点损失:0.414,总损失:9.414
('----划分特征：', 124)
------划分值:0.000,左节点损失:0.000,右节点损失:9.423,总损失:9.423
------划分值:1.000,左节点损失:8.503,右节点损失:0.920,总损失:9.423
('----划分特征：', 125)
------划分值:0.000,左节点损失:0.000,右节点损失:9.423,总损失:9.423
------划分值:1.000,左节点损失:7.798,右节点损失:1.605,总损失:9.403
('----划分特征：', 126)
------划分值:0.000,左节点损失:0.000,右节点损失:9.423,总损失:9.423
------划分值:1.000,左节点损失:7.581,右节点损失:1.832,总损失:9.413
('----划分特征：', 127)
------划分值:0.000,左节点损失:0.000,右节点损失:9.423,总损失:9.423
------划分值:1.000,左节点损失:7.128,右节点损失:2.268,总损失:9.396
('----划分特征：', 128)
------划分值:0.000,左节点损失:0.000,右节点损失:9.423,总损失:9.423
------划分值:1.000,左节点损失:6.905,右节点损失:2.473,总损失:9.379
('----划分特征：', 129)
------划分值:0.000,左节点损失:0.000,右节点损失:9.423,总损失:9.423
------划分值:1.000,左节点损失:7.108,右节点损失:2.272,总损失:9.381
('----划分特征：', 130)
------划分值:0.000,左节点损失:0.000,右节点损失:9.423,总损失:9.423
------划分值:1.000,左节点损失:7.442,右节点损失:1.932,总损失:9.374
('----划分特征：', 131)
------划分值:0.000,左节点损失:0.000,右节点损失:9.423,总损失:9.423
------划分值:1.000,左节点损失:7.866,右节点损失:1.503,总损失:9.369
('----划分特征：', 132)
------划分值:0.000,左节点损失:0.000,右节点损失:9.423,总损失:9.423
------划分值:1.000,左节点损失:8.405,右节点损失:0.977,总损失:9.382
('----划分特征：', 133)
------划分值:0.000,左节点损失:0.000,右节点损失:9.423,总损失:9.423
------划分值:1.000,左节点损失:8.965,右节点损失:0.446,总损失:9.411
('----划分特征：', 134)
------划分值:0.000,左节点损失:0.000,右节点损失:9.423,总损失:9.423
------划分值:1.000,左节点损失:9.250,右节点损失:0.174,总损失:9.423
('----划分特征：', 135)
------划分值:0.000,左节点损失:0.000,右节点损失:9.423,总损失:9.423
------划分值:1.000,左节点损失:9.387,右节点损失:0.034,总损失:9.421
('----划分特征：', 136)
------划分值:0.000,左节点损失:0.000,右节点损失:9.423,总损失:9.423
------划分值:1.000,左节点损失:9.407,右节点损失:0.016,总损失:9.423
('----划分特征：', 137)
------划分值:0.000,左节点损失:0.000,右节点损失:9.423,总损失:9.423
('----划分特征：', 138)
------划分值:0.000,左节点损失:0.000,右节点损失:9.423,总损失:9.423
('----划分特征：', 139)
------划分值:0.000,左节点损失:0.000,右节点损失:9.423,总损失:9.423
('----划分特征：', 140)
------划分值:0.000,左节点损失:0.000,右节点损失:9.423,总损失:9.423
('----划分特征：', 141)
------划分值:0.000,左节点损失:0.000,右节点损失:9.423,总损失:9.423
('----划分特征：', 142)
------划分值:0.000,左节点损失:0.000,右节点损失:9.423,总损失:9.423
('----划分特征：', 143)
------划分值:0.000,左节点损失:0.000,右节点损失:9.423,总损失:9.423
------划分值:1.000,左节点损失:9.423,右节点损失:0.000,总损失:9.423
('----划分特征：', 144)
------划分值:0.000,左节点损失:0.000,右节点损失:9.423,总损失:9.423
------划分值:1.000,左节点损失:9.422,右节点损失:0.000,总损失:9.422
('----划分特征：', 145)
------划分值:0.000,左节点损失:0.000,右节点损失:9.423,总损失:9.423
------划分值:1.000,左节点损失:9.417,右节点损失:0.000,总损失:9.417
('----划分特征：', 146)
------划分值:0.000,左节点损失:0.000,右节点损失:9.423,总损失:9.423
------划分值:1.000,左节点损失:9.411,右节点损失:0.000,总损失:9.411
('----划分特征：', 147)
------划分值:0.000,左节点损失:0.000,右节点损失:9.423,总损失:9.423
------划分值:1.000,左节点损失:9.384,右节点损失:0.018,总损失:9.402
('----划分特征：', 148)
------划分值:0.000,左节点损失:0.000,右节点损失:9.423,总损失:9.423
------划分值:1.000,左节点损失:9.337,右节点损失:0.052,总损失:9.389
('----划分特征：', 149)
------划分值:0.000,左节点损失:0.000,右节点损失:9.423,总损失:9.423
------划分值:1.000,左节点损失:9.109,右节点损失:0.288,总损失:9.397
('----划分特征：', 150)
------划分值:0.000,左节点损失:0.000,右节点损失:9.423,总损失:9.423
------划分值:1.000,左节点损失:8.717,右节点损失:0.693,总损失:9.410
('----划分特征：', 151)
------划分值:0.000,左节点损失:0.000,右节点损失:9.423,总损失:9.423
------划分值:1.000,左节点损失:7.899,右节点损失:1.524,总损失:9.423
('----划分特征：', 152)
------划分值:0.000,左节点损失:0.000,右节点损失:9.423,总损失:9.423
------划分值:1.000,左节点损失:6.917,右节点损失:2.485,总损失:9.402
('----划分特征：', 153)
------划分值:0.000,左节点损失:0.000,右节点损失:9.423,总损失:9.423
------划分值:1.000,左节点损失:5.934,右节点损失:3.434,总损失:9.368
('----划分特征：', 154)
------划分值:0.000,左节点损失:0.000,右节点损失:9.423,总损失:9.423
------划分值:1.000,左节点损失:4.705,右节点损失:4.564,总损失:9.269
('----划分特征：', 155)
------划分值:0.000,左节点损失:0.000,右节点损失:9.423,总损失:9.423
------划分值:1.000,左节点损失:3.893,右节点损失:5.283,总损失:9.176
('----划分特征：', 156)
------划分值:0.000,左节点损失:0.000,右节点损失:9.423,总损失:9.423
------划分值:1.000,左节点损失:3.567,右节点损失:5.524,总损失:9.091
('----划分特征：', 157)
------划分值:1.000,左节点损失:4.060,右节点损失:5.079,总损失:9.139
------划分值:0.000,左节点损失:0.000,右节点损失:9.423,总损失:9.423
('----划分特征：', 158)
------划分值:1.000,左节点损失:4.790,右节点损失:4.384,总损失:9.174
------划分值:0.000,左节点损失:0.000,右节点损失:9.423,总损失:9.423
('----划分特征：', 159)
------划分值:0.000,左节点损失:0.000,右节点损失:9.423,总损失:9.423
------划分值:1.000,左节点损失:6.129,右节点损失:3.147,总损失:9.276
('----划分特征：', 160)
------划分值:1.000,左节点损失:7.253,右节点损失:2.086,总损失:9.340
------划分值:0.000,左节点损失:0.000,右节点损失:9.423,总损失:9.423
('----划分特征：', 161)
------划分值:1.000,左节点损失:8.228,右节点损失:1.166,总损失:9.394
------划分值:0.000,左节点损失:0.000,右节点损失:9.423,总损失:9.423
('----划分特征：', 162)
------划分值:1.000,左节点损失:8.865,右节点损失:0.554,总损失:9.419
------划分值:0.000,左节点损失:0.000,右节点损失:9.423,总损失:9.423
('----划分特征：', 163)
------划分值:0.000,左节点损失:0.000,右节点损失:9.423,总损失:9.423
------划分值:1.000,左节点损失:9.227,右节点损失:0.195,总损失:9.422
('----划分特征：', 164)
------划分值:0.000,左节点损失:0.000,右节点损失:9.423,总损失:9.423
------划分值:1.000,左节点损失:9.384,右节点损失:0.034,总损失:9.418
('----划分特征：', 165)
------划分值:0.000,左节点损失:0.000,右节点损失:9.423,总损失:9.423
------划分值:1.000,左节点损失:9.421,右节点损失:0.000,总损失:9.421
('----划分特征：', 166)
------划分值:0.000,左节点损失:0.000,右节点损失:9.423,总损失:9.423
------划分值:1.000,左节点损失:9.423,右节点损失:0.000,总损失:9.423
('----划分特征：', 167)
------划分值:0.000,左节点损失:0.000,右节点损失:9.423,总损失:9.423
('----划分特征：', 168)
------划分值:0.000,左节点损失:0.000,右节点损失:9.423,总损失:9.423
('----划分特征：', 169)
------划分值:0.000,左节点损失:0.000,右节点损失:9.423,总损失:9.423
('----划分特征：', 170)
------划分值:0.000,左节点损失:0.000,右节点损失:9.423,总损失:9.423
('----划分特征：', 171)
------划分值:0.000,左节点损失:0.000,右节点损失:9.423,总损失:9.423
------划分值:1.000,左节点损失:9.423,右节点损失:0.000,总损失:9.423
('----划分特征：', 172)
------划分值:0.000,左节点损失:0.000,右节点损失:9.423,总损失:9.423
------划分值:1.000,左节点损失:9.420,右节点损失:0.000,总损失:9.420
('----划分特征：', 173)
------划分值:0.000,左节点损失:0.000,右节点损失:9.423,总损失:9.423
------划分值:1.000,左节点损失:9.399,右节点损失:0.017,总损失:9.416
('----划分特征：', 174)
------划分值:0.000,左节点损失:0.000,右节点损失:9.423,总损失:9.423
------划分值:1.000,左节点损失:9.385,右节点损失:0.018,总损失:9.402
('----划分特征：', 175)
------划分值:0.000,左节点损失:0.000,右节点损失:9.423,总损失:9.423
------划分值:1.000,左节点损失:9.342,右节点损失:0.035,总损失:9.377
('----划分特征：', 176)
------划分值:0.000,左节点损失:0.000,右节点损失:9.423,总损失:9.423
------划分值:1.000,左节点损失:9.069,右节点损失:0.322,总损失:9.391
('----划分特征：', 177)
------划分值:0.000,左节点损失:0.000,右节点损失:9.423,总损失:9.423
------划分值:1.000,左节点损失:8.495,右节点损失:0.918,总损失:9.412
('----划分特征：', 178)
------划分值:0.000,左节点损失:0.000,右节点损失:9.423,总损失:9.423
------划分值:1.000,左节点损失:7.637,右节点损失:1.787,总损失:9.423
('----划分特征：', 179)
------划分值:1.000,左节点损失:6.384,右节点损失:3.014,总损失:9.398
------划分值:0.000,左节点损失:0.000,右节点损失:9.423,总损失:9.423
('----划分特征：', 180)
------划分值:1.000,左节点损失:5.350,右节点损失:4.014,总损失:9.364
------划分值:0.000,左节点损失:0.000,右节点损失:9.423,总损失:9.423
('----划分特征：', 181)
------划分值:1.000,左节点损失:4.165,右节点损失:5.144,总损失:9.309
------划分值:0.000,左节点损失:0.000,右节点损失:9.423,总损失:9.423
('----划分特征：', 182)
------划分值:1.000,左节点损失:2.967,右节点损失:6.245,总损失:9.212
------划分值:0.000,左节点损失:0.000,右节点损失:9.423,总损失:9.423
('----划分特征：', 183)
------划分值:1.000,左节点损失:2.132,右节点损失:6.946,总损失:9.078
------划分值:0.000,左节点损失:0.000,右节点损失:9.423,总损失:9.423
('----划分特征：', 184)
------划分值:1.000,左节点损失:2.003,右节点损失:7.024,总损失:9.027
------划分值:0.000,左节点损失:0.000,右节点损失:9.423,总损失:9.423
('----划分特征：', 185)
------划分值:1.000,左节点损失:2.334,右节点损失:6.687,总损失:9.021
------划分值:0.000,左节点损失:0.000,右节点损失:9.423,总损失:9.423
('----划分特征：', 186)
------划分值:1.000,左节点损失:2.973,右节点损失:6.046,总损失:9.020
------划分值:0.000,左节点损失:0.000,右节点损失:9.423,总损失:9.423
('----划分特征：', 187)
------划分值:1.000,左节点损失:4.241,右节点损失:4.871,总损失:9.111
------划分值:0.000,左节点损失:0.000,右节点损失:9.423,总损失:9.423
('----划分特征：', 188)
------划分值:1.000,左节点损失:5.690,右节点损失:3.506,总损失:9.196
------划分值:0.000,左节点损失:0.000,右节点损失:9.423,总损失:9.423
('----划分特征：', 189)
------划分值:1.000,左节点损失:7.210,右节点损失:2.119,总损失:9.329
------划分值:0.000,左节点损失:0.000,右节点损失:9.423,总损失:9.423
('----划分特征：', 190)
------划分值:1.000,左节点损失:8.314,右节点损失:1.091,总损失:9.405
------划分值:0.000,左节点损失:0.000,右节点损失:9.423,总损失:9.423
('----划分特征：', 191)
------划分值:0.000,左节点损失:0.000,右节点损失:9.423,总损失:9.423
------划分值:1.000,左节点损失:9.052,右节点损失:0.371,总损失:9.423
('----划分特征：', 192)
------划分值:0.000,左节点损失:0.000,右节点损失:9.423,总损失:9.423
------划分值:1.000,左节点损失:9.344,右节点损失:0.069,总损失:9.412
('----划分特征：', 193)
------划分值:0.000,左节点损失:0.000,右节点损失:9.423,总损失:9.423
------划分值:1.000,左节点损失:9.417,右节点损失:0.000,总损失:9.417
('----划分特征：', 194)
------划分值:0.000,左节点损失:0.000,右节点损失:9.423,总损失:9.423
------划分值:1.000,左节点损失:9.422,右节点损失:0.000,总损失:9.422
('----划分特征：', 195)
------划分值:0.000,左节点损失:0.000,右节点损失:9.423,总损失:9.423
------划分值:1.000,左节点损失:9.423,右节点损失:0.000,总损失:9.423
('----划分特征：', 196)
------划分值:0.000,左节点损失:0.000,右节点损失:9.423,总损失:9.423
('----划分特征：', 197)
------划分值:0.000,左节点损失:0.000,右节点损失:9.423,总损失:9.423
------划分值:1.000,左节点损失:9.423,右节点损失:0.000,总损失:9.423
('----划分特征：', 198)
------划分值:0.000,左节点损失:0.000,右节点损失:9.423,总损失:9.423
------划分值:1.000,左节点损失:9.423,右节点损失:0.000,总损失:9.423
('----划分特征：', 199)
------划分值:0.000,左节点损失:0.000,右节点损失:9.423,总损失:9.423
------划分值:1.000,左节点损失:9.422,右节点损失:0.000,总损失:9.422
('----划分特征：', 200)
------划分值:0.000,左节点损失:0.000,右节点损失:9.423,总损失:9.423
------划分值:1.000,左节点损失:9.416,右节点损失:0.000,总损失:9.416
('----划分特征：', 201)
------划分值:0.000,左节点损失:0.000,右节点损失:9.423,总损失:9.423
------划分值:1.000,左节点损失:9.388,右节点损失:0.018,总损失:9.406
('----划分特征：', 202)
------划分值:0.000,左节点损失:0.000,右节点损失:9.423,总损失:9.423
------划分值:1.000,左节点损失:9.370,右节点损失:0.018,总损失:9.388
('----划分特征：', 203)
------划分值:0.000,左节点损失:0.000,右节点损失:9.423,总损失:9.423
------划分值:1.000,左节点损失:9.177,右节点损失:0.206,总损失:9.383
('----划分特征：', 204)
------划分值:1.000,左节点损失:8.683,右节点损失:0.716,总损失:9.398
------划分值:0.000,左节点损失:0.000,右节点损失:9.423,总损失:9.423
('----划分特征：', 205)
------划分值:1.000,左节点损失:7.696,右节点损失:1.727,总损失:9.423
------划分值:0.000,左节点损失:0.000,右节点损失:9.423,总损失:9.423
('----划分特征：', 206)
------划分值:1.000,左节点损失:6.517,右节点损失:2.899,总损失:9.416
------划分值:0.000,左节点损失:0.000,右节点损失:9.423,总损失:9.423
('----划分特征：', 207)
------划分值:1.000,左节点损失:5.383,右节点损失:4.001,总损失:9.384
------划分值:0.000,左节点损失:0.000,右节点损失:9.423,总损失:9.423
('----划分特征：', 208)
------划分值:1.000,左节点损失:3.915,右节点损失:5.379,总损失:9.293
------划分值:0.000,左节点损失:0.000,右节点损失:9.423,总损失:9.423
('----划分特征：', 209)
------划分值:1.000,左节点损失:2.973,右节点损失:6.285,总损失:9.259
------划分值:0.000,左节点损失:0.000,右节点损失:9.423,总损失:9.423
('----划分特征：', 210)
------划分值:1.000,左节点损失:2.461,右节点损失:6.759,总损失:9.220
------划分值:0.000,左节点损失:0.000,右节点损失:9.423,总损失:9.423
('----划分特征：', 211)
------划分值:1.000,左节点损失:2.077,右节点损失:7.065,总损失:9.142
------划分值:0.000,左节点损失:0.000,右节点损失:9.423,总损失:9.423
('----划分特征：', 212)
------划分值:1.000,左节点损失:2.158,右节点损失:7.000,总损失:9.158
------划分值:0.000,左节点损失:0.000,右节点损失:9.423,总损失:9.423
('----划分特征：', 213)
------划分值:1.000,左节点损失:2.017,右节点损失:7.062,总损失:9.078
------划分值:0.000,左节点损失:0.000,右节点损失:9.423,总损失:9.423
('----划分特征：', 214)
------划分值:0.000,左节点损失:0.000,右节点损失:9.423,总损失:9.423
------划分值:1.000,左节点损失:2.334,右节点损失:6.694,总损失:9.027
('----划分特征：', 215)
------划分值:0.000,左节点损失:0.000,右节点损失:9.423,总损失:9.423
------划分值:1.000,左节点损失:3.101,右节点损失:5.945,总损失:9.047
('----划分特征：', 216)
------划分值:0.000,左节点损失:0.000,右节点损失:9.423,总损失:9.423
------划分值:1.000,左节点损失:4.450,右节点损失:4.650,总损失:9.100
('----划分特征：', 217)
------划分值:0.000,左节点损失:0.000,右节点损失:9.423,总损失:9.423
------划分值:1.000,左节点损失:6.152,右节点损失:3.092,总损失:9.245
('----划分特征：', 218)
------划分值:0.000,左节点损失:0.000,右节点损失:9.423,总损失:9.423
------划分值:1.000,左节点损失:7.667,右节点损失:1.693,总损失:9.361
('----划分特征：', 219)
------划分值:0.000,左节点损失:0.000,右节点损失:9.423,总损失:9.423
------划分值:1.000,左节点损失:8.706,右节点损失:0.713,总损失:9.420
('----划分特征：', 220)
------划分值:0.000,左节点损失:0.000,右节点损失:9.423,总损失:9.423
------划分值:1.000,左节点损失:9.251,右节点损失:0.167,总损失:9.418
('----划分特征：', 221)
------划分值:0.000,左节点损失:0.000,右节点损失:9.423,总损失:9.423
------划分值:1.000,左节点损失:9.411,右节点损失:0.000,总损失:9.411
('----划分特征：', 222)
------划分值:0.000,左节点损失:0.000,右节点损失:9.423,总损失:9.423
------划分值:1.000,左节点损失:9.420,右节点损失:0.000,总损失:9.420
('----划分特征：', 223)
------划分值:0.000,左节点损失:0.000,右节点损失:9.423,总损失:9.423
------划分值:1.000,左节点损失:9.423,右节点损失:0.000,总损失:9.423
('----划分特征：', 224)
------划分值:0.000,左节点损失:0.000,右节点损失:9.423,总损失:9.423
------划分值:1.000,左节点损失:9.423,右节点损失:0.000,总损失:9.423
('----划分特征：', 225)
------划分值:0.000,左节点损失:0.000,右节点损失:9.423,总损失:9.423
------划分值:1.000,左节点损失:9.423,右节点损失:0.000,总损失:9.423
('----划分特征：', 226)
------划分值:0.000,左节点损失:0.000,右节点损失:9.423,总损失:9.423
------划分值:1.000,左节点损失:9.423,右节点损失:0.000,总损失:9.423
('----划分特征：', 227)
------划分值:0.000,左节点损失:0.000,右节点损失:9.423,总损失:9.423
------划分值:1.000,左节点损失:9.419,右节点损失:0.000,总损失:9.419
('----划分特征：', 228)
------划分值:0.000,左节点损失:0.000,右节点损失:9.423,总损失:9.423
------划分值:1.000,左节点损失:9.410,右节点损失:0.000,总损失:9.410
('----划分特征：', 229)
------划分值:0.000,左节点损失:0.000,右节点损失:9.423,总损失:9.423
------划分值:1.000,左节点损失:9.364,右节点损失:0.035,总损失:9.399
('----划分特征：', 230)
------划分值:0.000,左节点损失:0.000,右节点损失:9.423,总损失:9.423
------划分值:1.000,左节点损失:9.266,右节点损失:0.121,总损失:9.387
('----划分特征：', 231)
------划分值:0.000,左节点损失:0.000,右节点损失:9.423,总损失:9.423
------划分值:1.000,左节点损失:8.890,右节点损失:0.504,总损失:9.394
('----划分特征：', 232)
------划分值:1.000,左节点损失:7.963,右节点损失:1.460,总损失:9.422
------划分值:0.000,左节点损失:0.000,右节点损失:9.423,总损失:9.423
('----划分特征：', 233)
------划分值:1.000,左节点损失:6.829,右节点损失:2.588,总损失:9.418
------划分值:0.000,左节点损失:0.000,右节点损失:9.423,总损失:9.423
('----划分特征：', 234)
------划分值:1.000,左节点损失:5.283,右节点损失:4.085,总损失:9.368
------划分值:0.000,左节点损失:0.000,右节点损失:9.423,总损失:9.423
('----划分特征：', 235)
------划分值:1.000,左节点损失:4.025,右节点损失:5.273,总损失:9.298
------划分值:0.000,左节点损失:0.000,右节点损失:9.423,总损失:9.423
('----划分特征：', 236)
------划分值:1.000,左节点损失:3.122,右节点损失:6.125,总损失:9.247
------划分值:0.000,左节点损失:0.000,右节点损失:9.423,总损失:9.423
('----划分特征：', 237)
------划分值:1.000,左节点损失:2.833,右节点损失:6.402,总损失:9.235
------划分值:0.000,左节点损失:0.000,右节点损失:9.423,总损失:9.423
('----划分特征：', 238)
------划分值:1.000,左节点损失:2.882,右节点损失:6.348,总损失:9.230
------划分值:0.000,左节点损失:0.000,右节点损失:9.423,总损失:9.423
('----划分特征：', 239)
------划分值:1.000,左节点损失:3.353,右节点损失:5.935,总损失:9.288
------划分值:0.000,左节点损失:0.000,右节点损失:9.423,总损失:9.423
('----划分特征：', 240)
------划分值:1.000,左节点损失:3.719,右节点损失:5.625,总损失:9.343
------划分值:0.000,左节点损失:0.000,右节点损失:9.423,总损失:9.423
('----划分特征：', 241)
------划分值:1.000,左节点损失:3.504,右节点损失:5.817,总损失:9.321
------划分值:0.000,左节点损失:0.000,右节点损失:9.423,总损失:9.423
('----划分特征：', 242)
------划分值:0.000,左节点损失:0.000,右节点损失:9.423,总损失:9.423
------划分值:1.000,左节点损失:2.920,右节点损失:6.276,总损失:9.197
('----划分特征：', 243)
------划分值:0.000,左节点损失:0.000,右节点损失:9.423,总损失:9.423
------划分值:1.000,左节点损失:2.887,右节点损失:6.189,总损失:9.076
('----划分特征：', 244)
------划分值:0.000,左节点损失:0.000,右节点损失:9.423,总损失:9.423
------划分值:1.000,左节点损失:3.483,右节点损失:5.472,总损失:8.955
('----划分特征：', 245)
------划分值:0.000,左节点损失:0.000,右节点损失:9.423,总损失:9.423
------划分值:1.000,左节点损失:5.123,右节点损失:3.953,总损失:9.075
('----划分特征：', 246)
------划分值:0.000,左节点损失:0.000,右节点损失:9.423,总损失:9.423
------划分值:1.000,左节点损失:6.803,右节点损失:2.399,总损失:9.202
('----划分特征：', 247)
------划分值:0.000,左节点损失:0.000,右节点损失:9.423,总损失:9.423
------划分值:1.000,左节点损失:8.329,右节点损失:1.048,总损失:9.377
('----划分特征：', 248)
------划分值:0.000,左节点损失:0.000,右节点损失:9.423,总损失:9.423
------划分值:1.000,左节点损失:9.166,右节点损失:0.257,总损失:9.423
('----划分特征：', 249)
------划分值:0.000,左节点损失:0.000,右节点损失:9.423,总损失:9.423
------划分值:1.000,左节点损失:9.412,右节点损失:0.000,总损失:9.412
('----划分特征：', 250)
------划分值:0.000,左节点损失:0.000,右节点损失:9.423,总损失:9.423
------划分值:1.000,左节点损失:9.422,右节点损失:0.000,总损失:9.422
('----划分特征：', 251)
------划分值:0.000,左节点损失:0.000,右节点损失:9.423,总损失:9.423
------划分值:1.000,左节点损失:9.423,右节点损失:0.000,总损失:9.423
('----划分特征：', 252)
------划分值:0.000,左节点损失:0.000,右节点损失:9.423,总损失:9.423
('----划分特征：', 253)
------划分值:0.000,左节点损失:0.000,右节点损失:9.423,总损失:9.423
------划分值:1.000,左节点损失:9.423,右节点损失:0.000,总损失:9.423
('----划分特征：', 254)
------划分值:0.000,左节点损失:0.000,右节点损失:9.423,总损失:9.423
------划分值:1.000,左节点损失:9.422,右节点损失:0.000,总损失:9.422
('----划分特征：', 255)
------划分值:0.000,左节点损失:0.000,右节点损失:9.423,总损失:9.423
------划分值:1.000,左节点损失:9.418,右节点损失:0.000,总损失:9.418
('----划分特征：', 256)
------划分值:0.000,左节点损失:0.000,右节点损失:9.423,总损失:9.423
------划分值:1.000,左节点损失:9.408,右节点损失:0.000,总损失:9.408
('----划分特征：', 257)
------划分值:0.000,左节点损失:0.000,右节点损失:9.423,总损失:9.423
------划分值:1.000,左节点损失:9.356,右节点损失:0.035,总损失:9.391
('----划分特征：', 258)
------划分值:0.000,左节点损失:0.000,右节点损失:9.423,总损失:9.423
------划分值:1.000,左节点损失:8.982,右节点损失:0.431,总损失:9.413
('----划分特征：', 259)
------划分值:0.000,左节点损失:0.000,右节点损失:9.423,总损失:9.423
------划分值:1.000,左节点损失:8.287,右节点损失:1.136,总损失:9.423
('----划分特征：', 260)
------划分值:0.000,左节点损失:0.000,右节点损失:9.423,总损失:9.423
------划分值:1.000,左节点损失:7.159,右节点损失:2.252,总损失:9.411
('----划分特征：', 261)
------划分值:1.000,左节点损失:5.687,右节点损失:3.668,总损失:9.356
------划分值:0.000,左节点损失:0.000,右节点损失:9.423,总损失:9.423
('----划分特征：', 262)
------划分值:0.000,左节点损失:0.000,右节点损失:9.423,总损失:9.423
------划分值:1.000,左节点损失:4.117,右节点损失:5.140,总损失:9.257
('----划分特征：', 263)
------划分值:1.000,左节点损失:3.025,右节点损失:6.127,总损失:9.152
------划分值:0.000,左节点损失:0.000,右节点损失:9.423,总损失:9.423
('----划分特征：', 264)
------划分值:1.000,左节点损失:3.036,右节点损失:6.147,总损失:9.183
------划分值:0.000,左节点损失:0.000,右节点损失:9.423,总损失:9.423
('----划分特征：', 265)
------划分值:1.000,左节点损失:3.343,右节点损失:5.844,总损失:9.187
------划分值:0.000,左节点损失:0.000,右节点损失:9.423,总损失:9.423
('----划分特征：', 266)
------划分值:0.000,左节点损失:0.000,右节点损失:9.423,总损失:9.423
------划分值:1.000,左节点损失:4.429,右节点损失:4.899,总损失:9.329
('----划分特征：', 267)
------划分值:0.000,左节点损失:0.000,右节点损失:9.423,总损失:9.423
------划分值:1.000,左节点损失:5.209,右节点损失:4.189,总损失:9.399
('----划分特征：', 268)
------划分值:0.000,左节点损失:0.000,右节点损失:9.423,总损失:9.423
------划分值:1.000,左节点损失:5.535,右节点损失:3.888,总损失:9.423
('----划分特征：', 269)
------划分值:1.000,左节点损失:5.210,右节点损失:4.214,总损失:9.423
------划分值:0.000,左节点损失:0.000,右节点损失:9.423,总损失:9.423
('----划分特征：', 270)
------划分值:0.000,左节点损失:0.000,右节点损失:9.423,总损失:9.423
------划分值:1.000,左节点损失:4.455,右节点损失:4.935,总损失:9.390
('----划分特征：', 271)
------划分值:0.000,左节点损失:0.000,右节点损失:9.423,总损失:9.423
------划分值:1.000,左节点损失:3.270,右节点损失:5.864,总损失:9.134
('----划分特征：', 272)
------划分值:0.000,左节点损失:0.000,右节点损失:9.423,总损失:9.423
------划分值:1.000,左节点损失:3.196,右节点损失:5.675,总损失:8.871
('----划分特征：', 273)
------划分值:0.000,左节点损失:0.000,右节点损失:9.423,总损失:9.423
------划分值:1.000,左节点损失:4.097,右节点损失:4.595,总损失:8.692
('----划分特征：', 274)
------划分值:0.000,左节点损失:0.000,右节点损失:9.423,总损失:9.423
------划分值:1.000,左节点损失:5.842,右节点损失:2.944,总损失:8.786
('----划分特征：', 275)
------划分值:0.000,左节点损失:0.000,右节点损失:9.423,总损失:9.423
------划分值:1.000,左节点损失:7.993,右节点损失:1.211,总损失:9.204
('----划分特征：', 276)
------划分值:0.000,左节点损失:0.000,右节点损失:9.423,总损失:9.423
------划分值:1.000,左节点损失:9.032,右节点损失:0.369,总损失:9.400
('----划分特征：', 277)
------划分值:0.000,左节点损失:0.000,右节点损失:9.423,总损失:9.423
------划分值:1.000,左节点损失:9.417,右节点损失:0.000,总损失:9.417
('----划分特征：', 278)
------划分值:0.000,左节点损失:0.000,右节点损失:9.423,总损失:9.423
------划分值:1.000,左节点损失:9.423,右节点损失:0.000,总损失:9.423
('----划分特征：', 279)
------划分值:0.000,左节点损失:0.000,右节点损失:9.423,总损失:9.423
('----划分特征：', 280)
------划分值:0.000,左节点损失:0.000,右节点损失:9.423,总损失:9.423
('----划分特征：', 281)
------划分值:0.000,左节点损失:0.000,右节点损失:9.423,总损失:9.423
------划分值:1.000,左节点损失:9.423,右节点损失:0.000,总损失:9.423
('----划分特征：', 282)
------划分值:0.000,左节点损失:0.000,右节点损失:9.423,总损失:9.423
------划分值:1.000,左节点损失:9.422,右节点损失:0.000,总损失:9.422
('----划分特征：', 283)
------划分值:0.000,左节点损失:0.000,右节点损失:9.423,总损失:9.423
------划分值:1.000,左节点损失:9.418,右节点损失:0.000,总损失:9.418
('----划分特征：', 284)
------划分值:0.000,左节点损失:0.000,右节点损失:9.423,总损失:9.423
------划分值:1.000,左节点损失:9.407,右节点损失:0.000,总损失:9.407
('----划分特征：', 285)
------划分值:0.000,左节点损失:0.000,右节点损失:9.423,总损失:9.423
------划分值:1.000,左节点损失:9.256,右节点损失:0.153,总损失:9.409
('----划分特征：', 286)
------划分值:0.000,左节点损失:0.000,右节点损失:9.423,总损失:9.423
------划分值:1.000,左节点损失:8.638,右节点损失:0.784,总损失:9.422
('----划分特征：', 287)
------划分值:0.000,左节点损失:0.000,右节点损失:9.423,总损失:9.423
------划分值:1.000,左节点损失:7.536,右节点损失:1.838,总损失:9.374
('----划分特征：', 288)
------划分值:0.000,左节点损失:0.000,右节点损失:9.423,总损失:9.423
------划分值:1.000,左节点损失:6.074,右节点损失:3.228,总损失:9.302
('----划分特征：', 289)
------划分值:0.000,左节点损失:0.000,右节点损失:9.423,总损失:9.423
------划分值:1.000,左节点损失:4.302,右节点损失:4.831,总损失:9.132
('----划分特征：', 290)
------划分值:0.000,左节点损失:0.000,右节点损失:9.423,总损失:9.423
------划分值:1.000,左节点损失:3.165,右节点损失:5.895,总损失:9.060
('----划分特征：', 291)
------划分值:1.000,左节点损失:3.253,右节点损失:5.887,总损失:9.140
------划分值:0.000,左节点损失:0.000,右节点损失:9.423,总损失:9.423
('----划分特征：', 292)
------划分值:1.000,左节点损失:3.734,右节点损失:5.434,总损失:9.168
------划分值:0.000,左节点损失:0.000,右节点损失:9.423,总损失:9.423
('----划分特征：', 293)
------划分值:0.000,左节点损失:0.000,右节点损失:9.423,总损失:9.423
------划分值:1.000,左节点损失:4.809,右节点损失:4.484,总损失:9.293
('----划分特征：', 294)
------划分值:0.000,左节点损失:0.000,右节点损失:9.423,总损失:9.423
------划分值:1.000,左节点损失:5.926,右节点损失:3.470,总损失:9.397
('----划分特征：', 295)
------划分值:0.000,左节点损失:0.000,右节点损失:9.423,总损失:9.423
------划分值:1.000,左节点损失:6.734,右节点损失:2.681,总损失:9.415
('----划分特征：', 296)
------划分值:0.000,左节点损失:0.000,右节点损失:9.423,总损失:9.423
------划分值:1.000,左节点损失:7.082,右节点损失:2.266,总损失:9.349
('----划分特征：', 297)
------划分值:0.000,左节点损失:0.000,右节点损失:9.423,总损失:9.423
------划分值:1.000,左节点损失:6.598,右节点损失:2.751,总损失:9.349
('----划分特征：', 298)
------划分值:0.000,左节点损失:0.000,右节点损失:9.423,总损失:9.423
------划分值:1.000,左节点损失:5.659,右节点损失:3.762,总损失:9.421
('----划分特征：', 299)
------划分值:0.000,左节点损失:0.000,右节点损失:9.423,总损失:9.423
------划分值:1.000,左节点损失:4.203,右节点损失:5.091,总损失:9.294
('----划分特征：', 300)
------划分值:0.000,左节点损失:0.000,右节点损失:9.423,总损失:9.423
------划分值:1.000,左节点损失:3.185,右节点损失:5.588,总损失:8.773
('----划分特征：', 301)
------划分值:0.000,左节点损失:0.000,右节点损失:9.423,总损失:9.423
------划分值:1.000,左节点损失:3.754,右节点损失:4.585,总损失:8.339
('----划分特征：', 302)
------划分值:0.000,左节点损失:0.000,右节点损失:9.423,总损失:9.423
------划分值:1.000,左节点损失:5.202,右节点损失:2.926,总损失:8.128
('----划分特征：', 303)
------划分值:0.000,左节点损失:0.000,右节点损失:9.423,总损失:9.423
------划分值:1.000,左节点损失:7.322,右节点损失:1.227,总损失:8.549
('----划分特征：', 304)
------划分值:0.000,左节点损失:0.000,右节点损失:9.423,总损失:9.423
------划分值:1.000,左节点损失:8.970,右节点损失:0.315,总损失:9.285
('----划分特征：', 305)
------划分值:0.000,左节点损失:0.000,右节点损失:9.423,总损失:9.423
------划分值:1.000,左节点损失:9.421,右节点损失:0.000,总损失:9.421
('----划分特征：', 306)
------划分值:0.000,左节点损失:0.000,右节点损失:9.423,总损失:9.423
------划分值:1.000,左节点损失:9.423,右节点损失:0.000,总损失:9.423
('----划分特征：', 307)
------划分值:0.000,左节点损失:0.000,右节点损失:9.423,总损失:9.423
('----划分特征：', 308)
------划分值:0.000,左节点损失:0.000,右节点损失:9.423,总损失:9.423
('----划分特征：', 309)
------划分值:0.000,左节点损失:0.000,右节点损失:9.423,总损失:9.423
------划分值:1.000,左节点损失:9.423,右节点损失:0.000,总损失:9.423
('----划分特征：', 310)
------划分值:0.000,左节点损失:0.000,右节点损失:9.423,总损失:9.423
------划分值:1.000,左节点损失:9.421,右节点损失:0.000,总损失:9.421
('----划分特征：', 311)
------划分值:0.000,左节点损失:0.000,右节点损失:9.423,总损失:9.423
------划分值:1.000,左节点损失:9.418,右节点损失:0.000,总损失:9.418
('----划分特征：', 312)
------划分值:0.000,左节点损失:0.000,右节点损失:9.423,总损失:9.423
------划分值:1.000,左节点损失:9.409,右节点损失:0.000,总损失:9.409
('----划分特征：', 313)
------划分值:0.000,左节点损失:0.000,右节点损失:9.423,总损失:9.423
------划分值:1.000,左节点损失:9.072,右节点损失:0.351,总损失:9.423
('----划分特征：', 314)
------划分值:0.000,左节点损失:0.000,右节点损失:9.423,总损失:9.423
------划分值:1.000,左节点损失:8.149,右节点损失:1.214,总损失:9.362
('----划分特征：', 315)
------划分值:0.000,左节点损失:0.000,右节点损失:9.423,总损失:9.423
------划分值:1.000,左节点损失:6.662,右节点损失:2.546,总损失:9.207
('----划分特征：', 316)
------划分值:0.000,左节点损失:0.000,右节点损失:9.423,总损失:9.423
------划分值:1.000,左节点损失:4.995,右节点损失:4.080,总损失:9.076
('----划分特征：', 317)
------划分值:0.000,左节点损失:0.000,右节点损失:9.423,总损失:9.423
------划分值:1.000,左节点损失:3.482,右节点损失:5.480,总损失:8.962
('----划分特征：', 318)
------划分值:0.000,左节点损失:0.000,右节点损失:9.423,总损失:9.423
------划分值:1.000,左节点损失:3.165,右节点损失:5.892,总损失:9.057
('----划分特征：', 319)
------划分值:1.000,左节点损失:3.781,右节点损失:5.393,总损失:9.174
------划分值:0.000,左节点损失:0.000,右节点损失:9.423,总损失:9.423
('----划分特征：', 320)
------划分值:1.000,左节点损失:5.129,右节点损失:4.202,总损失:9.331
------划分值:0.000,左节点损失:0.000,右节点损失:9.423,总损失:9.423
('----划分特征：', 321)
------划分值:1.000,左节点损失:6.227,右节点损失:3.182,总损失:9.409
------划分值:0.000,左节点损失:0.000,右节点损失:9.423,总损失:9.423
('----划分特征：', 322)
------划分值:0.000,左节点损失:0.000,右节点损失:9.423,总损失:9.423
------划分值:1.000,左节点损失:7.355,右节点损失:2.035,总损失:9.390
('----划分特征：', 323)
------划分值:0.000,左节点损失:0.000,右节点损失:9.423,总损失:9.423
------划分值:1.000,左节点损失:7.979,右节点损失:1.257,总损失:9.236
('----划分特征：', 324)
------划分值:0.000,左节点损失:0.000,右节点损失:9.423,总损失:9.423
------划分值:1.000,左节点损失:8.002,右节点损失:1.131,总损失:9.132
('----划分特征：', 325)
------划分值:0.000,左节点损失:0.000,右节点损失:9.423,总损失:9.423
------划分值:1.000,左节点损失:7.642,右节点损失:1.467,总损失:9.109
('----划分特征：', 326)
------划分值:0.000,左节点损失:0.000,右节点损失:9.423,总损失:9.423
------划分值:1.000,左节点损失:6.837,右节点损失:2.474,总损失:9.311
('----划分特征：', 327)
------划分值:0.000,左节点损失:0.000,右节点损失:9.423,总损失:9.423
------划分值:1.000,左节点损失:5.152,右节点损失:4.241,总损失:9.393
('----划分特征：', 328)
------划分值:0.000,左节点损失:0.000,右节点损失:9.423,总损失:9.423
------划分值:1.000,左节点损失:3.720,右节点损失:5.088,总损失:8.807
('----划分特征：', 329)
------划分值:0.000,左节点损失:0.000,右节点损失:9.423,总损失:9.423
------划分值:1.000,左节点损失:3.503,右节点损失:4.285,总损失:7.788
('----划分特征：', 330)
------划分值:0.000,左节点损失:0.000,右节点损失:9.423,总损失:9.423
------划分值:1.000,左节点损失:4.546,右节点损失:2.600,总损失:7.146
('----划分特征：', 331)
------划分值:0.000,左节点损失:0.000,右节点损失:9.423,总损失:9.423
------划分值:1.000,左节点损失:6.905,右节点损失:1.016,总损失:7.921
('----划分特征：', 332)
------划分值:0.000,左节点损失:0.000,右节点损失:9.423,总损失:9.423
------划分值:1.000,左节点损失:8.797,右节点损失:0.324,总损失:9.121
('----划分特征：', 333)
------划分值:0.000,左节点损失:0.000,右节点损失:9.423,总损失:9.423
------划分值:1.000,左节点损失:9.422,右节点损失:0.000,总损失:9.422
('----划分特征：', 334)
------划分值:0.000,左节点损失:0.000,右节点损失:9.423,总损失:9.423
------划分值:1.000,左节点损失:9.409,右节点损失:0.009,总损失:9.418
('----划分特征：', 335)
------划分值:0.000,左节点损失:0.000,右节点损失:9.423,总损失:9.423
('----划分特征：', 336)
------划分值:0.000,左节点损失:0.000,右节点损失:9.423,总损失:9.423
('----划分特征：', 337)
------划分值:0.000,左节点损失:0.000,右节点损失:9.423,总损失:9.423
------划分值:1.000,左节点损失:9.423,右节点损失:0.000,总损失:9.423
('----划分特征：', 338)
------划分值:0.000,左节点损失:0.000,右节点损失:9.423,总损失:9.423
------划分值:1.000,左节点损失:9.422,右节点损失:0.000,总损失:9.422
('----划分特征：', 339)
------划分值:0.000,左节点损失:0.000,右节点损失:9.423,总损失:9.423
------划分值:1.000,左节点损失:9.420,右节点损失:0.000,总损失:9.420
('----划分特征：', 340)
------划分值:0.000,左节点损失:0.000,右节点损失:9.423,总损失:9.423
------划分值:1.000,左节点损失:9.396,右节点损失:0.017,总损失:9.414
('----划分特征：', 341)
------划分值:0.000,左节点损失:0.000,右节点损失:9.423,总损失:9.423
------划分值:1.000,左节点损失:8.774,右节点损失:0.613,总损失:9.387
('----划分特征：', 342)
------划分值:0.000,左节点损失:0.000,右节点损失:9.423,总损失:9.423
------划分值:1.000,左节点损失:7.371,右节点损失:1.751,总损失:9.122
('----划分特征：', 343)
------划分值:0.000,左节点损失:0.000,右节点损失:9.423,总损失:9.423
------划分值:1.000,左节点损失:5.611,右节点损失:3.326,总损失:8.937
('----划分特征：', 344)
------划分值:0.000,左节点损失:0.000,右节点损失:9.423,总损失:9.423
------划分值:1.000,左节点损失:3.723,右节点损失:5.017,总损失:8.740
('----划分特征：', 345)
------划分值:0.000,左节点损失:0.000,右节点损失:9.423,总损失:9.423
------划分值:1.000,左节点损失:2.919,右节点损失:5.944,总损失:8.863
('----划分特征：', 346)
------划分值:0.000,左节点损失:0.000,右节点损失:9.423,总损失:9.423
------划分值:1.000,左节点损失:3.451,右节点损失:5.663,总损失:9.114
('----划分特征：', 347)
------划分值:0.000,左节点损失:0.000,右节点损失:9.423,总损失:9.423
------划分值:1.000,左节点损失:4.838,右节点损失:4.502,总损失:9.340
('----划分特征：', 348)
------划分值:1.000,左节点损失:6.400,右节点损失:3.024,总损失:9.423
------划分值:0.000,左节点损失:0.000,右节点损失:9.423,总损失:9.423
('----划分特征：', 349)
------划分值:1.000,左节点损失:7.427,右节点损失:1.936,总损失:9.363
------划分值:0.000,左节点损失:0.000,右节点损失:9.423,总损失:9.423
('----划分特征：', 350)
------划分值:0.000,左节点损失:0.000,右节点损失:9.423,总损失:9.423
------划分值:1.000,左节点损失:8.091,右节点损失:1.078,总损失:9.170
('----划分特征：', 351)
------划分值:0.000,左节点损失:0.000,右节点损失:9.423,总损失:9.423
------划分值:1.000,左节点损失:8.335,右节点损失:0.626,总损失:8.961
('----划分特征：', 352)
------划分值:0.000,左节点损失:0.000,右节点损失:9.423,总损失:9.423
------划分值:1.000,左节点损失:8.276,右节点损失:0.507,总损失:8.783
('----划分特征：', 353)
------划分值:0.000,左节点损失:0.000,右节点损失:9.423,总损失:9.423
------划分值:1.000,左节点损失:7.966,右节点损失:0.884,总损失:8.850
('----划分特征：', 354)
------划分值:0.000,左节点损失:0.000,右节点损失:9.423,总损失:9.423
------划分值:1.000,左节点损失:7.040,右节点损失:2.197,总损失:9.237
('----划分特征：', 355)
------划分值:0.000,左节点损失:0.000,右节点损失:9.423,总损失:9.423
------划分值:1.000,左节点损失:5.841,右节点损失:3.578,总损失:9.419
('----划分特征：', 356)
------划分值:0.000,左节点损失:0.000,右节点损失:9.423,总损失:9.423
------划分值:1.000,左节点损失:3.919,右节点损失:4.794,总损失:8.713
('----划分特征：', 357)
------划分值:0.000,左节点损失:0.000,右节点损失:9.423,总损失:9.423
------划分值:1.000,左节点损失:3.458,右节点损失:3.962,总损失:7.420
('----划分特征：', 358)
------划分值:0.000,左节点损失:0.000,右节点损失:9.423,总损失:9.423
------划分值:1.000,左节点损失:4.421,右节点损失:2.303,总损失:6.724
('----划分特征：', 359)
------划分值:0.000,左节点损失:0.000,右节点损失:9.423,总损失:9.423
------划分值:1.000,左节点损失:6.617,右节点损失:0.975,总损失:7.592
('----划分特征：', 360)
------划分值:0.000,左节点损失:0.000,右节点损失:9.423,总损失:9.423
------划分值:1.000,左节点损失:8.607,右节点损失:0.412,总损失:9.019
('----划分特征：', 361)
------划分值:0.000,左节点损失:0.000,右节点损失:9.423,总损失:9.423
------划分值:1.000,左节点损失:9.422,右节点损失:0.000,总损失:9.422
('----划分特征：', 362)
------划分值:0.000,左节点损失:0.000,右节点损失:9.423,总损失:9.423
------划分值:1.000,左节点损失:9.409,右节点损失:0.012,总损失:9.421
('----划分特征：', 363)
------划分值:0.000,左节点损失:0.000,右节点损失:9.423,总损失:9.423
('----划分特征：', 364)
------划分值:0.000,左节点损失:0.000,右节点损失:9.423,总损失:9.423
('----划分特征：', 365)
------划分值:0.000,左节点损失:0.000,右节点损失:9.423,总损失:9.423
------划分值:1.000,左节点损失:9.423,右节点损失:0.000,总损失:9.423
('----划分特征：', 366)
------划分值:0.000,左节点损失:0.000,右节点损失:9.423,总损失:9.423
------划分值:1.000,左节点损失:9.423,右节点损失:0.000,总损失:9.423
('----划分特征：', 367)
------划分值:0.000,左节点损失:0.000,右节点损失:9.423,总损失:9.423
------划分值:1.000,左节点损失:9.422,右节点损失:0.000,总损失:9.422
('----划分特征：', 368)
------划分值:0.000,左节点损失:0.000,右节点损失:9.423,总损失:9.423
------划分值:1.000,左节点损失:9.342,右节点损失:0.081,总损失:9.423
('----划分特征：', 369)
------划分值:0.000,左节点损失:0.000,右节点损失:9.423,总损失:9.423
------划分值:1.000,左节点损失:8.355,右节点损失:0.888,总损失:9.243
('----划分特征：', 370)
------划分值:0.000,左节点损失:0.000,右节点损失:9.423,总损失:9.423
------划分值:1.000,左节点损失:6.512,右节点损失:2.288,总损失:8.800
('----划分特征：', 371)
------划分值:0.000,左节点损失:0.000,右节点损失:9.423,总损失:9.423
------划分值:1.000,左节点损失:4.552,右节点损失:4.026,总损失:8.578
('----划分特征：', 372)
------划分值:0.000,左节点损失:0.000,右节点损失:9.423,总损失:9.423
------划分值:1.000,左节点损失:3.159,右节点损失:5.453,总损失:8.611
('----划分特征：', 373)
------划分值:0.000,左节点损失:0.000,右节点损失:9.423,总损失:9.423
------划分值:1.000,左节点损失:3.141,右节点损失:5.818,总损失:8.959
('----划分特征：', 374)
------划分值:0.000,左节点损失:0.000,右节点损失:9.423,总损失:9.423
------划分值:1.000,左节点损失:4.330,右节点损失:4.967,总损失:9.297
('----划分特征：', 375)
------划分值:0.000,左节点损失:0.000,右节点损失:9.423,总损失:9.423
------划分值:1.000,左节点损失:6.132,右节点损失:3.291,总损失:9.423
('----划分特征：', 376)
------划分值:0.000,左节点损失:0.000,右节点损失:9.423,总损失:9.423
------划分值:1.000,左节点损失:7.392,右节点损失:1.933,总损失:9.325
('----划分特征：', 377)
------划分值:1.000,左节点损失:8.225,右节点损失:0.813,总损失:9.038
------划分值:0.000,左节点损失:0.000,右节点损失:9.423,总损失:9.423
('----划分特征：', 378)
------划分值:1.000,左节点损失:8.394,右节点损失:0.368,总损失:8.761
------划分值:0.000,左节点损失:0.000,右节点损失:9.423,总损失:9.423
('----划分特征：', 379)
------划分值:1.000,左节点损失:8.361,右节点损失:0.158,总损失:8.519
------划分值:0.000,左节点损失:0.000,右节点损失:9.423,总损失:9.423
('----划分特征：', 380)
------划分值:0.000,左节点损失:0.000,右节点损失:9.423,总损失:9.423
------划分值:1.000,左节点损失:8.197,右节点损失:0.211,总损失:8.408
('----划分特征：', 381)
------划分值:0.000,左节点损失:0.000,右节点损失:9.423,总损失:9.423
------划分值:1.000,左节点损失:7.912,右节点损失:0.749,总损失:8.661
('----划分特征：', 382)
------划分值:0.000,左节点损失:0.000,右节点损失:9.423,总损失:9.423
------划分值:1.000,左节点损失:7.226,右节点损失:1.958,总损失:9.183
('----划分特征：', 383)
------划分值:0.000,左节点损失:0.000,右节点损失:9.423,总损失:9.423
------划分值:1.000,左节点损失:5.902,右节点损失:3.511,总损失:9.414
('----划分特征：', 384)
------划分值:0.000,左节点损失:0.000,右节点损失:9.423,总损失:9.423
------划分值:1.000,左节点损失:4.082,右节点损失:4.590,总损失:8.672
('----划分特征：', 385)
------划分值:0.000,左节点损失:0.000,右节点损失:9.423,总损失:9.423
------划分值:1.000,左节点损失:3.540,右节点损失:3.850,总损失:7.390
('----划分特征：', 386)
------划分值:0.000,左节点损失:0.000,右节点损失:9.423,总损失:9.423
------划分值:1.000,左节点损失:4.388,右节点损失:2.439,总损失:6.827
('----划分特征：', 387)
------划分值:0.000,左节点损失:0.000,右节点损失:9.423,总损失:9.423
------划分值:1.000,左节点损失:6.492,右节点损失:1.247,总损失:7.738
('----划分特征：', 388)
------划分值:0.000,左节点损失:0.000,右节点损失:9.423,总损失:9.423
------划分值:1.000,左节点损失:8.518,右节点损失:0.489,总损失:9.006
('----划分特征：', 389)
------划分值:0.000,左节点损失:0.000,右节点损失:9.423,总损失:9.423
------划分值:1.000,左节点损失:9.421,右节点损失:0.000,总损失:9.421
('----划分特征：', 390)
------划分值:0.000,左节点损失:0.000,右节点损失:9.423,总损失:9.423
('----划分特征：', 391)
------划分值:0.000,左节点损失:0.000,右节点损失:9.423,总损失:9.423
('----划分特征：', 392)
------划分值:0.000,左节点损失:0.000,右节点损失:9.423,总损失:9.423
('----划分特征：', 393)
------划分值:0.000,左节点损失:0.000,右节点损失:9.423,总损失:9.423
('----划分特征：', 394)
------划分值:0.000,左节点损失:0.000,右节点损失:9.423,总损失:9.423
------划分值:1.000,左节点损失:9.423,右节点损失:0.000,总损失:9.423
('----划分特征：', 395)
------划分值:0.000,左节点损失:0.000,右节点损失:9.423,总损失:9.423
------划分值:1.000,左节点损失:9.422,右节点损失:0.000,总损失:9.422
('----划分特征：', 396)
------划分值:0.000,左节点损失:0.000,右节点损失:9.423,总损失:9.423
------划分值:1.000,左节点损失:9.243,右节点损失:0.170,总损失:9.412
('----划分特征：', 397)
------划分值:0.000,左节点损失:0.000,右节点损失:9.423,总损失:9.423
------划分值:1.000,左节点损失:7.634,右节点损失:1.197,总损失:8.830
('----划分特征：', 398)
------划分值:0.000,左节点损失:0.000,右节点损失:9.423,总损失:9.423
------划分值:1.000,左节点损失:5.668,右节点损失:2.746,总损失:8.414
('----划分特征：', 399)
------划分值:0.000,左节点损失:0.000,右节点损失:9.423,总损失:9.423
------划分值:1.000,左节点损失:3.755,右节点损失:4.541,总损失:8.296
('----划分特征：', 400)
------划分值:0.000,左节点损失:0.000,右节点损失:9.423,总损失:9.423
------划分值:1.000,左节点损失:2.914,右节点损失:5.645,总损失:8.560
('----划分特征：', 401)
------划分值:0.000,左节点损失:0.000,右节点损失:9.423,总损失:9.423
------划分值:1.000,左节点损失:3.631,右节点损失:5.462,总损失:9.093
('----划分特征：', 402)
------划分值:0.000,左节点损失:0.000,右节点损失:9.423,总损失:9.423
------划分值:1.000,左节点损失:5.433,右节点损失:3.977,总损失:9.410
('----划分特征：', 403)
------划分值:0.000,左节点损失:0.000,右节点损失:9.423,总损失:9.423
------划分值:1.000,左节点损失:7.152,右节点损失:2.176,总损失:9.328
('----划分特征：', 404)
------划分值:0.000,左节点损失:0.000,右节点损失:9.423,总损失:9.423
------划分值:1.000,左节点损失:8.062,右节点损失:0.999,总损失:9.060
('----划分特征：', 405)
------划分值:0.000,左节点损失:0.000,右节点损失:9.423,总损失:9.423
------划分值:1.000,左节点损失:8.297,右节点损失:0.368,总损失:8.665
('----划分特征：', 406)
------划分值:1.000,左节点损失:8.283,右节点损失:0.088,总损失:8.372
------划分值:0.000,左节点损失:0.000,右节点损失:9.423,总损失:9.423
('----划分特征：', 407)
------划分值:1.000,左节点损失:8.059,右节点损失:0.035,总损失:8.094
------划分值:0.000,左节点损失:0.000,右节点损失:9.423,总损失:9.423
('----划分特征：', 408)
------划分值:1.000,左节点损失:8.037,右节点损失:0.141,总损失:8.177
------划分值:0.000,左节点损失:0.000,右节点损失:9.423,总损失:9.423
('----划分特征：', 409)
------划分值:0.000,左节点损失:0.000,右节点损失:9.423,总损失:9.423
------划分值:1.000,左节点损失:7.780,右节点损失:0.852,总损失:8.632
('----划分特征：', 410)
------划分值:0.000,左节点损失:0.000,右节点损失:9.423,总损失:9.423
------划分值:1.000,左节点损失:7.012,右节点损失:2.243,总损失:9.255
('----划分特征：', 411)
------划分值:0.000,左节点损失:0.000,右节点损失:9.423,总损失:9.423
------划分值:1.000,左节点损失:5.650,右节点损失:3.737,总损失:9.387
('----划分特征：', 412)
------划分值:0.000,左节点损失:0.000,右节点损失:9.423,总损失:9.423
------划分值:1.000,左节点损失:4.225,右节点损失:4.490,总损失:8.715
('----划分特征：', 413)
------划分值:0.000,左节点损失:0.000,右节点损失:9.423,总损失:9.423
------划分值:1.000,左节点损失:3.604,右节点损失:3.945,总损失:7.549
('----划分特征：', 414)
------划分值:0.000,左节点损失:0.000,右节点损失:9.423,总损失:9.423
------划分值:1.000,左节点损失:4.721,右节点损失:2.518,总损失:7.239
('----划分特征：', 415)
------划分值:0.000,左节点损失:0.000,右节点损失:9.423,总损失:9.423
------划分值:1.000,左节点损失:6.536,右节点损失:1.381,总损失:7.917
('----划分特征：', 416)
------划分值:0.000,左节点损失:0.000,右节点损失:9.423,总损失:9.423
------划分值:1.000,左节点损失:8.590,右节点损失:0.490,总损失:9.080
('----划分特征：', 417)
------划分值:0.000,左节点损失:0.000,右节点损失:9.423,总损失:9.423
------划分值:1.000,左节点损失:9.407,右节点损失:0.016,总损失:9.423
('----划分特征：', 418)
------划分值:0.000,左节点损失:0.000,右节点损失:9.423,总损失:9.423
('----划分特征：', 419)
------划分值:0.000,左节点损失:0.000,右节点损失:9.423,总损失:9.423
('----划分特征：', 420)
------划分值:0.000,左节点损失:0.000,右节点损失:9.423,总损失:9.423
('----划分特征：', 421)
------划分值:0.000,左节点损失:0.000,右节点损失:9.423,总损失:9.423
('----划分特征：', 422)
------划分值:0.000,左节点损失:0.000,右节点损失:9.423,总损失:9.423
------划分值:1.000,左节点损失:9.423,右节点损失:0.000,总损失:9.423
('----划分特征：', 423)
------划分值:0.000,左节点损失:0.000,右节点损失:9.423,总损失:9.423
------划分值:1.000,左节点损失:9.422,右节点损失:0.000,总损失:9.422
('----划分特征：', 424)
------划分值:0.000,左节点损失:0.000,右节点损失:9.423,总损失:9.423
------划分值:1.000,左节点损失:9.084,右节点损失:0.276,总损失:9.361
('----划分特征：', 425)
------划分值:0.000,左节点损失:0.000,右节点损失:9.423,总损失:9.423
------划分值:1.000,左节点损失:7.077,右节点损失:1.486,总损失:8.563
('----划分特征：', 426)
------划分值:0.000,左节点损失:0.000,右节点损失:9.423,总损失:9.423
------划分值:1.000,左节点损失:4.791,右节点损失:3.210,总损失:8.002
('----划分特征：', 427)
------划分值:0.000,左节点损失:0.000,右节点损失:9.423,总损失:9.423
------划分值:1.000,左节点损失:3.108,右节点损失:4.848,总损失:7.956
('----划分特征：', 428)
------划分值:0.000,左节点损失:0.000,右节点损失:9.423,总损失:9.423
------划分值:1.000,左节点损失:2.915,右节点损失:5.623,总损失:8.538
('----划分特征：', 429)
------划分值:0.000,左节点损失:0.000,右节点损失:9.423,总损失:9.423
------划分值:1.000,左节点损失:4.349,右节点损失:4.878,总损失:9.227
('----划分特征：', 430)
------划分值:0.000,左节点损失:0.000,右节点损失:9.423,总损失:9.423
------划分值:1.000,左节点损失:6.421,右节点损失:2.991,总损失:9.412
('----划分特征：', 431)
------划分值:0.000,左节点损失:0.000,右节点损失:9.423,总损失:9.423
------划分值:1.000,左节点损失:7.801,右节点损失:1.363,总损失:9.164
('----划分特征：', 432)
------划分值:0.000,左节点损失:0.000,右节点损失:9.423,总损失:9.423
------划分值:1.000,左节点损失:8.346,右节点损失:0.472,总损失:8.817
('----划分特征：', 433)
------划分值:0.000,左节点损失:0.000,右节点损失:9.423,总损失:9.423
------划分值:1.000,左节点损失:8.299,右节点损失:0.158,总损失:8.457
('----划分特征：', 434)
------划分值:0.000,左节点损失:0.000,右节点损失:9.423,总损失:9.423
------划分值:1.000,左节点损失:8.198,右节点损失:0.053,总损失:8.251
('----划分特征：', 435)
------划分值:1.000,左节点损失:8.048,右节点损失:0.071,总损失:8.118
------划分值:0.000,左节点损失:0.000,右节点损失:9.423,总损失:9.423
('----划分特征：', 436)
------划分值:1.000,左节点损失:8.056,右节点损失:0.281,总损失:8.337
------划分值:0.000,左节点损失:0.000,右节点损失:9.423,总损失:9.423
('----划分特征：', 437)
------划分值:1.000,左节点损失:7.550,右节点损失:1.308,总损失:8.858
------划分值:0.000,左节点损失:0.000,右节点损失:9.423,总损失:9.423
('----划分特征：', 438)
------划分值:1.000,左节点损失:6.634,右节点损失:2.718,总损失:9.352
------划分值:0.000,左节点损失:0.000,右节点损失:9.423,总损失:9.423
('----划分特征：', 439)
------划分值:0.000,左节点损失:0.000,右节点损失:9.423,总损失:9.423
------划分值:1.000,左节点损失:5.034,右节点损失:4.253,总损失:9.287
('----划分特征：', 440)
------划分值:0.000,左节点损失:0.000,右节点损失:9.423,总损失:9.423
------划分值:1.000,左节点损失:3.955,右节点损失:4.671,总损失:8.626
('----划分特征：', 441)
------划分值:0.000,左节点损失:0.000,右节点损失:9.423,总损失:9.423
------划分值:1.000,左节点损失:4.085,右节点损失:3.897,总损失:7.982
('----划分特征：', 442)
------划分值:0.000,左节点损失:0.000,右节点损失:9.423,总损失:9.423
------划分值:1.000,左节点损失:5.301,右节点损失:2.594,总损失:7.896
('----划分特征：', 443)
------划分值:0.000,左节点损失:0.000,右节点损失:9.423,总损失:9.423
------划分值:1.000,左节点损失:6.960,右节点损失:1.372,总损失:8.332
('----划分特征：', 444)
------划分值:0.000,左节点损失:0.000,右节点损失:9.423,总损失:9.423
------划分值:1.000,左节点损失:8.676,右节点损失:0.494,总损失:9.171
('----划分特征：', 445)
------划分值:0.000,左节点损失:0.000,右节点损失:9.423,总损失:9.423
------划分值:1.000,左节点损失:9.407,右节点损失:0.017,总损失:9.423
('----划分特征：', 446)
------划分值:0.000,左节点损失:0.000,右节点损失:9.423,总损失:9.423
------划分值:1.000,左节点损失:9.423,右节点损失:0.000,总损失:9.423
('----划分特征：', 447)
------划分值:0.000,左节点损失:0.000,右节点损失:9.423,总损失:9.423
('----划分特征：', 448)
------划分值:0.000,左节点损失:0.000,右节点损失:9.423,总损失:9.423
('----划分特征：', 449)
------划分值:0.000,左节点损失:0.000,右节点损失:9.423,总损失:9.423
('----划分特征：', 450)
------划分值:0.000,左节点损失:0.000,右节点损失:9.423,总损失:9.423
------划分值:1.000,左节点损失:9.423,右节点损失:0.000,总损失:9.423
('----划分特征：', 451)
------划分值:0.000,左节点损失:0.000,右节点损失:9.423,总损失:9.423
------划分值:1.000,左节点损失:9.421,右节点损失:0.000,总损失:9.421
('----划分特征：', 452)
------划分值:0.000,左节点损失:0.000,右节点损失:9.423,总损失:9.423
------划分值:1.000,左节点损失:8.922,右节点损失:0.400,总损失:9.323
('----划分特征：', 453)
------划分值:0.000,左节点损失:0.000,右节点损失:9.423,总损失:9.423
------划分值:1.000,左节点损失:6.634,右节点损失:1.793,总损失:8.427
('----划分特征：', 454)
------划分值:0.000,左节点损失:0.000,右节点损失:9.423,总损失:9.423
------划分值:1.000,左节点损失:4.393,右节点损失:3.480,总损失:7.873
('----划分特征：', 455)
------划分值:0.000,左节点损失:0.000,右节点损失:9.423,总损失:9.423
------划分值:1.000,左节点损失:2.895,右节点损失:4.941,总损失:7.836
('----划分特征：', 456)
------划分值:0.000,左节点损失:0.000,右节点损失:9.423,总损失:9.423
------划分值:1.000,左节点损失:3.209,右节点损失:5.365,总损失:8.574
('----划分特征：', 457)
------划分值:0.000,左节点损失:0.000,右节点损失:9.423,总损失:9.423
------划分值:1.000,左节点损失:5.106,右节点损失:4.204,总损失:9.310
('----划分特征：', 458)
------划分值:0.000,左节点损失:0.000,右节点损失:9.423,总损失:9.423
------划分值:1.000,左节点损失:7.287,右节点损失:2.069,总损失:9.356
('----划分特征：', 459)
------划分值:0.000,左节点损失:0.000,右节点损失:9.423,总损失:9.423
------划分值:1.000,左节点损失:8.279,右节点损失:0.795,总损失:9.074
('----划分特征：', 460)
------划分值:0.000,左节点损失:0.000,右节点损失:9.423,总损失:9.423
------划分值:1.000,左节点损失:8.480,右节点损失:0.350,总损失:8.830
('----划分特征：', 461)
------划分值:0.000,左节点损失:0.000,右节点损失:9.423,总损失:9.423
------划分值:1.000,左节点损失:8.487,右节点损失:0.088,总损失:8.575
('----划分特征：', 462)
------划分值:0.000,左节点损失:0.000,右节点损失:9.423,总损失:9.423
------划分值:1.000,左节点损失:8.300,右节点损失:0.071,总损失:8.371
('----划分特征：', 463)
------划分值:0.000,左节点损失:0.000,右节点损失:9.423,总损失:9.423
------划分值:1.000,左节点损失:8.192,右节点损失:0.194,总损失:8.385
('----划分特征：', 464)
------划分值:0.000,左节点损失:0.000,右节点损失:9.423,总损失:9.423
------划分值:1.000,左节点损失:7.944,右节点损失:0.731,总损失:8.676
('----划分特征：', 465)
------划分值:1.000,左节点损失:7.152,右节点损失:1.994,总损失:9.146
------划分值:0.000,左节点损失:0.000,右节点损失:9.423,总损失:9.423
('----划分特征：', 466)
------划分值:1.000,左节点损失:5.830,右节点损失:3.593,总损失:9.423
------划分值:0.000,左节点损失:0.000,右节点损失:9.423,总损失:9.423
('----划分特征：', 467)
------划分值:1.000,左节点损失:4.395,右节点损失:4.757,总损失:9.152
------划分值:0.000,左节点损失:0.000,右节点损失:9.423,总损失:9.423
('----划分特征：', 468)
------划分值:0.000,左节点损失:0.000,右节点损失:9.423,总损失:9.423
------划分值:1.000,左节点损失:3.794,右节点损失:4.795,总损失:8.590
('----划分特征：', 469)
------划分值:0.000,左节点损失:0.000,右节点损失:9.423,总损失:9.423
------划分值:1.000,左节点损失:4.482,右节点损失:3.746,总损失:8.228
('----划分特征：', 470)
------划分值:0.000,左节点损失:0.000,右节点损失:9.423,总损失:9.423
------划分值:1.000,左节点损失:5.751,右节点损失:2.527,总损失:8.278
('----划分特征：', 471)
------划分值:0.000,左节点损失:0.000,右节点损失:9.423,总损失:9.423
------划分值:1.000,左节点损失:7.364,右节点损失:1.325,总损失:8.689
('----划分特征：', 472)
------划分值:0.000,左节点损失:0.000,右节点损失:9.423,总损失:9.423
------划分值:1.000,左节点损失:8.892,右节点损失:0.433,总损失:9.325
('----划分特征：', 473)
------划分值:0.000,左节点损失:0.000,右节点损失:9.423,总损失:9.423
------划分值:1.000,左节点损失:9.420,右节点损失:0.000,总损失:9.420
('----划分特征：', 474)
------划分值:0.000,左节点损失:0.000,右节点损失:9.423,总损失:9.423
------划分值:1.000,左节点损失:9.423,右节点损失:0.000,总损失:9.423
('----划分特征：', 475)
------划分值:0.000,左节点损失:0.000,右节点损失:9.423,总损失:9.423
('----划分特征：', 476)
------划分值:0.000,左节点损失:0.000,右节点损失:9.423,总损失:9.423
('----划分特征：', 477)
------划分值:0.000,左节点损失:0.000,右节点损失:9.423,总损失:9.423
('----划分特征：', 478)
------划分值:0.000,左节点损失:0.000,右节点损失:9.423,总损失:9.423
------划分值:1.000,左节点损失:9.423,右节点损失:0.000,总损失:9.423
('----划分特征：', 479)
------划分值:0.000,左节点损失:0.000,右节点损失:9.423,总损失:9.423
------划分值:1.000,左节点损失:9.419,右节点损失:0.000,总损失:9.419
('----划分特征：', 480)
------划分值:0.000,左节点损失:0.000,右节点损失:9.423,总损失:9.423
------划分值:1.000,左节点损失:8.817,右节点损失:0.504,总损失:9.321
('----划分特征：', 481)
------划分值:0.000,左节点损失:0.000,右节点损失:9.423,总损失:9.423
------划分值:1.000,左节点损失:6.249,右节点损失:2.094,总损失:8.343
('----划分特征：', 482)
------划分值:0.000,左节点损失:0.000,右节点损失:9.423,总损失:9.423
------划分值:1.000,左节点损失:4.010,右节点损失:3.598,总损失:7.608
('----划分特征：', 483)
------划分值:0.000,左节点损失:0.000,右节点损失:9.423,总损失:9.423
------划分值:1.000,左节点损失:2.830,右节点损失:4.926,总损失:7.756
('----划分特征：', 484)
------划分值:0.000,左节点损失:0.000,右节点损失:9.423,总损失:9.423
------划分值:1.000,左节点损失:3.423,右节点损失:5.091,总损失:8.514
('----划分特征：', 485)
------划分值:0.000,左节点损失:0.000,右节点损失:9.423,总损失:9.423
------划分值:1.000,左节点损失:5.398,右节点损失:3.894,总损失:9.292
('----划分特征：', 486)
------划分值:0.000,左节点损失:0.000,右节点损失:9.423,总损失:9.423
------划分值:1.000,左节点损失:7.620,右节点损失:1.742,总损失:9.361
('----划分特征：', 487)
------划分值:0.000,左节点损失:0.000,右节点损失:9.423,总损失:9.423
------划分值:1.000,左节点损失:8.340,右节点损失:0.810,总损失:9.150
('----划分特征：', 488)
------划分值:0.000,左节点损失:0.000,右节点损失:9.423,总损失:9.423
------划分值:1.000,左节点损失:8.579,右节点损失:0.402,总损失:8.980
('----划分特征：', 489)
------划分值:0.000,左节点损失:0.000,右节点损失:9.423,总损失:9.423
------划分值:1.000,左节点损失:8.569,右节点损失:0.228,总损失:8.798
('----划分特征：', 490)
------划分值:0.000,左节点损失:0.000,右节点损失:9.423,总损失:9.423
------划分值:1.000,左节点损失:8.321,右节点损失:0.351,总损失:8.671
('----划分特征：', 491)
------划分值:0.000,左节点损失:0.000,右节点损失:9.423,总损失:9.423
------划分值:1.000,左节点损失:7.994,右节点损失:0.799,总损失:8.793
('----划分特征：', 492)
------划分值:0.000,左节点损失:0.000,右节点损失:9.423,总损失:9.423
------划分值:1.000,左节点损失:7.481,右节点损失:1.586,总损失:9.067
('----划分特征：', 493)
------划分值:1.000,左节点损失:6.287,右节点损失:3.090,总损失:9.377
------划分值:0.000,左节点损失:0.000,右节点损失:9.423,总损失:9.423
('----划分特征：', 494)
------划分值:1.000,左节点损失:4.713,右节点损失:4.623,总损失:9.336
------划分值:0.000,左节点损失:0.000,右节点损失:9.423,总损失:9.423
('----划分特征：', 495)
------划分值:1.000,左节点损失:3.886,右节点损失:5.087,总损失:8.973
------划分值:0.000,左节点损失:0.000,右节点损失:9.423,总损失:9.423
('----划分特征：', 496)
------划分值:0.000,左节点损失:0.000,右节点损失:9.423,总损失:9.423
------划分值:1.000,左节点损失:3.906,右节点损失:4.719,总损失:8.625
('----划分特征：', 497)
------划分值:0.000,左节点损失:0.000,右节点损失:9.423,总损失:9.423
------划分值:1.000,左节点损失:5.079,右节点损失:3.476,总损失:8.554
('----划分特征：', 498)
------划分值:0.000,左节点损失:0.000,右节点损失:9.423,总损失:9.423
------划分值:1.000,左节点损失:6.424,右节点损失:2.262,总损失:8.686
('----划分特征：', 499)
------划分值:0.000,左节点损失:0.000,右节点损失:9.423,总损失:9.423
------划分值:1.000,左节点损失:8.046,右节点损失:1.066,总损失:9.112
('----划分特征：', 500)
------划分值:0.000,左节点损失:0.000,右节点损失:9.423,总损失:9.423
------划分值:1.000,左节点损失:8.976,右节点损失:0.404,总损失:9.379
('----划分特征：', 501)
------划分值:0.000,左节点损失:0.000,右节点损失:9.423,总损失:9.423
------划分值:1.000,左节点损失:9.418,右节点损失:0.000,总损失:9.418
('----划分特征：', 502)
------划分值:0.000,左节点损失:0.000,右节点损失:9.423,总损失:9.423
------划分值:1.000,左节点损失:9.422,右节点损失:0.000,总损失:9.422
('----划分特征：', 503)
------划分值:0.000,左节点损失:0.000,右节点损失:9.423,总损失:9.423
('----划分特征：', 504)
------划分值:0.000,左节点损失:0.000,右节点损失:9.423,总损失:9.423
('----划分特征：', 505)
------划分值:0.000,左节点损失:0.000,右节点损失:9.423,总损失:9.423
('----划分特征：', 506)
------划分值:0.000,左节点损失:0.000,右节点损失:9.423,总损失:9.423
------划分值:1.000,左节点损失:9.423,右节点损失:0.000,总损失:9.423
('----划分特征：', 507)
------划分值:0.000,左节点损失:0.000,右节点损失:9.423,总损失:9.423
------划分值:1.000,左节点损失:9.416,右节点损失:0.000,总损失:9.416
('----划分特征：', 508)
------划分值:0.000,左节点损失:0.000,右节点损失:9.423,总损失:9.423
------划分值:1.000,左节点损失:8.662,右节点损失:0.678,总损失:9.340
('----划分特征：', 509)
------划分值:0.000,左节点损失:0.000,右节点损失:9.423,总损失:9.423
------划分值:1.000,左节点损失:6.519,右节点损失:2.143,总损失:8.662
('----划分特征：', 510)
------划分值:0.000,左节点损失:0.000,右节点损失:9.423,总损失:9.423
------划分值:1.000,左节点损失:4.007,右节点损失:3.768,总损失:7.775
('----划分特征：', 511)
------划分值:0.000,左节点损失:0.000,右节点损失:9.423,总损失:9.423
------划分值:1.000,左节点损失:2.632,右节点损失:4.974,总损失:7.606
('----划分特征：', 512)
------划分值:0.000,左节点损失:0.000,右节点损失:9.423,总损失:9.423
------划分值:1.000,左节点损失:3.347,右节点损失:4.982,总损失:8.328
('----划分特征：', 513)
------划分值:0.000,左节点损失:0.000,右节点损失:9.423,总损失:9.423
------划分值:1.000,左节点损失:5.337,右节点损失:3.883,总损失:9.220
('----划分特征：', 514)
------划分值:0.000,左节点损失:0.000,右节点损失:9.423,总损失:9.423
------划分值:1.000,左节点损失:7.244,右节点损失:2.164,总损失:9.407
('----划分特征：', 515)
------划分值:0.000,左节点损失:0.000,右节点损失:9.423,总损失:9.423
------划分值:1.000,左节点损失:8.214,右节点损失:1.024,总损失:9.237
('----划分特征：', 516)
------划分值:0.000,左节点损失:0.000,右节点损失:9.423,总损失:9.423
------划分值:1.000,左节点损失:8.430,右节点损失:0.692,总损失:9.122
('----划分特征：', 517)
------划分值:0.000,左节点损失:0.000,右节点损失:9.423,总损失:9.423
------划分值:1.000,左节点损失:8.350,右节点损失:0.626,总损失:8.976
('----划分特征：', 518)
------划分值:0.000,左节点损失:0.000,右节点损失:9.423,总损失:9.423
------划分值:1.000,左节点损失:7.993,右节点损失:0.951,总损失:8.944
('----划分特征：', 519)
------划分值:1.000,左节点损失:7.187,右节点损失:1.961,总损失:9.148
------划分值:0.000,左节点损失:0.000,右节点损失:9.423,总损失:9.423
('----划分特征：', 520)
------划分值:1.000,左节点损失:6.302,右节点损失:3.054,总损失:9.356
------划分值:0.000,左节点损失:0.000,右节点损失:9.423,总损失:9.423
('----划分特征：', 521)
------划分值:1.000,左节点损失:4.698,右节点损失:4.688,总损失:9.386
------划分值:0.000,左节点损失:0.000,右节点损失:9.423,总损失:9.423
('----划分特征：', 522)
------划分值:1.000,左节点损失:3.736,右节点损失:5.420,总损失:9.156
------划分值:0.000,左节点损失:0.000,右节点损失:9.423,总损失:9.423
('----划分特征：', 523)
------划分值:1.000,左节点损失:3.572,右节点损失:5.270,总损失:8.842
------划分值:0.000,左节点损失:0.000,右节点损失:9.423,总损失:9.423
('----划分特征：', 524)
------划分值:0.000,左节点损失:0.000,右节点损失:9.423,总损失:9.423
------划分值:1.000,左节点损失:4.730,右节点损失:4.115,总损失:8.845
('----划分特征：', 525)
------划分值:0.000,左节点损失:0.000,右节点损失:9.423,总损失:9.423
------划分值:1.000,左节点损失:5.975,右节点损失:2.940,总损失:8.915
('----划分特征：', 526)
------划分值:0.000,左节点损失:0.000,右节点损失:9.423,总损失:9.423
------划分值:1.000,左节点损失:7.447,右节点损失:1.691,总损失:9.138
('----划分特征：', 527)
------划分值:0.000,左节点损失:0.000,右节点损失:9.423,总损失:9.423
------划分值:1.000,左节点损失:8.630,右节点损失:0.717,总损失:9.348
('----划分特征：', 528)
------划分值:0.000,左节点损失:0.000,右节点损失:9.423,总损失:9.423
------划分值:1.000,左节点损失:9.253,右节点损失:0.169,总损失:9.422
('----划分特征：', 529)
------划分值:0.000,左节点损失:0.000,右节点损失:9.423,总损失:9.423
------划分值:1.000,左节点损失:9.419,右节点损失:0.000,总损失:9.419
('----划分特征：', 530)
------划分值:0.000,左节点损失:0.000,右节点损失:9.423,总损失:9.423
------划分值:1.000,左节点损失:9.423,右节点损失:0.000,总损失:9.423
('----划分特征：', 531)
------划分值:0.000,左节点损失:0.000,右节点损失:9.423,总损失:9.423
------划分值:1.000,左节点损失:9.423,右节点损失:0.000,总损失:9.423
('----划分特征：', 532)
------划分值:0.000,左节点损失:0.000,右节点损失:9.423,总损失:9.423
('----划分特征：', 533)
------划分值:0.000,左节点损失:0.000,右节点损失:9.423,总损失:9.423
('----划分特征：', 534)
------划分值:0.000,左节点损失:0.000,右节点损失:9.423,总损失:9.423
------划分值:1.000,左节点损失:9.422,右节点损失:0.000,总损失:9.422
('----划分特征：', 535)
------划分值:0.000,左节点损失:0.000,右节点损失:9.423,总损失:9.423
------划分值:1.000,左节点损失:9.383,右节点损失:0.034,总损失:9.417
('----划分特征：', 536)
------划分值:0.000,左节点损失:0.000,右节点损失:9.423,总损失:9.423
------划分值:1.000,左节点损失:8.714,右节点损失:0.668,总损失:9.382
('----划分特征：', 537)
------划分值:0.000,左节点损失:0.000,右节点损失:9.423,总损失:9.423
------划分值:1.000,左节点损失:6.587,右节点损失:2.270,总损失:8.857
('----划分特征：', 538)
------划分值:0.000,左节点损失:0.000,右节点损失:9.423,总损失:9.423
------划分值:1.000,左节点损失:4.307,右节点损失:3.884,总损失:8.190
('----划分特征：', 539)
------划分值:0.000,左节点损失:0.000,右节点损失:9.423,总损失:9.423
------划分值:1.000,左节点损失:2.664,右节点损失:5.123,总损失:7.787
('----划分特征：', 540)
------划分值:0.000,左节点损失:0.000,右节点损失:9.423,总损失:9.423
------划分值:1.000,左节点损失:3.003,右节点损失:5.299,总损失:8.302
('----划分特征：', 541)
------划分值:0.000,左节点损失:0.000,右节点损失:9.423,总损失:9.423
------划分值:1.000,左节点损失:4.517,右节点损失:4.561,总损失:9.078
('----划分特征：', 542)
------划分值:0.000,左节点损失:0.000,右节点损失:9.423,总损失:9.423
------划分值:1.000,左节点损失:6.188,右节点损失:3.226,总损失:9.414
('----划分特征：', 543)
------划分值:0.000,左节点损失:0.000,右节点损失:9.423,总损失:9.423
------划分值:1.000,左节点损失:7.149,右节点损失:2.233,总损失:9.382
('----划分特征：', 544)
------划分值:0.000,左节点损失:0.000,右节点损失:9.423,总损失:9.423
------划分值:1.000,左节点损失:7.403,右节点损失:1.891,总损失:9.295
('----划分特征：', 545)
------划分值:1.000,左节点损失:7.178,右节点损失:2.079,总损失:9.257
------划分值:0.000,左节点损失:0.000,右节点损失:9.423,总损失:9.423
('----划分特征：', 546)
------划分值:1.000,左节点损失:6.551,右节点损失:2.739,总损失:9.290
------划分值:0.000,左节点损失:0.000,右节点损失:9.423,总损失:9.423
('----划分特征：', 547)
------划分值:1.000,左节点损失:5.603,右节点损失:3.801,总损失:9.404
------划分值:0.000,左节点损失:0.000,右节点损失:9.423,总损失:9.423
('----划分特征：', 548)
------划分值:1.000,左节点损失:4.288,右节点损失:5.092,总损失:9.380
------划分值:0.000,左节点损失:0.000,右节点损失:9.423,总损失:9.423
('----划分特征：', 549)
------划分值:1.000,左节点损失:3.516,右节点损失:5.696,总损失:9.213
------划分值:0.000,左节点损失:0.000,右节点损失:9.423,总损失:9.423
('----划分特征：', 550)
------划分值:1.000,左节点损失:3.380,右节点损失:5.637,总损失:9.017
------划分值:0.000,左节点损失:0.000,右节点损失:9.423,总损失:9.423
('----划分特征：', 551)
------划分值:1.000,左节点损失:4.256,右节点损失:4.720,总损失:8.975
------划分值:0.000,左节点损失:0.000,右节点损失:9.423,总损失:9.423
('----划分特征：', 552)
------划分值:0.000,左节点损失:0.000,右节点损失:9.423,总损失:9.423
------划分值:1.000,左节点损失:5.722,右节点损失:3.365,总损失:9.088
('----划分特征：', 553)
------划分值:0.000,左节点损失:0.000,右节点损失:9.423,总损失:9.423
------划分值:1.000,左节点损失:6.917,右节点损失:2.248,总损失:9.165
('----划分特征：', 554)
------划分值:0.000,左节点损失:0.000,右节点损失:9.423,总损失:9.423
------划分值:1.000,左节点损失:8.306,右节点损失:1.048,总损失:9.354
('----划分特征：', 555)
------划分值:0.000,左节点损失:0.000,右节点损失:9.423,总损失:9.423
------划分值:1.000,左节点损失:8.952,右节点损失:0.456,总损失:9.407
('----划分特征：', 556)
------划分值:0.000,左节点损失:0.000,右节点损失:9.423,总损失:9.423
------划分值:1.000,左节点损失:9.356,右节点损失:0.066,总损失:9.422
('----划分特征：', 557)
------划分值:0.000,左节点损失:0.000,右节点损失:9.423,总损失:9.423
------划分值:1.000,左节点损失:9.421,右节点损失:0.000,总损失:9.421
('----划分特征：', 558)
------划分值:0.000,左节点损失:0.000,右节点损失:9.423,总损失:9.423
('----划分特征：', 559)
------划分值:0.000,左节点损失:0.000,右节点损失:9.423,总损失:9.423
('----划分特征：', 560)
------划分值:0.000,左节点损失:0.000,右节点损失:9.423,总损失:9.423
('----划分特征：', 561)
------划分值:0.000,左节点损失:0.000,右节点损失:9.423,总损失:9.423
('----划分特征：', 562)
------划分值:0.000,左节点损失:0.000,右节点损失:9.423,总损失:9.423
------划分值:1.000,左节点损失:9.421,右节点损失:0.000,总损失:9.421
('----划分特征：', 563)
------划分值:0.000,左节点损失:0.000,右节点损失:9.423,总损失:9.423
------划分值:1.000,左节点损失:9.397,右节点损失:0.017,总损失:9.415
('----划分特征：', 564)
------划分值:0.000,左节点损失:0.000,右节点损失:9.423,总损失:9.423
------划分值:1.000,左节点损失:8.842,右节点损失:0.568,总损失:9.410
('----划分特征：', 565)
------划分值:0.000,左节点损失:0.000,右节点损失:9.423,总损失:9.423
------划分值:1.000,左节点损失:7.467,右节点损失:1.756,总损失:9.223
('----划分特征：', 566)
------划分值:0.000,左节点损失:0.000,右节点损失:9.423,总损失:9.423
------划分值:1.000,左节点损失:5.121,右节点损失:3.568,总损失:8.688
('----划分特征：', 567)
------划分值:0.000,左节点损失:0.000,右节点损失:9.423,总损失:9.423
------划分值:1.000,左节点损失:3.168,右节点损失:5.079,总损失:8.247
('----划分特征：', 568)
------划分值:0.000,左节点损失:0.000,右节点损失:9.423,总损失:9.423
------划分值:1.000,左节点损失:2.672,右节点损失:5.673,总损失:8.345
('----划分特征：', 569)
------划分值:0.000,左节点损失:0.000,右节点损失:9.423,总损失:9.423
------划分值:1.000,左节点损失:2.973,右节点损失:5.773,总损失:8.746
('----划分特征：', 570)
------划分值:0.000,左节点损失:0.000,右节点损失:9.423,总损失:9.423
------划分值:1.000,左节点损失:4.129,右节点损失:5.074,总损失:9.203
('----划分特征：', 571)
------划分值:0.000,左节点损失:0.000,右节点损失:9.423,总损失:9.423
------划分值:1.000,左节点损失:5.252,右节点损失:4.152,总损失:9.403
('----划分特征：', 572)
------划分值:1.000,左节点损失:5.357,右节点损失:4.066,总损失:9.423
------划分值:0.000,左节点损失:0.000,右节点损失:9.423,总损失:9.423
('----划分特征：', 573)
------划分值:1.000,左节点损失:4.948,右节点损失:4.475,总损失:9.423
------划分值:0.000,左节点损失:0.000,右节点损失:9.423,总损失:9.423
('----划分特征：', 574)
------划分值:1.000,左节点损失:4.294,右节点损失:5.121,总损失:9.414
------划分值:0.000,左节点损失:0.000,右节点损失:9.423,总损失:9.423
('----划分特征：', 575)
------划分值:1.000,左节点损失:3.481,右节点损失:5.855,总损失:9.336
------划分值:0.000,左节点损失:0.000,右节点损失:9.423,总损失:9.423
('----划分特征：', 576)
------划分值:1.000,左节点损失:2.893,右节点损失:6.273,总损失:9.165
------划分值:0.000,左节点损失:0.000,右节点损失:9.423,总损失:9.423
('----划分特征：', 577)
------划分值:1.000,左节点损失:3.006,右节点损失:6.018,总损失:9.024
------划分值:0.000,左节点损失:0.000,右节点损失:9.423,总损失:9.423
('----划分特征：', 578)
------划分值:0.000,左节点损失:0.000,右节点损失:9.423,总损失:9.423
------划分值:1.000,左节点损失:4.163,右节点损失:4.928,总损失:9.091
('----划分特征：', 579)
------划分值:0.000,左节点损失:0.000,右节点损失:9.423,总损失:9.423
------划分值:1.000,左节点损失:5.684,右节点损失:3.542,总损失:9.226
('----划分特征：', 580)
------划分值:0.000,左节点损失:0.000,右节点损失:9.423,总损失:9.423
------划分值:1.000,左节点损失:6.882,右节点损失:2.394,总损失:9.276
('----划分特征：', 581)
------划分值:0.000,左节点损失:0.000,右节点损失:9.423,总损失:9.423
------划分值:1.000,左节点损失:8.053,右节点损失:1.315,总损失:9.368
('----划分特征：', 582)
------划分值:0.000,左节点损失:0.000,右节点损失:9.423,总损失:9.423
------划分值:1.000,左节点损失:8.823,右节点损失:0.591,总损失:9.414
('----划分特征：', 583)
------划分值:0.000,左节点损失:0.000,右节点损失:9.423,总损失:9.423
------划分值:1.000,左节点损失:9.232,右节点损失:0.191,总损失:9.423
('----划分特征：', 584)
------划分值:0.000,左节点损失:0.000,右节点损失:9.423,总损失:9.423
------划分值:1.000,左节点损失:9.386,右节点损失:0.034,总损失:9.420
('----划分特征：', 585)
------划分值:0.000,左节点损失:0.000,右节点损失:9.423,总损失:9.423
------划分值:1.000,左节点损失:9.422,右节点损失:0.000,总损失:9.422
('----划分特征：', 586)
------划分值:0.000,左节点损失:0.000,右节点损失:9.423,总损失:9.423
------划分值:1.000,左节点损失:9.409,右节点损失:0.012,总损失:9.421
('----划分特征：', 587)
------划分值:0.000,左节点损失:0.000,右节点损失:9.423,总损失:9.423
('----划分特征：', 588)
------划分值:0.000,左节点损失:0.000,右节点损失:9.423,总损失:9.423
('----划分特征：', 589)
------划分值:0.000,左节点损失:0.000,右节点损失:9.423,总损失:9.423
('----划分特征：', 590)
------划分值:0.000,左节点损失:0.000,右节点损失:9.423,总损失:9.423
------划分值:1.000,左节点损失:9.422,右节点损失:0.000,总损失:9.422
('----划分特征：', 591)
------划分值:0.000,左节点损失:0.000,右节点损失:9.423,总损失:9.423
------划分值:1.000,左节点损失:9.399,右节点损失:0.017,总损失:9.417
('----划分特征：', 592)
------划分值:0.000,左节点损失:0.000,右节点损失:9.423,总损失:9.423
------划分值:1.000,左节点损失:9.066,右节点损失:0.355,总损失:9.421
('----划分特征：', 593)
------划分值:0.000,左节点损失:0.000,右节点损失:9.423,总损失:9.423
------划分值:1.000,左节点损失:8.033,右节点损失:1.302,总损失:9.335
('----划分特征：', 594)
------划分值:0.000,左节点损失:0.000,右节点损失:9.423,总损失:9.423
------划分值:1.000,左节点损失:6.363,右节点损失:2.747,总损失:9.110
('----划分特征：', 595)
------划分值:0.000,左节点损失:0.000,右节点损失:9.423,总损失:9.423
------划分值:1.000,左节点损失:4.208,右节点损失:4.524,总损失:8.732
('----划分特征：', 596)
------划分值:0.000,左节点损失:0.000,右节点损失:9.423,总损失:9.423
------划分值:1.000,左节点损失:2.784,右节点损失:5.733,总损失:8.517
('----划分特征：', 597)
------划分值:0.000,左节点损失:0.000,右节点损失:9.423,总损失:9.423
------划分值:1.000,左节点损失:1.936,右节点损失:6.607,总损失:8.544
('----划分特征：', 598)
------划分值:1.000,左节点损失:1.948,右节点损失:6.821,总损失:8.768
------划分值:0.000,左节点损失:0.000,右节点损失:9.423,总损失:9.423
('----划分特征：', 599)
------划分值:1.000,左节点损失:2.397,右节点损失:6.666,总损失:9.063
------划分值:0.000,左节点损失:0.000,右节点损失:9.423,总损失:9.423
('----划分特征：', 600)
------划分值:1.000,左节点损失:2.737,右节点损失:6.485,总损失:9.222
------划分值:0.000,左节点损失:0.000,右节点损失:9.423,总损失:9.423
('----划分特征：', 601)
------划分值:1.000,左节点损失:2.651,右节点损失:6.600,总损失:9.250
------划分值:0.000,左节点损失:0.000,右节点损失:9.423,总损失:9.423
('----划分特征：', 602)
------划分值:1.000,左节点损失:2.495,右节点损失:6.717,总损失:9.212
------划分值:0.000,左节点损失:0.000,右节点损失:9.423,总损失:9.423
('----划分特征：', 603)
------划分值:1.000,左节点损失:2.345,右节点损失:6.750,总损失:9.095
------划分值:0.000,左节点损失:0.000,右节点损失:9.423,总损失:9.423
('----划分特征：', 604)
------划分值:0.000,左节点损失:0.000,右节点损失:9.423,总损失:9.423
------划分值:1.000,左节点损失:2.746,右节点损失:6.257,总损失:9.003
('----划分特征：', 605)
------划分值:0.000,左节点损失:0.000,右节点损失:9.423,总损失:9.423
------划分值:1.000,左节点损失:4.159,右节点损失:4.965,总损失:9.123
('----划分特征：', 606)
------划分值:0.000,左节点损失:0.000,右节点损失:9.423,总损失:9.423
------划分值:1.000,左节点损失:5.646,右节点损失:3.608,总损失:9.254
('----划分特征：', 607)
------划分值:0.000,左节点损失:0.000,右节点损失:9.423,总损失:9.423
------划分值:1.000,左节点损失:6.942,右节点损失:2.395,总损失:9.336
('----划分特征：', 608)
------划分值:0.000,左节点损失:0.000,右节点损失:9.423,总损失:9.423
------划分值:1.000,左节点损失:7.967,右节点损失:1.419,总损失:9.386
('----划分特征：', 609)
------划分值:0.000,左节点损失:0.000,右节点损失:9.423,总损失:9.423
------划分值:1.000,左节点损失:8.711,右节点损失:0.704,总损失:9.416
('----划分特征：', 610)
------划分值:0.000,左节点损失:0.000,右节点损失:9.423,总损失:9.423
------划分值:1.000,左节点损失:9.209,右节点损失:0.213,总损失:9.422
('----划分特征：', 611)
------划分值:0.000,左节点损失:0.000,右节点损失:9.423,总损失:9.423
------划分值:1.000,左节点损失:9.368,右节点损失:0.051,总损失:9.419
('----划分特征：', 612)
------划分值:0.000,左节点损失:0.000,右节点损失:9.423,总损失:9.423
------划分值:1.000,左节点损失:9.403,右节点损失:0.017,总损失:9.420
('----划分特征：', 613)
------划分值:0.000,左节点损失:0.000,右节点损失:9.423,总损失:9.423
------划分值:1.000,左节点损失:9.422,右节点损失:0.000,总损失:9.422
('----划分特征：', 614)
------划分值:0.000,左节点损失:0.000,右节点损失:9.423,总损失:9.423
------划分值:1.000,左节点损失:9.409,右节点损失:0.009,总损失:9.418
('----划分特征：', 615)
------划分值:0.000,左节点损失:0.000,右节点损失:9.423,总损失:9.423
('----划分特征：', 616)
------划分值:0.000,左节点损失:0.000,右节点损失:9.423,总损失:9.423
('----划分特征：', 617)
------划分值:0.000,左节点损失:0.000,右节点损失:9.423,总损失:9.423
('----划分特征：', 618)
------划分值:0.000,左节点损失:0.000,右节点损失:9.423,总损失:9.423
------划分值:1.000,左节点损失:9.423,右节点损失:0.000,总损失:9.423
('----划分特征：', 619)
------划分值:0.000,左节点损失:0.000,右节点损失:9.423,总损失:9.423
------划分值:1.000,左节点损失:9.405,右节点损失:0.017,总损失:9.422
('----划分特征：', 620)
------划分值:0.000,左节点损失:0.000,右节点损失:9.423,总损失:9.423
------划分值:1.000,左节点损失:9.323,右节点损失:0.099,总损失:9.422
('----划分特征：', 621)
------划分值:0.000,左节点损失:0.000,右节点损失:9.423,总损失:9.423
------划分值:1.000,左节点损失:8.651,右节点损失:0.734,总损失:9.386
('----划分特征：', 622)
------划分值:0.000,左节点损失:0.000,右节点损失:9.423,总损失:9.423
------划分值:1.000,左节点损失:7.565,右节点损失:1.719,总损失:9.284
('----划分特征：', 623)
------划分值:1.000,左节点损失:5.926,右节点损失:3.170,总损失:9.095
------划分值:0.000,左节点损失:0.000,右节点损失:9.423,总损失:9.423
('----划分特征：', 624)
------划分值:1.000,左节点损失:4.339,右节点损失:4.595,总损失:8.934
------划分值:0.000,左节点损失:0.000,右节点损失:9.423,总损失:9.423
('----划分特征：', 625)
------划分值:1.000,左节点损失:2.761,右节点损失:5.974,总损失:8.735
------划分值:0.000,左节点损失:0.000,右节点损失:9.423,总损失:9.423
('----划分特征：', 626)
------划分值:1.000,左节点损失:1.716,右节点损失:6.981,总损失:8.697
------划分值:0.000,左节点损失:0.000,右节点损失:9.423,总损失:9.423
('----划分特征：', 627)
------划分值:1.000,左节点损失:1.511,右节点损失:7.312,总损失:8.823
------划分值:0.000,左节点损失:0.000,右节点损失:9.423,总损失:9.423
('----划分特征：', 628)
------划分值:1.000,左节点损失:1.525,右节点损失:7.385,总损失:8.910
------划分值:0.000,左节点损失:0.000,右节点损失:9.423,总损失:9.423
('----划分特征：', 629)
------划分值:1.000,左节点损失:1.856,右节点损失:7.136,总损失:8.992
------划分值:0.000,左节点损失:0.000,右节点损失:9.423,总损失:9.423
('----划分特征：', 630)
------划分值:0.000,左节点损失:0.000,右节点损失:9.423,总损失:9.423
------划分值:1.000,左节点损失:2.236,右节点损失:6.777,总损失:9.013
('----划分特征：', 631)
------划分值:0.000,左节点损失:0.000,右节点损失:9.423,总损失:9.423
------划分值:1.000,左节点损失:3.353,右节点损失:5.772,总损失:9.124
('----划分特征：', 632)
------划分值:0.000,左节点损失:0.000,右节点损失:9.423,总损失:9.423
------划分值:1.000,左节点损失:4.761,右节点损失:4.479,总损失:9.240
('----划分特征：', 633)
------划分值:0.000,左节点损失:0.000,右节点损失:9.423,总损失:9.423
------划分值:1.000,左节点损失:6.308,右节点损失:3.038,总损失:9.347
('----划分特征：', 634)
------划分值:0.000,左节点损失:0.000,右节点损失:9.423,总损失:9.423
------划分值:1.000,左节点损失:7.352,右节点损失:2.040,总损失:9.392
('----划分特征：', 635)
------划分值:0.000,左节点损失:0.000,右节点损失:9.423,总损失:9.423
------划分值:1.000,左节点损失:8.224,右节点损失:1.192,总损失:9.416
('----划分特征：', 636)
------划分值:0.000,左节点损失:0.000,右节点损失:9.423,总损失:9.423
------划分值:1.000,左节点损失:8.806,右节点损失:0.617,总损失:9.423
('----划分特征：', 637)
------划分值:0.000,左节点损失:0.000,右节点损失:9.423,总损失:9.423
------划分值:1.000,左节点损失:9.204,右节点损失:0.215,总损失:9.419
('----划分特征：', 638)
------划分值:0.000,左节点损失:0.000,右节点损失:9.423,总损失:9.423
------划分值:1.000,左节点损失:9.335,右节点损失:0.084,总损失:9.419
('----划分特征：', 639)
------划分值:0.000,左节点损失:0.000,右节点损失:9.423,总损失:9.423
------划分值:1.000,左节点损失:9.403,右节点损失:0.017,总损失:9.420
('----划分特征：', 640)
------划分值:0.000,左节点损失:0.000,右节点损失:9.423,总损失:9.423
------划分值:1.000,左节点损失:9.421,右节点损失:0.000,总损失:9.421
('----划分特征：', 641)
------划分值:0.000,左节点损失:0.000,右节点损失:9.423,总损失:9.423
------划分值:1.000,左节点损失:9.422,右节点损失:0.000,总损失:9.422
('----划分特征：', 642)
------划分值:0.000,左节点损失:0.000,右节点损失:9.423,总损失:9.423
------划分值:1.000,左节点损失:9.409,右节点损失:0.000,总损失:9.409
('----划分特征：', 643)
------划分值:0.000,左节点损失:0.000,右节点损失:9.423,总损失:9.423
('----划分特征：', 644)
------划分值:0.000,左节点损失:0.000,右节点损失:9.423,总损失:9.423
('----划分特征：', 645)
------划分值:0.000,左节点损失:0.000,右节点损失:9.423,总损失:9.423
('----划分特征：', 646)
------划分值:0.000,左节点损失:0.000,右节点损失:9.423,总损失:9.423
------划分值:1.000,左节点损失:9.423,右节点损失:0.000,总损失:9.423
('----划分特征：', 647)
------划分值:0.000,左节点损失:0.000,右节点损失:9.423,总损失:9.423
------划分值:1.000,左节点损失:9.422,右节点损失:0.000,总损失:9.422
('----划分特征：', 648)
------划分值:0.000,左节点损失:0.000,右节点损失:9.423,总损失:9.423
------划分值:1.000,左节点损失:9.390,右节点损失:0.033,总损失:9.423
('----划分特征：', 649)
------划分值:1.000,左节点损失:9.205,右节点损失:0.218,总损失:9.423
------划分值:0.000,左节点损失:0.000,右节点损失:9.423,总损失:9.423
('----划分特征：', 650)
------划分值:1.000,左节点损失:8.851,右节点损失:0.567,总损失:9.418
------划分值:0.000,左节点损失:0.000,右节点损失:9.423,总损失:9.423
('----划分特征：', 651)
------划分值:1.000,左节点损失:8.177,右节点损失:1.222,总损失:9.400
------划分值:0.000,左节点损失:0.000,右节点损失:9.423,总损失:9.423
('----划分特征：', 652)
------划分值:1.000,左节点损失:7.015,右节点损失:2.335,总损失:9.350
------划分值:0.000,左节点损失:0.000,右节点损失:9.423,总损失:9.423
('----划分特征：', 653)
------划分值:1.000,左节点损失:5.626,右节点损失:3.642,总损失:9.268
------划分值:0.000,左节点损失:0.000,右节点损失:9.423,总损失:9.423
('----划分特征：', 654)
------划分值:1.000,左节点损失:4.679,右节点损失:4.568,总损失:9.247
------划分值:0.000,左节点损失:0.000,右节点损失:9.423,总损失:9.423
('----划分特征：', 655)
------划分值:1.000,左节点损失:3.749,右节点损失:5.424,总损失:9.173
------划分值:0.000,左节点损失:0.000,右节点损失:9.423,总损失:9.423
('----划分特征：', 656)
------划分值:1.000,左节点损失:3.667,右节点损失:5.518,总损失:9.184
------划分值:0.000,左节点损失:0.000,右节点损失:9.423,总损失:9.423
('----划分特征：', 657)
------划分值:0.000,左节点损失:0.000,右节点损失:9.423,总损失:9.423
------划分值:1.000,左节点损失:4.259,右节点损失:5.007,总损失:9.266
('----划分特征：', 658)
------划分值:0.000,左节点损失:0.000,右节点损失:9.423,总损失:9.423
------划分值:1.000,左节点损失:5.319,右节点损失:4.043,总损失:9.362
('----划分特征：', 659)
------划分值:0.000,左节点损失:0.000,右节点损失:9.423,总损失:9.423
------划分值:1.000,左节点损失:6.441,右节点损失:2.963,总损失:9.404
('----划分特征：', 660)
------划分值:0.000,左节点损失:0.000,右节点损失:9.423,总损失:9.423
------划分值:1.000,左节点损失:7.665,右节点损失:1.758,总损失:9.423
('----划分特征：', 661)
------划分值:0.000,左节点损失:0.000,右节点损失:9.423,总损失:9.423
------划分值:1.000,左节点损失:8.235,右节点损失:1.188,总损失:9.423
('----划分特征：', 662)
------划分值:0.000,左节点损失:0.000,右节点损失:9.423,总损失:9.423
------划分值:1.000,左节点损失:8.710,右节点损失:0.712,总损失:9.421
('----划分特征：', 663)
------划分值:0.000,左节点损失:0.000,右节点损失:9.423,总损失:9.423
------划分值:1.000,左节点损失:9.168,右节点损失:0.237,总损失:9.405
('----划分特征：', 664)
------划分值:0.000,左节点损失:0.000,右节点损失:9.423,总损失:9.423
------划分值:1.000,左节点损失:9.292,右节点损失:0.119,总损失:9.411
('----划分特征：', 665)
------划分值:0.000,左节点损失:0.000,右节点损失:9.423,总损失:9.423
------划分值:1.000,左节点损失:9.376,右节点损失:0.035,总损失:9.411
('----划分特征：', 666)
------划分值:0.000,左节点损失:0.000,右节点损失:9.423,总损失:9.423
------划分值:1.000,左节点损失:9.400,右节点损失:0.017,总损失:9.417
('----划分特征：', 667)
------划分值:0.000,左节点损失:0.000,右节点损失:9.423,总损失:9.423
------划分值:1.000,左节点损失:9.420,右节点损失:0.000,总损失:9.420
('----划分特征：', 668)
------划分值:0.000,左节点损失:0.000,右节点损失:9.423,总损失:9.423
------划分值:1.000,左节点损失:9.423,右节点损失:0.000,总损失:9.423
('----划分特征：', 669)
------划分值:0.000,左节点损失:0.000,右节点损失:9.423,总损失:9.423
('----划分特征：', 670)
------划分值:0.000,左节点损失:0.000,右节点损失:9.423,总损失:9.423
('----划分特征：', 671)
------划分值:0.000,左节点损失:0.000,右节点损失:9.423,总损失:9.423
('----划分特征：', 672)
------划分值:0.000,左节点损失:0.000,右节点损失:9.423,总损失:9.423
('----划分特征：', 673)
------划分值:0.000,左节点损失:0.000,右节点损失:9.423,总损失:9.423
('----划分特征：', 674)
------划分值:0.000,左节点损失:0.000,右节点损失:9.423,总损失:9.423
('----划分特征：', 675)
------划分值:0.000,左节点损失:0.000,右节点损失:9.423,总损失:9.423
------划分值:1.000,左节点损失:9.423,右节点损失:0.000,总损失:9.423
('----划分特征：', 676)
------划分值:1.000,左节点损失:9.407,右节点损失:0.017,总损失:9.423
------划分值:0.000,左节点损失:0.000,右节点损失:9.423,总损失:9.423
('----划分特征：', 677)
------划分值:1.000,左节点损失:9.388,右节点损失:0.034,总损失:9.422
------划分值:0.000,左节点损失:0.000,右节点损失:9.423,总损失:9.423
('----划分特征：', 678)
------划分值:1.000,左节点损失:9.363,右节点损失:0.051,总损失:9.415
------划分值:0.000,左节点损失:0.000,右节点损失:9.423,总损失:9.423
('----划分特征：', 679)
------划分值:1.000,左节点损失:9.271,右节点损失:0.136,总损失:9.407
------划分值:0.000,左节点损失:0.000,右节点损失:9.423,总损失:9.423
('----划分特征：', 680)
------划分值:1.000,左节点损失:9.107,右节点损失:0.288,总损失:9.395
------划分值:0.000,左节点损失:0.000,右节点损失:9.423,总损失:9.423
('----划分特征：', 681)
------划分值:1.000,左节点损失:8.819,右节点损失:0.571,总损失:9.390
------划分值:0.000,左节点损失:0.000,右节点损失:9.423,总损失:9.423
('----划分特征：', 682)
------划分值:1.000,左节点损失:8.406,右节点损失:0.993,总损失:9.399
------划分值:0.000,左节点损失:0.000,右节点损失:9.423,总损失:9.423
('----划分特征：', 683)
------划分值:0.000,左节点损失:0.000,右节点损失:9.423,总损失:9.423
------划分值:1.000,左节点损失:8.155,右节点损失:1.249,总损失:9.403
('----划分特征：', 684)
------划分值:0.000,左节点损失:0.000,右节点损失:9.423,总损失:9.423
------划分值:1.000,左节点损失:7.996,右节点损失:1.417,总损失:9.413
('----划分特征：', 685)
------划分值:0.000,左节点损失:0.000,右节点损失:9.423,总损失:9.423
------划分值:1.000,左节点损失:8.099,右节点损失:1.309,总损失:9.408
('----划分特征：', 686)
------划分值:0.000,左节点损失:0.000,右节点损失:9.423,总损失:9.423
------划分值:1.000,左节点损失:8.403,右节点损失:0.994,总损失:9.397
('----划分特征：', 687)
------划分值:0.000,左节点损失:0.000,右节点损失:9.423,总损失:9.423
------划分值:1.000,左节点损失:8.726,右节点损失:0.668,总损失:9.394
('----划分特征：', 688)
------划分值:0.000,左节点损失:0.000,右节点损失:9.423,总损失:9.423
------划分值:1.000,左节点损失:9.016,右节点损失:0.373,总损失:9.389
('----划分特征：', 689)
------划分值:0.000,左节点损失:0.000,右节点损失:9.423,总损失:9.423
------划分值:1.000,左节点损失:9.202,右节点损失:0.188,总损失:9.391
('----划分特征：', 690)
------划分值:0.000,左节点损失:0.000,右节点损失:9.423,总损失:9.423
------划分值:1.000,左节点损失:9.308,右节点损失:0.087,总损失:9.394
('----划分特征：', 691)
------划分值:0.000,左节点损失:0.000,右节点损失:9.423,总损失:9.423
------划分值:1.000,左节点损失:9.366,右节点损失:0.035,总损失:9.401
('----划分特征：', 692)
------划分值:0.000,左节点损失:0.000,右节点损失:9.423,总损失:9.423
------划分值:1.000,左节点损失:9.376,右节点损失:0.035,总损失:9.411
('----划分特征：', 693)
------划分值:0.000,左节点损失:0.000,右节点损失:9.423,总损失:9.423
------划分值:1.000,左节点损失:9.400,右节点损失:0.017,总损失:9.417
('----划分特征：', 694)
------划分值:0.000,左节点损失:0.000,右节点损失:9.423,总损失:9.423
------划分值:1.000,左节点损失:9.419,右节点损失:0.000,总损失:9.419
('----划分特征：', 695)
------划分值:0.000,左节点损失:0.000,右节点损失:9.423,总损失:9.423
------划分值:1.000,左节点损失:9.422,右节点损失:0.000,总损失:9.422
('----划分特征：', 696)
------划分值:0.000,左节点损失:0.000,右节点损失:9.423,总损失:9.423
------划分值:1.000,左节点损失:9.423,右节点损失:0.000,总损失:9.423
('----划分特征：', 697)
------划分值:0.000,左节点损失:0.000,右节点损失:9.423,总损失:9.423
('----划分特征：', 698)
------划分值:0.000,左节点损失:0.000,右节点损失:9.423,总损失:9.423
('----划分特征：', 699)
------划分值:0.000,左节点损失:0.000,右节点损失:9.423,总损失:9.423
('----划分特征：', 700)
------划分值:0.000,左节点损失:0.000,右节点损失:9.423,总损失:9.423
('----划分特征：', 701)
------划分值:0.000,左节点损失:0.000,右节点损失:9.423,总损失:9.423
('----划分特征：', 702)
------划分值:0.000,左节点损失:0.000,右节点损失:9.423,总损失:9.423
('----划分特征：', 703)
------划分值:0.000,左节点损失:0.000,右节点损失:9.423,总损失:9.423
('----划分特征：', 704)
------划分值:0.000,左节点损失:0.000,右节点损失:9.423,总损失:9.423
------划分值:1.000,左节点损失:9.423,右节点损失:0.000,总损失:9.423
('----划分特征：', 705)
------划分值:0.000,左节点损失:0.000,右节点损失:9.423,总损失:9.423
------划分值:1.000,左节点损失:9.421,右节点损失:0.000,总损失:9.421
('----划分特征：', 706)
------划分值:0.000,左节点损失:0.000,右节点损失:9.423,总损失:9.423
------划分值:1.000,左节点损失:9.417,右节点损失:0.000,总损失:9.417
('----划分特征：', 707)
------划分值:0.000,左节点损失:0.000,右节点损失:9.423,总损失:9.423
------划分值:1.000,左节点损失:9.407,右节点损失:0.000,总损失:9.407
('----划分特征：', 708)
------划分值:0.000,左节点损失:0.000,右节点损失:9.423,总损失:9.423
------划分值:1.000,左节点损失:9.390,右节点损失:0.000,总损失:9.390
('----划分特征：', 709)
------划分值:0.000,左节点损失:0.000,右节点损失:9.423,总损失:9.423
------划分值:1.000,左节点损失:9.370,右节点损失:0.000,总损失:9.370
('----划分特征：', 710)
------划分值:0.000,左节点损失:0.000,右节点损失:9.423,总损失:9.423
------划分值:1.000,左节点损失:9.341,右节点损失:0.018,总损失:9.358
('----划分特征：', 711)
------划分值:0.000,左节点损失:0.000,右节点损失:9.423,总损失:9.423
------划分值:1.000,左节点损失:9.323,右节点损失:0.035,总损失:9.358
('----划分特征：', 712)
------划分值:0.000,左节点损失:0.000,右节点损失:9.423,总损失:9.423
------划分值:1.000,左节点损失:9.327,右节点损失:0.035,总损失:9.362
('----划分特征：', 713)
------划分值:0.000,左节点损失:0.000,右节点损失:9.423,总损失:9.423
------划分值:1.000,左节点损失:9.316,右节点损失:0.053,总损失:9.368
('----划分特征：', 714)
------划分值:0.000,左节点损失:0.000,右节点损失:9.423,总损失:9.423
------划分值:1.000,左节点损失:9.338,右节点损失:0.035,总损失:9.373
('----划分特征：', 715)
------划分值:0.000,左节点损失:0.000,右节点损失:9.423,总损失:9.423
------划分值:1.000,左节点损失:9.361,右节点损失:0.018,总损失:9.378
('----划分特征：', 716)
------划分值:0.000,左节点损失:0.000,右节点损失:9.423,总损失:9.423
------划分值:1.000,左节点损失:9.382,右节点损失:0.000,总损失:9.382
('----划分特征：', 717)
------划分值:0.000,左节点损失:0.000,右节点损失:9.423,总损失:9.423
------划分值:1.000,左节点损失:9.396,右节点损失:0.000,总损失:9.396
('----划分特征：', 718)
------划分值:0.000,左节点损失:0.000,右节点损失:9.423,总损失:9.423
------划分值:1.000,左节点损失:9.405,右节点损失:0.000,总损失:9.405
('----划分特征：', 719)
------划分值:0.000,左节点损失:0.000,右节点损失:9.423,总损失:9.423
------划分值:1.000,左节点损失:9.411,右节点损失:0.000,总损失:9.411
('----划分特征：', 720)
------划分值:0.000,左节点损失:0.000,右节点损失:9.423,总损失:9.423
------划分值:1.000,左节点损失:9.415,右节点损失:0.000,总损失:9.415
('----划分特征：', 721)
------划分值:0.000,左节点损失:0.000,右节点损失:9.423,总损失:9.423
------划分值:1.000,左节点损失:9.418,右节点损失:0.000,总损失:9.418
('----划分特征：', 722)
------划分值:0.000,左节点损失:0.000,右节点损失:9.423,总损失:9.423
------划分值:1.000,左节点损失:9.421,右节点损失:0.000,总损失:9.421
('----划分特征：', 723)
------划分值:0.000,左节点损失:0.000,右节点损失:9.423,总损失:9.423
------划分值:1.000,左节点损失:9.423,右节点损失:0.000,总损失:9.423
('----划分特征：', 724)
------划分值:0.000,左节点损失:0.000,右节点损失:9.423,总损失:9.423
('----划分特征：', 725)
------划分值:0.000,左节点损失:0.000,右节点损失:9.423,总损失:9.423
('----划分特征：', 726)
------划分值:0.000,左节点损失:0.000,右节点损失:9.423,总损失:9.423
('----划分特征：', 727)
------划分值:0.000,左节点损失:0.000,右节点损失:9.423,总损失:9.423
('----划分特征：', 728)
------划分值:0.000,左节点损失:0.000,右节点损失:9.423,总损失:9.423
('----划分特征：', 729)
------划分值:0.000,左节点损失:0.000,右节点损失:9.423,总损失:9.423
('----划分特征：', 730)
------划分值:0.000,左节点损失:0.000,右节点损失:9.423,总损失:9.423
('----划分特征：', 731)
------划分值:0.000,左节点损失:0.000,右节点损失:9.423,总损失:9.423
('----划分特征：', 732)
------划分值:0.000,左节点损失:0.000,右节点损失:9.423,总损失:9.423
------划分值:1.000,左节点损失:9.423,右节点损失:0.000,总损失:9.423
('----划分特征：', 733)
------划分值:0.000,左节点损失:0.000,右节点损失:9.423,总损失:9.423
------划分值:1.000,左节点损失:9.423,右节点损失:0.000,总损失:9.423
('----划分特征：', 734)
------划分值:0.000,左节点损失:0.000,右节点损失:9.423,总损失:9.423
------划分值:1.000,左节点损失:9.420,右节点损失:0.000,总损失:9.420
('----划分特征：', 735)
------划分值:0.000,左节点损失:0.000,右节点损失:9.423,总损失:9.423
------划分值:1.000,左节点损失:9.416,右节点损失:0.000,总损失:9.416
('----划分特征：', 736)
------划分值:0.000,左节点损失:0.000,右节点损失:9.423,总损失:9.423
------划分值:1.000,左节点损失:9.408,右节点损失:0.000,总损失:9.408
('----划分特征：', 737)
------划分值:0.000,左节点损失:0.000,右节点损失:9.423,总损失:9.423
------划分值:1.000,左节点损失:9.402,右节点损失:0.000,总损失:9.402
('----划分特征：', 738)
------划分值:0.000,左节点损失:0.000,右节点损失:9.423,总损失:9.423
------划分值:1.000,左节点损失:9.398,右节点损失:0.000,总损失:9.398
('----划分特征：', 739)
------划分值:0.000,左节点损失:0.000,右节点损失:9.423,总损失:9.423
------划分值:1.000,左节点损失:9.398,右节点损失:0.000,总损失:9.398
('----划分特征：', 740)
------划分值:0.000,左节点损失:0.000,右节点损失:9.423,总损失:9.423
------划分值:1.000,左节点损失:9.402,右节点损失:0.000,总损失:9.402
('----划分特征：', 741)
------划分值:0.000,左节点损失:0.000,右节点损失:9.423,总损失:9.423
------划分值:1.000,左节点损失:9.403,右节点损失:0.000,总损失:9.403
('----划分特征：', 742)
------划分值:0.000,左节点损失:0.000,右节点损失:9.423,总损失:9.423
------划分值:1.000,左节点损失:9.403,右节点损失:0.000,总损失:9.403
('----划分特征：', 743)
------划分值:0.000,左节点损失:0.000,右节点损失:9.423,总损失:9.423
------划分值:1.000,左节点损失:9.408,右节点损失:0.000,总损失:9.408
('----划分特征：', 744)
------划分值:0.000,左节点损失:0.000,右节点损失:9.423,总损失:9.423
------划分值:1.000,左节点损失:9.410,右节点损失:0.000,总损失:9.410
('----划分特征：', 745)
------划分值:0.000,左节点损失:0.000,右节点损失:9.423,总损失:9.423
------划分值:1.000,左节点损失:9.412,右节点损失:0.000,总损失:9.412
('----划分特征：', 746)
------划分值:0.000,左节点损失:0.000,右节点损失:9.423,总损失:9.423
------划分值:1.000,左节点损失:9.416,右节点损失:0.000,总损失:9.416
('----划分特征：', 747)
------划分值:0.000,左节点损失:0.000,右节点损失:9.423,总损失:9.423
------划分值:1.000,左节点损失:9.419,右节点损失:0.000,总损失:9.419
('----划分特征：', 748)
------划分值:0.000,左节点损失:0.000,右节点损失:9.423,总损失:9.423
------划分值:1.000,左节点损失:9.421,右节点损失:0.000,总损失:9.421
('----划分特征：', 749)
------划分值:0.000,左节点损失:0.000,右节点损失:9.423,总损失:9.423
------划分值:1.000,左节点损失:9.422,右节点损失:0.000,总损失:9.422
('----划分特征：', 750)
------划分值:0.000,左节点损失:0.000,右节点损失:9.423,总损失:9.423
------划分值:1.000,左节点损失:9.423,右节点损失:0.000,总损失:9.423
('----划分特征：', 751)
------划分值:0.000,左节点损失:0.000,右节点损失:9.423,总损失:9.423
------划分值:1.000,左节点损失:9.423,右节点损失:0.000,总损失:9.423
('----划分特征：', 752)
------划分值:0.000,左节点损失:0.000,右节点损失:9.423,总损失:9.423
('----划分特征：', 753)
------划分值:0.000,左节点损失:0.000,右节点损失:9.423,总损失:9.423
('----划分特征：', 754)
------划分值:0.000,左节点损失:0.000,右节点损失:9.423,总损失:9.423
('----划分特征：', 755)
------划分值:0.000,左节点损失:0.000,右节点损失:9.423,总损失:9.423
('----划分特征：', 756)
------划分值:0.000,左节点损失:0.000,右节点损失:9.423,总损失:9.423
('----划分特征：', 757)
------划分值:0.000,左节点损失:0.000,右节点损失:9.423,总损失:9.423
('----划分特征：', 758)
------划分值:0.000,左节点损失:0.000,右节点损失:9.423,总损失:9.423
('----划分特征：', 759)
------划分值:0.000,左节点损失:0.000,右节点损失:9.423,总损失:9.423
('----划分特征：', 760)
------划分值:0.000,左节点损失:0.000,右节点损失:9.423,总损失:9.423
('----划分特征：', 761)
------划分值:0.000,左节点损失:0.000,右节点损失:9.423,总损失:9.423
------划分值:1.000,左节点损失:9.423,右节点损失:0.000,总损失:9.423
('----划分特征：', 762)
------划分值:0.000,左节点损失:0.000,右节点损失:9.423,总损失:9.423
------划分值:1.000,左节点损失:9.423,右节点损失:0.000,总损失:9.423
('----划分特征：', 763)
------划分值:0.000,左节点损失:0.000,右节点损失:9.423,总损失:9.423
------划分值:1.000,左节点损失:9.423,右节点损失:0.000,总损失:9.423
('----划分特征：', 764)
------划分值:0.000,左节点损失:0.000,右节点损失:9.423,总损失:9.423
------划分值:1.000,左节点损失:9.423,右节点损失:0.000,总损失:9.423
('----划分特征：', 765)
------划分值:0.000,左节点损失:0.000,右节点损失:9.423,总损失:9.423
------划分值:1.000,左节点损失:9.423,右节点损失:0.000,总损失:9.423
('----划分特征：', 766)
------划分值:0.000,左节点损失:0.000,右节点损失:9.423,总损失:9.423
------划分值:1.000,左节点损失:9.422,右节点损失:0.000,总损失:9.422
('----划分特征：', 767)
------划分值:0.000,左节点损失:0.000,右节点损失:9.423,总损失:9.423
------划分值:1.000,左节点损失:9.421,右节点损失:0.000,总损失:9.421
('----划分特征：', 768)
------划分值:0.000,左节点损失:0.000,右节点损失:9.423,总损失:9.423
------划分值:1.000,左节点损失:9.420,右节点损失:0.000,总损失:9.420
('----划分特征：', 769)
------划分值:0.000,左节点损失:0.000,右节点损失:9.423,总损失:9.423
------划分值:1.000,左节点损失:9.420,右节点损失:0.000,总损失:9.420
('----划分特征：', 770)
------划分值:0.000,左节点损失:0.000,右节点损失:9.423,总损失:9.423
------划分值:1.000,左节点损失:9.421,右节点损失:0.000,总损失:9.421
('----划分特征：', 771)
------划分值:0.000,左节点损失:0.000,右节点损失:9.423,总损失:9.423
------划分值:1.000,左节点损失:9.421,右节点损失:0.000,总损失:9.421
('----划分特征：', 772)
------划分值:0.000,左节点损失:0.000,右节点损失:9.423,总损失:9.423
------划分值:1.000,左节点损失:9.421,右节点损失:0.000,总损失:9.421
('----划分特征：', 773)
------划分值:0.000,左节点损失:0.000,右节点损失:9.423,总损失:9.423
------划分值:1.000,左节点损失:9.423,右节点损失:0.000,总损失:9.423
('----划分特征：', 774)
------划分值:0.000,左节点损失:0.000,右节点损失:9.423,总损失:9.423
------划分值:1.000,左节点损失:9.423,右节点损失:0.000,总损失:9.423
('----划分特征：', 775)
------划分值:0.000,左节点损失:0.000,右节点损失:9.423,总损失:9.423
------划分值:1.000,左节点损失:9.423,右节点损失:0.000,总损失:9.423
('----划分特征：', 776)
------划分值:0.000,左节点损失:0.000,右节点损失:9.423,总损失:9.423
------划分值:1.000,左节点损失:9.423,右节点损失:0.000,总损失:9.423
('----划分特征：', 777)
------划分值:0.000,左节点损失:0.000,右节点损失:9.423,总损失:9.423
------划分值:1.000,左节点损失:9.423,右节点损失:0.000,总损失:9.423
('----划分特征：', 778)
------划分值:0.000,左节点损失:0.000,右节点损失:9.423,总损失:9.423
('----划分特征：', 779)
------划分值:0.000,左节点损失:0.000,右节点损失:9.423,总损失:9.423
('----划分特征：', 780)
------划分值:0.000,左节点损失:0.000,右节点损失:9.423,总损失:9.423
('----划分特征：', 781)
------划分值:0.000,左节点损失:0.000,右节点损失:9.423,总损失:9.423
('----划分特征：', 782)
------划分值:0.000,左节点损失:0.000,右节点损失:9.423,总损失:9.423
('----划分特征：', 783)
------划分值:0.000,左节点损失:0.000,右节点损失:9.423,总损失:9.423
('----划分特征：', 'label')
------划分值:0.000,左节点损失:0.000,右节点损失:9.423,总损失:9.423
------划分值:1.000,左节点损失:0.000,右节点损失:0.000,总损失:0.000
('----划分特征：', 'f_0')
------划分值:-2.212,左节点损失:0.000,右节点损失:9.423,总损失:9.423
('----划分特征：', 'res_1')
------划分值:-0.099,左节点损失:0.000,右节点损失:9.423,总损失:9.423
------划分值:0.901,左节点损失:0.000,右节点损失:0.000,总损失:0.000
('----划分特征：', 'f_1')
------划分值:-2.323,左节点损失:0.000,右节点损失:9.423,总损失:9.423
------划分值:-1.199,左节点损失:0.000,右节点损失:0.000,总损失:0.000
('----划分特征：', 'res_2')
------划分值:-0.089,左节点损失:0.000,右节点损失:9.423,总损失:9.423
------划分值:0.768,左节点损失:0.000,右节点损失:0.000,总损失:0.000
('----划分特征：', 'f_2')
------划分值:-2.433,左节点损失:0.000,右节点损失:9.423,总损失:9.423
------划分值:-0.767,左节点损失:0.000,右节点损失:0.000,总损失:0.000
('----划分特征：', 'res_3')
------划分值:-0.081,左节点损失:0.000,右节点损失:9.423,总损失:9.423
------划分值:0.683,左节点损失:0.000,右节点损失:0.000,总损失:0.000
('----划分特征：', 'f_3')
------划分值:-2.542,左节点损失:0.000,右节点损失:9.423,总损失:9.423
------划分值:-0.452,左节点损失:0.000,右节点损失:0.000,总损失:0.000
('----划分特征：', 'res_4')
------划分值:-0.073,左节点损失:0.000,右节点损失:9.423,总损失:9.423
------划分值:0.611,左节点损失:0.000,右节点损失:0.000,总损失:0.000
('----划分特征：', 'f_4')
------划分值:-2.650,左节点损失:0.000,右节点损失:9.423,总损失:9.423
------划分值:-0.195,左节点损失:0.000,右节点损失:0.000,总损失:0.000
('----划分特征：', 'res_5')
------划分值:-0.066,左节点损失:0.000,右节点损失:9.423,总损失:9.423
------划分值:0.549,左节点损失:0.000,右节点损失:0.000,总损失:0.000
('----划分特征：', 'f_5')
------划分值:-2.757,左节点损失:0.000,右节点损失:9.423,总损失:9.423
------划分值:0.027,左节点损失:0.000,右节点损失:0.000,总损失:0.000
('----划分特征：', 'res_6')
------划分值:-0.060,左节点损失:0.000,右节点损失:9.423,总损失:9.423
------划分值:0.493,左节点损失:0.000,右节点损失:0.000,总损失:0.000
('----划分特征：', 'f_6')
------划分值:-2.863,左节点损失:0.000,右节点损失:9.423,总损失:9.423
------划分值:0.224,左节点损失:0.000,右节点损失:0.000,总损失:0.000
('----划分特征：', 'res_7')
------划分值:-0.054,左节点损失:0.000,右节点损失:9.423,总损失:9.423
------划分值:0.444,左节点损失:0.000,右节点损失:0.000,总损失:0.000
('----划分特征：', 'f_7')
------划分值:-2.969,左节点损失:0.000,右节点损失:9.423,总损失:9.423
------划分值:0.404,左节点损失:0.000,右节点损失:0.000,总损失:0.000
('----划分特征：', 'res_8')
------划分值:-0.049,左节点损失:0.000,右节点损失:9.423,总损失:9.423
------划分值:0.400,左节点损失:0.000,右节点损失:0.000,总损失:0.000
('----划分特征：', 'f_8')
------划分值:-3.074,左节点损失:0.000,右节点损失:9.423,总损失:9.423
------划分值:0.571,左节点损失:0.000,右节点损失:0.000,总损失:0.000
('----划分特征：', 'res_9')
------划分值:-0.044,左节点损失:0.000,右节点损失:9.423,总损失:9.423
------划分值:0.361,左节点损失:0.000,右节点损失:0.000,总损失:0.000
('----划分特征：', 'f_9')
------划分值:-3.178,左节点损失:0.000,右节点损失:9.423,总损失:9.423
------划分值:0.727,左节点损失:0.000,右节点损失:0.000,总损失:0.000
('----划分特征：', 'res_10')
------划分值:-0.040,左节点损失:0.000,右节点损失:9.423,总损失:9.423
------划分值:0.326,左节点损失:0.000,右节点损失:0.000,总损失:0.000
('--最佳划分特征：', 'label')
('--最佳划分值：', 1)
('叶子节点预测值：', -1.01490965335533)
('叶子节点预测值：', 1.1340470234139535)
第20棵树: log-likelihood:4.1293
