-----------------------------构建第21颗树-----------------------------
--树的深度：0
('----划分特征：', 1)
------划分值:0.000,左节点损失:0.000,右节点损失:7.706,总损失:7.706
('----划分特征：', 2)
------划分值:0.000,左节点损失:0.000,右节点损失:7.706,总损失:7.706
('----划分特征：', 3)
------划分值:0.000,左节点损失:0.000,右节点损失:7.706,总损失:7.706
('----划分特征：', 4)
------划分值:0.000,左节点损失:0.000,右节点损失:7.706,总损失:7.706
('----划分特征：', 5)
------划分值:0.000,左节点损失:0.000,右节点损失:7.706,总损失:7.706
('----划分特征：', 6)
------划分值:0.000,左节点损失:0.000,右节点损失:7.706,总损失:7.706
('----划分特征：', 7)
------划分值:0.000,左节点损失:0.000,右节点损失:7.706,总损失:7.706
('----划分特征：', 8)
------划分值:0.000,左节点损失:0.000,右节点损失:7.706,总损失:7.706
('----划分特征：', 9)
------划分值:0.000,左节点损失:0.000,右节点损失:7.706,总损失:7.706
('----划分特征：', 10)
------划分值:0.000,左节点损失:0.000,右节点损失:7.706,总损失:7.706
('----划分特征：', 11)
------划分值:0.000,左节点损失:0.000,右节点损失:7.706,总损失:7.706
('----划分特征：', 12)
------划分值:0.000,左节点损失:0.000,右节点损失:7.706,总损失:7.706
('----划分特征：', 13)
------划分值:0.000,左节点损失:0.000,右节点损失:7.706,总损失:7.706
('----划分特征：', 14)
------划分值:0.000,左节点损失:0.000,右节点损失:7.706,总损失:7.706
('----划分特征：', 15)
------划分值:0.000,左节点损失:0.000,右节点损失:7.706,总损失:7.706
('----划分特征：', 16)
------划分值:0.000,左节点损失:0.000,右节点损失:7.706,总损失:7.706
('----划分特征：', 17)
------划分值:0.000,左节点损失:0.000,右节点损失:7.706,总损失:7.706
('----划分特征：', 18)
------划分值:0.000,左节点损失:0.000,右节点损失:7.706,总损失:7.706
('----划分特征：', 19)
------划分值:0.000,左节点损失:0.000,右节点损失:7.706,总损失:7.706
('----划分特征：', 20)
------划分值:0.000,左节点损失:0.000,右节点损失:7.706,总损失:7.706
('----划分特征：', 21)
------划分值:0.000,左节点损失:0.000,右节点损失:7.706,总损失:7.706
('----划分特征：', 22)
------划分值:0.000,左节点损失:0.000,右节点损失:7.706,总损失:7.706
('----划分特征：', 23)
------划分值:0.000,左节点损失:0.000,右节点损失:7.706,总损失:7.706
('----划分特征：', 24)
------划分值:0.000,左节点损失:0.000,右节点损失:7.706,总损失:7.706
('----划分特征：', 25)
------划分值:0.000,左节点损失:0.000,右节点损失:7.706,总损失:7.706
('----划分特征：', 26)
------划分值:0.000,左节点损失:0.000,右节点损失:7.706,总损失:7.706
('----划分特征：', 27)
------划分值:0.000,左节点损失:0.000,右节点损失:7.706,总损失:7.706
('----划分特征：', 28)
------划分值:0.000,左节点损失:0.000,右节点损失:7.706,总损失:7.706
('----划分特征：', 29)
------划分值:0.000,左节点损失:0.000,右节点损失:7.706,总损失:7.706
('----划分特征：', 30)
------划分值:0.000,左节点损失:0.000,右节点损失:7.706,总损失:7.706
('----划分特征：', 31)
------划分值:0.000,左节点损失:0.000,右节点损失:7.706,总损失:7.706
('----划分特征：', 32)
------划分值:0.000,左节点损失:0.000,右节点损失:7.706,总损失:7.706
('----划分特征：', 33)
------划分值:0.000,左节点损失:0.000,右节点损失:7.706,总损失:7.706
('----划分特征：', 34)
------划分值:0.000,左节点损失:0.000,右节点损失:7.706,总损失:7.706
('----划分特征：', 35)
------划分值:0.000,左节点损失:0.000,右节点损失:7.706,总损失:7.706
('----划分特征：', 36)
------划分值:0.000,左节点损失:0.000,右节点损失:7.706,总损失:7.706
------划分值:1.000,左节点损失:7.706,右节点损失:0.000,总损失:7.706
('----划分特征：', 37)
------划分值:0.000,左节点损失:0.000,右节点损失:7.706,总损失:7.706
------划分值:1.000,左节点损失:7.706,右节点损失:0.000,总损失:7.706
('----划分特征：', 38)
------划分值:0.000,左节点损失:0.000,右节点损失:7.706,总损失:7.706
------划分值:1.000,左节点损失:7.706,右节点损失:0.000,总损失:7.706
('----划分特征：', 39)
------划分值:0.000,左节点损失:0.000,右节点损失:7.706,总损失:7.706
------划分值:1.000,左节点损失:7.706,右节点损失:0.000,总损失:7.706
('----划分特征：', 40)
------划分值:0.000,左节点损失:0.000,右节点损失:7.706,总损失:7.706
------划分值:1.000,左节点损失:7.706,右节点损失:0.000,总损失:7.706
('----划分特征：', 41)
------划分值:0.000,左节点损失:0.000,右节点损失:7.706,总损失:7.706
------划分值:1.000,左节点损失:7.706,右节点损失:0.000,总损失:7.706
('----划分特征：', 42)
------划分值:0.000,左节点损失:0.000,右节点损失:7.706,总损失:7.706
------划分值:1.000,左节点损失:7.706,右节点损失:0.000,总损失:7.706
('----划分特征：', 43)
------划分值:0.000,左节点损失:0.000,右节点损失:7.706,总损失:7.706
------划分值:1.000,左节点损失:7.706,右节点损失:0.000,总损失:7.706
('----划分特征：', 44)
------划分值:0.000,左节点损失:0.000,右节点损失:7.706,总损失:7.706
------划分值:1.000,左节点损失:7.705,右节点损失:0.000,总损失:7.705
('----划分特征：', 45)
------划分值:0.000,左节点损失:0.000,右节点损失:7.706,总损失:7.706
------划分值:1.000,左节点损失:7.706,右节点损失:0.000,总损失:7.706
('----划分特征：', 46)
------划分值:0.000,左节点损失:0.000,右节点损失:7.706,总损失:7.706
------划分值:1.000,左节点损失:7.706,右节点损失:0.000,总损失:7.706
('----划分特征：', 47)
------划分值:0.000,左节点损失:0.000,右节点损失:7.706,总损失:7.706
------划分值:1.000,左节点损失:7.706,右节点损失:0.000,总损失:7.706
('----划分特征：', 48)
------划分值:0.000,左节点损失:0.000,右节点损失:7.706,总损失:7.706
------划分值:1.000,左节点损失:7.706,右节点损失:0.000,总损失:7.706
('----划分特征：', 49)
------划分值:0.000,左节点损失:0.000,右节点损失:7.706,总损失:7.706
------划分值:1.000,左节点损失:7.706,右节点损失:0.000,总损失:7.706
('----划分特征：', 50)
------划分值:0.000,左节点损失:0.000,右节点损失:7.706,总损失:7.706
------划分值:1.000,左节点损失:7.706,右节点损失:0.000,总损失:7.706
('----划分特征：', 51)
------划分值:0.000,左节点损失:0.000,右节点损失:7.706,总损失:7.706
('----划分特征：', 52)
------划分值:0.000,左节点损失:0.000,右节点损失:7.706,总损失:7.706
('----划分特征：', 53)
------划分值:0.000,左节点损失:0.000,右节点损失:7.706,总损失:7.706
('----划分特征：', 54)
------划分值:0.000,左节点损失:0.000,右节点损失:7.706,总损失:7.706
('----划分特征：', 55)
------划分值:0.000,左节点损失:0.000,右节点损失:7.706,总损失:7.706
('----划分特征：', 56)
------划分值:0.000,左节点损失:0.000,右节点损失:7.706,总损失:7.706
('----划分特征：', 57)
------划分值:0.000,左节点损失:0.000,右节点损失:7.706,总损失:7.706
('----划分特征：', 58)
------划分值:0.000,左节点损失:0.000,右节点损失:7.706,总损失:7.706
('----划分特征：', 59)
------划分值:0.000,左节点损失:0.000,右节点损失:7.706,总损失:7.706
('----划分特征：', 60)
------划分值:0.000,左节点损失:0.000,右节点损失:7.706,总损失:7.706
('----划分特征：', 61)
------划分值:0.000,左节点损失:0.000,右节点损失:7.706,总损失:7.706
('----划分特征：', 62)
------划分值:0.000,左节点损失:0.000,右节点损失:7.706,总损失:7.706
('----划分特征：', 63)
------划分值:0.000,左节点损失:0.000,右节点损失:7.706,总损失:7.706
('----划分特征：', 64)
------划分值:0.000,左节点损失:0.000,右节点损失:7.706,总损失:7.706
------划分值:1.000,左节点损失:7.706,右节点损失:0.000,总损失:7.706
('----划分特征：', 65)
------划分值:0.000,左节点损失:0.000,右节点损失:7.706,总损失:7.706
------划分值:1.000,左节点损失:7.705,右节点损失:0.000,总损失:7.705
('----划分特征：', 66)
------划分值:0.000,左节点损失:0.000,右节点损失:7.706,总损失:7.706
------划分值:1.000,左节点损失:7.704,右节点损失:0.000,总损失:7.704
('----划分特征：', 67)
------划分值:0.000,左节点损失:0.000,右节点损失:7.706,总损失:7.706
------划分值:1.000,左节点损失:7.703,右节点损失:0.000,总损失:7.703
('----划分特征：', 68)
------划分值:0.000,左节点损失:0.000,右节点损失:7.706,总损失:7.706
------划分值:1.000,左节点损失:7.702,右节点损失:0.000,总损失:7.702
('----划分特征：', 69)
------划分值:0.000,左节点损失:0.000,右节点损失:7.706,总损失:7.706
------划分值:1.000,左节点损失:7.701,右节点损失:0.000,总损失:7.701
('----划分特征：', 70)
------划分值:0.000,左节点损失:0.000,右节点损失:7.706,总损失:7.706
------划分值:1.000,左节点损失:7.698,右节点损失:0.000,总损失:7.698
('----划分特征：', 71)
------划分值:0.000,左节点损失:0.000,右节点损失:7.706,总损失:7.706
------划分值:1.000,左节点损失:7.696,右节点损失:0.000,总损失:7.696
('----划分特征：', 72)
------划分值:0.000,左节点损失:0.000,右节点损失:7.706,总损失:7.706
------划分值:1.000,左节点损失:7.690,右节点损失:0.000,总损失:7.690
('----划分特征：', 73)
------划分值:0.000,左节点损失:0.000,右节点损失:7.706,总损失:7.706
------划分值:1.000,左节点损失:7.690,右节点损失:0.000,总损失:7.690
('----划分特征：', 74)
------划分值:0.000,左节点损失:0.000,右节点损失:7.706,总损失:7.706
------划分值:1.000,左节点损失:7.693,右节点损失:0.000,总损失:7.693
('----划分特征：', 75)
------划分值:0.000,左节点损失:0.000,右节点损失:7.706,总损失:7.706
------划分值:1.000,左节点损失:7.698,右节点损失:0.000,总损失:7.698
('----划分特征：', 76)
------划分值:0.000,左节点损失:0.000,右节点损失:7.706,总损失:7.706
------划分值:1.000,左节点损失:7.703,右节点损失:0.000,总损失:7.703
('----划分特征：', 77)
------划分值:0.000,左节点损失:0.000,右节点损失:7.706,总损失:7.706
------划分值:1.000,左节点损失:7.705,右节点损失:0.000,总损失:7.705
('----划分特征：', 78)
------划分值:0.000,左节点损失:0.000,右节点损失:7.706,总损失:7.706
------划分值:1.000,左节点损失:7.706,右节点损失:0.000,总损失:7.706
('----划分特征：', 79)
------划分值:0.000,左节点损失:0.000,右节点损失:7.706,总损失:7.706
------划分值:1.000,左节点损失:7.706,右节点损失:0.000,总损失:7.706
('----划分特征：', 80)
------划分值:0.000,左节点损失:0.000,右节点损失:7.706,总损失:7.706
('----划分特征：', 81)
------划分值:0.000,左节点损失:0.000,右节点损失:7.706,总损失:7.706
('----划分特征：', 82)
------划分值:0.000,左节点损失:0.000,右节点损失:7.706,总损失:7.706
('----划分特征：', 83)
------划分值:0.000,左节点损失:0.000,右节点损失:7.706,总损失:7.706
('----划分特征：', 84)
------划分值:0.000,左节点损失:0.000,右节点损失:7.706,总损失:7.706
('----划分特征：', 85)
------划分值:0.000,左节点损失:0.000,右节点损失:7.706,总损失:7.706
('----划分特征：', 86)
------划分值:0.000,左节点损失:0.000,右节点损失:7.706,总损失:7.706
('----划分特征：', 87)
------划分值:0.000,左节点损失:0.000,右节点损失:7.706,总损失:7.706
('----划分特征：', 88)
------划分值:0.000,左节点损失:0.000,右节点损失:7.706,总损失:7.706
('----划分特征：', 89)
------划分值:0.000,左节点损失:0.000,右节点损失:7.706,总损失:7.706
------划分值:1.000,左节点损失:7.706,右节点损失:0.000,总损失:7.706
('----划分特征：', 90)
------划分值:0.000,左节点损失:0.000,右节点损失:7.706,总损失:7.706
------划分值:1.000,左节点损失:7.705,右节点损失:0.000,总损失:7.705
('----划分特征：', 91)
------划分值:0.000,左节点损失:0.000,右节点损失:7.706,总损失:7.706
------划分值:1.000,左节点损失:7.705,右节点损失:0.000,总损失:7.705
('----划分特征：', 92)
------划分值:0.000,左节点损失:0.000,右节点损失:7.706,总损失:7.706
------划分值:1.000,左节点损失:7.703,右节点损失:0.000,总损失:7.703
('----划分特征：', 93)
------划分值:0.000,左节点损失:0.000,右节点损失:7.706,总损失:7.706
------划分值:1.000,左节点损失:7.701,右节点损失:0.000,总损失:7.701
('----划分特征：', 94)
------划分值:0.000,左节点损失:0.000,右节点损失:7.706,总损失:7.706
------划分值:1.000,左节点损失:7.696,右节点损失:0.000,总损失:7.696
('----划分特征：', 95)
------划分值:0.000,左节点损失:0.000,右节点损失:7.706,总损失:7.706
------划分值:1.000,左节点损失:7.680,右节点损失:0.014,总损失:7.694
('----划分特征：', 96)
------划分值:0.000,左节点损失:0.000,右节点损失:7.706,总损失:7.706
------划分值:1.000,左节点损失:7.639,右节点损失:0.056,总损失:7.695
('----划分特征：', 97)
------划分值:0.000,左节点损失:0.000,右节点损失:7.706,总损失:7.706
------划分值:1.000,左节点损失:7.597,右节点损失:0.097,总损失:7.695
('----划分特征：', 98)
------划分值:0.000,左节点损失:0.000,右节点损失:7.706,总损失:7.706
------划分值:1.000,左节点损失:7.554,右节点损失:0.139,总损失:7.693
('----划分特征：', 99)
------划分值:0.000,左节点损失:0.000,右节点损失:7.706,总损失:7.706
------划分值:1.000,左节点损失:7.533,右节点损失:0.153,总损失:7.686
('----划分特征：', 100)
------划分值:0.000,左节点损失:0.000,右节点损失:7.706,总损失:7.706
------划分值:1.000,左节点损失:7.549,右节点损失:0.127,总损失:7.676
('----划分特征：', 101)
------划分值:0.000,左节点损失:0.000,右节点损失:7.706,总损失:7.706
------划分值:1.000,左节点损失:7.563,右节点损失:0.113,总损失:7.676
('----划分特征：', 102)
------划分值:0.000,左节点损失:0.000,右节点损失:7.706,总损失:7.706
------划分值:1.000,左节点损失:7.622,右节点损失:0.057,总损失:7.679
('----划分特征：', 103)
------划分值:0.000,左节点损失:0.000,右节点损失:7.706,总损失:7.706
------划分值:1.000,左节点损失:7.622,右节点损失:0.070,总损失:7.692
('----划分特征：', 104)
------划分值:0.000,左节点损失:0.000,右节点损失:7.706,总损失:7.706
------划分值:1.000,左节点损失:7.670,右节点损失:0.028,总损失:7.698
('----划分特征：', 105)
------划分值:0.000,左节点损失:0.000,右节点损失:7.706,总损失:7.706
------划分值:1.000,左节点损失:7.700,右节点损失:0.000,总损失:7.700
('----划分特征：', 106)
------划分值:0.000,左节点损失:0.000,右节点损失:7.706,总损失:7.706
------划分值:1.000,左节点损失:7.704,右节点损失:0.000,总损失:7.704
('----划分特征：', 107)
------划分值:0.000,左节点损失:0.000,右节点损失:7.706,总损失:7.706
------划分值:1.000,左节点损失:7.706,右节点损失:0.000,总损失:7.706
('----划分特征：', 108)
------划分值:0.000,左节点损失:0.000,右节点损失:7.706,总损失:7.706
------划分值:1.000,左节点损失:7.706,右节点损失:0.000,总损失:7.706
('----划分特征：', 109)
------划分值:0.000,左节点损失:0.000,右节点损失:7.706,总损失:7.706
('----划分特征：', 110)
------划分值:0.000,左节点损失:0.000,右节点损失:7.706,总损失:7.706
('----划分特征：', 111)
------划分值:0.000,左节点损失:0.000,右节点损失:7.706,总损失:7.706
('----划分特征：', 112)
------划分值:0.000,左节点损失:0.000,右节点损失:7.706,总损失:7.706
('----划分特征：', 113)
------划分值:0.000,左节点损失:0.000,右节点损失:7.706,总损失:7.706
('----划分特征：', 114)
------划分值:0.000,左节点损失:0.000,右节点损失:7.706,总损失:7.706
('----划分特征：', 115)
------划分值:0.000,左节点损失:0.000,右节点损失:7.706,总损失:7.706
('----划分特征：', 116)
------划分值:0.000,左节点损失:0.000,右节点损失:7.706,总损失:7.706
------划分值:1.000,左节点损失:7.706,右节点损失:0.000,总损失:7.706
('----划分特征：', 117)
------划分值:0.000,左节点损失:0.000,右节点损失:7.706,总损失:7.706
------划分值:1.000,左节点损失:7.705,右节点损失:0.000,总损失:7.705
('----划分特征：', 118)
------划分值:0.000,左节点损失:0.000,右节点损失:7.706,总损失:7.706
------划分值:1.000,左节点损失:7.704,右节点损失:0.000,总损失:7.704
('----划分特征：', 119)
------划分值:0.000,左节点损失:0.000,右节点损失:7.706,总损失:7.706
------划分值:1.000,左节点损失:7.701,右节点损失:0.000,总损失:7.701
('----划分特征：', 120)
------划分值:0.000,左节点损失:0.000,右节点损失:7.706,总损失:7.706
------划分值:1.000,左节点损失:7.695,右节点损失:0.000,总损失:7.695
('----划分特征：', 121)
------划分值:0.000,左节点损失:0.000,右节点损失:7.706,总损失:7.706
------划分值:1.000,左节点损失:7.650,右节点损失:0.042,总损失:7.692
('----划分特征：', 122)
------划分值:0.000,左节点损失:0.000,右节点损失:7.706,总损失:7.706
------划分值:1.000,左节点损失:7.542,右节点损失:0.152,总损失:7.694
('----划分特征：', 123)
------划分值:0.000,左节点损失:0.000,右节点损失:7.706,总损失:7.706
------划分值:1.000,左节点损失:7.360,右节点损失:0.338,总损失:7.698
('----划分特征：', 124)
------划分值:0.000,左节点损失:0.000,右节点损失:7.706,总损失:7.706
------划分值:1.000,左节点损失:6.954,右节点损失:0.752,总损失:7.706
('----划分特征：', 125)
------划分值:0.000,左节点损失:0.000,右节点损失:7.706,总损失:7.706
------划分值:1.000,左节点损失:6.377,右节点损失:1.312,总损失:7.690
('----划分特征：', 126)
------划分值:0.000,左节点损失:0.000,右节点损失:7.706,总损失:7.706
------划分值:1.000,左节点损失:6.200,右节点损失:1.498,总损失:7.698
('----划分特征：', 127)
------划分值:0.000,左节点损失:0.000,右节点损失:7.706,总损失:7.706
------划分值:1.000,左节点损失:5.829,右节点损失:1.855,总损失:7.684
('----划分特征：', 128)
------划分值:0.000,左节点损失:0.000,右节点损失:7.706,总损失:7.706
------划分值:1.000,左节点损失:5.647,右节点损失:2.023,总损失:7.670
('----划分特征：', 129)
------划分值:0.000,左节点损失:0.000,右节点损失:7.706,总损失:7.706
------划分值:1.000,左节点损失:5.813,右节点损失:1.858,总损失:7.671
('----划分特征：', 130)
------划分值:0.000,左节点损失:0.000,右节点损失:7.706,总损失:7.706
------划分值:1.000,左节点损失:6.086,右节点损失:1.580,总损失:7.665
('----划分特征：', 131)
------划分值:0.000,左节点损失:0.000,右节点损失:7.706,总损失:7.706
------划分值:1.000,左节点损失:6.433,右节点损失:1.229,总损失:7.662
('----划分特征：', 132)
------划分值:0.000,左节点损失:0.000,右节点损失:7.706,总损失:7.706
------划分值:1.000,左节点损失:6.873,右节点损失:0.799,总损失:7.672
('----划分特征：', 133)
------划分值:0.000,左节点损失:0.000,右节点损失:7.706,总损失:7.706
------划分值:1.000,左节点损失:7.331,右节点损失:0.365,总损失:7.696
('----划分特征：', 134)
------划分值:0.000,左节点损失:0.000,右节点损失:7.706,总损失:7.706
------划分值:1.000,左节点损失:7.564,右节点损失:0.142,总损失:7.706
('----划分特征：', 135)
------划分值:0.000,左节点损失:0.000,右节点损失:7.706,总损失:7.706
------划分值:1.000,左节点损失:7.677,右节点损失:0.028,总损失:7.704
('----划分特征：', 136)
------划分值:0.000,左节点损失:0.000,右节点损失:7.706,总损失:7.706
------划分值:1.000,左节点损失:7.693,右节点损失:0.013,总损失:7.706
('----划分特征：', 137)
------划分值:0.000,左节点损失:0.000,右节点损失:7.706,总损失:7.706
('----划分特征：', 138)
------划分值:0.000,左节点损失:0.000,右节点损失:7.706,总损失:7.706
('----划分特征：', 139)
------划分值:0.000,左节点损失:0.000,右节点损失:7.706,总损失:7.706
('----划分特征：', 140)
------划分值:0.000,左节点损失:0.000,右节点损失:7.706,总损失:7.706
('----划分特征：', 141)
------划分值:0.000,左节点损失:0.000,右节点损失:7.706,总损失:7.706
('----划分特征：', 142)
------划分值:0.000,左节点损失:0.000,右节点损失:7.706,总损失:7.706
('----划分特征：', 143)
------划分值:0.000,左节点损失:0.000,右节点损失:7.706,总损失:7.706
------划分值:1.000,左节点损失:7.706,右节点损失:0.000,总损失:7.706
('----划分特征：', 144)
------划分值:0.000,左节点损失:0.000,右节点损失:7.706,总损失:7.706
------划分值:1.000,左节点损失:7.705,右节点损失:0.000,总损失:7.705
('----划分特征：', 145)
------划分值:0.000,左节点损失:0.000,右节点损失:7.706,总损失:7.706
------划分值:1.000,左节点损失:7.701,右节点损失:0.000,总损失:7.701
('----划分特征：', 146)
------划分值:0.000,左节点损失:0.000,右节点损失:7.706,总损失:7.706
------划分值:1.000,左节点损失:7.696,右节点损失:0.000,总损失:7.696
('----划分特征：', 147)
------划分值:0.000,左节点损失:0.000,右节点损失:7.706,总损失:7.706
------划分值:1.000,左节点损失:7.674,右节点损失:0.014,总损失:7.689
('----划分特征：', 148)
------划分值:0.000,左节点损失:0.000,右节点损失:7.706,总损失:7.706
------划分值:1.000,左节点损失:7.635,右节点损失:0.043,总损失:7.678
('----划分特征：', 149)
------划分值:0.000,左节点损失:0.000,右节点损失:7.706,总损失:7.706
------划分值:1.000,左节点损失:7.449,右节点损失:0.235,总损失:7.685
('----划分特征：', 150)
------划分值:0.000,左节点损失:0.000,右节点损失:7.706,总损失:7.706
------划分值:1.000,左节点损失:7.128,右节点损失:0.567,总损失:7.695
('----划分特征：', 151)
------划分值:0.000,左节点损失:0.000,右节点损失:7.706,总损失:7.706
------划分值:1.000,左节点损失:6.460,右节点损失:1.247,总损失:7.706
('----划分特征：', 152)
------划分值:0.000,左节点损失:0.000,右节点损失:7.706,总损失:7.706
------划分值:1.000,左节点损失:5.656,右节点损失:2.032,总损失:7.689
('----划分特征：', 153)
------划分值:0.000,左节点损失:0.000,右节点损失:7.706,总损失:7.706
------划分值:1.000,左节点损失:4.852,右节点损失:2.809,总损失:7.661
('----划分特征：', 154)
------划分值:0.000,左节点损失:0.000,右节点损失:7.706,总损失:7.706
------划分值:1.000,左节点损失:3.848,右节点损失:3.732,总损失:7.580
('----划分特征：', 155)
------划分值:0.000,左节点损失:0.000,右节点损失:7.706,总损失:7.706
------划分值:1.000,左节点损失:3.184,右节点损失:4.320,总损失:7.504
('----划分特征：', 156)
------划分值:0.000,左节点损失:0.000,右节点损失:7.706,总损失:7.706
------划分值:1.000,左节点损失:2.917,右节点损失:4.518,总损失:7.435
('----划分特征：', 157)
------划分值:1.000,左节点损失:3.320,右节点损失:4.153,总损失:7.473
------划分值:0.000,左节点损失:0.000,右节点损失:7.706,总损失:7.706
('----划分特征：', 158)
------划分值:1.000,左节点损失:3.917,右节点损失:3.585,总损失:7.503
------划分值:0.000,左节点损失:0.000,右节点损失:7.706,总损失:7.706
('----划分特征：', 159)
------划分值:0.000,左节点损失:0.000,右节点损失:7.706,总损失:7.706
------划分值:1.000,左节点损失:5.012,右节点损失:2.574,总损失:7.586
('----划分特征：', 160)
------划分值:1.000,左节点损失:5.932,右节点损失:1.706,总损失:7.638
------划分值:0.000,左节点损失:0.000,右节点损失:7.706,总损失:7.706
('----划分特征：', 161)
------划分值:1.000,左节点损失:6.729,右节点损失:0.953,总损失:7.682
------划分值:0.000,左节点损失:0.000,右节点损失:7.706,总损失:7.706
('----划分特征：', 162)
------划分值:1.000,左节点损失:7.249,右节点损失:0.453,总损失:7.703
------划分值:0.000,左节点损失:0.000,右节点损失:7.706,总损失:7.706
('----划分特征：', 163)
------划分值:0.000,左节点损失:0.000,右节点损失:7.706,总损失:7.706
------划分值:1.000,左节点损失:7.546,右节点损失:0.160,总损失:7.705
('----划分特征：', 164)
------划分值:0.000,左节点损失:0.000,右节点损失:7.706,总损失:7.706
------划分值:1.000,左节点损失:7.674,右节点损失:0.028,总损失:7.702
('----划分特征：', 165)
------划分值:0.000,左节点损失:0.000,右节点损失:7.706,总损失:7.706
------划分值:1.000,左节点损失:7.704,右节点损失:0.000,总损失:7.704
('----划分特征：', 166)
------划分值:0.000,左节点损失:0.000,右节点损失:7.706,总损失:7.706
------划分值:1.000,左节点损失:7.706,右节点损失:0.000,总损失:7.706
('----划分特征：', 167)
------划分值:0.000,左节点损失:0.000,右节点损失:7.706,总损失:7.706
('----划分特征：', 168)
------划分值:0.000,左节点损失:0.000,右节点损失:7.706,总损失:7.706
('----划分特征：', 169)
------划分值:0.000,左节点损失:0.000,右节点损失:7.706,总损失:7.706
('----划分特征：', 170)
------划分值:0.000,左节点损失:0.000,右节点损失:7.706,总损失:7.706
('----划分特征：', 171)
------划分值:0.000,左节点损失:0.000,右节点损失:7.706,总损失:7.706
------划分值:1.000,左节点损失:7.706,右节点损失:0.000,总损失:7.706
('----划分特征：', 172)
------划分值:0.000,左节点损失:0.000,右节点损失:7.706,总损失:7.706
------划分值:1.000,左节点损失:7.703,右节点损失:0.000,总损失:7.703
('----划分特征：', 173)
------划分值:0.000,左节点损失:0.000,右节点损失:7.706,总损失:7.706
------划分值:1.000,左节点损失:7.686,右节点损失:0.014,总损失:7.700
('----划分特征：', 174)
------划分值:0.000,左节点损失:0.000,右节点损失:7.706,总损失:7.706
------划分值:1.000,左节点损失:7.675,右节点损失:0.014,总损失:7.689
('----划分特征：', 175)
------划分值:0.000,左节点损失:0.000,右节点损失:7.706,总损失:7.706
------划分值:1.000,左节点损失:7.640,右节点损失:0.029,总损失:7.669
('----划分特征：', 176)
------划分值:0.000,左节点损失:0.000,右节点损失:7.706,总损失:7.706
------划分值:1.000,左节点损失:7.417,右节点损失:0.264,总损失:7.680
('----划分特征：', 177)
------划分值:0.000,左节点损失:0.000,右节点损失:7.706,总损失:7.706
------划分值:1.000,左节点损失:6.947,右节点损失:0.750,总损失:7.697
('----划分特征：', 178)
------划分值:0.000,左节点损失:0.000,右节点损失:7.706,总损失:7.706
------划分值:1.000,左节点损失:6.245,右节点损失:1.461,总损失:7.706
('----划分特征：', 179)
------划分值:1.000,左节点损失:5.220,右节点损失:2.465,总损失:7.686
------划分值:0.000,左节点损失:0.000,右节点损失:7.706,总损失:7.706
('----划分特征：', 180)
------划分值:1.000,左节点损失:4.375,右节点损失:3.282,总损失:7.657
------划分值:0.000,左节点损失:0.000,右节点损失:7.706,总损失:7.706
('----划分特征：', 181)
------划分值:1.000,左节点损失:3.406,右节点损失:4.207,总损失:7.613
------划分值:0.000,左节点损失:0.000,右节点损失:7.706,总损失:7.706
('----划分特征：', 182)
------划分值:1.000,左节点损失:2.426,右节点损失:5.107,总损失:7.533
------划分值:0.000,左节点损失:0.000,右节点损失:7.706,总损失:7.706
('----划分特征：', 183)
------划分值:1.000,左节点损失:1.744,右节点损失:5.680,总损失:7.424
------划分值:0.000,左节点损失:0.000,右节点损失:7.706,总损失:7.706
('----划分特征：', 184)
------划分值:1.000,左节点损失:1.638,右节点损失:5.744,总损失:7.382
------划分值:0.000,左节点损失:0.000,右节点损失:7.706,总损失:7.706
('----划分特征：', 185)
------划分值:1.000,左节点损失:1.909,右节点损失:5.468,总损失:7.377
------划分值:0.000,左节点损失:0.000,右节点损失:7.706,总损失:7.706
('----划分特征：', 186)
------划分值:1.000,左节点损失:2.432,右节点损失:4.944,总损失:7.376
------划分值:0.000,左节点损失:0.000,右节点损失:7.706,总损失:7.706
('----划分特征：', 187)
------划分值:1.000,左节点损失:3.468,右节点损失:3.983,总损失:7.451
------划分值:0.000,左节点损失:0.000,右节点损失:7.706,总损失:7.706
('----划分特征：', 188)
------划分值:1.000,左节点损失:4.653,右节点损失:2.867,总损失:7.520
------划分值:0.000,左节点损失:0.000,右节点损失:7.706,总损失:7.706
('----划分特征：', 189)
------划分值:1.000,左节点损失:5.896,右节点损失:1.733,总损失:7.629
------划分值:0.000,左节点损失:0.000,右节点损失:7.706,总损失:7.706
('----划分特征：', 190)
------划分值:1.000,左节点损失:6.799,右节点损失:0.892,总损失:7.691
------划分值:0.000,左节点损失:0.000,右节点损失:7.706,总损失:7.706
('----划分特征：', 191)
------划分值:0.000,左节点损失:0.000,右节点损失:7.706,总损失:7.706
------划分值:1.000,左节点损失:7.402,右节点损失:0.304,总损失:7.706
('----划分特征：', 192)
------划分值:0.000,左节点损失:0.000,右节点损失:7.706,总损失:7.706
------划分值:1.000,左节点损失:7.641,右节点损失:0.056,总损失:7.697
('----划分特征：', 193)
------划分值:0.000,左节点损失:0.000,右节点损失:7.706,总损失:7.706
------划分值:1.000,左节点损失:7.701,右节点损失:0.000,总损失:7.701
('----划分特征：', 194)
------划分值:0.000,左节点损失:0.000,右节点损失:7.706,总损失:7.706
------划分值:1.000,左节点损失:7.705,右节点损失:0.000,总损失:7.705
('----划分特征：', 195)
------划分值:0.000,左节点损失:0.000,右节点损失:7.706,总损失:7.706
------划分值:1.000,左节点损失:7.706,右节点损失:0.000,总损失:7.706
('----划分特征：', 196)
------划分值:0.000,左节点损失:0.000,右节点损失:7.706,总损失:7.706
('----划分特征：', 197)
------划分值:0.000,左节点损失:0.000,右节点损失:7.706,总损失:7.706
------划分值:1.000,左节点损失:7.706,右节点损失:0.000,总损失:7.706
('----划分特征：', 198)
------划分值:0.000,左节点损失:0.000,右节点损失:7.706,总损失:7.706
------划分值:1.000,左节点损失:7.706,右节点损失:0.000,总损失:7.706
('----划分特征：', 199)
------划分值:0.000,左节点损失:0.000,右节点损失:7.706,总损失:7.706
------划分值:1.000,左节点损失:7.705,右节点损失:0.000,总损失:7.705
('----划分特征：', 200)
------划分值:0.000,左节点损失:0.000,右节点损失:7.706,总损失:7.706
------划分值:1.000,左节点损失:7.700,右节点损失:0.000,总损失:7.700
('----划分特征：', 201)
------划分值:0.000,左节点损失:0.000,右节点损失:7.706,总损失:7.706
------划分值:1.000,左节点损失:7.678,右节点损失:0.014,总损失:7.692
('----划分特征：', 202)
------划分值:0.000,左节点损失:0.000,右节点损失:7.706,总损失:7.706
------划分值:1.000,左节点损失:7.663,右节点损失:0.014,总损失:7.677
('----划分特征：', 203)
------划分值:0.000,左节点损失:0.000,右节点损失:7.706,总损失:7.706
------划分值:1.000,左节点损失:7.505,右节点损失:0.168,总损失:7.673
('----划分特征：', 204)
------划分值:1.000,左节点损失:7.101,右节点损失:0.585,总损失:7.686
------划分值:0.000,左节点损失:0.000,右节点损失:7.706,总损失:7.706
('----划分特征：', 205)
------划分值:1.000,左节点损失:6.293,右节点损失:1.413,总损失:7.706
------划分值:0.000,左节点损失:0.000,右节点损失:7.706,总损失:7.706
('----划分特征：', 206)
------划分值:1.000,左节点损失:5.329,右节点损失:2.371,总损失:7.700
------划分值:0.000,左节点损失:0.000,右节点损失:7.706,总损失:7.706
('----划分特征：', 207)
------划分值:1.000,左节点损失:4.402,右节点损失:3.272,总损失:7.674
------划分值:0.000,左节点损失:0.000,右节点损失:7.706,总损失:7.706
('----划分特征：', 208)
------划分值:1.000,左节点损失:3.201,右节点损失:4.399,总损失:7.600
------划分值:0.000,左节点损失:0.000,右节点损失:7.706,总损失:7.706
('----划分特征：', 209)
------划分值:1.000,左节点损失:2.432,右节点损失:5.140,总损失:7.572
------划分值:0.000,左节点损失:0.000,右节点损失:7.706,总损失:7.706
('----划分特征：', 210)
------划分值:1.000,左节点损失:2.012,右节点损失:5.527,总损失:7.540
------划分值:0.000,左节点损失:0.000,右节点损失:7.706,总损失:7.706
('----划分特征：', 211)
------划分值:1.000,左节点损失:1.699,右节点损失:5.777,总损失:7.476
------划分值:0.000,左节点损失:0.000,右节点损失:7.706,总损失:7.706
('----划分特征：', 212)
------划分值:1.000,左节点损失:1.765,右节点损失:5.724,总损失:7.489
------划分值:0.000,左节点损失:0.000,右节点损失:7.706,总损失:7.706
('----划分特征：', 213)
------划分值:1.000,左节点损失:1.649,右节点损失:5.775,总损失:7.424
------划分值:0.000,左节点损失:0.000,右节点损失:7.706,总损失:7.706
('----划分特征：', 214)
------划分值:0.000,左节点损失:0.000,右节点损失:7.706,总损失:7.706
------划分值:1.000,左节点损失:1.908,右节点损失:5.474,总损失:7.382
('----划分特征：', 215)
------划分值:0.000,左节点损失:0.000,右节点损失:7.706,总损失:7.706
------划分值:1.000,左节点损失:2.536,右节点损失:4.862,总损失:7.398
('----划分特征：', 216)
------划分值:0.000,左节点损失:0.000,右节点损失:7.706,总损失:7.706
------划分值:1.000,左节点损失:3.639,右节点损失:3.803,总损失:7.442
('----划分特征：', 217)
------划分值:0.000,左节点损失:0.000,右节点损失:7.706,总损失:7.706
------划分值:1.000,左节点损失:5.031,右节点损失:2.529,总损失:7.560
('----划分特征：', 218)
------划分值:0.000,左节点损失:0.000,右节点损失:7.706,总损失:7.706
------划分值:1.000,左节点损失:6.270,右节点损失:1.385,总损失:7.655
('----划分特征：', 219)
------划分值:0.000,左节点损失:0.000,右节点损失:7.706,总损失:7.706
------划分值:1.000,左节点损失:7.120,右节点损失:0.583,总损失:7.703
('----划分特征：', 220)
------划分值:0.000,左节点损失:0.000,右节点损失:7.706,总损失:7.706
------划分值:1.000,左节点损失:7.566,右节点损失:0.136,总损失:7.702
('----划分特征：', 221)
------划分值:0.000,左节点损失:0.000,右节点损失:7.706,总损失:7.706
------划分值:1.000,左节点损失:7.696,右节点损失:0.000,总损失:7.696
('----划分特征：', 222)
------划分值:0.000,左节点损失:0.000,右节点损失:7.706,总损失:7.706
------划分值:1.000,左节点损失:7.703,右节点损失:0.000,总损失:7.703
('----划分特征：', 223)
------划分值:0.000,左节点损失:0.000,右节点损失:7.706,总损失:7.706
------划分值:1.000,左节点损失:7.706,右节点损失:0.000,总损失:7.706
('----划分特征：', 224)
------划分值:0.000,左节点损失:0.000,右节点损失:7.706,总损失:7.706
------划分值:1.000,左节点损失:7.706,右节点损失:0.000,总损失:7.706
('----划分特征：', 225)
------划分值:0.000,左节点损失:0.000,右节点损失:7.706,总损失:7.706
------划分值:1.000,左节点损失:7.706,右节点损失:0.000,总损失:7.706
('----划分特征：', 226)
------划分值:0.000,左节点损失:0.000,右节点损失:7.706,总损失:7.706
------划分值:1.000,左节点损失:7.706,右节点损失:0.000,总损失:7.706
('----划分特征：', 227)
------划分值:0.000,左节点损失:0.000,右节点损失:7.706,总损失:7.706
------划分值:1.000,左节点损失:7.703,右节点损失:0.000,总损失:7.703
('----划分特征：', 228)
------划分值:0.000,左节点损失:0.000,右节点损失:7.706,总损失:7.706
------划分值:1.000,左节点损失:7.695,右节点损失:0.000,总损失:7.695
('----划分特征：', 229)
------划分值:0.000,左节点损失:0.000,右节点损失:7.706,总损失:7.706
------划分值:1.000,左节点损失:7.657,右节点损失:0.029,总损失:7.686
('----划分特征：', 230)
------划分值:0.000,左节点损失:0.000,右节点损失:7.706,总损失:7.706
------划分值:1.000,左节点损失:7.578,右节点损失:0.099,总损失:7.677
('----划分特征：', 231)
------划分值:0.000,左节点损失:0.000,右节点损失:7.706,总损失:7.706
------划分值:1.000,左节点损失:7.270,右节点损失:0.412,总损失:7.682
('----划分特征：', 232)
------划分值:1.000,左节点损失:6.512,右节点损失:1.194,总损失:7.705
------划分值:0.000,左节点损失:0.000,右节点损失:7.706,总损失:7.706
('----划分特征：', 233)
------划分值:1.000,左节点损失:5.585,右节点损失:2.117,总损失:7.701
------划分值:0.000,左节点损失:0.000,右节点损失:7.706,总损失:7.706
('----划分特征：', 234)
------划分值:1.000,左节点损失:4.321,右节点损失:3.340,总损失:7.661
------划分值:0.000,左节点损失:0.000,右节点损失:7.706,总损失:7.706
('----划分特征：', 235)
------划分值:1.000,左节点损失:3.292,右节点损失:4.312,总损失:7.604
------划分值:0.000,左节点损失:0.000,右节点损失:7.706,总损失:7.706
('----划分特征：', 236)
------划分值:1.000,左节点损失:2.553,右节点损失:5.009,总损失:7.562
------划分值:0.000,左节点损失:0.000,右节点损失:7.706,总损失:7.706
('----划分特征：', 237)
------划分值:1.000,左节点损失:2.316,右节点损失:5.236,总损失:7.552
------划分值:0.000,左节点损失:0.000,右节点损失:7.706,总损失:7.706
('----划分特征：', 238)
------划分值:1.000,左节点损失:2.357,右节点损失:5.191,总损失:7.548
------划分值:0.000,左节点损失:0.000,右节点损失:7.706,总损失:7.706
('----划分特征：', 239)
------划分值:1.000,左节点损失:2.742,右节点损失:4.853,总损失:7.596
------划分值:0.000,左节点损失:0.000,右节点损失:7.706,总损失:7.706
('----划分特征：', 240)
------划分值:1.000,左节点损失:3.041,右节点损失:4.600,总损失:7.641
------划分值:0.000,左节点损失:0.000,右节点损失:7.706,总损失:7.706
('----划分特征：', 241)
------划分值:1.000,左节点损失:2.865,右节点损失:4.757,总损失:7.622
------划分值:0.000,左节点损失:0.000,右节点损失:7.706,总损失:7.706
('----划分特征：', 242)
------划分值:0.000,左节点损失:0.000,右节点损失:7.706,总损失:7.706
------划分值:1.000,左节点损失:2.388,右节点损失:5.133,总损失:7.521
('----划分特征：', 243)
------划分值:0.000,左节点损失:0.000,右节点损失:7.706,总损失:7.706
------划分值:1.000,左节点损失:2.361,右节点损失:5.062,总损失:7.422
('----划分特征：', 244)
------划分值:0.000,左节点损失:0.000,右节点损失:7.706,总损失:7.706
------划分值:1.000,左节点损失:2.848,右节点损失:4.475,总损失:7.323
('----划分特征：', 245)
------划分值:0.000,左节点损失:0.000,右节点损失:7.706,总损失:7.706
------划分值:1.000,左节点损失:4.189,右节点损失:3.233,总损失:7.422
('----划分特征：', 246)
------划分值:0.000,左节点损失:0.000,右节点损失:7.706,总损失:7.706
------划分值:1.000,左节点损失:5.563,右节点损失:1.962,总损失:7.525
('----划分特征：', 247)
------划分值:0.000,左节点损失:0.000,右节点损失:7.706,总损失:7.706
------划分值:1.000,左节点损失:6.811,右节点损失:0.857,总损失:7.668
('----划分特征：', 248)
------划分值:0.000,左节点损失:0.000,右节点损失:7.706,总损失:7.706
------划分值:1.000,左节点损失:7.496,右节点损失:0.210,总损失:7.706
('----划分特征：', 249)
------划分值:0.000,左节点损失:0.000,右节点损失:7.706,总损失:7.706
------划分值:1.000,左节点损失:7.697,右节点损失:0.000,总损失:7.697
('----划分特征：', 250)
------划分值:0.000,左节点损失:0.000,右节点损失:7.706,总损失:7.706
------划分值:1.000,左节点损失:7.705,右节点损失:0.000,总损失:7.705
('----划分特征：', 251)
------划分值:0.000,左节点损失:0.000,右节点损失:7.706,总损失:7.706
------划分值:1.000,左节点损失:7.706,右节点损失:0.000,总损失:7.706
('----划分特征：', 252)
------划分值:0.000,左节点损失:0.000,右节点损失:7.706,总损失:7.706
('----划分特征：', 253)
------划分值:0.000,左节点损失:0.000,右节点损失:7.706,总损失:7.706
------划分值:1.000,左节点损失:7.706,右节点损失:0.000,总损失:7.706
('----划分特征：', 254)
------划分值:0.000,左节点损失:0.000,右节点损失:7.706,总损失:7.706
------划分值:1.000,左节点损失:7.705,右节点损失:0.000,总损失:7.705
('----划分特征：', 255)
------划分值:0.000,左节点损失:0.000,右节点损失:7.706,总损失:7.706
------划分值:1.000,左节点损失:7.702,右节点损失:0.000,总损失:7.702
('----划分特征：', 256)
------划分值:0.000,左节点损失:0.000,右节点损失:7.706,总损失:7.706
------划分值:1.000,左节点损失:7.693,右节点损失:0.000,总损失:7.693
('----划分特征：', 257)
------划分值:0.000,左节点损失:0.000,右节点损失:7.706,总损失:7.706
------划分值:1.000,左节点损失:7.651,右节点损失:0.029,总损失:7.680
('----划分特征：', 258)
------划分值:0.000,左节点损失:0.000,右节点损失:7.706,总损失:7.706
------划分值:1.000,左节点损失:7.345,右节点损失:0.352,总损失:7.697
('----划分特征：', 259)
------划分值:0.000,左节点损失:0.000,右节点损失:7.706,总损失:7.706
------划分值:1.000,左节点损失:6.777,右节点损失:0.929,总损失:7.706
('----划分特征：', 260)
------划分值:0.000,左节点损失:0.000,右节点损失:7.706,总损失:7.706
------划分值:1.000,左节点损失:5.854,右节点损失:1.842,总损失:7.696
('----划分特征：', 261)
------划分值:1.000,左节点损失:4.651,右节点损失:3.000,总损失:7.651
------划分值:0.000,左节点损失:0.000,右节点损失:7.706,总损失:7.706
('----划分特征：', 262)
------划分值:0.000,左节点损失:0.000,右节点损失:7.706,总损失:7.706
------划分值:1.000,左节点损失:3.367,右节点损失:4.204,总损失:7.570
('----划分特征：', 263)
------划分值:1.000,左节点损失:2.473,右节点损失:5.011,总损失:7.484
------划分值:0.000,左节点损失:0.000,右节点损失:7.706,总损失:7.706
('----划分特征：', 264)
------划分值:1.000,左节点损失:2.483,右节点损失:5.027,总损失:7.510
------划分值:0.000,左节点损失:0.000,右节点损失:7.706,总损失:7.706
('----划分特征：', 265)
------划分值:1.000,左节点损失:2.734,右节点损失:4.779,总损失:7.513
------划分值:0.000,左节点损失:0.000,右节点损失:7.706,总损失:7.706
('----划分特征：', 266)
------划分值:0.000,左节点损失:0.000,右节点损失:7.706,总损失:7.706
------划分值:1.000,左节点损失:3.622,右节点损失:4.006,总损失:7.629
('----划分特征：', 267)
------划分值:0.000,左节点损失:0.000,右节点损失:7.706,总损失:7.706
------划分值:1.000,左节点损失:4.260,右节点损失:3.426,总损失:7.686
('----划分特征：', 268)
------划分值:0.000,左节点损失:0.000,右节点损失:7.706,总损失:7.706
------划分值:1.000,左节点损失:4.526,右节点损失:3.180,总损失:7.706
('----划分特征：', 269)
------划分值:1.000,左节点损失:4.260,右节点损失:3.446,总损失:7.706
------划分值:0.000,左节点损失:0.000,右节点损失:7.706,总损失:7.706
('----划分特征：', 270)
------划分值:0.000,左节点损失:0.000,右节点损失:7.706,总损失:7.706
------划分值:1.000,左节点损失:3.643,右节点损失:4.036,总损失:7.679
('----划分特征：', 271)
------划分值:0.000,左节点损失:0.000,右节点损失:7.706,总损失:7.706
------划分值:1.000,左节点损失:2.674,右节点损失:4.795,总损失:7.470
('----划分特征：', 272)
------划分值:0.000,左节点损失:0.000,右节点损失:7.706,总损失:7.706
------划分值:1.000,左节点损失:2.614,右节点损失:4.641,总损失:7.254
('----划分特征：', 273)
------划分值:0.000,左节点损失:0.000,右节点损失:7.706,总损失:7.706
------划分值:1.000,左节点损失:3.350,右节点损失:3.758,总损失:7.108
('----划分特征：', 274)
------划分值:0.000,左节点损失:0.000,右节点损失:7.706,总损失:7.706
------划分值:1.000,左节点损失:4.777,右节点损失:2.408,总损失:7.185
('----划分特征：', 275)
------划分值:0.000,左节点损失:0.000,右节点损失:7.706,总损失:7.706
------划分值:1.000,左节点损失:6.536,右节点损失:0.990,总损失:7.526
('----划分特征：', 276)
------划分值:0.000,左节点损失:0.000,右节点损失:7.706,总损失:7.706
------划分值:1.000,左节点损失:7.386,右节点损失:0.302,总损失:7.687
('----划分特征：', 277)
------划分值:0.000,左节点损失:0.000,右节点损失:7.706,总损失:7.706
------划分值:1.000,左节点损失:7.701,右节点损失:0.000,总损失:7.701
('----划分特征：', 278)
------划分值:0.000,左节点损失:0.000,右节点损失:7.706,总损失:7.706
------划分值:1.000,左节点损失:7.706,右节点损失:0.000,总损失:7.706
('----划分特征：', 279)
------划分值:0.000,左节点损失:0.000,右节点损失:7.706,总损失:7.706
('----划分特征：', 280)
------划分值:0.000,左节点损失:0.000,右节点损失:7.706,总损失:7.706
('----划分特征：', 281)
------划分值:0.000,左节点损失:0.000,右节点损失:7.706,总损失:7.706
------划分值:1.000,左节点损失:7.706,右节点损失:0.000,总损失:7.706
('----划分特征：', 282)
------划分值:0.000,左节点损失:0.000,右节点损失:7.706,总损失:7.706
------划分值:1.000,左节点损失:7.705,右节点损失:0.000,总损失:7.705
('----划分特征：', 283)
------划分值:0.000,左节点损失:0.000,右节点损失:7.706,总损失:7.706
------划分值:1.000,左节点损失:7.702,右节点损失:0.000,总损失:7.702
('----划分特征：', 284)
------划分值:0.000,左节点损失:0.000,右节点损失:7.706,总损失:7.706
------划分值:1.000,左节点损失:7.692,右节点损失:0.000,总损失:7.692
('----划分特征：', 285)
------划分值:0.000,左节点损失:0.000,右节点损失:7.706,总损失:7.706
------划分值:1.000,左节点损失:7.569,右节点损失:0.125,总损失:7.694
('----划分特征：', 286)
------划分值:0.000,左节点损失:0.000,右节点损失:7.706,总损失:7.706
------划分值:1.000,左节点损失:7.064,右节点损失:0.641,总损失:7.705
('----划分特征：', 287)
------划分值:0.000,左节点损失:0.000,右节点损失:7.706,总损失:7.706
------划分值:1.000,左节点损失:6.163,右节点损失:1.503,总损失:7.666
('----划分特征：', 288)
------划分值:0.000,左节点损失:0.000,右节点损失:7.706,总损失:7.706
------划分值:1.000,左节点损失:4.967,右节点损失:2.640,总损失:7.607
('----划分特征：', 289)
------划分值:0.000,左节点损失:0.000,右节点损失:7.706,总损失:7.706
------划分值:1.000,左节点损失:3.518,右节点损失:3.950,总损失:7.468
('----划分特征：', 290)
------划分值:0.000,左节点损失:0.000,右节点损失:7.706,总损失:7.706
------划分值:1.000,左节点损失:2.588,右节点损失:4.820,总损失:7.409
('----划分特征：', 291)
------划分值:1.000,左节点损失:2.660,右节点损失:4.814,总损失:7.474
------划分值:0.000,左节点损失:0.000,右节点损失:7.706,总损失:7.706
('----划分特征：', 292)
------划分值:1.000,左节点损失:3.053,右节点损失:4.444,总损失:7.497
------划分值:0.000,左节点损失:0.000,右节点损失:7.706,总损失:7.706
('----划分特征：', 293)
------划分值:0.000,左节点损失:0.000,右节点损失:7.706,总损失:7.706
------划分值:1.000,左节点损失:3.933,右节点损失:3.667,总损失:7.600
('----划分特征：', 294)
------划分值:0.000,左节点损失:0.000,右节点损失:7.706,总损失:7.706
------划分值:1.000,左节点损失:4.846,右节点损失:2.838,总损失:7.684
('----划分特征：', 295)
------划分值:0.000,左节点损失:0.000,右节点损失:7.706,总损失:7.706
------划分值:1.000,左节点损失:5.507,右节点损失:2.192,总损失:7.699
('----划分特征：', 296)
------划分值:0.000,左节点损失:0.000,右节点损失:7.706,总损失:7.706
------划分值:1.000,左节点损失:5.792,右节点损失:1.853,总损失:7.645
('----划分特征：', 297)
------划分值:0.000,左节点损失:0.000,右节点损失:7.706,总损失:7.706
------划分值:1.000,左节点损失:5.396,右节点损失:2.250,总损失:7.645
('----划分特征：', 298)
------划分值:0.000,左节点损失:0.000,右节点损失:7.706,总损失:7.706
------划分值:1.000,左节点损失:4.628,右节点损失:3.077,总损失:7.705
('----划分特征：', 299)
------划分值:0.000,左节点损失:0.000,右节点损失:7.706,总损失:7.706
------划分值:1.000,左节点损失:3.437,右节点损失:4.163,总损失:7.600
('----划分特征：', 300)
------划分值:0.000,左节点损失:0.000,右节点损失:7.706,总损失:7.706
------划分值:1.000,左节点损失:2.604,右节点损失:4.570,总损失:7.174
('----划分特征：', 301)
------划分值:0.000,左节点损失:0.000,右节点损失:7.706,总损失:7.706
------划分值:1.000,左节点损失:3.070,右节点损失:3.750,总损失:6.819
('----划分特征：', 302)
------划分值:0.000,左节点损失:0.000,右节点损失:7.706,总损失:7.706
------划分值:1.000,左节点损失:4.254,右节点损失:2.393,总损失:6.647
('----划分特征：', 303)
------划分值:0.000,左节点损失:0.000,右节点损失:7.706,总损失:7.706
------划分值:1.000,左节点损失:5.988,右节点损失:1.003,总损失:6.991
('----划分特征：', 304)
------划分值:0.000,左节点损失:0.000,右节点损失:7.706,总损失:7.706
------划分值:1.000,左节点损失:7.335,右节点损失:0.258,总损失:7.593
('----划分特征：', 305)
------划分值:0.000,左节点损失:0.000,右节点损失:7.706,总损失:7.706
------划分值:1.000,左节点损失:7.704,右节点损失:0.000,总损失:7.704
('----划分特征：', 306)
------划分值:0.000,左节点损失:0.000,右节点损失:7.706,总损失:7.706
------划分值:1.000,左节点损失:7.706,右节点损失:0.000,总损失:7.706
('----划分特征：', 307)
------划分值:0.000,左节点损失:0.000,右节点损失:7.706,总损失:7.706
('----划分特征：', 308)
------划分值:0.000,左节点损失:0.000,右节点损失:7.706,总损失:7.706
('----划分特征：', 309)
------划分值:0.000,左节点损失:0.000,右节点损失:7.706,总损失:7.706
------划分值:1.000,左节点损失:7.706,右节点损失:0.000,总损失:7.706
('----划分特征：', 310)
------划分值:0.000,左节点损失:0.000,右节点损失:7.706,总损失:7.706
------划分值:1.000,左节点损失:7.705,右节点损失:0.000,总损失:7.705
('----划分特征：', 311)
------划分值:0.000,左节点损失:0.000,右节点损失:7.706,总损失:7.706
------划分值:1.000,左节点损失:7.702,右节点损失:0.000,总损失:7.702
('----划分特征：', 312)
------划分值:0.000,左节点损失:0.000,右节点损失:7.706,总损失:7.706
------划分值:1.000,左节点损失:7.695,右节点损失:0.000,总损失:7.695
('----划分特征：', 313)
------划分值:0.000,左节点损失:0.000,右节点损失:7.706,总损失:7.706
------划分值:1.000,左节点损失:7.419,右节点损失:0.287,总损失:7.706
('----划分特征：', 314)
------划分值:0.000,左节点损失:0.000,右节点损失:7.706,总损失:7.706
------划分值:1.000,左节点损失:6.664,右节点损失:0.993,总损失:7.656
('----划分特征：', 315)
------划分值:0.000,左节点损失:0.000,右节点损失:7.706,总损失:7.706
------划分值:1.000,左节点损失:5.448,右节点损失:2.082,总损失:7.529
('----划分特征：', 316)
------划分值:0.000,左节点损失:0.000,右节点损失:7.706,总损失:7.706
------划分值:1.000,左节点损失:4.085,右节点损失:3.337,总损失:7.422
('----划分特征：', 317)
------划分值:0.000,左节点损失:0.000,右节点损失:7.706,总损失:7.706
------划分值:1.000,左节点损失:2.848,右节点损失:4.481,总损失:7.329
('----划分特征：', 318)
------划分值:0.000,左节点损失:0.000,右节点损失:7.706,总损失:7.706
------划分值:1.000,左节点损失:2.589,右节点损失:4.818,总损失:7.407
('----划分特征：', 319)
------划分值:1.000,左节点损失:3.092,右节点损失:4.410,总损失:7.502
------划分值:0.000,左节点损失:0.000,右节点损失:7.706,总损失:7.706
('----划分特征：', 320)
------划分值:1.000,左节点损失:4.194,右节点损失:3.437,总损失:7.631
------划分值:0.000,左节点损失:0.000,右节点损失:7.706,总损失:7.706
('----划分特征：', 321)
------划分值:1.000,左节点损失:5.092,右节点损失:2.602,总损失:7.695
------划分值:0.000,左节点损失:0.000,右节点损失:7.706,总损失:7.706
('----划分特征：', 322)
------划分值:0.000,左节点损失:0.000,右节点损失:7.706,总损失:7.706
------划分值:1.000,左节点损失:6.015,右节点损失:1.664,总损失:7.679
('----划分特征：', 323)
------划分值:0.000,左节点损失:0.000,右节点损失:7.706,总损失:7.706
------划分值:1.000,左节点损失:6.525,右节点损失:1.028,总损失:7.553
('----划分特征：', 324)
------划分值:0.000,左节点损失:0.000,右节点损失:7.706,总损失:7.706
------划分值:1.000,左节点损失:6.543,右节点损失:0.925,总损失:7.468
('----划分特征：', 325)
------划分值:0.000,左节点损失:0.000,右节点损失:7.706,总损失:7.706
------划分值:1.000,左节点损失:6.250,右节点损失:1.199,总损失:7.449
('----划分特征：', 326)
------划分值:0.000,左节点损失:0.000,右节点损失:7.706,总损失:7.706
------划分值:1.000,左节点损失:5.591,右节点损失:2.023,总损失:7.614
('----划分特征：', 327)
------划分值:0.000,左节点损失:0.000,右节点损失:7.706,总损失:7.706
------划分值:1.000,左节点损失:4.213,右节点损失:3.468,总损失:7.682
('----划分特征：', 328)
------划分值:0.000,左节点损失:0.000,右节点损失:7.706,总损失:7.706
------划分值:1.000,左节点损失:3.042,右节点损失:4.160,总损失:7.202
('----划分特征：', 329)
------划分值:0.000,左节点损失:0.000,右节点损失:7.706,总损失:7.706
------划分值:1.000,左节点损失:2.865,右节点损失:3.504,总损失:6.369
('----划分特征：', 330)
------划分值:0.000,左节点损失:0.000,右节点损失:7.706,总损失:7.706
------划分值:1.000,左节点损失:3.718,右节点损失:2.126,总损失:5.844
('----划分特征：', 331)
------划分值:0.000,左节点损失:0.000,右节点损失:7.706,总损失:7.706
------划分值:1.000,左节点损失:5.647,右节点损失:0.831,总损失:6.478
('----划分特征：', 332)
------划分值:0.000,左节点损失:0.000,右节点损失:7.706,总损失:7.706
------划分值:1.000,左节点损失:7.194,右节点损失:0.265,总损失:7.459
('----划分特征：', 333)
------划分值:0.000,左节点损失:0.000,右节点损失:7.706,总损失:7.706
------划分值:1.000,左节点损失:7.705,右节点损失:0.000,总损失:7.705
('----划分特征：', 334)
------划分值:0.000,左节点损失:0.000,右节点损失:7.706,总损失:7.706
------划分值:1.000,左节点损失:7.694,右节点损失:0.007,总损失:7.702
('----划分特征：', 335)
------划分值:0.000,左节点损失:0.000,右节点损失:7.706,总损失:7.706
('----划分特征：', 336)
------划分值:0.000,左节点损失:0.000,右节点损失:7.706,总损失:7.706
('----划分特征：', 337)
------划分值:0.000,左节点损失:0.000,右节点损失:7.706,总损失:7.706
------划分值:1.000,左节点损失:7.706,右节点损失:0.000,总损失:7.706
('----划分特征：', 338)
------划分值:0.000,左节点损失:0.000,右节点损失:7.706,总损失:7.706
------划分值:1.000,左节点损失:7.705,右节点损失:0.000,总损失:7.705
('----划分特征：', 339)
------划分值:0.000,左节点损失:0.000,右节点损失:7.706,总损失:7.706
------划分值:1.000,左节点损失:7.703,右节点损失:0.000,总损失:7.703
('----划分特征：', 340)
------划分值:0.000,左节点损失:0.000,右节点损失:7.706,总损失:7.706
------划分值:1.000,左节点损失:7.684,右节点损失:0.014,总损失:7.698
('----划分特征：', 341)
------划分值:0.000,左节点损失:0.000,右节点损失:7.706,总损失:7.706
------划分值:1.000,左节点损失:7.175,右节点损失:0.501,总损失:7.677
('----划分特征：', 342)
------划分值:0.000,左节点损失:0.000,右节点损失:7.706,总损失:7.706
------划分值:1.000,左节点损失:6.028,右节点损失:1.432,总损失:7.460
('----划分特征：', 343)
------划分值:0.000,左节点损失:0.000,右节点损失:7.706,总损失:7.706
------划分值:1.000,左节点损失:4.589,右节点损失:2.720,总损失:7.308
('----划分特征：', 344)
------划分值:0.000,左节点损失:0.000,右节点损失:7.706,总损失:7.706
------划分值:1.000,左节点损失:3.045,右节点损失:4.102,总损失:7.147
('----划分特征：', 345)
------划分值:0.000,左节点损失:0.000,右节点损失:7.706,总损失:7.706
------划分值:1.000,左节点损失:2.387,右节点损失:4.861,总损失:7.248
('----划分特征：', 346)
------划分值:0.000,左节点损失:0.000,右节点损失:7.706,总损失:7.706
------划分值:1.000,左节点损失:2.822,右节点损失:4.631,总损失:7.453
('----划分特征：', 347)
------划分值:0.000,左节点损失:0.000,右节点损失:7.706,总损失:7.706
------划分值:1.000,左节点损失:3.957,右节点损失:3.682,总损失:7.638
('----划分特征：', 348)
------划分值:1.000,左节点损失:5.233,右节点损失:2.473,总损失:7.706
------划分值:0.000,左节点损失:0.000,右节点损失:7.706,总损失:7.706
('----划分特征：', 349)
------划分值:1.000,左节点损失:6.074,右节点损失:1.583,总损失:7.657
------划分值:0.000,左节点损失:0.000,右节点损失:7.706,总损失:7.706
('----划分特征：', 350)
------划分值:0.000,左节点损失:0.000,右节点损失:7.706,总损失:7.706
------划分值:1.000,左节点损失:6.617,右节点损失:0.882,总损失:7.499
('----划分特征：', 351)
------划分值:0.000,左节点损失:0.000,右节点损失:7.706,总损失:7.706
------划分值:1.000,左节点损失:6.816,右节点损失:0.512,总损失:7.328
('----划分特征：', 352)
------划分值:0.000,左节点损失:0.000,右节点损失:7.706,总损失:7.706
------划分值:1.000,左节点损失:6.768,右节点损失:0.414,总损失:7.182
('----划分特征：', 353)
------划分值:0.000,左节点损失:0.000,右节点损失:7.706,总损失:7.706
------划分值:1.000,左节点损失:6.515,右节点损失:0.723,总损失:7.238
('----划分特征：', 354)
------划分值:0.000,左节点损失:0.000,右节点损失:7.706,总损失:7.706
------划分值:1.000,左节点损失:5.757,右节点损失:1.796,总损失:7.553
('----划分特征：', 355)
------划分值:0.000,左节点损失:0.000,右节点损失:7.706,总损失:7.706
------划分值:1.000,左节点损失:4.776,右节点损失:2.926,总损失:7.703
('----划分特征：', 356)
------划分值:0.000,左节点损失:0.000,右节点损失:7.706,总损失:7.706
------划分值:1.000,左节点损失:3.204,右节点损失:3.921,总损失:7.125
('----划分特征：', 357)
------划分值:0.000,左节点损失:0.000,右节点损失:7.706,总损失:7.706
------划分值:1.000,左节点损失:2.828,右节点损失:3.240,总损失:6.068
('----划分特征：', 358)
------划分值:0.000,左节点损失:0.000,右节点损失:7.706,总损失:7.706
------划分值:1.000,左节点损失:3.615,右节点损失:1.883,总损失:5.498
('----划分特征：', 359)
------划分值:0.000,左节点损失:0.000,右节点损失:7.706,总损失:7.706
------划分值:1.000,左节点损失:5.411,右节点损失:0.797,总损失:6.209
('----划分特征：', 360)
------划分值:0.000,左节点损失:0.000,右节点损失:7.706,总损失:7.706
------划分值:1.000,左节点损失:7.038,右节点损失:0.337,总损失:7.375
('----划分特征：', 361)
------划分值:0.000,左节点损失:0.000,右节点损失:7.706,总损失:7.706
------划分值:1.000,左节点损失:7.705,右节点损失:0.000,总损失:7.705
('----划分特征：', 362)
------划分值:0.000,左节点损失:0.000,右节点损失:7.706,总损失:7.706
------划分值:1.000,左节点损失:7.694,右节点损失:0.010,总损失:7.704
('----划分特征：', 363)
------划分值:0.000,左节点损失:0.000,右节点损失:7.706,总损失:7.706
('----划分特征：', 364)
------划分值:0.000,左节点损失:0.000,右节点损失:7.706,总损失:7.706
('----划分特征：', 365)
------划分值:0.000,左节点损失:0.000,右节点损失:7.706,总损失:7.706
------划分值:1.000,左节点损失:7.706,右节点损失:0.000,总损失:7.706
('----划分特征：', 366)
------划分值:0.000,左节点损失:0.000,右节点损失:7.706,总损失:7.706
------划分值:1.000,左节点损失:7.706,右节点损失:0.000,总损失:7.706
('----划分特征：', 367)
------划分值:0.000,左节点损失:0.000,右节点损失:7.706,总损失:7.706
------划分值:1.000,左节点损失:7.705,右节点损失:0.000,总损失:7.705
('----划分特征：', 368)
------划分值:0.000,左节点损失:0.000,右节点损失:7.706,总损失:7.706
------划分值:1.000,左节点损失:7.640,右节点损失:0.066,总损失:7.706
('----划分特征：', 369)
------划分值:0.000,左节点损失:0.000,右节点损失:7.706,总损失:7.706
------划分值:1.000,左节点损失:6.832,右节点损失:0.727,总损失:7.559
('----划分特征：', 370)
------划分值:0.000,左节点损失:0.000,右节点损失:7.706,总损失:7.706
------划分值:1.000,左节点损失:5.326,右节点损失:1.871,总损失:7.197
('----划分特征：', 371)
------划分值:0.000,左节点损失:0.000,右节点损失:7.706,总损失:7.706
------划分值:1.000,左节点损失:3.722,右节点损失:3.293,总损失:7.015
('----划分特征：', 372)
------划分值:0.000,左节点损失:0.000,右节点损失:7.706,总损失:7.706
------划分值:1.000,左节点损失:2.583,右节点损失:4.459,总损失:7.042
('----划分特征：', 373)
------划分值:0.000,左节点损失:0.000,右节点损失:7.706,总损失:7.706
------划分值:1.000,左节点损失:2.569,右节点损失:4.757,总损失:7.326
('----划分特征：', 374)
------划分值:0.000,左节点损失:0.000,右节点损失:7.706,总损失:7.706
------划分值:1.000,左节点损失:3.541,右节点损失:4.062,总损失:7.602
('----划分特征：', 375)
------划分值:0.000,左节点损失:0.000,右节点损失:7.706,总损失:7.706
------划分值:1.000,左节点损失:5.015,右节点损失:2.691,总损失:7.706
('----划分特征：', 376)
------划分值:0.000,左节点损失:0.000,右节点损失:7.706,总损失:7.706
------划分值:1.000,左节点损失:6.045,右节点损失:1.581,总损失:7.626
('----划分特征：', 377)
------划分值:1.000,左节点损失:6.726,右节点损失:0.665,总损失:7.391
------划分值:0.000,左节点损失:0.000,右节点损失:7.706,总损失:7.706
('----划分特征：', 378)
------划分值:1.000,左节点损失:6.864,右节点损失:0.301,总损失:7.165
------划分值:0.000,左节点损失:0.000,右节点损失:7.706,总损失:7.706
('----划分特征：', 379)
------划分值:1.000,左节点损失:6.837,右节点损失:0.130,总损失:6.967
------划分值:0.000,左节点损失:0.000,右节点损失:7.706,总损失:7.706
('----划分特征：', 380)
------划分值:0.000,左节点损失:0.000,右节点损失:7.706,总损失:7.706
------划分值:1.000,左节点损失:6.703,右节点损失:0.173,总损失:6.876
('----划分特征：', 381)
------划分值:0.000,左节点损失:0.000,右节点损失:7.706,总损失:7.706
------划分值:1.000,左节点损失:6.471,右节点损失:0.612,总损失:7.083
('----划分特征：', 382)
------划分值:0.000,左节点损失:0.000,右节点损失:7.706,总损失:7.706
------划分值:1.000,左节点损失:5.909,右节点损失:1.601,总损失:7.510
('----划分特征：', 383)
------划分值:0.000,左节点损失:0.000,右节点损失:7.706,总损失:7.706
------划分值:1.000,左节点损失:4.827,右节点损失:2.871,总损失:7.698
('----划分特征：', 384)
------划分值:0.000,左节点损失:0.000,右节点损失:7.706,总损失:7.706
------划分值:1.000,左节点损失:3.338,右节点损失:3.754,总损失:7.092
('----划分特征：', 385)
------划分值:0.000,左节点损失:0.000,右节点损失:7.706,总损失:7.706
------划分值:1.000,左节点损失:2.895,右节点损失:3.148,总损失:6.043
('----划分特征：', 386)
------划分值:0.000,左节点损失:0.000,右节点损失:7.706,总损失:7.706
------划分值:1.000,左节点损失:3.588,右节点损失:1.995,总损失:5.583
('----划分特征：', 387)
------划分值:0.000,左节点损失:0.000,右节点损失:7.706,总损失:7.706
------划分值:1.000,左节点损失:5.309,右节点损失:1.019,总损失:6.328
('----划分特征：', 388)
------划分值:0.000,左节点损失:0.000,右节点损失:7.706,总损失:7.706
------划分值:1.000,左节点损失:6.965,右节点损失:0.400,总损失:7.365
('----划分特征：', 389)
------划分值:0.000,左节点损失:0.000,右节点损失:7.706,总损失:7.706
------划分值:1.000,左节点损失:7.704,右节点损失:0.000,总损失:7.704
('----划分特征：', 390)
------划分值:0.000,左节点损失:0.000,右节点损失:7.706,总损失:7.706
('----划分特征：', 391)
------划分值:0.000,左节点损失:0.000,右节点损失:7.706,总损失:7.706
('----划分特征：', 392)
------划分值:0.000,左节点损失:0.000,右节点损失:7.706,总损失:7.706
('----划分特征：', 393)
------划分值:0.000,左节点损失:0.000,右节点损失:7.706,总损失:7.706
('----划分特征：', 394)
------划分值:0.000,左节点损失:0.000,右节点损失:7.706,总损失:7.706
------划分值:1.000,左节点损失:7.706,右节点损失:0.000,总损失:7.706
('----划分特征：', 395)
------划分值:0.000,左节点损失:0.000,右节点损失:7.706,总损失:7.706
------划分值:1.000,左节点损失:7.705,右节点损失:0.000,总损失:7.705
('----划分特征：', 396)
------划分值:0.000,左节点损失:0.000,右节点损失:7.706,总损失:7.706
------划分值:1.000,左节点损失:7.559,右节点损失:0.139,总损失:7.697
('----划分特征：', 397)
------划分值:0.000,左节点损失:0.000,右节点损失:7.706,总损失:7.706
------划分值:1.000,左节点损失:6.243,右节点损失:0.979,总损失:7.221
('----划分特征：', 398)
------划分值:0.000,左节点损失:0.000,右节点损失:7.706,总损失:7.706
------划分值:1.000,左节点损失:4.635,右节点损失:2.246,总损失:6.881
('----划分特征：', 399)
------划分值:0.000,左节点损失:0.000,右节点损失:7.706,总损失:7.706
------划分值:1.000,左节点损失:3.070,右节点损失:3.713,总损失:6.784
('----划分特征：', 400)
------划分值:0.000,左节点损失:0.000,右节点损失:7.706,总损失:7.706
------划分值:1.000,左节点损失:2.383,右节点损失:4.617,总损失:7.000
('----划分特征：', 401)
------划分值:0.000,左节点损失:0.000,右节点损失:7.706,总损失:7.706
------划分值:1.000,左节点损失:2.970,右节点损失:4.467,总损失:7.436
('----划分特征：', 402)
------划分值:0.000,左节点损失:0.000,右节点损失:7.706,总损失:7.706
------划分值:1.000,左节点损失:4.443,右节点损失:3.252,总损失:7.695
('----划分特征：', 403)
------划分值:0.000,左节点损失:0.000,右节点损失:7.706,总损失:7.706
------划分值:1.000,左节点损失:5.848,右节点损失:1.780,总损失:7.628
('----划分特征：', 404)
------划分值:0.000,左节点损失:0.000,右节点损失:7.706,总损失:7.706
------划分值:1.000,左节点损失:6.592,右节点损失:0.817,总损失:7.409
('----划分特征：', 405)
------划分值:0.000,左节点损失:0.000,右节点损失:7.706,总损失:7.706
------划分值:1.000,左节点损失:6.785,右节点损失:0.301,总损失:7.086
('----划分特征：', 406)
------划分值:1.000,左节点损失:6.774,右节点损失:0.072,总损失:6.846
------划分值:0.000,左节点损失:0.000,右节点损失:7.706,总损失:7.706
('----划分特征：', 407)
------划分值:1.000,左节点损失:6.590,右节点损失:0.029,总损失:6.619
------划分值:0.000,左节点损失:0.000,右节点损失:7.706,总损失:7.706
('----划分特征：', 408)
------划分值:1.000,左节点损失:6.572,右节点损失:0.115,总损失:6.687
------划分值:0.000,左节点损失:0.000,右节点损失:7.706,总损失:7.706
('----划分特征：', 409)
------划分值:0.000,左节点损失:0.000,右节点损失:7.706,总损失:7.706
------划分值:1.000,左节点损失:6.363,右节点损失:0.697,总损失:7.059
('----划分特征：', 410)
------划分值:0.000,左节点损失:0.000,右节点损失:7.706,总损失:7.706
------划分值:1.000,左节点损失:5.734,右节点损失:1.834,总损失:7.568
('----划分特征：', 411)
------划分值:0.000,左节点损失:0.000,右节点损失:7.706,总损失:7.706
------划分值:1.000,左节点损失:4.621,右节点损失:3.056,总损失:7.676
('----划分特征：', 412)
------划分值:0.000,左节点损失:0.000,右节点损失:7.706,总损失:7.706
------划分值:1.000,左节点损失:3.455,右节点损失:3.672,总损失:7.127
('----划分特征：', 413)
------划分值:0.000,左节点损失:0.000,右节点损失:7.706,总损失:7.706
------划分值:1.000,左节点损失:2.947,右节点损失:3.226,总损失:6.173
('----划分特征：', 414)
------划分值:0.000,左节点损失:0.000,右节点损失:7.706,总损失:7.706
------划分值:1.000,左节点损失:3.861,右节点损失:2.059,总损失:5.920
('----划分特征：', 415)
------划分值:0.000,左节点损失:0.000,右节点损失:7.706,总损失:7.706
------划分值:1.000,左节点损失:5.345,右节点损失:1.129,总损失:6.474
('----划分特征：', 416)
------划分值:0.000,左节点损失:0.000,右节点损失:7.706,总损失:7.706
------划分值:1.000,左节点损失:7.025,右节点损失:0.400,总损失:7.425
('----划分特征：', 417)
------划分值:0.000,左节点损失:0.000,右节点损失:7.706,总损失:7.706
------划分值:1.000,左节点损失:7.693,右节点损失:0.013,总损失:7.706
('----划分特征：', 418)
------划分值:0.000,左节点损失:0.000,右节点损失:7.706,总损失:7.706
('----划分特征：', 419)
------划分值:0.000,左节点损失:0.000,右节点损失:7.706,总损失:7.706
('----划分特征：', 420)
------划分值:0.000,左节点损失:0.000,右节点损失:7.706,总损失:7.706
('----划分特征：', 421)
------划分值:0.000,左节点损失:0.000,右节点损失:7.706,总损失:7.706
('----划分特征：', 422)
------划分值:0.000,左节点损失:0.000,右节点损失:7.706,总损失:7.706
------划分值:1.000,左节点损失:7.706,右节点损失:0.000,总损失:7.706
('----划分特征：', 423)
------划分值:0.000,左节点损失:0.000,右节点损失:7.706,总损失:7.706
------划分值:1.000,左节点损失:7.705,右节点损失:0.000,总损失:7.705
('----划分特征：', 424)
------划分值:0.000,左节点损失:0.000,右节点损失:7.706,总损失:7.706
------划分值:1.000,左节点损失:7.429,右节点损失:0.226,总损失:7.655
('----划分特征：', 425)
------划分值:0.000,左节点损失:0.000,右节点损失:7.706,总损失:7.706
------划分值:1.000,左节点损失:5.787,右节点损失:1.215,总损失:7.003
('----划分特征：', 426)
------划分值:0.000,左节点损失:0.000,右节点损失:7.706,总损失:7.706
------划分值:1.000,左节点损失:3.918,右节点损失:2.625,总损失:6.544
('----划分特征：', 427)
------划分值:0.000,左节点损失:0.000,右节点损失:7.706,总损失:7.706
------划分值:1.000,左节点损失:2.541,右节点损失:3.965,总损失:6.506
('----划分特征：', 428)
------划分值:0.000,左节点损失:0.000,右节点损失:7.706,总损失:7.706
------划分值:1.000,左节点损失:2.384,右节点损失:4.598,总损失:6.982
('----划分特征：', 429)
------划分值:0.000,左节点损失:0.000,右节点损失:7.706,总损失:7.706
------划分值:1.000,左节点损失:3.556,右节点损失:3.989,总损失:7.545
('----划分特征：', 430)
------划分值:0.000,左节点损失:0.000,右节点损失:7.706,总损失:7.706
------划分值:1.000,左节点损失:5.251,右节点损失:2.446,总损失:7.697
('----划分特征：', 431)
------划分值:0.000,左节点损失:0.000,右节点损失:7.706,总损失:7.706
------划分值:1.000,左节点损失:6.379,右节点损失:1.115,总损失:7.494
('----划分特征：', 432)
------划分值:0.000,左节点损失:0.000,右节点损失:7.706,总损失:7.706
------划分值:1.000,左节点损失:6.825,右节点损失:0.386,总损失:7.211
('----划分特征：', 433)
------划分值:0.000,左节点损失:0.000,右节点损失:7.706,总损失:7.706
------划分值:1.000,左节点损失:6.786,右节点损失:0.130,总损失:6.916
('----划分特征：', 434)
------划分值:0.000,左节点损失:0.000,右节点损失:7.706,总损失:7.706
------划分值:1.000,左节点损失:6.704,右节点损失:0.043,总损失:6.748
('----划分特征：', 435)
------划分值:1.000,左节点损失:6.581,右节点损失:0.058,总损失:6.639
------划分值:0.000,左节点损失:0.000,右节点损失:7.706,总损失:7.706
('----划分特征：', 436)
------划分值:1.000,左节点损失:6.588,右节点损失:0.230,总损失:6.818
------划分值:0.000,左节点损失:0.000,右节点损失:7.706,总损失:7.706
('----划分特征：', 437)
------划分值:1.000,左节点损失:6.174,右节点损失:1.070,总损失:7.244
------划分值:0.000,左节点损失:0.000,右节点损失:7.706,总损失:7.706
('----划分特征：', 438)
------划分值:1.000,左节点损失:5.425,右节点损失:2.223,总损失:7.647
------划分值:0.000,左节点损失:0.000,右节点损失:7.706,总损失:7.706
('----划分特征：', 439)
------划分值:0.000,左节点损失:0.000,右节点损失:7.706,总损失:7.706
------划分值:1.000,左节点损失:4.117,右节点损失:3.478,总损失:7.595
('----划分特征：', 440)
------划分值:0.000,左节点损失:0.000,右节点损失:7.706,总损失:7.706
------划分值:1.000,左节点损失:3.234,右节点损失:3.820,总损失:7.054
('----划分特征：', 441)
------划分值:0.000,左节点损失:0.000,右节点损失:7.706,总损失:7.706
------划分值:1.000,左节点损失:3.341,右节点损失:3.187,总损失:6.527
('----划分特征：', 442)
------划分值:0.000,左节点损失:0.000,右节点损失:7.706,总损失:7.706
------划分值:1.000,左节点损失:4.335,右节点损失:2.121,总损失:6.457
('----划分特征：', 443)
------划分值:0.000,左节点损失:0.000,右节点损失:7.706,总损失:7.706
------划分值:1.000,左节点损失:5.692,右节点损失:1.122,总损失:6.813
('----划分特征：', 444)
------划分值:0.000,左节点损失:0.000,右节点损失:7.706,总损失:7.706
------划分值:1.000,左节点损失:7.095,右节点损失:0.404,总损失:7.499
('----划分特征：', 445)
------划分值:0.000,左节点损失:0.000,右节点损失:7.706,总损失:7.706
------划分值:1.000,左节点损失:7.692,右节点损失:0.014,总损失:7.706
('----划分特征：', 446)
------划分值:0.000,左节点损失:0.000,右节点损失:7.706,总损失:7.706
------划分值:1.000,左节点损失:7.706,右节点损失:0.000,总损失:7.706
('----划分特征：', 447)
------划分值:0.000,左节点损失:0.000,右节点损失:7.706,总损失:7.706
('----划分特征：', 448)
------划分值:0.000,左节点损失:0.000,右节点损失:7.706,总损失:7.706
('----划分特征：', 449)
------划分值:0.000,左节点损失:0.000,右节点损失:7.706,总损失:7.706
('----划分特征：', 450)
------划分值:0.000,左节点损失:0.000,右节点损失:7.706,总损失:7.706
------划分值:1.000,左节点损失:7.706,右节点损失:0.000,总损失:7.706
('----划分特征：', 451)
------划分值:0.000,左节点损失:0.000,右节点损失:7.706,总损失:7.706
------划分值:1.000,左节点损失:7.705,右节点损失:0.000,总损失:7.705
('----划分特征：', 452)
------划分值:0.000,左节点损失:0.000,右节点损失:7.706,总损失:7.706
------划分值:1.000,左节点损失:7.296,右节点损失:0.327,总损失:7.624
('----划分特征：', 453)
------划分值:0.000,左节点损失:0.000,右节点损失:7.706,总损失:7.706
------划分值:1.000,左节点损失:5.425,右节点损失:1.466,总损失:6.891
('----划分特征：', 454)
------划分值:0.000,左节点损失:0.000,右节点损失:7.706,总损失:7.706
------划分值:1.000,左节点损失:3.593,右节点损失:2.846,总损失:6.438
('----划分特征：', 455)
------划分值:0.000,左节点损失:0.000,右节点损失:7.706,总损失:7.706
------划分值:1.000,左节点损失:2.367,右节点损失:4.040,总损失:6.408
('----划分特征：', 456)
------划分值:0.000,左节点损失:0.000,右节点损失:7.706,总损失:7.706
------划分值:1.000,左节点损失:2.624,右节点损失:4.387,总损失:7.011
('----划分特征：', 457)
------划分值:0.000,左节点损失:0.000,右节点损失:7.706,总损失:7.706
------划分值:1.000,左节点损失:4.175,右节点损失:3.438,总损失:7.613
('----划分特征：', 458)
------划分值:0.000,左节点损失:0.000,右节点损失:7.706,总损失:7.706
------划分值:1.000,左节点损失:5.959,右节点损失:1.692,总损失:7.651
('----划分特征：', 459)
------划分值:0.000,左节点损失:0.000,右节点损失:7.706,总损失:7.706
------划分值:1.000,左节点损失:6.771,右节点损失:0.650,总损失:7.421
('----划分特征：', 460)
------划分值:0.000,左节点损失:0.000,右节点损失:7.706,总损失:7.706
------划分值:1.000,左节点损失:6.934,右节点损失:0.286,总损失:7.221
('----划分特征：', 461)
------划分值:0.000,左节点损失:0.000,右节点损失:7.706,总损失:7.706
------划分值:1.000,左节点损失:6.940,右节点损失:0.072,总损失:7.012
('----划分特征：', 462)
------划分值:0.000,左节点损失:0.000,右节点损失:7.706,总损失:7.706
------划分值:1.000,左节点损失:6.788,右节点损失:0.058,总损失:6.846
('----划分特征：', 463)
------划分值:0.000,左节点损失:0.000,右节点损失:7.706,总损失:7.706
------划分值:1.000,左节点损失:6.699,右节点损失:0.158,总损失:6.857
('----划分特征：', 464)
------划分值:0.000,左节点损失:0.000,右节点损失:7.706,总损失:7.706
------划分值:1.000,左节点损失:6.497,右节点损失:0.598,总损失:7.095
('----划分特征：', 465)
------划分值:1.000,左节点损失:5.848,右节点损失:1.631,总损失:7.479
------划分值:0.000,左节点损失:0.000,右节点损失:7.706,总损失:7.706
('----划分特征：', 466)
------划分值:1.000,左节点损失:4.768,右节点损失:2.938,总损失:7.706
------划分值:0.000,左节点损失:0.000,右节点损失:7.706,总损失:7.706
('----划分特征：', 467)
------划分值:1.000,左节点损失:3.594,右节点损失:3.890,总损失:7.484
------划分值:0.000,左节点损失:0.000,右节点损失:7.706,总损失:7.706
('----划分特征：', 468)
------划分值:0.000,左节点损失:0.000,右节点损失:7.706,总损失:7.706
------划分值:1.000,左节点损失:3.103,右节点损失:3.922,总损失:7.024
('----划分特征：', 469)
------划分值:0.000,左节点损失:0.000,右节点损失:7.706,总损失:7.706
------划分值:1.000,左节点损失:3.666,右节点损失:3.063,总损失:6.729
('----划分特征：', 470)
------划分值:0.000,左节点损失:0.000,右节点损失:7.706,总损失:7.706
------划分值:1.000,左节点损失:4.703,右节点损失:2.067,总损失:6.769
('----划分特征：', 471)
------划分值:0.000,左节点损失:0.000,右节点损失:7.706,总损失:7.706
------划分值:1.000,左节点损失:6.022,右节点损失:1.084,总损失:7.106
('----划分特征：', 472)
------划分值:0.000,左节点损失:0.000,右节点损失:7.706,总损失:7.706
------划分值:1.000,左节点损失:7.272,右节点损失:0.354,总损失:7.626
('----划分特征：', 473)
------划分值:0.000,左节点损失:0.000,右节点损失:7.706,总损失:7.706
------划分值:1.000,左节点损失:7.704,右节点损失:0.000,总损失:7.704
('----划分特征：', 474)
------划分值:0.000,左节点损失:0.000,右节点损失:7.706,总损失:7.706
------划分值:1.000,左节点损失:7.706,右节点损失:0.000,总损失:7.706
('----划分特征：', 475)
------划分值:0.000,左节点损失:0.000,右节点损失:7.706,总损失:7.706
('----划分特征：', 476)
------划分值:0.000,左节点损失:0.000,右节点损失:7.706,总损失:7.706
('----划分特征：', 477)
------划分值:0.000,左节点损失:0.000,右节点损失:7.706,总损失:7.706
('----划分特征：', 478)
------划分值:0.000,左节点损失:0.000,右节点损失:7.706,总损失:7.706
------划分值:1.000,左节点损失:7.706,右节点损失:0.000,总损失:7.706
('----划分特征：', 479)
------划分值:0.000,左节点损失:0.000,右节点损失:7.706,总损失:7.706
------划分值:1.000,左节点损失:7.703,右节点损失:0.000,总损失:7.703
('----划分特征：', 480)
------划分值:0.000,左节点损失:0.000,右节点损失:7.706,总损失:7.706
------划分值:1.000,左节点损失:7.210,右节点损失:0.412,总损失:7.622
('----划分特征：', 481)
------划分值:0.000,左节点损失:0.000,右节点损失:7.706,总损失:7.706
------划分值:1.000,左节点损失:5.110,右节点损失:1.712,总损失:6.822
('----划分特征：', 482)
------划分值:0.000,左节点损失:0.000,右节点损失:7.706,总损失:7.706
------划分值:1.000,左节点损失:3.279,右节点损失:2.942,总损失:6.221
('----划分特征：', 483)
------划分值:0.000,左节点损失:0.000,右节点损失:7.706,总损失:7.706
------划分值:1.000,左节点损失:2.314,右节点损失:4.028,总损失:6.342
('----划分特征：', 484)
------划分值:0.000,左节点损失:0.000,右节点损失:7.706,总损失:7.706
------划分值:1.000,左节点损失:2.799,右节点损失:4.163,总损失:6.962
('----划分特征：', 485)
------划分值:0.000,左节点损失:0.000,右节点损失:7.706,总损失:7.706
------划分值:1.000,左节点损失:4.414,右节点损失:3.185,总损失:7.598
('----划分特征：', 486)
------划分值:0.000,左节点损失:0.000,右节点损失:7.706,总损失:7.706
------划分值:1.000,左节点损失:6.231,右节点损失:1.424,总损失:7.655
('----划分特征：', 487)
------划分值:0.000,左节点损失:0.000,右节点损失:7.706,总损失:7.706
------划分值:1.000,左节点损失:6.820,右节点损失:0.662,总损失:7.483
('----划分特征：', 488)
------划分值:0.000,左节点损失:0.000,右节点损失:7.706,总损失:7.706
------划分值:1.000,左节点损失:7.015,右节点损失:0.329,总损失:7.344
('----划分特征：', 489)
------划分值:0.000,左节点损失:0.000,右节点损失:7.706,总损失:7.706
------划分值:1.000,左节点损失:7.008,右节点损失:0.187,总损失:7.195
('----划分特征：', 490)
------划分值:0.000,左节点损失:0.000,右节点损失:7.706,总损失:7.706
------划分值:1.000,左节点损失:6.804,右节点损失:0.287,总损失:7.091
('----划分特征：', 491)
------划分值:0.000,左节点损失:0.000,右节点损失:7.706,总损失:7.706
------划分值:1.000,左节点损失:6.537,右节点损失:0.653,总损失:7.191
('----划分特征：', 492)
------划分值:0.000,左节点损失:0.000,右节点损失:7.706,总损失:7.706
------划分值:1.000,左节点损失:6.118,右节点损失:1.297,总损失:7.414
('----划分特征：', 493)
------划分值:1.000,左节点损失:5.141,右节点损失:2.527,总损失:7.668
------划分值:0.000,左节点损失:0.000,右节点损失:7.706,总损失:7.706
('----划分特征：', 494)
------划分值:1.000,左节点损失:3.854,右节点损失:3.780,总损失:7.635
------划分值:0.000,左节点损失:0.000,右节点损失:7.706,总损失:7.706
('----划分特征：', 495)
------划分值:1.000,左节点损失:3.178,右节点损失:4.160,总损失:7.337
------划分值:0.000,左节点损失:0.000,右节点损失:7.706,总损失:7.706
('----划分特征：', 496)
------划分值:0.000,左节点损失:0.000,右节点损失:7.706,总损失:7.706
------划分值:1.000,左节点损失:3.194,右节点损失:3.859,总损失:7.053
('----划分特征：', 497)
------划分值:0.000,左节点损失:0.000,右节点损失:7.706,总损失:7.706
------划分值:1.000,左节点损失:4.153,右节点损失:2.842,总损失:6.996
('----划分特征：', 498)
------划分值:0.000,左节点损失:0.000,右节点损失:7.706,总损失:7.706
------划分值:1.000,左节点损失:5.254,右节点损失:1.849,总损失:7.103
('----划分特征：', 499)
------划分值:0.000,左节点损失:0.000,右节点损失:7.706,总损失:7.706
------划分值:1.000,左节点损失:6.580,右节点损失:0.872,总损失:7.451
('----划分特征：', 500)
------划分值:0.000,左节点损失:0.000,右节点损失:7.706,总损失:7.706
------划分值:1.000,左节点损失:7.340,右节点损失:0.330,总损失:7.670
('----划分特征：', 501)
------划分值:0.000,左节点损失:0.000,右节点损失:7.706,总损失:7.706
------划分值:1.000,左节点损失:7.702,右节点损失:0.000,总损失:7.702
('----划分特征：', 502)
------划分值:0.000,左节点损失:0.000,右节点损失:7.706,总损失:7.706
------划分值:1.000,左节点损失:7.705,右节点损失:0.000,总损失:7.705
('----划分特征：', 503)
------划分值:0.000,左节点损失:0.000,右节点损失:7.706,总损失:7.706
('----划分特征：', 504)
------划分值:0.000,左节点损失:0.000,右节点损失:7.706,总损失:7.706
('----划分特征：', 505)
------划分值:0.000,左节点损失:0.000,右节点损失:7.706,总损失:7.706
('----划分特征：', 506)
------划分值:0.000,左节点损失:0.000,右节点损失:7.706,总损失:7.706
------划分值:1.000,左节点损失:7.706,右节点损失:0.000,总损失:7.706
('----划分特征：', 507)
------划分值:0.000,左节点损失:0.000,右节点损失:7.706,总损失:7.706
------划分值:1.000,左节点损失:7.700,右节点损失:0.000,总损失:7.700
('----划分特征：', 508)
------划分值:0.000,左节点损失:0.000,右节点损失:7.706,总损失:7.706
------划分值:1.000,左节点损失:7.084,右节点损失:0.554,总损失:7.638
('----划分特征：', 509)
------划分值:0.000,左节点损失:0.000,右节点损失:7.706,总损失:7.706
------划分值:1.000,左节点损失:5.331,右节点损失:1.752,总损失:7.083
('----划分特征：', 510)
------划分值:0.000,左节点损失:0.000,右节点损失:7.706,总损失:7.706
------划分值:1.000,左节点损失:3.277,右节点损失:3.081,总损失:6.358
('----划分特征：', 511)
------划分值:0.000,左节点损失:0.000,右节点损失:7.706,总损失:7.706
------划分值:1.000,左节点损失:2.152,右节点损失:4.068,总损失:6.220
('----划分特征：', 512)
------划分值:0.000,左节点损失:0.000,右节点损失:7.706,总损失:7.706
------划分值:1.000,左节点损失:2.737,右节点损失:4.074,总损失:6.811
('----划分特征：', 513)
------划分值:0.000,左节点损失:0.000,右节点损失:7.706,总损失:7.706
------划分值:1.000,左节点损失:4.365,右节点损失:3.175,总损失:7.540
('----划分特征：', 514)
------划分值:0.000,左节点损失:0.000,右节点损失:7.706,总损失:7.706
------划分值:1.000,左节点损失:5.924,右节点损失:1.769,总损失:7.693
('----划分特征：', 515)
------划分值:0.000,左节点损失:0.000,右节点损失:7.706,总损失:7.706
------划分值:1.000,左节点损失:6.717,右节点损失:0.837,总损失:7.554
('----划分特征：', 516)
------划分值:0.000,左节点损失:0.000,右节点损失:7.706,总损失:7.706
------划分值:1.000,左节点损失:6.894,右节点损失:0.566,总损失:7.459
('----划分特征：', 517)
------划分值:0.000,左节点损失:0.000,右节点损失:7.706,总损失:7.706
------划分值:1.000,左节点损失:6.829,右节点损失:0.512,总损失:7.340
('----划分特征：', 518)
------划分值:0.000,左节点损失:0.000,右节点损失:7.706,总损失:7.706
------划分值:1.000,左节点损失:6.536,右节点损失:0.777,总损失:7.314
('----划分特征：', 519)
------划分值:1.000,左节点损失:5.877,右节点损失:1.604,总损失:7.481
------划分值:0.000,左节点损失:0.000,右节点损失:7.706,总损失:7.706
('----划分特征：', 520)
------划分值:1.000,左节点损失:5.154,右节点损失:2.497,总损失:7.651
------划分值:0.000,左节点损失:0.000,右节点损失:7.706,总损失:7.706
('----划分特征：', 521)
------划分值:1.000,左节点损失:3.842,右节点损失:3.834,总损失:7.676
------划分值:0.000,左节点损失:0.000,右节点损失:7.706,总损失:7.706
('----划分特征：', 522)
------划分值:1.000,左节点损失:3.055,右节点损失:4.432,总损失:7.487
------划分值:0.000,左节点损失:0.000,右节点损失:7.706,总损失:7.706
('----划分特征：', 523)
------划分值:1.000,左节点损失:2.921,右节点损失:4.309,总损失:7.230
------划分值:0.000,左节点损失:0.000,右节点损失:7.706,总损失:7.706
('----划分特征：', 524)
------划分值:0.000,左节点损失:0.000,右节点损失:7.706,总损失:7.706
------划分值:1.000,左节点损失:3.868,右节点损失:3.365,总损失:7.233
('----划分特征：', 525)
------划分值:0.000,左节点损失:0.000,右节点损失:7.706,总损失:7.706
------划分值:1.000,左节点损失:4.886,右节点损失:2.404,总损失:7.290
('----划分特征：', 526)
------划分值:0.000,左节点损失:0.000,右节点损失:7.706,总损失:7.706
------划分值:1.000,左节点损失:6.090,右节点损失:1.383,总损失:7.473
('----划分特征：', 527)
------划分值:0.000,左节点损失:0.000,右节点损失:7.706,总损失:7.706
------划分值:1.000,左节点损失:7.058,右节点损失:0.587,总损失:7.644
('----划分特征：', 528)
------划分值:0.000,左节点损失:0.000,右节点损失:7.706,总损失:7.706
------划分值:1.000,左节点损失:7.567,右节点损失:0.138,总损失:7.705
('----划分特征：', 529)
------划分值:0.000,左节点损失:0.000,右节点损失:7.706,总损失:7.706
------划分值:1.000,左节点损失:7.703,右节点损失:0.000,总损失:7.703
('----划分特征：', 530)
------划分值:0.000,左节点损失:0.000,右节点损失:7.706,总损失:7.706
------划分值:1.000,左节点损失:7.706,右节点损失:0.000,总损失:7.706
('----划分特征：', 531)
------划分值:0.000,左节点损失:0.000,右节点损失:7.706,总损失:7.706
------划分值:1.000,左节点损失:7.706,右节点损失:0.000,总损失:7.706
('----划分特征：', 532)
------划分值:0.000,左节点损失:0.000,右节点损失:7.706,总损失:7.706
('----划分特征：', 533)
------划分值:0.000,左节点损失:0.000,右节点损失:7.706,总损失:7.706
('----划分特征：', 534)
------划分值:0.000,左节点损失:0.000,右节点损失:7.706,总损失:7.706
------划分值:1.000,左节点损失:7.705,右节点损失:0.000,总损失:7.705
('----划分特征：', 535)
------划分值:0.000,左节点损失:0.000,右节点损失:7.706,总损失:7.706
------划分值:1.000,左节点损失:7.673,右节点损失:0.028,总损失:7.701
('----划分特征：', 536)
------划分值:0.000,左节点损失:0.000,右节点损失:7.706,总损失:7.706
------划分值:1.000,左节点损失:7.126,右节点损失:0.546,总损失:7.673
('----划分特征：', 537)
------划分值:0.000,左节点损失:0.000,右节点损失:7.706,总损失:7.706
------划分值:1.000,左节点损失:5.387,右节点损失:1.857,总损失:7.243
('----划分特征：', 538)
------划分值:0.000,左节点损失:0.000,右节点损失:7.706,总损失:7.706
------划分值:1.000,左节点损失:3.522,右节点损失:3.176,总损失:6.698
('----划分特征：', 539)
------划分值:0.000,左节点损失:0.000,右节点损失:7.706,总损失:7.706
------划分值:1.000,左节点损失:2.178,右节点损失:4.190,总损失:6.368
('----划分特征：', 540)
------划分值:0.000,左节点损失:0.000,右节点损失:7.706,总损失:7.706
------划分值:1.000,左节点损失:2.456,右节点损失:4.333,总损失:6.789
('----划分特征：', 541)
------划分值:0.000,左节点损失:0.000,右节点损失:7.706,总损失:7.706
------划分值:1.000,左节点损失:3.694,右节点损失:3.730,总损失:7.424
('----划分特征：', 542)
------划分值:0.000,左节点损失:0.000,右节点损失:7.706,总损失:7.706
------划分值:1.000,左节点损失:5.060,右节点损失:2.638,总损失:7.698
('----划分特征：', 543)
------划分值:0.000,左节点损失:0.000,右节点损失:7.706,总损失:7.706
------划分值:1.000,左节点损失:5.846,右节点损失:1.826,总损失:7.673
('----划分特征：', 544)
------划分值:0.000,左节点损失:0.000,右节点损失:7.706,总损失:7.706
------划分值:1.000,左节点损失:6.054,右节点损失:1.547,总损失:7.601
('----划分特征：', 545)
------划分值:1.000,左节点损失:5.870,右节点损失:1.700,总损失:7.570
------划分值:0.000,左节点损失:0.000,右节点损失:7.706,总损失:7.706
('----划分特征：', 546)
------划分值:1.000,左节点损失:5.357,右节点损失:2.240,总损失:7.597
------划分值:0.000,左节点损失:0.000,右节点损失:7.706,总损失:7.706
('----划分特征：', 547)
------划分值:1.000,左节点损失:4.582,右节点损失:3.108,总损失:7.690
------划分值:0.000,左节点损失:0.000,右节点损失:7.706,总损失:7.706
('----划分特征：', 548)
------划分值:1.000,左节点损失:3.507,右节点损失:4.164,总损失:7.671
------划分值:0.000,左节点损失:0.000,右节点损失:7.706,总损失:7.706
('----划分特征：', 549)
------划分值:1.000,左节点损失:2.876,右节点损失:4.658,总损失:7.534
------划分值:0.000,左节点损失:0.000,右节点损失:7.706,总损失:7.706
('----划分特征：', 550)
------划分值:1.000,左节点损失:2.764,右节点损失:4.610,总损失:7.374
------划分值:0.000,左节点损失:0.000,右节点损失:7.706,总损失:7.706
('----划分特征：', 551)
------划分值:1.000,左节点损失:3.480,右节点损失:3.860,总损失:7.340
------划分值:0.000,左节点损失:0.000,右节点损失:7.706,总损失:7.706
('----划分特征：', 552)
------划分值:0.000,左节点损失:0.000,右节点损失:7.706,总损失:7.706
------划分值:1.000,左节点损失:4.679,右节点损失:2.752,总损失:7.432
('----划分特征：', 553)
------划分值:0.000,左节点损失:0.000,右节点损失:7.706,总损失:7.706
------划分值:1.000,左节点损失:5.657,右节点损失:1.838,总损失:7.495
('----划分特征：', 554)
------划分值:0.000,左节点损失:0.000,右节点损失:7.706,总损失:7.706
------划分值:1.000,左节点损失:6.792,右节点损失:0.857,总损失:7.650
('----划分特征：', 555)
------划分值:0.000,左节点损失:0.000,右节点损失:7.706,总损失:7.706
------划分值:1.000,左节点损失:7.320,右节点损失:0.373,总损失:7.693
('----划分特征：', 556)
------划分值:0.000,左节点损失:0.000,右节点损失:7.706,总损失:7.706
------划分值:1.000,左节点损失:7.651,右节点损失:0.054,总损失:7.705
('----划分特征：', 557)
------划分值:0.000,左节点损失:0.000,右节点损失:7.706,总损失:7.706
------划分值:1.000,左节点损失:7.705,右节点损失:0.000,总损失:7.705
('----划分特征：', 558)
------划分值:0.000,左节点损失:0.000,右节点损失:7.706,总损失:7.706
('----划分特征：', 559)
------划分值:0.000,左节点损失:0.000,右节点损失:7.706,总损失:7.706
('----划分特征：', 560)
------划分值:0.000,左节点损失:0.000,右节点损失:7.706,总损失:7.706
('----划分特征：', 561)
------划分值:0.000,左节点损失:0.000,右节点损失:7.706,总损失:7.706
('----划分特征：', 562)
------划分值:0.000,左节点损失:0.000,右节点损失:7.706,总损失:7.706
------划分值:1.000,左节点损失:7.705,右节点损失:0.000,总损失:7.705
('----划分特征：', 563)
------划分值:0.000,左节点损失:0.000,右节点损失:7.706,总损失:7.706
------划分值:1.000,左节点损失:7.685,右节点损失:0.014,总损失:7.699
('----划分特征：', 564)
------划分值:0.000,左节点损失:0.000,右节点损失:7.706,总损失:7.706
------划分值:1.000,左节点损失:7.230,右节点损失:0.465,总损失:7.695
('----划分特征：', 565)
------划分值:0.000,左节点损失:0.000,右节点损失:7.706,总损失:7.706
------划分值:1.000,左节点损失:6.106,右节点损失:1.436,总损失:7.543
('----划分特征：', 566)
------划分值:0.000,左节点损失:0.000,右节点损失:7.706,总损失:7.706
------划分值:1.000,左节点损失:4.187,右节点损失:2.918,总损失:7.105
('----划分特征：', 567)
------划分值:0.000,左节点损失:0.000,右节点损失:7.706,总损失:7.706
------划分值:1.000,左节点损失:2.591,右节点损失:4.153,总损失:6.744
('----划分特征：', 568)
------划分值:0.000,左节点损失:0.000,右节点损失:7.706,总损失:7.706
------划分值:1.000,左节点损失:2.185,右节点损失:4.639,总损失:6.824
('----划分特征：', 569)
------划分值:0.000,左节点损失:0.000,右节点损失:7.706,总损失:7.706
------划分值:1.000,左节点损失:2.432,右节点损失:4.721,总损失:7.153
('----划分特征：', 570)
------划分值:0.000,左节点损失:0.000,右节点损失:7.706,总损失:7.706
------划分值:1.000,左节点损失:3.377,右节点损失:4.149,总损失:7.526
('----划分特征：', 571)
------划分值:0.000,左节点损失:0.000,右节点损失:7.706,总损失:7.706
------划分值:1.000,左节点损失:4.295,右节点损失:3.395,总损失:7.690
('----划分特征：', 572)
------划分值:1.000,左节点损失:4.381,右节点损失:3.325,总损失:7.706
------划分值:0.000,左节点损失:0.000,右节点损失:7.706,总损失:7.706
('----划分特征：', 573)
------划分值:1.000,左节点损失:4.047,右节点损失:3.660,总损失:7.706
------划分值:0.000,左节点损失:0.000,右节点损失:7.706,总损失:7.706
('----划分特征：', 574)
------划分值:1.000,左节点损失:3.511,右节点损失:4.187,总损失:7.699
------划分值:0.000,左节点损失:0.000,右节点损失:7.706,总损失:7.706
('----划分特征：', 575)
------划分值:1.000,左节点损失:2.847,右节点损失:4.788,总损失:7.635
------划分值:0.000,左节点损失:0.000,右节点损失:7.706,总损失:7.706
('----划分特征：', 576)
------划分值:1.000,左节点损失:2.365,右节点损失:5.130,总损失:7.495
------划分值:0.000,左节点损失:0.000,右节点损失:7.706,总损失:7.706
('----划分特征：', 577)
------划分值:1.000,左节点损失:2.458,右节点损失:4.922,总损失:7.380
------划分值:0.000,左节点损失:0.000,右节点损失:7.706,总损失:7.706
('----划分特征：', 578)
------划分值:0.000,左节点损失:0.000,右节点损失:7.706,总损失:7.706
------划分值:1.000,左节点损失:3.404,右节点损失:4.030,总损失:7.434
('----划分特征：', 579)
------划分值:0.000,左节点损失:0.000,右节点损失:7.706,总损失:7.706
------划分值:1.000,左节点损失:4.648,右节点损失:2.896,总损失:7.544
('----划分特征：', 580)
------划分值:0.000,左节点损失:0.000,右节点损失:7.706,总损失:7.706
------划分值:1.000,左节点损失:5.628,右节点损失:1.958,总损失:7.586
('----划分特征：', 581)
------划分值:0.000,左节点损失:0.000,右节点损失:7.706,总损失:7.706
------划分值:1.000,左节点损失:6.586,右节点损失:1.075,总损失:7.661
('----划分特征：', 582)
------划分值:0.000,左节点损失:0.000,右节点损失:7.706,总损失:7.706
------划分值:1.000,左节点损失:7.215,右节点损失:0.483,总损失:7.698
('----划分特征：', 583)
------划分值:0.000,左节点损失:0.000,右节点损失:7.706,总损失:7.706
------划分值:1.000,左节点损失:7.550,右节点损失:0.157,总损失:7.706
('----划分特征：', 584)
------划分值:0.000,左节点损失:0.000,右节点损失:7.706,总损失:7.706
------划分值:1.000,左节点损失:7.675,右节点损失:0.028,总损失:7.703
('----划分特征：', 585)
------划分值:0.000,左节点损失:0.000,右节点损失:7.706,总损失:7.706
------划分值:1.000,左节点损失:7.705,右节点损失:0.000,总损失:7.705
('----划分特征：', 586)
------划分值:0.000,左节点损失:0.000,右节点损失:7.706,总损失:7.706
------划分值:1.000,左节点损失:7.694,右节点损失:0.010,总损失:7.704
('----划分特征：', 587)
------划分值:0.000,左节点损失:0.000,右节点损失:7.706,总损失:7.706
('----划分特征：', 588)
------划分值:0.000,左节点损失:0.000,右节点损失:7.706,总损失:7.706
('----划分特征：', 589)
------划分值:0.000,左节点损失:0.000,右节点损失:7.706,总损失:7.706
('----划分特征：', 590)
------划分值:0.000,左节点损失:0.000,右节点损失:7.706,总损失:7.706
------划分值:1.000,左节点损失:7.705,右节点损失:0.000,总损失:7.705
('----划分特征：', 591)
------划分值:0.000,左节点损失:0.000,右节点损失:7.706,总损失:7.706
------划分值:1.000,左节点损失:7.687,右节点损失:0.014,总损失:7.701
('----划分特征：', 592)
------划分值:0.000,左节点损失:0.000,右节点损失:7.706,总损失:7.706
------划分值:1.000,左节点损失:7.414,右节点损失:0.290,总损失:7.704
('----划分特征：', 593)
------划分值:0.000,左节点损失:0.000,右节点损失:7.706,总损失:7.706
------划分值:1.000,左节点损失:6.569,右节点损失:1.065,总损失:7.634
('----划分特征：', 594)
------划分值:0.000,左节点损失:0.000,右节点损失:7.706,总损失:7.706
------划分值:1.000,左节点损失:5.204,右节点损失:2.246,总损失:7.450
('----划分特征：', 595)
------划分值:0.000,左节点损失:0.000,右节点损失:7.706,总损失:7.706
------划分值:1.000,左节点损失:3.441,右节点损失:3.700,总损失:7.141
('----划分特征：', 596)
------划分值:0.000,左节点损失:0.000,右节点损失:7.706,总损失:7.706
------划分值:1.000,左节点损失:2.277,右节点损失:4.688,总损失:6.965
('----划分特征：', 597)
------划分值:0.000,左节点损失:0.000,右节点损失:7.706,总损失:7.706
------划分值:1.000,左节点损失:1.584,右节点损失:5.403,总损失:6.987
('----划分特征：', 598)
------划分值:1.000,左节点损失:1.593,右节点损失:5.578,总损失:7.171
------划分值:0.000,左节点损失:0.000,右节点损失:7.706,总损失:7.706
('----划分特征：', 599)
------划分值:1.000,左节点损失:1.960,右节点损失:5.451,总损失:7.411
------划分值:0.000,左节点损失:0.000,右节点损失:7.706,总损失:7.706
('----划分特征：', 600)
------划分值:1.000,左节点损失:2.239,右节点损失:5.303,总损失:7.541
------划分值:0.000,左节点损失:0.000,右节点损失:7.706,总损失:7.706
('----划分特征：', 601)
------划分值:1.000,左节点损失:2.168,右节点损失:5.397,总损失:7.565
------划分值:0.000,左节点损失:0.000,右节点损失:7.706,总损失:7.706
('----划分特征：', 602)
------划分值:1.000,左节点损失:2.040,右节点损失:5.493,总损失:7.533
------划分值:0.000,左节点损失:0.000,右节点损失:7.706,总损失:7.706
('----划分特征：', 603)
------划分值:1.000,左节点损失:1.917,右节点损失:5.520,总损失:7.438
------划分值:0.000,左节点损失:0.000,右节点损失:7.706,总损失:7.706
('----划分特征：', 604)
------划分值:0.000,左节点损失:0.000,右节点损失:7.706,总损失:7.706
------划分值:1.000,左节点损失:2.246,右节点损失:5.117,总损失:7.363
('----划分特征：', 605)
------划分值:0.000,左节点损失:0.000,右节点损失:7.706,总损失:7.706
------划分值:1.000,左节点损失:3.401,右节点损失:4.060,总损失:7.461
('----划分特征：', 606)
------划分值:0.000,左节点损失:0.000,右节点损失:7.706,总损失:7.706
------划分值:1.000,左节点损失:4.617,右节点损失:2.951,总损失:7.568
('----划分特征：', 607)
------划分值:0.000,左节点损失:0.000,右节点损失:7.706,总损失:7.706
------划分值:1.000,左节点损失:5.677,右节点损失:1.958,总损失:7.635
('----划分特征：', 608)
------划分值:0.000,左节点损失:0.000,右节点损失:7.706,总损失:7.706
------划分值:1.000,左节点损失:6.515,右节点损失:1.160,总损失:7.675
('----划分特征：', 609)
------划分值:0.000,左节点损失:0.000,右节点损失:7.706,总损失:7.706
------划分值:1.000,左节点损失:7.124,右节点损失:0.576,总损失:7.700
('----划分特征：', 610)
------划分值:0.000,左节点损失:0.000,右节点损失:7.706,总损失:7.706
------划分值:1.000,左节点损失:7.531,右节点损失:0.174,总损失:7.705
('----划分特征：', 611)
------划分值:0.000,左节点损失:0.000,右节点损失:7.706,总损失:7.706
------划分值:1.000,左节点损失:7.661,右节点损失:0.042,总损失:7.702
('----划分特征：', 612)
------划分值:0.000,左节点损失:0.000,右节点损失:7.706,总损失:7.706
------划分值:1.000,左节点损失:7.690,右节点损失:0.014,总损失:7.704
('----划分特征：', 613)
------划分值:0.000,左节点损失:0.000,右节点损失:7.706,总损失:7.706
------划分值:1.000,左节点损失:7.705,右节点损失:0.000,总损失:7.705
('----划分特征：', 614)
------划分值:0.000,左节点损失:0.000,右节点损失:7.706,总损失:7.706
------划分值:1.000,左节点损失:7.694,右节点损失:0.007,总损失:7.702
('----划分特征：', 615)
------划分值:0.000,左节点损失:0.000,右节点损失:7.706,总损失:7.706
('----划分特征：', 616)
------划分值:0.000,左节点损失:0.000,右节点损失:7.706,总损失:7.706
('----划分特征：', 617)
------划分值:0.000,左节点损失:0.000,右节点损失:7.706,总损失:7.706
('----划分特征：', 618)
------划分值:0.000,左节点损失:0.000,右节点损失:7.706,总损失:7.706
------划分值:1.000,左节点损失:7.706,右节点损失:0.000,总损失:7.706
('----划分特征：', 619)
------划分值:0.000,左节点损失:0.000,右节点损失:7.706,总损失:7.706
------划分值:1.000,左节点损失:7.691,右节点损失:0.014,总损失:7.705
('----划分特征：', 620)
------划分值:0.000,左节点损失:0.000,右节点损失:7.706,总损失:7.706
------划分值:1.000,左节点损失:7.624,右节点损失:0.081,总损失:7.705
('----划分特征：', 621)
------划分值:0.000,左节点损失:0.000,右节点损失:7.706,总损失:7.706
------划分值:1.000,左节点损失:7.075,右节点损失:0.600,总损失:7.675
('----划分特征：', 622)
------划分值:0.000,左节点损失:0.000,右节点损失:7.706,总损失:7.706
------划分值:1.000,左节点损失:6.186,右节点损失:1.405,总损失:7.592
('----划分特征：', 623)
------划分值:1.000,左节点损失:4.846,右节点损失:2.592,总损失:7.438
------划分值:0.000,左节点损失:0.000,右节点损失:7.706,总损失:7.706
('----划分特征：', 624)
------划分值:1.000,左节点损失:3.548,右节点损失:3.758,总损失:7.306
------划分值:0.000,左节点损失:0.000,右节点损失:7.706,总损失:7.706
('----划分特征：', 625)
------划分值:1.000,左节点损失:2.257,右节点损失:4.886,总损失:7.143
------划分值:0.000,左节点损失:0.000,右节点损失:7.706,总损失:7.706
('----划分特征：', 626)
------划分值:1.000,左节点损失:1.403,右节点损失:5.709,总损失:7.112
------划分值:0.000,左节点损失:0.000,右节点损失:7.706,总损失:7.706
('----划分特征：', 627)
------划分值:1.000,左节点损失:1.236,右节点损失:5.979,总损失:7.215
------划分值:0.000,左节点损失:0.000,右节点损失:7.706,总损失:7.706
('----划分特征：', 628)
------划分值:1.000,左节点损失:1.247,右节点损失:6.039,总损失:7.287
------划分值:0.000,左节点损失:0.000,右节点损失:7.706,总损失:7.706
('----划分特征：', 629)
------划分值:1.000,左节点损失:1.518,右节点损失:5.836,总损失:7.354
------划分值:0.000,左节点损失:0.000,右节点损失:7.706,总损失:7.706
('----划分特征：', 630)
------划分值:0.000,左节点损失:0.000,右节点损失:7.706,总损失:7.706
------划分值:1.000,左节点损失:1.828,右节点损失:5.542,总损失:7.370
('----划分特征：', 631)
------划分值:0.000,左节点损失:0.000,右节点损失:7.706,总损失:7.706
------划分值:1.000,左节点损失:2.742,右节点损失:4.720,总损失:7.462
('----划分特征：', 632)
------划分值:0.000,左节点损失:0.000,右节点损失:7.706,总损失:7.706
------划分值:1.000,左节点损失:3.893,右节点损失:3.663,总损失:7.556
('----划分特征：', 633)
------划分值:0.000,左节点损失:0.000,右节点损失:7.706,总损失:7.706
------划分值:1.000,左节点损失:5.159,右节点损失:2.485,总损失:7.644
('----划分特征：', 634)
------划分值:0.000,左节点损失:0.000,右节点损失:7.706,总损失:7.706
------划分值:1.000,左节点损失:6.012,右节点损失:1.668,总损失:7.680
('----划分特征：', 635)
------划分值:0.000,左节点损失:0.000,右节点损失:7.706,总损失:7.706
------划分值:1.000,左节点损失:6.725,右节点损失:0.975,总损失:7.700
('----划分特征：', 636)
------划分值:0.000,左节点损失:0.000,右节点损失:7.706,总损失:7.706
------划分值:1.000,左节点损失:7.202,右节点损失:0.504,总损失:7.706
('----划分特征：', 637)
------划分值:0.000,左节点损失:0.000,右节点损失:7.706,总损失:7.706
------划分值:1.000,左节点损失:7.526,右节点损失:0.176,总损失:7.702
('----划分特征：', 638)
------划分值:0.000,左节点损失:0.000,右节点损失:7.706,总损失:7.706
------划分值:1.000,左节点损失:7.634,右节点损失:0.069,总损失:7.702
('----划分特征：', 639)
------划分值:0.000,左节点损失:0.000,右节点损失:7.706,总损失:7.706
------划分值:1.000,左节点损失:7.689,右节点损失:0.014,总损失:7.703
('----划分特征：', 640)
------划分值:0.000,左节点损失:0.000,右节点损失:7.706,总损失:7.706
------划分值:1.000,左节点损失:7.704,右节点损失:0.000,总损失:7.704
('----划分特征：', 641)
------划分值:0.000,左节点损失:0.000,右节点损失:7.706,总损失:7.706
------划分值:1.000,左节点损失:7.705,右节点损失:0.000,总损失:7.705
('----划分特征：', 642)
------划分值:0.000,左节点损失:0.000,右节点损失:7.706,总损失:7.706
------划分值:1.000,左节点损失:7.695,右节点损失:0.000,总损失:7.695
('----划分特征：', 643)
------划分值:0.000,左节点损失:0.000,右节点损失:7.706,总损失:7.706
('----划分特征：', 644)
------划分值:0.000,左节点损失:0.000,右节点损失:7.706,总损失:7.706
('----划分特征：', 645)
------划分值:0.000,左节点损失:0.000,右节点损失:7.706,总损失:7.706
('----划分特征：', 646)
------划分值:0.000,左节点损失:0.000,右节点损失:7.706,总损失:7.706
------划分值:1.000,左节点损失:7.706,右节点损失:0.000,总损失:7.706
('----划分特征：', 647)
------划分值:0.000,左节点损失:0.000,右节点损失:7.706,总损失:7.706
------划分值:1.000,左节点损失:7.705,右节点损失:0.000,总损失:7.705
('----划分特征：', 648)
------划分值:0.000,左节点损失:0.000,右节点损失:7.706,总损失:7.706
------划分值:1.000,左节点损失:7.679,右节点损失:0.027,总损失:7.706
('----划分特征：', 649)
------划分值:1.000,左节点损失:7.527,右节点损失:0.178,总损失:7.705
------划分值:0.000,左节点损失:0.000,右节点损失:7.706,总损失:7.706
('----划分特征：', 650)
------划分值:1.000,左节点损失:7.238,右节点损失:0.463,总损失:7.701
------划分值:0.000,左节点损失:0.000,右节点损失:7.706,总损失:7.706
('----划分特征：', 651)
------划分值:1.000,左节点损失:6.687,右节点损失:1.000,总损失:7.687
------划分值:0.000,左节点损失:0.000,右节点损失:7.706,总损失:7.706
('----划分特征：', 652)
------划分值:1.000,左节点损失:5.736,右节点损失:1.910,总损失:7.646
------划分值:0.000,左节点损失:0.000,右节点损失:7.706,总损失:7.706
('----划分特征：', 653)
------划分值:1.000,左节点损失:4.601,右节点损失:2.978,总损失:7.579
------划分值:0.000,左节点损失:0.000,右节点损失:7.706,总损失:7.706
('----划分特征：', 654)
------划分值:1.000,左节点损失:3.826,右节点损失:3.735,总损失:7.562
------划分值:0.000,左节点损失:0.000,右节点损失:7.706,总损失:7.706
('----划分特征：', 655)
------划分值:1.000,左节点损失:3.066,右节点损失:4.436,总损失:7.502
------划分值:0.000,左节点损失:0.000,右节点损失:7.706,总损失:7.706
('----划分特征：', 656)
------划分值:1.000,左节点损失:2.998,右节点损失:4.512,总损失:7.511
------划分值:0.000,左节点损失:0.000,右节点损失:7.706,总损失:7.706
('----划分特征：', 657)
------划分值:0.000,左节点损失:0.000,右节点损失:7.706,总损失:7.706
------划分值:1.000,左节点损失:3.483,右节点损失:4.095,总损失:7.577
('----划分特征：', 658)
------划分值:0.000,左节点损失:0.000,右节点损失:7.706,总损失:7.706
------划分值:1.000,左节点损失:4.350,右节点损失:3.306,总损失:7.656
('----划分特征：', 659)
------划分值:0.000,左节点损失:0.000,右节点损失:7.706,总损失:7.706
------划分值:1.000,左节点损失:5.267,右节点损失:2.423,总损失:7.690
('----划分特征：', 660)
------划分值:0.000,左节点损失:0.000,右节点损失:7.706,总损失:7.706
------划分值:1.000,左节点损失:6.269,右节点损失:1.437,总损失:7.706
('----划分特征：', 661)
------划分值:0.000,左节点损失:0.000,右节点损失:7.706,总损失:7.706
------划分值:1.000,左节点损失:6.734,右节点损失:0.971,总损失:7.705
('----划分特征：', 662)
------划分值:0.000,左节点损失:0.000,右节点损失:7.706,总损失:7.706
------划分值:1.000,左节点损失:7.122,右节点损失:0.582,总损失:7.704
('----划分特征：', 663)
------划分值:0.000,左节点损失:0.000,右节点损失:7.706,总损失:7.706
------划分值:1.000,左节点损失:7.497,右节点损失:0.193,总损失:7.691
('----划分特征：', 664)
------划分值:0.000,左节点损失:0.000,右节点损失:7.706,总损失:7.706
------划分值:1.000,左节点损失:7.598,右节点损失:0.097,总损失:7.696
('----划分特征：', 665)
------划分值:0.000,左节点损失:0.000,右节点损失:7.706,总损失:7.706
------划分值:1.000,左节点损失:7.668,右节点损失:0.028,总损失:7.696
('----划分特征：', 666)
------划分值:0.000,左节点损失:0.000,右节点损失:7.706,总损失:7.706
------划分值:1.000,左节点损失:7.687,右节点损失:0.014,总损失:7.701
('----划分特征：', 667)
------划分值:0.000,左节点损失:0.000,右节点损失:7.706,总损失:7.706
------划分值:1.000,左节点损失:7.703,右节点损失:0.000,总损失:7.703
('----划分特征：', 668)
------划分值:0.000,左节点损失:0.000,右节点损失:7.706,总损失:7.706
------划分值:1.000,左节点损失:7.706,右节点损失:0.000,总损失:7.706
('----划分特征：', 669)
------划分值:0.000,左节点损失:0.000,右节点损失:7.706,总损失:7.706
('----划分特征：', 670)
------划分值:0.000,左节点损失:0.000,右节点损失:7.706,总损失:7.706
('----划分特征：', 671)
------划分值:0.000,左节点损失:0.000,右节点损失:7.706,总损失:7.706
('----划分特征：', 672)
------划分值:0.000,左节点损失:0.000,右节点损失:7.706,总损失:7.706
('----划分特征：', 673)
------划分值:0.000,左节点损失:0.000,右节点损失:7.706,总损失:7.706
('----划分特征：', 674)
------划分值:0.000,左节点损失:0.000,右节点损失:7.706,总损失:7.706
('----划分特征：', 675)
------划分值:0.000,左节点损失:0.000,右节点损失:7.706,总损失:7.706
------划分值:1.000,左节点损失:7.706,右节点损失:0.000,总损失:7.706
('----划分特征：', 676)
------划分值:1.000,左节点损失:7.692,右节点损失:0.014,总损失:7.706
------划分值:0.000,左节点损失:0.000,右节点损失:7.706,总损失:7.706
('----划分特征：', 677)
------划分值:1.000,左节点损失:7.678,右节点损失:0.027,总损失:7.705
------划分值:0.000,左节点损失:0.000,右节点损失:7.706,总损失:7.706
('----划分特征：', 678)
------划分值:1.000,左节点损失:7.657,右节点损失:0.042,总损失:7.699
------划分值:0.000,左节点损失:0.000,右节点损失:7.706,总损失:7.706
('----划分特征：', 679)
------划分值:1.000,左节点损失:7.582,右节点损失:0.111,总损失:7.693
------划分值:0.000,左节点损失:0.000,右节点损失:7.706,总损失:7.706
('----划分特征：', 680)
------划分值:1.000,左节点损失:7.447,右节点损失:0.236,总损失:7.683
------划分值:0.000,左节点损失:0.000,右节点损失:7.706,总损失:7.706
('----划分特征：', 681)
------划分值:1.000,左节点损失:7.212,右节点损失:0.467,总损失:7.679
------划分值:0.000,左节点损失:0.000,右节点损失:7.706,总损失:7.706
('----划分特征：', 682)
------划分值:1.000,左节点损失:6.874,右节点损失:0.812,总损失:7.686
------划分值:0.000,左节点损失:0.000,右节点损失:7.706,总损失:7.706
('----划分特征：', 683)
------划分值:0.000,左节点损失:0.000,右节点损失:7.706,总损失:7.706
------划分值:1.000,左节点损失:6.669,右节点损失:1.021,总损失:7.690
('----划分特征：', 684)
------划分值:0.000,左节点损失:0.000,右节点损失:7.706,总损失:7.706
------划分值:1.000,左节点损失:6.539,右节点损失:1.159,总损失:7.698
('----划分特征：', 685)
------划分值:0.000,左节点损失:0.000,右节点损失:7.706,总损失:7.706
------划分值:1.000,左节点损失:6.623,右节点损失:1.071,总损失:7.694
('----划分特征：', 686)
------划分值:0.000,左节点损失:0.000,右节点损失:7.706,总损失:7.706
------划分值:1.000,左节点损失:6.872,右节点损失:0.813,总损失:7.684
('----划分特征：', 687)
------划分值:0.000,左节点损失:0.000,右节点损失:7.706,总损失:7.706
------划分值:1.000,左节点损失:7.136,右节点损失:0.546,总损失:7.682
('----划分特征：', 688)
------划分值:0.000,左节点损失:0.000,右节点损失:7.706,总损失:7.706
------划分值:1.000,左节点损失:7.373,右节点损失:0.305,总损失:7.678
('----划分特征：', 689)
------划分值:0.000,左节点损失:0.000,右节点损失:7.706,总损失:7.706
------划分值:1.000,左节点损失:7.525,右节点损失:0.154,总损失:7.679
('----划分特征：', 690)
------划分值:0.000,左节点损失:0.000,右节点损失:7.706,总损失:7.706
------划分值:1.000,左节点损失:7.612,右节点损失:0.071,总损失:7.682
('----划分特征：', 691)
------划分值:0.000,左节点损失:0.000,右节点损失:7.706,总损失:7.706
------划分值:1.000,左节点损失:7.659,右节点损失:0.029,总损失:7.688
('----划分特征：', 692)
------划分值:0.000,左节点损失:0.000,右节点损失:7.706,总损失:7.706
------划分值:1.000,左节点损失:7.667,右节点损失:0.028,总损失:7.696
('----划分特征：', 693)
------划分值:0.000,左节点损失:0.000,右节点损失:7.706,总损失:7.706
------划分值:1.000,左节点损失:7.687,右节点损失:0.014,总损失:7.701
('----划分特征：', 694)
------划分值:0.000,左节点损失:0.000,右节点损失:7.706,总损失:7.706
------划分值:1.000,左节点损失:7.702,右节点损失:0.000,总损失:7.702
('----划分特征：', 695)
------划分值:0.000,左节点损失:0.000,右节点损失:7.706,总损失:7.706
------划分值:1.000,左节点损失:7.705,右节点损失:0.000,总损失:7.705
('----划分特征：', 696)
------划分值:0.000,左节点损失:0.000,右节点损失:7.706,总损失:7.706
------划分值:1.000,左节点损失:7.706,右节点损失:0.000,总损失:7.706
('----划分特征：', 697)
------划分值:0.000,左节点损失:0.000,右节点损失:7.706,总损失:7.706
('----划分特征：', 698)
------划分值:0.000,左节点损失:0.000,右节点损失:7.706,总损失:7.706
('----划分特征：', 699)
------划分值:0.000,左节点损失:0.000,右节点损失:7.706,总损失:7.706
('----划分特征：', 700)
------划分值:0.000,左节点损失:0.000,右节点损失:7.706,总损失:7.706
('----划分特征：', 701)
------划分值:0.000,左节点损失:0.000,右节点损失:7.706,总损失:7.706
('----划分特征：', 702)
------划分值:0.000,左节点损失:0.000,右节点损失:7.706,总损失:7.706
('----划分特征：', 703)
------划分值:0.000,左节点损失:0.000,右节点损失:7.706,总损失:7.706
('----划分特征：', 704)
------划分值:0.000,左节点损失:0.000,右节点损失:7.706,总损失:7.706
------划分值:1.000,左节点损失:7.706,右节点损失:0.000,总损失:7.706
('----划分特征：', 705)
------划分值:0.000,左节点损失:0.000,右节点损失:7.706,总损失:7.706
------划分值:1.000,左节点损失:7.704,右节点损失:0.000,总损失:7.704
('----划分特征：', 706)
------划分值:0.000,左节点损失:0.000,右节点损失:7.706,总损失:7.706
------划分值:1.000,左节点损失:7.701,右节点损失:0.000,总损失:7.701
('----划分特征：', 707)
------划分值:0.000,左节点损失:0.000,右节点损失:7.706,总损失:7.706
------划分值:1.000,左节点损失:7.693,右节点损失:0.000,总损失:7.693
('----划分特征：', 708)
------划分值:0.000,左节点损失:0.000,右节点损失:7.706,总损失:7.706
------划分值:1.000,左节点损失:7.679,右节点损失:0.000,总损失:7.679
('----划分特征：', 709)
------划分值:0.000,左节点损失:0.000,右节点损失:7.706,总损失:7.706
------划分值:1.000,左节点损失:7.663,右节点损失:0.000,总损失:7.663
('----划分特征：', 710)
------划分值:0.000,左节点损失:0.000,右节点损失:7.706,总损失:7.706
------划分值:1.000,左节点损失:7.639,右节点损失:0.014,总损失:7.653
('----划分特征：', 711)
------划分值:0.000,左节点损失:0.000,右节点损失:7.706,总损失:7.706
------划分值:1.000,左节点损失:7.624,右节点损失:0.029,总损失:7.653
('----划分特征：', 712)
------划分值:0.000,左节点损失:0.000,右节点损失:7.706,总损失:7.706
------划分值:1.000,左节点损失:7.627,右节点损失:0.029,总损失:7.656
('----划分特征：', 713)
------划分值:0.000,左节点损失:0.000,右节点损失:7.706,总损失:7.706
------划分值:1.000,左节点损失:7.618,右节点损失:0.043,总损失:7.661
('----划分特征：', 714)
------划分值:0.000,左节点损失:0.000,右节点损失:7.706,总损失:7.706
------划分值:1.000,左节点损失:7.636,右节点损失:0.029,总损失:7.665
('----划分特征：', 715)
------划分值:0.000,左节点损失:0.000,右节点损失:7.706,总损失:7.706
------划分值:1.000,左节点损失:7.655,右节点损失:0.014,总损失:7.669
('----划分特征：', 716)
------划分值:0.000,左节点损失:0.000,右节点损失:7.706,总损失:7.706
------划分值:1.000,左节点损失:7.672,右节点损失:0.000,总损失:7.672
('----划分特征：', 717)
------划分值:0.000,左节点损失:0.000,右节点损失:7.706,总损失:7.706
------划分值:1.000,左节点损失:7.684,右节点损失:0.000,总损失:7.684
('----划分特征：', 718)
------划分值:0.000,左节点损失:0.000,右节点损失:7.706,总损失:7.706
------划分值:1.000,左节点损失:7.691,右节点损失:0.000,总损失:7.691
('----划分特征：', 719)
------划分值:0.000,左节点损失:0.000,右节点损失:7.706,总损失:7.706
------划分值:1.000,左节点损失:7.696,右节点损失:0.000,总损失:7.696
('----划分特征：', 720)
------划分值:0.000,左节点损失:0.000,右节点损失:7.706,总损失:7.706
------划分值:1.000,左节点损失:7.699,右节点损失:0.000,总损失:7.699
('----划分特征：', 721)
------划分值:0.000,左节点损失:0.000,右节点损失:7.706,总损失:7.706
------划分值:1.000,左节点损失:7.702,右节点损失:0.000,总损失:7.702
('----划分特征：', 722)
------划分值:0.000,左节点损失:0.000,右节点损失:7.706,总损失:7.706
------划分值:1.000,左节点损失:7.705,右节点损失:0.000,总损失:7.705
('----划分特征：', 723)
------划分值:0.000,左节点损失:0.000,右节点损失:7.706,总损失:7.706
------划分值:1.000,左节点损失:7.706,右节点损失:0.000,总损失:7.706
('----划分特征：', 724)
------划分值:0.000,左节点损失:0.000,右节点损失:7.706,总损失:7.706
('----划分特征：', 725)
------划分值:0.000,左节点损失:0.000,右节点损失:7.706,总损失:7.706
('----划分特征：', 726)
------划分值:0.000,左节点损失:0.000,右节点损失:7.706,总损失:7.706
('----划分特征：', 727)
------划分值:0.000,左节点损失:0.000,右节点损失:7.706,总损失:7.706
('----划分特征：', 728)
------划分值:0.000,左节点损失:0.000,右节点损失:7.706,总损失:7.706
('----划分特征：', 729)
------划分值:0.000,左节点损失:0.000,右节点损失:7.706,总损失:7.706
('----划分特征：', 730)
------划分值:0.000,左节点损失:0.000,右节点损失:7.706,总损失:7.706
('----划分特征：', 731)
------划分值:0.000,左节点损失:0.000,右节点损失:7.706,总损失:7.706
('----划分特征：', 732)
------划分值:0.000,左节点损失:0.000,右节点损失:7.706,总损失:7.706
------划分值:1.000,左节点损失:7.706,右节点损失:0.000,总损失:7.706
('----划分特征：', 733)
------划分值:0.000,左节点损失:0.000,右节点损失:7.706,总损失:7.706
------划分值:1.000,左节点损失:7.706,右节点损失:0.000,总损失:7.706
('----划分特征：', 734)
------划分值:0.000,左节点损失:0.000,右节点损失:7.706,总损失:7.706
------划分值:1.000,左节点损失:7.703,右节点损失:0.000,总损失:7.703
('----划分特征：', 735)
------划分值:0.000,左节点损失:0.000,右节点损失:7.706,总损失:7.706
------划分值:1.000,左节点损失:7.700,右节点损失:0.000,总损失:7.700
('----划分特征：', 736)
------划分值:0.000,左节点损失:0.000,右节点损失:7.706,总损失:7.706
------划分值:1.000,左节点损失:7.694,右节点损失:0.000,总损失:7.694
('----划分特征：', 737)
------划分值:0.000,左节点损失:0.000,右节点损失:7.706,总损失:7.706
------划分值:1.000,左节点损失:7.689,右节点损失:0.000,总损失:7.689
('----划分特征：', 738)
------划分值:0.000,左节点损失:0.000,右节点损失:7.706,总损失:7.706
------划分值:1.000,左节点损失:7.686,右节点损失:0.000,总损失:7.686
('----划分特征：', 739)
------划分值:0.000,左节点损失:0.000,右节点损失:7.706,总损失:7.706
------划分值:1.000,左节点损失:7.686,右节点损失:0.000,总损失:7.686
('----划分特征：', 740)
------划分值:0.000,左节点损失:0.000,右节点损失:7.706,总损失:7.706
------划分值:1.000,左节点损失:7.688,右节点损失:0.000,总损失:7.688
('----划分特征：', 741)
------划分值:0.000,左节点损失:0.000,右节点损失:7.706,总损失:7.706
------划分值:1.000,左节点损失:7.690,右节点损失:0.000,总损失:7.690
('----划分特征：', 742)
------划分值:0.000,左节点损失:0.000,右节点损失:7.706,总损失:7.706
------划分值:1.000,左节点损失:7.690,右节点损失:0.000,总损失:7.690
('----划分特征：', 743)
------划分值:0.000,左节点损失:0.000,右节点损失:7.706,总损失:7.706
------划分值:1.000,左节点损失:7.694,右节点损失:0.000,总损失:7.694
('----划分特征：', 744)
------划分值:0.000,左节点损失:0.000,右节点损失:7.706,总损失:7.706
------划分值:1.000,左节点损失:7.695,右节点损失:0.000,总损失:7.695
('----划分特征：', 745)
------划分值:0.000,左节点损失:0.000,右节点损失:7.706,总损失:7.706
------划分值:1.000,左节点损失:7.697,右节点损失:0.000,总损失:7.697
('----划分特征：', 746)
------划分值:0.000,左节点损失:0.000,右节点损失:7.706,总损失:7.706
------划分值:1.000,左节点损失:7.700,右节点损失:0.000,总损失:7.700
('----划分特征：', 747)
------划分值:0.000,左节点损失:0.000,右节点损失:7.706,总损失:7.706
------划分值:1.000,左节点损失:7.703,右节点损失:0.000,总损失:7.703
('----划分特征：', 748)
------划分值:0.000,左节点损失:0.000,右节点损失:7.706,总损失:7.706
------划分值:1.000,左节点损失:7.704,右节点损失:0.000,总损失:7.704
('----划分特征：', 749)
------划分值:0.000,左节点损失:0.000,右节点损失:7.706,总损失:7.706
------划分值:1.000,左节点损失:7.705,右节点损失:0.000,总损失:7.705
('----划分特征：', 750)
------划分值:0.000,左节点损失:0.000,右节点损失:7.706,总损失:7.706
------划分值:1.000,左节点损失:7.706,右节点损失:0.000,总损失:7.706
('----划分特征：', 751)
------划分值:0.000,左节点损失:0.000,右节点损失:7.706,总损失:7.706
------划分值:1.000,左节点损失:7.706,右节点损失:0.000,总损失:7.706
('----划分特征：', 752)
------划分值:0.000,左节点损失:0.000,右节点损失:7.706,总损失:7.706
('----划分特征：', 753)
------划分值:0.000,左节点损失:0.000,右节点损失:7.706,总损失:7.706
('----划分特征：', 754)
------划分值:0.000,左节点损失:0.000,右节点损失:7.706,总损失:7.706
('----划分特征：', 755)
------划分值:0.000,左节点损失:0.000,右节点损失:7.706,总损失:7.706
('----划分特征：', 756)
------划分值:0.000,左节点损失:0.000,右节点损失:7.706,总损失:7.706
('----划分特征：', 757)
------划分值:0.000,左节点损失:0.000,右节点损失:7.706,总损失:7.706
('----划分特征：', 758)
------划分值:0.000,左节点损失:0.000,右节点损失:7.706,总损失:7.706
('----划分特征：', 759)
------划分值:0.000,左节点损失:0.000,右节点损失:7.706,总损失:7.706
('----划分特征：', 760)
------划分值:0.000,左节点损失:0.000,右节点损失:7.706,总损失:7.706
('----划分特征：', 761)
------划分值:0.000,左节点损失:0.000,右节点损失:7.706,总损失:7.706
------划分值:1.000,左节点损失:7.706,右节点损失:0.000,总损失:7.706
('----划分特征：', 762)
------划分值:0.000,左节点损失:0.000,右节点损失:7.706,总损失:7.706
------划分值:1.000,左节点损失:7.706,右节点损失:0.000,总损失:7.706
('----划分特征：', 763)
------划分值:0.000,左节点损失:0.000,右节点损失:7.706,总损失:7.706
------划分值:1.000,左节点损失:7.706,右节点损失:0.000,总损失:7.706
('----划分特征：', 764)
------划分值:0.000,左节点损失:0.000,右节点损失:7.706,总损失:7.706
------划分值:1.000,左节点损失:7.706,右节点损失:0.000,总损失:7.706
('----划分特征：', 765)
------划分值:0.000,左节点损失:0.000,右节点损失:7.706,总损失:7.706
------划分值:1.000,左节点损失:7.706,右节点损失:0.000,总损失:7.706
('----划分特征：', 766)
------划分值:0.000,左节点损失:0.000,右节点损失:7.706,总损失:7.706
------划分值:1.000,左节点损失:7.705,右节点损失:0.000,总损失:7.705
('----划分特征：', 767)
------划分值:0.000,左节点损失:0.000,右节点损失:7.706,总损失:7.706
------划分值:1.000,左节点损失:7.705,右节点损失:0.000,总损失:7.705
('----划分特征：', 768)
------划分值:0.000,左节点损失:0.000,右节点损失:7.706,总损失:7.706
------划分值:1.000,左节点损失:7.704,右节点损失:0.000,总损失:7.704
('----划分特征：', 769)
------划分值:0.000,左节点损失:0.000,右节点损失:7.706,总损失:7.706
------划分值:1.000,左节点损失:7.704,右节点损失:0.000,总损失:7.704
('----划分特征：', 770)
------划分值:0.000,左节点损失:0.000,右节点损失:7.706,总损失:7.706
------划分值:1.000,左节点损失:7.704,右节点损失:0.000,总损失:7.704
('----划分特征：', 771)
------划分值:0.000,左节点损失:0.000,右节点损失:7.706,总损失:7.706
------划分值:1.000,左节点损失:7.705,右节点损失:0.000,总损失:7.705
('----划分特征：', 772)
------划分值:0.000,左节点损失:0.000,右节点损失:7.706,总损失:7.706
------划分值:1.000,左节点损失:7.705,右节点损失:0.000,总损失:7.705
('----划分特征：', 773)
------划分值:0.000,左节点损失:0.000,右节点损失:7.706,总损失:7.706
------划分值:1.000,左节点损失:7.706,右节点损失:0.000,总损失:7.706
('----划分特征：', 774)
------划分值:0.000,左节点损失:0.000,右节点损失:7.706,总损失:7.706
------划分值:1.000,左节点损失:7.706,右节点损失:0.000,总损失:7.706
('----划分特征：', 775)
------划分值:0.000,左节点损失:0.000,右节点损失:7.706,总损失:7.706
------划分值:1.000,左节点损失:7.706,右节点损失:0.000,总损失:7.706
('----划分特征：', 776)
------划分值:0.000,左节点损失:0.000,右节点损失:7.706,总损失:7.706
------划分值:1.000,左节点损失:7.706,右节点损失:0.000,总损失:7.706
('----划分特征：', 777)
------划分值:0.000,左节点损失:0.000,右节点损失:7.706,总损失:7.706
------划分值:1.000,左节点损失:7.706,右节点损失:0.000,总损失:7.706
('----划分特征：', 778)
------划分值:0.000,左节点损失:0.000,右节点损失:7.706,总损失:7.706
('----划分特征：', 779)
------划分值:0.000,左节点损失:0.000,右节点损失:7.706,总损失:7.706
('----划分特征：', 780)
------划分值:0.000,左节点损失:0.000,右节点损失:7.706,总损失:7.706
('----划分特征：', 781)
------划分值:0.000,左节点损失:0.000,右节点损失:7.706,总损失:7.706
('----划分特征：', 782)
------划分值:0.000,左节点损失:0.000,右节点损失:7.706,总损失:7.706
('----划分特征：', 783)
------划分值:0.000,左节点损失:0.000,右节点损失:7.706,总损失:7.706
('----划分特征：', 'label')
------划分值:0.000,左节点损失:0.000,右节点损失:7.706,总损失:7.706
------划分值:1.000,左节点损失:0.000,右节点损失:0.000,总损失:0.000
('----划分特征：', 'f_0')
------划分值:-2.212,左节点损失:0.000,右节点损失:7.706,总损失:7.706
('----划分特征：', 'res_1')
------划分值:-0.099,左节点损失:0.000,右节点损失:7.706,总损失:7.706
------划分值:0.901,左节点损失:0.000,右节点损失:0.000,总损失:0.000
('----划分特征：', 'f_1')
------划分值:-2.323,左节点损失:0.000,右节点损失:7.706,总损失:7.706
------划分值:-1.199,左节点损失:0.000,右节点损失:0.000,总损失:0.000
('----划分特征：', 'res_2')
------划分值:-0.089,左节点损失:0.000,右节点损失:7.706,总损失:7.706
------划分值:0.768,左节点损失:0.000,右节点损失:0.000,总损失:0.000
('----划分特征：', 'f_2')
------划分值:-2.433,左节点损失:0.000,右节点损失:7.706,总损失:7.706
------划分值:-0.767,左节点损失:0.000,右节点损失:0.000,总损失:0.000
('----划分特征：', 'res_3')
------划分值:-0.081,左节点损失:0.000,右节点损失:7.706,总损失:7.706
------划分值:0.683,左节点损失:0.000,右节点损失:0.000,总损失:0.000
('----划分特征：', 'f_3')
------划分值:-2.542,左节点损失:0.000,右节点损失:7.706,总损失:7.706
------划分值:-0.452,左节点损失:0.000,右节点损失:0.000,总损失:0.000
('----划分特征：', 'res_4')
------划分值:-0.073,左节点损失:0.000,右节点损失:7.706,总损失:7.706
------划分值:0.611,左节点损失:0.000,右节点损失:0.000,总损失:0.000
('----划分特征：', 'f_4')
------划分值:-2.650,左节点损失:0.000,右节点损失:7.706,总损失:7.706
------划分值:-0.195,左节点损失:0.000,右节点损失:0.000,总损失:0.000
('----划分特征：', 'res_5')
------划分值:-0.066,左节点损失:0.000,右节点损失:7.706,总损失:7.706
------划分值:0.549,左节点损失:0.000,右节点损失:0.000,总损失:0.000
('----划分特征：', 'f_5')
------划分值:-2.757,左节点损失:0.000,右节点损失:7.706,总损失:7.706
------划分值:0.027,左节点损失:0.000,右节点损失:0.000,总损失:0.000
('----划分特征：', 'res_6')
------划分值:-0.060,左节点损失:0.000,右节点损失:7.706,总损失:7.706
------划分值:0.493,左节点损失:0.000,右节点损失:0.000,总损失:0.000
('----划分特征：', 'f_6')
------划分值:-2.863,左节点损失:0.000,右节点损失:7.706,总损失:7.706
------划分值:0.224,左节点损失:0.000,右节点损失:0.000,总损失:0.000
('----划分特征：', 'res_7')
------划分值:-0.054,左节点损失:0.000,右节点损失:7.706,总损失:7.706
------划分值:0.444,左节点损失:0.000,右节点损失:0.000,总损失:0.000
('----划分特征：', 'f_7')
------划分值:-2.969,左节点损失:0.000,右节点损失:7.706,总损失:7.706
------划分值:0.404,左节点损失:0.000,右节点损失:0.000,总损失:0.000
('----划分特征：', 'res_8')
------划分值:-0.049,左节点损失:0.000,右节点损失:7.706,总损失:7.706
------划分值:0.400,左节点损失:0.000,右节点损失:0.000,总损失:0.000
('----划分特征：', 'f_8')
------划分值:-3.074,左节点损失:0.000,右节点损失:7.706,总损失:7.706
------划分值:0.571,左节点损失:0.000,右节点损失:0.000,总损失:0.000
('----划分特征：', 'res_9')
------划分值:-0.044,左节点损失:0.000,右节点损失:7.706,总损失:7.706
------划分值:0.361,左节点损失:0.000,右节点损失:0.000,总损失:0.000
('----划分特征：', 'f_9')
------划分值:-3.178,左节点损失:0.000,右节点损失:7.706,总损失:7.706
------划分值:0.727,左节点损失:0.000,右节点损失:0.000,总损失:0.000
('----划分特征：', 'res_10')
------划分值:-0.040,左节点损失:0.000,右节点损失:7.706,总损失:7.706
------划分值:0.326,左节点损失:0.000,右节点损失:0.000,总损失:0.000
('--最佳划分特征：', 'label')
('--最佳划分值：', 1)
('叶子节点预测值：', -1.0134707128998792)
('叶子节点预测值：', 1.1196757445929069)
第21棵树: log-likelihood:4.6318
