-----------------------------构建第22颗树-----------------------------
--树的深度：0
('----划分特征：', 1)
------划分值:0.000,左节点损失:0.000,右节点损失:6.303,总损失:6.303
('----划分特征：', 2)
------划分值:0.000,左节点损失:0.000,右节点损失:6.303,总损失:6.303
('----划分特征：', 3)
------划分值:0.000,左节点损失:0.000,右节点损失:6.303,总损失:6.303
('----划分特征：', 4)
------划分值:0.000,左节点损失:0.000,右节点损失:6.303,总损失:6.303
('----划分特征：', 5)
------划分值:0.000,左节点损失:0.000,右节点损失:6.303,总损失:6.303
('----划分特征：', 6)
------划分值:0.000,左节点损失:0.000,右节点损失:6.303,总损失:6.303
('----划分特征：', 7)
------划分值:0.000,左节点损失:0.000,右节点损失:6.303,总损失:6.303
('----划分特征：', 8)
------划分值:0.000,左节点损失:0.000,右节点损失:6.303,总损失:6.303
('----划分特征：', 9)
------划分值:0.000,左节点损失:0.000,右节点损失:6.303,总损失:6.303
('----划分特征：', 10)
------划分值:0.000,左节点损失:0.000,右节点损失:6.303,总损失:6.303
('----划分特征：', 11)
------划分值:0.000,左节点损失:0.000,右节点损失:6.303,总损失:6.303
('----划分特征：', 12)
------划分值:0.000,左节点损失:0.000,右节点损失:6.303,总损失:6.303
('----划分特征：', 13)
------划分值:0.000,左节点损失:0.000,右节点损失:6.303,总损失:6.303
('----划分特征：', 14)
------划分值:0.000,左节点损失:0.000,右节点损失:6.303,总损失:6.303
('----划分特征：', 15)
------划分值:0.000,左节点损失:0.000,右节点损失:6.303,总损失:6.303
('----划分特征：', 16)
------划分值:0.000,左节点损失:0.000,右节点损失:6.303,总损失:6.303
('----划分特征：', 17)
------划分值:0.000,左节点损失:0.000,右节点损失:6.303,总损失:6.303
('----划分特征：', 18)
------划分值:0.000,左节点损失:0.000,右节点损失:6.303,总损失:6.303
('----划分特征：', 19)
------划分值:0.000,左节点损失:0.000,右节点损失:6.303,总损失:6.303
('----划分特征：', 20)
------划分值:0.000,左节点损失:0.000,右节点损失:6.303,总损失:6.303
('----划分特征：', 21)
------划分值:0.000,左节点损失:0.000,右节点损失:6.303,总损失:6.303
('----划分特征：', 22)
------划分值:0.000,左节点损失:0.000,右节点损失:6.303,总损失:6.303
('----划分特征：', 23)
------划分值:0.000,左节点损失:0.000,右节点损失:6.303,总损失:6.303
('----划分特征：', 24)
------划分值:0.000,左节点损失:0.000,右节点损失:6.303,总损失:6.303
('----划分特征：', 25)
------划分值:0.000,左节点损失:0.000,右节点损失:6.303,总损失:6.303
('----划分特征：', 26)
------划分值:0.000,左节点损失:0.000,右节点损失:6.303,总损失:6.303
('----划分特征：', 27)
------划分值:0.000,左节点损失:0.000,右节点损失:6.303,总损失:6.303
('----划分特征：', 28)
------划分值:0.000,左节点损失:0.000,右节点损失:6.303,总损失:6.303
('----划分特征：', 29)
------划分值:0.000,左节点损失:0.000,右节点损失:6.303,总损失:6.303
('----划分特征：', 30)
------划分值:0.000,左节点损失:0.000,右节点损失:6.303,总损失:6.303
('----划分特征：', 31)
------划分值:0.000,左节点损失:0.000,右节点损失:6.303,总损失:6.303
('----划分特征：', 32)
------划分值:0.000,左节点损失:0.000,右节点损失:6.303,总损失:6.303
('----划分特征：', 33)
------划分值:0.000,左节点损失:0.000,右节点损失:6.303,总损失:6.303
('----划分特征：', 34)
------划分值:0.000,左节点损失:0.000,右节点损失:6.303,总损失:6.303
('----划分特征：', 35)
------划分值:0.000,左节点损失:0.000,右节点损失:6.303,总损失:6.303
('----划分特征：', 36)
------划分值:0.000,左节点损失:0.000,右节点损失:6.303,总损失:6.303
------划分值:1.000,左节点损失:6.303,右节点损失:0.000,总损失:6.303
('----划分特征：', 37)
------划分值:0.000,左节点损失:0.000,右节点损失:6.303,总损失:6.303
------划分值:1.000,左节点损失:6.302,右节点损失:0.000,总损失:6.302
('----划分特征：', 38)
------划分值:0.000,左节点损失:0.000,右节点损失:6.303,总损失:6.303
------划分值:1.000,左节点损失:6.303,右节点损失:0.000,总损失:6.303
('----划分特征：', 39)
------划分值:0.000,左节点损失:0.000,右节点损失:6.303,总损失:6.303
------划分值:1.000,左节点损失:6.302,右节点损失:0.000,总损失:6.302
('----划分特征：', 40)
------划分值:0.000,左节点损失:0.000,右节点损失:6.303,总损失:6.303
------划分值:1.000,左节点损失:6.303,右节点损失:0.000,总损失:6.303
('----划分特征：', 41)
------划分值:0.000,左节点损失:0.000,右节点损失:6.303,总损失:6.303
------划分值:1.000,左节点损失:6.302,右节点损失:0.000,总损失:6.302
('----划分特征：', 42)
------划分值:0.000,左节点损失:0.000,右节点损失:6.303,总损失:6.303
------划分值:1.000,左节点损失:6.303,右节点损失:0.000,总损失:6.303
('----划分特征：', 43)
------划分值:0.000,左节点损失:0.000,右节点损失:6.303,总损失:6.303
------划分值:1.000,左节点损失:6.302,右节点损失:0.000,总损失:6.302
('----划分特征：', 44)
------划分值:0.000,左节点损失:0.000,右节点损失:6.303,总损失:6.303
------划分值:1.000,左节点损失:6.302,右节点损失:0.000,总损失:6.302
('----划分特征：', 45)
------划分值:0.000,左节点损失:0.000,右节点损失:6.303,总损失:6.303
------划分值:1.000,左节点损失:6.302,右节点损失:0.000,总损失:6.302
('----划分特征：', 46)
------划分值:0.000,左节点损失:0.000,右节点损失:6.303,总损失:6.303
------划分值:1.000,左节点损失:6.302,右节点损失:0.000,总损失:6.302
('----划分特征：', 47)
------划分值:0.000,左节点损失:0.000,右节点损失:6.303,总损失:6.303
------划分值:1.000,左节点损失:6.303,右节点损失:0.000,总损失:6.303
('----划分特征：', 48)
------划分值:0.000,左节点损失:0.000,右节点损失:6.303,总损失:6.303
------划分值:1.000,左节点损失:6.302,右节点损失:0.000,总损失:6.302
('----划分特征：', 49)
------划分值:0.000,左节点损失:0.000,右节点损失:6.303,总损失:6.303
------划分值:1.000,左节点损失:6.303,右节点损失:0.000,总损失:6.303
('----划分特征：', 50)
------划分值:0.000,左节点损失:0.000,右节点损失:6.303,总损失:6.303
------划分值:1.000,左节点损失:6.303,右节点损失:0.000,总损失:6.303
('----划分特征：', 51)
------划分值:0.000,左节点损失:0.000,右节点损失:6.303,总损失:6.303
('----划分特征：', 52)
------划分值:0.000,左节点损失:0.000,右节点损失:6.303,总损失:6.303
('----划分特征：', 53)
------划分值:0.000,左节点损失:0.000,右节点损失:6.303,总损失:6.303
('----划分特征：', 54)
------划分值:0.000,左节点损失:0.000,右节点损失:6.303,总损失:6.303
('----划分特征：', 55)
------划分值:0.000,左节点损失:0.000,右节点损失:6.303,总损失:6.303
('----划分特征：', 56)
------划分值:0.000,左节点损失:0.000,右节点损失:6.303,总损失:6.303
('----划分特征：', 57)
------划分值:0.000,左节点损失:0.000,右节点损失:6.303,总损失:6.303
('----划分特征：', 58)
------划分值:0.000,左节点损失:0.000,右节点损失:6.303,总损失:6.303
('----划分特征：', 59)
------划分值:0.000,左节点损失:0.000,右节点损失:6.303,总损失:6.303
('----划分特征：', 60)
------划分值:0.000,左节点损失:0.000,右节点损失:6.303,总损失:6.303
('----划分特征：', 61)
------划分值:0.000,左节点损失:0.000,右节点损失:6.303,总损失:6.303
('----划分特征：', 62)
------划分值:0.000,左节点损失:0.000,右节点损失:6.303,总损失:6.303
('----划分特征：', 63)
------划分值:0.000,左节点损失:0.000,右节点损失:6.303,总损失:6.303
('----划分特征：', 64)
------划分值:0.000,左节点损失:0.000,右节点损失:6.303,总损失:6.303
------划分值:1.000,左节点损失:6.302,右节点损失:0.000,总损失:6.302
('----划分特征：', 65)
------划分值:0.000,左节点损失:0.000,右节点损失:6.303,总损失:6.303
------划分值:1.000,左节点损失:6.302,右节点损失:0.000,总损失:6.302
('----划分特征：', 66)
------划分值:0.000,左节点损失:0.000,右节点损失:6.303,总损失:6.303
------划分值:1.000,左节点损失:6.301,右节点损失:0.000,总损失:6.301
('----划分特征：', 67)
------划分值:0.000,左节点损失:0.000,右节点损失:6.303,总损失:6.303
------划分值:1.000,左节点损失:6.300,右节点损失:0.000,总损失:6.300
('----划分特征：', 68)
------划分值:0.000,左节点损失:0.000,右节点损失:6.303,总损失:6.303
------划分值:1.000,左节点损失:6.299,右节点损失:0.000,总损失:6.299
('----划分特征：', 69)
------划分值:0.000,左节点损失:0.000,右节点损失:6.303,总损失:6.303
------划分值:1.000,左节点损失:6.299,右节点损失:0.000,总损失:6.299
('----划分特征：', 70)
------划分值:0.000,左节点损失:0.000,右节点损失:6.303,总损失:6.303
------划分值:1.000,左节点损失:6.296,右节点损失:0.000,总损失:6.296
('----划分特征：', 71)
------划分值:0.000,左节点损失:0.000,右节点损失:6.303,总损失:6.303
------划分值:1.000,左节点损失:6.294,右节点损失:0.000,总损失:6.294
('----划分特征：', 72)
------划分值:0.000,左节点损失:0.000,右节点损失:6.303,总损失:6.303
------划分值:1.000,左节点损失:6.290,右节点损失:0.000,总损失:6.290
('----划分特征：', 73)
------划分值:0.000,左节点损失:0.000,右节点损失:6.303,总损失:6.303
------划分值:1.000,左节点损失:6.289,右节点损失:0.000,总损失:6.289
('----划分特征：', 74)
------划分值:0.000,左节点损失:0.000,右节点损失:6.303,总损失:6.303
------划分值:1.000,左节点损失:6.292,右节点损失:0.000,总损失:6.292
('----划分特征：', 75)
------划分值:0.000,左节点损失:0.000,右节点损失:6.303,总损失:6.303
------划分值:1.000,左节点损失:6.296,右节点损失:0.000,总损失:6.296
('----划分特征：', 76)
------划分值:0.000,左节点损失:0.000,右节点损失:6.303,总损失:6.303
------划分值:1.000,左节点损失:6.300,右节点损失:0.000,总损失:6.300
('----划分特征：', 77)
------划分值:0.000,左节点损失:0.000,右节点损失:6.303,总损失:6.303
------划分值:1.000,左节点损失:6.302,右节点损失:0.000,总损失:6.302
('----划分特征：', 78)
------划分值:0.000,左节点损失:0.000,右节点损失:6.303,总损失:6.303
------划分值:1.000,左节点损失:6.302,右节点损失:0.000,总损失:6.302
('----划分特征：', 79)
------划分值:0.000,左节点损失:0.000,右节点损失:6.303,总损失:6.303
------划分值:1.000,左节点损失:6.303,右节点损失:0.000,总损失:6.303
('----划分特征：', 80)
------划分值:0.000,左节点损失:0.000,右节点损失:6.303,总损失:6.303
('----划分特征：', 81)
------划分值:0.000,左节点损失:0.000,右节点损失:6.303,总损失:6.303
('----划分特征：', 82)
------划分值:0.000,左节点损失:0.000,右节点损失:6.303,总损失:6.303
('----划分特征：', 83)
------划分值:0.000,左节点损失:0.000,右节点损失:6.303,总损失:6.303
('----划分特征：', 84)
------划分值:0.000,左节点损失:0.000,右节点损失:6.303,总损失:6.303
('----划分特征：', 85)
------划分值:0.000,左节点损失:0.000,右节点损失:6.303,总损失:6.303
('----划分特征：', 86)
------划分值:0.000,左节点损失:0.000,右节点损失:6.303,总损失:6.303
('----划分特征：', 87)
------划分值:0.000,左节点损失:0.000,右节点损失:6.303,总损失:6.303
('----划分特征：', 88)
------划分值:0.000,左节点损失:0.000,右节点损失:6.303,总损失:6.303
('----划分特征：', 89)
------划分值:0.000,左节点损失:0.000,右节点损失:6.303,总损失:6.303
------划分值:1.000,左节点损失:6.302,右节点损失:0.000,总损失:6.302
('----划分特征：', 90)
------划分值:0.000,左节点损失:0.000,右节点损失:6.303,总损失:6.303
------划分值:1.000,左节点损失:6.302,右节点损失:0.000,总损失:6.302
('----划分特征：', 91)
------划分值:0.000,左节点损失:0.000,右节点损失:6.303,总损失:6.303
------划分值:1.000,左节点损失:6.302,右节点损失:0.000,总损失:6.302
('----划分特征：', 92)
------划分值:0.000,左节点损失:0.000,右节点损失:6.303,总损失:6.303
------划分值:1.000,左节点损失:6.300,右节点损失:0.000,总损失:6.300
('----划分特征：', 93)
------划分值:0.000,左节点损失:0.000,右节点损失:6.303,总损失:6.303
------划分值:1.000,左节点损失:6.299,右节点损失:0.000,总损失:6.299
('----划分特征：', 94)
------划分值:0.000,左节点损失:0.000,右节点损失:6.303,总损失:6.303
------划分值:1.000,左节点损失:6.294,右节点损失:0.000,总损失:6.294
('----划分特征：', 95)
------划分值:0.000,左节点损失:0.000,右节点损失:6.303,总损失:6.303
------划分值:1.000,左节点损失:6.281,右节点损失:0.012,总损失:6.293
('----划分特征：', 96)
------划分值:0.000,左节点损失:0.000,右节点损失:6.303,总损失:6.303
------划分值:1.000,左节点损失:6.248,右节点损失:0.046,总损失:6.294
('----划分特征：', 97)
------划分值:0.000,左节点损失:0.000,右节点损失:6.303,总损失:6.303
------划分值:1.000,左节点损失:6.214,右节点损失:0.080,总损失:6.293
('----划分特征：', 98)
------划分值:0.000,左节点损失:0.000,右节点损失:6.303,总损失:6.303
------划分值:1.000,左节点损失:6.178,右节点损失:0.113,总损失:6.292
('----划分特征：', 99)
------划分值:0.000,左节点损失:0.000,右节点损失:6.303,总损失:6.303
------划分值:1.000,左节点损失:6.161,右节点损失:0.125,总损失:6.286
('----划分特征：', 100)
------划分值:0.000,左节点损失:0.000,右节点损失:6.303,总损失:6.303
------划分值:1.000,左节点损失:6.174,右节点损失:0.104,总损失:6.278
('----划分特征：', 101)
------划分值:0.000,左节点损失:0.000,右节点损失:6.303,总损失:6.303
------划分值:1.000,左节点损失:6.186,右节点损失:0.092,总损失:6.278
('----划分特征：', 102)
------划分值:0.000,左节点损失:0.000,右节点损失:6.303,总损失:6.303
------划分值:1.000,左节点损失:6.234,右节点损失:0.047,总损失:6.280
('----划分特征：', 103)
------划分值:0.000,左节点损失:0.000,右节点损失:6.303,总损失:6.303
------划分值:1.000,左节点损失:6.234,右节点损失:0.057,总损失:6.291
('----划分特征：', 104)
------划分值:0.000,左节点损失:0.000,右节点损失:6.303,总损失:6.303
------划分值:1.000,左节点损失:6.273,右节点损失:0.023,总损失:6.296
('----划分特征：', 105)
------划分值:0.000,左节点损失:0.000,右节点损失:6.303,总损失:6.303
------划分值:1.000,左节点损失:6.298,右节点损失:0.000,总损失:6.298
('----划分特征：', 106)
------划分值:0.000,左节点损失:0.000,右节点损失:6.303,总损失:6.303
------划分值:1.000,左节点损失:6.301,右节点损失:0.000,总损失:6.301
('----划分特征：', 107)
------划分值:0.000,左节点损失:0.000,右节点损失:6.303,总损失:6.303
------划分值:1.000,左节点损失:6.302,右节点损失:0.000,总损失:6.302
('----划分特征：', 108)
------划分值:0.000,左节点损失:0.000,右节点损失:6.303,总损失:6.303
------划分值:1.000,左节点损失:6.303,右节点损失:0.000,总损失:6.303
('----划分特征：', 109)
------划分值:0.000,左节点损失:0.000,右节点损失:6.303,总损失:6.303
('----划分特征：', 110)
------划分值:0.000,左节点损失:0.000,右节点损失:6.303,总损失:6.303
('----划分特征：', 111)
------划分值:0.000,左节点损失:0.000,右节点损失:6.303,总损失:6.303
('----划分特征：', 112)
------划分值:0.000,左节点损失:0.000,右节点损失:6.303,总损失:6.303
('----划分特征：', 113)
------划分值:0.000,左节点损失:0.000,右节点损失:6.303,总损失:6.303
('----划分特征：', 114)
------划分值:0.000,左节点损失:0.000,右节点损失:6.303,总损失:6.303
('----划分特征：', 115)
------划分值:0.000,左节点损失:0.000,右节点损失:6.303,总损失:6.303
('----划分特征：', 116)
------划分值:0.000,左节点损失:0.000,右节点损失:6.303,总损失:6.303
------划分值:1.000,左节点损失:6.303,右节点损失:0.000,总损失:6.303
('----划分特征：', 117)
------划分值:0.000,左节点损失:0.000,右节点损失:6.303,总损失:6.303
------划分值:1.000,左节点损失:6.302,右节点损失:0.000,总损失:6.302
('----划分特征：', 118)
------划分值:0.000,左节点损失:0.000,右节点损失:6.303,总损失:6.303
------划分值:1.000,左节点损失:6.301,右节点损失:0.000,总损失:6.301
('----划分特征：', 119)
------划分值:0.000,左节点损失:0.000,右节点损失:6.303,总损失:6.303
------划分值:1.000,左节点损失:6.299,右节点损失:0.000,总损失:6.299
('----划分特征：', 120)
------划分值:0.000,左节点损失:0.000,右节点损失:6.303,总损失:6.303
------划分值:1.000,左节点损失:6.293,右节点损失:0.000,总损失:6.293
('----划分特征：', 121)
------划分值:0.000,左节点损失:0.000,右节点损失:6.303,总损失:6.303
------划分值:1.000,左节点损失:6.256,右节点损失:0.035,总损失:6.291
('----划分特征：', 122)
------划分值:0.000,左节点损失:0.000,右节点损失:6.303,总损失:6.303
------划分值:1.000,左节点损失:6.168,右节点损失:0.124,总损失:6.293
('----划分特征：', 123)
------划分值:0.000,左节点损失:0.000,右节点损失:6.303,总损失:6.303
------划分值:1.000,左节点损失:6.020,右节点损失:0.277,总损失:6.296
('----划分特征：', 124)
------划分值:0.000,左节点损失:0.000,右节点损失:6.303,总损失:6.303
------划分值:1.000,左节点损失:5.687,右节点损失:0.615,总损失:6.303
('----划分特征：', 125)
------划分值:0.000,左节点损失:0.000,右节点损失:6.303,总损失:6.303
------划分值:1.000,左节点损失:5.216,右节点损失:1.073,总损失:6.289
('----划分特征：', 126)
------划分值:0.000,左节点损失:0.000,右节点损失:6.303,总损失:6.303
------划分值:1.000,左节点损失:5.071,右节点损失:1.225,总损失:6.296
('----划分特征：', 127)
------划分值:0.000,左节点损失:0.000,右节点损失:6.303,总损失:6.303
------划分值:1.000,左节点损失:4.767,右节点损失:1.517,总损失:6.284
('----划分特征：', 128)
------划分值:0.000,左节点损失:0.000,右节点损失:6.303,总损失:6.303
------划分值:1.000,左节点损失:4.618,右节点损失:1.654,总损失:6.273
('----划分特征：', 129)
------划分值:0.000,左节点损失:0.000,右节点损失:6.303,总损失:6.303
------划分值:1.000,左节点损失:4.754,右节点损失:1.520,总损失:6.274
('----划分特征：', 130)
------划分值:0.000,左节点损失:0.000,右节点损失:6.303,总损失:6.303
------划分值:1.000,左节点损失:4.977,右节点损失:1.292,总损失:6.269
('----划分特征：', 131)
------划分值:0.000,左节点损失:0.000,右节点损失:6.303,总损失:6.303
------划分值:1.000,左节点损失:5.261,右节点损失:1.005,总损失:6.266
('----划分特征：', 132)
------划分值:0.000,左节点损失:0.000,右节点损失:6.303,总损失:6.303
------划分值:1.000,左节点损失:5.621,右节点损失:0.654,总损失:6.275
('----划分特征：', 133)
------划分值:0.000,左节点损失:0.000,右节点损失:6.303,总损失:6.303
------划分值:1.000,左节点损失:5.996,右节点损失:0.298,总损失:6.295
('----划分特征：', 134)
------划分值:0.000,左节点损失:0.000,右节点损失:6.303,总损失:6.303
------划分值:1.000,左节点损失:6.186,右节点损失:0.116,总损失:6.303
('----划分特征：', 135)
------划分值:0.000,左节点损失:0.000,右节点损失:6.303,总损失:6.303
------划分值:1.000,左节点损失:6.278,右节点损失:0.023,总损失:6.301
('----划分特征：', 136)
------划分值:0.000,左节点损失:0.000,右节点损失:6.303,总损失:6.303
------划分值:1.000,左节点损失:6.292,右节点损失:0.011,总损失:6.303
('----划分特征：', 137)
------划分值:0.000,左节点损失:0.000,右节点损失:6.303,总损失:6.303
('----划分特征：', 138)
------划分值:0.000,左节点损失:0.000,右节点损失:6.303,总损失:6.303
('----划分特征：', 139)
------划分值:0.000,左节点损失:0.000,右节点损失:6.303,总损失:6.303
('----划分特征：', 140)
------划分值:0.000,左节点损失:0.000,右节点损失:6.303,总损失:6.303
('----划分特征：', 141)
------划分值:0.000,左节点损失:0.000,右节点损失:6.303,总损失:6.303
('----划分特征：', 142)
------划分值:0.000,左节点损失:0.000,右节点损失:6.303,总损失:6.303
('----划分特征：', 143)
------划分值:0.000,左节点损失:0.000,右节点损失:6.303,总损失:6.303
------划分值:1.000,左节点损失:6.302,右节点损失:0.000,总损失:6.302
('----划分特征：', 144)
------划分值:0.000,左节点损失:0.000,右节点损失:6.303,总损失:6.303
------划分值:1.000,左节点损失:6.302,右节点损失:0.000,总损失:6.302
('----划分特征：', 145)
------划分值:0.000,左节点损失:0.000,右节点损失:6.303,总损失:6.303
------划分值:1.000,左节点损失:6.298,右节点损失:0.000,总损失:6.298
('----划分特征：', 146)
------划分值:0.000,左节点损失:0.000,右节点损失:6.303,总损失:6.303
------划分值:1.000,左节点损失:6.295,右节点损失:0.000,总损失:6.295
('----划分特征：', 147)
------划分值:0.000,左节点损失:0.000,右节点损失:6.303,总损失:6.303
------划分值:1.000,左节点损失:6.277,右节点损失:0.012,总损失:6.288
('----划分特征：', 148)
------划分值:0.000,左节点损失:0.000,右节点损失:6.303,总损失:6.303
------划分值:1.000,左节点损失:6.245,右节点损失:0.035,总损失:6.280
('----划分特征：', 149)
------划分值:0.000,左节点损失:0.000,右节点损失:6.303,总损失:6.303
------划分值:1.000,左节点损失:6.092,右节点损失:0.193,总损失:6.285
('----划分特征：', 150)
------划分值:0.000,左节点损失:0.000,右节点损失:6.303,总损失:6.303
------划分值:1.000,左节点损失:5.830,右节点损失:0.463,总损失:6.294
('----划分特征：', 151)
------划分值:0.000,左节点损失:0.000,右节点损失:6.303,总损失:6.303
------划分值:1.000,左节点损失:5.283,右节点损失:1.020,总损失:6.303
('----划分特征：', 152)
------划分值:0.000,左节点损失:0.000,右节点损失:6.303,总损失:6.303
------划分值:1.000,左节点损失:4.626,右节点损失:1.662,总损失:6.288
('----划分特征：', 153)
------划分值:0.000,左节点损失:0.000,右节点损失:6.303,总损失:6.303
------划分值:1.000,左节点损失:3.969,右节点损失:2.297,总损失:6.266
('----划分特征：', 154)
------划分值:0.000,左节点损失:0.000,右节点损失:6.303,总损失:6.303
------划分值:1.000,左节点损失:3.147,右节点损失:3.052,总损失:6.199
('----划分特征：', 155)
------划分值:0.000,左节点损失:0.000,右节点损失:6.303,总损失:6.303
------划分值:1.000,左节点损失:2.604,右节点损失:3.533,总损失:6.137
('----划分特征：', 156)
------划分值:0.000,左节点损失:0.000,右节点损失:6.303,总损失:6.303
------划分值:1.000,左节点损失:2.386,右节点损失:3.695,总损失:6.081
('----划分特征：', 157)
------划分值:1.000,左节点损失:2.716,右节点损失:3.397,总损失:6.112
------划分值:0.000,左节点损失:0.000,右节点损失:6.303,总损失:6.303
('----划分特征：', 158)
------划分值:1.000,左节点损失:3.204,右节点损失:2.932,总损失:6.136
------划分值:0.000,左节点损失:0.000,右节点损失:6.303,总损失:6.303
('----划分特征：', 159)
------划分值:0.000,左节点损失:0.000,右节点损失:6.303,总损失:6.303
------划分值:1.000,左节点损失:4.099,右节点损失:2.105,总损失:6.204
('----划分特征：', 160)
------划分值:1.000,左节点损失:4.851,右节点损失:1.395,总损失:6.247
------划分值:0.000,左节点损失:0.000,右节点损失:6.303,总损失:6.303
('----划分特征：', 161)
------划分值:1.000,左节点损失:5.503,右节点损失:0.780,总损失:6.283
------划分值:0.000,左节点损失:0.000,右节点损失:6.303,总损失:6.303
('----划分特征：', 162)
------划分值:1.000,左节点损失:5.929,右节点损失:0.371,总损失:6.300
------划分值:0.000,左节点损失:0.000,右节点损失:6.303,总损失:6.303
('----划分特征：', 163)
------划分值:0.000,左节点损失:0.000,右节点损失:6.303,总损失:6.303
------划分值:1.000,左节点损失:6.172,右节点损失:0.130,总损失:6.302
('----划分特征：', 164)
------划分值:0.000,左节点损失:0.000,右节点损失:6.303,总损失:6.303
------划分值:1.000,左节点损失:6.276,右节点损失:0.023,总损失:6.299
('----划分特征：', 165)
------划分值:0.000,左节点损失:0.000,右节点损失:6.303,总损失:6.303
------划分值:1.000,左节点损失:6.301,右节点损失:0.000,总损失:6.301
('----划分特征：', 166)
------划分值:0.000,左节点损失:0.000,右节点损失:6.303,总损失:6.303
------划分值:1.000,左节点损失:6.303,右节点损失:0.000,总损失:6.303
('----划分特征：', 167)
------划分值:0.000,左节点损失:0.000,右节点损失:6.303,总损失:6.303
('----划分特征：', 168)
------划分值:0.000,左节点损失:0.000,右节点损失:6.303,总损失:6.303
('----划分特征：', 169)
------划分值:0.000,左节点损失:0.000,右节点损失:6.303,总损失:6.303
('----划分特征：', 170)
------划分值:0.000,左节点损失:0.000,右节点损失:6.303,总损失:6.303
('----划分特征：', 171)
------划分值:0.000,左节点损失:0.000,右节点损失:6.303,总损失:6.303
------划分值:1.000,左节点损失:6.302,右节点损失:0.000,总损失:6.302
('----划分特征：', 172)
------划分值:0.000,左节点损失:0.000,右节点损失:6.303,总损失:6.303
------划分值:1.000,左节点损失:6.300,右节点损失:0.000,总损失:6.300
('----划分特征：', 173)
------划分值:0.000,左节点损失:0.000,右节点损失:6.303,总损失:6.303
------划分值:1.000,左节点损失:6.286,右节点损失:0.012,总损失:6.298
('----划分特征：', 174)
------划分值:0.000,左节点损失:0.000,右节点损失:6.303,总损失:6.303
------划分值:1.000,左节点损失:6.277,右节点损失:0.012,总损失:6.289
('----划分特征：', 175)
------划分值:0.000,左节点损失:0.000,右节点损失:6.303,总损失:6.303
------划分值:1.000,左节点损失:6.248,右节点损失:0.023,总损失:6.272
('----划分特征：', 176)
------划分值:0.000,左节点损失:0.000,右节点损失:6.303,总损失:6.303
------划分值:1.000,左节点损失:6.066,右节点损失:0.216,总损失:6.281
('----划分特征：', 177)
------划分值:0.000,左节点损失:0.000,右节点损失:6.303,总损失:6.303
------划分值:1.000,左节点损失:5.682,右节点损失:0.614,总损失:6.295
('----划分特征：', 178)
------划分值:0.000,左节点损失:0.000,右节点损失:6.303,总损失:6.303
------划分值:1.000,左节点损失:5.108,右节点损失:1.195,总损失:6.303
('----划分特征：', 179)
------划分值:1.000,左节点损失:4.270,右节点损失:2.016,总损失:6.286
------划分值:0.000,左节点损失:0.000,右节点损失:6.303,总损失:6.303
('----划分特征：', 180)
------划分值:1.000,左节点损失:3.578,右节点损失:2.684,总损失:6.263
------划分值:0.000,左节点损失:0.000,右节点损失:6.303,总损失:6.303
('----划分特征：', 181)
------划分值:1.000,左节点损失:2.786,右节点损失:3.441,总损失:6.226
------划分值:0.000,左节点损失:0.000,右节点损失:6.303,总损失:6.303
('----划分特征：', 182)
------划分值:1.000,左节点损失:1.984,右节点损失:4.177,总损失:6.161
------划分值:0.000,左节点损失:0.000,右节点损失:6.303,总损失:6.303
('----划分特征：', 183)
------划分值:1.000,左节点损失:1.426,右节点损失:4.646,总损失:6.072
------划分值:0.000,左节点损失:0.000,右节点损失:6.303,总损失:6.303
('----划分特征：', 184)
------划分值:1.000,左节点损失:1.340,右节点损失:4.698,总损失:6.038
------划分值:0.000,左节点损失:0.000,右节点损失:6.303,总损失:6.303
('----划分特征：', 185)
------划分值:1.000,左节点损失:1.561,右节点损失:4.472,总损失:6.034
------划分值:0.000,左节点损失:0.000,右节点损失:6.303,总损失:6.303
('----划分特征：', 186)
------划分值:1.000,左节点损失:1.989,右节点损失:4.044,总损失:6.033
------划分值:0.000,左节点损失:0.000,右节点损失:6.303,总损失:6.303
('----划分特征：', 187)
------划分值:1.000,左节点损失:2.836,右节点损失:3.258,总损失:6.094
------划分值:0.000,左节点损失:0.000,右节点损失:6.303,总损失:6.303
('----划分特征：', 188)
------划分值:1.000,左节点损失:3.806,右节点损失:2.345,总损失:6.150
------划分值:0.000,左节点损失:0.000,右节点损失:6.303,总损失:6.303
('----划分特征：', 189)
------划分值:1.000,左节点损失:4.823,右节点损失:1.417,总损失:6.240
------划分值:0.000,左节点损失:0.000,右节点损失:6.303,总损失:6.303
('----划分特征：', 190)
------划分值:1.000,左节点损失:5.561,右节点损失:0.730,总损失:6.290
------划分值:0.000,左节点损失:0.000,右节点损失:6.303,总损失:6.303
('----划分特征：', 191)
------划分值:0.000,左节点损失:0.000,右节点损失:6.303,总损失:6.303
------划分值:1.000,左节点损失:6.054,右节点损失:0.248,总损失:6.302
('----划分特征：', 192)
------划分值:0.000,左节点损失:0.000,右节点损失:6.303,总损失:6.303
------划分值:1.000,左节点损失:6.249,右节点损失:0.046,总损失:6.295
('----划分特征：', 193)
------划分值:0.000,左节点损失:0.000,右节点损失:6.303,总损失:6.303
------划分值:1.000,左节点损失:6.298,右节点损失:0.000,总损失:6.298
('----划分特征：', 194)
------划分值:0.000,左节点损失:0.000,右节点损失:6.303,总损失:6.303
------划分值:1.000,左节点损失:6.302,右节点损失:0.000,总损失:6.302
('----划分特征：', 195)
------划分值:0.000,左节点损失:0.000,右节点损失:6.303,总损失:6.303
------划分值:1.000,左节点损失:6.302,右节点损失:0.000,总损失:6.302
('----划分特征：', 196)
------划分值:0.000,左节点损失:0.000,右节点损失:6.303,总损失:6.303
('----划分特征：', 197)
------划分值:0.000,左节点损失:0.000,右节点损失:6.303,总损失:6.303
------划分值:1.000,左节点损失:6.303,右节点损失:0.000,总损失:6.303
('----划分特征：', 198)
------划分值:0.000,左节点损失:0.000,右节点损失:6.303,总损失:6.303
------划分值:1.000,左节点损失:6.302,右节点损失:0.000,总损失:6.302
('----划分特征：', 199)
------划分值:0.000,左节点损失:0.000,右节点损失:6.303,总损失:6.303
------划分值:1.000,左节点损失:6.301,右节点损失:0.000,总损失:6.301
('----划分特征：', 200)
------划分值:0.000,左节点损失:0.000,右节点损失:6.303,总损失:6.303
------划分值:1.000,左节点损失:6.298,右节点损失:0.000,总损失:6.298
('----划分特征：', 201)
------划分值:0.000,左节点损失:0.000,右节点损失:6.303,总损失:6.303
------划分值:1.000,左节点损失:6.279,右节点损失:0.012,总损失:6.291
('----划分特征：', 202)
------划分值:0.000,左节点损失:0.000,右节点损失:6.303,总损失:6.303
------划分值:1.000,左节点损失:6.267,右节点损失:0.012,总损失:6.279
('----划分特征：', 203)
------划分值:0.000,左节点损失:0.000,右节点损失:6.303,总损失:6.303
------划分值:1.000,左节点损失:6.138,右节点损失:0.138,总损失:6.276
('----划分特征：', 204)
------划分值:1.000,左节点损失:5.807,右节点损失:0.479,总损失:6.286
------划分值:0.000,左节点损失:0.000,右节点损失:6.303,总损失:6.303
('----划分特征：', 205)
------划分值:1.000,左节点损失:5.147,右节点损失:1.155,总损失:6.302
------划分值:0.000,左节点损失:0.000,右节点损失:6.303,总损失:6.303
('----划分特征：', 206)
------划分值:1.000,左节点损失:4.359,右节点损失:1.939,总损失:6.297
------划分值:0.000,左节点损失:0.000,右节点损失:6.303,总损失:6.303
('----划分特征：', 207)
------划分值:1.000,左节点损失:3.600,右节点损失:2.676,总损失:6.276
------划分值:0.000,左节点损失:0.000,右节点损失:6.303,总损失:6.303
('----划分特征：', 208)
------划分值:1.000,左节点损失:2.618,右节点损失:3.598,总损失:6.216
------划分值:0.000,左节点损失:0.000,右节点损失:6.303,总损失:6.303
('----划分特征：', 209)
------划分值:1.000,左节点损失:1.989,右节点损失:4.204,总损失:6.193
------划分值:0.000,左节点损失:0.000,右节点损失:6.303,总损失:6.303
('----划分特征：', 210)
------划分值:1.000,左节点损失:1.646,右节点损失:4.521,总损失:6.167
------划分值:0.000,左节点损失:0.000,右节点损失:6.303,总损失:6.303
('----划分特征：', 211)
------划分值:1.000,左节点损失:1.389,右节点损失:4.725,总损失:6.114
------划分值:0.000,左节点损失:0.000,右节点损失:6.303,总损失:6.303
('----划分特征：', 212)
------划分值:1.000,左节点损失:1.443,右节点损失:4.682,总损失:6.125
------划分值:0.000,左节点损失:0.000,右节点损失:6.303,总损失:6.303
('----划分特征：', 213)
------划分值:1.000,左节点损失:1.349,右节点损失:4.723,总损失:6.072
------划分值:0.000,左节点损失:0.000,右节点损失:6.303,总损失:6.303
('----划分特征：', 214)
------划分值:0.000,左节点损失:0.000,右节点损失:6.303,总损失:6.303
------划分值:1.000,左节点损失:1.561,右节点损失:4.477,总损失:6.038
('----划分特征：', 215)
------划分值:0.000,左节点损失:0.000,右节点损失:6.303,总损失:6.303
------划分值:1.000,左节点损失:2.074,右节点损失:3.976,总损失:6.051
('----划分特征：', 216)
------划分值:0.000,左节点损失:0.000,右节点损失:6.303,总损失:6.303
------划分值:1.000,左节点损失:2.976,右节点损失:3.110,总损失:6.087
('----划分特征：', 217)
------划分值:0.000,左节点损失:0.000,右节点损失:6.303,总损失:6.303
------划分值:1.000,左节点损失:4.115,右节点损失:2.068,总损失:6.183
('----划分特征：', 218)
------划分值:0.000,左节点损失:0.000,右节点损失:6.303,总损失:6.303
------划分值:1.000,左节点损失:5.128,右节点损失:1.133,总损失:6.261
('----划分特征：', 219)
------划分值:0.000,左节点损失:0.000,右节点损失:6.303,总损失:6.303
------划分值:1.000,左节点损失:5.823,右节点损失:0.477,总损失:6.300
('----划分特征：', 220)
------划分值:0.000,左节点损失:0.000,右节点损失:6.303,总损失:6.303
------划分值:1.000,左节点损失:6.188,右节点损失:0.111,总损失:6.299
('----划分特征：', 221)
------划分值:0.000,左节点损失:0.000,右节点损失:6.303,总损失:6.303
------划分值:1.000,左节点损失:6.294,右节点损失:0.000,总损失:6.294
('----划分特征：', 222)
------划分值:0.000,左节点损失:0.000,右节点损失:6.303,总损失:6.303
------划分值:1.000,左节点损失:6.300,右节点损失:0.000,总损失:6.300
('----划分特征：', 223)
------划分值:0.000,左节点损失:0.000,右节点损失:6.303,总损失:6.303
------划分值:1.000,左节点损失:6.303,右节点损失:0.000,总损失:6.303
('----划分特征：', 224)
------划分值:0.000,左节点损失:0.000,右节点损失:6.303,总损失:6.303
------划分值:1.000,左节点损失:6.303,右节点损失:0.000,总损失:6.303
('----划分特征：', 225)
------划分值:0.000,左节点损失:0.000,右节点损失:6.303,总损失:6.303
------划分值:1.000,左节点损失:6.302,右节点损失:0.000,总损失:6.302
('----划分特征：', 226)
------划分值:0.000,左节点损失:0.000,右节点损失:6.303,总损失:6.303
------划分值:1.000,左节点损失:6.302,右节点损失:0.000,总损失:6.302
('----划分特征：', 227)
------划分值:0.000,左节点损失:0.000,右节点损失:6.303,总损失:6.303
------划分值:1.000,左节点损失:6.300,右节点损失:0.000,总损失:6.300
('----划分特征：', 228)
------划分值:0.000,左节点损失:0.000,右节点损失:6.303,总损失:6.303
------划分值:1.000,左节点损失:6.294,右节点损失:0.000,总损失:6.294
('----划分特征：', 229)
------划分值:0.000,左节点损失:0.000,右节点损失:6.303,总损失:6.303
------划分值:1.000,左节点损失:6.263,右节点损失:0.023,总损失:6.286
('----划分特征：', 230)
------划分值:0.000,左节点损失:0.000,右节点损失:6.303,总损失:6.303
------划分值:1.000,左节点损失:6.198,右节点损失:0.081,总损失:6.278
('----划分特征：', 231)
------划分值:0.000,左节点损失:0.000,右节点损失:6.303,总损失:6.303
------划分值:1.000,左节点损失:5.946,右节点损失:0.337,总损失:6.283
('----划分特征：', 232)
------划分值:1.000,左节点损失:5.326,右节点损失:0.976,总损失:6.302
------划分值:0.000,左节点损失:0.000,右节点损失:6.303,总损失:6.303
('----划分特征：', 233)
------划分值:1.000,左节点损失:4.568,右节点损失:1.731,总损失:6.299
------划分值:0.000,左节点损失:0.000,右节点损失:6.303,总损失:6.303
('----划分特征：', 234)
------划分值:1.000,左节点损失:3.534,右节点损失:2.732,总损失:6.266
------划分值:0.000,左节点损失:0.000,右节点损失:6.303,总损失:6.303
('----划分特征：', 235)
------划分值:1.000,左节点损失:2.692,右节点损失:3.527,总损失:6.219
------划分值:0.000,左节点损失:0.000,右节点损失:6.303,总损失:6.303
('----划分特征：', 236)
------划分值:1.000,左节点损失:2.088,右节点损失:4.097,总损失:6.185
------划分值:0.000,左节点损失:0.000,右节点损失:6.303,总损失:6.303
('----划分特征：', 237)
------划分值:1.000,左节点损失:1.894,右节点损失:4.282,总损失:6.177
------划分值:0.000,左节点损失:0.000,右节点损失:6.303,总损失:6.303
('----划分特征：', 238)
------划分值:1.000,左节点损失:1.928,右节点损失:4.246,总损失:6.173
------划分值:0.000,左节点损失:0.000,右节点损失:6.303,总损失:6.303
('----划分特征：', 239)
------划分值:1.000,左节点损失:2.243,右节点损失:3.969,总损失:6.212
------划分值:0.000,左节点损失:0.000,右节点损失:6.303,总损失:6.303
('----划分特征：', 240)
------划分值:1.000,左节点损失:2.487,右节点损失:3.762,总损失:6.249
------划分值:0.000,左节点损失:0.000,右节点损失:6.303,总损失:6.303
('----划分特征：', 241)
------划分值:1.000,左节点损失:2.343,右节点损失:3.891,总损失:6.234
------划分值:0.000,左节点损失:0.000,右节点损失:6.303,总损失:6.303
('----划分特征：', 242)
------划分值:0.000,左节点损失:0.000,右节点损失:6.303,总损失:6.303
------划分值:1.000,左节点损失:1.953,右节点损失:4.198,总损失:6.151
('----划分特征：', 243)
------划分值:0.000,左节点损失:0.000,右节点损失:6.303,总损失:6.303
------划分值:1.000,左节点损失:1.931,右节点损失:4.140,总损失:6.070
('----划分特征：', 244)
------划分值:0.000,左节点损失:0.000,右节点损失:6.303,总损失:6.303
------划分值:1.000,左节点损失:2.329,右节点损失:3.660,总损失:5.990
('----划分特征：', 245)
------划分值:0.000,左节点损失:0.000,右节点损失:6.303,总损失:6.303
------划分值:1.000,左节点损失:3.426,右节点损失:2.644,总损失:6.070
('----划分特征：', 246)
------划分值:0.000,左节点损失:0.000,右节点损失:6.303,总损失:6.303
------划分值:1.000,左节点损失:4.550,右节点损失:1.604,总损失:6.154
('----划分特征：', 247)
------划分值:0.000,左节点损失:0.000,右节点损失:6.303,总损失:6.303
------划分值:1.000,左节点损失:5.571,右节点损失:0.701,总损失:6.272
('----划分特征：', 248)
------划分值:0.000,左节点损失:0.000,右节点损失:6.303,总损失:6.303
------划分值:1.000,左节点损失:6.131,右节点损失:0.172,总损失:6.303
('----划分特征：', 249)
------划分值:0.000,左节点损失:0.000,右节点损失:6.303,总损失:6.303
------划分值:1.000,左节点损失:6.295,右节点损失:0.000,总损失:6.295
('----划分特征：', 250)
------划分值:0.000,左节点损失:0.000,右节点损失:6.303,总损失:6.303
------划分值:1.000,左节点损失:6.301,右节点损失:0.000,总损失:6.301
('----划分特征：', 251)
------划分值:0.000,左节点损失:0.000,右节点损失:6.303,总损失:6.303
------划分值:1.000,左节点损失:6.303,右节点损失:0.000,总损失:6.303
('----划分特征：', 252)
------划分值:0.000,左节点损失:0.000,右节点损失:6.303,总损失:6.303
('----划分特征：', 253)
------划分值:0.000,左节点损失:0.000,右节点损失:6.303,总损失:6.303
------划分值:1.000,左节点损失:6.302,右节点损失:0.000,总损失:6.302
('----划分特征：', 254)
------划分值:0.000,左节点损失:0.000,右节点损失:6.303,总损失:6.303
------划分值:1.000,左节点损失:6.301,右节点损失:0.000,总损失:6.301
('----划分特征：', 255)
------划分值:0.000,左节点损失:0.000,右节点损失:6.303,总损失:6.303
------划分值:1.000,左节点损失:6.299,右节点损失:0.000,总损失:6.299
('----划分特征：', 256)
------划分值:0.000,左节点损失:0.000,右节点损失:6.303,总损失:6.303
------划分值:1.000,左节点损失:6.292,右节点损失:0.000,总损失:6.292
('----划分特征：', 257)
------划分值:0.000,左节点损失:0.000,右节点损失:6.303,总损失:6.303
------划分值:1.000,左节点损失:6.258,右节点损失:0.023,总损失:6.281
('----划分特征：', 258)
------划分值:0.000,左节点损失:0.000,右节点损失:6.303,总损失:6.303
------划分值:1.000,左节点损失:6.007,右节点损失:0.288,总损失:6.295
('----划分特征：', 259)
------划分值:0.000,左节点损失:0.000,右节点损失:6.303,总损失:6.303
------划分值:1.000,左节点损失:5.543,右节点损失:0.760,总损失:6.303
('----划分特征：', 260)
------划分值:0.000,左节点损失:0.000,右节点损失:6.303,总损失:6.303
------划分值:1.000,左节点损失:4.788,右节点损失:1.506,总损失:6.294
('----划分特征：', 261)
------划分值:1.000,左节点损失:3.804,右节点损失:2.454,总损失:6.258
------划分值:0.000,左节点损失:0.000,右节点损失:6.303,总损失:6.303
('----划分特征：', 262)
------划分值:0.000,左节点损失:0.000,右节点损失:6.303,总损失:6.303
------划分值:1.000,左节点损失:2.754,右节点损失:3.438,总损失:6.192
('----划分特征：', 263)
------划分值:1.000,左节点损失:2.023,右节点损失:4.098,总损失:6.121
------划分值:0.000,左节点损失:0.000,右节点损失:6.303,总损失:6.303
('----划分特征：', 264)
------划分值:1.000,左节点损失:2.031,右节点损失:4.111,总损失:6.142
------划分值:0.000,左节点损失:0.000,右节点损失:6.303,总损失:6.303
('----划分特征：', 265)
------划分值:1.000,左节点损失:2.236,右节点损失:3.909,总损失:6.145
------划分值:0.000,左节点损失:0.000,右节点损失:6.303,总损失:6.303
('----划分特征：', 266)
------划分值:0.000,左节点损失:0.000,右节点损失:6.303,总损失:6.303
------划分值:1.000,左节点损失:2.962,右节点损失:3.277,总损失:6.239
('----划分特征：', 267)
------划分值:0.000,左节点损失:0.000,右节点损失:6.303,总损失:6.303
------划分值:1.000,左节点损失:3.484,右节点损失:2.802,总损失:6.286
('----划分特征：', 268)
------划分值:0.000,左节点损失:0.000,右节点损失:6.303,总损失:6.303
------划分值:1.000,左节点损失:3.702,右节点损失:2.601,总损失:6.302
('----划分特征：', 269)
------划分值:1.000,左节点损失:3.484,右节点损失:2.818,总损失:6.303
------划分值:0.000,左节点损失:0.000,右节点损失:6.303,总损失:6.303
('----划分特征：', 270)
------划分值:0.000,左节点损失:0.000,右节点损失:6.303,总损失:6.303
------划分值:1.000,左节点损失:2.980,右节点损失:3.301,总损失:6.280
('----划分特征：', 271)
------划分值:0.000,左节点损失:0.000,右节点损失:6.303,总损失:6.303
------划分值:1.000,左节点损失:2.187,右节点损失:3.922,总损失:6.109
('----划分特征：', 272)
------划分值:0.000,左节点损失:0.000,右节点损失:6.303,总损失:6.303
------划分值:1.000,左节点损失:2.138,右节点损失:3.795,总损失:5.933
('----划分特征：', 273)
------划分值:0.000,左节点损失:0.000,右节点损失:6.303,总损失:6.303
------划分值:1.000,左节点损失:2.740,右节点损失:3.073,总损失:5.814
('----划分特征：', 274)
------划分值:0.000,左节点损失:0.000,右节点损失:6.303,总损失:6.303
------划分值:1.000,左节点损失:3.907,右节点损失:1.969,总损失:5.876
('----划分特征：', 275)
------划分值:0.000,左节点损失:0.000,右节点损失:6.303,总损失:6.303
------划分值:1.000,左节点损失:5.346,右节点损失:0.810,总损失:6.156
('----划分特征：', 276)
------划分值:0.000,左节点损失:0.000,右节点损失:6.303,总损失:6.303
------划分值:1.000,左节点损失:6.041,右节点损失:0.247,总损失:6.287
('----划分特征：', 277)
------划分值:0.000,左节点损失:0.000,右节点损失:6.303,总损失:6.303
------划分值:1.000,左节点损失:6.299,右节点损失:0.000,总损失:6.299
('----划分特征：', 278)
------划分值:0.000,左节点损失:0.000,右节点损失:6.303,总损失:6.303
------划分值:1.000,左节点损失:6.302,右节点损失:0.000,总损失:6.302
('----划分特征：', 279)
------划分值:0.000,左节点损失:0.000,右节点损失:6.303,总损失:6.303
('----划分特征：', 280)
------划分值:0.000,左节点损失:0.000,右节点损失:6.303,总损失:6.303
('----划分特征：', 281)
------划分值:0.000,左节点损失:0.000,右节点损失:6.303,总损失:6.303
------划分值:1.000,左节点损失:6.302,右节点损失:0.000,总损失:6.302
('----划分特征：', 282)
------划分值:0.000,左节点损失:0.000,右节点损失:6.303,总损失:6.303
------划分值:1.000,左节点损失:6.302,右节点损失:0.000,总损失:6.302
('----划分特征：', 283)
------划分值:0.000,左节点损失:0.000,右节点损失:6.303,总损失:6.303
------划分值:1.000,左节点损失:6.299,右节点损失:0.000,总损失:6.299
('----划分特征：', 284)
------划分值:0.000,左节点损失:0.000,右节点损失:6.303,总损失:6.303
------划分值:1.000,左节点损失:6.291,右节点损失:0.000,总损失:6.291
('----划分特征：', 285)
------划分值:0.000,左节点损失:0.000,右节点损失:6.303,总损失:6.303
------划分值:1.000,左节点损失:6.191,右节点损失:0.102,总损失:6.293
('----划分特征：', 286)
------划分值:0.000,左节点损失:0.000,右节点损失:6.303,总损失:6.303
------划分值:1.000,左节点损失:5.777,右节点损失:0.524,总损失:6.302
('----划分特征：', 287)
------划分值:0.000,左节点损失:0.000,右节点损失:6.303,总损失:6.303
------划分值:1.000,左节点损失:5.040,右节点损失:1.229,总损失:6.269
('----划分特征：', 288)
------划分值:0.000,左节点损失:0.000,右节点损失:6.303,总损失:6.303
------划分值:1.000,左节点损失:4.062,右节点损失:2.159,总损失:6.221
('----划分特征：', 289)
------划分值:0.000,左节点损失:0.000,右节点损失:6.303,总损失:6.303
------划分值:1.000,左节点损失:2.877,右节点损失:3.231,总损失:6.108
('----划分特征：', 290)
------划分值:0.000,左节点损失:0.000,右节点损失:6.303,总损失:6.303
------划分值:1.000,左节点损失:2.117,右节点损失:3.942,总损失:6.059
('----划分特征：', 291)
------划分值:1.000,左节点损失:2.176,右节点损失:3.937,总损失:6.113
------划分值:0.000,左节点损失:0.000,右节点损失:6.303,总损失:6.303
('----划分特征：', 292)
------划分值:1.000,左节点损失:2.497,右节点损失:3.634,总损失:6.132
------划分值:0.000,左节点损失:0.000,右节点损失:6.303,总损失:6.303
('----划分特征：', 293)
------划分值:0.000,左节点损失:0.000,右节点损失:6.303,总损失:6.303
------划分值:1.000,左节点损失:3.217,右节点损失:2.999,总损失:6.216
('----划分特征：', 294)
------划分值:0.000,左节点损失:0.000,右节点损失:6.303,总损失:6.303
------划分值:1.000,左节点损失:3.964,右节点损失:2.321,总损失:6.285
('----划分特征：', 295)
------划分值:0.000,左节点损失:0.000,右节点损失:6.303,总损失:6.303
------划分值:1.000,左节点损失:4.504,右节点损失:1.793,总损失:6.297
('----划分特征：', 296)
------划分值:0.000,左节点损失:0.000,右节点损失:6.303,总损失:6.303
------划分值:1.000,左节点损失:4.737,右节点损失:1.516,总损失:6.253
('----划分特征：', 297)
------划分值:0.000,左节点损失:0.000,右节点损失:6.303,总损失:6.303
------划分值:1.000,左节点损失:4.413,右节点损失:1.840,总损失:6.253
('----划分特征：', 298)
------划分值:0.000,左节点损失:0.000,右节点损失:6.303,总损失:6.303
------划分值:1.000,左节点损失:3.785,右节点损失:2.516,总损失:6.301
('----划分特征：', 299)
------划分值:0.000,左节点损失:0.000,右节点损失:6.303,总损失:6.303
------划分值:1.000,左节点损失:2.811,右节点损失:3.405,总损失:6.216
('----划分特征：', 300)
------划分值:0.000,左节点损失:0.000,右节点损失:6.303,总损失:6.303
------划分值:1.000,左节点损失:2.130,右节点损失:3.738,总损失:5.868
('----划分特征：', 301)
------划分值:0.000,左节点损失:0.000,右节点损失:6.303,总损失:6.303
------划分值:1.000,左节点损失:2.511,右节点损失:3.067,总损失:5.577
('----划分特征：', 302)
------划分值:0.000,左节点损失:0.000,右节点损失:6.303,总损失:6.303
------划分值:1.000,左节点损失:3.479,右节点损失:1.957,总损失:5.437
('----划分特征：', 303)
------划分值:0.000,左节点损失:0.000,右节点损失:6.303,总损失:6.303
------划分值:1.000,左节点损失:4.897,右节点损失:0.821,总损失:5.718
('----划分特征：', 304)
------划分值:0.000,左节点损失:0.000,右节点损失:6.303,总损失:6.303
------划分值:1.000,左节点损失:5.999,右节点损失:0.211,总损失:6.210
('----划分特征：', 305)
------划分值:0.000,左节点损失:0.000,右节点损失:6.303,总损失:6.303
------划分值:1.000,左节点损失:6.301,右节点损失:0.000,总损失:6.301
('----划分特征：', 306)
------划分值:0.000,左节点损失:0.000,右节点损失:6.303,总损失:6.303
------划分值:1.000,左节点损失:6.303,右节点损失:0.000,总损失:6.303
('----划分特征：', 307)
------划分值:0.000,左节点损失:0.000,右节点损失:6.303,总损失:6.303
('----划分特征：', 308)
------划分值:0.000,左节点损失:0.000,右节点损失:6.303,总损失:6.303
('----划分特征：', 309)
------划分值:0.000,左节点损失:0.000,右节点损失:6.303,总损失:6.303
------划分值:1.000,左节点损失:6.303,右节点损失:0.000,总损失:6.303
('----划分特征：', 310)
------划分值:0.000,左节点损失:0.000,右节点损失:6.303,总损失:6.303
------划分值:1.000,左节点损失:6.301,右节点损失:0.000,总损失:6.301
('----划分特征：', 311)
------划分值:0.000,左节点损失:0.000,右节点损失:6.303,总损失:6.303
------划分值:1.000,左节点损失:6.299,右节点损失:0.000,总损失:6.299
('----划分特征：', 312)
------划分值:0.000,左节点损失:0.000,右节点损失:6.303,总损失:6.303
------划分值:1.000,左节点损失:6.293,右节点损失:0.000,总损失:6.293
('----划分特征：', 313)
------划分值:0.000,左节点损失:0.000,右节点损失:6.303,总损失:6.303
------划分值:1.000,左节点损失:6.068,右节点损失:0.235,总损失:6.303
('----划分特征：', 314)
------划分值:0.000,左节点损失:0.000,右节点损失:6.303,总损失:6.303
------划分值:1.000,左节点损失:5.450,右节点损失:0.812,总损失:6.262
('----划分特征：', 315)
------划分值:0.000,左节点损失:0.000,右节点损失:6.303,总损失:6.303
------划分值:1.000,左节点损失:4.455,右节点损失:1.703,总损失:6.158
('----划分特征：', 316)
------划分值:0.000,左节点损失:0.000,右节点损失:6.303,总损失:6.303
------划分值:1.000,左节点损失:3.341,右节点损失:2.729,总损失:6.070
('----划分特征：', 317)
------划分值:0.000,左节点损失:0.000,右节点损失:6.303,总损失:6.303
------划分值:1.000,左节点损失:2.329,右节点损失:3.665,总损失:5.994
('----划分特征：', 318)
------划分值:0.000,左节点损失:0.000,右节点损失:6.303,总损失:6.303
------划分值:1.000,左节点损失:2.117,右节点损失:3.941,总损失:6.058
('----划分特征：', 319)
------划分值:1.000,左节点损失:2.529,右节点损失:3.607,总损失:6.136
------划分值:0.000,左节点损失:0.000,右节点损失:6.303,总损失:6.303
('----划分特征：', 320)
------划分值:1.000,左节点损失:3.430,右节点损失:2.811,总损失:6.241
------划分值:0.000,左节点损失:0.000,右节点损失:6.303,总损失:6.303
('----划分特征：', 321)
------划分值:1.000,左节点损失:4.165,右节点损失:2.128,总损失:6.293
------划分值:0.000,左节点损失:0.000,右节点损失:6.303,总损失:6.303
('----划分特征：', 322)
------划分值:0.000,左节点损失:0.000,右节点损失:6.303,总损失:6.303
------划分值:1.000,左节点损失:4.919,右节点损失:1.361,总损失:6.280
('----划分特征：', 323)
------划分值:0.000,左节点损失:0.000,右节点损失:6.303,总损失:6.303
------划分值:1.000,左节点损失:5.337,右节点损失:0.841,总损失:6.178
('----划分特征：', 324)
------划分值:0.000,左节点损失:0.000,右节点损失:6.303,总损失:6.303
------划分值:1.000,左节点损失:5.352,右节点损失:0.756,总损失:6.108
('----划分特征：', 325)
------划分值:0.000,左节点损失:0.000,右节点损失:6.303,总损失:6.303
------划分值:1.000,左节点损失:5.112,右节点损失:0.981,总损失:6.092
('----划分特征：', 326)
------划分值:0.000,左节点损失:0.000,右节点损失:6.303,总损失:6.303
------划分值:1.000,左节点损失:4.573,右节点损失:1.655,总损失:6.227
('----划分特征：', 327)
------划分值:0.000,左节点损失:0.000,右节点损失:6.303,总损失:6.303
------划分值:1.000,左节点损失:3.446,右节点损失:2.837,总损失:6.283
('----划分特征：', 328)
------划分值:0.000,左节点损失:0.000,右节点损失:6.303,总损失:6.303
------划分值:1.000,左节点损失:2.488,右节点损失:3.403,总损失:5.890
('----划分特征：', 329)
------划分值:0.000,左节点损失:0.000,右节点损失:6.303,总损失:6.303
------划分值:1.000,左节点损失:2.343,右节点损失:2.866,总损失:5.209
('----划分特征：', 330)
------划分值:0.000,左节点损失:0.000,右节点损失:6.303,总损失:6.303
------划分值:1.000,左节点损失:3.041,右节点损失:1.739,总损失:4.780
('----划分特征：', 331)
------划分值:0.000,左节点损失:0.000,右节点损失:6.303,总损失:6.303
------划分值:1.000,左节点损失:4.618,右节点损失:0.680,总损失:5.298
('----划分特征：', 332)
------划分值:0.000,左节点损失:0.000,右节点损失:6.303,总损失:6.303
------划分值:1.000,左节点损失:5.884,右节点损失:0.217,总损失:6.101
('----划分特征：', 333)
------划分值:0.000,左节点损失:0.000,右节点损失:6.303,总损失:6.303
------划分值:1.000,左节点损失:6.302,右节点损失:0.000,总损失:6.302
('----划分特征：', 334)
------划分值:0.000,左节点损失:0.000,右节点损失:6.303,总损失:6.303
------划分值:1.000,左节点损失:6.293,右节点损失:0.006,总损失:6.299
('----划分特征：', 335)
------划分值:0.000,左节点损失:0.000,右节点损失:6.303,总损失:6.303
('----划分特征：', 336)
------划分值:0.000,左节点损失:0.000,右节点损失:6.303,总损失:6.303
('----划分特征：', 337)
------划分值:0.000,左节点损失:0.000,右节点损失:6.303,总损失:6.303
------划分值:1.000,左节点损失:6.303,右节点损失:0.000,总损失:6.303
('----划分特征：', 338)
------划分值:0.000,左节点损失:0.000,右节点损失:6.303,总损失:6.303
------划分值:1.000,左节点损失:6.302,右节点损失:0.000,总损失:6.302
('----划分特征：', 339)
------划分值:0.000,左节点损失:0.000,右节点损失:6.303,总损失:6.303
------划分值:1.000,左节点损失:6.300,右节点损失:0.000,总损失:6.300
('----划分特征：', 340)
------划分值:0.000,左节点损失:0.000,右节点损失:6.303,总损失:6.303
------划分值:1.000,左节点损失:6.285,右节点损失:0.012,总损失:6.296
('----划分特征：', 341)
------划分值:0.000,左节点损失:0.000,右节点损失:6.303,总损失:6.303
------划分值:1.000,左节点损失:5.868,右节点损失:0.410,总损失:6.278
('----划分特征：', 342)
------划分值:0.000,左节点损失:0.000,右节点损失:6.303,总损失:6.303
------划分值:1.000,左节点损失:4.930,右节点损失:1.171,总损失:6.101
('----划分特征：', 343)
------划分值:0.000,左节点损失:0.000,右节点损失:6.303,总损失:6.303
------划分值:1.000,左节点损失:3.753,右节点损失:2.224,总损失:5.977
('----划分特征：', 344)
------划分值:0.000,左节点损失:0.000,右节点损失:6.303,总损失:6.303
------划分值:1.000,左节点损失:2.490,右节点损失:3.355,总损失:5.845
('----划分特征：', 345)
------划分值:0.000,左节点损失:0.000,右节点损失:6.303,总损失:6.303
------划分值:1.000,左节点损失:1.952,右节点损失:3.976,总损失:5.928
('----划分特征：', 346)
------划分值:0.000,左节点损失:0.000,右节点损失:6.303,总损失:6.303
------划分值:1.000,左节点损失:2.308,右节点损失:3.787,总损失:6.096
('----划分特征：', 347)
------划分值:0.000,左节点损失:0.000,右节点损失:6.303,总损失:6.303
------划分值:1.000,左节点损失:3.236,右节点损失:3.011,总损失:6.247
('----划分特征：', 348)
------划分值:1.000,左节点损失:4.280,右节点损失:2.022,总损失:6.303
------划分值:0.000,左节点损失:0.000,右节点损失:6.303,总损失:6.303
('----划分特征：', 349)
------划分值:1.000,左节点损失:4.968,右节点损失:1.295,总损失:6.263
------划分值:0.000,左节点损失:0.000,右节点损失:6.303,总损失:6.303
('----划分特征：', 350)
------划分值:0.000,左节点损失:0.000,右节点损失:6.303,总损失:6.303
------划分值:1.000,左节点损失:5.412,右节点损失:0.721,总损失:6.133
('----划分特征：', 351)
------划分值:0.000,左节点损失:0.000,右节点损失:6.303,总损失:6.303
------划分值:1.000,左节点损失:5.575,右节点损失:0.419,总损失:5.994
('----划分特征：', 352)
------划分值:0.000,左节点损失:0.000,右节点损失:6.303,总损失:6.303
------划分值:1.000,左节点损失:5.535,右节点损失:0.339,总损失:5.874
('----划分特征：', 353)
------划分值:0.000,左节点损失:0.000,右节点损失:6.303,总损失:6.303
------划分值:1.000,左节点损失:5.328,右节点损失:0.591,总损失:5.919
('----划分特征：', 354)
------划分值:0.000,左节点损失:0.000,右节点损失:6.303,总损失:6.303
------划分值:1.000,左节点损失:4.709,右节点损失:1.469,总损失:6.178
('----划分特征：', 355)
------划分值:0.000,左节点损失:0.000,右节点损失:6.303,总损失:6.303
------划分值:1.000,左节点损失:3.907,右节点损失:2.393,总损失:6.300
('----划分特征：', 356)
------划分值:0.000,左节点损失:0.000,右节点损失:6.303,总损失:6.303
------划分值:1.000,左节点损失:2.621,右节点损失:3.206,总损失:5.827
('----划分特征：', 357)
------划分值:0.000,左节点损失:0.000,右节点损失:6.303,总损失:6.303
------划分值:1.000,左节点损失:2.313,右节点损失:2.650,总损失:4.963
('----划分特征：', 358)
------划分值:0.000,左节点损失:0.000,右节点损失:6.303,总损失:6.303
------划分值:1.000,左节点损失:2.957,右节点损失:1.540,总损失:4.497
('----划分特征：', 359)
------划分值:0.000,左节点损失:0.000,右节点损失:6.303,总损失:6.303
------划分值:1.000,左节点损失:4.426,右节点损失:0.652,总损失:5.078
('----划分特征：', 360)
------划分值:0.000,左节点损失:0.000,右节点损失:6.303,总损失:6.303
------划分值:1.000,左节点损失:5.756,右节点损失:0.276,总损失:6.032
('----划分特征：', 361)
------划分值:0.000,左节点损失:0.000,右节点损失:6.303,总损失:6.303
------划分值:1.000,左节点损失:6.302,右节点损失:0.000,总损失:6.302
('----划分特征：', 362)
------划分值:0.000,左节点损失:0.000,右节点损失:6.303,总损失:6.303
------划分值:1.000,左节点损失:6.293,右节点损失:0.008,总损失:6.301
('----划分特征：', 363)
------划分值:0.000,左节点损失:0.000,右节点损失:6.303,总损失:6.303
('----划分特征：', 364)
------划分值:0.000,左节点损失:0.000,右节点损失:6.303,总损失:6.303
('----划分特征：', 365)
------划分值:0.000,左节点损失:0.000,右节点损失:6.303,总损失:6.303
------划分值:1.000,左节点损失:6.303,右节点损失:0.000,总损失:6.303
('----划分特征：', 366)
------划分值:0.000,左节点损失:0.000,右节点损失:6.303,总损失:6.303
------划分值:1.000,左节点损失:6.302,右节点损失:0.000,总损失:6.302
('----划分特征：', 367)
------划分值:0.000,左节点损失:0.000,右节点损失:6.303,总损失:6.303
------划分值:1.000,左节点损失:6.302,右节点损失:0.000,总损失:6.302
('----划分特征：', 368)
------划分值:0.000,左节点损失:0.000,右节点损失:6.303,总损失:6.303
------划分值:1.000,左节点损失:6.248,右节点损失:0.054,总损失:6.303
('----划分特征：', 369)
------划分值:0.000,左节点损失:0.000,右节点损失:6.303,总损失:6.303
------划分值:1.000,左节点损失:5.588,右节点损失:0.594,总损失:6.182
('----划分特征：', 370)
------划分值:0.000,左节点损失:0.000,右节点损失:6.303,总损失:6.303
------划分值:1.000,左节点损失:4.356,右节点损失:1.530,总损失:5.886
('----划分特征：', 371)
------划分值:0.000,左节点损失:0.000,右节点损失:6.303,总损失:6.303
------划分值:1.000,左节点损失:3.044,右节点损失:2.693,总损失:5.737
('----划分特征：', 372)
------划分值:0.000,左节点损失:0.000,右节点损失:6.303,总损失:6.303
------划分值:1.000,左节点损失:2.113,右节点损失:3.647,总损失:5.760
('----划分特征：', 373)
------划分值:0.000,左节点损失:0.000,右节点损失:6.303,总损失:6.303
------划分值:1.000,左节点损失:2.101,右节点损失:3.891,总损失:5.992
('----划分特征：', 374)
------划分值:0.000,左节点损失:0.000,右节点损失:6.303,总损失:6.303
------划分值:1.000,左节点损失:2.896,右节点损失:3.322,总损失:6.218
('----划分特征：', 375)
------划分值:0.000,左节点损失:0.000,右节点损失:6.303,总损失:6.303
------划分值:1.000,左节点损失:4.101,右节点损失:2.201,总损失:6.302
('----划分特征：', 376)
------划分值:0.000,左节点损失:0.000,右节点损失:6.303,总损失:6.303
------划分值:1.000,左节点损失:4.944,右节点损失:1.293,总损失:6.237
('----划分特征：', 377)
------划分值:1.000,左节点损失:5.501,右节点损失:0.544,总损失:6.045
------划分值:0.000,左节点损失:0.000,右节点损失:6.303,总损失:6.303
('----划分特征：', 378)
------划分值:1.000,左节点损失:5.614,右节点损失:0.246,总损失:5.860
------划分值:0.000,左节点损失:0.000,右节点损失:6.303,总损失:6.303
('----划分特征：', 379)
------划分值:1.000,左节点损失:5.592,右节点损失:0.106,总损失:5.698
------划分值:0.000,左节点损失:0.000,右节点损失:6.303,总损失:6.303
('----划分特征：', 380)
------划分值:0.000,左节点损失:0.000,右节点损失:6.303,总损失:6.303
------划分值:1.000,左节点损失:5.482,右节点损失:0.141,总损失:5.623
('----划分特征：', 381)
------划分值:0.000,左节点损失:0.000,右节点损失:6.303,总损失:6.303
------划分值:1.000,左节点损失:5.292,右节点损失:0.501,总损失:5.793
('----划分特征：', 382)
------划分值:0.000,左节点损失:0.000,右节点损失:6.303,总损失:6.303
------划分值:1.000,左节点损失:4.833,右节点损失:1.309,总损失:6.142
('----划分特征：', 383)
------划分值:0.000,左节点损失:0.000,右节点损失:6.303,总损失:6.303
------划分值:1.000,左节点损失:3.948,右节点损失:2.348,总损失:6.296
('----划分特征：', 384)
------划分值:0.000,左节点损失:0.000,右节点损失:6.303,总损失:6.303
------划分值:1.000,左节点损失:2.730,右节点损失:3.070,总损失:5.800
('----划分特征：', 385)
------划分值:0.000,左节点损失:0.000,右节点损失:6.303,总损失:6.303
------划分值:1.000,左节点损失:2.368,右节点损失:2.575,总损失:4.943
('----划分特征：', 386)
------划分值:0.000,左节点损失:0.000,右节点损失:6.303,总损失:6.303
------划分值:1.000,左节点损失:2.935,右节点损失:1.631,总损失:4.566
('----划分特征：', 387)
------划分值:0.000,左节点损失:0.000,右节点损失:6.303,总损失:6.303
------划分值:1.000,左节点损失:4.342,右节点损失:0.834,总损失:5.176
('----划分特征：', 388)
------划分值:0.000,左节点损失:0.000,右节点损失:6.303,总损失:6.303
------划分值:1.000,左节点损失:5.697,右节点损失:0.327,总损失:6.024
('----划分特征：', 389)
------划分值:0.000,左节点损失:0.000,右节点损失:6.303,总损失:6.303
------划分值:1.000,左节点损失:6.301,右节点损失:0.000,总损失:6.301
('----划分特征：', 390)
------划分值:0.000,左节点损失:0.000,右节点损失:6.303,总损失:6.303
('----划分特征：', 391)
------划分值:0.000,左节点损失:0.000,右节点损失:6.303,总损失:6.303
('----划分特征：', 392)
------划分值:0.000,左节点损失:0.000,右节点损失:6.303,总损失:6.303
('----划分特征：', 393)
------划分值:0.000,左节点损失:0.000,右节点损失:6.303,总损失:6.303
('----划分特征：', 394)
------划分值:0.000,左节点损失:0.000,右节点损失:6.303,总损失:6.303
------划分值:1.000,左节点损失:6.303,右节点损失:0.000,总损失:6.303
('----划分特征：', 395)
------划分值:0.000,左节点损失:0.000,右节点损失:6.303,总损失:6.303
------划分值:1.000,左节点损失:6.302,右节点损失:0.000,总损失:6.302
('----划分特征：', 396)
------划分值:0.000,左节点损失:0.000,右节点损失:6.303,总损失:6.303
------划分值:1.000,左节点损失:6.182,右节点损失:0.113,总损失:6.295
('----划分特征：', 397)
------划分值:0.000,左节点损失:0.000,右节点损失:6.303,总损失:6.303
------划分值:1.000,左节点损失:5.106,右节点损失:0.800,总损失:5.906
('----划分特征：', 398)
------划分值:0.000,左节点损失:0.000,右节点损失:6.303,总损失:6.303
------划分值:1.000,左节点损失:3.791,右节点损失:1.837,总损失:5.628
('----划分特征：', 399)
------划分值:0.000,左节点损失:0.000,右节点损失:6.303,总损失:6.303
------划分值:1.000,左节点损失:2.511,右节点损失:3.037,总损失:5.548
('----划分特征：', 400)
------划分值:0.000,左节点损失:0.000,右节点损失:6.303,总损失:6.303
------划分值:1.000,左节点损失:1.949,右节点损失:3.776,总损失:5.725
('----划分特征：', 401)
------划分值:0.000,左节点损失:0.000,右节点损失:6.303,总损失:6.303
------划分值:1.000,左节点损失:2.429,右节点损失:3.653,总损失:6.082
('----划分特征：', 402)
------划分值:0.000,左节点损失:0.000,右节点损失:6.303,总损失:6.303
------划分值:1.000,左节点损失:3.634,右节点损失:2.660,总损失:6.294
('----划分特征：', 403)
------划分值:0.000,左节点损失:0.000,右节点损失:6.303,总损失:6.303
------划分值:1.000,左节点损失:4.783,右节点损失:1.456,总损失:6.239
('----划分特征：', 404)
------划分值:0.000,左节点损失:0.000,右节点损失:6.303,总损失:6.303
------划分值:1.000,左节点损失:5.392,右节点损失:0.668,总损失:6.060
('----划分特征：', 405)
------划分值:0.000,左节点损失:0.000,右节点损失:6.303,总损失:6.303
------划分值:1.000,左节点损失:5.549,右节点损失:0.246,总损失:5.795
('----划分特征：', 406)
------划分值:1.000,左节点损失:5.540,右节点损失:0.059,总损失:5.599
------划分值:0.000,左节点损失:0.000,右节点损失:6.303,总损失:6.303
('----划分特征：', 407)
------划分值:1.000,左节点损失:5.390,右节点损失:0.024,总损失:5.414
------划分值:0.000,左节点损失:0.000,右节点损失:6.303,总损失:6.303
('----划分特征：', 408)
------划分值:1.000,左节点损失:5.375,右节点损失:0.094,总损失:5.469
------划分值:0.000,左节点损失:0.000,右节点损失:6.303,总损失:6.303
('----划分特征：', 409)
------划分值:0.000,左节点损失:0.000,右节点损失:6.303,总损失:6.303
------划分值:1.000,左节点损失:5.204,右节点损失:0.570,总损失:5.773
('----划分特征：', 410)
------划分值:0.000,左节点损失:0.000,右节点损失:6.303,总损失:6.303
------划分值:1.000,左节点损失:4.690,右节点损失:1.500,总损失:6.190
('----划分特征：', 411)
------划分值:0.000,左节点损失:0.000,右节点损失:6.303,总损失:6.303
------划分值:1.000,左节点损失:3.779,右节点损失:2.499,总损失:6.278
('----划分特征：', 412)
------划分值:0.000,左节点损失:0.000,右节点损失:6.303,总损失:6.303
------划分值:1.000,左节点损失:2.826,右节点损失:3.003,总损失:5.829
('----划分特征：', 413)
------划分值:0.000,左节点损失:0.000,右节点损失:6.303,总损失:6.303
------划分值:1.000,左节点损失:2.410,右节点损失:2.639,总损失:5.049
('----划分特征：', 414)
------划分值:0.000,左节点损失:0.000,右节点损失:6.303,总损失:6.303
------划分值:1.000,左节点损失:3.158,右节点损失:1.684,总损失:4.842
('----划分特征：', 415)
------划分值:0.000,左节点损失:0.000,右节点损失:6.303,总损失:6.303
------划分值:1.000,左节点损失:4.371,右节点损失:0.924,总损失:5.295
('----划分特征：', 416)
------划分值:0.000,左节点损失:0.000,右节点损失:6.303,总损失:6.303
------划分值:1.000,左节点损失:5.745,右节点损失:0.328,总损失:6.073
('----划分特征：', 417)
------划分值:0.000,左节点损失:0.000,右节点损失:6.303,总损失:6.303
------划分值:1.000,左节点损失:6.292,右节点损失:0.011,总损失:6.303
('----划分特征：', 418)
------划分值:0.000,左节点损失:0.000,右节点损失:6.303,总损失:6.303
('----划分特征：', 419)
------划分值:0.000,左节点损失:0.000,右节点损失:6.303,总损失:6.303
('----划分特征：', 420)
------划分值:0.000,左节点损失:0.000,右节点损失:6.303,总损失:6.303
('----划分特征：', 421)
------划分值:0.000,左节点损失:0.000,右节点损失:6.303,总损失:6.303
('----划分特征：', 422)
------划分值:0.000,左节点损失:0.000,右节点损失:6.303,总损失:6.303
------划分值:1.000,左节点损失:6.303,右节点损失:0.000,总损失:6.303
('----划分特征：', 423)
------划分值:0.000,左节点损失:0.000,右节点损失:6.303,总损失:6.303
------划分值:1.000,左节点损失:6.302,右节点损失:0.000,总损失:6.302
('----划分特征：', 424)
------划分值:0.000,左节点损失:0.000,右节点损失:6.303,总损失:6.303
------划分值:1.000,左节点损失:6.076,右节点损失:0.185,总损失:6.261
('----划分特征：', 425)
------划分值:0.000,左节点损失:0.000,右节点损失:6.303,总损失:6.303
------划分值:1.000,左节点损失:4.733,右节点损失:0.994,总损失:5.727
('----划分特征：', 426)
------划分值:0.000,左节点损失:0.000,右节点损失:6.303,总损失:6.303
------划分值:1.000,左节点损失:3.205,右节点损失:2.147,总损失:5.352
('----划分特征：', 427)
------划分值:0.000,左节点损失:0.000,右节点损失:6.303,总损失:6.303
------划分值:1.000,左节点损失:2.078,右节点损失:3.243,总损失:5.321
('----划分特征：', 428)
------划分值:0.000,左节点损失:0.000,右节点损失:6.303,总损失:6.303
------划分值:1.000,左节点损失:1.950,右节点损失:3.761,总损失:5.710
('----划分特征：', 429)
------划分值:0.000,左节点损失:0.000,右节点损失:6.303,总损失:6.303
------划分值:1.000,左节点损失:2.908,右节点损失:3.263,总损失:6.171
('----划分特征：', 430)
------划分值:0.000,左节点损失:0.000,右节点损失:6.303,总损失:6.303
------划分值:1.000,左节点损失:4.295,右节点损失:2.000,总损失:6.295
('----划分特征：', 431)
------划分值:0.000,左节点损失:0.000,右节点损失:6.303,总损失:6.303
------划分值:1.000,左节点损失:5.218,右节点损失:0.912,总损失:6.129
('----划分特征：', 432)
------划分值:0.000,左节点损失:0.000,右节点损失:6.303,总损失:6.303
------划分值:1.000,左节点损失:5.582,右节点损失:0.316,总损失:5.897
('----划分特征：', 433)
------划分值:0.000,左节点损失:0.000,右节点损失:6.303,总损失:6.303
------划分值:1.000,左节点损失:5.550,右节点损失:0.106,总损失:5.656
('----划分特征：', 434)
------划分值:0.000,左节点损失:0.000,右节点损失:6.303,总损失:6.303
------划分值:1.000,左节点损失:5.483,右节点损失:0.035,总损失:5.519
('----划分特征：', 435)
------划分值:1.000,左节点损失:5.383,右节点损失:0.047,总损失:5.430
------划分值:0.000,左节点损失:0.000,右节点损失:6.303,总损失:6.303
('----划分特征：', 436)
------划分值:1.000,左节点损失:5.388,右节点损失:0.188,总损失:5.576
------划分值:0.000,左节点损失:0.000,右节点损失:6.303,总损失:6.303
('----划分特征：', 437)
------划分值:1.000,左节点损失:5.049,右节点损失:0.875,总损失:5.924
------划分值:0.000,左节点损失:0.000,右节点损失:6.303,总损失:6.303
('----划分特征：', 438)
------划分值:1.000,左节点损失:4.437,右节点损失:1.818,总损失:6.255
------划分值:0.000,左节点损失:0.000,右节点损失:6.303,总损失:6.303
('----划分特征：', 439)
------划分值:0.000,左节点损失:0.000,右节点损失:6.303,总损失:6.303
------划分值:1.000,左节点损失:3.367,右节点损失:2.845,总损失:6.212
('----划分特征：', 440)
------划分值:0.000,左节点损失:0.000,右节点损失:6.303,总损失:6.303
------划分值:1.000,左节点损失:2.645,右节点损失:3.124,总损失:5.769
('----划分特征：', 441)
------划分值:0.000,左节点损失:0.000,右节点损失:6.303,总损失:6.303
------划分值:1.000,左节点损失:2.732,右节点损失:2.606,总损失:5.339
('----划分特征：', 442)
------划分值:0.000,左节点损失:0.000,右节点损失:6.303,总损失:6.303
------划分值:1.000,左节点损失:3.546,右节点损失:1.735,总损失:5.281
('----划分特征：', 443)
------划分值:0.000,左节点损失:0.000,右节点损失:6.303,总损失:6.303
------划分值:1.000,左节点损失:4.655,右节点损失:0.918,总损失:5.573
('----划分特征：', 444)
------划分值:0.000,左节点损失:0.000,右节点损失:6.303,总损失:6.303
------划分值:1.000,左节点损失:5.803,右节点损失:0.331,总损失:6.134
('----划分特征：', 445)
------划分值:0.000,左节点损失:0.000,右节点损失:6.303,总损失:6.303
------划分值:1.000,左节点损失:6.291,右节点损失:0.011,总损失:6.302
('----划分特征：', 446)
------划分值:0.000,左节点损失:0.000,右节点损失:6.303,总损失:6.303
------划分值:1.000,左节点损失:6.302,右节点损失:0.000,总损失:6.302
('----划分特征：', 447)
------划分值:0.000,左节点损失:0.000,右节点损失:6.303,总损失:6.303
('----划分特征：', 448)
------划分值:0.000,左节点损失:0.000,右节点损失:6.303,总损失:6.303
('----划分特征：', 449)
------划分值:0.000,左节点损失:0.000,右节点损失:6.303,总损失:6.303
('----划分特征：', 450)
------划分值:0.000,左节点损失:0.000,右节点损失:6.303,总损失:6.303
------划分值:1.000,左节点损失:6.302,右节点损失:0.000,总损失:6.302
('----划分特征：', 451)
------划分值:0.000,左节点损失:0.000,右节点损失:6.303,总损失:6.303
------划分值:1.000,左节点损失:6.301,右节点损失:0.000,总损失:6.301
('----划分特征：', 452)
------划分值:0.000,左节点损失:0.000,右节点损失:6.303,总损失:6.303
------划分值:1.000,左节点损失:5.967,右节点损失:0.268,总损失:6.235
('----划分特征：', 453)
------划分值:0.000,左节点损失:0.000,右节点损失:6.303,总损失:6.303
------划分值:1.000,左节点损失:4.437,右节点损失:1.199,总损失:5.636
('----划分特征：', 454)
------划分值:0.000,左节点损失:0.000,右节点损失:6.303,总损失:6.303
------划分值:1.000,左节点损失:2.938,右节点损失:2.327,总损失:5.266
('----划分特征：', 455)
------划分值:0.000,左节点损失:0.000,右节点损失:6.303,总损失:6.303
------划分值:1.000,左节点损失:1.936,右节点损失:3.305,总损失:5.241
('----划分特征：', 456)
------划分值:0.000,左节点损失:0.000,右节点损失:6.303,总损失:6.303
------划分值:1.000,左节点损失:2.146,右节点损失:3.588,总损失:5.734
('----划分特征：', 457)
------划分值:0.000,左节点损失:0.000,右节点损失:6.303,总损失:6.303
------划分值:1.000,左节点损失:3.415,右节点损失:2.812,总损失:6.227
('----划分特征：', 458)
------划分值:0.000,左节点损失:0.000,右节点损失:6.303,总损失:6.303
------划分值:1.000,左节点损失:4.874,右节点损失:1.384,总损失:6.258
('----划分特征：', 459)
------划分值:0.000,左节点损失:0.000,右节点损失:6.303,总损失:6.303
------划分值:1.000,左节点损失:5.538,右节点损失:0.532,总损失:6.069
('----划分特征：', 460)
------划分值:0.000,左节点损失:0.000,右节点损失:6.303,总损失:6.303
------划分值:1.000,左节点损失:5.671,右节点损失:0.234,总损失:5.906
('----划分特征：', 461)
------划分值:0.000,左节点损失:0.000,右节点损失:6.303,总损失:6.303
------划分值:1.000,左节点损失:5.676,右节点损失:0.059,总损失:5.735
('----划分特征：', 462)
------划分值:0.000,左节点损失:0.000,右节点损失:6.303,总损失:6.303
------划分值:1.000,左节点损失:5.552,右节点损失:0.047,总损失:5.599
('----划分特征：', 463)
------划分值:0.000,左节点损失:0.000,右节点损失:6.303,总损失:6.303
------划分值:1.000,左节点损失:5.479,右节点损失:0.129,总损失:5.608
('----划分特征：', 464)
------划分值:0.000,左节点损失:0.000,右节点损失:6.303,总损失:6.303
------划分值:1.000,左节点损失:5.313,右节点损失:0.489,总损失:5.803
('----划分特征：', 465)
------划分值:1.000,左节点损失:4.783,右节点损失:1.334,总损失:6.117
------划分值:0.000,左节点损失:0.000,右节点损失:6.303,总损失:6.303
('----划分特征：', 466)
------划分值:1.000,左节点损失:3.900,右节点损失:2.403,总损失:6.302
------划分值:0.000,左节点损失:0.000,右节点损失:6.303,总损失:6.303
('----划分特征：', 467)
------划分值:1.000,左节点损失:2.939,右节点损失:3.182,总损失:6.121
------划分值:0.000,左节点损失:0.000,右节点损失:6.303,总损失:6.303
('----划分特征：', 468)
------划分值:0.000,左节点损失:0.000,右节点损失:6.303,总损失:6.303
------划分值:1.000,左节点损失:2.538,右节点损失:3.207,总损失:5.745
('----划分特征：', 469)
------划分值:0.000,左节点损失:0.000,右节点损失:6.303,总损失:6.303
------划分值:1.000,左节点损失:2.998,右节点损失:2.505,总损失:5.503
('----划分特征：', 470)
------划分值:0.000,左节点损失:0.000,右节点损失:6.303,总损失:6.303
------划分值:1.000,左节点损失:3.846,右节点损失:1.690,总损失:5.536
('----划分特征：', 471)
------划分值:0.000,左节点损失:0.000,右节点损失:6.303,总损失:6.303
------划分值:1.000,左节点损失:4.925,右节点损失:0.886,总损失:5.812
('----划分特征：', 472)
------划分值:0.000,左节点损失:0.000,右节点损失:6.303,总损失:6.303
------划分值:1.000,左节点损失:5.947,右节点损失:0.290,总损失:6.237
('----划分特征：', 473)
------划分值:0.000,左节点损失:0.000,右节点损失:6.303,总损失:6.303
------划分值:1.000,左节点损失:6.301,右节点损失:0.000,总损失:6.301
('----划分特征：', 474)
------划分值:0.000,左节点损失:0.000,右节点损失:6.303,总损失:6.303
------划分值:1.000,左节点损失:6.302,右节点损失:0.000,总损失:6.302
('----划分特征：', 475)
------划分值:0.000,左节点损失:0.000,右节点损失:6.303,总损失:6.303
('----划分特征：', 476)
------划分值:0.000,左节点损失:0.000,右节点损失:6.303,总损失:6.303
('----划分特征：', 477)
------划分值:0.000,左节点损失:0.000,右节点损失:6.303,总损失:6.303
('----划分特征：', 478)
------划分值:0.000,左节点损失:0.000,右节点损失:6.303,总损失:6.303
------划分值:1.000,左节点损失:6.302,右节点损失:0.000,总损失:6.302
('----划分特征：', 479)
------划分值:0.000,左节点损失:0.000,右节点损失:6.303,总损失:6.303
------划分值:1.000,左节点损失:6.300,右节点损失:0.000,总损失:6.300
('----划分特征：', 480)
------划分值:0.000,左节点损失:0.000,右节点损失:6.303,总损失:6.303
------划分值:1.000,左节点损失:5.897,右节点损失:0.337,总损失:6.234
('----划分特征：', 481)
------划分值:0.000,左节点损失:0.000,右节点损失:6.303,总损失:6.303
------划分值:1.000,左节点损失:4.179,右节点损失:1.400,总损失:5.580
('----划分特征：', 482)
------划分值:0.000,左节点损失:0.000,右节点损失:6.303,总损失:6.303
------划分值:1.000,左节点损失:2.682,右节点损失:2.407,总损失:5.088
('----划分特征：', 483)
------划分值:0.000,左节点损失:0.000,右节点损失:6.303,总损失:6.303
------划分值:1.000,左节点损失:1.892,右节点损失:3.295,总损失:5.187
('----划分特征：', 484)
------划分值:0.000,左节点损失:0.000,右节点损失:6.303,总损失:6.303
------划分值:1.000,左节点损失:2.290,右节点损失:3.405,总损失:5.694
('----划分特征：', 485)
------划分值:0.000,左节点损失:0.000,右节点损失:6.303,总损失:6.303
------划分值:1.000,左节点损失:3.610,右节点损失:2.605,总损失:6.215
('----划分特征：', 486)
------划分值:0.000,左节点损失:0.000,右节点损失:6.303,总损失:6.303
------划分值:1.000,左节点损失:5.096,右节点损失:1.165,总损失:6.261
('----划分特征：', 487)
------划分值:0.000,左节点损失:0.000,右节点损失:6.303,总损失:6.303
------划分值:1.000,左节点损失:5.578,右节点损失:0.542,总损失:6.120
('----划分特征：', 488)
------划分值:0.000,左节点损失:0.000,右节点损失:6.303,总损失:6.303
------划分值:1.000,左节点损失:5.738,右节点损失:0.269,总损失:6.006
('----划分特征：', 489)
------划分值:0.000,左节点损失:0.000,右节点损失:6.303,总损失:6.303
------划分值:1.000,左节点损失:5.731,右节点损失:0.153,总损失:5.884
('----划分特征：', 490)
------划分值:0.000,左节点损失:0.000,右节点损失:6.303,总损失:6.303
------划分值:1.000,左节点损失:5.565,右节点损失:0.235,总损失:5.800
('----划分特征：', 491)
------划分值:0.000,左节点损失:0.000,右节点损失:6.303,总损失:6.303
------划分值:1.000,左节点损失:5.346,右节点损失:0.534,总损失:5.881
('----划分特征：', 492)
------划分值:0.000,左节点损失:0.000,右节点损失:6.303,总损失:6.303
------划分值:1.000,左节点损失:5.003,右节点损失:1.061,总损失:6.064
('----划分特征：', 493)
------划分值:1.000,左节点损失:4.205,右节点损失:2.067,总损失:6.271
------划分值:0.000,左节点损失:0.000,右节点损失:6.303,总损失:6.303
('----划分特征：', 494)
------划分值:1.000,左节点损失:3.152,右节点损失:3.092,总损失:6.244
------划分值:0.000,左节点损失:0.000,右节点损失:6.303,总损失:6.303
('----划分特征：', 495)
------划分值:1.000,左节点损失:2.599,右节点损失:3.402,总损失:6.001
------划分值:0.000,左节点损失:0.000,右节点损失:6.303,总损失:6.303
('----划分特征：', 496)
------划分值:0.000,左节点损失:0.000,右节点损失:6.303,总损失:6.303
------划分值:1.000,左节点损失:2.613,右节点损失:3.156,总损失:5.769
('----划分特征：', 497)
------划分值:0.000,左节点损失:0.000,右节点损失:6.303,总损失:6.303
------划分值:1.000,左节点损失:3.397,右节点损失:2.325,总损失:5.721
('----划分特征：', 498)
------划分值:0.000,左节点损失:0.000,右节点损失:6.303,总损失:6.303
------划分值:1.000,左节点损失:4.297,右节点损失:1.513,总损失:5.809
('----划分特征：', 499)
------划分值:0.000,左节点损失:0.000,右节点损失:6.303,总损失:6.303
------划分值:1.000,左节点损失:5.381,右节点损失:0.713,总损失:6.094
('----划分特征：', 500)
------划分值:0.000,左节点损失:0.000,右节点损失:6.303,总损失:6.303
------划分值:1.000,左节点损失:6.003,右节点损失:0.270,总损失:6.273
('----划分特征：', 501)
------划分值:0.000,左节点损失:0.000,右节点损失:6.303,总损失:6.303
------划分值:1.000,左节点损失:6.299,右节点损失:0.000,总损失:6.299
('----划分特征：', 502)
------划分值:0.000,左节点损失:0.000,右节点损失:6.303,总损失:6.303
------划分值:1.000,左节点损失:6.302,右节点损失:0.000,总损失:6.302
('----划分特征：', 503)
------划分值:0.000,左节点损失:0.000,右节点损失:6.303,总损失:6.303
('----划分特征：', 504)
------划分值:0.000,左节点损失:0.000,右节点损失:6.303,总损失:6.303
('----划分特征：', 505)
------划分值:0.000,左节点损失:0.000,右节点损失:6.303,总损失:6.303
('----划分特征：', 506)
------划分值:0.000,左节点损失:0.000,右节点损失:6.303,总损失:6.303
------划分值:1.000,左节点损失:6.302,右节点损失:0.000,总损失:6.302
('----划分特征：', 507)
------划分值:0.000,左节点损失:0.000,右节点损失:6.303,总损失:6.303
------划分值:1.000,左节点损失:6.298,右节点损失:0.000,总损失:6.298
('----划分特征：', 508)
------划分值:0.000,左节点损失:0.000,右节点损失:6.303,总损失:6.303
------划分值:1.000,左节点损失:5.794,右节点损失:0.453,总损失:6.247
('----划分特征：', 509)
------划分值:0.000,左节点损失:0.000,右节点损失:6.303,总损失:6.303
------划分值:1.000,左节点损失:4.360,右节点损失:1.433,总损失:5.793
('----划分特征：', 510)
------划分值:0.000,左节点损失:0.000,右节点损失:6.303,总损失:6.303
------划分值:1.000,左节点损失:2.680,右节点损失:2.520,总损失:5.200
('----划分特征：', 511)
------划分值:0.000,左节点损失:0.000,右节点损失:6.303,总损失:6.303
------划分值:1.000,左节点损失:1.760,右节点损失:3.327,总损失:5.087
('----划分特征：', 512)
------划分值:0.000,左节点损失:0.000,右节点损失:6.303,总损失:6.303
------划分值:1.000,左节点损失:2.238,右节点损失:3.332,总损失:5.570
('----划分特征：', 513)
------划分值:0.000,左节点损失:0.000,右节点损失:6.303,总损失:6.303
------划分值:1.000,左节点损失:3.570,右节点损失:2.597,总损失:6.166
('----划分特征：', 514)
------划分值:0.000,左节点损失:0.000,右节点损失:6.303,总损失:6.303
------划分值:1.000,左节点损失:4.845,右节点损失:1.447,总损失:6.292
('----划分特征：', 515)
------划分值:0.000,左节点损失:0.000,右节点损失:6.303,总损失:6.303
------划分值:1.000,左节点损失:5.494,右节点损失:0.685,总损失:6.178
('----划分特征：', 516)
------划分值:0.000,左节点损失:0.000,右节点损失:6.303,总损失:6.303
------划分值:1.000,左节点损失:5.638,右节点损失:0.463,总损失:6.101
('----划分特征：', 517)
------划分值:0.000,左节点损失:0.000,右节点损失:6.303,总损失:6.303
------划分值:1.000,左节点损失:5.585,右节点损失:0.419,总损失:6.004
('----划分特征：', 518)
------划分值:0.000,左节点损失:0.000,右节点损失:6.303,总损失:6.303
------划分值:1.000,左节点损失:5.346,右节点损失:0.636,总损失:5.982
('----划分特征：', 519)
------划分值:1.000,左节点损失:4.807,右节点损失:1.312,总损失:6.119
------划分值:0.000,左节点损失:0.000,右节点损失:6.303,总损失:6.303
('----划分特征：', 520)
------划分值:1.000,左节点损失:4.215,右节点损失:2.043,总损失:6.258
------划分值:0.000,左节点损失:0.000,右节点损失:6.303,总损失:6.303
('----划分特征：', 521)
------划分值:1.000,左节点损失:3.142,右节点损失:3.136,总损失:6.278
------划分值:0.000,左节点损失:0.000,右节点损失:6.303,总损失:6.303
('----划分特征：', 522)
------划分值:1.000,左节点损失:2.499,右节点损失:3.625,总损失:6.124
------划分值:0.000,左节点损失:0.000,右节点损失:6.303,总损失:6.303
('----划分特征：', 523)
------划分值:1.000,左节点损失:2.389,右节点损失:3.525,总损失:5.913
------划分值:0.000,左节点损失:0.000,右节点损失:6.303,总损失:6.303
('----划分特征：', 524)
------划分值:0.000,左节点损失:0.000,右节点损失:6.303,总损失:6.303
------划分值:1.000,左节点损失:3.163,右节点损失:2.752,总损失:5.916
('----划分特征：', 525)
------划分值:0.000,左节点损失:0.000,右节点损失:6.303,总损失:6.303
------划分值:1.000,左节点损失:3.996,右节点损失:1.966,总损失:5.962
('----划分特征：', 526)
------划分值:0.000,左节点损失:0.000,右节点损失:6.303,总损失:6.303
------划分值:1.000,左节点损失:4.981,右节点损失:1.131,总损失:6.112
('----划分特征：', 527)
------划分值:0.000,左节点损失:0.000,右节点损失:6.303,总损失:6.303
------划分值:1.000,左节点损失:5.772,右节点损失:0.480,总损失:6.252
('----划分特征：', 528)
------划分值:0.000,左节点损失:0.000,右节点损失:6.303,总损失:6.303
------划分值:1.000,左节点损失:6.189,右节点损失:0.113,总损失:6.302
('----划分特征：', 529)
------划分值:0.000,左节点损失:0.000,右节点损失:6.303,总损失:6.303
------划分值:1.000,左节点损失:6.300,右节点损失:0.000,总损失:6.300
('----划分特征：', 530)
------划分值:0.000,左节点损失:0.000,右节点损失:6.303,总损失:6.303
------划分值:1.000,左节点损失:6.303,右节点损失:0.000,总损失:6.303
('----划分特征：', 531)
------划分值:0.000,左节点损失:0.000,右节点损失:6.303,总损失:6.303
------划分值:1.000,左节点损失:6.303,右节点损失:0.000,总损失:6.303
('----划分特征：', 532)
------划分值:0.000,左节点损失:0.000,右节点损失:6.303,总损失:6.303
('----划分特征：', 533)
------划分值:0.000,左节点损失:0.000,右节点损失:6.303,总损失:6.303
('----划分特征：', 534)
------划分值:0.000,左节点损失:0.000,右节点损失:6.303,总损失:6.303
------划分值:1.000,左节点损失:6.302,右节点损失:0.000,总损失:6.302
('----划分特征：', 535)
------划分值:0.000,左节点损失:0.000,右节点损失:6.303,总损失:6.303
------划分值:1.000,左节点损失:6.276,右节点损失:0.023,总损失:6.299
('----划分特征：', 536)
------划分值:0.000,左节点损失:0.000,右节点损失:6.303,总损失:6.303
------划分值:1.000,左节点损失:5.828,右节点损失:0.447,总损失:6.275
('----划分特征：', 537)
------划分值:0.000,左节点损失:0.000,右节点损失:6.303,总损失:6.303
------划分值:1.000,左节点损失:4.406,右节点损失:1.519,总损失:5.924
('----划分特征：', 538)
------划分值:0.000,左节点损失:0.000,右节点损失:6.303,总损失:6.303
------划分值:1.000,左节点损失:2.880,右节点损失:2.597,总损失:5.478
('----划分特征：', 539)
------划分值:0.000,左节点损失:0.000,右节点损失:6.303,总损失:6.303
------划分值:1.000,左节点损失:1.781,右节点损失:3.427,总损失:5.208
('----划分特征：', 540)
------划分值:0.000,左节点损失:0.000,右节点损失:6.303,总损失:6.303
------划分值:1.000,左节点损失:2.009,右节点损失:3.544,总损失:5.552
('----划分特征：', 541)
------划分值:0.000,左节点损失:0.000,右节点损失:6.303,总损失:6.303
------划分值:1.000,左节点损失:3.021,右节点损失:3.050,总损失:6.072
('----划分特征：', 542)
------划分值:0.000,左节点损失:0.000,右节点损失:6.303,总损失:6.303
------划分值:1.000,左节点损失:4.139,右节点损失:2.158,总损失:6.296
('----划分特征：', 543)
------划分值:0.000,左节点损失:0.000,右节点损失:6.303,总损失:6.303
------划分值:1.000,左节点损失:4.781,右节点损失:1.494,总损失:6.275
('----划分特征：', 544)
------划分值:0.000,左节点损失:0.000,右节点损失:6.303,总损失:6.303
------划分值:1.000,左节点损失:4.952,右节点损失:1.265,总损失:6.217
('----划分特征：', 545)
------划分值:1.000,左节点损失:4.801,右节点损失:1.390,总损失:6.191
------划分值:0.000,左节点损失:0.000,右节点损失:6.303,总损失:6.303
('----划分特征：', 546)
------划分值:1.000,左节点损失:4.381,右节点损失:1.832,总损失:6.213
------划分值:0.000,左节点损失:0.000,右节点损失:6.303,总损失:6.303
('----划分特征：', 547)
------划分值:1.000,左节点损失:3.748,右节点损失:2.542,总损失:6.290
------划分值:0.000,左节点损失:0.000,右节点损失:6.303,总损失:6.303
('----划分特征：', 548)
------划分值:1.000,左节点损失:2.868,右节点损失:3.406,总损失:6.274
------划分值:0.000,左节点损失:0.000,右节点损失:6.303,总损失:6.303
('----划分特征：', 549)
------划分值:1.000,左节点损失:2.352,右节点损失:3.810,总损失:6.162
------划分值:0.000,左节点损失:0.000,右节点损失:6.303,总损失:6.303
('----划分特征：', 550)
------划分值:1.000,左节点损失:2.261,右节点损失:3.770,总损失:6.031
------划分值:0.000,左节点损失:0.000,右节点损失:6.303,总损失:6.303
('----划分特征：', 551)
------划分值:1.000,左节点损失:2.846,右节点损失:3.157,总损失:6.003
------划分值:0.000,左节点损失:0.000,右节点损失:6.303,总损失:6.303
('----划分特征：', 552)
------划分值:0.000,左节点损失:0.000,右节点损失:6.303,总损失:6.303
------划分值:1.000,左节点损失:3.827,右节点损失:2.251,总损失:6.078
('----划分特征：', 553)
------划分值:0.000,左节点损失:0.000,右节点损失:6.303,总损失:6.303
------划分值:1.000,左节点损失:4.627,右节点损失:1.504,总损失:6.130
('----划分特征：', 554)
------划分值:0.000,左节点损失:0.000,右节点损失:6.303,总损失:6.303
------划分值:1.000,左节点损失:5.555,右节点损失:0.701,总损失:6.256
('----划分特征：', 555)
------划分值:0.000,左节点损失:0.000,右节点损失:6.303,总损失:6.303
------划分值:1.000,左节点损失:5.987,右节点损失:0.305,总损失:6.292
('----划分特征：', 556)
------划分值:0.000,左节点损失:0.000,右节点损失:6.303,总损失:6.303
------划分值:1.000,左节点损失:6.258,右节点损失:0.044,总损失:6.302
('----划分特征：', 557)
------划分值:0.000,左节点损失:0.000,右节点损失:6.303,总损失:6.303
------划分值:1.000,左节点损失:6.301,右节点损失:0.000,总损失:6.301
('----划分特征：', 558)
------划分值:0.000,左节点损失:0.000,右节点损失:6.303,总损失:6.303
('----划分特征：', 559)
------划分值:0.000,左节点损失:0.000,右节点损失:6.303,总损失:6.303
('----划分特征：', 560)
------划分值:0.000,左节点损失:0.000,右节点损失:6.303,总损失:6.303
('----划分特征：', 561)
------划分值:0.000,左节点损失:0.000,右节点损失:6.303,总损失:6.303
('----划分特征：', 562)
------划分值:0.000,左节点损失:0.000,右节点损失:6.303,总损失:6.303
------划分值:1.000,左节点损失:6.301,右节点损失:0.000,总损失:6.301
('----划分特征：', 563)
------划分值:0.000,左节点损失:0.000,右节点损失:6.303,总损失:6.303
------划分值:1.000,左节点损失:6.285,右节点损失:0.012,总损失:6.297
('----划分特征：', 564)
------划分值:0.000,左节点损失:0.000,右节点损失:6.303,总损失:6.303
------划分值:1.000,左节点损失:5.914,右节点损失:0.380,总损失:6.294
('----划分特征：', 565)
------划分值:0.000,左节点损失:0.000,右节点损失:6.303,总损失:6.303
------划分值:1.000,左节点损失:4.994,右节点损失:1.175,总损失:6.169
('----划分特征：', 566)
------划分值:0.000,左节点损失:0.000,右节点损失:6.303,总损失:6.303
------划分值:1.000,左节点损失:3.425,右节点损失:2.386,总损失:5.811
('----划分特征：', 567)
------划分值:0.000,左节点损失:0.000,右节点损失:6.303,总损失:6.303
------划分值:1.000,左节点损失:2.119,右节点损失:3.397,总损失:5.516
('----划分特征：', 568)
------划分值:0.000,左节点损失:0.000,右节点损失:6.303,总损失:6.303
------划分值:1.000,左节点损失:1.787,右节点损失:3.794,总损失:5.582
('----划分特征：', 569)
------划分值:0.000,左节点损失:0.000,右节点损失:6.303,总损失:6.303
------划分值:1.000,左节点损失:1.989,右节点损失:3.861,总损失:5.850
('----划分特征：', 570)
------划分值:0.000,左节点损失:0.000,右节点损失:6.303,总损失:6.303
------划分值:1.000,左节点损失:2.762,右节点损失:3.393,总损失:6.155
('----划分特征：', 571)
------划分值:0.000,左节点损失:0.000,右节点损失:6.303,总损失:6.303
------划分值:1.000,左节点损失:3.512,右节点损失:2.777,总损失:6.289
('----划分特征：', 572)
------划分值:1.000,左节点损失:3.583,右节点损失:2.720,总损失:6.303
------划分值:0.000,左节点损失:0.000,右节点损失:6.303,总损失:6.303
('----划分特征：', 573)
------划分值:1.000,左节点损失:3.310,右节点损失:2.993,总损失:6.303
------划分值:0.000,左节点损失:0.000,右节点损失:6.303,总损失:6.303
('----划分特征：', 574)
------划分值:1.000,左节点损失:2.872,右节点损失:3.425,总损失:6.297
------划分值:0.000,左节点损失:0.000,右节点损失:6.303,总损失:6.303
('----划分特征：', 575)
------划分值:1.000,左节点损失:2.328,右节点损失:3.916,总损失:6.245
------划分值:0.000,左节点损失:0.000,右节点损失:6.303,总损失:6.303
('----划分特征：', 576)
------划分值:1.000,左节点损失:1.935,右节点损失:4.195,总损失:6.130
------划分值:0.000,左节点损失:0.000,右节点损失:6.303,总损失:6.303
('----划分特征：', 577)
------划分值:1.000,左节点损失:2.010,右节点损失:4.025,总损失:6.036
------划分值:0.000,左节点损失:0.000,右节点损失:6.303,总损失:6.303
('----划分特征：', 578)
------划分值:0.000,左节点损失:0.000,右节点损失:6.303,总损失:6.303
------划分值:1.000,左节点损失:2.784,右节点损失:3.296,总损失:6.080
('----划分特征：', 579)
------划分值:0.000,左节点损失:0.000,右节点损失:6.303,总损失:6.303
------划分值:1.000,左节点损失:3.802,右节点损失:2.369,总损失:6.170
('----划分特征：', 580)
------划分值:0.000,左节点损失:0.000,右节点损失:6.303,总损失:6.303
------划分值:1.000,左节点损失:4.603,右节点损失:1.601,总损失:6.204
('----划分特征：', 581)
------划分值:0.000,左节点损失:0.000,右节点损失:6.303,总损失:6.303
------划分值:1.000,左节点损失:5.386,右节点损失:0.879,总损失:6.266
('----划分特征：', 582)
------划分值:0.000,左节点损失:0.000,右节点损失:6.303,总损失:6.303
------划分值:1.000,左节点损失:5.901,右节点损失:0.395,总损失:6.296
('----划分特征：', 583)
------划分值:0.000,左节点损失:0.000,右节点损失:6.303,总损失:6.303
------划分值:1.000,左节点损失:6.175,右节点损失:0.128,总损失:6.303
('----划分特征：', 584)
------划分值:0.000,左节点损失:0.000,右节点损失:6.303,总损失:6.303
------划分值:1.000,左节点损失:6.278,右节点损失:0.023,总损失:6.300
('----划分特征：', 585)
------划分值:0.000,左节点损失:0.000,右节点损失:6.303,总损失:6.303
------划分值:1.000,左节点损失:6.302,右节点损失:0.000,总损失:6.302
('----划分特征：', 586)
------划分值:0.000,左节点损失:0.000,右节点损失:6.303,总损失:6.303
------划分值:1.000,左节点损失:6.293,右节点损失:0.008,总损失:6.301
('----划分特征：', 587)
------划分值:0.000,左节点损失:0.000,右节点损失:6.303,总损失:6.303
('----划分特征：', 588)
------划分值:0.000,左节点损失:0.000,右节点损失:6.303,总损失:6.303
('----划分特征：', 589)
------划分值:0.000,左节点损失:0.000,右节点损失:6.303,总损失:6.303
('----划分特征：', 590)
------划分值:0.000,左节点损失:0.000,右节点损失:6.303,总损失:6.303
------划分值:1.000,左节点损失:6.302,右节点损失:0.000,总损失:6.302
('----划分特征：', 591)
------划分值:0.000,左节点损失:0.000,右节点损失:6.303,总损失:6.303
------划分值:1.000,左节点损失:6.287,右节点损失:0.012,总损失:6.298
('----划分特征：', 592)
------划分值:0.000,左节点损失:0.000,右节点损失:6.303,总损失:6.303
------划分值:1.000,左节点损失:6.064,右节点损失:0.238,总损失:6.301
('----划分特征：', 593)
------划分值:0.000,左节点损失:0.000,右节点损失:6.303,总损失:6.303
------划分值:1.000,左节点损失:5.373,右节点损失:0.871,总损失:6.243
('----划分特征：', 594)
------划分值:0.000,左节点损失:0.000,右节点损失:6.303,总损失:6.303
------划分值:1.000,左节点损失:4.256,右节点损失:1.837,总损失:6.093
('----划分特征：', 595)
------划分值:0.000,左节点损失:0.000,右节点损失:6.303,总损失:6.303
------划分值:1.000,左节点损失:2.814,右节点损失:3.026,总损失:5.840
('----划分特征：', 596)
------划分值:0.000,左节点损失:0.000,右节点损失:6.303,总损失:6.303
------划分值:1.000,左节点损失:1.862,右节点损失:3.834,总损失:5.696
('----划分特征：', 597)
------划分值:0.000,左节点损失:0.000,右节点损失:6.303,总损失:6.303
------划分值:1.000,左节点损失:1.295,右节点损失:4.419,总损失:5.714
('----划分特征：', 598)
------划分值:1.000,左节点损失:1.303,右节点损失:4.562,总损失:5.865
------划分值:0.000,左节点损失:0.000,右节点损失:6.303,总损失:6.303
('----划分特征：', 599)
------划分值:1.000,左节点损失:1.603,右节点损失:4.458,总损失:6.061
------划分值:0.000,左节点损失:0.000,右节点损失:6.303,总损失:6.303
('----划分特征：', 600)
------划分值:1.000,左节点损失:1.831,右节点损失:4.337,总损失:6.168
------划分值:0.000,左节点损失:0.000,右节点损失:6.303,总损失:6.303
('----划分特征：', 601)
------划分值:1.000,左节点损失:1.773,右节点损失:4.414,总损失:6.187
------划分值:0.000,左节点损失:0.000,右节点损失:6.303,总损失:6.303
('----划分特征：', 602)
------划分值:1.000,左节点损失:1.669,右节点损失:4.493,总损失:6.161
------划分值:0.000,左节点损失:0.000,右节点损失:6.303,总损失:6.303
('----划分特征：', 603)
------划分值:1.000,左节点损失:1.568,右节点损失:4.515,总损失:6.083
------划分值:0.000,左节点损失:0.000,右节点损失:6.303,总损失:6.303
('----划分特征：', 604)
------划分值:0.000,左节点损失:0.000,右节点损失:6.303,总损失:6.303
------划分值:1.000,左节点损失:1.837,右节点损失:4.185,总损失:6.022
('----划分特征：', 605)
------划分值:0.000,左节点损失:0.000,右节点损失:6.303,总损失:6.303
------划分值:1.000,左节点损失:2.781,右节点损失:3.321,总损失:6.102
('----划分特征：', 606)
------划分值:0.000,左节点损失:0.000,右节点损失:6.303,总损失:6.303
------划分值:1.000,左节点损失:3.776,右节点损失:2.413,总损失:6.189
('----划分特征：', 607)
------划分值:0.000,左节点损失:0.000,右节点损失:6.303,总损失:6.303
------划分值:1.000,左节点损失:4.643,右节点损失:1.602,总损失:6.245
('----划分特征：', 608)
------划分值:0.000,左节点损失:0.000,右节点损失:6.303,总损失:6.303
------划分值:1.000,左节点损失:5.329,右节点损失:0.949,总损失:6.278
('----划分特征：', 609)
------划分值:0.000,左节点损失:0.000,右节点损失:6.303,总损失:6.303
------划分值:1.000,左节点损失:5.827,右节点损失:0.471,总损失:6.298
('----划分特征：', 610)
------划分值:0.000,左节点损失:0.000,右节点损失:6.303,总损失:6.303
------划分值:1.000,左节点损失:6.159,右节点损失:0.142,总损失:6.301
('----划分特征：', 611)
------划分值:0.000,左节点损失:0.000,右节点损失:6.303,总损失:6.303
------划分值:1.000,左节点损失:6.266,右节点损失:0.034,总损失:6.300
('----划分特征：', 612)
------划分值:0.000,左节点损失:0.000,右节点损失:6.303,总损失:6.303
------划分值:1.000,左节点损失:6.289,右节点损失:0.011,总损失:6.301
('----划分特征：', 613)
------划分值:0.000,左节点损失:0.000,右节点损失:6.303,总损失:6.303
------划分值:1.000,左节点损失:6.302,右节点损失:0.000,总损失:6.302
('----划分特征：', 614)
------划分值:0.000,左节点损失:0.000,右节点损失:6.303,总损失:6.303
------划分值:1.000,左节点损失:6.293,右节点损失:0.006,总损失:6.299
('----划分特征：', 615)
------划分值:0.000,左节点损失:0.000,右节点损失:6.303,总损失:6.303
('----划分特征：', 616)
------划分值:0.000,左节点损失:0.000,右节点损失:6.303,总损失:6.303
('----划分特征：', 617)
------划分值:0.000,左节点损失:0.000,右节点损失:6.303,总损失:6.303
('----划分特征：', 618)
------划分值:0.000,左节点损失:0.000,右节点损失:6.303,总损失:6.303
------划分值:1.000,左节点损失:6.302,右节点损失:0.000,总损失:6.302
('----划分特征：', 619)
------划分值:0.000,左节点损失:0.000,右节点损失:6.303,总损失:6.303
------划分值:1.000,左节点损失:6.290,右节点损失:0.011,总损失:6.302
('----划分特征：', 620)
------划分值:0.000,左节点损失:0.000,右节点损失:6.303,总损失:6.303
------划分值:1.000,左节点损失:6.235,右节点损失:0.066,总损失:6.302
('----划分特征：', 621)
------划分值:0.000,左节点损失:0.000,右节点损失:6.303,总损失:6.303
------划分值:1.000,左节点损失:5.786,右节点损失:0.491,总损失:6.277
('----划分特征：', 622)
------划分值:0.000,左节点损失:0.000,右节点损失:6.303,总损失:6.303
------划分值:1.000,左节点损失:5.060,右节点损失:1.149,总损失:6.209
('----划分特征：', 623)
------划分值:1.000,左节点损失:3.963,右节点损失:2.120,总损失:6.083
------划分值:0.000,左节点损失:0.000,右节点损失:6.303,总损失:6.303
('----划分特征：', 624)
------划分值:1.000,左节点损失:2.902,右节点损失:3.073,总损失:5.975
------划分值:0.000,左节点损失:0.000,右节点损失:6.303,总损失:6.303
('----划分特征：', 625)
------划分值:1.000,左节点损失:1.846,右节点损失:3.996,总损失:5.842
------划分值:0.000,左节点损失:0.000,右节点损失:6.303,总损失:6.303
('----划分特征：', 626)
------划分值:1.000,左节点损失:1.147,右节点损失:4.669,总损失:5.817
------划分值:0.000,左节点损失:0.000,右节点损失:6.303,总损失:6.303
('----划分特征：', 627)
------划分值:1.000,左节点损失:1.011,右节点损失:4.890,总损失:5.901
------划分值:0.000,左节点损失:0.000,右节点损失:6.303,总损失:6.303
('----划分特征：', 628)
------划分值:1.000,左节点损失:1.020,右节点损失:4.939,总损失:5.959
------划分值:0.000,左节点损失:0.000,右节点损失:6.303,总损失:6.303
('----划分特征：', 629)
------划分值:1.000,左节点损失:1.241,右节点损失:4.773,总损失:6.014
------划分值:0.000,左节点损失:0.000,右节点损失:6.303,总损失:6.303
('----划分特征：', 630)
------划分值:0.000,左节点损失:0.000,右节点损失:6.303,总损失:6.303
------划分值:1.000,左节点损失:1.495,右节点损失:4.532,总损失:6.028
('----划分特征：', 631)
------划分值:0.000,左节点损失:0.000,右节点损失:6.303,总损失:6.303
------划分值:1.000,左节点损失:2.242,右节点损失:3.860,总损失:6.103
('----划分特征：', 632)
------划分值:0.000,左节点损失:0.000,右节点损失:6.303,总损失:6.303
------划分值:1.000,左节点损失:3.184,右节点损失:2.996,总损失:6.180
('----划分特征：', 633)
------划分值:0.000,左节点损失:0.000,右节点损失:6.303,总损失:6.303
------划分值:1.000,左节点损失:4.219,右节点损失:2.032,总损失:6.251
('----划分特征：', 634)
------划分值:0.000,左节点损失:0.000,右节点损失:6.303,总损失:6.303
------划分值:1.000,左节点损失:4.917,右节点损失:1.364,总损失:6.282
('----划分特征：', 635)
------划分值:0.000,左节点损失:0.000,右节点损失:6.303,总损失:6.303
------划分值:1.000,左节点损失:5.500,右节点损失:0.797,总损失:6.298
('----划分特征：', 636)
------划分值:0.000,左节点损失:0.000,右节点损失:6.303,总损失:6.303
------划分值:1.000,左节点损失:5.890,右节点损失:0.412,总损失:6.303
('----划分特征：', 637)
------划分值:0.000,左节点损失:0.000,右节点损失:6.303,总损失:6.303
------划分值:1.000,左节点损失:6.156,右节点损失:0.144,总损失:6.300
('----划分特征：', 638)
------划分值:0.000,左节点损失:0.000,右节点损失:6.303,总损失:6.303
------划分值:1.000,左节点损失:6.243,右节点损失:0.056,总损失:6.300
('----划分特征：', 639)
------划分值:0.000,左节点损失:0.000,右节点损失:6.303,总损失:6.303
------划分值:1.000,左节点损失:6.289,右节点损失:0.012,总损失:6.300
('----划分特征：', 640)
------划分值:0.000,左节点损失:0.000,右节点损失:6.303,总损失:6.303
------划分值:1.000,左节点损失:6.301,右节点损失:0.000,总损失:6.301
('----划分特征：', 641)
------划分值:0.000,左节点损失:0.000,右节点损失:6.303,总损失:6.303
------划分值:1.000,左节点损失:6.302,右节点损失:0.000,总损失:6.302
('----划分特征：', 642)
------划分值:0.000,左节点损失:0.000,右节点损失:6.303,总损失:6.303
------划分值:1.000,左节点损失:6.293,右节点损失:0.000,总损失:6.293
('----划分特征：', 643)
------划分值:0.000,左节点损失:0.000,右节点损失:6.303,总损失:6.303
('----划分特征：', 644)
------划分值:0.000,左节点损失:0.000,右节点损失:6.303,总损失:6.303
('----划分特征：', 645)
------划分值:0.000,左节点损失:0.000,右节点损失:6.303,总损失:6.303
('----划分特征：', 646)
------划分值:0.000,左节点损失:0.000,右节点损失:6.303,总损失:6.303
------划分值:1.000,左节点损失:6.303,右节点损失:0.000,总损失:6.303
('----划分特征：', 647)
------划分值:0.000,左节点损失:0.000,右节点损失:6.303,总损失:6.303
------划分值:1.000,左节点损失:6.302,右节点损失:0.000,总损失:6.302
('----划分特征：', 648)
------划分值:0.000,左节点损失:0.000,右节点损失:6.303,总损失:6.303
------划分值:1.000,左节点损失:6.280,右节点损失:0.022,总损失:6.302
('----划分特征：', 649)
------划分值:1.000,左节点损失:6.157,右节点损失:0.146,总损失:6.302
------划分值:0.000,左节点损失:0.000,右节点损失:6.303,总损失:6.303
('----划分特征：', 650)
------划分值:1.000,左节点损失:5.920,右节点损失:0.379,总损失:6.299
------划分值:0.000,左节点损失:0.000,右节点损失:6.303,总损失:6.303
('----划分特征：', 651)
------划分值:1.000,左节点损失:5.469,右节点损失:0.818,总损失:6.287
------划分值:0.000,左节点损失:0.000,右节点损失:6.303,总损失:6.303
('----划分特征：', 652)
------划分值:1.000,左节点损失:4.692,右节点损失:1.562,总损失:6.253
------划分值:0.000,左节点损失:0.000,右节点损失:6.303,总损失:6.303
('----划分特征：', 653)
------划分值:1.000,左节点损失:3.763,右节点损失:2.436,总损失:6.199
------划分值:0.000,左节点损失:0.000,右节点损失:6.303,总损失:6.303
('----划分特征：', 654)
------划分值:1.000,左节点损失:3.130,右节点损失:3.055,总损失:6.185
------划分值:0.000,左节点损失:0.000,右节点损失:6.303,总损失:6.303
('----划分特征：', 655)
------划分值:1.000,左节点损失:2.507,右节点损失:3.628,总损失:6.135
------划分值:0.000,左节点损失:0.000,右节点损失:6.303,总损失:6.303
('----划分特征：', 656)
------划分值:1.000,左节点损失:2.452,右节点损失:3.690,总损失:6.143
------划分值:0.000,左节点损失:0.000,右节点损失:6.303,总损失:6.303
('----划分特征：', 657)
------划分值:0.000,左节点损失:0.000,右节点损失:6.303,总损失:6.303
------划分值:1.000,左节点损失:2.849,右节点损失:3.349,总损失:6.197
('----划分特征：', 658)
------划分值:0.000,左节点损失:0.000,右节点损失:6.303,总损失:6.303
------划分值:1.000,左节点损失:3.558,右节点损失:2.704,总损失:6.262
('----划分特征：', 659)
------划分值:0.000,左节点损失:0.000,右节点损失:6.303,总损失:6.303
------划分值:1.000,左节点损失:4.308,右节点损失:1.982,总损失:6.290
('----划分特征：', 660)
------划分值:0.000,左节点损失:0.000,右节点损失:6.303,总损失:6.303
------划分值:1.000,左节点损失:5.127,右节点损失:1.176,总损失:6.303
('----划分特征：', 661)
------划分值:0.000,左节点损失:0.000,右节点损失:6.303,总损失:6.303
------划分值:1.000,左节点损失:5.508,右节点损失:0.794,总损失:6.302
('----划分特征：', 662)
------划分值:0.000,左节点损失:0.000,右节点损失:6.303,总损失:6.303
------划分值:1.000,左节点损失:5.825,右节点损失:0.476,总损失:6.301
('----划分特征：', 663)
------划分值:0.000,左节点损失:0.000,右节点损失:6.303,总损失:6.303
------划分值:1.000,左节点损失:6.132,右节点损失:0.158,总损失:6.290
('----划分特征：', 664)
------划分值:0.000,左节点损失:0.000,右节点损失:6.303,总损失:6.303
------划分值:1.000,左节点损失:6.214,右节点损失:0.080,总损失:6.294
('----划分特征：', 665)
------划分值:0.000,左节点损失:0.000,右节点损失:6.303,总损失:6.303
------划分值:1.000,左节点损失:6.271,右节点损失:0.023,总损失:6.294
('----划分特征：', 666)
------划分值:0.000,左节点损失:0.000,右节点损失:6.303,总损失:6.303
------划分值:1.000,左节点损失:6.287,右节点损失:0.012,总损失:6.299
('----划分特征：', 667)
------划分值:0.000,左节点损失:0.000,右节点损失:6.303,总损失:6.303
------划分值:1.000,左节点损失:6.300,右节点损失:0.000,总损失:6.300
('----划分特征：', 668)
------划分值:0.000,左节点损失:0.000,右节点损失:6.303,总损失:6.303
------划分值:1.000,左节点损失:6.302,右节点损失:0.000,总损失:6.302
('----划分特征：', 669)
------划分值:0.000,左节点损失:0.000,右节点损失:6.303,总损失:6.303
('----划分特征：', 670)
------划分值:0.000,左节点损失:0.000,右节点损失:6.303,总损失:6.303
('----划分特征：', 671)
------划分值:0.000,左节点损失:0.000,右节点损失:6.303,总损失:6.303
('----划分特征：', 672)
------划分值:0.000,左节点损失:0.000,右节点损失:6.303,总损失:6.303
('----划分特征：', 673)
------划分值:0.000,左节点损失:0.000,右节点损失:6.303,总损失:6.303
('----划分特征：', 674)
------划分值:0.000,左节点损失:0.000,右节点损失:6.303,总损失:6.303
('----划分特征：', 675)
------划分值:0.000,左节点损失:0.000,右节点损失:6.303,总损失:6.303
------划分值:1.000,左节点损失:6.302,右节点损失:0.000,总损失:6.302
('----划分特征：', 676)
------划分值:1.000,左节点损失:6.291,右节点损失:0.011,总损失:6.302
------划分值:0.000,左节点损失:0.000,右节点损失:6.303,总损失:6.303
('----划分特征：', 677)
------划分值:1.000,左节点损失:6.279,右节点损失:0.022,总损失:6.302
------划分值:0.000,左节点损失:0.000,右节点损失:6.303,总损失:6.303
('----划分特征：', 678)
------划分值:1.000,左节点损失:6.262,右节点损失:0.034,总损失:6.297
------划分值:0.000,左节点损失:0.000,右节点损失:6.303,总损失:6.303
('----划分特征：', 679)
------划分值:1.000,左节点损失:6.201,右节点损失:0.091,总损失:6.292
------划分值:0.000,左节点损失:0.000,右节点损失:6.303,总损失:6.303
('----划分特征：', 680)
------划分值:1.000,左节点损失:6.091,右节点损失:0.193,总损失:6.284
------划分值:0.000,左节点损失:0.000,右节点损失:6.303,总损失:6.303
('----划分特征：', 681)
------划分值:1.000,左节点损失:5.898,右节点损失:0.382,总损失:6.280
------划分值:0.000,左节点损失:0.000,右节点损失:6.303,总损失:6.303
('----划分特征：', 682)
------划分值:1.000,左节点损失:5.622,右节点损失:0.664,总损失:6.286
------划分值:0.000,左节点损失:0.000,右节点损失:6.303,总损失:6.303
('----划分特征：', 683)
------划分值:0.000,左节点损失:0.000,右节点损失:6.303,总损失:6.303
------划分值:1.000,左节点损失:5.454,右节点损失:0.835,总损失:6.289
('----划分特征：', 684)
------划分值:0.000,左节点损失:0.000,右节点损失:6.303,总损失:6.303
------划分值:1.000,左节点损失:5.348,右节点损失:0.948,总损失:6.296
('----划分特征：', 685)
------划分值:0.000,左节点损失:0.000,右节点损失:6.303,总损失:6.303
------划分值:1.000,左节点损失:5.417,右节点损失:0.876,总损失:6.292
('----划分特征：', 686)
------划分值:0.000,左节点损失:0.000,右节点损失:6.303,总损失:6.303
------划分值:1.000,左节点损失:5.620,右节点损失:0.665,总损失:6.285
('----划分特征：', 687)
------划分值:0.000,左节点损失:0.000,右节点损失:6.303,总损失:6.303
------划分值:1.000,左节点损失:5.836,右节点损失:0.447,总损失:6.283
('----划分特征：', 688)
------划分值:0.000,左节点损失:0.000,右节点损失:6.303,总损失:6.303
------划分值:1.000,左节点损失:6.030,右节点损失:0.249,总损失:6.280
('----划分特征：', 689)
------划分值:0.000,左节点损失:0.000,右节点损失:6.303,总损失:6.303
------划分值:1.000,左节点损失:6.155,右节点损失:0.126,总损失:6.281
('----划分特征：', 690)
------划分值:0.000,左节点损失:0.000,右节点损失:6.303,总损失:6.303
------划分值:1.000,左节点损失:6.225,右节点损失:0.058,总损失:6.283
('----划分特征：', 691)
------划分值:0.000,左节点损失:0.000,右节点损失:6.303,总损失:6.303
------划分值:1.000,左节点损失:6.264,右节点损失:0.023,总损失:6.287
('----划分特征：', 692)
------划分值:0.000,左节点损失:0.000,右节点损失:6.303,总损失:6.303
------划分值:1.000,左节点损失:6.271,右节点损失:0.023,总损失:6.294
('----划分特征：', 693)
------划分值:0.000,左节点损失:0.000,右节点损失:6.303,总损失:6.303
------划分值:1.000,左节点损失:6.287,右节点损失:0.012,总损失:6.299
('----划分特征：', 694)
------划分值:0.000,左节点损失:0.000,右节点损失:6.303,总损失:6.303
------划分值:1.000,左节点损失:6.299,右节点损失:0.000,总损失:6.299
('----划分特征：', 695)
------划分值:0.000,左节点损失:0.000,右节点损失:6.303,总损失:6.303
------划分值:1.000,左节点损失:6.302,右节点损失:0.000,总损失:6.302
('----划分特征：', 696)
------划分值:0.000,左节点损失:0.000,右节点损失:6.303,总损失:6.303
------划分值:1.000,左节点损失:6.303,右节点损失:0.000,总损失:6.303
('----划分特征：', 697)
------划分值:0.000,左节点损失:0.000,右节点损失:6.303,总损失:6.303
('----划分特征：', 698)
------划分值:0.000,左节点损失:0.000,右节点损失:6.303,总损失:6.303
('----划分特征：', 699)
------划分值:0.000,左节点损失:0.000,右节点损失:6.303,总损失:6.303
('----划分特征：', 700)
------划分值:0.000,左节点损失:0.000,右节点损失:6.303,总损失:6.303
('----划分特征：', 701)
------划分值:0.000,左节点损失:0.000,右节点损失:6.303,总损失:6.303
('----划分特征：', 702)
------划分值:0.000,左节点损失:0.000,右节点损失:6.303,总损失:6.303
('----划分特征：', 703)
------划分值:0.000,左节点损失:0.000,右节点损失:6.303,总损失:6.303
('----划分特征：', 704)
------划分值:0.000,左节点损失:0.000,右节点损失:6.303,总损失:6.303
------划分值:1.000,左节点损失:6.302,右节点损失:0.000,总损失:6.302
('----划分特征：', 705)
------划分值:0.000,左节点损失:0.000,右节点损失:6.303,总损失:6.303
------划分值:1.000,左节点损失:6.301,右节点损失:0.000,总损失:6.301
('----划分特征：', 706)
------划分值:0.000,左节点损失:0.000,右节点损失:6.303,总损失:6.303
------划分值:1.000,左节点损失:6.298,右节点损失:0.000,总损失:6.298
('----划分特征：', 707)
------划分值:0.000,左节点损失:0.000,右节点损失:6.303,总损失:6.303
------划分值:1.000,左节点损失:6.292,右节点损失:0.000,总损失:6.292
('----划分特征：', 708)
------划分值:0.000,左节点损失:0.000,右节点损失:6.303,总损失:6.303
------划分值:1.000,左节点损失:6.280,右节点损失:0.000,总损失:6.280
('----划分特征：', 709)
------划分值:0.000,左节点损失:0.000,右节点损失:6.303,总损失:6.303
------划分值:1.000,左节点损失:6.267,右节点损失:0.000,总损失:6.267
('----划分特征：', 710)
------划分值:0.000,左节点损失:0.000,右节点损失:6.303,总损失:6.303
------划分值:1.000,左节点损失:6.247,右节点损失:0.012,总损失:6.259
('----划分特征：', 711)
------划分值:0.000,左节点损失:0.000,右节点损失:6.303,总损失:6.303
------划分值:1.000,左节点损失:6.236,右节点损失:0.024,总损失:6.259
('----划分特征：', 712)
------划分值:0.000,左节点损失:0.000,右节点损失:6.303,总损失:6.303
------划分值:1.000,左节点损失:6.238,右节点损失:0.023,总损失:6.262
('----划分特征：', 713)
------划分值:0.000,左节点损失:0.000,右节点损失:6.303,总损失:6.303
------划分值:1.000,左节点损失:6.231,右节点损失:0.035,总损失:6.266
('----划分特征：', 714)
------划分值:0.000,左节点损失:0.000,右节点损失:6.303,总损失:6.303
------划分值:1.000,左节点损失:6.245,右节点损失:0.023,总损失:6.269
('----划分特征：', 715)
------划分值:0.000,左节点损失:0.000,右节点损失:6.303,总损失:6.303
------划分值:1.000,左节点损失:6.261,右节点损失:0.012,总损失:6.272
('----划分特征：', 716)
------划分值:0.000,左节点损失:0.000,右节点损失:6.303,总损失:6.303
------划分值:1.000,左节点损失:6.275,右节点损失:0.000,总损失:6.275
('----划分特征：', 717)
------划分值:0.000,左节点损失:0.000,右节点损失:6.303,总损失:6.303
------划分值:1.000,左节点损失:6.284,右节点损失:0.000,总损失:6.284
('----划分特征：', 718)
------划分值:0.000,左节点损失:0.000,右节点损失:6.303,总损失:6.303
------划分值:1.000,左节点损失:6.290,右节点损失:0.000,总损失:6.290
('----划分特征：', 719)
------划分值:0.000,左节点损失:0.000,右节点损失:6.303,总损失:6.303
------划分值:1.000,左节点损失:6.295,右节点损失:0.000,总损失:6.295
('----划分特征：', 720)
------划分值:0.000,左节点损失:0.000,右节点损失:6.303,总损失:6.303
------划分值:1.000,左节点损失:6.297,右节点损失:0.000,总损失:6.297
('----划分特征：', 721)
------划分值:0.000,左节点损失:0.000,右节点损失:6.303,总损失:6.303
------划分值:1.000,左节点损失:6.299,右节点损失:0.000,总损失:6.299
('----划分特征：', 722)
------划分值:0.000,左节点损失:0.000,右节点损失:6.303,总损失:6.303
------划分值:1.000,左节点损失:6.301,右节点损失:0.000,总损失:6.301
('----划分特征：', 723)
------划分值:0.000,左节点损失:0.000,右节点损失:6.303,总损失:6.303
------划分值:1.000,左节点损失:6.302,右节点损失:0.000,总损失:6.302
('----划分特征：', 724)
------划分值:0.000,左节点损失:0.000,右节点损失:6.303,总损失:6.303
('----划分特征：', 725)
------划分值:0.000,左节点损失:0.000,右节点损失:6.303,总损失:6.303
('----划分特征：', 726)
------划分值:0.000,左节点损失:0.000,右节点损失:6.303,总损失:6.303
('----划分特征：', 727)
------划分值:0.000,左节点损失:0.000,右节点损失:6.303,总损失:6.303
('----划分特征：', 728)
------划分值:0.000,左节点损失:0.000,右节点损失:6.303,总损失:6.303
('----划分特征：', 729)
------划分值:0.000,左节点损失:0.000,右节点损失:6.303,总损失:6.303
('----划分特征：', 730)
------划分值:0.000,左节点损失:0.000,右节点损失:6.303,总损失:6.303
('----划分特征：', 731)
------划分值:0.000,左节点损失:0.000,右节点损失:6.303,总损失:6.303
('----划分特征：', 732)
------划分值:0.000,左节点损失:0.000,右节点损失:6.303,总损失:6.303
------划分值:1.000,左节点损失:6.303,右节点损失:0.000,总损失:6.303
('----划分特征：', 733)
------划分值:0.000,左节点损失:0.000,右节点损失:6.303,总损失:6.303
------划分值:1.000,左节点损失:6.302,右节点损失:0.000,总损失:6.302
('----划分特征：', 734)
------划分值:0.000,左节点损失:0.000,右节点损失:6.303,总损失:6.303
------划分值:1.000,左节点损失:6.300,右节点损失:0.000,总损失:6.300
('----划分特征：', 735)
------划分值:0.000,左节点损失:0.000,右节点损失:6.303,总损失:6.303
------划分值:1.000,左节点损失:6.298,右节点损失:0.000,总损失:6.298
('----划分特征：', 736)
------划分值:0.000,左节点损失:0.000,右节点损失:6.303,总损失:6.303
------划分值:1.000,左节点损失:6.292,右节点损失:0.000,总损失:6.292
('----划分特征：', 737)
------划分值:0.000,左节点损失:0.000,右节点损失:6.303,总损失:6.303
------划分值:1.000,左节点损失:6.289,右节点损失:0.000,总损失:6.289
('----划分特征：', 738)
------划分值:0.000,左节点损失:0.000,右节点损失:6.303,总损失:6.303
------划分值:1.000,左节点损失:6.286,右节点损失:0.000,总损失:6.286
('----划分特征：', 739)
------划分值:0.000,左节点损失:0.000,右节点损失:6.303,总损失:6.303
------划分值:1.000,左节点损失:6.286,右节点损失:0.000,总损失:6.286
('----划分特征：', 740)
------划分值:0.000,左节点损失:0.000,右节点损失:6.303,总损失:6.303
------划分值:1.000,左节点损失:6.288,右节点损失:0.000,总损失:6.288
('----划分特征：', 741)
------划分值:0.000,左节点损失:0.000,右节点损失:6.303,总损失:6.303
------划分值:1.000,左节点损失:6.289,右节点损失:0.000,总损失:6.289
('----划分特征：', 742)
------划分值:0.000,左节点损失:0.000,右节点损失:6.303,总损失:6.303
------划分值:1.000,左节点损失:6.289,右节点损失:0.000,总损失:6.289
('----划分特征：', 743)
------划分值:0.000,左节点损失:0.000,右节点损失:6.303,总损失:6.303
------划分值:1.000,左节点损失:6.292,右节点损失:0.000,总损失:6.292
('----划分特征：', 744)
------划分值:0.000,左节点损失:0.000,右节点损失:6.303,总损失:6.303
------划分值:1.000,左节点损失:6.294,右节点损失:0.000,总损失:6.294
('----划分特征：', 745)
------划分值:0.000,左节点损失:0.000,右节点损失:6.303,总损失:6.303
------划分值:1.000,左节点损失:6.295,右节点损失:0.000,总损失:6.295
('----划分特征：', 746)
------划分值:0.000,左节点损失:0.000,右节点损失:6.303,总损失:6.303
------划分值:1.000,左节点损失:6.298,右节点损失:0.000,总损失:6.298
('----划分特征：', 747)
------划分值:0.000,左节点损失:0.000,右节点损失:6.303,总损失:6.303
------划分值:1.000,左节点损失:6.300,右节点损失:0.000,总损失:6.300
('----划分特征：', 748)
------划分值:0.000,左节点损失:0.000,右节点损失:6.303,总损失:6.303
------划分值:1.000,左节点损失:6.301,右节点损失:0.000,总损失:6.301
('----划分特征：', 749)
------划分值:0.000,左节点损失:0.000,右节点损失:6.303,总损失:6.303
------划分值:1.000,左节点损失:6.302,右节点损失:0.000,总损失:6.302
('----划分特征：', 750)
------划分值:0.000,左节点损失:0.000,右节点损失:6.303,总损失:6.303
------划分值:1.000,左节点损失:6.302,右节点损失:0.000,总损失:6.302
('----划分特征：', 751)
------划分值:0.000,左节点损失:0.000,右节点损失:6.303,总损失:6.303
------划分值:1.000,左节点损失:6.303,右节点损失:0.000,总损失:6.303
('----划分特征：', 752)
------划分值:0.000,左节点损失:0.000,右节点损失:6.303,总损失:6.303
('----划分特征：', 753)
------划分值:0.000,左节点损失:0.000,右节点损失:6.303,总损失:6.303
('----划分特征：', 754)
------划分值:0.000,左节点损失:0.000,右节点损失:6.303,总损失:6.303
('----划分特征：', 755)
------划分值:0.000,左节点损失:0.000,右节点损失:6.303,总损失:6.303
('----划分特征：', 756)
------划分值:0.000,左节点损失:0.000,右节点损失:6.303,总损失:6.303
('----划分特征：', 757)
------划分值:0.000,左节点损失:0.000,右节点损失:6.303,总损失:6.303
('----划分特征：', 758)
------划分值:0.000,左节点损失:0.000,右节点损失:6.303,总损失:6.303
('----划分特征：', 759)
------划分值:0.000,左节点损失:0.000,右节点损失:6.303,总损失:6.303
('----划分特征：', 760)
------划分值:0.000,左节点损失:0.000,右节点损失:6.303,总损失:6.303
('----划分特征：', 761)
------划分值:0.000,左节点损失:0.000,右节点损失:6.303,总损失:6.303
------划分值:1.000,左节点损失:6.303,右节点损失:0.000,总损失:6.303
('----划分特征：', 762)
------划分值:0.000,左节点损失:0.000,右节点损失:6.303,总损失:6.303
------划分值:1.000,左节点损失:6.302,右节点损失:0.000,总损失:6.302
('----划分特征：', 763)
------划分值:0.000,左节点损失:0.000,右节点损失:6.303,总损失:6.303
------划分值:1.000,左节点损失:6.302,右节点损失:0.000,总损失:6.302
('----划分特征：', 764)
------划分值:0.000,左节点损失:0.000,右节点损失:6.303,总损失:6.303
------划分值:1.000,左节点损失:6.302,右节点损失:0.000,总损失:6.302
('----划分特征：', 765)
------划分值:0.000,左节点损失:0.000,右节点损失:6.303,总损失:6.303
------划分值:1.000,左节点损失:6.302,右节点损失:0.000,总损失:6.302
('----划分特征：', 766)
------划分值:0.000,左节点损失:0.000,右节点损失:6.303,总损失:6.303
------划分值:1.000,左节点损失:6.302,右节点损失:0.000,总损失:6.302
('----划分特征：', 767)
------划分值:0.000,左节点损失:0.000,右节点损失:6.303,总损失:6.303
------划分值:1.000,左节点损失:6.301,右节点损失:0.000,总损失:6.301
('----划分特征：', 768)
------划分值:0.000,左节点损失:0.000,右节点损失:6.303,总损失:6.303
------划分值:1.000,左节点损失:6.301,右节点损失:0.000,总损失:6.301
('----划分特征：', 769)
------划分值:0.000,左节点损失:0.000,右节点损失:6.303,总损失:6.303
------划分值:1.000,左节点损失:6.301,右节点损失:0.000,总损失:6.301
('----划分特征：', 770)
------划分值:0.000,左节点损失:0.000,右节点损失:6.303,总损失:6.303
------划分值:1.000,左节点损失:6.301,右节点损失:0.000,总损失:6.301
('----划分特征：', 771)
------划分值:0.000,左节点损失:0.000,右节点损失:6.303,总损失:6.303
------划分值:1.000,左节点损失:6.301,右节点损失:0.000,总损失:6.301
('----划分特征：', 772)
------划分值:0.000,左节点损失:0.000,右节点损失:6.303,总损失:6.303
------划分值:1.000,左节点损失:6.301,右节点损失:0.000,总损失:6.301
('----划分特征：', 773)
------划分值:0.000,左节点损失:0.000,右节点损失:6.303,总损失:6.303
------划分值:1.000,左节点损失:6.302,右节点损失:0.000,总损失:6.302
('----划分特征：', 774)
------划分值:0.000,左节点损失:0.000,右节点损失:6.303,总损失:6.303
------划分值:1.000,左节点损失:6.302,右节点损失:0.000,总损失:6.302
('----划分特征：', 775)
------划分值:0.000,左节点损失:0.000,右节点损失:6.303,总损失:6.303
------划分值:1.000,左节点损失:6.302,右节点损失:0.000,总损失:6.302
('----划分特征：', 776)
------划分值:0.000,左节点损失:0.000,右节点损失:6.303,总损失:6.303
------划分值:1.000,左节点损失:6.302,右节点损失:0.000,总损失:6.302
('----划分特征：', 777)
------划分值:0.000,左节点损失:0.000,右节点损失:6.303,总损失:6.303
------划分值:1.000,左节点损失:6.303,右节点损失:0.000,总损失:6.303
('----划分特征：', 778)
------划分值:0.000,左节点损失:0.000,右节点损失:6.303,总损失:6.303
('----划分特征：', 779)
------划分值:0.000,左节点损失:0.000,右节点损失:6.303,总损失:6.303
('----划分特征：', 780)
------划分值:0.000,左节点损失:0.000,右节点损失:6.303,总损失:6.303
('----划分特征：', 781)
------划分值:0.000,左节点损失:0.000,右节点损失:6.303,总损失:6.303
('----划分特征：', 782)
------划分值:0.000,左节点损失:0.000,右节点损失:6.303,总损失:6.303
('----划分特征：', 783)
------划分值:0.000,左节点损失:0.000,右节点损失:6.303,总损失:6.303
('----划分特征：', 'label')
------划分值:0.000,左节点损失:0.000,右节点损失:6.303,总损失:6.303
------划分值:1.000,左节点损失:0.000,右节点损失:0.000,总损失:0.000
('----划分特征：', 'f_0')
------划分值:-2.212,左节点损失:0.000,右节点损失:6.303,总损失:6.303
('----划分特征：', 'res_1')
------划分值:-0.099,左节点损失:0.000,右节点损失:6.303,总损失:6.303
------划分值:0.901,左节点损失:0.000,右节点损失:0.000,总损失:0.000
('----划分特征：', 'f_1')
------划分值:-2.323,左节点损失:0.000,右节点损失:6.303,总损失:6.303
------划分值:-1.199,左节点损失:0.000,右节点损失:0.000,总损失:0.000
('----划分特征：', 'res_2')
------划分值:-0.089,左节点损失:0.000,右节点损失:6.303,总损失:6.303
------划分值:0.768,左节点损失:0.000,右节点损失:0.000,总损失:0.000
('----划分特征：', 'f_2')
------划分值:-2.433,左节点损失:0.000,右节点损失:6.303,总损失:6.303
------划分值:-0.767,左节点损失:0.000,右节点损失:0.000,总损失:0.000
('----划分特征：', 'res_3')
------划分值:-0.081,左节点损失:0.000,右节点损失:6.303,总损失:6.303
------划分值:0.683,左节点损失:0.000,右节点损失:0.000,总损失:0.000
('----划分特征：', 'f_3')
------划分值:-2.542,左节点损失:0.000,右节点损失:6.303,总损失:6.303
------划分值:-0.452,左节点损失:0.000,右节点损失:0.000,总损失:0.000
('----划分特征：', 'res_4')
------划分值:-0.073,左节点损失:0.000,右节点损失:6.303,总损失:6.303
------划分值:0.611,左节点损失:0.000,右节点损失:0.000,总损失:0.000
('----划分特征：', 'f_4')
------划分值:-2.650,左节点损失:0.000,右节点损失:6.303,总损失:6.303
------划分值:-0.195,左节点损失:0.000,右节点损失:0.000,总损失:0.000
('----划分特征：', 'res_5')
------划分值:-0.066,左节点损失:0.000,右节点损失:6.303,总损失:6.303
------划分值:0.549,左节点损失:0.000,右节点损失:0.000,总损失:0.000
('----划分特征：', 'f_5')
------划分值:-2.757,左节点损失:0.000,右节点损失:6.303,总损失:6.303
------划分值:0.027,左节点损失:0.000,右节点损失:0.000,总损失:0.000
('----划分特征：', 'res_6')
------划分值:-0.060,左节点损失:0.000,右节点损失:6.303,总损失:6.303
------划分值:0.493,左节点损失:0.000,右节点损失:0.000,总损失:0.000
('----划分特征：', 'f_6')
------划分值:-2.863,左节点损失:0.000,右节点损失:6.303,总损失:6.303
------划分值:0.224,左节点损失:0.000,右节点损失:0.000,总损失:0.000
('----划分特征：', 'res_7')
------划分值:-0.054,左节点损失:0.000,右节点损失:6.303,总损失:6.303
------划分值:0.444,左节点损失:0.000,右节点损失:0.000,总损失:0.000
('----划分特征：', 'f_7')
------划分值:-2.969,左节点损失:0.000,右节点损失:6.303,总损失:6.303
------划分值:0.404,左节点损失:0.000,右节点损失:0.000,总损失:0.000
('----划分特征：', 'res_8')
------划分值:-0.049,左节点损失:0.000,右节点损失:6.303,总损失:6.303
------划分值:0.400,左节点损失:0.000,右节点损失:0.000,总损失:0.000
('----划分特征：', 'f_8')
------划分值:-3.074,左节点损失:0.000,右节点损失:6.303,总损失:6.303
------划分值:0.571,左节点损失:0.000,右节点损失:0.000,总损失:0.000
('----划分特征：', 'res_9')
------划分值:-0.044,左节点损失:0.000,右节点损失:6.303,总损失:6.303
------划分值:0.361,左节点损失:0.000,右节点损失:0.000,总损失:0.000
('----划分特征：', 'f_9')
------划分值:-3.178,左节点损失:0.000,右节点损失:6.303,总损失:6.303
------划分值:0.727,左节点损失:0.000,右节点损失:0.000,总损失:0.000
('----划分特征：', 'res_10')
------划分值:-0.040,左节点损失:0.000,右节点损失:6.303,总损失:6.303
------划分值:0.326,左节点损失:0.000,右节点损失:0.000,总损失:0.000
('--最佳划分特征：', 'label')
('--最佳划分值：', 1)
('叶子节点预测值：', -1.0121723969439933)
('叶子节点预测值：', 1.106998881655711)
第22棵树: log-likelihood:5.1911
