-----------------------------构建第26颗树-----------------------------
--树的深度：0
('----划分特征：', 1)
------划分值:0.000,左节点损失:0.000,右节点损失:2.823,总损失:2.823
('----划分特征：', 2)
------划分值:0.000,左节点损失:0.000,右节点损失:2.823,总损失:2.823
('----划分特征：', 3)
------划分值:0.000,左节点损失:0.000,右节点损失:2.823,总损失:2.823
('----划分特征：', 4)
------划分值:0.000,左节点损失:0.000,右节点损失:2.823,总损失:2.823
('----划分特征：', 5)
------划分值:0.000,左节点损失:0.000,右节点损失:2.823,总损失:2.823
('----划分特征：', 6)
------划分值:0.000,左节点损失:0.000,右节点损失:2.823,总损失:2.823
('----划分特征：', 7)
------划分值:0.000,左节点损失:0.000,右节点损失:2.823,总损失:2.823
('----划分特征：', 8)
------划分值:0.000,左节点损失:0.000,右节点损失:2.823,总损失:2.823
('----划分特征：', 9)
------划分值:0.000,左节点损失:0.000,右节点损失:2.823,总损失:2.823
('----划分特征：', 10)
------划分值:0.000,左节点损失:0.000,右节点损失:2.823,总损失:2.823
('----划分特征：', 11)
------划分值:0.000,左节点损失:0.000,右节点损失:2.823,总损失:2.823
('----划分特征：', 12)
------划分值:0.000,左节点损失:0.000,右节点损失:2.823,总损失:2.823
('----划分特征：', 13)
------划分值:0.000,左节点损失:0.000,右节点损失:2.823,总损失:2.823
('----划分特征：', 14)
------划分值:0.000,左节点损失:0.000,右节点损失:2.823,总损失:2.823
('----划分特征：', 15)
------划分值:0.000,左节点损失:0.000,右节点损失:2.823,总损失:2.823
('----划分特征：', 16)
------划分值:0.000,左节点损失:0.000,右节点损失:2.823,总损失:2.823
('----划分特征：', 17)
------划分值:0.000,左节点损失:0.000,右节点损失:2.823,总损失:2.823
('----划分特征：', 18)
------划分值:0.000,左节点损失:0.000,右节点损失:2.823,总损失:2.823
('----划分特征：', 19)
------划分值:0.000,左节点损失:0.000,右节点损失:2.823,总损失:2.823
('----划分特征：', 20)
------划分值:0.000,左节点损失:0.000,右节点损失:2.823,总损失:2.823
('----划分特征：', 21)
------划分值:0.000,左节点损失:0.000,右节点损失:2.823,总损失:2.823
('----划分特征：', 22)
------划分值:0.000,左节点损失:0.000,右节点损失:2.823,总损失:2.823
('----划分特征：', 23)
------划分值:0.000,左节点损失:0.000,右节点损失:2.823,总损失:2.823
('----划分特征：', 24)
------划分值:0.000,左节点损失:0.000,右节点损失:2.823,总损失:2.823
('----划分特征：', 25)
------划分值:0.000,左节点损失:0.000,右节点损失:2.823,总损失:2.823
('----划分特征：', 26)
------划分值:0.000,左节点损失:0.000,右节点损失:2.823,总损失:2.823
('----划分特征：', 27)
------划分值:0.000,左节点损失:0.000,右节点损失:2.823,总损失:2.823
('----划分特征：', 28)
------划分值:0.000,左节点损失:0.000,右节点损失:2.823,总损失:2.823
('----划分特征：', 29)
------划分值:0.000,左节点损失:0.000,右节点损失:2.823,总损失:2.823
('----划分特征：', 30)
------划分值:0.000,左节点损失:0.000,右节点损失:2.823,总损失:2.823
('----划分特征：', 31)
------划分值:0.000,左节点损失:0.000,右节点损失:2.823,总损失:2.823
('----划分特征：', 32)
------划分值:0.000,左节点损失:0.000,右节点损失:2.823,总损失:2.823
('----划分特征：', 33)
------划分值:0.000,左节点损失:0.000,右节点损失:2.823,总损失:2.823
('----划分特征：', 34)
------划分值:0.000,左节点损失:0.000,右节点损失:2.823,总损失:2.823
('----划分特征：', 35)
------划分值:0.000,左节点损失:0.000,右节点损失:2.823,总损失:2.823
('----划分特征：', 36)
------划分值:0.000,左节点损失:0.000,右节点损失:2.823,总损失:2.823
------划分值:1.000,左节点损失:2.823,右节点损失:0.000,总损失:2.823
('----划分特征：', 37)
------划分值:0.000,左节点损失:0.000,右节点损失:2.823,总损失:2.823
------划分值:1.000,左节点损失:2.823,右节点损失:0.000,总损失:2.823
('----划分特征：', 38)
------划分值:0.000,左节点损失:0.000,右节点损失:2.823,总损失:2.823
------划分值:1.000,左节点损失:2.823,右节点损失:0.000,总损失:2.823
('----划分特征：', 39)
------划分值:0.000,左节点损失:0.000,右节点损失:2.823,总损失:2.823
------划分值:1.000,左节点损失:2.823,右节点损失:0.000,总损失:2.823
('----划分特征：', 40)
------划分值:0.000,左节点损失:0.000,右节点损失:2.823,总损失:2.823
------划分值:1.000,左节点损失:2.823,右节点损失:0.000,总损失:2.823
('----划分特征：', 41)
------划分值:0.000,左节点损失:0.000,右节点损失:2.823,总损失:2.823
------划分值:1.000,左节点损失:2.823,右节点损失:0.000,总损失:2.823
('----划分特征：', 42)
------划分值:0.000,左节点损失:0.000,右节点损失:2.823,总损失:2.823
------划分值:1.000,左节点损失:2.823,右节点损失:0.000,总损失:2.823
('----划分特征：', 43)
------划分值:0.000,左节点损失:0.000,右节点损失:2.823,总损失:2.823
------划分值:1.000,左节点损失:2.823,右节点损失:0.000,总损失:2.823
('----划分特征：', 44)
------划分值:0.000,左节点损失:0.000,右节点损失:2.823,总损失:2.823
------划分值:1.000,左节点损失:2.823,右节点损失:0.000,总损失:2.823
('----划分特征：', 45)
------划分值:0.000,左节点损失:0.000,右节点损失:2.823,总损失:2.823
------划分值:1.000,左节点损失:2.823,右节点损失:0.000,总损失:2.823
('----划分特征：', 46)
------划分值:0.000,左节点损失:0.000,右节点损失:2.823,总损失:2.823
------划分值:1.000,左节点损失:2.823,右节点损失:0.000,总损失:2.823
('----划分特征：', 47)
------划分值:0.000,左节点损失:0.000,右节点损失:2.823,总损失:2.823
------划分值:1.000,左节点损失:2.823,右节点损失:0.000,总损失:2.823
('----划分特征：', 48)
------划分值:0.000,左节点损失:0.000,右节点损失:2.823,总损失:2.823
------划分值:1.000,左节点损失:2.823,右节点损失:0.000,总损失:2.823
('----划分特征：', 49)
------划分值:0.000,左节点损失:0.000,右节点损失:2.823,总损失:2.823
------划分值:1.000,左节点损失:2.823,右节点损失:0.000,总损失:2.823
('----划分特征：', 50)
------划分值:0.000,左节点损失:0.000,右节点损失:2.823,总损失:2.823
------划分值:1.000,左节点损失:2.823,右节点损失:0.000,总损失:2.823
('----划分特征：', 51)
------划分值:0.000,左节点损失:0.000,右节点损失:2.823,总损失:2.823
('----划分特征：', 52)
------划分值:0.000,左节点损失:0.000,右节点损失:2.823,总损失:2.823
('----划分特征：', 53)
------划分值:0.000,左节点损失:0.000,右节点损失:2.823,总损失:2.823
('----划分特征：', 54)
------划分值:0.000,左节点损失:0.000,右节点损失:2.823,总损失:2.823
('----划分特征：', 55)
------划分值:0.000,左节点损失:0.000,右节点损失:2.823,总损失:2.823
('----划分特征：', 56)
------划分值:0.000,左节点损失:0.000,右节点损失:2.823,总损失:2.823
('----划分特征：', 57)
------划分值:0.000,左节点损失:0.000,右节点损失:2.823,总损失:2.823
('----划分特征：', 58)
------划分值:0.000,左节点损失:0.000,右节点损失:2.823,总损失:2.823
('----划分特征：', 59)
------划分值:0.000,左节点损失:0.000,右节点损失:2.823,总损失:2.823
('----划分特征：', 60)
------划分值:0.000,左节点损失:0.000,右节点损失:2.823,总损失:2.823
('----划分特征：', 61)
------划分值:0.000,左节点损失:0.000,右节点损失:2.823,总损失:2.823
('----划分特征：', 62)
------划分值:0.000,左节点损失:0.000,右节点损失:2.823,总损失:2.823
('----划分特征：', 63)
------划分值:0.000,左节点损失:0.000,右节点损失:2.823,总损失:2.823
('----划分特征：', 64)
------划分值:0.000,左节点损失:0.000,右节点损失:2.823,总损失:2.823
------划分值:1.000,左节点损失:2.823,右节点损失:0.000,总损失:2.823
('----划分特征：', 65)
------划分值:0.000,左节点损失:0.000,右节点损失:2.823,总损失:2.823
------划分值:1.000,左节点损失:2.823,右节点损失:0.000,总损失:2.823
('----划分特征：', 66)
------划分值:0.000,左节点损失:0.000,右节点损失:2.823,总损失:2.823
------划分值:1.000,左节点损失:2.822,右节点损失:0.000,总损失:2.822
('----划分特征：', 67)
------划分值:0.000,左节点损失:0.000,右节点损失:2.823,总损失:2.823
------划分值:1.000,左节点损失:2.822,右节点损失:0.000,总损失:2.822
('----划分特征：', 68)
------划分值:0.000,左节点损失:0.000,右节点损失:2.823,总损失:2.823
------划分值:1.000,左节点损失:2.821,右节点损失:0.000,总损失:2.821
('----划分特征：', 69)
------划分值:0.000,左节点损失:0.000,右节点损失:2.823,总损失:2.823
------划分值:1.000,左节点损失:2.821,右节点损失:0.000,总损失:2.821
('----划分特征：', 70)
------划分值:0.000,左节点损失:0.000,右节点损失:2.823,总损失:2.823
------划分值:1.000,左节点损失:2.820,右节点损失:0.000,总损失:2.820
('----划分特征：', 71)
------划分值:0.000,左节点损失:0.000,右节点损失:2.823,总损失:2.823
------划分值:1.000,左节点损失:2.819,右节点损失:0.000,总损失:2.819
('----划分特征：', 72)
------划分值:0.000,左节点损失:0.000,右节点损失:2.823,总损失:2.823
------划分值:1.000,左节点损失:2.817,右节点损失:0.000,总损失:2.817
('----划分特征：', 73)
------划分值:0.000,左节点损失:0.000,右节点损失:2.823,总损失:2.823
------划分值:1.000,左节点损失:2.817,右节点损失:0.000,总损失:2.817
('----划分特征：', 74)
------划分值:0.000,左节点损失:0.000,右节点损失:2.823,总损失:2.823
------划分值:1.000,左节点损失:2.818,右节点损失:0.000,总损失:2.818
('----划分特征：', 75)
------划分值:0.000,左节点损失:0.000,右节点损失:2.823,总损失:2.823
------划分值:1.000,左节点损失:2.820,右节点损失:0.000,总损失:2.820
('----划分特征：', 76)
------划分值:0.000,左节点损失:0.000,右节点损失:2.823,总损失:2.823
------划分值:1.000,左节点损失:2.822,右节点损失:0.000,总损失:2.822
('----划分特征：', 77)
------划分值:0.000,左节点损失:0.000,右节点损失:2.823,总损失:2.823
------划分值:1.000,左节点损失:2.822,右节点损失:0.000,总损失:2.822
('----划分特征：', 78)
------划分值:0.000,左节点损失:0.000,右节点损失:2.823,总损失:2.823
------划分值:1.000,左节点损失:2.823,右节点损失:0.000,总损失:2.823
('----划分特征：', 79)
------划分值:0.000,左节点损失:0.000,右节点损失:2.823,总损失:2.823
------划分值:1.000,左节点损失:2.823,右节点损失:0.000,总损失:2.823
('----划分特征：', 80)
------划分值:0.000,左节点损失:0.000,右节点损失:2.823,总损失:2.823
('----划分特征：', 81)
------划分值:0.000,左节点损失:0.000,右节点损失:2.823,总损失:2.823
('----划分特征：', 82)
------划分值:0.000,左节点损失:0.000,右节点损失:2.823,总损失:2.823
('----划分特征：', 83)
------划分值:0.000,左节点损失:0.000,右节点损失:2.823,总损失:2.823
('----划分特征：', 84)
------划分值:0.000,左节点损失:0.000,右节点损失:2.823,总损失:2.823
('----划分特征：', 85)
------划分值:0.000,左节点损失:0.000,右节点损失:2.823,总损失:2.823
('----划分特征：', 86)
------划分值:0.000,左节点损失:0.000,右节点损失:2.823,总损失:2.823
('----划分特征：', 87)
------划分值:0.000,左节点损失:0.000,右节点损失:2.823,总损失:2.823
('----划分特征：', 88)
------划分值:0.000,左节点损失:0.000,右节点损失:2.823,总损失:2.823
('----划分特征：', 89)
------划分值:0.000,左节点损失:0.000,右节点损失:2.823,总损失:2.823
------划分值:1.000,左节点损失:2.823,右节点损失:0.000,总损失:2.823
('----划分特征：', 90)
------划分值:0.000,左节点损失:0.000,右节点损失:2.823,总损失:2.823
------划分值:1.000,左节点损失:2.823,右节点损失:0.000,总损失:2.823
('----划分特征：', 91)
------划分值:0.000,左节点损失:0.000,右节点损失:2.823,总损失:2.823
------划分值:1.000,左节点损失:2.823,右节点损失:0.000,总损失:2.823
('----划分特征：', 92)
------划分值:0.000,左节点损失:0.000,右节点损失:2.823,总损失:2.823
------划分值:1.000,左节点损失:2.822,右节点损失:0.000,总损失:2.822
('----划分特征：', 93)
------划分值:0.000,左节点损失:0.000,右节点损失:2.823,总损失:2.823
------划分值:1.000,左节点损失:2.821,右节点损失:0.000,总损失:2.821
('----划分特征：', 94)
------划分值:0.000,左节点损失:0.000,右节点损失:2.823,总损失:2.823
------划分值:1.000,左节点损失:2.819,右节点损失:0.000,总损失:2.819
('----划分特征：', 95)
------划分值:0.000,左节点损失:0.000,右节点损失:2.823,总损失:2.823
------划分值:1.000,左节点损失:2.813,右节点损失:0.005,总损失:2.819
('----划分特征：', 96)
------划分值:0.000,左节点损失:0.000,右节点损失:2.823,总损失:2.823
------划分值:1.000,左节点损失:2.798,右节点损失:0.021,总损失:2.819
('----划分特征：', 97)
------划分值:0.000,左节点损失:0.000,右节点损失:2.823,总损失:2.823
------划分值:1.000,左节点损失:2.783,右节点损失:0.036,总损失:2.819
('----划分特征：', 98)
------划分值:0.000,左节点损失:0.000,右节点损失:2.823,总损失:2.823
------划分值:1.000,左节点损失:2.767,右节点损失:0.051,总损失:2.818
('----划分特征：', 99)
------划分值:0.000,左节点损失:0.000,右节点损失:2.823,总损失:2.823
------划分值:1.000,左节点损失:2.759,右节点损失:0.056,总损失:2.816
('----划分特征：', 100)
------划分值:0.000,左节点损失:0.000,右节点损失:2.823,总损失:2.823
------划分值:1.000,左节点损失:2.765,右节点损失:0.046,总损失:2.812
('----划分特征：', 101)
------划分值:0.000,左节点损失:0.000,右节点损失:2.823,总损失:2.823
------划分值:1.000,左节点损失:2.771,右节点损失:0.041,总损失:2.812
('----划分特征：', 102)
------划分值:0.000,左节点损失:0.000,右节点损失:2.823,总损失:2.823
------划分值:1.000,左节点损失:2.792,右节点损失:0.021,总损失:2.813
('----划分特征：', 103)
------划分值:0.000,左节点损失:0.000,右节点损失:2.823,总损失:2.823
------划分值:1.000,左节点损失:2.792,右节点损失:0.026,总损失:2.818
('----划分特征：', 104)
------划分值:0.000,左节点损失:0.000,右节点损失:2.823,总损失:2.823
------划分值:1.000,左节点损失:2.810,右节点损失:0.010,总损失:2.820
('----划分特征：', 105)
------划分值:0.000,左节点损失:0.000,右节点损失:2.823,总损失:2.823
------划分值:1.000,左节点损失:2.821,右节点损失:0.000,总损失:2.821
('----划分特征：', 106)
------划分值:0.000,左节点损失:0.000,右节点损失:2.823,总损失:2.823
------划分值:1.000,左节点损失:2.822,右节点损失:0.000,总损失:2.822
('----划分特征：', 107)
------划分值:0.000,左节点损失:0.000,右节点损失:2.823,总损失:2.823
------划分值:1.000,左节点损失:2.823,右节点损失:0.000,总损失:2.823
('----划分特征：', 108)
------划分值:0.000,左节点损失:0.000,右节点损失:2.823,总损失:2.823
------划分值:1.000,左节点损失:2.823,右节点损失:0.000,总损失:2.823
('----划分特征：', 109)
------划分值:0.000,左节点损失:0.000,右节点损失:2.823,总损失:2.823
('----划分特征：', 110)
------划分值:0.000,左节点损失:0.000,右节点损失:2.823,总损失:2.823
('----划分特征：', 111)
------划分值:0.000,左节点损失:0.000,右节点损失:2.823,总损失:2.823
('----划分特征：', 112)
------划分值:0.000,左节点损失:0.000,右节点损失:2.823,总损失:2.823
('----划分特征：', 113)
------划分值:0.000,左节点损失:0.000,右节点损失:2.823,总损失:2.823
('----划分特征：', 114)
------划分值:0.000,左节点损失:0.000,右节点损失:2.823,总损失:2.823
('----划分特征：', 115)
------划分值:0.000,左节点损失:0.000,右节点损失:2.823,总损失:2.823
('----划分特征：', 116)
------划分值:0.000,左节点损失:0.000,右节点损失:2.823,总损失:2.823
------划分值:1.000,左节点损失:2.823,右节点损失:0.000,总损失:2.823
('----划分特征：', 117)
------划分值:0.000,左节点损失:0.000,右节点损失:2.823,总损失:2.823
------划分值:1.000,左节点损失:2.823,右节点损失:0.000,总损失:2.823
('----划分特征：', 118)
------划分值:0.000,左节点损失:0.000,右节点损失:2.823,总损失:2.823
------划分值:1.000,左节点损失:2.822,右节点损失:0.000,总损失:2.822
('----划分特征：', 119)
------划分值:0.000,左节点损失:0.000,右节点损失:2.823,总损失:2.823
------划分值:1.000,左节点损失:2.821,右节点损失:0.000,总损失:2.821
('----划分特征：', 120)
------划分值:0.000,左节点损失:0.000,右节点损失:2.823,总损失:2.823
------划分值:1.000,左节点损失:2.819,右节点损失:0.000,总损失:2.819
('----划分特征：', 121)
------划分值:0.000,左节点损失:0.000,右节点损失:2.823,总损失:2.823
------划分值:1.000,左节点损失:2.802,右节点损失:0.016,总损失:2.818
('----划分特征：', 122)
------划分值:0.000,左节点损失:0.000,右节点损失:2.823,总损失:2.823
------划分值:1.000,左节点损失:2.763,右节点损失:0.056,总损失:2.818
('----划分特征：', 123)
------划分值:0.000,左节点损失:0.000,右节点损失:2.823,总损失:2.823
------划分值:1.000,左节点损失:2.696,右节点损失:0.124,总损失:2.820
('----划分特征：', 124)
------划分值:0.000,左节点损失:0.000,右节点损失:2.823,总损失:2.823
------划分值:1.000,左节点损失:2.547,右节点损失:0.276,总损失:2.823
('----划分特征：', 125)
------划分值:0.000,左节点损失:0.000,右节点损失:2.823,总损失:2.823
------划分值:1.000,左节点损失:2.336,右节点损失:0.481,总损失:2.817
('----划分特征：', 126)
------划分值:0.000,左节点损失:0.000,右节点损失:2.823,总损失:2.823
------划分值:1.000,左节点损失:2.271,右节点损失:0.549,总损失:2.820
('----划分特征：', 127)
------划分值:0.000,左节点损失:0.000,右节点损失:2.823,总损失:2.823
------划分值:1.000,左节点损失:2.135,右节点损失:0.679,总损失:2.815
('----划分特征：', 128)
------划分值:0.000,左节点损失:0.000,右节点损失:2.823,总损失:2.823
------划分值:1.000,左节点损失:2.069,右节点损失:0.741,总损失:2.809
('----划分特征：', 129)
------划分值:0.000,左节点损失:0.000,右节点损失:2.823,总损失:2.823
------划分值:1.000,左节点损失:2.129,右节点损失:0.681,总损失:2.810
('----划分特征：', 130)
------划分值:0.000,左节点损失:0.000,右节点损失:2.823,总损失:2.823
------划分值:1.000,左节点损失:2.229,右节点损失:0.579,总损失:2.808
('----划分特征：', 131)
------划分值:0.000,左节点损失:0.000,右节点损失:2.823,总损失:2.823
------划分值:1.000,左节点损失:2.356,右节点损失:0.450,总损失:2.807
('----划分特征：', 132)
------划分值:0.000,左节点损失:0.000,右节点损失:2.823,总损失:2.823
------划分值:1.000,左节点损失:2.518,右节点损失:0.293,总损失:2.811
('----划分特征：', 133)
------划分值:0.000,左节点损失:0.000,右节点损失:2.823,总损失:2.823
------划分值:1.000,左节点损失:2.686,右节点损失:0.134,总损失:2.819
('----划分特征：', 134)
------划分值:0.000,左节点损失:0.000,右节点损失:2.823,总损失:2.823
------划分值:1.000,左节点损失:2.771,右节点损失:0.052,总损失:2.823
('----划分特征：', 135)
------划分值:0.000,左节点损失:0.000,右节点损失:2.823,总损失:2.823
------划分值:1.000,左节点损失:2.812,右节点损失:0.010,总损失:2.822
('----划分特征：', 136)
------划分值:0.000,左节点损失:0.000,右节点损失:2.823,总损失:2.823
------划分值:1.000,左节点损失:2.818,右节点损失:0.005,总损失:2.823
('----划分特征：', 137)
------划分值:0.000,左节点损失:0.000,右节点损失:2.823,总损失:2.823
('----划分特征：', 138)
------划分值:0.000,左节点损失:0.000,右节点损失:2.823,总损失:2.823
('----划分特征：', 139)
------划分值:0.000,左节点损失:0.000,右节点损失:2.823,总损失:2.823
('----划分特征：', 140)
------划分值:0.000,左节点损失:0.000,右节点损失:2.823,总损失:2.823
('----划分特征：', 141)
------划分值:0.000,左节点损失:0.000,右节点损失:2.823,总损失:2.823
('----划分特征：', 142)
------划分值:0.000,左节点损失:0.000,右节点损失:2.823,总损失:2.823
('----划分特征：', 143)
------划分值:0.000,左节点损失:0.000,右节点损失:2.823,总损失:2.823
------划分值:1.000,左节点损失:2.823,右节点损失:0.000,总损失:2.823
('----划分特征：', 144)
------划分值:0.000,左节点损失:0.000,右节点损失:2.823,总损失:2.823
------划分值:1.000,左节点损失:2.822,右节点损失:0.000,总损失:2.822
('----划分特征：', 145)
------划分值:0.000,左节点损失:0.000,右节点损失:2.823,总损失:2.823
------划分值:1.000,左节点损失:2.821,右节点损失:0.000,总损失:2.821
('----划分特征：', 146)
------划分值:0.000,左节点损失:0.000,右节点损失:2.823,总损失:2.823
------划分值:1.000,左节点损失:2.819,右节点损失:0.000,总损失:2.819
('----划分特征：', 147)
------划分值:0.000,左节点损失:0.000,右节点损失:2.823,总损失:2.823
------划分值:1.000,左节点损失:2.811,右节点损失:0.005,总损失:2.816
('----划分特征：', 148)
------划分值:0.000,左节点损失:0.000,右节点损失:2.823,总损失:2.823
------划分值:1.000,左节点损失:2.797,右节点损失:0.016,总损失:2.813
('----划分特征：', 149)
------划分值:0.000,左节点损失:0.000,右节点损失:2.823,总损失:2.823
------划分值:1.000,左节点损失:2.729,右节点损失:0.086,总损失:2.815
('----划分特征：', 150)
------划分值:0.000,左节点损失:0.000,右节点损失:2.823,总损失:2.823
------划分值:1.000,左节点损失:2.611,右节点损失:0.208,总损失:2.819
('----划分特征：', 151)
------划分值:0.000,左节点损失:0.000,右节点损失:2.823,总损失:2.823
------划分值:1.000,左节点损失:2.366,右节点损失:0.457,总损失:2.823
('----划分特征：', 152)
------划分值:0.000,左节点损失:0.000,右节点损失:2.823,总损失:2.823
------划分值:1.000,左节点损失:2.072,右节点损失:0.744,总损失:2.817
('----划分特征：', 153)
------划分值:0.000,左节点损失:0.000,右节点损失:2.823,总损失:2.823
------划分值:1.000,左节点损失:1.777,右节点损失:1.029,总损失:2.806
('----划分特征：', 154)
------划分值:0.000,左节点损失:0.000,右节点损失:2.823,总损失:2.823
------划分值:1.000,左节点损失:1.410,右节点损失:1.367,总损失:2.777
('----划分特征：', 155)
------划分值:0.000,左节点损失:0.000,右节点损失:2.823,总损失:2.823
------划分值:1.000,左节点损失:1.166,右节点损失:1.582,总损失:2.749
('----划分特征：', 156)
------划分值:0.000,左节点损失:0.000,右节点损失:2.823,总损失:2.823
------划分值:1.000,左节点损失:1.069,右节点损失:1.655,总损失:2.723
('----划分特征：', 157)
------划分值:1.000,左节点损失:1.216,右节点损失:1.521,总损失:2.738
------划分值:0.000,左节点损失:0.000,右节点损失:2.823,总损失:2.823
('----划分特征：', 158)
------划分值:1.000,左节点损失:1.435,右节点损失:1.313,总损失:2.748
------划分值:0.000,左节点损失:0.000,右节点损失:2.823,总损失:2.823
('----划分特征：', 159)
------划分值:0.000,左节点损失:0.000,右节点损失:2.823,总损失:2.823
------划分值:1.000,左节点损失:1.836,右节点损失:0.943,总损失:2.779
('----划分特征：', 160)
------划分值:1.000,左节点损失:2.173,右节点损失:0.625,总损失:2.798
------划分值:0.000,左节点损失:0.000,右节点损失:2.823,总损失:2.823
('----划分特征：', 161)
------划分值:1.000,左节点损失:2.465,右节点损失:0.349,总损失:2.814
------划分值:0.000,左节点损失:0.000,右节点损失:2.823,总损失:2.823
('----划分特征：', 162)
------划分值:1.000,左节点损失:2.656,右节点损失:0.166,总损失:2.822
------划分值:0.000,左节点损失:0.000,右节点损失:2.823,总损失:2.823
('----划分特征：', 163)
------划分值:0.000,左节点损失:0.000,右节点损失:2.823,总损失:2.823
------划分值:1.000,左节点损失:2.764,右节点损失:0.058,总损失:2.823
('----划分特征：', 164)
------划分值:0.000,左节点损失:0.000,右节点损失:2.823,总损失:2.823
------划分值:1.000,左节点损失:2.811,右节点损失:0.010,总损失:2.821
('----划分特征：', 165)
------划分值:0.000,左节点损失:0.000,右节点损失:2.823,总损失:2.823
------划分值:1.000,左节点损失:2.822,右节点损失:0.000,总损失:2.822
('----划分特征：', 166)
------划分值:0.000,左节点损失:0.000,右节点损失:2.823,总损失:2.823
------划分值:1.000,左节点损失:2.823,右节点损失:0.000,总损失:2.823
('----划分特征：', 167)
------划分值:0.000,左节点损失:0.000,右节点损失:2.823,总损失:2.823
('----划分特征：', 168)
------划分值:0.000,左节点损失:0.000,右节点损失:2.823,总损失:2.823
('----划分特征：', 169)
------划分值:0.000,左节点损失:0.000,右节点损失:2.823,总损失:2.823
('----划分特征：', 170)
------划分值:0.000,左节点损失:0.000,右节点损失:2.823,总损失:2.823
('----划分特征：', 171)
------划分值:0.000,左节点损失:0.000,右节点损失:2.823,总损失:2.823
------划分值:1.000,左节点损失:2.823,右节点损失:0.000,总损失:2.823
('----划分特征：', 172)
------划分值:0.000,左节点损失:0.000,右节点损失:2.823,总损失:2.823
------划分值:1.000,左节点损失:2.822,右节点损失:0.000,总损失:2.822
('----划分特征：', 173)
------划分值:0.000,左节点损失:0.000,右节点损失:2.823,总损失:2.823
------划分值:1.000,左节点损失:2.815,右节点损失:0.005,总损失:2.821
('----划分特征：', 174)
------划分值:0.000,左节点损失:0.000,右节点损失:2.823,总损失:2.823
------划分值:1.000,左节点损失:2.811,右节点损失:0.005,总损失:2.817
('----划分特征：', 175)
------划分值:0.000,左节点损失:0.000,右节点损失:2.823,总损失:2.823
------划分值:1.000,左节点损失:2.799,右节点损失:0.011,总损失:2.809
('----划分特征：', 176)
------划分值:0.000,左节点损失:0.000,右节点损失:2.823,总损失:2.823
------划分值:1.000,左节点损失:2.717,右节点损失:0.097,总损失:2.813
('----划分特征：', 177)
------划分值:0.000,左节点损失:0.000,右节点损失:2.823,总损失:2.823
------划分值:1.000,左节点损失:2.545,右节点损失:0.275,总损失:2.820
('----划分特征：', 178)
------划分值:0.000,左节点损失:0.000,右节点损失:2.823,总损失:2.823
------划分值:1.000,左节点损失:2.288,右节点损失:0.535,总损失:2.823
('----划分特征：', 179)
------划分值:1.000,左节点损失:1.912,右节点损失:0.903,总损失:2.815
------划分值:0.000,左节点损失:0.000,右节点损失:2.823,总损失:2.823
('----划分特征：', 180)
------划分值:1.000,左节点损失:1.603,右节点损失:1.202,总损失:2.805
------划分值:0.000,左节点损失:0.000,右节点损失:2.823,总损失:2.823
('----划分特征：', 181)
------划分值:1.000,左节点损失:1.248,右节点损失:1.541,总损失:2.789
------划分值:0.000,左节点损失:0.000,右节点损失:2.823,总损失:2.823
('----划分特征：', 182)
------划分值:1.000,左节点损失:0.889,右节点损失:1.871,总损失:2.760
------划分值:0.000,左节点损失:0.000,右节点损失:2.823,总损失:2.823
('----划分特征：', 183)
------划分值:1.000,左节点损失:0.639,右节点损失:2.081,总损失:2.719
------划分值:0.000,左节点损失:0.000,右节点损失:2.823,总损失:2.823
('----划分特征：', 184)
------划分值:1.000,左节点损失:0.600,右节点损失:2.104,总损失:2.704
------划分值:0.000,左节点损失:0.000,右节点损失:2.823,总损失:2.823
('----划分特征：', 185)
------划分值:1.000,左节点损失:0.699,右节点损失:2.003,总损失:2.702
------划分值:0.000,左节点损失:0.000,右节点损失:2.823,总损失:2.823
('----划分特征：', 186)
------划分值:1.000,左节点损失:0.891,右节点损失:1.811,总损失:2.702
------划分值:0.000,左节点损失:0.000,右节点损失:2.823,总损失:2.823
('----划分特征：', 187)
------划分值:1.000,左节点损失:1.270,右节点损失:1.459,总损失:2.729
------划分值:0.000,左节点损失:0.000,右节点损失:2.823,总损失:2.823
('----划分特征：', 188)
------划分值:1.000,左节点损失:1.705,右节点损失:1.050,总损失:2.755
------划分值:0.000,左节点损失:0.000,右节点损失:2.823,总损失:2.823
('----划分特征：', 189)
------划分值:1.000,左节点损失:2.160,右节点损失:0.635,总损失:2.795
------划分值:0.000,左节点损失:0.000,右节点损失:2.823,总损失:2.823
('----划分特征：', 190)
------划分值:1.000,左节点损失:2.491,右节点损失:0.327,总损失:2.817
------划分值:0.000,左节点损失:0.000,右节点损失:2.823,总损失:2.823
('----划分特征：', 191)
------划分值:0.000,左节点损失:0.000,右节点损失:2.823,总损失:2.823
------划分值:1.000,左节点损失:2.712,右节点损失:0.111,总损失:2.823
('----划分特征：', 192)
------划分值:0.000,左节点损失:0.000,右节点损失:2.823,总损失:2.823
------划分值:1.000,左节点损失:2.799,右节点损失:0.021,总损失:2.820
('----划分特征：', 193)
------划分值:0.000,左节点损失:0.000,右节点损失:2.823,总损失:2.823
------划分值:1.000,左节点损失:2.821,右节点损失:0.000,总损失:2.821
('----划分特征：', 194)
------划分值:0.000,左节点损失:0.000,右节点损失:2.823,总损失:2.823
------划分值:1.000,左节点损失:2.823,右节点损失:0.000,总损失:2.823
('----划分特征：', 195)
------划分值:0.000,左节点损失:0.000,右节点损失:2.823,总损失:2.823
------划分值:1.000,左节点损失:2.823,右节点损失:0.000,总损失:2.823
('----划分特征：', 196)
------划分值:0.000,左节点损失:0.000,右节点损失:2.823,总损失:2.823
('----划分特征：', 197)
------划分值:0.000,左节点损失:0.000,右节点损失:2.823,总损失:2.823
------划分值:1.000,左节点损失:2.823,右节点损失:0.000,总损失:2.823
('----划分特征：', 198)
------划分值:0.000,左节点损失:0.000,右节点损失:2.823,总损失:2.823
------划分值:1.000,左节点损失:2.823,右节点损失:0.000,总损失:2.823
('----划分特征：', 199)
------划分值:0.000,左节点损失:0.000,右节点损失:2.823,总损失:2.823
------划分值:1.000,左节点损失:2.822,右节点损失:0.000,总损失:2.822
('----划分特征：', 200)
------划分值:0.000,左节点损失:0.000,右节点损失:2.823,总损失:2.823
------划分值:1.000,左节点损失:2.821,右节点损失:0.000,总损失:2.821
('----划分特征：', 201)
------划分值:0.000,左节点损失:0.000,右节点损失:2.823,总损失:2.823
------划分值:1.000,左节点损失:2.812,右节点损失:0.005,总损失:2.818
('----划分特征：', 202)
------划分值:0.000,左节点损失:0.000,右节点损失:2.823,总损失:2.823
------划分值:1.000,左节点损失:2.807,右节点损失:0.005,总损失:2.812
('----划分特征：', 203)
------划分值:0.000,左节点损失:0.000,右节点损失:2.823,总损失:2.823
------划分值:1.000,左节点损失:2.749,右节点损失:0.062,总损失:2.811
('----划分特征：', 204)
------划分值:1.000,左节点损失:2.601,右节点损失:0.214,总损失:2.815
------划分值:0.000,左节点损失:0.000,右节点损失:2.823,总损失:2.823
('----划分特征：', 205)
------划分值:1.000,左节点损失:2.305,右节点损失:0.517,总损失:2.823
------划分值:0.000,左节点损失:0.000,右节点损失:2.823,总损失:2.823
('----划分特征：', 206)
------划分值:1.000,左节点损失:1.952,右节点损失:0.868,总损失:2.821
------划分值:0.000,左节点损失:0.000,右节点损失:2.823,总损失:2.823
('----划分特征：', 207)
------划分值:1.000,左节点损失:1.613,右节点损失:1.199,总损失:2.811
------划分值:0.000,左节点损失:0.000,右节点损失:2.823,总损失:2.823
('----划分特征：', 208)
------划分值:1.000,左节点损失:1.173,右节点损失:1.611,总损失:2.784
------划分值:0.000,左节点损失:0.000,右节点损失:2.823,总损失:2.823
('----划分特征：', 209)
------划分值:1.000,左节点损失:0.891,右节点损失:1.883,总损失:2.774
------划分值:0.000,左节点损失:0.000,右节点损失:2.823,总损失:2.823
('----划分特征：', 210)
------划分值:1.000,左节点损失:0.737,右节点损失:2.025,总损失:2.762
------划分值:0.000,左节点损失:0.000,右节点损失:2.823,总损失:2.823
('----划分特征：', 211)
------划分值:1.000,左节点损失:0.622,右节点损失:2.116,总损失:2.739
------划分值:0.000,左节点损失:0.000,右节点损失:2.823,总损失:2.823
('----划分特征：', 212)
------划分值:1.000,左节点损失:0.646,右节点损失:2.097,总损失:2.743
------划分值:0.000,左节点损失:0.000,右节点损失:2.823,总损失:2.823
('----划分特征：', 213)
------划分值:1.000,左节点损失:0.604,右节点损失:2.115,总损失:2.720
------划分值:0.000,左节点损失:0.000,右节点损失:2.823,总损失:2.823
('----划分特征：', 214)
------划分值:0.000,左节点损失:0.000,右节点损失:2.823,总损失:2.823
------划分值:1.000,左节点损失:0.699,右节点损失:2.005,总损失:2.704
('----划分特征：', 215)
------划分值:0.000,左节点损失:0.000,右节点损失:2.823,总损失:2.823
------划分值:1.000,左节点损失:0.929,右节点损失:1.781,总损失:2.710
('----划分特征：', 216)
------划分值:0.000,左节点损失:0.000,右节点损失:2.823,总损失:2.823
------划分值:1.000,左节点损失:1.333,右节点损失:1.393,总损失:2.726
('----划分特征：', 217)
------划分值:0.000,左节点损失:0.000,右节点损失:2.823,总损失:2.823
------划分值:1.000,左节点损失:1.843,右节点损失:0.926,总损失:2.769
('----划分特征：', 218)
------划分值:0.000,左节点损失:0.000,右节点损失:2.823,总损失:2.823
------划分值:1.000,左节点损失:2.297,右节点损失:0.507,总损失:2.804
('----划分特征：', 219)
------划分值:0.000,左节点损失:0.000,右节点损失:2.823,总损失:2.823
------划分值:1.000,左节点损失:2.608,右节点损失:0.214,总损失:2.822
('----划分特征：', 220)
------划分值:0.000,左节点损失:0.000,右节点损失:2.823,总损失:2.823
------划分值:1.000,左节点损失:2.771,右节点损失:0.050,总损失:2.821
('----划分特征：', 221)
------划分值:0.000,左节点损失:0.000,右节点损失:2.823,总损失:2.823
------划分值:1.000,左节点损失:2.819,右节点损失:0.000,总损失:2.819
('----划分特征：', 222)
------划分值:0.000,左节点损失:0.000,右节点损失:2.823,总损失:2.823
------划分值:1.000,左节点损失:2.822,右节点损失:0.000,总损失:2.822
('----划分特征：', 223)
------划分值:0.000,左节点损失:0.000,右节点损失:2.823,总损失:2.823
------划分值:1.000,左节点损失:2.823,右节点损失:0.000,总损失:2.823
('----划分特征：', 224)
------划分值:0.000,左节点损失:0.000,右节点损失:2.823,总损失:2.823
------划分值:1.000,左节点损失:2.823,右节点损失:0.000,总损失:2.823
('----划分特征：', 225)
------划分值:0.000,左节点损失:0.000,右节点损失:2.823,总损失:2.823
------划分值:1.000,左节点损失:2.823,右节点损失:0.000,总损失:2.823
('----划分特征：', 226)
------划分值:0.000,左节点损失:0.000,右节点损失:2.823,总损失:2.823
------划分值:1.000,左节点损失:2.823,右节点损失:0.000,总损失:2.823
('----划分特征：', 227)
------划分值:0.000,左节点损失:0.000,右节点损失:2.823,总损失:2.823
------划分值:1.000,左节点损失:2.822,右节点损失:0.000,总损失:2.822
('----划分特征：', 228)
------划分值:0.000,左节点损失:0.000,右节点损失:2.823,总损失:2.823
------划分值:1.000,左节点损失:2.819,右节点损失:0.000,总损失:2.819
('----划分特征：', 229)
------划分值:0.000,左节点损失:0.000,右节点损失:2.823,总损失:2.823
------划分值:1.000,左节点损失:2.805,右节点损失:0.010,总损失:2.816
('----划分特征：', 230)
------划分值:0.000,左节点损失:0.000,右节点损失:2.823,总损失:2.823
------划分值:1.000,左节点损失:2.776,右节点损失:0.036,总损失:2.812
('----划分特征：', 231)
------划分值:0.000,左节点损失:0.000,右节点损失:2.823,总损失:2.823
------划分值:1.000,左节点损失:2.663,右节点损失:0.151,总损失:2.814
('----划分特征：', 232)
------划分值:1.000,左节点损失:2.385,右节点损失:0.437,总损失:2.823
------划分值:0.000,左节点损失:0.000,右节点损失:2.823,总损失:2.823
('----划分特征：', 233)
------划分值:1.000,左节点损失:2.046,右节点损失:0.775,总损失:2.821
------划分值:0.000,左节点损失:0.000,右节点损失:2.823,总损失:2.823
('----划分特征：', 234)
------划分值:1.000,左节点损失:1.583,右节点损失:1.224,总损失:2.806
------划分值:0.000,左节点损失:0.000,右节点损失:2.823,总损失:2.823
('----划分特征：', 235)
------划分值:1.000,左节点损失:1.206,右节点损失:1.580,总损失:2.785
------划分值:0.000,左节点损失:0.000,右节点损失:2.823,总损失:2.823
('----划分特征：', 236)
------划分值:1.000,左节点损失:0.935,右节点损失:1.835,总损失:2.770
------划分值:0.000,左节点损失:0.000,右节点损失:2.823,总损失:2.823
('----划分特征：', 237)
------划分值:1.000,左节点损失:0.849,右节点损失:1.918,总损失:2.766
------划分值:0.000,左节点损失:0.000,右节点损失:2.823,总损失:2.823
('----划分特征：', 238)
------划分值:1.000,左节点损失:0.863,右节点损失:1.902,总损失:2.765
------划分值:0.000,左节点损失:0.000,右节点损失:2.823,总损失:2.823
('----划分特征：', 239)
------划分值:1.000,左节点损失:1.005,右节点损失:1.778,总损失:2.782
------划分值:0.000,左节点损失:0.000,右节点损失:2.823,总损失:2.823
('----划分特征：', 240)
------划分值:1.000,左节点损失:1.114,右节点损失:1.685,总损失:2.799
------划分值:0.000,左节点损失:0.000,右节点损失:2.823,总损失:2.823
('----划分特征：', 241)
------划分值:1.000,左节点损失:1.050,右节点损失:1.743,总损失:2.792
------划分值:0.000,左节点损失:0.000,右节点损失:2.823,总损失:2.823
('----划分特征：', 242)
------划分值:0.000,左节点损失:0.000,右节点损失:2.823,总损失:2.823
------划分值:1.000,左节点损失:0.875,右节点损失:1.880,总损失:2.755
('----划分特征：', 243)
------划分值:0.000,左节点损失:0.000,右节点损失:2.823,总损失:2.823
------划分值:1.000,左节点损失:0.865,右节点损失:1.854,总损失:2.719
('----划分特征：', 244)
------划分值:0.000,左节点损失:0.000,右节点损失:2.823,总损失:2.823
------划分值:1.000,左节点损失:1.043,右节点损失:1.639,总损失:2.683
('----划分特征：', 245)
------划分值:0.000,左节点损失:0.000,右节点损失:2.823,总损失:2.823
------划分值:1.000,左节点损失:1.535,右节点损失:1.184,总损失:2.719
('----划分特征：', 246)
------划分值:0.000,左节点损失:0.000,右节点损失:2.823,总损失:2.823
------划分值:1.000,左节点损失:2.038,右节点损失:0.719,总损失:2.756
('----划分特征：', 247)
------划分值:0.000,左节点损失:0.000,右节点损失:2.823,总损失:2.823
------划分值:1.000,左节点损失:2.495,右节点损失:0.314,总损失:2.809
('----划分特征：', 248)
------划分值:0.000,左节点损失:0.000,右节点损失:2.823,总损失:2.823
------划分值:1.000,左节点损失:2.746,右节点损失:0.077,总损失:2.823
('----划分特征：', 249)
------划分值:0.000,左节点损失:0.000,右节点损失:2.823,总损失:2.823
------划分值:1.000,左节点损失:2.819,右节点损失:0.000,总损失:2.819
('----划分特征：', 250)
------划分值:0.000,左节点损失:0.000,右节点损失:2.823,总损失:2.823
------划分值:1.000,左节点损失:2.822,右节点损失:0.000,总损失:2.822
('----划分特征：', 251)
------划分值:0.000,左节点损失:0.000,右节点损失:2.823,总损失:2.823
------划分值:1.000,左节点损失:2.823,右节点损失:0.000,总损失:2.823
('----划分特征：', 252)
------划分值:0.000,左节点损失:0.000,右节点损失:2.823,总损失:2.823
('----划分特征：', 253)
------划分值:0.000,左节点损失:0.000,右节点损失:2.823,总损失:2.823
------划分值:1.000,左节点损失:2.823,右节点损失:0.000,总损失:2.823
('----划分特征：', 254)
------划分值:0.000,左节点损失:0.000,右节点损失:2.823,总损失:2.823
------划分值:1.000,左节点损失:2.822,右节点损失:0.000,总损失:2.822
('----划分特征：', 255)
------划分值:0.000,左节点损失:0.000,右节点损失:2.823,总损失:2.823
------划分值:1.000,左节点损失:2.821,右节点损失:0.000,总损失:2.821
('----划分特征：', 256)
------划分值:0.000,左节点损失:0.000,右节点损失:2.823,总损失:2.823
------划分值:1.000,左节点损失:2.818,右节点损失:0.000,总损失:2.818
('----划分特征：', 257)
------划分值:0.000,左节点损失:0.000,右节点损失:2.823,总损失:2.823
------划分值:1.000,左节点损失:2.803,右节点损失:0.010,总损失:2.813
('----划分特征：', 258)
------划分值:0.000,左节点损失:0.000,右节点损失:2.823,总损失:2.823
------划分值:1.000,左节点损失:2.691,右节点损失:0.129,总损失:2.820
('----划分特征：', 259)
------划分值:0.000,左节点损失:0.000,右节点损失:2.823,总损失:2.823
------划分值:1.000,左节点损失:2.483,右节点损失:0.340,总损失:2.823
('----划分特征：', 260)
------划分值:0.000,左节点损失:0.000,右节点损失:2.823,总损失:2.823
------划分值:1.000,左节点损失:2.145,右节点损失:0.675,总损失:2.819
('----划分特征：', 261)
------划分值:1.000,左节点损失:1.704,右节点损失:1.099,总损失:2.803
------划分值:0.000,左节点损失:0.000,右节点损失:2.823,总损失:2.823
('----划分特征：', 262)
------划分值:0.000,左节点损失:0.000,右节点损失:2.823,总损失:2.823
------划分值:1.000,左节点损失:1.233,右节点损失:1.540,总损失:2.773
('----划分特征：', 263)
------划分值:1.000,左节点损失:0.906,右节点损失:1.835,总损失:2.742
------划分值:0.000,左节点损失:0.000,右节点损失:2.823,总损失:2.823
('----划分特征：', 264)
------划分值:1.000,左节点损失:0.910,右节点损失:1.841,总损失:2.751
------划分值:0.000,左节点损失:0.000,右节点损失:2.823,总损失:2.823
('----划分特征：', 265)
------划分值:1.000,左节点损失:1.002,右节点损失:1.751,总损失:2.752
------划分值:0.000,左节点损失:0.000,右节点损失:2.823,总损失:2.823
('----划分特征：', 266)
------划分值:0.000,左节点损失:0.000,右节点损失:2.823,总损失:2.823
------划分值:1.000,左节点损失:1.327,右节点损失:1.468,总损失:2.795
('----划分特征：', 267)
------划分值:0.000,左节点损失:0.000,右节点损失:2.823,总损失:2.823
------划分值:1.000,左节点损失:1.561,右节点损失:1.255,总损失:2.816
('----划分特征：', 268)
------划分值:0.000,左节点损失:0.000,右节点损失:2.823,总损失:2.823
------划分值:1.000,左节点损失:1.658,右节点损失:1.165,总损失:2.823
('----划分特征：', 269)
------划分值:1.000,左节点损失:1.561,右节点损失:1.262,总损失:2.823
------划分值:0.000,左节点损失:0.000,右节点损失:2.823,总损失:2.823
('----划分特征：', 270)
------划分值:0.000,左节点损失:0.000,右节点损失:2.823,总损失:2.823
------划分值:1.000,左节点损失:1.335,右节点损失:1.478,总损失:2.813
('----划分特征：', 271)
------划分值:0.000,左节点损失:0.000,右节点损失:2.823,总损失:2.823
------划分值:1.000,左节点损失:0.980,右节点损失:1.757,总损失:2.736
('----划分特征：', 272)
------划分值:0.000,左节点损失:0.000,右节点损失:2.823,总损失:2.823
------划分值:1.000,左节点损失:0.957,右节点损失:1.700,总损失:2.657
('----划分特征：', 273)
------划分值:0.000,左节点损失:0.000,右节点损失:2.823,总损失:2.823
------划分值:1.000,左节点损失:1.227,右节点损失:1.377,总损失:2.604
('----划分特征：', 274)
------划分值:0.000,左节点损失:0.000,右节点损失:2.823,总损失:2.823
------划分值:1.000,左节点损失:1.750,右节点损失:0.882,总损失:2.632
('----划分特征：', 275)
------划分值:0.000,左节点损失:0.000,右节点损失:2.823,总损失:2.823
------划分值:1.000,左节点损失:2.394,右节点损失:0.363,总损失:2.757
('----划分特征：', 276)
------划分值:0.000,左节点损失:0.000,右节点损失:2.823,总损失:2.823
------划分值:1.000,左节点损失:2.706,右节点损失:0.110,总损失:2.816
('----划分特征：', 277)
------划分值:0.000,左节点损失:0.000,右节点损失:2.823,总损失:2.823
------划分值:1.000,左节点损失:2.821,右节点损失:0.000,总损失:2.821
('----划分特征：', 278)
------划分值:0.000,左节点损失:0.000,右节点损失:2.823,总损失:2.823
------划分值:1.000,左节点损失:2.823,右节点损失:0.000,总损失:2.823
('----划分特征：', 279)
------划分值:0.000,左节点损失:0.000,右节点损失:2.823,总损失:2.823
('----划分特征：', 280)
------划分值:0.000,左节点损失:0.000,右节点损失:2.823,总损失:2.823
('----划分特征：', 281)
------划分值:0.000,左节点损失:0.000,右节点损失:2.823,总损失:2.823
------划分值:1.000,左节点损失:2.823,右节点损失:0.000,总损失:2.823
('----划分特征：', 282)
------划分值:0.000,左节点损失:0.000,右节点损失:2.823,总损失:2.823
------划分值:1.000,左节点损失:2.823,右节点损失:0.000,总损失:2.823
('----划分特征：', 283)
------划分值:0.000,左节点损失:0.000,右节点损失:2.823,总损失:2.823
------划分值:1.000,左节点损失:2.821,右节点损失:0.000,总损失:2.821
('----划分特征：', 284)
------划分值:0.000,左节点损失:0.000,右节点损失:2.823,总损失:2.823
------划分值:1.000,左节点损失:2.818,右节点损失:0.000,总损失:2.818
('----划分特征：', 285)
------划分值:0.000,左节点损失:0.000,右节点损失:2.823,总损失:2.823
------划分值:1.000,左节点损失:2.773,右节点损失:0.046,总损失:2.818
('----划分特征：', 286)
------划分值:0.000,左节点损失:0.000,右节点损失:2.823,总损失:2.823
------划分值:1.000,左节点损失:2.588,右节点损失:0.235,总损失:2.822
('----划分特征：', 287)
------划分值:0.000,左节点损失:0.000,右节点损失:2.823,总损失:2.823
------划分值:1.000,左节点损失:2.257,右节点损失:0.551,总损失:2.808
('----划分特征：', 288)
------划分值:0.000,左节点损失:0.000,右节点损失:2.823,总损失:2.823
------划分值:1.000,左节点损失:1.820,右节点损失:0.967,总损失:2.786
('----划分特征：', 289)
------划分值:0.000,左节点损失:0.000,右节点损失:2.823,总损失:2.823
------划分值:1.000,左节点损失:1.289,右节点损失:1.447,总损失:2.736
('----划分特征：', 290)
------划分值:0.000,左节点损失:0.000,右节点损失:2.823,总损失:2.823
------划分值:1.000,左节点损失:0.948,右节点损失:1.766,总损失:2.714
('----划分特征：', 291)
------划分值:1.000,左节点损失:0.975,右节点损失:1.763,总损失:2.738
------划分值:0.000,左节点损失:0.000,右节点损失:2.823,总损失:2.823
('----划分特征：', 292)
------划分值:1.000,左节点损失:1.119,右节点损失:1.628,总损失:2.746
------划分值:0.000,左节点损失:0.000,右节点损失:2.823,总损失:2.823
('----划分特征：', 293)
------划分值:0.000,左节点损失:0.000,右节点损失:2.823,总损失:2.823
------划分值:1.000,左节点损失:1.441,右节点损失:1.343,总损失:2.784
('----划分特征：', 294)
------划分值:0.000,左节点损失:0.000,右节点损失:2.823,总损失:2.823
------划分值:1.000,左节点损失:1.775,右节点损失:1.040,总损失:2.815
('----划分特征：', 295)
------划分值:0.000,左节点损失:0.000,右节点损失:2.823,总损失:2.823
------划分值:1.000,左节点损失:2.017,右节点损失:0.803,总损失:2.820
('----划分特征：', 296)
------划分值:0.000,左节点损失:0.000,右节点损失:2.823,总损失:2.823
------划分值:1.000,左节点损失:2.122,右节点损失:0.679,总损失:2.801
('----划分特征：', 297)
------划分值:0.000,左节点损失:0.000,右节点损失:2.823,总损失:2.823
------划分值:1.000,左节点损失:1.977,右节点损失:0.824,总损失:2.801
('----划分特征：', 298)
------划分值:0.000,左节点损失:0.000,右节点损失:2.823,总损失:2.823
------划分值:1.000,左节点损失:1.695,右节点损失:1.127,总损失:2.822
('----划分特征：', 299)
------划分值:0.000,左节点损失:0.000,右节点损失:2.823,总损失:2.823
------划分值:1.000,左节点损失:1.259,右节点损失:1.525,总损失:2.784
('----划分特征：', 300)
------划分值:0.000,左节点损失:0.000,右节点损失:2.823,总损失:2.823
------划分值:1.000,左节点损失:0.954,右节点损失:1.674,总损失:2.628
('----划分特征：', 301)
------划分值:0.000,左节点损失:0.000,右节点损失:2.823,总损失:2.823
------划分值:1.000,左节点损失:1.124,右节点损失:1.374,总损失:2.498
('----划分特征：', 302)
------划分值:0.000,左节点损失:0.000,右节点损失:2.823,总损失:2.823
------划分值:1.000,左节点损失:1.558,右节点损失:0.877,总损失:2.435
('----划分特征：', 303)
------划分值:0.000,左节点损失:0.000,右节点损失:2.823,总损失:2.823
------划分值:1.000,左节点损失:2.193,右节点损失:0.368,总损失:2.561
('----划分特征：', 304)
------划分值:0.000,左节点损失:0.000,右节点损失:2.823,总损失:2.823
------划分值:1.000,左节点损失:2.687,右节点损失:0.094,总损失:2.781
('----划分特征：', 305)
------划分值:0.000,左节点损失:0.000,右节点损失:2.823,总损失:2.823
------划分值:1.000,左节点损失:2.822,右节点损失:0.000,总损失:2.822
('----划分特征：', 306)
------划分值:0.000,左节点损失:0.000,右节点损失:2.823,总损失:2.823
------划分值:1.000,左节点损失:2.823,右节点损失:0.000,总损失:2.823
('----划分特征：', 307)
------划分值:0.000,左节点损失:0.000,右节点损失:2.823,总损失:2.823
('----划分特征：', 308)
------划分值:0.000,左节点损失:0.000,右节点损失:2.823,总损失:2.823
('----划分特征：', 309)
------划分值:0.000,左节点损失:0.000,右节点损失:2.823,总损失:2.823
------划分值:1.000,左节点损失:2.823,右节点损失:0.000,总损失:2.823
('----划分特征：', 310)
------划分值:0.000,左节点损失:0.000,右节点损失:2.823,总损失:2.823
------划分值:1.000,左节点损失:2.822,右节点损失:0.000,总损失:2.822
('----划分特征：', 311)
------划分值:0.000,左节点损失:0.000,右节点损失:2.823,总损失:2.823
------划分值:1.000,左节点损失:2.821,右节点损失:0.000,总损失:2.821
('----划分特征：', 312)
------划分值:0.000,左节点损失:0.000,右节点损失:2.823,总损失:2.823
------划分值:1.000,左节点损失:2.819,右节点损失:0.000,总损失:2.819
('----划分特征：', 313)
------划分值:0.000,左节点损失:0.000,右节点损失:2.823,总损失:2.823
------划分值:1.000,左节点损失:2.718,右节点损失:0.105,总损失:2.823
('----划分特征：', 314)
------划分值:0.000,左节点损失:0.000,右节点损失:2.823,总损失:2.823
------划分值:1.000,左节点损失:2.441,右节点损失:0.364,总损失:2.805
('----划分特征：', 315)
------划分值:0.000,左节点损失:0.000,右节点损失:2.823,总损失:2.823
------划分值:1.000,左节点损失:1.996,右节点损失:0.763,总损失:2.758
('----划分特征：', 316)
------划分值:0.000,左节点损失:0.000,右节点损失:2.823,总损失:2.823
------划分值:1.000,左节点损失:1.496,右节点损失:1.222,总损失:2.719
('----划分特征：', 317)
------划分值:0.000,左节点损失:0.000,右节点损失:2.823,总损失:2.823
------划分值:1.000,左节点损失:1.043,右节点损失:1.641,总损失:2.685
('----划分特征：', 318)
------划分值:0.000,左节点损失:0.000,右节点损失:2.823,总损失:2.823
------划分值:1.000,左节点损失:0.948,右节点损失:1.765,总损失:2.713
('----划分特征：', 319)
------划分值:1.000,左节点损失:1.133,右节点损失:1.616,总损失:2.748
------划分值:0.000,左节点损失:0.000,右节点损失:2.823,总损失:2.823
('----划分特征：', 320)
------划分值:1.000,左节点损失:1.536,右节点损失:1.259,总损失:2.795
------划分值:0.000,左节点损失:0.000,右节点损失:2.823,总损失:2.823
('----划分特征：', 321)
------划分值:1.000,左节点损失:1.865,右节点损失:0.953,总损失:2.819
------划分值:0.000,左节点损失:0.000,右节点损失:2.823,总损失:2.823
('----划分特征：', 322)
------划分值:0.000,左节点损失:0.000,右节点损失:2.823,总损失:2.823
------划分值:1.000,左节点损失:2.203,右节点损失:0.610,总损失:2.813
('----划分特征：', 323)
------划分值:0.000,左节点损失:0.000,右节点损失:2.823,总损失:2.823
------划分值:1.000,左节点损失:2.390,右节点损失:0.377,总损失:2.767
('----划分特征：', 324)
------划分值:0.000,左节点损失:0.000,右节点损失:2.823,总损失:2.823
------划分值:1.000,左节点损失:2.397,右节点损失:0.339,总损失:2.736
('----划分特征：', 325)
------划分值:0.000,左节点损失:0.000,右节点损失:2.823,总损失:2.823
------划分值:1.000,左节点损失:2.289,右节点损失:0.439,总损失:2.729
('----划分特征：', 326)
------划分值:0.000,左节点损失:0.000,右节点损失:2.823,总损失:2.823
------划分值:1.000,左节点损失:2.048,右节点损失:0.741,总损失:2.789
('----划分特征：', 327)
------划分值:0.000,左节点损失:0.000,右节点损失:2.823,总损失:2.823
------划分值:1.000,左节点损失:1.543,右节点损失:1.271,总损失:2.814
('----划分特征：', 328)
------划分值:0.000,左节点损失:0.000,右节点损失:2.823,总损失:2.823
------划分值:1.000,左节点损失:1.114,右节点损失:1.524,总损失:2.638
('----划分特征：', 329)
------划分值:0.000,左节点损失:0.000,右节点损失:2.823,总损失:2.823
------划分值:1.000,左节点损失:1.049,右节点损失:1.284,总损失:2.333
('----划分特征：', 330)
------划分值:0.000,左节点损失:0.000,右节点损失:2.823,总损失:2.823
------划分值:1.000,左节点损失:1.362,右节点损失:0.779,总损失:2.141
('----划分特征：', 331)
------划分值:0.000,左节点损失:0.000,右节点损失:2.823,总损失:2.823
------划分值:1.000,左节点损失:2.069,右节点损失:0.304,总损失:2.373
('----划分特征：', 332)
------划分值:0.000,左节点损失:0.000,右节点损失:2.823,总损失:2.823
------划分值:1.000,左节点损失:2.635,右节点损失:0.097,总损失:2.732
('----划分特征：', 333)
------划分值:0.000,左节点损失:0.000,右节点损失:2.823,总损失:2.823
------划分值:1.000,左节点损失:2.823,右节点损失:0.000,总损失:2.823
('----划分特征：', 334)
------划分值:0.000,左节点损失:0.000,右节点损失:2.823,总损失:2.823
------划分值:1.000,左节点损失:2.819,右节点损失:0.003,总损失:2.821
('----划分特征：', 335)
------划分值:0.000,左节点损失:0.000,右节点损失:2.823,总损失:2.823
('----划分特征：', 336)
------划分值:0.000,左节点损失:0.000,右节点损失:2.823,总损失:2.823
('----划分特征：', 337)
------划分值:0.000,左节点损失:0.000,右节点损失:2.823,总损失:2.823
------划分值:1.000,左节点损失:2.823,右节点损失:0.000,总损失:2.823
('----划分特征：', 338)
------划分值:0.000,左节点损失:0.000,右节点损失:2.823,总损失:2.823
------划分值:1.000,左节点损失:2.823,右节点损失:0.000,总损失:2.823
('----划分特征：', 339)
------划分值:0.000,左节点损失:0.000,右节点损失:2.823,总损失:2.823
------划分值:1.000,左节点损失:2.822,右节点损失:0.000,总损失:2.822
('----划分特征：', 340)
------划分值:0.000,左节点损失:0.000,右节点损失:2.823,总损失:2.823
------划分值:1.000,左节点损失:2.815,右节点损失:0.005,总损失:2.820
('----划分特征：', 341)
------划分值:0.000,左节点损失:0.000,右节点损失:2.823,总损失:2.823
------划分值:1.000,左节点损失:2.628,右节点损失:0.184,总损失:2.812
('----划分特征：', 342)
------划分值:0.000,左节点损失:0.000,右节点损失:2.823,总损失:2.823
------划分值:1.000,左节点损失:2.208,右节点损失:0.525,总损失:2.733
('----划分特征：', 343)
------划分值:0.000,左节点损失:0.000,右节点损失:2.823,总损失:2.823
------划分值:1.000,左节点损失:1.681,右节点损失:0.996,总损失:2.677
('----划分特征：', 344)
------划分值:0.000,左节点损失:0.000,右节点损失:2.823,总损失:2.823
------划分值:1.000,左节点损失:1.115,右节点损失:1.503,总损失:2.618
('----划分特征：', 345)
------划分值:0.000,左节点损失:0.000,右节点损失:2.823,总损失:2.823
------划分值:1.000,左节点损失:0.874,右节点损失:1.781,总损失:2.655
('----划分特征：', 346)
------划分值:0.000,左节点损失:0.000,右节点损失:2.823,总损失:2.823
------划分值:1.000,左节点损失:1.034,右节点损失:1.696,总损失:2.730
('----划分特征：', 347)
------划分值:0.000,左节点损失:0.000,右节点损失:2.823,总损失:2.823
------划分值:1.000,左节点损失:1.449,右节点损失:1.349,总损失:2.798
('----划分特征：', 348)
------划分值:1.000,左节点损失:1.917,右节点损失:0.906,总损失:2.823
------划分值:0.000,左节点损失:0.000,右节点损失:2.823,总损失:2.823
('----划分特征：', 349)
------划分值:1.000,左节点损失:2.225,右节点损失:0.580,总损失:2.805
------划分值:0.000,左节点损失:0.000,右节点损失:2.823,总损失:2.823
('----划分特征：', 350)
------划分值:0.000,左节点损失:0.000,右节点损失:2.823,总损失:2.823
------划分值:1.000,左节点损失:2.424,右节点损失:0.323,总损失:2.747
('----划分特征：', 351)
------划分值:0.000,左节点损失:0.000,右节点损失:2.823,总损失:2.823
------划分值:1.000,左节点损失:2.497,右节点损失:0.188,总损失:2.684
('----划分特征：', 352)
------划分值:0.000,左节点损失:0.000,右节点损失:2.823,总损失:2.823
------划分值:1.000,左节点损失:2.479,右节点损失:0.152,总损失:2.631
('----划分特征：', 353)
------划分值:0.000,左节点损失:0.000,右节点损失:2.823,总损失:2.823
------划分值:1.000,左节点损失:2.386,右节点损失:0.265,总损失:2.651
('----划分特征：', 354)
------划分值:0.000,左节点损失:0.000,右节点损失:2.823,总损失:2.823
------划分值:1.000,左节点损失:2.109,右节点损失:0.658,总损失:2.767
('----划分特征：', 355)
------划分值:0.000,左节点损失:0.000,右节点损失:2.823,总损失:2.823
------划分值:1.000,左节点损失:1.750,右节点损失:1.072,总损失:2.822
('----划分特征：', 356)
------划分值:0.000,左节点损失:0.000,右节点损失:2.823,总损失:2.823
------划分值:1.000,左节点损失:1.174,右节点损失:1.436,总损失:2.610
('----划分特征：', 357)
------划分值:0.000,左节点损失:0.000,右节点损失:2.823,总损失:2.823
------划分值:1.000,左节点损失:1.036,右节点损失:1.187,总损失:2.223
('----划分特征：', 358)
------划分值:0.000,左节点损失:0.000,右节点损失:2.823,总损失:2.823
------划分值:1.000,左节点损失:1.324,右节点损失:0.690,总损失:2.014
('----划分特征：', 359)
------划分值:0.000,左节点损失:0.000,右节点损失:2.823,总损失:2.823
------划分值:1.000,左节点损失:1.982,右节点损失:0.292,总损失:2.274
('----划分特征：', 360)
------划分值:0.000,左节点损失:0.000,右节点损失:2.823,总损失:2.823
------划分值:1.000,左节点损失:2.578,右节点损失:0.123,总损失:2.702
('----划分特征：', 361)
------划分值:0.000,左节点损失:0.000,右节点损失:2.823,总损失:2.823
------划分值:1.000,左节点损失:2.823,右节点损失:0.000,总损失:2.823
('----划分特征：', 362)
------划分值:0.000,左节点损失:0.000,右节点损失:2.823,总损失:2.823
------划分值:1.000,左节点损失:2.819,右节点损失:0.004,总损失:2.822
('----划分特征：', 363)
------划分值:0.000,左节点损失:0.000,右节点损失:2.823,总损失:2.823
('----划分特征：', 364)
------划分值:0.000,左节点损失:0.000,右节点损失:2.823,总损失:2.823
('----划分特征：', 365)
------划分值:0.000,左节点损失:0.000,右节点损失:2.823,总损失:2.823
------划分值:1.000,左节点损失:2.823,右节点损失:0.000,总损失:2.823
('----划分特征：', 366)
------划分值:0.000,左节点损失:0.000,右节点损失:2.823,总损失:2.823
------划分值:1.000,左节点损失:2.823,右节点损失:0.000,总损失:2.823
('----划分特征：', 367)
------划分值:0.000,左节点损失:0.000,右节点损失:2.823,总损失:2.823
------划分值:1.000,左节点损失:2.822,右节点损失:0.000,总损失:2.822
('----划分特征：', 368)
------划分值:0.000,左节点损失:0.000,右节点损失:2.823,总损失:2.823
------划分值:1.000,左节点损失:2.799,右节点损失:0.024,总损失:2.823
('----划分特征：', 369)
------划分值:0.000,左节点损失:0.000,右节点损失:2.823,总损失:2.823
------划分值:1.000,左节点损失:2.503,右节点损失:0.266,总损失:2.769
('----划分特征：', 370)
------划分值:0.000,左节点损失:0.000,右节点损失:2.823,总损失:2.823
------划分值:1.000,左节点损失:1.951,右节点损失:0.685,总损失:2.636
('----划分特征：', 371)
------划分值:0.000,左节点损失:0.000,右节点损失:2.823,总损失:2.823
------划分值:1.000,左节点损失:1.364,右节点损失:1.206,总损失:2.570
('----划分特征：', 372)
------划分值:0.000,左节点损失:0.000,右节点损失:2.823,总损失:2.823
------划分值:1.000,左节点损失:0.946,右节点损失:1.633,总损失:2.580
('----划分特征：', 373)
------划分值:0.000,左节点损失:0.000,右节点损失:2.823,总损失:2.823
------划分值:1.000,左节点损失:0.941,右节点损失:1.743,总损失:2.684
('----划分特征：', 374)
------划分值:0.000,左节点损失:0.000,右节点损失:2.823,总损失:2.823
------划分值:1.000,左节点损失:1.297,右节点损失:1.488,总损失:2.785
('----划分特征：', 375)
------划分值:0.000,左节点损失:0.000,右节点损失:2.823,总损失:2.823
------划分值:1.000,左节点损失:1.837,右节点损失:0.986,总损失:2.823
('----划分特征：', 376)
------划分值:0.000,左节点损失:0.000,右节点损失:2.823,总损失:2.823
------划分值:1.000,左节点损失:2.214,右节点损失:0.579,总损失:2.794
('----划分特征：', 377)
------划分值:1.000,左节点损失:2.464,右节点损失:0.243,总损失:2.708
------划分值:0.000,左节点损失:0.000,右节点损失:2.823,总损失:2.823
('----划分特征：', 378)
------划分值:1.000,左节点损失:2.514,右节点损失:0.110,总损失:2.625
------划分值:0.000,左节点损失:0.000,右节点损失:2.823,总损失:2.823
('----划分特征：', 379)
------划分值:1.000,左节点损失:2.505,右节点损失:0.047,总损失:2.552
------划分值:0.000,左节点损失:0.000,右节点损失:2.823,总损失:2.823
('----划分特征：', 380)
------划分值:0.000,左节点损失:0.000,右节点损失:2.823,总损失:2.823
------划分值:1.000,左节点损失:2.455,右节点损失:0.063,总损失:2.519
('----划分特征：', 381)
------划分值:0.000,左节点损失:0.000,右节点损失:2.823,总损失:2.823
------划分值:1.000,左节点损失:2.370,右节点损失:0.224,总损失:2.595
('----划分特征：', 382)
------划分值:0.000,左节点损失:0.000,右节点损失:2.823,总损失:2.823
------划分值:1.000,左节点损失:2.165,右节点损失:0.586,总损失:2.751
('----划分特征：', 383)
------划分值:0.000,左节点损失:0.000,右节点损失:2.823,总损失:2.823
------划分值:1.000,左节点损失:1.768,右节点损失:1.052,总损失:2.820
('----划分特征：', 384)
------划分值:0.000,左节点损失:0.000,右节点损失:2.823,总损失:2.823
------划分值:1.000,左节点损失:1.223,右节点损失:1.375,总损失:2.598
('----划分特征：', 385)
------划分值:0.000,左节点损失:0.000,右节点损失:2.823,总损失:2.823
------划分值:1.000,左节点损失:1.060,右节点损失:1.153,总损失:2.214
('----划分特征：', 386)
------划分值:0.000,左节点损失:0.000,右节点损失:2.823,总损失:2.823
------划分值:1.000,左节点损失:1.314,右节点损失:0.731,总损失:2.045
('----划分特征：', 387)
------划分值:0.000,左节点损失:0.000,右节点损失:2.823,总损失:2.823
------划分值:1.000,左节点损失:1.945,右节点损失:0.373,总损失:2.318
('----划分特征：', 388)
------划分值:0.000,左节点损失:0.000,右节点损失:2.823,总损失:2.823
------划分值:1.000,左节点损失:2.552,右节点损失:0.146,总损失:2.698
('----划分特征：', 389)
------划分值:0.000,左节点损失:0.000,右节点损失:2.823,总损失:2.823
------划分值:1.000,左节点损失:2.822,右节点损失:0.000,总损失:2.822
('----划分特征：', 390)
------划分值:0.000,左节点损失:0.000,右节点损失:2.823,总损失:2.823
('----划分特征：', 391)
------划分值:0.000,左节点损失:0.000,右节点损失:2.823,总损失:2.823
('----划分特征：', 392)
------划分值:0.000,左节点损失:0.000,右节点损失:2.823,总损失:2.823
('----划分特征：', 393)
------划分值:0.000,左节点损失:0.000,右节点损失:2.823,总损失:2.823
('----划分特征：', 394)
------划分值:0.000,左节点损失:0.000,右节点损失:2.823,总损失:2.823
------划分值:1.000,左节点损失:2.823,右节点损失:0.000,总损失:2.823
('----划分特征：', 395)
------划分值:0.000,左节点损失:0.000,右节点损失:2.823,总损失:2.823
------划分值:1.000,左节点损失:2.822,右节点损失:0.000,总损失:2.822
('----划分特征：', 396)
------划分值:0.000,左节点损失:0.000,右节点损失:2.823,总损失:2.823
------划分值:1.000,左节点损失:2.769,右节点损失:0.051,总损失:2.820
('----划分特征：', 397)
------划分值:0.000,左节点损失:0.000,右节点损失:2.823,总损失:2.823
------划分值:1.000,左节点损失:2.287,右节点损失:0.358,总损失:2.645
('----划分特征：', 398)
------划分值:0.000,左节点损失:0.000,右节点损失:2.823,总损失:2.823
------划分值:1.000,左节点损失:1.698,右节点损失:0.823,总损失:2.521
('----划分特征：', 399)
------划分值:0.000,左节点损失:0.000,右节点损失:2.823,总损失:2.823
------划分值:1.000,左节点损失:1.125,右节点损失:1.360,总损失:2.485
('----划分特征：', 400)
------划分值:0.000,左节点损失:0.000,右节点损失:2.823,总损失:2.823
------划分值:1.000,左节点损失:0.873,右节点损失:1.691,总损失:2.564
('----划分特征：', 401)
------划分值:0.000,左节点损失:0.000,右节点损失:2.823,总损失:2.823
------划分值:1.000,左节点损失:1.088,右节点损失:1.636,总损失:2.724
('----划分特征：', 402)
------划分值:0.000,左节点损失:0.000,右节点损失:2.823,总损失:2.823
------划分值:1.000,左节点损失:1.627,右节点损失:1.191,总损失:2.819
('----划分特征：', 403)
------划分值:0.000,左节点损失:0.000,右节点损失:2.823,总损失:2.823
------划分值:1.000,左节点损失:2.142,右节点损失:0.652,总损失:2.794
('----划分特征：', 404)
------划分值:0.000,左节点损失:0.000,右节点损失:2.823,总损失:2.823
------划分值:1.000,左节点损失:2.415,右节点损失:0.299,总损失:2.714
('----划分特征：', 405)
------划分值:0.000,左节点损失:0.000,右节点损失:2.823,总损失:2.823
------划分值:1.000,左节点损失:2.485,右节点损失:0.110,总损失:2.596
('----划分特征：', 406)
------划分值:1.000,左节点损失:2.481,右节点损失:0.026,总损失:2.508
------划分值:0.000,左节点损失:0.000,右节点损失:2.823,总损失:2.823
('----划分特征：', 407)
------划分值:1.000,左节点损失:2.414,右节点损失:0.011,总损失:2.425
------划分值:0.000,左节点损失:0.000,右节点损失:2.823,总损失:2.823
('----划分特征：', 408)
------划分值:1.000,左节点损失:2.407,右节点损失:0.042,总损失:2.450
------划分值:0.000,左节点损失:0.000,右节点损失:2.823,总损失:2.823
('----划分特征：', 409)
------划分值:0.000,左节点损失:0.000,右节点损失:2.823,总损失:2.823
------划分值:1.000,左节点损失:2.331,右节点损失:0.255,总损失:2.586
('----划分特征：', 410)
------划分值:0.000,左节点损失:0.000,右节点损失:2.823,总损失:2.823
------划分值:1.000,左节点损失:2.101,右节点损失:0.672,总损失:2.772
('----划分特征：', 411)
------划分值:0.000,左节点损失:0.000,右节点损失:2.823,总损失:2.823
------划分值:1.000,左节点损失:1.693,右节点损失:1.119,总损失:2.812
('----划分特征：', 412)
------划分值:0.000,左节点损失:0.000,右节点损失:2.823,总损失:2.823
------划分值:1.000,左节点损失:1.266,右节点损失:1.345,总损失:2.611
('----划分特征：', 413)
------划分值:0.000,左节点损失:0.000,右节点损失:2.823,总损失:2.823
------划分值:1.000,左节点损失:1.080,右节点损失:1.182,总损失:2.261
('----划分特征：', 414)
------划分值:0.000,左节点损失:0.000,右节点损失:2.823,总损失:2.823
------划分值:1.000,左节点损失:1.414,右节点损失:0.754,总损失:2.169
('----划分特征：', 415)
------划分值:0.000,左节点损失:0.000,右节点损失:2.823,总损失:2.823
------划分值:1.000,左节点损失:1.958,右节点损失:0.414,总损失:2.372
('----划分特征：', 416)
------划分值:0.000,左节点损失:0.000,右节点损失:2.823,总损失:2.823
------划分值:1.000,左节点损失:2.573,右节点损失:0.147,总损失:2.720
('----划分特征：', 417)
------划分值:0.000,左节点损失:0.000,右节点损失:2.823,总损失:2.823
------划分值:1.000,左节点损失:2.818,右节点损失:0.005,总损失:2.823
('----划分特征：', 418)
------划分值:0.000,左节点损失:0.000,右节点损失:2.823,总损失:2.823
('----划分特征：', 419)
------划分值:0.000,左节点损失:0.000,右节点损失:2.823,总损失:2.823
('----划分特征：', 420)
------划分值:0.000,左节点损失:0.000,右节点损失:2.823,总损失:2.823
('----划分特征：', 421)
------划分值:0.000,左节点损失:0.000,右节点损失:2.823,总损失:2.823
('----划分特征：', 422)
------划分值:0.000,左节点损失:0.000,右节点损失:2.823,总损失:2.823
------划分值:1.000,左节点损失:2.823,右节点损失:0.000,总损失:2.823
('----划分特征：', 423)
------划分值:0.000,左节点损失:0.000,右节点损失:2.823,总损失:2.823
------划分值:1.000,左节点损失:2.822,右节点损失:0.000,总损失:2.822
('----划分特征：', 424)
------划分值:0.000,左节点损失:0.000,右节点损失:2.823,总损失:2.823
------划分值:1.000,左节点损失:2.721,右节点损失:0.083,总损失:2.804
('----划分特征：', 425)
------划分值:0.000,左节点损失:0.000,右节点损失:2.823,总损失:2.823
------划分值:1.000,左节点损失:2.120,右节点损失:0.445,总损失:2.565
('----划分特征：', 426)
------划分值:0.000,左节点损失:0.000,右节点损失:2.823,总损失:2.823
------划分值:1.000,左节点损失:1.435,右节点损失:0.962,总损失:2.397
('----划分特征：', 427)
------划分值:0.000,左节点损失:0.000,右节点损失:2.823,总损失:2.823
------划分值:1.000,左节点损失:0.931,右节点损失:1.452,总损失:2.383
('----划分特征：', 428)
------划分值:0.000,左节点损失:0.000,右节点损失:2.823,总损失:2.823
------划分值:1.000,左节点损失:0.873,右节点损失:1.684,总损失:2.558
('----划分特征：', 429)
------划分值:0.000,左节点损失:0.000,右节点损失:2.823,总损失:2.823
------划分值:1.000,左节点损失:1.303,右节点损失:1.461,总损失:2.764
('----划分特征：', 430)
------划分值:0.000,左节点损失:0.000,右节点损失:2.823,总损失:2.823
------划分值:1.000,左节点损失:1.924,右节点损失:0.896,总损失:2.819
('----划分特征：', 431)
------划分值:0.000,左节点损失:0.000,右节点损失:2.823,总损失:2.823
------划分值:1.000,左节点损失:2.337,右节点损失:0.408,总损失:2.745
('----划分特征：', 432)
------划分值:0.000,左节点损失:0.000,右节点损失:2.823,总损失:2.823
------划分值:1.000,左节点损失:2.500,右节点损失:0.141,总损失:2.641
('----划分特征：', 433)
------划分值:0.000,左节点损失:0.000,右节点损失:2.823,总损失:2.823
------划分值:1.000,左节点损失:2.486,右节点损失:0.047,总损失:2.533
('----划分特征：', 434)
------划分值:0.000,左节点损失:0.000,右节点损失:2.823,总损失:2.823
------划分值:1.000,左节点损失:2.456,右节点损失:0.016,总损失:2.472
('----划分特征：', 435)
------划分值:1.000,左节点损失:2.411,右节点损失:0.021,总损失:2.432
------划分值:0.000,左节点损失:0.000,右节点损失:2.823,总损失:2.823
('----划分特征：', 436)
------划分值:1.000,左节点损失:2.413,右节点损失:0.084,总损失:2.497
------划分值:0.000,左节点损失:0.000,右节点损失:2.823,总损失:2.823
('----划分特征：', 437)
------划分值:1.000,左节点损失:2.262,右节点损失:0.392,总损失:2.653
------划分值:0.000,左节点损失:0.000,右节点损失:2.823,总损失:2.823
('----划分特征：', 438)
------划分值:1.000,左节点损失:1.987,右节点损失:0.814,总损失:2.801
------划分值:0.000,左节点损失:0.000,右节点损失:2.823,总损失:2.823
('----划分特征：', 439)
------划分值:0.000,左节点损失:0.000,右节点损失:2.823,总损失:2.823
------划分值:1.000,左节点损失:1.508,右节点损失:1.274,总损失:2.782
('----划分特征：', 440)
------划分值:0.000,左节点损失:0.000,右节点损失:2.823,总损失:2.823
------划分值:1.000,左节点损失:1.185,右节点损失:1.399,总损失:2.584
('----划分特征：', 441)
------划分值:0.000,左节点损失:0.000,右节点损失:2.823,总损失:2.823
------划分值:1.000,左节点损失:1.224,右节点损失:1.167,总损失:2.391
('----划分特征：', 442)
------划分值:0.000,左节点损失:0.000,右节点损失:2.823,总损失:2.823
------划分值:1.000,左节点损失:1.588,右节点损失:0.777,总损失:2.365
('----划分特征：', 443)
------划分值:0.000,左节点损失:0.000,右节点损失:2.823,总损失:2.823
------划分值:1.000,左节点损失:2.085,右节点损失:0.411,总损失:2.496
('----划分特征：', 444)
------划分值:0.000,左节点损失:0.000,右节点损失:2.823,总损失:2.823
------划分值:1.000,左节点损失:2.599,右节点损失:0.148,总损失:2.747
('----划分特征：', 445)
------划分值:0.000,左节点损失:0.000,右节点损失:2.823,总损失:2.823
------划分值:1.000,左节点损失:2.818,右节点损失:0.005,总损失:2.823
('----划分特征：', 446)
------划分值:0.000,左节点损失:0.000,右节点损失:2.823,总损失:2.823
------划分值:1.000,左节点损失:2.823,右节点损失:0.000,总损失:2.823
('----划分特征：', 447)
------划分值:0.000,左节点损失:0.000,右节点损失:2.823,总损失:2.823
('----划分特征：', 448)
------划分值:0.000,左节点损失:0.000,右节点损失:2.823,总损失:2.823
('----划分特征：', 449)
------划分值:0.000,左节点损失:0.000,右节点损失:2.823,总损失:2.823
('----划分特征：', 450)
------划分值:0.000,左节点损失:0.000,右节点损失:2.823,总损失:2.823
------划分值:1.000,左节点损失:2.823,右节点损失:0.000,总损失:2.823
('----划分特征：', 451)
------划分值:0.000,左节点损失:0.000,右节点损失:2.823,总损失:2.823
------划分值:1.000,左节点损失:2.822,右节点损失:0.000,总损失:2.822
('----划分特征：', 452)
------划分值:0.000,左节点损失:0.000,右节点损失:2.823,总损失:2.823
------划分值:1.000,左节点损失:2.673,右节点损失:0.120,总损失:2.793
('----划分特征：', 453)
------划分值:0.000,左节点损失:0.000,右节点损失:2.823,总损失:2.823
------划分值:1.000,左节点损失:1.987,右节点损失:0.537,总损失:2.524
('----划分特征：', 454)
------划分值:0.000,左节点损失:0.000,右节点损失:2.823,总损失:2.823
------划分值:1.000,左节点损失:1.316,右节点损失:1.042,总损失:2.358
('----划分特征：', 455)
------划分值:0.000,左节点损失:0.000,右节点损失:2.823,总损失:2.823
------划分值:1.000,左节点损失:0.867,右节点损失:1.480,总损失:2.347
('----划分特征：', 456)
------划分值:0.000,左节点损失:0.000,右节点损失:2.823,总损失:2.823
------划分值:1.000,左节点损失:0.961,右节点损失:1.607,总损失:2.568
('----划分特征：', 457)
------划分值:0.000,左节点损失:0.000,右节点损失:2.823,总损失:2.823
------划分值:1.000,左节点损失:1.529,右节点损失:1.259,总损失:2.789
('----划分特征：', 458)
------划分值:0.000,左节点损失:0.000,右节点损失:2.823,总损失:2.823
------划分值:1.000,左节点损失:2.183,右节点损失:0.620,总损失:2.803
('----划分特征：', 459)
------划分值:0.000,左节点损失:0.000,右节点损失:2.823,总损失:2.823
------划分值:1.000,左节点损失:2.480,右节点损失:0.238,总损失:2.718
('----划分特征：', 460)
------划分值:0.000,左节点损失:0.000,右节点损失:2.823,总损失:2.823
------划分值:1.000,左节点损失:2.540,右节点损失:0.105,总损失:2.645
('----划分特征：', 461)
------划分值:0.000,左节点损失:0.000,右节点损失:2.823,总损失:2.823
------划分值:1.000,左节点损失:2.542,右节点损失:0.026,总损失:2.569
('----划分特征：', 462)
------划分值:0.000,左节点损失:0.000,右节点损失:2.823,总损失:2.823
------划分值:1.000,左节点损失:2.487,右节点损失:0.021,总损失:2.508
('----划分特征：', 463)
------划分值:0.000,左节点损失:0.000,右节点损失:2.823,总损失:2.823
------划分值:1.000,左节点损失:2.454,右节点损失:0.058,总损失:2.512
('----划分特征：', 464)
------划分值:0.000,左节点损失:0.000,右节点损失:2.823,总损失:2.823
------划分值:1.000,左节点损失:2.380,右节点损失:0.219,总损失:2.599
('----划分特征：', 465)
------划分值:1.000,左节点损失:2.142,右节点损失:0.597,总损失:2.740
------划分值:0.000,左节点损失:0.000,右节点损失:2.823,总损失:2.823
('----划分特征：', 466)
------划分值:1.000,左节点损失:1.747,右节点损失:1.076,总损失:2.823
------划分值:0.000,左节点损失:0.000,右节点损失:2.823,总损失:2.823
('----划分特征：', 467)
------划分值:1.000,左节点损失:1.316,右节点损失:1.425,总损失:2.742
------划分值:0.000,左节点损失:0.000,右节点损失:2.823,总损失:2.823
('----划分特征：', 468)
------划分值:0.000,左节点损失:0.000,右节点损失:2.823,总损失:2.823
------划分值:1.000,左节点损失:1.137,右节点损失:1.437,总损失:2.573
('----划分特征：', 469)
------划分值:0.000,左节点损失:0.000,右节点损失:2.823,总损失:2.823
------划分值:1.000,左节点损失:1.343,右节点损失:1.122,总损失:2.465
('----划分特征：', 470)
------划分值:0.000,左节点损失:0.000,右节点损失:2.823,总损失:2.823
------划分值:1.000,左节点损失:1.723,右节点损失:0.757,总损失:2.480
('----划分特征：', 471)
------划分值:0.000,左节点损失:0.000,右节点损失:2.823,总损失:2.823
------划分值:1.000,左节点损失:2.206,右节点损失:0.397,总损失:2.603
('----划分特征：', 472)
------划分值:0.000,左节点损失:0.000,右节点损失:2.823,总损失:2.823
------划分值:1.000,左节点损失:2.664,右节点损失:0.130,总损失:2.793
('----划分特征：', 473)
------划分值:0.000,左节点损失:0.000,右节点损失:2.823,总损失:2.823
------划分值:1.000,左节点损失:2.822,右节点损失:0.000,总损失:2.822
('----划分特征：', 474)
------划分值:0.000,左节点损失:0.000,右节点损失:2.823,总损失:2.823
------划分值:1.000,左节点损失:2.823,右节点损失:0.000,总损失:2.823
('----划分特征：', 475)
------划分值:0.000,左节点损失:0.000,右节点损失:2.823,总损失:2.823
('----划分特征：', 476)
------划分值:0.000,左节点损失:0.000,右节点损失:2.823,总损失:2.823
('----划分特征：', 477)
------划分值:0.000,左节点损失:0.000,右节点损失:2.823,总损失:2.823
('----划分特征：', 478)
------划分值:0.000,左节点损失:0.000,右节点损失:2.823,总损失:2.823
------划分值:1.000,左节点损失:2.823,右节点损失:0.000,总损失:2.823
('----划分特征：', 479)
------划分值:0.000,左节点损失:0.000,右节点损失:2.823,总损失:2.823
------划分值:1.000,左节点损失:2.822,右节点损失:0.000,总损失:2.822
('----划分特征：', 480)
------划分值:0.000,左节点损失:0.000,右节点损失:2.823,总损失:2.823
------划分值:1.000,左节点损失:2.641,右节点损失:0.151,总损失:2.792
('----划分特征：', 481)
------划分值:0.000,左节点损失:0.000,右节点损失:2.823,总损失:2.823
------划分值:1.000,左节点损失:1.872,右节点损失:0.627,总损失:2.499
('----划分特征：', 482)
------划分值:0.000,左节点损失:0.000,右节点损失:2.823,总损失:2.823
------划分值:1.000,左节点损失:1.201,右节点损失:1.078,总损失:2.279
('----划分特征：', 483)
------划分值:0.000,左节点损失:0.000,右节点损失:2.823,总损失:2.823
------划分值:1.000,左节点损失:0.848,右节点损失:1.476,总损失:2.323
('----划分特征：', 484)
------划分值:0.000,左节点损失:0.000,右节点损失:2.823,总损失:2.823
------划分值:1.000,左节点损失:1.025,右节点损失:1.525,总损失:2.551
('----划分特征：', 485)
------划分值:0.000,左节点损失:0.000,右节点损失:2.823,总损失:2.823
------划分值:1.000,左节点损失:1.617,右节点损失:1.167,总损失:2.783
('----划分特征：', 486)
------划分值:0.000,左节点损失:0.000,右节点损失:2.823,总损失:2.823
------划分值:1.000,左节点损失:2.283,右节点损失:0.522,总损失:2.804
('----划分特征：', 487)
------划分值:0.000,左节点损失:0.000,右节点损失:2.823,总损失:2.823
------划分值:1.000,左节点损失:2.498,右节点损失:0.243,总损失:2.741
('----划分特征：', 488)
------划分值:0.000,左节点损失:0.000,右节点损失:2.823,总损失:2.823
------划分值:1.000,左节点损失:2.570,右节点损失:0.120,总损失:2.690
('----划分特征：', 489)
------划分值:0.000,左节点损失:0.000,右节点损失:2.823,总损失:2.823
------划分值:1.000,左节点损失:2.567,右节点损失:0.068,总损失:2.635
('----划分特征：', 490)
------划分值:0.000,左节点损失:0.000,右节点损失:2.823,总损失:2.823
------划分值:1.000,左节点损失:2.493,右节点损失:0.105,总损失:2.598
('----划分特征：', 491)
------划分值:0.000,左节点损失:0.000,右节点损失:2.823,总损失:2.823
------划分值:1.000,左节点损失:2.395,右节点损失:0.239,总损失:2.634
('----划分特征：', 492)
------划分值:0.000,左节点损失:0.000,右节点损失:2.823,总损失:2.823
------划分值:1.000,左节点损失:2.241,右节点损失:0.475,总损失:2.716
('----划分特征：', 493)
------划分值:1.000,左节点损失:1.883,右节点损失:0.926,总损失:2.809
------划分值:0.000,左节点损失:0.000,右节点损失:2.823,总损失:2.823
('----划分特征：', 494)
------划分值:1.000,左节点损失:1.412,右节点损失:1.385,总损失:2.797
------划分值:0.000,左节点损失:0.000,右节点损失:2.823,总损失:2.823
('----划分特征：', 495)
------划分值:1.000,左节点损失:1.164,右节点损失:1.524,总损失:2.688
------划分值:0.000,左节点损失:0.000,右节点损失:2.823,总损失:2.823
('----划分特征：', 496)
------划分值:0.000,左节点损失:0.000,右节点损失:2.823,总损失:2.823
------划分值:1.000,左节点损失:1.170,右节点损失:1.414,总损失:2.584
('----划分特征：', 497)
------划分值:0.000,左节点损失:0.000,右节点损失:2.823,总损失:2.823
------划分值:1.000,左节点损失:1.521,右节点损失:1.041,总损失:2.563
('----划分特征：', 498)
------划分值:0.000,左节点损失:0.000,右节点损失:2.823,总损失:2.823
------划分值:1.000,左节点损失:1.925,右节点损失:0.677,总损失:2.602
('----划分特征：', 499)
------划分值:0.000,左节点损失:0.000,右节点损失:2.823,总损失:2.823
------划分值:1.000,左节点损失:2.410,右节点损失:0.319,总损失:2.730
('----划分特征：', 500)
------划分值:0.000,左节点损失:0.000,右节点损失:2.823,总损失:2.823
------划分值:1.000,左节点损失:2.689,右节点损失:0.121,总损失:2.810
('----划分特征：', 501)
------划分值:0.000,左节点损失:0.000,右节点损失:2.823,总损失:2.823
------划分值:1.000,左节点损失:2.821,右节点损失:0.000,总损失:2.821
('----划分特征：', 502)
------划分值:0.000,左节点损失:0.000,右节点损失:2.823,总损失:2.823
------划分值:1.000,左节点损失:2.823,右节点损失:0.000,总损失:2.823
('----划分特征：', 503)
------划分值:0.000,左节点损失:0.000,右节点损失:2.823,总损失:2.823
('----划分特征：', 504)
------划分值:0.000,左节点损失:0.000,右节点损失:2.823,总损失:2.823
('----划分特征：', 505)
------划分值:0.000,左节点损失:0.000,右节点损失:2.823,总损失:2.823
('----划分特征：', 506)
------划分值:0.000,左节点损失:0.000,右节点损失:2.823,总损失:2.823
------划分值:1.000,左节点损失:2.823,右节点损失:0.000,总损失:2.823
('----划分特征：', 507)
------划分值:0.000,左节点损失:0.000,右节点损失:2.823,总损失:2.823
------划分值:1.000,左节点损失:2.821,右节点损失:0.000,总损失:2.821
('----划分特征：', 508)
------划分值:0.000,左节点损失:0.000,右节点损失:2.823,总损失:2.823
------划分值:1.000,左节点损失:2.595,右节点损失:0.203,总损失:2.798
('----划分特征：', 509)
------划分值:0.000,左节点损失:0.000,右节点损失:2.823,总损失:2.823
------划分值:1.000,左节点损失:1.953,右节点损失:0.642,总损失:2.595
('----划分特征：', 510)
------划分值:0.000,左节点损失:0.000,右节点损失:2.823,总损失:2.823
------划分值:1.000,左节点损失:1.200,右节点损失:1.129,总损失:2.329
('----划分特征：', 511)
------划分值:0.000,左节点损失:0.000,右节点损失:2.823,总损失:2.823
------划分值:1.000,左节点损失:0.788,右节点损失:1.490,总损失:2.279
('----划分特征：', 512)
------划分值:0.000,左节点损失:0.000,右节点损失:2.823,总损失:2.823
------划分值:1.000,左节点损失:1.003,右节点损失:1.492,总损失:2.495
('----划分特征：', 513)
------划分值:0.000,左节点损失:0.000,右节点损失:2.823,总损失:2.823
------划分值:1.000,左节点损失:1.599,右节点损失:1.163,总损失:2.762
('----划分特征：', 514)
------划分值:0.000,左节点损失:0.000,右节点损失:2.823,总损失:2.823
------划分值:1.000,左节点损失:2.170,右节点损失:0.648,总损失:2.818
('----划分特征：', 515)
------划分值:0.000,左节点损失:0.000,右节点损失:2.823,总损失:2.823
------划分值:1.000,左节点损失:2.461,右节点损失:0.307,总损失:2.767
('----划分特征：', 516)
------划分值:0.000,左节点损失:0.000,右节点损失:2.823,总损失:2.823
------划分值:1.000,左节点损失:2.525,右节点损失:0.207,总损失:2.733
('----划分特征：', 517)
------划分值:0.000,左节点损失:0.000,右节点损失:2.823,总损失:2.823
------划分值:1.000,左节点损失:2.502,右节点损失:0.187,总损失:2.689
('----划分特征：', 518)
------划分值:0.000,左节点损失:0.000,右节点损失:2.823,总损失:2.823
------划分值:1.000,左节点损失:2.394,右节点损失:0.285,总损失:2.679
('----划分特征：', 519)
------划分值:1.000,左节点损失:2.153,右节点损失:0.588,总损失:2.741
------划分值:0.000,左节点损失:0.000,右节点损失:2.823,总损失:2.823
('----划分特征：', 520)
------划分值:1.000,左节点损失:1.888,右节点损失:0.915,总损失:2.803
------划分值:0.000,左节点损失:0.000,右节点损失:2.823,总损失:2.823
('----划分特征：', 521)
------划分值:1.000,左节点损失:1.407,右节点损失:1.404,总损失:2.812
------划分值:0.000,左节点损失:0.000,右节点损失:2.823,总损失:2.823
('----划分特征：', 522)
------划分值:1.000,左节点损失:1.119,右节点损失:1.624,总损失:2.743
------划分值:0.000,左节点损失:0.000,右节点损失:2.823,总损失:2.823
('----划分特征：', 523)
------划分值:1.000,左节点损失:1.070,右节点损失:1.579,总损失:2.649
------划分值:0.000,左节点损失:0.000,右节点损失:2.823,总损失:2.823
('----划分特征：', 524)
------划分值:0.000,左节点损失:0.000,右节点损失:2.823,总损失:2.823
------划分值:1.000,左节点损失:1.417,右节点损失:1.233,总损失:2.650
('----划分特征：', 525)
------划分值:0.000,左节点损失:0.000,右节点损失:2.823,总损失:2.823
------划分值:1.000,左节点损失:1.790,右节点损失:0.881,总损失:2.671
('----划分特征：', 526)
------划分值:0.000,左节点损失:0.000,右节点损失:2.823,总损失:2.823
------划分值:1.000,左节点损失:2.231,右节点损失:0.507,总损失:2.737
('----划分特征：', 527)
------划分值:0.000,左节点损失:0.000,右节点损失:2.823,总损失:2.823
------划分值:1.000,左节点损失:2.585,右节点损失:0.215,总损失:2.800
('----划分特征：', 528)
------划分值:0.000,左节点损失:0.000,右节点损失:2.823,总损失:2.823
------划分值:1.000,左节点损失:2.772,右节点损失:0.050,总损失:2.822
('----划分特征：', 529)
------划分值:0.000,左节点损失:0.000,右节点损失:2.823,总损失:2.823
------划分值:1.000,左节点损失:2.822,右节点损失:0.000,总损失:2.822
('----划分特征：', 530)
------划分值:0.000,左节点损失:0.000,右节点损失:2.823,总损失:2.823
------划分值:1.000,左节点损失:2.823,右节点损失:0.000,总损失:2.823
('----划分特征：', 531)
------划分值:0.000,左节点损失:0.000,右节点损失:2.823,总损失:2.823
------划分值:1.000,左节点损失:2.823,右节点损失:0.000,总损失:2.823
('----划分特征：', 532)
------划分值:0.000,左节点损失:0.000,右节点损失:2.823,总损失:2.823
('----划分特征：', 533)
------划分值:0.000,左节点损失:0.000,右节点损失:2.823,总损失:2.823
('----划分特征：', 534)
------划分值:0.000,左节点损失:0.000,右节点损失:2.823,总损失:2.823
------划分值:1.000,左节点损失:2.823,右节点损失:0.000,总损失:2.823
('----划分特征：', 535)
------划分值:0.000,左节点损失:0.000,右节点损失:2.823,总损失:2.823
------划分值:1.000,左节点损失:2.811,右节点损失:0.010,总损失:2.821
('----划分特征：', 536)
------划分值:0.000,左节点损失:0.000,右节点损失:2.823,总损失:2.823
------划分值:1.000,左节点损失:2.610,右节点损失:0.200,总损失:2.811
('----划分特征：', 537)
------划分值:0.000,左节点损失:0.000,右节点损失:2.823,总损失:2.823
------划分值:1.000,左节点损失:1.973,右节点损失:0.680,总损失:2.653
('----划分特征：', 538)
------划分值:0.000,左节点损失:0.000,右节点损失:2.823,总损失:2.823
------划分值:1.000,左节点损失:1.290,右节点损失:1.163,总损失:2.453
('----划分特征：', 539)
------划分值:0.000,左节点损失:0.000,右节点损失:2.823,总损失:2.823
------划分值:1.000,左节点损失:0.798,右节点损失:1.535,总损失:2.333
('----划分特征：', 540)
------划分值:0.000,左节点损失:0.000,右节点损失:2.823,总损失:2.823
------划分值:1.000,左节点损失:0.900,右节点损失:1.587,总损失:2.487
('----划分特征：', 541)
------划分值:0.000,左节点损失:0.000,右节点损失:2.823,总损失:2.823
------划分值:1.000,左节点损失:1.353,右节点损失:1.366,总损失:2.719
('----划分特征：', 542)
------划分值:0.000,左节点损失:0.000,右节点损失:2.823,总损失:2.823
------划分值:1.000,左节点损失:1.854,右节点损失:0.966,总损失:2.820
('----划分特征：', 543)
------划分值:0.000,左节点损失:0.000,右节点损失:2.823,总损失:2.823
------划分值:1.000,左节点损失:2.142,右节点损失:0.669,总损失:2.811
('----划分特征：', 544)
------划分值:0.000,左节点损失:0.000,右节点损失:2.823,总损失:2.823
------划分值:1.000,左节点损失:2.218,右节点损失:0.567,总损失:2.784
('----划分特征：', 545)
------划分值:1.000,左节点损失:2.150,右节点损失:0.623,总损失:2.773
------划分值:0.000,左节点损失:0.000,右节点损失:2.823,总损失:2.823
('----划分特征：', 546)
------划分值:1.000,左节点损失:1.962,右节点损失:0.821,总损失:2.783
------划分值:0.000,左节点损失:0.000,右节点损失:2.823,总损失:2.823
('----划分特征：', 547)
------划分值:1.000,左节点损失:1.679,右节点损失:1.139,总损失:2.817
------划分值:0.000,左节点损失:0.000,右节点损失:2.823,总损失:2.823
('----划分特征：', 548)
------划分值:1.000,左节点损失:1.285,右节点损失:1.525,总损失:2.810
------划分值:0.000,左节点损失:0.000,右节点损失:2.823,总损失:2.823
('----划分特征：', 549)
------划分值:1.000,左节点损失:1.053,右节点损失:1.706,总损失:2.760
------划分值:0.000,左节点损失:0.000,右节点损失:2.823,总损失:2.823
('----划分特征：', 550)
------划分值:1.000,左节点损失:1.013,右节点损失:1.689,总损失:2.701
------划分值:0.000,左节点损失:0.000,右节点损失:2.823,总损失:2.823
('----划分特征：', 551)
------划分值:1.000,左节点损失:1.275,右节点损失:1.414,总损失:2.689
------划分值:0.000,左节点损失:0.000,右节点损失:2.823,总损失:2.823
('----划分特征：', 552)
------划分值:0.000,左节点损失:0.000,右节点损失:2.823,总损失:2.823
------划分值:1.000,左节点损失:1.714,右节点损失:1.008,总损失:2.722
('----划分特征：', 553)
------划分值:0.000,左节点损失:0.000,右节点损失:2.823,总损失:2.823
------划分值:1.000,左节点损失:2.072,右节点损失:0.673,总损失:2.746
('----划分特征：', 554)
------划分值:0.000,左节点损失:0.000,右节点损失:2.823,总损失:2.823
------划分值:1.000,左节点损失:2.488,右节点损失:0.314,总损失:2.802
('----划分特征：', 555)
------划分值:0.000,左节点损失:0.000,右节点损失:2.823,总损失:2.823
------划分值:1.000,左节点损失:2.682,右节点损失:0.137,总损失:2.818
('----划分特征：', 556)
------划分值:0.000,左节点损失:0.000,右节点损失:2.823,总损失:2.823
------划分值:1.000,左节点损失:2.803,右节点损失:0.020,总损失:2.823
('----划分特征：', 557)
------划分值:0.000,左节点损失:0.000,右节点损失:2.823,总损失:2.823
------划分值:1.000,左节点损失:2.822,右节点损失:0.000,总损失:2.822
('----划分特征：', 558)
------划分值:0.000,左节点损失:0.000,右节点损失:2.823,总损失:2.823
('----划分特征：', 559)
------划分值:0.000,左节点损失:0.000,右节点损失:2.823,总损失:2.823
('----划分特征：', 560)
------划分值:0.000,左节点损失:0.000,右节点损失:2.823,总损失:2.823
('----划分特征：', 561)
------划分值:0.000,左节点损失:0.000,右节点损失:2.823,总损失:2.823
('----划分特征：', 562)
------划分值:0.000,左节点损失:0.000,右节点损失:2.823,总损失:2.823
------划分值:1.000,左节点损失:2.822,右节点损失:0.000,总损失:2.822
('----划分特征：', 563)
------划分值:0.000,左节点损失:0.000,右节点损失:2.823,总损失:2.823
------划分值:1.000,左节点损失:2.815,右节点损失:0.005,总损失:2.820
('----划分特征：', 564)
------划分值:0.000,左节点损失:0.000,右节点损失:2.823,总损失:2.823
------划分值:1.000,左节点损失:2.649,右节点损失:0.170,总损失:2.819
('----划分特征：', 565)
------划分值:0.000,左节点损失:0.000,右节点损失:2.823,总损失:2.823
------划分值:1.000,左节点损失:2.237,右节点损失:0.526,总损失:2.763
('----划分特征：', 566)
------划分值:0.000,左节点损失:0.000,右节点损失:2.823,总损失:2.823
------划分值:1.000,左节点损失:1.534,右节点损失:1.069,总损失:2.603
('----划分特征：', 567)
------划分值:0.000,左节点损失:0.000,右节点损失:2.823,总损失:2.823
------划分值:1.000,左节点损失:0.949,右节点损失:1.521,总损失:2.471
('----划分特征：', 568)
------划分值:0.000,左节点损失:0.000,右节点损失:2.823,总损失:2.823
------划分值:1.000,左节点损失:0.801,右节点损失:1.699,总损失:2.500
('----划分特征：', 569)
------划分值:0.000,左节点损失:0.000,右节点损失:2.823,总损失:2.823
------划分值:1.000,左节点损失:0.891,右节点损失:1.729,总损失:2.620
('----划分特征：', 570)
------划分值:0.000,左节点损失:0.000,右节点损失:2.823,总损失:2.823
------划分值:1.000,左节点损失:1.237,右节点损失:1.520,总损失:2.757
('----划分特征：', 571)
------划分值:0.000,左节点损失:0.000,右节点损失:2.823,总损失:2.823
------划分值:1.000,左节点损失:1.573,右节点损失:1.244,总损失:2.817
('----划分特征：', 572)
------划分值:1.000,左节点损失:1.605,右节点损失:1.218,总损失:2.823
------划分值:0.000,左节点损失:0.000,右节点损失:2.823,总损失:2.823
('----划分特征：', 573)
------划分值:1.000,左节点损失:1.482,右节点损失:1.341,总损失:2.823
------划分值:0.000,左节点损失:0.000,右节点损失:2.823,总损失:2.823
('----划分特征：', 574)
------划分值:1.000,左节点损失:1.286,右节点损失:1.534,总损失:2.820
------划分值:0.000,左节点损失:0.000,右节点损失:2.823,总损失:2.823
('----划分特征：', 575)
------划分值:1.000,左节点损失:1.043,右节点损失:1.754,总损失:2.797
------划分值:0.000,左节点损失:0.000,右节点损失:2.823,总损失:2.823
('----划分特征：', 576)
------划分值:1.000,左节点损失:0.867,右节点损失:1.879,总损失:2.746
------划分值:0.000,左节点损失:0.000,右节点损失:2.823,总损失:2.823
('----划分特征：', 577)
------划分值:1.000,左节点损失:0.900,右节点损失:1.803,总损失:2.703
------划分值:0.000,左节点损失:0.000,右节点损失:2.823,总损失:2.823
('----划分特征：', 578)
------划分值:0.000,左节点损失:0.000,右节点损失:2.823,总损失:2.823
------划分值:1.000,左节点损失:1.247,右节点损失:1.476,总损失:2.723
('----划分特征：', 579)
------划分值:0.000,左节点损失:0.000,右节点损失:2.823,总损失:2.823
------划分值:1.000,左节点损失:1.703,右节点损失:1.061,总损失:2.764
('----划分特征：', 580)
------划分值:0.000,左节点损失:0.000,右节点损失:2.823,总损失:2.823
------划分值:1.000,左节点损失:2.062,右节点损失:0.717,总损失:2.779
('----划分特征：', 581)
------划分值:0.000,左节点损失:0.000,右节点损失:2.823,总损失:2.823
------划分值:1.000,左节点损失:2.412,右节点损失:0.394,总损失:2.806
('----划分特征：', 582)
------划分值:0.000,左节点损失:0.000,右节点损失:2.823,总损失:2.823
------划分值:1.000,左节点损失:2.643,右节点损失:0.177,总损失:2.820
('----划分特征：', 583)
------划分值:0.000,左节点损失:0.000,右节点损失:2.823,总损失:2.823
------划分值:1.000,左节点损失:2.766,右节点损失:0.057,总损失:2.823
('----划分特征：', 584)
------划分值:0.000,左节点损失:0.000,右节点损失:2.823,总损失:2.823
------划分值:1.000,左节点损失:2.812,右节点损失:0.010,总损失:2.822
('----划分特征：', 585)
------划分值:0.000,左节点损失:0.000,右节点损失:2.823,总损失:2.823
------划分值:1.000,左节点损失:2.822,右节点损失:0.000,总损失:2.822
('----划分特征：', 586)
------划分值:0.000,左节点损失:0.000,右节点损失:2.823,总损失:2.823
------划分值:1.000,左节点损失:2.819,右节点损失:0.004,总损失:2.822
('----划分特征：', 587)
------划分值:0.000,左节点损失:0.000,右节点损失:2.823,总损失:2.823
('----划分特征：', 588)
------划分值:0.000,左节点损失:0.000,右节点损失:2.823,总损失:2.823
('----划分特征：', 589)
------划分值:0.000,左节点损失:0.000,右节点损失:2.823,总损失:2.823
('----划分特征：', 590)
------划分值:0.000,左节点损失:0.000,右节点损失:2.823,总损失:2.823
------划分值:1.000,左节点损失:2.822,右节点损失:0.000,总损失:2.822
('----划分特征：', 591)
------划分值:0.000,左节点损失:0.000,右节点损失:2.823,总损失:2.823
------划分值:1.000,左节点损失:2.816,右节点损失:0.005,总损失:2.821
('----划分特征：', 592)
------划分值:0.000,左节点损失:0.000,右节点损失:2.823,总损失:2.823
------划分值:1.000,左节点损失:2.716,右节点损失:0.106,总损失:2.822
('----划分特征：', 593)
------划分值:0.000,左节点损失:0.000,右节点损失:2.823,总损失:2.823
------划分值:1.000,左节点损失:2.406,右节点损失:0.390,总损失:2.796
('----划分特征：', 594)
------划分值:0.000,左节点损失:0.000,右节点损失:2.823,总损失:2.823
------划分值:1.000,左节点损失:1.906,右节点损失:0.823,总损失:2.729
('----划分特征：', 595)
------划分值:0.000,左节点损失:0.000,右节点损失:2.823,总损失:2.823
------划分值:1.000,左节点损失:1.260,右节点损失:1.355,总损失:2.616
('----划分特征：', 596)
------划分值:0.000,左节点损失:0.000,右节点损失:2.823,总损失:2.823
------划分值:1.000,左节点损失:0.834,右节点损失:1.717,总损失:2.551
('----划分特征：', 597)
------划分值:0.000,左节点损失:0.000,右节点损失:2.823,总损失:2.823
------划分值:1.000,左节点损失:0.580,右节点损失:1.979,总损失:2.559
('----划分特征：', 598)
------划分值:1.000,左节点损失:0.584,右节点损失:2.043,总损失:2.627
------划分值:0.000,左节点损失:0.000,右节点损失:2.823,总损失:2.823
('----划分特征：', 599)
------划分值:1.000,左节点损失:0.718,右节点损失:1.997,总损失:2.715
------划分值:0.000,左节点损失:0.000,右节点损失:2.823,总损失:2.823
('----划分特征：', 600)
------划分值:1.000,左节点损失:0.820,右节点损失:1.943,总损失:2.763
------划分值:0.000,左节点损失:0.000,右节点损失:2.823,总损失:2.823
('----划分特征：', 601)
------划分值:1.000,左节点损失:0.794,右节点损失:1.977,总损失:2.771
------划分值:0.000,左节点损失:0.000,右节点损失:2.823,总损失:2.823
('----划分特征：', 602)
------划分值:1.000,左节点损失:0.747,右节点损失:2.012,总损失:2.760
------划分值:0.000,左节点损失:0.000,右节点损失:2.823,总损失:2.823
('----划分特征：', 603)
------划分值:1.000,左节点损失:0.702,右节点损失:2.022,总损失:2.725
------划分值:0.000,左节点损失:0.000,右节点损失:2.823,总损失:2.823
('----划分特征：', 604)
------划分值:0.000,左节点损失:0.000,右节点损失:2.823,总损失:2.823
------划分值:1.000,左节点损失:0.823,右节点损失:1.874,总损失:2.697
('----划分特征：', 605)
------划分值:0.000,左节点损失:0.000,右节点损失:2.823,总损失:2.823
------划分值:1.000,左节点损失:1.246,右节点损失:1.487,总损失:2.733
('----划分特征：', 606)
------划分值:0.000,左节点损失:0.000,右节点损失:2.823,总损失:2.823
------划分值:1.000,左节点损失:1.691,右节点损失:1.081,总损失:2.772
('----划分特征：', 607)
------划分值:0.000,左节点损失:0.000,右节点损失:2.823,总损失:2.823
------划分值:1.000,左节点损失:2.080,右节点损失:0.717,总损失:2.797
('----划分特征：', 608)
------划分值:0.000,左节点损失:0.000,右节点损失:2.823,总损失:2.823
------划分值:1.000,左节点损失:2.387,右节点损失:0.425,总损失:2.812
('----划分特征：', 609)
------划分值:0.000,左节点损失:0.000,右节点损失:2.823,总损失:2.823
------划分值:1.000,左节点损失:2.610,右节点损失:0.211,总损失:2.821
('----划分特征：', 610)
------划分值:0.000,左节点损失:0.000,右节点损失:2.823,总损失:2.823
------划分值:1.000,左节点损失:2.759,右节点损失:0.064,总损失:2.822
('----划分特征：', 611)
------划分值:0.000,左节点损失:0.000,右节点损失:2.823,总损失:2.823
------划分值:1.000,左节点损失:2.806,右节点损失:0.015,总损失:2.822
('----划分特征：', 612)
------划分值:0.000,左节点损失:0.000,右节点损失:2.823,总损失:2.823
------划分值:1.000,左节点损失:2.817,右节点损失:0.005,总损失:2.822
('----划分特征：', 613)
------划分值:0.000,左节点损失:0.000,右节点损失:2.823,总损失:2.823
------划分值:1.000,左节点损失:2.822,右节点损失:0.000,总损失:2.822
('----划分特征：', 614)
------划分值:0.000,左节点损失:0.000,右节点损失:2.823,总损失:2.823
------划分值:1.000,左节点损失:2.819,右节点损失:0.003,总损失:2.821
('----划分特征：', 615)
------划分值:0.000,左节点损失:0.000,右节点损失:2.823,总损失:2.823
('----划分特征：', 616)
------划分值:0.000,左节点损失:0.000,右节点损失:2.823,总损失:2.823
('----划分特征：', 617)
------划分值:0.000,左节点损失:0.000,右节点损失:2.823,总损失:2.823
('----划分特征：', 618)
------划分值:0.000,左节点损失:0.000,右节点损失:2.823,总损失:2.823
------划分值:1.000,左节点损失:2.823,右节点损失:0.000,总损失:2.823
('----划分特征：', 619)
------划分值:0.000,左节点损失:0.000,右节点损失:2.823,总损失:2.823
------划分值:1.000,左节点损失:2.817,右节点损失:0.005,总损失:2.822
('----划分特征：', 620)
------划分值:0.000,左节点损失:0.000,右节点损失:2.823,总损失:2.823
------划分值:1.000,左节点损失:2.793,右节点损失:0.030,总损失:2.822
('----划分特征：', 621)
------划分值:0.000,左节点损失:0.000,右节点损失:2.823,总损失:2.823
------划分值:1.000,左节点损失:2.592,右节点损失:0.220,总损失:2.812
('----划分特征：', 622)
------划分值:0.000,左节点损失:0.000,右节点损失:2.823,总损失:2.823
------划分值:1.000,左节点损失:2.266,右节点损失:0.515,总损失:2.781
('----划分特征：', 623)
------划分值:1.000,左节点损失:1.775,右节点损失:0.950,总损失:2.725
------划分值:0.000,左节点损失:0.000,右节点损失:2.823,总损失:2.823
('----划分特征：', 624)
------划分值:1.000,左节点损失:1.300,右节点损失:1.376,总损失:2.676
------划分值:0.000,左节点损失:0.000,右节点损失:2.823,总损失:2.823
('----划分特征：', 625)
------划分值:1.000,左节点损失:0.827,右节点损失:1.790,总损失:2.617
------划分值:0.000,左节点损失:0.000,右节点损失:2.823,总损失:2.823
('----划分特征：', 626)
------划分值:1.000,左节点损失:0.514,右节点损失:2.091,总损失:2.605
------划分值:0.000,左节点损失:0.000,右节点损失:2.823,总损失:2.823
('----划分特征：', 627)
------划分值:1.000,左节点损失:0.453,右节点损失:2.190,总损失:2.643
------划分值:0.000,左节点损失:0.000,右节点损失:2.823,总损失:2.823
('----划分特征：', 628)
------划分值:1.000,左节点损失:0.457,右节点损失:2.212,总损失:2.669
------划分值:0.000,左节点损失:0.000,右节点损失:2.823,总损失:2.823
('----划分特征：', 629)
------划分值:1.000,左节点损失:0.556,右节点损失:2.138,总损失:2.694
------划分值:0.000,左节点损失:0.000,右节点损失:2.823,总损失:2.823
('----划分特征：', 630)
------划分值:0.000,左节点损失:0.000,右节点损失:2.823,总损失:2.823
------划分值:1.000,左节点损失:0.670,右节点损失:2.030,总损失:2.700
('----划分特征：', 631)
------划分值:0.000,左节点损失:0.000,右节点损失:2.823,总损失:2.823
------划分值:1.000,左节点损失:1.004,右节点损失:1.729,总损失:2.733
('----划分特征：', 632)
------划分值:0.000,左节点损失:0.000,右节点损失:2.823,总损失:2.823
------划分值:1.000,左节点损失:1.426,右节点损失:1.342,总损失:2.768
('----划分特征：', 633)
------划分值:0.000,左节点损失:0.000,右节点损失:2.823,总损失:2.823
------划分值:1.000,左节点损失:1.890,右节点损失:0.910,总损失:2.800
('----划分特征：', 634)
------划分值:0.000,左节点损失:0.000,右节点损失:2.823,总损失:2.823
------划分值:1.000,左节点损失:2.202,右节点损失:0.611,总损失:2.813
('----划分特征：', 635)
------划分值:0.000,左节点损失:0.000,右节点损失:2.823,总损失:2.823
------划分值:1.000,左节点损失:2.464,右节点损失:0.357,总损失:2.821
('----划分特征：', 636)
------划分值:0.000,左节点损失:0.000,右节点损失:2.823,总损失:2.823
------划分值:1.000,左节点损失:2.638,右节点损失:0.185,总损失:2.823
('----划分特征：', 637)
------划分值:0.000,左节点损失:0.000,右节点损失:2.823,总损失:2.823
------划分值:1.000,左节点损失:2.757,右节点损失:0.064,总损失:2.822
('----划分特征：', 638)
------划分值:0.000,左节点损失:0.000,右节点损失:2.823,总损失:2.823
------划分值:1.000,左节点损失:2.796,右节点损失:0.025,总损失:2.822
('----划分特征：', 639)
------划分值:0.000,左节点损失:0.000,右节点损失:2.823,总损失:2.823
------划分值:1.000,左节点损失:2.817,右节点损失:0.005,总损失:2.822
('----划分特征：', 640)
------划分值:0.000,左节点损失:0.000,右节点损失:2.823,总损失:2.823
------划分值:1.000,左节点损失:2.822,右节点损失:0.000,总损失:2.822
('----划分特征：', 641)
------划分值:0.000,左节点损失:0.000,右节点损失:2.823,总损失:2.823
------划分值:1.000,左节点损失:2.823,右节点损失:0.000,总损失:2.823
('----划分特征：', 642)
------划分值:0.000,左节点损失:0.000,右节点损失:2.823,总损失:2.823
------划分值:1.000,左节点损失:2.819,右节点损失:0.000,总损失:2.819
('----划分特征：', 643)
------划分值:0.000,左节点损失:0.000,右节点损失:2.823,总损失:2.823
('----划分特征：', 644)
------划分值:0.000,左节点损失:0.000,右节点损失:2.823,总损失:2.823
('----划分特征：', 645)
------划分值:0.000,左节点损失:0.000,右节点损失:2.823,总损失:2.823
('----划分特征：', 646)
------划分值:0.000,左节点损失:0.000,右节点损失:2.823,总损失:2.823
------划分值:1.000,左节点损失:2.823,右节点损失:0.000,总损失:2.823
('----划分特征：', 647)
------划分值:0.000,左节点损失:0.000,右节点损失:2.823,总损失:2.823
------划分值:1.000,左节点损失:2.823,右节点损失:0.000,总损失:2.823
('----划分特征：', 648)
------划分值:0.000,左节点损失:0.000,右节点损失:2.823,总损失:2.823
------划分值:1.000,左节点损失:2.813,右节点损失:0.010,总损失:2.823
('----划分特征：', 649)
------划分值:1.000,左节点损失:2.757,右节点损失:0.065,总损失:2.823
------划分值:0.000,左节点损失:0.000,右节点损失:2.823,总损失:2.823
('----划分特征：', 650)
------划分值:1.000,左节点损失:2.651,右节点损失:0.170,总损失:2.821
------划分值:0.000,左节点损失:0.000,右节点损失:2.823,总损失:2.823
('----划分特征：', 651)
------划分值:1.000,左节点损失:2.450,右节点损失:0.366,总损失:2.816
------划分值:0.000,左节点损失:0.000,右节点损失:2.823,总损失:2.823
('----划分特征：', 652)
------划分值:1.000,左节点损失:2.101,右节点损失:0.700,总损失:2.801
------划分值:0.000,左节点损失:0.000,右节点损失:2.823,总损失:2.823
('----划分特征：', 653)
------划分值:1.000,左节点损失:1.685,右节点损失:1.091,总损失:2.776
------划分值:0.000,左节点损失:0.000,右节点损失:2.823,总损失:2.823
('----划分特征：', 654)
------划分值:1.000,左节点损失:1.402,右节点损失:1.368,总损失:2.770
------划分值:0.000,左节点损失:0.000,右节点损失:2.823,总损失:2.823
('----划分特征：', 655)
------划分值:1.000,左节点损失:1.123,右节点损失:1.625,总损失:2.748
------划分值:0.000,左节点损失:0.000,右节点损失:2.823,总损失:2.823
('----划分特征：', 656)
------划分值:1.000,左节点损失:1.098,右节点损失:1.653,总损失:2.751
------划分值:0.000,左节点损失:0.000,右节点损失:2.823,总损失:2.823
('----划分特征：', 657)
------划分值:0.000,左节点损失:0.000,右节点损失:2.823,总损失:2.823
------划分值:1.000,左节点损失:1.276,右节点损失:1.500,总损失:2.776
('----划分特征：', 658)
------划分值:0.000,左节点损失:0.000,右节点损失:2.823,总损失:2.823
------划分值:1.000,左节点损失:1.593,右节点损失:1.211,总损失:2.805
('----划分特征：', 659)
------划分值:0.000,左节点损失:0.000,右节点损失:2.823,总损失:2.823
------划分值:1.000,左节点损失:1.929,右节点损失:0.888,总损失:2.817
('----划分特征：', 660)
------划分值:0.000,左节点损失:0.000,右节点损失:2.823,总损失:2.823
------划分值:1.000,左节点损失:2.296,右节点损失:0.527,总损失:2.823
('----划分特征：', 661)
------划分值:0.000,左节点损失:0.000,右节点损失:2.823,总损失:2.823
------划分值:1.000,左节点损失:2.467,右节点损失:0.356,总损失:2.823
('----划分特征：', 662)
------划分值:0.000,左节点损失:0.000,右节点损失:2.823,总损失:2.823
------划分值:1.000,左节点损失:2.609,右节点损失:0.213,总损失:2.822
('----划分特征：', 663)
------划分值:0.000,左节点损失:0.000,右节点损失:2.823,总损失:2.823
------划分值:1.000,左节点损失:2.746,右节点损失:0.071,总损失:2.817
('----划分特征：', 664)
------划分值:0.000,左节点损失:0.000,右节点损失:2.823,总损失:2.823
------划分值:1.000,左节点损失:2.783,右节点损失:0.036,总损失:2.819
('----划分特征：', 665)
------划分值:0.000,左节点损失:0.000,右节点损失:2.823,总损失:2.823
------划分值:1.000,左节点损失:2.809,右节点损失:0.010,总损失:2.819
('----划分特征：', 666)
------划分值:0.000,左节点损失:0.000,右节点损失:2.823,总损失:2.823
------划分值:1.000,左节点损失:2.816,右节点损失:0.005,总损失:2.821
('----划分特征：', 667)
------划分值:0.000,左节点损失:0.000,右节点损失:2.823,总损失:2.823
------划分值:1.000,左节点损失:2.822,右节点损失:0.000,总损失:2.822
('----划分特征：', 668)
------划分值:0.000,左节点损失:0.000,右节点损失:2.823,总损失:2.823
------划分值:1.000,左节点损失:2.823,右节点损失:0.000,总损失:2.823
('----划分特征：', 669)
------划分值:0.000,左节点损失:0.000,右节点损失:2.823,总损失:2.823
('----划分特征：', 670)
------划分值:0.000,左节点损失:0.000,右节点损失:2.823,总损失:2.823
('----划分特征：', 671)
------划分值:0.000,左节点损失:0.000,右节点损失:2.823,总损失:2.823
('----划分特征：', 672)
------划分值:0.000,左节点损失:0.000,右节点损失:2.823,总损失:2.823
('----划分特征：', 673)
------划分值:0.000,左节点损失:0.000,右节点损失:2.823,总损失:2.823
('----划分特征：', 674)
------划分值:0.000,左节点损失:0.000,右节点损失:2.823,总损失:2.823
('----划分特征：', 675)
------划分值:0.000,左节点损失:0.000,右节点损失:2.823,总损失:2.823
------划分值:1.000,左节点损失:2.823,右节点损失:0.000,总损失:2.823
('----划分特征：', 676)
------划分值:1.000,左节点损失:2.818,右节点损失:0.005,总损失:2.823
------划分值:0.000,左节点损失:0.000,右节点损失:2.823,总损失:2.823
('----划分特征：', 677)
------划分值:1.000,左节点损失:2.812,右节点损失:0.010,总损失:2.822
------划分值:0.000,左节点损失:0.000,右节点损失:2.823,总损失:2.823
('----划分特征：', 678)
------划分值:1.000,左节点损失:2.805,右节点损失:0.015,总损失:2.820
------划分值:0.000,左节点损失:0.000,右节点损失:2.823,总损失:2.823
('----划分特征：', 679)
------划分值:1.000,左节点损失:2.777,右节点损失:0.041,总损失:2.818
------划分值:0.000,左节点损失:0.000,右节点损失:2.823,总损失:2.823
('----划分特征：', 680)
------划分值:1.000,左节点损失:2.728,右节点损失:0.086,总损失:2.814
------划分值:0.000,左节点损失:0.000,右节点损失:2.823,总损失:2.823
('----划分特征：', 681)
------划分值:1.000,左节点损失:2.642,右节点损失:0.171,总损失:2.813
------划分值:0.000,左节点损失:0.000,右节点损失:2.823,总损失:2.823
('----划分特征：', 682)
------划分值:1.000,左节点损失:2.518,右节点损失:0.297,总损失:2.815
------划分值:0.000,左节点损失:0.000,右节点损失:2.823,总损失:2.823
('----划分特征：', 683)
------划分值:0.000,左节点损失:0.000,右节点损失:2.823,总损失:2.823
------划分值:1.000,左节点损失:2.443,右节点损失:0.374,总损失:2.817
('----划分特征：', 684)
------划分值:0.000,左节点损失:0.000,右节点损失:2.823,总损失:2.823
------划分值:1.000,左节点损失:2.395,右节点损失:0.424,总损失:2.820
('----划分特征：', 685)
------划分值:0.000,左节点损失:0.000,右节点损失:2.823,总损失:2.823
------划分值:1.000,左节点损失:2.426,右节点损失:0.392,总损失:2.818
('----划分特征：', 686)
------划分值:0.000,左节点损失:0.000,右节点损失:2.823,总损失:2.823
------划分值:1.000,左节点损失:2.517,右节点损失:0.298,总损失:2.815
('----划分特征：', 687)
------划分值:0.000,左节点损失:0.000,右节点损失:2.823,总损失:2.823
------划分值:1.000,左节点损失:2.614,右节点损失:0.200,总损失:2.814
('----划分特征：', 688)
------划分值:0.000,左节点损失:0.000,右节点损失:2.823,总损失:2.823
------划分值:1.000,左节点损失:2.701,右节点损失:0.112,总损失:2.813
('----划分特征：', 689)
------划分值:0.000,左节点损失:0.000,右节点损失:2.823,总损失:2.823
------划分值:1.000,左节点损失:2.757,右节点损失:0.056,总损失:2.813
('----划分特征：', 690)
------划分值:0.000,左节点损失:0.000,右节点损失:2.823,总损失:2.823
------划分值:1.000,左节点损失:2.788,右节点损失:0.026,总损失:2.814
('----划分特征：', 691)
------划分值:0.000,左节点损失:0.000,右节点损失:2.823,总损失:2.823
------划分值:1.000,左节点损失:2.806,右节点损失:0.010,总损失:2.816
('----划分特征：', 692)
------划分值:0.000,左节点损失:0.000,右节点损失:2.823,总损失:2.823
------划分值:1.000,左节点损失:2.809,右节点损失:0.010,总损失:2.819
('----划分特征：', 693)
------划分值:0.000,左节点损失:0.000,右节点损失:2.823,总损失:2.823
------划分值:1.000,左节点损失:2.816,右节点损失:0.005,总损失:2.821
('----划分特征：', 694)
------划分值:0.000,左节点损失:0.000,右节点损失:2.823,总损失:2.823
------划分值:1.000,左节点损失:2.821,右节点损失:0.000,总损失:2.821
('----划分特征：', 695)
------划分值:0.000,左节点损失:0.000,右节点损失:2.823,总损失:2.823
------划分值:1.000,左节点损失:2.822,右节点损失:0.000,总损失:2.822
('----划分特征：', 696)
------划分值:0.000,左节点损失:0.000,右节点损失:2.823,总损失:2.823
------划分值:1.000,左节点损失:2.823,右节点损失:0.000,总损失:2.823
('----划分特征：', 697)
------划分值:0.000,左节点损失:0.000,右节点损失:2.823,总损失:2.823
('----划分特征：', 698)
------划分值:0.000,左节点损失:0.000,右节点损失:2.823,总损失:2.823
('----划分特征：', 699)
------划分值:0.000,左节点损失:0.000,右节点损失:2.823,总损失:2.823
('----划分特征：', 700)
------划分值:0.000,左节点损失:0.000,右节点损失:2.823,总损失:2.823
('----划分特征：', 701)
------划分值:0.000,左节点损失:0.000,右节点损失:2.823,总损失:2.823
('----划分特征：', 702)
------划分值:0.000,左节点损失:0.000,右节点损失:2.823,总损失:2.823
('----划分特征：', 703)
------划分值:0.000,左节点损失:0.000,右节点损失:2.823,总损失:2.823
('----划分特征：', 704)
------划分值:0.000,左节点损失:0.000,右节点损失:2.823,总损失:2.823
------划分值:1.000,左节点损失:2.823,右节点损失:0.000,总损失:2.823
('----划分特征：', 705)
------划分值:0.000,左节点损失:0.000,右节点损失:2.823,总损失:2.823
------划分值:1.000,左节点损失:2.822,右节点损失:0.000,总损失:2.822
('----划分特征：', 706)
------划分值:0.000,左节点损失:0.000,右节点损失:2.823,总损失:2.823
------划分值:1.000,左节点损失:2.821,右节点损失:0.000,总损失:2.821
('----划分特征：', 707)
------划分值:0.000,左节点损失:0.000,右节点损失:2.823,总损失:2.823
------划分值:1.000,左节点损失:2.818,右节点损失:0.000,总损失:2.818
('----划分特征：', 708)
------划分值:0.000,左节点损失:0.000,右节点损失:2.823,总损失:2.823
------划分值:1.000,左节点损失:2.813,右节点损失:0.000,总损失:2.813
('----划分特征：', 709)
------划分值:0.000,左节点损失:0.000,右节点损失:2.823,总损失:2.823
------划分值:1.000,左节点损失:2.807,右节点损失:0.000,总损失:2.807
('----划分特征：', 710)
------划分值:0.000,左节点损失:0.000,右节点损失:2.823,总损失:2.823
------划分值:1.000,左节点损失:2.798,右节点损失:0.005,总损失:2.803
('----划分特征：', 711)
------划分值:0.000,左节点损失:0.000,右节点损失:2.823,总损失:2.823
------划分值:1.000,左节点损失:2.793,右节点损失:0.011,总损失:2.803
('----划分特征：', 712)
------划分值:0.000,左节点损失:0.000,右节点损失:2.823,总损失:2.823
------划分值:1.000,左节点损失:2.794,右节点损失:0.011,总损失:2.805
('----划分特征：', 713)
------划分值:0.000,左节点损失:0.000,右节点损失:2.823,总损失:2.823
------划分值:1.000,左节点损失:2.791,右节点损失:0.016,总损失:2.806
('----划分特征：', 714)
------划分值:0.000,左节点损失:0.000,右节点损失:2.823,总损失:2.823
------划分值:1.000,左节点损失:2.797,右节点损失:0.011,总损失:2.808
('----划分特征：', 715)
------划分值:0.000,左节点损失:0.000,右节点损失:2.823,总损失:2.823
------划分值:1.000,左节点损失:2.804,右节点损失:0.005,总损失:2.809
('----划分特征：', 716)
------划分值:0.000,左节点损失:0.000,右节点损失:2.823,总损失:2.823
------划分值:1.000,左节点损失:2.810,右节点损失:0.000,总损失:2.810
('----划分特征：', 717)
------划分值:0.000,左节点损失:0.000,右节点损失:2.823,总损失:2.823
------划分值:1.000,左节点损失:2.815,右节点损失:0.000,总损失:2.815
('----划分特征：', 718)
------划分值:0.000,左节点损失:0.000,右节点损失:2.823,总损失:2.823
------划分值:1.000,左节点损失:2.817,右节点损失:0.000,总损失:2.817
('----划分特征：', 719)
------划分值:0.000,左节点损失:0.000,右节点损失:2.823,总损失:2.823
------划分值:1.000,左节点损失:2.819,右节点损失:0.000,总损失:2.819
('----划分特征：', 720)
------划分值:0.000,左节点损失:0.000,右节点损失:2.823,总损失:2.823
------划分值:1.000,左节点损失:2.820,右节点损失:0.000,总损失:2.820
('----划分特征：', 721)
------划分值:0.000,左节点损失:0.000,右节点损失:2.823,总损失:2.823
------划分值:1.000,左节点损失:2.821,右节点损失:0.000,总损失:2.821
('----划分特征：', 722)
------划分值:0.000,左节点损失:0.000,右节点损失:2.823,总损失:2.823
------划分值:1.000,左节点损失:2.822,右节点损失:0.000,总损失:2.822
('----划分特征：', 723)
------划分值:0.000,左节点损失:0.000,右节点损失:2.823,总损失:2.823
------划分值:1.000,左节点损失:2.823,右节点损失:0.000,总损失:2.823
('----划分特征：', 724)
------划分值:0.000,左节点损失:0.000,右节点损失:2.823,总损失:2.823
('----划分特征：', 725)
------划分值:0.000,左节点损失:0.000,右节点损失:2.823,总损失:2.823
('----划分特征：', 726)
------划分值:0.000,左节点损失:0.000,右节点损失:2.823,总损失:2.823
('----划分特征：', 727)
------划分值:0.000,左节点损失:0.000,右节点损失:2.823,总损失:2.823
('----划分特征：', 728)
------划分值:0.000,左节点损失:0.000,右节点损失:2.823,总损失:2.823
('----划分特征：', 729)
------划分值:0.000,左节点损失:0.000,右节点损失:2.823,总损失:2.823
('----划分特征：', 730)
------划分值:0.000,左节点损失:0.000,右节点损失:2.823,总损失:2.823
('----划分特征：', 731)
------划分值:0.000,左节点损失:0.000,右节点损失:2.823,总损失:2.823
('----划分特征：', 732)
------划分值:0.000,左节点损失:0.000,右节点损失:2.823,总损失:2.823
------划分值:1.000,左节点损失:2.823,右节点损失:0.000,总损失:2.823
('----划分特征：', 733)
------划分值:0.000,左节点损失:0.000,右节点损失:2.823,总损失:2.823
------划分值:1.000,左节点损失:2.823,右节点损失:0.000,总损失:2.823
('----划分特征：', 734)
------划分值:0.000,左节点损失:0.000,右节点损失:2.823,总损失:2.823
------划分值:1.000,左节点损失:2.822,右节点损失:0.000,总损失:2.822
('----划分特征：', 735)
------划分值:0.000,左节点损失:0.000,右节点损失:2.823,总损失:2.823
------划分值:1.000,左节点损失:2.821,右节点损失:0.000,总损失:2.821
('----划分特征：', 736)
------划分值:0.000,左节点损失:0.000,右节点损失:2.823,总损失:2.823
------划分值:1.000,左节点损失:2.818,右节点损失:0.000,总损失:2.818
('----划分特征：', 737)
------划分值:0.000,左节点损失:0.000,右节点损失:2.823,总损失:2.823
------划分值:1.000,左节点损失:2.817,右节点损失:0.000,总损失:2.817
('----划分特征：', 738)
------划分值:0.000,左节点损失:0.000,右节点损失:2.823,总损失:2.823
------划分值:1.000,左节点损失:2.815,右节点损失:0.000,总损失:2.815
('----划分特征：', 739)
------划分值:0.000,左节点损失:0.000,右节点损失:2.823,总损失:2.823
------划分值:1.000,左节点损失:2.815,右节点损失:0.000,总损失:2.815
('----划分特征：', 740)
------划分值:0.000,左节点损失:0.000,右节点损失:2.823,总损失:2.823
------划分值:1.000,左节点损失:2.816,右节点损失:0.000,总损失:2.816
('----划分特征：', 741)
------划分值:0.000,左节点损失:0.000,右节点损失:2.823,总损失:2.823
------划分值:1.000,左节点损失:2.817,右节点损失:0.000,总损失:2.817
('----划分特征：', 742)
------划分值:0.000,左节点损失:0.000,右节点损失:2.823,总损失:2.823
------划分值:1.000,左节点损失:2.817,右节点损失:0.000,总损失:2.817
('----划分特征：', 743)
------划分值:0.000,左节点损失:0.000,右节点损失:2.823,总损失:2.823
------划分值:1.000,左节点损失:2.818,右节点损失:0.000,总损失:2.818
('----划分特征：', 744)
------划分值:0.000,左节点损失:0.000,右节点损失:2.823,总损失:2.823
------划分值:1.000,左节点损失:2.819,右节点损失:0.000,总损失:2.819
('----划分特征：', 745)
------划分值:0.000,左节点损失:0.000,右节点损失:2.823,总损失:2.823
------划分值:1.000,左节点损失:2.820,右节点损失:0.000,总损失:2.820
('----划分特征：', 746)
------划分值:0.000,左节点损失:0.000,右节点损失:2.823,总损失:2.823
------划分值:1.000,左节点损失:2.821,右节点损失:0.000,总损失:2.821
('----划分特征：', 747)
------划分值:0.000,左节点损失:0.000,右节点损失:2.823,总损失:2.823
------划分值:1.000,左节点损失:2.822,右节点损失:0.000,总损失:2.822
('----划分特征：', 748)
------划分值:0.000,左节点损失:0.000,右节点损失:2.823,总损失:2.823
------划分值:1.000,左节点损失:2.822,右节点损失:0.000,总损失:2.822
('----划分特征：', 749)
------划分值:0.000,左节点损失:0.000,右节点损失:2.823,总损失:2.823
------划分值:1.000,左节点损失:2.822,右节点损失:0.000,总损失:2.822
('----划分特征：', 750)
------划分值:0.000,左节点损失:0.000,右节点损失:2.823,总损失:2.823
------划分值:1.000,左节点损失:2.823,右节点损失:0.000,总损失:2.823
('----划分特征：', 751)
------划分值:0.000,左节点损失:0.000,右节点损失:2.823,总损失:2.823
------划分值:1.000,左节点损失:2.823,右节点损失:0.000,总损失:2.823
('----划分特征：', 752)
------划分值:0.000,左节点损失:0.000,右节点损失:2.823,总损失:2.823
('----划分特征：', 753)
------划分值:0.000,左节点损失:0.000,右节点损失:2.823,总损失:2.823
('----划分特征：', 754)
------划分值:0.000,左节点损失:0.000,右节点损失:2.823,总损失:2.823
('----划分特征：', 755)
------划分值:0.000,左节点损失:0.000,右节点损失:2.823,总损失:2.823
('----划分特征：', 756)
------划分值:0.000,左节点损失:0.000,右节点损失:2.823,总损失:2.823
('----划分特征：', 757)
------划分值:0.000,左节点损失:0.000,右节点损失:2.823,总损失:2.823
('----划分特征：', 758)
------划分值:0.000,左节点损失:0.000,右节点损失:2.823,总损失:2.823
('----划分特征：', 759)
------划分值:0.000,左节点损失:0.000,右节点损失:2.823,总损失:2.823
('----划分特征：', 760)
------划分值:0.000,左节点损失:0.000,右节点损失:2.823,总损失:2.823
('----划分特征：', 761)
------划分值:0.000,左节点损失:0.000,右节点损失:2.823,总损失:2.823
------划分值:1.000,左节点损失:2.823,右节点损失:0.000,总损失:2.823
('----划分特征：', 762)
------划分值:0.000,左节点损失:0.000,右节点损失:2.823,总损失:2.823
------划分值:1.000,左节点损失:2.823,右节点损失:0.000,总损失:2.823
('----划分特征：', 763)
------划分值:0.000,左节点损失:0.000,右节点损失:2.823,总损失:2.823
------划分值:1.000,左节点损失:2.823,右节点损失:0.000,总损失:2.823
('----划分特征：', 764)
------划分值:0.000,左节点损失:0.000,右节点损失:2.823,总损失:2.823
------划分值:1.000,左节点损失:2.823,右节点损失:0.000,总损失:2.823
('----划分特征：', 765)
------划分值:0.000,左节点损失:0.000,右节点损失:2.823,总损失:2.823
------划分值:1.000,左节点损失:2.823,右节点损失:0.000,总损失:2.823
('----划分特征：', 766)
------划分值:0.000,左节点损失:0.000,右节点损失:2.823,总损失:2.823
------划分值:1.000,左节点损失:2.822,右节点损失:0.000,总损失:2.822
('----划分特征：', 767)
------划分值:0.000,左节点损失:0.000,右节点损失:2.823,总损失:2.823
------划分值:1.000,左节点损失:2.822,右节点损失:0.000,总损失:2.822
('----划分特征：', 768)
------划分值:0.000,左节点损失:0.000,右节点损失:2.823,总损失:2.823
------划分值:1.000,左节点损失:2.822,右节点损失:0.000,总损失:2.822
('----划分特征：', 769)
------划分值:0.000,左节点损失:0.000,右节点损失:2.823,总损失:2.823
------划分值:1.000,左节点损失:2.822,右节点损失:0.000,总损失:2.822
('----划分特征：', 770)
------划分值:0.000,左节点损失:0.000,右节点损失:2.823,总损失:2.823
------划分值:1.000,左节点损失:2.822,右节点损失:0.000,总损失:2.822
('----划分特征：', 771)
------划分值:0.000,左节点损失:0.000,右节点损失:2.823,总损失:2.823
------划分值:1.000,左节点损失:2.822,右节点损失:0.000,总损失:2.822
('----划分特征：', 772)
------划分值:0.000,左节点损失:0.000,右节点损失:2.823,总损失:2.823
------划分值:1.000,左节点损失:2.822,右节点损失:0.000,总损失:2.822
('----划分特征：', 773)
------划分值:0.000,左节点损失:0.000,右节点损失:2.823,总损失:2.823
------划分值:1.000,左节点损失:2.823,右节点损失:0.000,总损失:2.823
('----划分特征：', 774)
------划分值:0.000,左节点损失:0.000,右节点损失:2.823,总损失:2.823
------划分值:1.000,左节点损失:2.823,右节点损失:0.000,总损失:2.823
('----划分特征：', 775)
------划分值:0.000,左节点损失:0.000,右节点损失:2.823,总损失:2.823
------划分值:1.000,左节点损失:2.823,右节点损失:0.000,总损失:2.823
('----划分特征：', 776)
------划分值:0.000,左节点损失:0.000,右节点损失:2.823,总损失:2.823
------划分值:1.000,左节点损失:2.823,右节点损失:0.000,总损失:2.823
('----划分特征：', 777)
------划分值:0.000,左节点损失:0.000,右节点损失:2.823,总损失:2.823
------划分值:1.000,左节点损失:2.823,右节点损失:0.000,总损失:2.823
('----划分特征：', 778)
------划分值:0.000,左节点损失:0.000,右节点损失:2.823,总损失:2.823
('----划分特征：', 779)
------划分值:0.000,左节点损失:0.000,右节点损失:2.823,总损失:2.823
('----划分特征：', 780)
------划分值:0.000,左节点损失:0.000,右节点损失:2.823,总损失:2.823
('----划分特征：', 781)
------划分值:0.000,左节点损失:0.000,右节点损失:2.823,总损失:2.823
('----划分特征：', 782)
------划分值:0.000,左节点损失:0.000,右节点损失:2.823,总损失:2.823
('----划分特征：', 783)
------划分值:0.000,左节点损失:0.000,右节点损失:2.823,总损失:2.823
('----划分特征：', 'label')
------划分值:0.000,左节点损失:0.000,右节点损失:2.823,总损失:2.823
------划分值:1.000,左节点损失:0.000,右节点损失:0.000,总损失:0.000
('----划分特征：', 'f_0')
------划分值:-2.212,左节点损失:0.000,右节点损失:2.823,总损失:2.823
('----划分特征：', 'res_1')
------划分值:-0.099,左节点损失:0.000,右节点损失:2.823,总损失:2.823
------划分值:0.901,左节点损失:0.000,右节点损失:0.000,总损失:0.000
('----划分特征：', 'f_1')
------划分值:-2.323,左节点损失:0.000,右节点损失:2.823,总损失:2.823
------划分值:-1.199,左节点损失:0.000,右节点损失:0.000,总损失:0.000
('----划分特征：', 'res_2')
------划分值:-0.089,左节点损失:0.000,右节点损失:2.823,总损失:2.823
------划分值:0.768,左节点损失:0.000,右节点损失:0.000,总损失:0.000
('----划分特征：', 'f_2')
------划分值:-2.433,左节点损失:0.000,右节点损失:2.823,总损失:2.823
------划分值:-0.767,左节点损失:0.000,右节点损失:0.000,总损失:0.000
('----划分特征：', 'res_3')
------划分值:-0.081,左节点损失:0.000,右节点损失:2.823,总损失:2.823
------划分值:0.683,左节点损失:0.000,右节点损失:0.000,总损失:0.000
('----划分特征：', 'f_3')
------划分值:-2.542,左节点损失:0.000,右节点损失:2.823,总损失:2.823
------划分值:-0.452,左节点损失:0.000,右节点损失:0.000,总损失:0.000
('----划分特征：', 'res_4')
------划分值:-0.073,左节点损失:0.000,右节点损失:2.823,总损失:2.823
------划分值:0.611,左节点损失:0.000,右节点损失:0.000,总损失:0.000
('----划分特征：', 'f_4')
------划分值:-2.650,左节点损失:0.000,右节点损失:2.823,总损失:2.823
------划分值:-0.195,左节点损失:0.000,右节点损失:0.000,总损失:0.000
('----划分特征：', 'res_5')
------划分值:-0.066,左节点损失:0.000,右节点损失:2.823,总损失:2.823
------划分值:0.549,左节点损失:0.000,右节点损失:0.000,总损失:0.000
('----划分特征：', 'f_5')
------划分值:-2.757,左节点损失:0.000,右节点损失:2.823,总损失:2.823
------划分值:0.027,左节点损失:0.000,右节点损失:0.000,总损失:0.000
('----划分特征：', 'res_6')
------划分值:-0.060,左节点损失:0.000,右节点损失:2.823,总损失:2.823
------划分值:0.493,左节点损失:0.000,右节点损失:0.000,总损失:0.000
('----划分特征：', 'f_6')
------划分值:-2.863,左节点损失:0.000,右节点损失:2.823,总损失:2.823
------划分值:0.224,左节点损失:0.000,右节点损失:0.000,总损失:0.000
('----划分特征：', 'res_7')
------划分值:-0.054,左节点损失:0.000,右节点损失:2.823,总损失:2.823
------划分值:0.444,左节点损失:0.000,右节点损失:0.000,总损失:0.000
('----划分特征：', 'f_7')
------划分值:-2.969,左节点损失:0.000,右节点损失:2.823,总损失:2.823
------划分值:0.404,左节点损失:0.000,右节点损失:0.000,总损失:0.000
('----划分特征：', 'res_8')
------划分值:-0.049,左节点损失:0.000,右节点损失:2.823,总损失:2.823
------划分值:0.400,左节点损失:0.000,右节点损失:0.000,总损失:0.000
('----划分特征：', 'f_8')
------划分值:-3.074,左节点损失:0.000,右节点损失:2.823,总损失:2.823
------划分值:0.571,左节点损失:0.000,右节点损失:0.000,总损失:0.000
('----划分特征：', 'res_9')
------划分值:-0.044,左节点损失:0.000,右节点损失:2.823,总损失:2.823
------划分值:0.361,左节点损失:0.000,右节点损失:0.000,总损失:0.000
('----划分特征：', 'f_9')
------划分值:-3.178,左节点损失:0.000,右节点损失:2.823,总损失:2.823
------划分值:0.727,左节点损失:0.000,右节点损失:0.000,总损失:0.000
('----划分特征：', 'res_10')
------划分值:-0.040,左节点损失:0.000,右节点损失:2.823,总损失:2.823
------划分值:0.326,左节点损失:0.000,右节点损失:0.000,总损失:0.000
('--最佳划分特征：', 'label')
('--最佳划分值：', 1)
('叶子节点预测值：', -1.0081251198753356)
('叶子节点预测值：', 1.0691483537226127)
第26棵树: log-likelihood:8.1204
