-----------------------------构建第24颗树-----------------------------
--树的深度：0
('----划分特征：', 1)
------划分值:0.000,左节点损失:0.000,右节点损失:4.217,总损失:4.217
('----划分特征：', 2)
------划分值:0.000,左节点损失:0.000,右节点损失:4.217,总损失:4.217
('----划分特征：', 3)
------划分值:0.000,左节点损失:0.000,右节点损失:4.217,总损失:4.217
('----划分特征：', 4)
------划分值:0.000,左节点损失:0.000,右节点损失:4.217,总损失:4.217
('----划分特征：', 5)
------划分值:0.000,左节点损失:0.000,右节点损失:4.217,总损失:4.217
('----划分特征：', 6)
------划分值:0.000,左节点损失:0.000,右节点损失:4.217,总损失:4.217
('----划分特征：', 7)
------划分值:0.000,左节点损失:0.000,右节点损失:4.217,总损失:4.217
('----划分特征：', 8)
------划分值:0.000,左节点损失:0.000,右节点损失:4.217,总损失:4.217
('----划分特征：', 9)
------划分值:0.000,左节点损失:0.000,右节点损失:4.217,总损失:4.217
('----划分特征：', 10)
------划分值:0.000,左节点损失:0.000,右节点损失:4.217,总损失:4.217
('----划分特征：', 11)
------划分值:0.000,左节点损失:0.000,右节点损失:4.217,总损失:4.217
('----划分特征：', 12)
------划分值:0.000,左节点损失:0.000,右节点损失:4.217,总损失:4.217
('----划分特征：', 13)
------划分值:0.000,左节点损失:0.000,右节点损失:4.217,总损失:4.217
('----划分特征：', 14)
------划分值:0.000,左节点损失:0.000,右节点损失:4.217,总损失:4.217
('----划分特征：', 15)
------划分值:0.000,左节点损失:0.000,右节点损失:4.217,总损失:4.217
('----划分特征：', 16)
------划分值:0.000,左节点损失:0.000,右节点损失:4.217,总损失:4.217
('----划分特征：', 17)
------划分值:0.000,左节点损失:0.000,右节点损失:4.217,总损失:4.217
('----划分特征：', 18)
------划分值:0.000,左节点损失:0.000,右节点损失:4.217,总损失:4.217
('----划分特征：', 19)
------划分值:0.000,左节点损失:0.000,右节点损失:4.217,总损失:4.217
('----划分特征：', 20)
------划分值:0.000,左节点损失:0.000,右节点损失:4.217,总损失:4.217
('----划分特征：', 21)
------划分值:0.000,左节点损失:0.000,右节点损失:4.217,总损失:4.217
('----划分特征：', 22)
------划分值:0.000,左节点损失:0.000,右节点损失:4.217,总损失:4.217
('----划分特征：', 23)
------划分值:0.000,左节点损失:0.000,右节点损失:4.217,总损失:4.217
('----划分特征：', 24)
------划分值:0.000,左节点损失:0.000,右节点损失:4.217,总损失:4.217
('----划分特征：', 25)
------划分值:0.000,左节点损失:0.000,右节点损失:4.217,总损失:4.217
('----划分特征：', 26)
------划分值:0.000,左节点损失:0.000,右节点损失:4.217,总损失:4.217
('----划分特征：', 27)
------划分值:0.000,左节点损失:0.000,右节点损失:4.217,总损失:4.217
('----划分特征：', 28)
------划分值:0.000,左节点损失:0.000,右节点损失:4.217,总损失:4.217
('----划分特征：', 29)
------划分值:0.000,左节点损失:0.000,右节点损失:4.217,总损失:4.217
('----划分特征：', 30)
------划分值:0.000,左节点损失:0.000,右节点损失:4.217,总损失:4.217
('----划分特征：', 31)
------划分值:0.000,左节点损失:0.000,右节点损失:4.217,总损失:4.217
('----划分特征：', 32)
------划分值:0.000,左节点损失:0.000,右节点损失:4.217,总损失:4.217
('----划分特征：', 33)
------划分值:0.000,左节点损失:0.000,右节点损失:4.217,总损失:4.217
('----划分特征：', 34)
------划分值:0.000,左节点损失:0.000,右节点损失:4.217,总损失:4.217
('----划分特征：', 35)
------划分值:0.000,左节点损失:0.000,右节点损失:4.217,总损失:4.217
('----划分特征：', 36)
------划分值:0.000,左节点损失:0.000,右节点损失:4.217,总损失:4.217
------划分值:1.000,左节点损失:4.217,右节点损失:0.000,总损失:4.217
('----划分特征：', 37)
------划分值:0.000,左节点损失:0.000,右节点损失:4.217,总损失:4.217
------划分值:1.000,左节点损失:4.217,右节点损失:0.000,总损失:4.217
('----划分特征：', 38)
------划分值:0.000,左节点损失:0.000,右节点损失:4.217,总损失:4.217
------划分值:1.000,左节点损失:4.217,右节点损失:0.000,总损失:4.217
('----划分特征：', 39)
------划分值:0.000,左节点损失:0.000,右节点损失:4.217,总损失:4.217
------划分值:1.000,左节点损失:4.217,右节点损失:0.000,总损失:4.217
('----划分特征：', 40)
------划分值:0.000,左节点损失:0.000,右节点损失:4.217,总损失:4.217
------划分值:1.000,左节点损失:4.217,右节点损失:0.000,总损失:4.217
('----划分特征：', 41)
------划分值:0.000,左节点损失:0.000,右节点损失:4.217,总损失:4.217
------划分值:1.000,左节点损失:4.217,右节点损失:0.000,总损失:4.217
('----划分特征：', 42)
------划分值:0.000,左节点损失:0.000,右节点损失:4.217,总损失:4.217
------划分值:1.000,左节点损失:4.217,右节点损失:0.000,总损失:4.217
('----划分特征：', 43)
------划分值:0.000,左节点损失:0.000,右节点损失:4.217,总损失:4.217
------划分值:1.000,左节点损失:4.217,右节点损失:0.000,总损失:4.217
('----划分特征：', 44)
------划分值:0.000,左节点损失:0.000,右节点损失:4.217,总损失:4.217
------划分值:1.000,左节点损失:4.217,右节点损失:0.000,总损失:4.217
('----划分特征：', 45)
------划分值:0.000,左节点损失:0.000,右节点损失:4.217,总损失:4.217
------划分值:1.000,左节点损失:4.217,右节点损失:0.000,总损失:4.217
('----划分特征：', 46)
------划分值:0.000,左节点损失:0.000,右节点损失:4.217,总损失:4.217
------划分值:1.000,左节点损失:4.217,右节点损失:0.000,总损失:4.217
('----划分特征：', 47)
------划分值:0.000,左节点损失:0.000,右节点损失:4.217,总损失:4.217
------划分值:1.000,左节点损失:4.217,右节点损失:0.000,总损失:4.217
('----划分特征：', 48)
------划分值:0.000,左节点损失:0.000,右节点损失:4.217,总损失:4.217
------划分值:1.000,左节点损失:4.217,右节点损失:0.000,总损失:4.217
('----划分特征：', 49)
------划分值:0.000,左节点损失:0.000,右节点损失:4.217,总损失:4.217
------划分值:1.000,左节点损失:4.217,右节点损失:0.000,总损失:4.217
('----划分特征：', 50)
------划分值:0.000,左节点损失:0.000,右节点损失:4.217,总损失:4.217
------划分值:1.000,左节点损失:4.217,右节点损失:0.000,总损失:4.217
('----划分特征：', 51)
------划分值:0.000,左节点损失:0.000,右节点损失:4.217,总损失:4.217
('----划分特征：', 52)
------划分值:0.000,左节点损失:0.000,右节点损失:4.217,总损失:4.217
('----划分特征：', 53)
------划分值:0.000,左节点损失:0.000,右节点损失:4.217,总损失:4.217
('----划分特征：', 54)
------划分值:0.000,左节点损失:0.000,右节点损失:4.217,总损失:4.217
('----划分特征：', 55)
------划分值:0.000,左节点损失:0.000,右节点损失:4.217,总损失:4.217
('----划分特征：', 56)
------划分值:0.000,左节点损失:0.000,右节点损失:4.217,总损失:4.217
('----划分特征：', 57)
------划分值:0.000,左节点损失:0.000,右节点损失:4.217,总损失:4.217
('----划分特征：', 58)
------划分值:0.000,左节点损失:0.000,右节点损失:4.217,总损失:4.217
('----划分特征：', 59)
------划分值:0.000,左节点损失:0.000,右节点损失:4.217,总损失:4.217
('----划分特征：', 60)
------划分值:0.000,左节点损失:0.000,右节点损失:4.217,总损失:4.217
('----划分特征：', 61)
------划分值:0.000,左节点损失:0.000,右节点损失:4.217,总损失:4.217
('----划分特征：', 62)
------划分值:0.000,左节点损失:0.000,右节点损失:4.217,总损失:4.217
('----划分特征：', 63)
------划分值:0.000,左节点损失:0.000,右节点损失:4.217,总损失:4.217
('----划分特征：', 64)
------划分值:0.000,左节点损失:0.000,右节点损失:4.217,总损失:4.217
------划分值:1.000,左节点损失:4.217,右节点损失:0.000,总损失:4.217
('----划分特征：', 65)
------划分值:0.000,左节点损失:0.000,右节点损失:4.217,总损失:4.217
------划分值:1.000,左节点损失:4.217,右节点损失:0.000,总损失:4.217
('----划分特征：', 66)
------划分值:0.000,左节点损失:0.000,右节点损失:4.217,总损失:4.217
------划分值:1.000,左节点损失:4.216,右节点损失:0.000,总损失:4.216
('----划分特征：', 67)
------划分值:0.000,左节点损失:0.000,右节点损失:4.217,总损失:4.217
------划分值:1.000,左节点损失:4.216,右节点损失:0.000,总损失:4.216
('----划分特征：', 68)
------划分值:0.000,左节点损失:0.000,右节点损失:4.217,总损失:4.217
------划分值:1.000,左节点损失:4.215,右节点损失:0.000,总损失:4.215
('----划分特征：', 69)
------划分值:0.000,左节点损失:0.000,右节点损失:4.217,总损失:4.217
------划分值:1.000,左节点损失:4.215,右节点损失:0.000,总损失:4.215
('----划分特征：', 70)
------划分值:0.000,左节点损失:0.000,右节点损失:4.217,总损失:4.217
------划分值:1.000,左节点损失:4.213,右节点损失:0.000,总损失:4.213
('----划分特征：', 71)
------划分值:0.000,左节点损失:0.000,右节点损失:4.217,总损失:4.217
------划分值:1.000,左节点损失:4.212,右节点损失:0.000,总损失:4.212
('----划分特征：', 72)
------划分值:0.000,左节点损失:0.000,右节点损失:4.217,总损失:4.217
------划分值:1.000,左节点损失:4.209,右节点损失:0.000,总损失:4.209
('----划分特征：', 73)
------划分值:0.000,左节点损失:0.000,右节点损失:4.217,总损失:4.217
------划分值:1.000,左节点损失:4.208,右节点损失:0.000,总损失:4.208
('----划分特征：', 74)
------划分值:0.000,左节点损失:0.000,右节点损失:4.217,总损失:4.217
------划分值:1.000,左节点损失:4.210,右节点损失:0.000,总损失:4.210
('----划分特征：', 75)
------划分值:0.000,左节点损失:0.000,右节点损失:4.217,总损失:4.217
------划分值:1.000,左节点损失:4.213,右节点损失:0.000,总损失:4.213
('----划分特征：', 76)
------划分值:0.000,左节点损失:0.000,右节点损失:4.217,总损失:4.217
------划分值:1.000,左节点损失:4.215,右节点损失:0.000,总损失:4.215
('----划分特征：', 77)
------划分值:0.000,左节点损失:0.000,右节点损失:4.217,总损失:4.217
------划分值:1.000,左节点损失:4.217,右节点损失:0.000,总损失:4.217
('----划分特征：', 78)
------划分值:0.000,左节点损失:0.000,右节点损失:4.217,总损失:4.217
------划分值:1.000,左节点损失:4.217,右节点损失:0.000,总损失:4.217
('----划分特征：', 79)
------划分值:0.000,左节点损失:0.000,右节点损失:4.217,总损失:4.217
------划分值:1.000,左节点损失:4.217,右节点损失:0.000,总损失:4.217
('----划分特征：', 80)
------划分值:0.000,左节点损失:0.000,右节点损失:4.217,总损失:4.217
('----划分特征：', 81)
------划分值:0.000,左节点损失:0.000,右节点损失:4.217,总损失:4.217
('----划分特征：', 82)
------划分值:0.000,左节点损失:0.000,右节点损失:4.217,总损失:4.217
('----划分特征：', 83)
------划分值:0.000,左节点损失:0.000,右节点损失:4.217,总损失:4.217
('----划分特征：', 84)
------划分值:0.000,左节点损失:0.000,右节点损失:4.217,总损失:4.217
('----划分特征：', 85)
------划分值:0.000,左节点损失:0.000,右节点损失:4.217,总损失:4.217
('----划分特征：', 86)
------划分值:0.000,左节点损失:0.000,右节点损失:4.217,总损失:4.217
('----划分特征：', 87)
------划分值:0.000,左节点损失:0.000,右节点损失:4.217,总损失:4.217
('----划分特征：', 88)
------划分值:0.000,左节点损失:0.000,右节点损失:4.217,总损失:4.217
('----划分特征：', 89)
------划分值:0.000,左节点损失:0.000,右节点损失:4.217,总损失:4.217
------划分值:1.000,左节点损失:4.217,右节点损失:0.000,总损失:4.217
('----划分特征：', 90)
------划分值:0.000,左节点损失:0.000,右节点损失:4.217,总损失:4.217
------划分值:1.000,左节点损失:4.217,右节点损失:0.000,总损失:4.217
('----划分特征：', 91)
------划分值:0.000,左节点损失:0.000,右节点损失:4.217,总损失:4.217
------划分值:1.000,左节点损失:4.217,右节点损失:0.000,总损失:4.217
('----划分特征：', 92)
------划分值:0.000,左节点损失:0.000,右节点损失:4.217,总损失:4.217
------划分值:1.000,左节点损失:4.216,右节点损失:0.000,总损失:4.216
('----划分特征：', 93)
------划分值:0.000,左节点损失:0.000,右节点损失:4.217,总损失:4.217
------划分值:1.000,左节点损失:4.215,右节点损失:0.000,总损失:4.215
('----划分特征：', 94)
------划分值:0.000,左节点损失:0.000,右节点损失:4.217,总损失:4.217
------划分值:1.000,左节点损失:4.212,右节点损失:0.000,总损失:4.212
('----划分特征：', 95)
------划分值:0.000,左节点损失:0.000,右节点损失:4.217,总损失:4.217
------划分值:1.000,左节点损失:4.203,右节点损失:0.008,总损失:4.211
('----划分特征：', 96)
------划分值:0.000,左节点损失:0.000,右节点损失:4.217,总损失:4.217
------划分值:1.000,左节点损失:4.181,右节点损失:0.031,总损失:4.211
('----划分特征：', 97)
------划分值:0.000,左节点损失:0.000,右节点损失:4.217,总损失:4.217
------划分值:1.000,左节点损失:4.158,右节点损失:0.053,总损失:4.211
('----划分特征：', 98)
------划分值:0.000,左节点损失:0.000,右节点损失:4.217,总损失:4.217
------划分值:1.000,左节点损失:4.134,右节点损失:0.076,总损失:4.210
('----划分特征：', 99)
------划分值:0.000,左节点损失:0.000,右节点损失:4.217,总损失:4.217
------划分值:1.000,左节点损失:4.123,右节点损失:0.084,总损失:4.206
('----划分特征：', 100)
------划分值:0.000,左节点损失:0.000,右节点损失:4.217,总损失:4.217
------划分值:1.000,左节点损失:4.131,右节点损失:0.069,总损失:4.201
('----划分特征：', 101)
------划分值:0.000,左节点损失:0.000,右节点损失:4.217,总损失:4.217
------划分值:1.000,左节点损失:4.139,右节点损失:0.062,总损失:4.201
('----划分特征：', 102)
------划分值:0.000,左节点损失:0.000,右节点损失:4.217,总损失:4.217
------划分值:1.000,左节点损失:4.171,右节点损失:0.031,总损失:4.202
('----划分特征：', 103)
------划分值:0.000,左节点损失:0.000,右节点损失:4.217,总损失:4.217
------划分值:1.000,左节点损失:4.171,右节点损失:0.038,总损失:4.210
('----划分特征：', 104)
------划分值:0.000,左节点损失:0.000,右节点损失:4.217,总损失:4.217
------划分值:1.000,左节点损失:4.198,右节点损失:0.015,总损失:4.213
('----划分特征：', 105)
------划分值:0.000,左节点损失:0.000,右节点损失:4.217,总损失:4.217
------划分值:1.000,左节点损失:4.214,右节点损失:0.000,总损失:4.214
('----划分特征：', 106)
------划分值:0.000,左节点损失:0.000,右节点损失:4.217,总损失:4.217
------划分值:1.000,左节点损失:4.216,右节点损失:0.000,总损失:4.216
('----划分特征：', 107)
------划分值:0.000,左节点损失:0.000,右节点损失:4.217,总损失:4.217
------划分值:1.000,左节点损失:4.217,右节点损失:0.000,总损失:4.217
('----划分特征：', 108)
------划分值:0.000,左节点损失:0.000,右节点损失:4.217,总损失:4.217
------划分值:1.000,左节点损失:4.217,右节点损失:0.000,总损失:4.217
('----划分特征：', 109)
------划分值:0.000,左节点损失:0.000,右节点损失:4.217,总损失:4.217
('----划分特征：', 110)
------划分值:0.000,左节点损失:0.000,右节点损失:4.217,总损失:4.217
('----划分特征：', 111)
------划分值:0.000,左节点损失:0.000,右节点损失:4.217,总损失:4.217
('----划分特征：', 112)
------划分值:0.000,左节点损失:0.000,右节点损失:4.217,总损失:4.217
('----划分特征：', 113)
------划分值:0.000,左节点损失:0.000,右节点损失:4.217,总损失:4.217
('----划分特征：', 114)
------划分值:0.000,左节点损失:0.000,右节点损失:4.217,总损失:4.217
('----划分特征：', 115)
------划分值:0.000,左节点损失:0.000,右节点损失:4.217,总损失:4.217
('----划分特征：', 116)
------划分值:0.000,左节点损失:0.000,右节点损失:4.217,总损失:4.217
------划分值:1.000,左节点损失:4.217,右节点损失:0.000,总损失:4.217
('----划分特征：', 117)
------划分值:0.000,左节点损失:0.000,右节点损失:4.217,总损失:4.217
------划分值:1.000,左节点损失:4.217,右节点损失:0.000,总损失:4.217
('----划分特征：', 118)
------划分值:0.000,左节点损失:0.000,右节点损失:4.217,总损失:4.217
------划分值:1.000,左节点损失:4.216,右节点损失:0.000,总损失:4.216
('----划分特征：', 119)
------划分值:0.000,左节点损失:0.000,右节点损失:4.217,总损失:4.217
------划分值:1.000,左节点损失:4.215,右节点损失:0.000,总损失:4.215
('----划分特征：', 120)
------划分值:0.000,左节点损失:0.000,右节点损失:4.217,总损失:4.217
------划分值:1.000,左节点损失:4.211,右节点损失:0.000,总损失:4.211
('----划分特征：', 121)
------划分值:0.000,左节点损失:0.000,右节点损失:4.217,总损失:4.217
------划分值:1.000,左节点损失:4.186,右节点损失:0.023,总损失:4.210
('----划分特征：', 122)
------划分值:0.000,左节点损失:0.000,右节点损失:4.217,总损失:4.217
------划分值:1.000,左节点损失:4.127,右节点损失:0.083,总损失:4.211
('----划分特征：', 123)
------划分值:0.000,左节点损失:0.000,右节点损失:4.217,总损失:4.217
------划分值:1.000,左节点损失:4.028,右节点损失:0.185,总损失:4.213
('----划分特征：', 124)
------划分值:0.000,左节点损失:0.000,右节点损失:4.217,总损失:4.217
------划分值:1.000,左节点损失:3.806,右节点损失:0.412,总损失:4.217
('----划分特征：', 125)
------划分值:0.000,左节点损失:0.000,右节点损失:4.217,总损失:4.217
------划分值:1.000,左节点损失:3.490,右节点损失:0.718,总损失:4.208
('----划分特征：', 126)
------划分值:0.000,左节点损失:0.000,右节点损失:4.217,总损失:4.217
------划分值:1.000,左节点损失:3.393,右节点损失:0.820,总损失:4.213
('----划分特征：', 127)
------划分值:0.000,左节点损失:0.000,右节点损失:4.217,总损失:4.217
------划分值:1.000,左节点损失:3.190,右节点损失:1.015,总损失:4.205
('----划分特征：', 128)
------划分值:0.000,左节点损失:0.000,右节点损失:4.217,总损失:4.217
------划分值:1.000,左节点损失:3.090,右节点损失:1.107,总损失:4.197
('----划分特征：', 129)
------划分值:0.000,左节点损失:0.000,右节点损失:4.217,总损失:4.217
------划分值:1.000,左节点损失:3.181,右节点损失:1.017,总损失:4.198
('----划分特征：', 130)
------划分值:0.000,左节点损失:0.000,右节点损失:4.217,总损失:4.217
------划分值:1.000,左节点损失:3.331,右节点损失:0.864,总损失:4.195
('----划分特征：', 131)
------划分值:0.000,左节点损失:0.000,右节点损失:4.217,总损失:4.217
------划分值:1.000,左节点损失:3.520,右节点损失:0.672,总损失:4.193
('----划分特征：', 132)
------划分值:0.000,左节点损失:0.000,右节点损失:4.217,总损失:4.217
------划分值:1.000,左节点损失:3.761,右节点损失:0.437,总损失:4.199
('----划分特征：', 133)
------划分值:0.000,左节点损失:0.000,右节点损失:4.217,总损失:4.217
------划分值:1.000,左节点损失:4.012,右节点损失:0.200,总损失:4.212
('----划分特征：', 134)
------划分值:0.000,左节点损失:0.000,右节点损失:4.217,总损失:4.217
------划分值:1.000,左节点损失:4.140,右节点损失:0.078,总损失:4.217
('----划分特征：', 135)
------划分值:0.000,左节点损失:0.000,右节点损失:4.217,总损失:4.217
------划分值:1.000,左节点损失:4.201,右节点损失:0.015,总损失:4.216
('----划分特征：', 136)
------划分值:0.000,左节点损失:0.000,右节点损失:4.217,总损失:4.217
------划分值:1.000,左节点损失:4.210,右节点损失:0.007,总损失:4.217
('----划分特征：', 137)
------划分值:0.000,左节点损失:0.000,右节点损失:4.217,总损失:4.217
('----划分特征：', 138)
------划分值:0.000,左节点损失:0.000,右节点损失:4.217,总损失:4.217
('----划分特征：', 139)
------划分值:0.000,左节点损失:0.000,右节点损失:4.217,总损失:4.217
('----划分特征：', 140)
------划分值:0.000,左节点损失:0.000,右节点损失:4.217,总损失:4.217
('----划分特征：', 141)
------划分值:0.000,左节点损失:0.000,右节点损失:4.217,总损失:4.217
('----划分特征：', 142)
------划分值:0.000,左节点损失:0.000,右节点损失:4.217,总损失:4.217
('----划分特征：', 143)
------划分值:0.000,左节点损失:0.000,右节点损失:4.217,总损失:4.217
------划分值:1.000,左节点损失:4.217,右节点损失:0.000,总损失:4.217
('----划分特征：', 144)
------划分值:0.000,左节点损失:0.000,右节点损失:4.217,总损失:4.217
------划分值:1.000,左节点损失:4.217,右节点损失:0.000,总损失:4.217
('----划分特征：', 145)
------划分值:0.000,左节点损失:0.000,右节点损失:4.217,总损失:4.217
------划分值:1.000,左节点损失:4.214,右节点损失:0.000,总损失:4.214
('----划分特征：', 146)
------划分值:0.000,左节点损失:0.000,右节点损失:4.217,总损失:4.217
------划分值:1.000,左节点损失:4.212,右节点损失:0.000,总损失:4.212
('----划分特征：', 147)
------划分值:0.000,左节点损失:0.000,右节点损失:4.217,总损失:4.217
------划分值:1.000,左节点损失:4.200,右节点损失:0.008,总损失:4.208
('----划分特征：', 148)
------划分值:0.000,左节点损失:0.000,右节点损失:4.217,总损失:4.217
------划分值:1.000,左节点损失:4.179,右节点损失:0.023,总损失:4.202
('----划分特征：', 149)
------划分值:0.000,左节点损失:0.000,右节点损失:4.217,总损失:4.217
------划分值:1.000,左节点损失:4.077,右节点损失:0.129,总损失:4.206
('----划分特征：', 150)
------划分值:0.000,左节点损失:0.000,右节点损失:4.217,总损失:4.217
------划分值:1.000,左节点损失:3.901,右节点损失:0.310,总损失:4.211
('----划分特征：', 151)
------划分值:0.000,左节点损失:0.000,右节点损失:4.217,总损失:4.217
------划分值:1.000,左节点损失:3.535,右节点损失:0.682,总损失:4.217
('----划分特征：', 152)
------划分值:0.000,左节点损失:0.000,右节点损失:4.217,总损失:4.217
------划分值:1.000,左节点损失:3.096,右节点损失:1.112,总损失:4.208
('----划分特征：', 153)
------划分值:0.000,左节点损失:0.000,右节点损失:4.217,总损失:4.217
------划分值:1.000,左节点损失:2.655,右节点损失:1.537,总损失:4.193
('----划分特征：', 154)
------划分值:0.000,左节点损失:0.000,右节点损失:4.217,总损失:4.217
------划分值:1.000,左节点损失:2.106,右节点损失:2.042,总损失:4.148
('----划分特征：', 155)
------划分值:0.000,左节点损失:0.000,右节点损失:4.217,总损失:4.217
------划分值:1.000,左节点损失:1.742,右节点损失:2.364,总损失:4.107
('----划分特征：', 156)
------划分值:0.000,左节点损失:0.000,右节点损失:4.217,总损失:4.217
------划分值:1.000,左节点损失:1.596,右节点损失:2.472,总损失:4.069
('----划分特征：', 157)
------划分值:1.000,左节点损失:1.817,右节点损失:2.273,总损失:4.090
------划分值:0.000,左节点损失:0.000,右节点损失:4.217,总损失:4.217
('----划分特征：', 158)
------划分值:1.000,左节点损失:2.144,右节点损失:1.962,总损失:4.106
------划分值:0.000,左节点损失:0.000,右节点损失:4.217,总损失:4.217
('----划分特征：', 159)
------划分值:0.000,左节点损失:0.000,右节点损失:4.217,总损失:4.217
------划分值:1.000,左节点损失:2.743,右节点损失:1.408,总损失:4.151
('----划分特征：', 160)
------划分值:1.000,左节点损失:3.246,右节点损失:0.934,总损失:4.180
------划分值:0.000,左节点损失:0.000,右节点损失:4.217,总损失:4.217
('----划分特征：', 161)
------划分值:1.000,左节点损失:3.682,右节点损失:0.522,总损失:4.204
------划分值:0.000,左节点损失:0.000,右节点损失:4.217,总损失:4.217
('----划分特征：', 162)
------划分值:1.000,左节点损失:3.967,右节点损失:0.248,总损失:4.215
------划分值:0.000,左节点损失:0.000,右节点损失:4.217,总损失:4.217
('----划分特征：', 163)
------划分值:0.000,左节点损失:0.000,右节点损失:4.217,总损失:4.217
------划分值:1.000,左节点损失:4.130,右节点损失:0.087,总损失:4.217
('----划分特征：', 164)
------划分值:0.000,左节点损失:0.000,右节点损失:4.217,总损失:4.217
------划分值:1.000,左节点损失:4.200,右节点损失:0.015,总损失:4.215
('----划分特征：', 165)
------划分值:0.000,左节点损失:0.000,右节点损失:4.217,总损失:4.217
------划分值:1.000,左节点损失:4.216,右节点损失:0.000,总损失:4.216
('----划分特征：', 166)
------划分值:0.000,左节点损失:0.000,右节点损失:4.217,总损失:4.217
------划分值:1.000,左节点损失:4.217,右节点损失:0.000,总损失:4.217
('----划分特征：', 167)
------划分值:0.000,左节点损失:0.000,右节点损失:4.217,总损失:4.217
('----划分特征：', 168)
------划分值:0.000,左节点损失:0.000,右节点损失:4.217,总损失:4.217
('----划分特征：', 169)
------划分值:0.000,左节点损失:0.000,右节点损失:4.217,总损失:4.217
('----划分特征：', 170)
------划分值:0.000,左节点损失:0.000,右节点损失:4.217,总损失:4.217
('----划分特征：', 171)
------划分值:0.000,左节点损失:0.000,右节点损失:4.217,总损失:4.217
------划分值:1.000,左节点损失:4.217,右节点损失:0.000,总损失:4.217
('----划分特征：', 172)
------划分值:0.000,左节点损失:0.000,右节点损失:4.217,总损失:4.217
------划分值:1.000,左节点损失:4.216,右节点损失:0.000,总损失:4.216
('----划分特征：', 173)
------划分值:0.000,左节点损失:0.000,右节点损失:4.217,总损失:4.217
------划分值:1.000,左节点损失:4.206,右节点损失:0.008,总损失:4.214
('----划分特征：', 174)
------划分值:0.000,左节点损失:0.000,右节点损失:4.217,总损失:4.217
------划分值:1.000,左节点损失:4.200,右节点损失:0.008,总损失:4.208
('----划分特征：', 175)
------划分值:0.000,左节点损失:0.000,右节点损失:4.217,总损失:4.217
------划分值:1.000,左节点损失:4.181,右节点损失:0.016,总损失:4.197
('----划分特征：', 176)
------划分值:0.000,左节点损失:0.000,右节点损失:4.217,总损失:4.217
------划分值:1.000,左节点损失:4.059,右节点损失:0.144,总损失:4.203
('----划分特征：', 177)
------划分值:0.000,左节点损失:0.000,右节点损失:4.217,总损失:4.217
------划分值:1.000,左节点损失:3.802,右节点损失:0.411,总损失:4.212
('----划分特征：', 178)
------划分值:0.000,左节点损失:0.000,右节点损失:4.217,总损失:4.217
------划分值:1.000,左节点损失:3.418,右节点损失:0.800,总损失:4.217
('----划分特征：', 179)
------划分值:1.000,左节点损失:2.857,右节点损失:1.349,总损失:4.206
------划分值:0.000,左节点损失:0.000,右节点损失:4.217,总损失:4.217
('----划分特征：', 180)
------划分值:1.000,左节点损失:2.394,右节点损失:1.796,总损失:4.191
------划分值:0.000,左节点损失:0.000,右节点损失:4.217,总损失:4.217
('----划分特征：', 181)
------划分值:1.000,左节点损失:1.864,右节点损失:2.302,总损失:4.166
------划分值:0.000,左节点损失:0.000,右节点损失:4.217,总损失:4.217
('----划分特征：', 182)
------划分值:1.000,左节点损失:1.328,右节点损失:2.795,总损失:4.123
------划分值:0.000,左节点损失:0.000,右节点损失:4.217,总损失:4.217
('----划分特征：', 183)
------划分值:1.000,左节点损失:0.954,右节点损失:3.109,总损失:4.063
------划分值:0.000,左节点损失:0.000,右节点损失:4.217,总损失:4.217
('----划分特征：', 184)
------划分值:1.000,左节点损失:0.897,右节点损失:3.143,总损失:4.040
------划分值:0.000,左节点损失:0.000,右节点损失:4.217,总损失:4.217
('----划分特征：', 185)
------划分值:1.000,左节点损失:1.045,右节点损失:2.993,总损失:4.037
------划分值:0.000,左节点损失:0.000,右节点损失:4.217,总损失:4.217
('----划分特征：', 186)
------划分值:1.000,左节点损失:1.331,右节点损失:2.706,总损失:4.037
------划分值:0.000,左节点损失:0.000,右节点损失:4.217,总损失:4.217
('----划分特征：', 187)
------划分值:1.000,左节点损失:1.898,右节点损失:2.180,总损失:4.078
------划分值:0.000,左节点损失:0.000,右节点损失:4.217,总损失:4.217
('----划分特征：', 188)
------划分值:1.000,左节点损失:2.546,右节点损失:1.569,总损失:4.115
------划分值:0.000,左节点损失:0.000,右节点损失:4.217,总损失:4.217
('----划分特征：', 189)
------划分值:1.000,左节点损失:3.227,右节点损失:0.948,总损失:4.175
------划分值:0.000,左节点损失:0.000,右节点损失:4.217,总损失:4.217
('----划分特征：', 190)
------划分值:1.000,左节点损失:3.721,右节点损失:0.488,总损失:4.209
------划分值:0.000,左节点损失:0.000,右节点损失:4.217,总损失:4.217
('----划分特征：', 191)
------划分值:0.000,左节点损失:0.000,右节点损失:4.217,总损失:4.217
------划分值:1.000,左节点损失:4.051,右节点损失:0.166,总损失:4.217
('----划分特征：', 192)
------划分值:0.000,左节点损失:0.000,右节点损失:4.217,总损失:4.217
------划分值:1.000,左节点损失:4.182,右节点损失:0.031,总损失:4.212
('----划分特征：', 193)
------划分值:0.000,左节点损失:0.000,右节点损失:4.217,总损失:4.217
------划分值:1.000,左节点损失:4.214,右节点损失:0.000,总损失:4.214
('----划分特征：', 194)
------划分值:0.000,左节点损失:0.000,右节点损失:4.217,总损失:4.217
------划分值:1.000,左节点损失:4.217,右节点损失:0.000,总损失:4.217
('----划分特征：', 195)
------划分值:0.000,左节点损失:0.000,右节点损失:4.217,总损失:4.217
------划分值:1.000,左节点损失:4.217,右节点损失:0.000,总损失:4.217
('----划分特征：', 196)
------划分值:0.000,左节点损失:0.000,右节点损失:4.217,总损失:4.217
('----划分特征：', 197)
------划分值:0.000,左节点损失:0.000,右节点损失:4.217,总损失:4.217
------划分值:1.000,左节点损失:4.217,右节点损失:0.000,总损失:4.217
('----划分特征：', 198)
------划分值:0.000,左节点损失:0.000,右节点损失:4.217,总损失:4.217
------划分值:1.000,左节点损失:4.217,右节点损失:0.000,总损失:4.217
('----划分特征：', 199)
------划分值:0.000,左节点损失:0.000,右节点损失:4.217,总损失:4.217
------划分值:1.000,左节点损失:4.217,右节点损失:0.000,总损失:4.217
('----划分特征：', 200)
------划分值:0.000,左节点损失:0.000,右节点损失:4.217,总损失:4.217
------划分值:1.000,左节点损失:4.214,右节点损失:0.000,总损失:4.214
('----划分特征：', 201)
------划分值:0.000,左节点损失:0.000,右节点损失:4.217,总损失:4.217
------划分值:1.000,左节点损失:4.202,右节点损失:0.008,总损失:4.210
('----划分特征：', 202)
------划分值:0.000,左节点损失:0.000,右节点损失:4.217,总损失:4.217
------划分值:1.000,左节点损失:4.194,右节点损失:0.008,总损失:4.201
('----划分特征：', 203)
------划分值:0.000,左节点损失:0.000,右节点损失:4.217,总损失:4.217
------划分值:1.000,左节点损失:4.107,右节点损失:0.092,总损失:4.199
('----划分特征：', 204)
------划分值:1.000,左节点损失:3.886,右节点损失:0.320,总损失:4.206
------划分值:0.000,左节点损失:0.000,右节点损失:4.217,总损失:4.217
('----划分特征：', 205)
------划分值:1.000,左节点损失:3.444,右节点损失:0.773,总损失:4.217
------划分值:0.000,左节点损失:0.000,右节点损失:4.217,总损失:4.217
('----划分特征：', 206)
------划分值:1.000,左节点损失:2.916,右节点损失:1.297,总损失:4.214
------划分值:0.000,左节点损失:0.000,右节点损失:4.217,总损失:4.217
('----划分特征：', 207)
------划分值:1.000,左节点损失:2.409,右节点损失:1.791,总损失:4.200
------划分值:0.000,左节点损失:0.000,右节点损失:4.217,总损失:4.217
('----划分特征：', 208)
------划分值:1.000,左节点损失:1.752,右节点损失:2.407,总损失:4.159
------划分值:0.000,左节点损失:0.000,右节点损失:4.217,总损失:4.217
('----划分特征：', 209)
------划分值:1.000,左节点损失:1.331,右节点损失:2.813,总损失:4.144
------划分值:0.000,左节点损失:0.000,右节点损失:4.217,总损失:4.217
('----划分特征：', 210)
------划分值:1.000,左节点损失:1.101,右节点损失:3.025,总损失:4.126
------划分值:0.000,左节点损失:0.000,右节点损失:4.217,总损失:4.217
('----划分特征：', 211)
------划分值:1.000,左节点损失:0.930,右节点损失:3.162,总损失:4.091
------划分值:0.000,左节点损失:0.000,右节点损失:4.217,总损失:4.217
('----划分特征：', 212)
------划分值:1.000,左节点损失:0.966,右节点损失:3.133,总损失:4.098
------划分值:0.000,左节点损失:0.000,右节点损失:4.217,总损失:4.217
('----划分特征：', 213)
------划分值:1.000,左节点损失:0.902,右节点损失:3.160,总损失:4.063
------划分值:0.000,左节点损失:0.000,右节点损失:4.217,总损失:4.217
('----划分特征：', 214)
------划分值:0.000,左节点损失:0.000,右节点损失:4.217,总损失:4.217
------划分值:1.000,左节点损失:1.044,右节点损失:2.996,总损失:4.040
('----划分特征：', 215)
------划分值:0.000,左节点损失:0.000,右节点损失:4.217,总损失:4.217
------划分值:1.000,左节点损失:1.388,右节点损失:2.661,总损失:4.049
('----划分特征：', 216)
------划分值:0.000,左节点损失:0.000,右节点损失:4.217,总损失:4.217
------划分值:1.000,左节点损失:1.992,右节点损失:2.081,总损失:4.073
('----划分特征：', 217)
------划分值:0.000,左节点损失:0.000,右节点损失:4.217,总损失:4.217
------划分值:1.000,左节点损失:2.753,右节点损失:1.384,总损失:4.137
('----划分特征：', 218)
------划分值:0.000,左节点损失:0.000,右节点损失:4.217,总损失:4.217
------划分值:1.000,左节点损失:3.431,右节点损失:0.758,总损失:4.189
('----划分特征：', 219)
------划分值:0.000,左节点损失:0.000,右节点损失:4.217,总损失:4.217
------划分值:1.000,左节点损失:3.896,右节点损失:0.319,总损失:4.216
('----划分特征：', 220)
------划分值:0.000,左节点损失:0.000,右节点损失:4.217,总损失:4.217
------划分值:1.000,左节点损失:4.140,右节点损失:0.075,总损失:4.215
('----划分特征：', 221)
------划分值:0.000,左节点损失:0.000,右节点损失:4.217,总损失:4.217
------划分值:1.000,左节点损失:4.212,右节点损失:0.000,总损失:4.212
('----划分特征：', 222)
------划分值:0.000,左节点损失:0.000,右节点损失:4.217,总损失:4.217
------划分值:1.000,左节点损失:4.216,右节点损失:0.000,总损失:4.216
('----划分特征：', 223)
------划分值:0.000,左节点损失:0.000,右节点损失:4.217,总损失:4.217
------划分值:1.000,左节点损失:4.217,右节点损失:0.000,总损失:4.217
('----划分特征：', 224)
------划分值:0.000,左节点损失:0.000,右节点损失:4.217,总损失:4.217
------划分值:1.000,左节点损失:4.217,右节点损失:0.000,总损失:4.217
('----划分特征：', 225)
------划分值:0.000,左节点损失:0.000,右节点损失:4.217,总损失:4.217
------划分值:1.000,左节点损失:4.217,右节点损失:0.000,总损失:4.217
('----划分特征：', 226)
------划分值:0.000,左节点损失:0.000,右节点损失:4.217,总损失:4.217
------划分值:1.000,左节点损失:4.217,右节点损失:0.000,总损失:4.217
('----划分特征：', 227)
------划分值:0.000,左节点损失:0.000,右节点损失:4.217,总损失:4.217
------划分值:1.000,左节点损失:4.215,右节点损失:0.000,总损失:4.215
('----划分特征：', 228)
------划分值:0.000,左节点损失:0.000,右节点损失:4.217,总损失:4.217
------划分值:1.000,左节点损失:4.211,右节点损失:0.000,总损失:4.211
('----划分特征：', 229)
------划分值:0.000,左节点损失:0.000,右节点损失:4.217,总损失:4.217
------划分值:1.000,左节点损失:4.191,右节点损失:0.016,总损失:4.206
('----划分特征：', 230)
------划分值:0.000,左节点损失:0.000,右节点损失:4.217,总损失:4.217
------划分值:1.000,左节点损失:4.147,右节点损失:0.054,总损失:4.201
('----划分特征：', 231)
------划分值:0.000,左节点损失:0.000,右节点损失:4.217,总损失:4.217
------划分值:1.000,左节点损失:3.978,右节点损失:0.226,总损失:4.204
('----划分特征：', 232)
------划分值:1.000,左节点损失:3.564,右节点损失:0.653,总损失:4.217
------划分值:0.000,左节点损失:0.000,右节点损失:4.217,总损失:4.217
('----划分特征：', 233)
------划分值:1.000,左节点损失:3.056,右节点损失:1.158,总损失:4.215
------划分值:0.000,左节点损失:0.000,右节点损失:4.217,总损失:4.217
('----划分特征：', 234)
------划分值:1.000,左节点损失:2.365,右节点损失:1.828,总损失:4.193
------划分值:0.000,左节点损失:0.000,右节点损失:4.217,总损失:4.217
('----划分特征：', 235)
------划分值:1.000,左节点损失:1.801,右节点损失:2.360,总损失:4.161
------划分值:0.000,左节点损失:0.000,右节点损失:4.217,总损失:4.217
('----划分特征：', 236)
------划分值:1.000,左节点损失:1.397,右节点损失:2.741,总损失:4.138
------划分值:0.000,左节点损失:0.000,右节点损失:4.217,总损失:4.217
('----划分特征：', 237)
------划分值:1.000,左节点损失:1.268,右节点损失:2.865,总损失:4.133
------划分值:0.000,左节点损失:0.000,右节点损失:4.217,总损失:4.217
('----划分特征：', 238)
------划分值:1.000,左节点损失:1.290,右节点损失:2.841,总损失:4.131
------划分值:0.000,左节点损失:0.000,右节点损失:4.217,总损失:4.217
('----划分特征：', 239)
------划分值:1.000,左节点损失:1.501,右节点损失:2.656,总损失:4.157
------划分值:0.000,左节点损失:0.000,右节点损失:4.217,总损失:4.217
('----划分特征：', 240)
------划分值:1.000,左节点损失:1.664,右节点损失:2.517,总损失:4.181
------划分值:0.000,左节点损失:0.000,右节点损失:4.217,总损失:4.217
('----划分特征：', 241)
------划分值:1.000,左节点损失:1.568,右节点损失:2.603,总损失:4.171
------划分值:0.000,左节点损失:0.000,右节点损失:4.217,总损失:4.217
('----划分特征：', 242)
------划分值:0.000,左节点损失:0.000,右节点损失:4.217,总损失:4.217
------划分值:1.000,左节点损失:1.307,右节点损失:2.809,总损失:4.116
('----划分特征：', 243)
------划分值:0.000,左节点损失:0.000,右节点损失:4.217,总损失:4.217
------划分值:1.000,左节点损失:1.292,右节点损失:2.770,总损失:4.062
('----划分特征：', 244)
------划分值:0.000,左节点损失:0.000,右节点损失:4.217,总损失:4.217
------划分值:1.000,左节点损失:1.559,右节点损失:2.449,总损失:4.008
('----划分特征：', 245)
------划分值:0.000,左节点损失:0.000,右节点损失:4.217,总损失:4.217
------划分值:1.000,左节点损失:2.293,右节点损失:1.769,总损失:4.062
('----划分特征：', 246)
------划分值:0.000,左节点损失:0.000,右节点损失:4.217,总损失:4.217
------划分值:1.000,左节点损失:3.045,右节点损失:1.073,总损失:4.118
('----划分特征：', 247)
------划分值:0.000,左节点损失:0.000,右节点损失:4.217,总损失:4.217
------划分值:1.000,左节点损失:3.728,右节点损失:0.469,总损失:4.197
('----划分特征：', 248)
------划分值:0.000,左节点损失:0.000,右节点损失:4.217,总损失:4.217
------划分值:1.000,左节点损失:4.102,右节点损失:0.115,总损失:4.217
('----划分特征：', 249)
------划分值:0.000,左节点损失:0.000,右节点损失:4.217,总损失:4.217
------划分值:1.000,左节点损失:4.212,右节点损失:0.000,总损失:4.212
('----划分特征：', 250)
------划分值:0.000,左节点损失:0.000,右节点损失:4.217,总损失:4.217
------划分值:1.000,左节点损失:4.217,右节点损失:0.000,总损失:4.217
('----划分特征：', 251)
------划分值:0.000,左节点损失:0.000,右节点损失:4.217,总损失:4.217
------划分值:1.000,左节点损失:4.217,右节点损失:0.000,总损失:4.217
('----划分特征：', 252)
------划分值:0.000,左节点损失:0.000,右节点损失:4.217,总损失:4.217
('----划分特征：', 253)
------划分值:0.000,左节点损失:0.000,右节点损失:4.217,总损失:4.217
------划分值:1.000,左节点损失:4.217,右节点损失:0.000,总损失:4.217
('----划分特征：', 254)
------划分值:0.000,左节点损失:0.000,右节点损失:4.217,总损失:4.217
------划分值:1.000,左节点损失:4.217,右节点损失:0.000,总损失:4.217
('----划分特征：', 255)
------划分值:0.000,左节点损失:0.000,右节点损失:4.217,总损失:4.217
------划分值:1.000,左节点损失:4.215,右节点损失:0.000,总损失:4.215
('----划分特征：', 256)
------划分值:0.000,左节点损失:0.000,右节点损失:4.217,总损失:4.217
------划分值:1.000,左节点损失:4.210,右节点损失:0.000,总损失:4.210
('----划分特征：', 257)
------划分值:0.000,左节点损失:0.000,右节点损失:4.217,总损失:4.217
------划分值:1.000,左节点损失:4.187,右节点损失:0.016,总损失:4.203
('----划分特征：', 258)
------划分值:0.000,左节点损失:0.000,右节点损失:4.217,总损失:4.217
------划分值:1.000,左节点损失:4.020,右节点损失:0.193,总损失:4.212
('----划分特征：', 259)
------划分值:0.000,左节点损失:0.000,右节点损失:4.217,总损失:4.217
------划分值:1.000,左节点损失:3.709,右节点损失:0.508,总损失:4.217
('----划分特征：', 260)
------划分值:0.000,左节点损失:0.000,右节点损失:4.217,总损失:4.217
------划分值:1.000,左节点损失:3.204,右节点损失:1.008,总损失:4.212
('----划分特征：', 261)
------划分值:1.000,左节点损失:2.545,右节点损失:1.642,总损失:4.187
------划分值:0.000,左节点损失:0.000,右节点损失:4.217,总损失:4.217
('----划分特征：', 262)
------划分值:0.000,左节点损失:0.000,右节点损失:4.217,总损失:4.217
------划分值:1.000,左节点损失:1.843,右节点损失:2.300,总损失:4.143
('----划分特征：', 263)
------划分值:1.000,左节点损失:1.354,右节点损失:2.742,总损失:4.096
------划分值:0.000,左节点损失:0.000,右节点损失:4.217,总损失:4.217
('----划分特征：', 264)
------划分值:1.000,左节点损失:1.359,右节点损失:2.751,总损失:4.110
------划分值:0.000,左节点损失:0.000,右节点损失:4.217,总损失:4.217
('----划分特征：', 265)
------划分值:1.000,左节点损失:1.496,右节点损失:2.615,总损失:4.112
------划分值:0.000,左节点损失:0.000,右节点损失:4.217,总损失:4.217
('----划分特征：', 266)
------划分值:0.000,左节点损失:0.000,右节点损失:4.217,总损失:4.217
------划分值:1.000,左节点损失:1.982,右节点损失:2.193,总损失:4.175
('----划分特征：', 267)
------划分值:0.000,左节点损失:0.000,右节点损失:4.217,总损失:4.217
------划分值:1.000,左节点损失:2.331,右节点损失:1.875,总损失:4.206
('----划分特征：', 268)
------划分值:0.000,左节点损失:0.000,右节点损失:4.217,总损失:4.217
------划分值:1.000,左节点损失:2.477,右节点损失:1.740,总损失:4.217
('----划分特征：', 269)
------划分值:1.000,左节点损失:2.331,右节点损失:1.886,总损失:4.217
------划分值:0.000,左节点损失:0.000,右节点损失:4.217,总损失:4.217
('----划分特征：', 270)
------划分值:0.000,左节点损失:0.000,右节点损失:4.217,总损失:4.217
------划分值:1.000,左节点损失:1.994,右节点损失:2.209,总损失:4.202
('----划分特征：', 271)
------划分值:0.000,左节点损失:0.000,右节点损失:4.217,总损失:4.217
------划分值:1.000,左节点损失:1.464,右节点损失:2.624,总损失:4.088
('----划分特征：', 272)
------划分值:0.000,左节点损失:0.000,右节点损失:4.217,总损失:4.217
------划分值:1.000,左节点损失:1.430,右节点损失:2.540,总损失:3.970
('----划分特征：', 273)
------划分值:0.000,左节点损失:0.000,右节点损失:4.217,总损失:4.217
------划分值:1.000,左节点损失:1.834,右节点损失:2.056,总损失:3.890
('----划分特征：', 274)
------划分值:0.000,左节点损失:0.000,右节点损失:4.217,总损失:4.217
------划分值:1.000,左节点损失:2.614,右节点损失:1.318,总损失:3.932
('----划分特征：', 275)
------划分值:0.000,左节点损失:0.000,右节点损失:4.217,总损失:4.217
------划分值:1.000,左节点损失:3.577,右节点损失:0.542,总损失:4.119
('----划分特征：', 276)
------划分值:0.000,左节点损失:0.000,右节点损失:4.217,总损失:4.217
------划分值:1.000,左节点损失:4.042,右节点损失:0.165,总损失:4.207
('----划分特征：', 277)
------划分值:0.000,左节点损失:0.000,右节点损失:4.217,总损失:4.217
------划分值:1.000,左节点损失:4.215,右节点损失:0.000,总损失:4.215
('----划分特征：', 278)
------划分值:0.000,左节点损失:0.000,右节点损失:4.217,总损失:4.217
------划分值:1.000,左节点损失:4.217,右节点损失:0.000,总损失:4.217
('----划分特征：', 279)
------划分值:0.000,左节点损失:0.000,右节点损失:4.217,总损失:4.217
('----划分特征：', 280)
------划分值:0.000,左节点损失:0.000,右节点损失:4.217,总损失:4.217
('----划分特征：', 281)
------划分值:0.000,左节点损失:0.000,右节点损失:4.217,总损失:4.217
------划分值:1.000,左节点损失:4.217,右节点损失:0.000,总损失:4.217
('----划分特征：', 282)
------划分值:0.000,左节点损失:0.000,右节点损失:4.217,总损失:4.217
------划分值:1.000,左节点损失:4.217,右节点损失:0.000,总损失:4.217
('----划分特征：', 283)
------划分值:0.000,左节点损失:0.000,右节点损失:4.217,总损失:4.217
------划分值:1.000,左节点损失:4.215,右节点损失:0.000,总损失:4.215
('----划分特征：', 284)
------划分值:0.000,左节点损失:0.000,右节点损失:4.217,总损失:4.217
------划分值:1.000,左节点损失:4.210,右节点损失:0.000,总损失:4.210
('----划分特征：', 285)
------划分值:0.000,左节点损失:0.000,右节点损失:4.217,总损失:4.217
------划分值:1.000,左节点损失:4.142,右节点损失:0.068,总损失:4.211
('----划分特征：', 286)
------划分值:0.000,左节点损失:0.000,右节点损失:4.217,总损失:4.217
------划分值:1.000,左节点损失:3.866,右节点损失:0.351,总损失:4.217
('----划分特征：', 287)
------划分值:0.000,左节点损失:0.000,右节点损失:4.217,总损失:4.217
------划分值:1.000,左节点损失:3.373,右节点损失:0.823,总损失:4.195
('----划分特征：', 288)
------划分值:0.000,左节点损失:0.000,右节点损失:4.217,总损失:4.217
------划分值:1.000,左节点损失:2.718,右节点损失:1.445,总损失:4.163
('----划分特征：', 289)
------划分值:0.000,左节点损失:0.000,右节点损失:4.217,总损失:4.217
------划分值:1.000,左节点损失:1.925,右节点损失:2.162,总损失:4.087
('----划分特征：', 290)
------划分值:0.000,左节点损失:0.000,右节点损失:4.217,总损失:4.217
------划分值:1.000,左节点损失:1.417,右节点损失:2.638,总损失:4.055
('----划分特征：', 291)
------划分值:1.000,左节点损失:1.456,右节点损失:2.634,总损失:4.090
------划分值:0.000,左节点损失:0.000,右节点损失:4.217,总损失:4.217
('----划分特征：', 292)
------划分值:1.000,左节点损失:1.671,右节点损失:2.432,总损失:4.103
------划分值:0.000,左节点损失:0.000,右节点损失:4.217,总损失:4.217
('----划分特征：', 293)
------划分值:0.000,左节点损失:0.000,右节点损失:4.217,总损失:4.217
------划分值:1.000,左节点损失:2.152,右节点损失:2.007,总损失:4.159
('----划分特征：', 294)
------划分值:0.000,左节点损失:0.000,右节点损失:4.217,总损失:4.217
------划分值:1.000,左节点损失:2.652,右节点损失:1.553,总损失:4.205
('----划分特征：', 295)
------划分值:0.000,左节点损失:0.000,右节点损失:4.217,总损失:4.217
------划分值:1.000,左节点损失:3.014,右节点损失:1.200,总损失:4.213
('----划分特征：', 296)
------划分值:0.000,左节点损失:0.000,右节点损失:4.217,总损失:4.217
------划分值:1.000,左节点损失:3.170,右节点损失:1.014,总损失:4.184
('----划分特征：', 297)
------划分值:0.000,左节点损失:0.000,右节点损失:4.217,总损失:4.217
------划分值:1.000,左节点损失:2.953,右节点损失:1.231,总损失:4.184
('----划分特征：', 298)
------划分值:0.000,左节点损失:0.000,右节点损失:4.217,总损失:4.217
------划分值:1.000,左节点损失:2.533,右节点损失:1.684,总损失:4.216
('----划分特征：', 299)
------划分值:0.000,左节点损失:0.000,右节点损失:4.217,总损失:4.217
------划分值:1.000,左节点损失:1.881,右节点损失:2.278,总损失:4.159
('----划分特征：', 300)
------划分值:0.000,左节点损失:0.000,右节点损失:4.217,总损失:4.217
------划分值:1.000,左节点损失:1.425,右节点损失:2.501,总损失:3.926
('----划分特征：', 301)
------划分值:0.000,左节点损失:0.000,右节点损失:4.217,总损失:4.217
------划分值:1.000,左节点损失:1.680,右节点损失:2.052,总损失:3.732
('----划分特征：', 302)
------划分值:0.000,左节点损失:0.000,右节点损失:4.217,总损失:4.217
------划分值:1.000,左节点损失:2.328,右节点损失:1.310,总损失:3.638
('----划分特征：', 303)
------划分值:0.000,左节点损失:0.000,右节点损失:4.217,总损失:4.217
------划分值:1.000,左节点损失:3.277,右节点损失:0.549,总损失:3.826
('----划分特征：', 304)
------划分值:0.000,左节点损失:0.000,右节点损失:4.217,总损失:4.217
------划分值:1.000,左节点损失:4.014,右节点损失:0.141,总损失:4.155
('----划分特征：', 305)
------划分值:0.000,左节点损失:0.000,右节点损失:4.217,总损失:4.217
------划分值:1.000,左节点损失:4.216,右节点损失:0.000,总损失:4.216
('----划分特征：', 306)
------划分值:0.000,左节点损失:0.000,右节点损失:4.217,总损失:4.217
------划分值:1.000,左节点损失:4.217,右节点损失:0.000,总损失:4.217
('----划分特征：', 307)
------划分值:0.000,左节点损失:0.000,右节点损失:4.217,总损失:4.217
('----划分特征：', 308)
------划分值:0.000,左节点损失:0.000,右节点损失:4.217,总损失:4.217
('----划分特征：', 309)
------划分值:0.000,左节点损失:0.000,右节点损失:4.217,总损失:4.217
------划分值:1.000,左节点损失:4.217,右节点损失:0.000,总损失:4.217
('----划分特征：', 310)
------划分值:0.000,左节点损失:0.000,右节点损失:4.217,总损失:4.217
------划分值:1.000,左节点损失:4.216,右节点损失:0.000,总损失:4.216
('----划分特征：', 311)
------划分值:0.000,左节点损失:0.000,右节点损失:4.217,总损失:4.217
------划分值:1.000,左节点损失:4.215,右节点损失:0.000,总损失:4.215
('----划分特征：', 312)
------划分值:0.000,左节点损失:0.000,右节点损失:4.217,总损失:4.217
------划分值:1.000,左节点损失:4.211,右节点损失:0.000,总损失:4.211
('----划分特征：', 313)
------划分值:0.000,左节点损失:0.000,右节点损失:4.217,总损失:4.217
------划分值:1.000,左节点损失:4.060,右节点损失:0.157,总损失:4.217
('----划分特征：', 314)
------划分值:0.000,左节点损失:0.000,右节点损失:4.217,总损失:4.217
------划分值:1.000,左节点损失:3.647,右节点损失:0.543,总损失:4.190
('----划分特征：', 315)
------划分值:0.000,左节点损失:0.000,右节点损失:4.217,总损失:4.217
------划分值:1.000,左节点损失:2.981,右节点损失:1.139,总损失:4.121
('----划分特征：', 316)
------划分值:0.000,左节点损失:0.000,右节点损失:4.217,总损失:4.217
------划分值:1.000,左节点损失:2.236,右节点损失:1.826,总损失:4.062
('----划分特征：', 317)
------划分值:0.000,左节点损失:0.000,右节点损失:4.217,总损失:4.217
------划分值:1.000,左节点损失:1.558,右节点损失:2.452,总损失:4.011
('----划分特征：', 318)
------划分值:0.000,左节点损失:0.000,右节点损失:4.217,总损失:4.217
------划分值:1.000,左节点损失:1.417,右节点损失:2.637,总损失:4.054
('----划分特征：', 319)
------划分值:1.000,左节点损失:1.692,右节点损失:2.414,总损失:4.106
------划分值:0.000,左节点损失:0.000,右节点损失:4.217,总损失:4.217
('----划分特征：', 320)
------划分值:1.000,左节点损失:2.295,右节点损失:1.881,总损失:4.176
------划分值:0.000,左节点损失:0.000,右节点损失:4.217,总损失:4.217
('----划分特征：', 321)
------划分值:1.000,左节点损失:2.787,右节点损失:1.424,总损失:4.211
------划分值:0.000,左节点损失:0.000,右节点损失:4.217,总损失:4.217
('----划分特征：', 322)
------划分值:0.000,左节点损失:0.000,右节点损失:4.217,总损失:4.217
------划分值:1.000,左节点损失:3.292,右节点损失:0.911,总损失:4.202
('----划分特征：', 323)
------划分值:0.000,左节点损失:0.000,右节点损失:4.217,总损失:4.217
------划分值:1.000,左节点损失:3.571,右节点损失:0.563,总损失:4.134
('----划分特征：', 324)
------划分值:0.000,左节点损失:0.000,右节点损失:4.217,总损失:4.217
------划分值:1.000,左节点损失:3.581,右节点损失:0.506,总损失:4.087
('----划分特征：', 325)
------划分值:0.000,左节点损失:0.000,右节点损失:4.217,总损失:4.217
------划分值:1.000,左节点损失:3.420,右节点损失:0.656,总损失:4.077
('----划分特征：', 326)
------划分值:0.000,左节点损失:0.000,右节点损失:4.217,总损失:4.217
------划分值:1.000,左节点损失:3.060,右节点损失:1.107,总损失:4.167
('----划分特征：', 327)
------划分值:0.000,左节点损失:0.000,右节点损失:4.217,总损失:4.217
------划分值:1.000,左节点损失:2.306,右节点损失:1.898,总损失:4.204
('----划分特征：', 328)
------划分值:0.000,左节点损失:0.000,右节点损失:4.217,总损失:4.217
------划分值:1.000,左节点损失:1.665,右节点损失:2.277,总损失:3.942
('----划分特征：', 329)
------划分值:0.000,左节点损失:0.000,右节点损失:4.217,总损失:4.217
------划分值:1.000,左节点损失:1.568,右节点损失:1.918,总损失:3.485
('----划分特征：', 330)
------划分值:0.000,左节点损失:0.000,右节点损失:4.217,总损失:4.217
------划分值:1.000,左节点损失:2.035,右节点损失:1.164,总损失:3.198
('----划分特征：', 331)
------划分值:0.000,左节点损失:0.000,右节点损失:4.217,总损失:4.217
------划分值:1.000,左节点损失:3.090,右节点损失:0.455,总损失:3.545
('----划分特征：', 332)
------划分值:0.000,左节点损失:0.000,右节点损失:4.217,总损失:4.217
------划分值:1.000,左节点损失:3.937,右节点损失:0.145,总损失:4.082
('----划分特征：', 333)
------划分值:0.000,左节点损失:0.000,右节点损失:4.217,总损失:4.217
------划分值:1.000,左节点损失:4.217,右节点损失:0.000,总损失:4.217
('----划分特征：', 334)
------划分值:0.000,左节点损失:0.000,右节点损失:4.217,总损失:4.217
------划分值:1.000,左节点损失:4.211,右节点损失:0.004,总损失:4.215
('----划分特征：', 335)
------划分值:0.000,左节点损失:0.000,右节点损失:4.217,总损失:4.217
('----划分特征：', 336)
------划分值:0.000,左节点损失:0.000,右节点损失:4.217,总损失:4.217
('----划分特征：', 337)
------划分值:0.000,左节点损失:0.000,右节点损失:4.217,总损失:4.217
------划分值:1.000,左节点损失:4.217,右节点损失:0.000,总损失:4.217
('----划分特征：', 338)
------划分值:0.000,左节点损失:0.000,右节点损失:4.217,总损失:4.217
------划分值:1.000,左节点损失:4.217,右节点损失:0.000,总损失:4.217
('----划分特征：', 339)
------划分值:0.000,左节点损失:0.000,右节点损失:4.217,总损失:4.217
------划分值:1.000,左节点损失:4.216,右节点损失:0.000,总损失:4.216
('----划分特征：', 340)
------划分值:0.000,左节点损失:0.000,右节点损失:4.217,总损失:4.217
------划分值:1.000,左节点损失:4.205,右节点损失:0.008,总损失:4.213
('----划分特征：', 341)
------划分值:0.000,左节点损失:0.000,右节点损失:4.217,总损失:4.217
------划分值:1.000,左节点损失:3.927,右节点损失:0.274,总损失:4.201
('----划分特征：', 342)
------划分值:0.000,左节点损失:0.000,右节点损失:4.217,总损失:4.217
------划分值:1.000,左节点损失:3.299,右节点损失:0.784,总损失:4.083
('----划分特征：', 343)
------划分值:0.000,左节点损失:0.000,右节点损失:4.217,总损失:4.217
------划分值:1.000,左节点损失:2.511,右节点损失:1.488,总损失:4.000
('----划分特征：', 344)
------划分值:0.000,左节点损失:0.000,右节点损失:4.217,总损失:4.217
------划分值:1.000,左节点损失:1.666,右节点损失:2.245,总损失:3.911
('----划分特征：', 345)
------划分值:0.000,左节点损失:0.000,右节点损失:4.217,总损失:4.217
------划分值:1.000,左节点损失:1.306,右节点损失:2.660,总损失:3.966
('----划分特征：', 346)
------划分值:0.000,左节点损失:0.000,右节点损失:4.217,总损失:4.217
------划分值:1.000,左节点损失:1.544,右节点损失:2.534,总损失:4.079
('----划分特征：', 347)
------划分值:0.000,左节点损失:0.000,右节点损失:4.217,总损失:4.217
------划分值:1.000,左节点损失:2.165,右节点损失:2.015,总损失:4.180
('----划分特征：', 348)
------划分值:1.000,左节点损失:2.864,右节点损失:1.353,总损失:4.217
------划分值:0.000,左节点损失:0.000,右节点损失:4.217,总损失:4.217
('----划分特征：', 349)
------划分值:1.000,左节点损失:3.324,右节点损失:0.866,总损失:4.190
------划分值:0.000,左节点损失:0.000,右节点损失:4.217,总损失:4.217
('----划分特征：', 350)
------划分值:0.000,左节点损失:0.000,右节点损失:4.217,总损失:4.217
------划分值:1.000,左节点损失:3.621,右节点损失:0.483,总损失:4.104
('----划分特征：', 351)
------划分值:0.000,左节点损失:0.000,右节点损失:4.217,总损失:4.217
------划分值:1.000,左节点损失:3.730,右节点损失:0.280,总损失:4.010
('----划分特征：', 352)
------划分值:0.000,左节点损失:0.000,右节点损失:4.217,总损失:4.217
------划分值:1.000,左节点损失:3.704,右节点损失:0.227,总损失:3.931
('----划分特征：', 353)
------划分值:0.000,左节点损失:0.000,右节点损失:4.217,总损失:4.217
------划分值:1.000,左节点损失:3.565,右节点损失:0.396,总损失:3.961
('----划分特征：', 354)
------划分值:0.000,左节点损失:0.000,右节点损失:4.217,总损失:4.217
------划分值:1.000,左节点损失:3.151,右节点损失:0.983,总损失:4.134
('----划分特征：', 355)
------划分值:0.000,左节点损失:0.000,右节点损失:4.217,总损失:4.217
------划分值:1.000,左节点损失:2.614,右节点损失:1.601,总损失:4.215
('----划分特征：', 356)
------划分值:0.000,左节点损失:0.000,右节点损失:4.217,总损失:4.217
------划分值:1.000,左节点损失:1.754,右节点损失:2.146,总损失:3.899
('----划分特征：', 357)
------划分值:0.000,左节点损失:0.000,右节点损失:4.217,总损失:4.217
------划分值:1.000,左节点损失:1.548,右节点损失:1.773,总损失:3.321
('----划分特征：', 358)
------划分值:0.000,左节点损失:0.000,右节点损失:4.217,总损失:4.217
------划分值:1.000,左节点损失:1.978,右节点损失:1.031,总损失:3.009
('----划分特征：', 359)
------划分值:0.000,左节点损失:0.000,右节点损失:4.217,总损失:4.217
------划分值:1.000,左节点损失:2.961,右节点损失:0.436,总损失:3.398
('----划分特征：', 360)
------划分值:0.000,左节点损失:0.000,右节点损失:4.217,总损失:4.217
------划分值:1.000,左节点损失:3.852,右节点损失:0.184,总损失:4.036
('----划分特征：', 361)
------划分值:0.000,左节点损失:0.000,右节点损失:4.217,总损失:4.217
------划分值:1.000,左节点损失:4.217,右节点损失:0.000,总损失:4.217
('----划分特征：', 362)
------划分值:0.000,左节点损失:0.000,右节点损失:4.217,总损失:4.217
------划分值:1.000,左节点损失:4.211,右节点损失:0.005,总损失:4.216
('----划分特征：', 363)
------划分值:0.000,左节点损失:0.000,右节点损失:4.217,总损失:4.217
('----划分特征：', 364)
------划分值:0.000,左节点损失:0.000,右节点损失:4.217,总损失:4.217
('----划分特征：', 365)
------划分值:0.000,左节点损失:0.000,右节点损失:4.217,总损失:4.217
------划分值:1.000,左节点损失:4.217,右节点损失:0.000,总损失:4.217
('----划分特征：', 366)
------划分值:0.000,左节点损失:0.000,右节点损失:4.217,总损失:4.217
------划分值:1.000,左节点损失:4.217,右节点损失:0.000,总损失:4.217
('----划分特征：', 367)
------划分值:0.000,左节点损失:0.000,右节点损失:4.217,总损失:4.217
------划分值:1.000,左节点损失:4.217,右节点损失:0.000,总损失:4.217
('----划分特征：', 368)
------划分值:0.000,左节点损失:0.000,右节点损失:4.217,总损失:4.217
------划分值:1.000,左节点损失:4.181,右节点损失:0.036,总损失:4.217
('----划分特征：', 369)
------划分值:0.000,左节点损失:0.000,右节点损失:4.217,总损失:4.217
------划分值:1.000,左节点损失:3.739,右节点损失:0.398,总损失:4.137
('----划分特征：', 370)
------划分值:0.000,左节点损失:0.000,右节点损失:4.217,总损失:4.217
------划分值:1.000,左节点损失:2.915,右节点损失:1.024,总损失:3.938
('----划分特征：', 371)
------划分值:0.000,左节点损失:0.000,右节点损失:4.217,总损失:4.217
------划分值:1.000,左节点损失:2.037,右节点损失:1.802,总损失:3.839
('----划分特征：', 372)
------划分值:0.000,左节点损失:0.000,右节点损失:4.217,总损失:4.217
------划分值:1.000,左节点损失:1.414,右节点损失:2.440,总损失:3.854
('----划分特征：', 373)
------划分值:0.000,左节点损失:0.000,右节点损失:4.217,总损失:4.217
------划分值:1.000,左节点损失:1.406,右节点损失:2.604,总损失:4.009
('----划分特征：', 374)
------划分值:0.000,左节点损失:0.000,右节点损失:4.217,总损失:4.217
------划分值:1.000,左节点损失:1.938,右节点损失:2.223,总损失:4.161
('----划分特征：', 375)
------划分值:0.000,左节点损失:0.000,右节点损失:4.217,总损失:4.217
------划分值:1.000,左节点损失:2.744,右节点损失:1.473,总损失:4.217
('----划分特征：', 376)
------划分值:0.000,左节点损失:0.000,右节点损失:4.217,总损失:4.217
------划分值:1.000,左节点损失:3.308,右节点损失:0.865,总损失:4.173
('----划分特征：', 377)
------划分值:1.000,左节点损失:3.681,右节点损失:0.364,总损失:4.045
------划分值:0.000,左节点损失:0.000,右节点损失:4.217,总损失:4.217
('----划分特征：', 378)
------划分值:1.000,左节点损失:3.756,右节点损失:0.165,总损失:3.921
------划分值:0.000,左节点损失:0.000,右节点损失:4.217,总损失:4.217
('----划分特征：', 379)
------划分值:1.000,左节点损失:3.742,右节点损失:0.071,总损失:3.813
------划分值:0.000,左节点损失:0.000,右节点损失:4.217,总损失:4.217
('----划分特征：', 380)
------划分值:0.000,左节点损失:0.000,右节点损失:4.217,总损失:4.217
------划分值:1.000,左节点损失:3.668,右节点损失:0.094,总损失:3.763
('----划分特征：', 381)
------划分值:0.000,左节点损失:0.000,右节点损失:4.217,总损失:4.217
------划分值:1.000,左节点损失:3.541,右节点损失:0.335,总损失:3.876
('----划分特征：', 382)
------划分值:0.000,左节点损失:0.000,右节点损失:4.217,总损失:4.217
------划分值:1.000,左节点损失:3.234,右节点损失:0.876,总损失:4.110
('----划分特征：', 383)
------划分值:0.000,左节点损失:0.000,右节点损失:4.217,总损失:4.217
------划分值:1.000,左节点损失:2.641,右节点损失:1.571,总损失:4.213
('----划分特征：', 384)
------划分值:0.000,左节点损失:0.000,右节点损失:4.217,总损失:4.217
------划分值:1.000,左节点损失:1.827,右节点损失:2.054,总损失:3.881
('----划分特征：', 385)
------划分值:0.000,左节点损失:0.000,右节点损失:4.217,总损失:4.217
------划分值:1.000,左节点损失:1.584,右节点损失:1.723,总损失:3.307
('----划分特征：', 386)
------划分值:0.000,左节点损失:0.000,右节点损失:4.217,总损失:4.217
------划分值:1.000,左节点损失:1.964,右节点损失:1.092,总损失:3.055
('----划分特征：', 387)
------划分值:0.000,左节点损失:0.000,右节点损失:4.217,总损失:4.217
------划分值:1.000,左节点损失:2.905,右节点损失:0.558,总损失:3.463
('----划分特征：', 388)
------划分值:0.000,左节点损失:0.000,右节点损失:4.217,总损失:4.217
------划分值:1.000,左节点损失:3.812,右节点损失:0.219,总损失:4.031
('----划分特征：', 389)
------划分值:0.000,左节点损失:0.000,右节点损失:4.217,总损失:4.217
------划分值:1.000,左节点损失:4.216,右节点损失:0.000,总损失:4.216
('----划分特征：', 390)
------划分值:0.000,左节点损失:0.000,右节点损失:4.217,总损失:4.217
('----划分特征：', 391)
------划分值:0.000,左节点损失:0.000,右节点损失:4.217,总损失:4.217
('----划分特征：', 392)
------划分值:0.000,左节点损失:0.000,右节点损失:4.217,总损失:4.217
('----划分特征：', 393)
------划分值:0.000,左节点损失:0.000,右节点损失:4.217,总损失:4.217
('----划分特征：', 394)
------划分值:0.000,左节点损失:0.000,右节点损失:4.217,总损失:4.217
------划分值:1.000,左节点损失:4.217,右节点损失:0.000,总损失:4.217
('----划分特征：', 395)
------划分值:0.000,左节点损失:0.000,右节点损失:4.217,总损失:4.217
------划分值:1.000,左节点损失:4.217,右节点损失:0.000,总损失:4.217
('----划分特征：', 396)
------划分值:0.000,左节点损失:0.000,右节点损失:4.217,总损失:4.217
------划分值:1.000,左节点损失:4.137,右节点损失:0.076,总损失:4.212
('----划分特征：', 397)
------划分值:0.000,左节点损失:0.000,右节点损失:4.217,总损失:4.217
------划分值:1.000,左节点损失:3.416,右节点损失:0.536,总损失:3.952
('----划分特征：', 398)
------划分值:0.000,左节点损失:0.000,右节点损失:4.217,总损失:4.217
------划分值:1.000,左节点损失:2.537,右节点损失:1.229,总损失:3.766
('----划分特征：', 399)
------划分值:0.000,左节点损失:0.000,右节点损失:4.217,总损失:4.217
------划分值:1.000,左节点损失:1.680,右节点损失:2.032,总损失:3.713
('----划分特征：', 400)
------划分值:0.000,左节点损失:0.000,右节点损失:4.217,总损失:4.217
------划分值:1.000,左节点损失:1.304,右节点损失:2.526,总损失:3.831
('----划分特征：', 401)
------划分值:0.000,左节点损失:0.000,右节点损失:4.217,总损失:4.217
------划分值:1.000,左节点损失:1.625,右节点损失:2.444,总损失:4.070
('----划分特征：', 402)
------划分值:0.000,左节点损失:0.000,右节点损失:4.217,总损失:4.217
------划分值:1.000,左节点损失:2.431,右节点损失:1.780,总损失:4.211
('----划分特征：', 403)
------划分值:0.000,左节点损失:0.000,右节点损失:4.217,总损失:4.217
------划分值:1.000,左节点损失:3.201,右节点损失:0.974,总损失:4.175
('----划分特征：', 404)
------划分值:0.000,左节点损失:0.000,右节点损失:4.217,总损失:4.217
------划分值:1.000,左节点损失:3.608,右节点损失:0.447,总损失:4.055
('----划分特征：', 405)
------划分值:0.000,左节点损失:0.000,右节点损失:4.217,总损失:4.217
------划分值:1.000,左节点损失:3.713,右节点损失:0.165,总损失:3.878
('----划分特征：', 406)
------划分值:1.000,左节点损失:3.707,右节点损失:0.039,总损失:3.747
------划分值:0.000,左节点损失:0.000,右节点损失:4.217,总损失:4.217
('----划分特征：', 407)
------划分值:1.000,左节点损失:3.607,右节点损失:0.016,总损失:3.622
------划分值:0.000,左节点损失:0.000,右节点损失:4.217,总损失:4.217
('----划分特征：', 408)
------划分值:1.000,左节点损失:3.597,右节点损失:0.063,总损失:3.660
------划分值:0.000,左节点损失:0.000,右节点损失:4.217,总损失:4.217
('----划分特征：', 409)
------划分值:0.000,左节点损失:0.000,右节点损失:4.217,总损失:4.217
------划分值:1.000,左节点损失:3.482,右节点损失:0.381,总损失:3.863
('----划分特征：', 410)
------划分值:0.000,左节点损失:0.000,右节点损失:4.217,总损失:4.217
------划分值:1.000,左节点损失:3.138,右节点损失:1.004,总损失:4.142
('----划分特征：', 411)
------划分值:0.000,左节点损失:0.000,右节点损失:4.217,总损失:4.217
------划分值:1.000,左节点损失:2.529,右节点损失:1.672,总损失:4.201
('----划分特征：', 412)
------划分值:0.000,左节点损失:0.000,右节点损失:4.217,总损失:4.217
------划分值:1.000,左节点损失:1.891,右节点损失:2.010,总损失:3.900
('----划分特征：', 413)
------划分值:0.000,左节点损失:0.000,右节点损失:4.217,总损失:4.217
------划分值:1.000,左节点损失:1.613,右节点损失:1.766,总损失:3.378
('----划分特征：', 414)
------划分值:0.000,左节点损失:0.000,右节点损失:4.217,总损失:4.217
------划分值:1.000,左节点损失:2.113,右节点损失:1.127,总损失:3.240
('----划分特征：', 415)
------划分值:0.000,左节点损失:0.000,右节点损失:4.217,总损失:4.217
------划分值:1.000,左节点损失:2.925,右节点损失:0.618,总损失:3.543
('----划分特征：', 416)
------划分值:0.000,左节点损失:0.000,右节点损失:4.217,总损失:4.217
------划分值:1.000,左节点损失:3.844,右节点损失:0.219,总损失:4.064
('----划分特征：', 417)
------划分值:0.000,左节点损失:0.000,右节点损失:4.217,总损失:4.217
------划分值:1.000,左节点损失:4.210,右节点损失:0.007,总损失:4.217
('----划分特征：', 418)
------划分值:0.000,左节点损失:0.000,右节点损失:4.217,总损失:4.217
('----划分特征：', 419)
------划分值:0.000,左节点损失:0.000,右节点损失:4.217,总损失:4.217
('----划分特征：', 420)
------划分值:0.000,左节点损失:0.000,右节点损失:4.217,总损失:4.217
('----划分特征：', 421)
------划分值:0.000,左节点损失:0.000,右节点损失:4.217,总损失:4.217
('----划分特征：', 422)
------划分值:0.000,左节点损失:0.000,右节点损失:4.217,总损失:4.217
------划分值:1.000,左节点损失:4.217,右节点损失:0.000,总损失:4.217
('----划分特征：', 423)
------划分值:0.000,左节点损失:0.000,右节点损失:4.217,总损失:4.217
------划分值:1.000,左节点损失:4.217,右节点损失:0.000,总损失:4.217
('----划分特征：', 424)
------划分值:0.000,左节点损失:0.000,右节点损失:4.217,总损失:4.217
------划分值:1.000,左节点损失:4.066,右节点损失:0.124,总损失:4.189
('----划分特征：', 425)
------划分值:0.000,左节点损失:0.000,右节点损失:4.217,总损失:4.217
------划分值:1.000,左节点损失:3.167,右节点损失:0.665,总损失:3.832
('----划分特征：', 426)
------划分值:0.000,左节点损失:0.000,右节点损失:4.217,总损失:4.217
------划分值:1.000,左节点损失:2.144,右节点损失:1.437,总损失:3.581
('----划分特征：', 427)
------划分值:0.000,左节点损失:0.000,右节点损失:4.217,总损失:4.217
------划分值:1.000,左节点损失:1.391,右节点损失:2.170,总损失:3.561
('----划分特征：', 428)
------划分值:0.000,左节点损失:0.000,右节点损失:4.217,总损失:4.217
------划分值:1.000,左节点损失:1.305,右节点损失:2.516,总损失:3.821
('----划分特征：', 429)
------划分值:0.000,左节点损失:0.000,右节点损失:4.217,总损失:4.217
------划分值:1.000,左节点损失:1.946,右节点损失:2.183,总损失:4.129
('----划分特征：', 430)
------划分值:0.000,左节点损失:0.000,右节点损失:4.217,总损失:4.217
------划分值:1.000,左节点损失:2.874,右节点损失:1.338,总损失:4.212
('----划分特征：', 431)
------划分值:0.000,左节点损失:0.000,右节点损失:4.217,总损失:4.217
------划分值:1.000,左节点损失:3.491,右节点损失:0.610,总损失:4.101
('----划分特征：', 432)
------划分值:0.000,左节点损失:0.000,右节点损失:4.217,总损失:4.217
------划分值:1.000,左节点损失:3.735,右节点损失:0.211,总损失:3.946
('----划分特征：', 433)
------划分值:0.000,左节点损失:0.000,右节点损失:4.217,总损失:4.217
------划分值:1.000,左节点损失:3.714,右节点损失:0.071,总损失:3.785
('----划分特征：', 434)
------划分值:0.000,左节点损失:0.000,右节点损失:4.217,总损失:4.217
------划分值:1.000,左节点损失:3.669,右节点损失:0.024,总损失:3.693
('----划分特征：', 435)
------划分值:1.000,左节点损失:3.602,右节点损失:0.032,总损失:3.633
------划分值:0.000,左节点损失:0.000,右节点损失:4.217,总损失:4.217
('----划分特征：', 436)
------划分值:1.000,左节点损失:3.605,右节点损失:0.126,总损失:3.731
------划分值:0.000,左节点损失:0.000,右节点损失:4.217,总损失:4.217
('----划分特征：', 437)
------划分值:1.000,左节点损失:3.379,右节点损失:0.585,总损失:3.964
------划分值:0.000,左节点损失:0.000,右节点损失:4.217,总损失:4.217
('----划分特征：', 438)
------划分值:1.000,左节点损失:2.969,右节点损失:1.216,总损失:4.185
------划分值:0.000,左节点损失:0.000,右节点损失:4.217,总损失:4.217
('----划分特征：', 439)
------划分值:0.000,左节点损失:0.000,右节点损失:4.217,总损失:4.217
------划分值:1.000,左节点损失:2.253,右节点损失:1.904,总损失:4.156
('----划分特征：', 440)
------划分值:0.000,左节点损失:0.000,右节点损失:4.217,总损失:4.217
------划分值:1.000,左节点损失:1.770,右节点损失:2.090,总损失:3.860
('----划分特征：', 441)
------划分值:0.000,左节点损失:0.000,右节点损失:4.217,总损失:4.217
------划分值:1.000,左节点损失:1.828,右节点损失:1.744,总损失:3.572
('----划分特征：', 442)
------划分值:0.000,左节点损失:0.000,右节点损失:4.217,总损失:4.217
------划分值:1.000,左节点损失:2.373,右节点损失:1.161,总损失:3.534
('----划分特征：', 443)
------划分值:0.000,左节点损失:0.000,右节点损失:4.217,总损失:4.217
------划分值:1.000,左节点损失:3.115,右节点损失:0.614,总损失:3.729
('----划分特征：', 444)
------划分值:0.000,左节点损失:0.000,右节点损失:4.217,总损失:4.217
------划分值:1.000,左节点损失:3.883,右节点损失:0.221,总损失:4.104
('----划分特征：', 445)
------划分值:0.000,左节点损失:0.000,右节点损失:4.217,总损失:4.217
------划分值:1.000,左节点损失:4.210,右节点损失:0.007,总损失:4.217
('----划分特征：', 446)
------划分值:0.000,左节点损失:0.000,右节点损失:4.217,总损失:4.217
------划分值:1.000,左节点损失:4.217,右节点损失:0.000,总损失:4.217
('----划分特征：', 447)
------划分值:0.000,左节点损失:0.000,右节点损失:4.217,总损失:4.217
('----划分特征：', 448)
------划分值:0.000,左节点损失:0.000,右节点损失:4.217,总损失:4.217
('----划分特征：', 449)
------划分值:0.000,左节点损失:0.000,右节点损失:4.217,总损失:4.217
('----划分特征：', 450)
------划分值:0.000,左节点损失:0.000,右节点损失:4.217,总损失:4.217
------划分值:1.000,左节点损失:4.217,右节点损失:0.000,总损失:4.217
('----划分特征：', 451)
------划分值:0.000,左节点损失:0.000,右节点损失:4.217,总损失:4.217
------划分值:1.000,左节点损失:4.216,右节点损失:0.000,总损失:4.216
('----划分特征：', 452)
------划分值:0.000,左节点损失:0.000,右节点损失:4.217,总损失:4.217
------划分值:1.000,左节点损失:3.993,右节点损失:0.179,总损失:4.172
('----划分特征：', 453)
------划分值:0.000,左节点损失:0.000,右节点损失:4.217,总损失:4.217
------划分值:1.000,左节点损失:2.969,右节点损失:0.802,总损失:3.771
('----划分特征：', 454)
------划分值:0.000,左节点损失:0.000,右节点损失:4.217,总损失:4.217
------划分值:1.000,左节点损失:1.966,右节点损失:1.557,总损失:3.523
('----划分特征：', 455)
------划分值:0.000,左节点损失:0.000,右节点损失:4.217,总损失:4.217
------划分值:1.000,左节点损失:1.296,右节点损失:2.211,总损失:3.507
('----划分特征：', 456)
------划分值:0.000,左节点损失:0.000,右节点损失:4.217,总损失:4.217
------划分值:1.000,左节点损失:1.436,右节点损失:2.401,总损失:3.837
('----划分特征：', 457)
------划分值:0.000,左节点损失:0.000,右节点损失:4.217,总损失:4.217
------划分值:1.000,左节点损失:2.285,右节点损失:1.882,总损失:4.166
('----划分特征：', 458)
------划分值:0.000,左节点损失:0.000,右节点损失:4.217,总损失:4.217
------划分值:1.000,左节点损失:3.261,右节点损失:0.926,总损失:4.187
('----划分特征：', 459)
------划分值:0.000,左节点损失:0.000,右节点损失:4.217,总损失:4.217
------划分值:1.000,左节点损失:3.705,右节点损失:0.356,总损失:4.061
('----划分特征：', 460)
------划分值:0.000,左节点损失:0.000,右节点损失:4.217,总损失:4.217
------划分值:1.000,左节点损失:3.795,右节点损失:0.157,总损失:3.952
('----划分特征：', 461)
------划分值:0.000,左节点损失:0.000,右节点损失:4.217,总损失:4.217
------划分值:1.000,左节点损失:3.798,右节点损失:0.039,总损失:3.838
('----划分特征：', 462)
------划分值:0.000,左节点损失:0.000,右节点损失:4.217,总损失:4.217
------划分值:1.000,左节点损失:3.715,右节点损失:0.032,总损失:3.746
('----划分特征：', 463)
------划分值:0.000,左节点损失:0.000,右节点损失:4.217,总损失:4.217
------划分值:1.000,左节点损失:3.666,右节点损失:0.087,总损失:3.753
('----划分特征：', 464)
------划分值:0.000,左节点损失:0.000,右节点损失:4.217,总损失:4.217
------划分值:1.000,左节点损失:3.555,右节点损失:0.327,总损失:3.883
('----划分特征：', 465)
------划分值:1.000,左节点损失:3.201,右节点损失:0.893,总损失:4.093
------划分值:0.000,左节点损失:0.000,右节点损失:4.217,总损失:4.217
('----划分特征：', 466)
------划分值:1.000,左节点损失:2.609,右节点损失:1.608,总损失:4.217
------划分值:0.000,左节点损失:0.000,右节点损失:4.217,总损失:4.217
('----划分特征：', 467)
------划分值:1.000,左节点损失:1.967,右节点损失:2.129,总损失:4.096
------划分值:0.000,左节点损失:0.000,右节点损失:4.217,总损失:4.217
('----划分特征：', 468)
------划分值:0.000,左节点损失:0.000,右节点损失:4.217,总损失:4.217
------划分值:1.000,左节点损失:1.698,右节点损失:2.146,总损失:3.844
('----划分特征：', 469)
------划分值:0.000,左节点损失:0.000,右节点损失:4.217,总损失:4.217
------划分值:1.000,左节点损失:2.006,右节点损失:1.676,总损失:3.682
('----划分特征：', 470)
------划分值:0.000,左节点损失:0.000,右节点损失:4.217,总损失:4.217
------划分值:1.000,左节点损失:2.574,右节点损失:1.131,总损失:3.705
('----划分特征：', 471)
------划分值:0.000,左节点损失:0.000,右节点损失:4.217,总损失:4.217
------划分值:1.000,左节点损失:3.296,右节点损失:0.593,总损失:3.889
('----划分特征：', 472)
------划分值:0.000,左节点损失:0.000,右节点损失:4.217,总损失:4.217
------划分值:1.000,左节点损失:3.979,右节点损失:0.194,总损失:4.173
('----划分特征：', 473)
------划分值:0.000,左节点损失:0.000,右节点损失:4.217,总损失:4.217
------划分值:1.000,左节点损失:4.216,右节点损失:0.000,总损失:4.216
('----划分特征：', 474)
------划分值:0.000,左节点损失:0.000,右节点损失:4.217,总损失:4.217
------划分值:1.000,左节点损失:4.217,右节点损失:0.000,总损失:4.217
('----划分特征：', 475)
------划分值:0.000,左节点损失:0.000,右节点损失:4.217,总损失:4.217
('----划分特征：', 476)
------划分值:0.000,左节点损失:0.000,右节点损失:4.217,总损失:4.217
('----划分特征：', 477)
------划分值:0.000,左节点损失:0.000,右节点损失:4.217,总损失:4.217
('----划分特征：', 478)
------划分值:0.000,左节点损失:0.000,右节点损失:4.217,总损失:4.217
------划分值:1.000,左节点损失:4.217,右节点损失:0.000,总损失:4.217
('----划分特征：', 479)
------划分值:0.000,左节点损失:0.000,右节点损失:4.217,总损失:4.217
------划分值:1.000,左节点损失:4.215,右节点损失:0.000,总损失:4.215
('----划分特征：', 480)
------划分值:0.000,左节点损失:0.000,右节点损失:4.217,总损失:4.217
------划分值:1.000,左节点损失:3.946,右节点损失:0.226,总损失:4.171
('----划分特征：', 481)
------划分值:0.000,左节点损失:0.000,右节点损失:4.217,总损失:4.217
------划分值:1.000,左节点损失:2.797,右节点损失:0.937,总损失:3.734
('----划分特征：', 482)
------划分值:0.000,左节点损失:0.000,右节点损失:4.217,总损失:4.217
------划分值:1.000,左节点损失:1.794,右节点损失:1.610,总损失:3.405
('----划分特征：', 483)
------划分值:0.000,左节点损失:0.000,右节点损失:4.217,总损失:4.217
------划分值:1.000,左节点损失:1.266,右节点损失:2.205,总损失:3.471
('----划分特征：', 484)
------划分值:0.000,左节点损失:0.000,右节点损失:4.217,总损失:4.217
------划分值:1.000,左节点损失:1.532,右节点损失:2.278,总损失:3.810
('----划分特征：', 485)
------划分值:0.000,左节点损失:0.000,右节点损失:4.217,总损失:4.217
------划分值:1.000,左节点损失:2.416,右节点损失:1.743,总损失:4.158
('----划分特征：', 486)
------划分值:0.000,左节点损失:0.000,右节点损失:4.217,总损失:4.217
------划分值:1.000,左节点损失:3.410,右节点损失:0.780,总损失:4.190
('----划分特征：', 487)
------划分值:0.000,左节点损失:0.000,右节点损失:4.217,总损失:4.217
------划分值:1.000,左节点损失:3.733,右节点损失:0.362,总损失:4.095
('----划分特征：', 488)
------划分值:0.000,左节点损失:0.000,右节点损失:4.217,总损失:4.217
------划分值:1.000,左节点损失:3.839,右节点损失:0.180,总损失:4.019
('----划分特征：', 489)
------划分值:0.000,左节点损失:0.000,右节点损失:4.217,总损失:4.217
------划分值:1.000,左节点损失:3.835,右节点损失:0.102,总损失:3.937
('----划分特征：', 490)
------划分值:0.000,左节点损失:0.000,右节点损失:4.217,总损失:4.217
------划分值:1.000,左节点损失:3.724,右节点损失:0.157,总损失:3.881
('----划分特征：', 491)
------划分值:0.000,左节点损失:0.000,右节点损失:4.217,总损失:4.217
------划分值:1.000,左节点损失:3.578,右节点损失:0.358,总损失:3.935
('----划分特征：', 492)
------划分值:0.000,左节点损失:0.000,右节点损失:4.217,总损失:4.217
------划分值:1.000,左节点损失:3.348,右节点损失:0.710,总损失:4.058
('----划分特征：', 493)
------划分值:1.000,左节点损失:2.813,右节点损失:1.383,总损失:4.196
------划分值:0.000,左节点损失:0.000,右节点损失:4.217,总损失:4.217
('----划分特征：', 494)
------划分值:1.000,左节点损失:2.109,右节点损失:2.069,总损失:4.178
------划分值:0.000,左节点损失:0.000,右节点损失:4.217,总损失:4.217
('----划分特征：', 495)
------划分值:1.000,左节点损失:1.739,右节点损失:2.277,总损失:4.016
------划分值:0.000,左节点损失:0.000,右节点损失:4.217,总损失:4.217
('----划分特征：', 496)
------划分值:0.000,左节点损失:0.000,右节点损失:4.217,总损失:4.217
------划分值:1.000,左节点损失:1.748,右节点损失:2.112,总损失:3.860
('----划分特征：', 497)
------划分值:0.000,左节点损失:0.000,右节点损失:4.217,总损失:4.217
------划分值:1.000,左节点损失:2.273,右节点损失:1.555,总损失:3.828
('----划分特征：', 498)
------划分值:0.000,左节点损失:0.000,右节点损失:4.217,总损失:4.217
------划分值:1.000,左节点损失:2.875,右节点损失:1.012,总损失:3.887
('----划分特征：', 499)
------划分值:0.000,左节点损失:0.000,右节点损失:4.217,总损失:4.217
------划分值:1.000,左节点损失:3.601,右节点损失:0.477,总损失:4.078
('----划分特征：', 500)
------划分值:0.000,左节点损失:0.000,右节点损失:4.217,总损失:4.217
------划分值:1.000,左节点损失:4.017,右节点损失:0.181,总损失:4.198
('----划分特征：', 501)
------划分值:0.000,左节点损失:0.000,右节点损失:4.217,总损失:4.217
------划分值:1.000,左节点损失:4.215,右节点损失:0.000,总损失:4.215
('----划分特征：', 502)
------划分值:0.000,左节点损失:0.000,右节点损失:4.217,总损失:4.217
------划分值:1.000,左节点损失:4.217,右节点损失:0.000,总损失:4.217
('----划分特征：', 503)
------划分值:0.000,左节点损失:0.000,右节点损失:4.217,总损失:4.217
('----划分特征：', 504)
------划分值:0.000,左节点损失:0.000,右节点损失:4.217,总损失:4.217
('----划分特征：', 505)
------划分值:0.000,左节点损失:0.000,右节点损失:4.217,总损失:4.217
('----划分特征：', 506)
------划分值:0.000,左节点损失:0.000,右节点损失:4.217,总损失:4.217
------划分值:1.000,左节点损失:4.217,右节点损失:0.000,总损失:4.217
('----划分特征：', 507)
------划分值:0.000,左节点损失:0.000,右节点损失:4.217,总损失:4.217
------划分值:1.000,左节点损失:4.214,右节点损失:0.000,总损失:4.214
('----划分特征：', 508)
------划分值:0.000,左节点损失:0.000,右节点损失:4.217,总损失:4.217
------划分值:1.000,左节点损失:3.877,右节点损失:0.303,总损失:4.180
('----划分特征：', 509)
------划分值:0.000,左节点损失:0.000,右节点损失:4.217,总损失:4.217
------划分值:1.000,左节点损失:2.917,右节点损失:0.959,总损失:3.876
('----划分特征：', 510)
------划分值:0.000,左节点损失:0.000,右节点损失:4.217,总损失:4.217
------划分值:1.000,左节点损失:1.793,右节点损失:1.686,总损失:3.480
('----划分特征：', 511)
------划分值:0.000,左节点损失:0.000,右节点损失:4.217,总损失:4.217
------划分值:1.000,左节点损失:1.178,右节点损失:2.226,总损失:3.404
('----划分特征：', 512)
------划分值:0.000,左节点损失:0.000,右节点损失:4.217,总损失:4.217
------划分值:1.000,左节点损失:1.498,右节点损失:2.229,总损失:3.727
('----划分特征：', 513)
------划分值:0.000,左节点损失:0.000,右节点损失:4.217,总损失:4.217
------划分值:1.000,左节点损失:2.389,右节点损失:1.738,总损失:4.126
('----划分特征：', 514)
------划分值:0.000,左节点损失:0.000,右节点损失:4.217,总损失:4.217
------划分值:1.000,左节点损失:3.242,右节点损失:0.968,总损失:4.210
('----划分特征：', 515)
------划分值:0.000,左节点损失:0.000,右节点损失:4.217,总损失:4.217
------划分值:1.000,左节点损失:3.676,右节点损失:0.458,总损失:4.134
('----划分特征：', 516)
------划分值:0.000,左节点损失:0.000,右节点损失:4.217,总损失:4.217
------划分值:1.000,左节点损失:3.773,右节点损失:0.310,总损失:4.082
('----划分特征：', 517)
------划分值:0.000,左节点损失:0.000,右节点损失:4.217,总损失:4.217
------划分值:1.000,左节点损失:3.737,右节点损失:0.280,总损失:4.017
('----划分特征：', 518)
------划分值:0.000,左节点损失:0.000,右节点损失:4.217,总损失:4.217
------划分值:1.000,左节点损失:3.577,右节点损失:0.425,总损失:4.003
('----划分特征：', 519)
------划分值:1.000,左节点损失:3.217,右节点损失:0.878,总损失:4.094
------划分值:0.000,左节点损失:0.000,右节点损失:4.217,总损失:4.217
('----划分特征：', 520)
------划分值:1.000,左节点损失:2.821,右节点损失:1.367,总损失:4.187
------划分值:0.000,左节点损失:0.000,右节点损失:4.217,总损失:4.217
('----划分特征：', 521)
------划分值:1.000,左节点损失:2.102,右节点损失:2.098,总损失:4.201
------划分值:0.000,左节点损失:0.000,右节点损失:4.217,总损失:4.217
('----划分特征：', 522)
------划分值:1.000,左节点损失:1.672,右节点损失:2.426,总损失:4.098
------划分值:0.000,左节点损失:0.000,右节点损失:4.217,总损失:4.217
('----划分特征：', 523)
------划分值:1.000,左节点损失:1.598,右节点损失:2.358,总损失:3.957
------划分值:0.000,左节点损失:0.000,右节点损失:4.217,总损失:4.217
('----划分特征：', 524)
------划分值:0.000,左节点损失:0.000,右节点损失:4.217,总损失:4.217
------划分值:1.000,左节点损失:2.117,右节点损失:1.842,总损失:3.958
('----划分特征：', 525)
------划分值:0.000,左节点损失:0.000,右节点损失:4.217,总损失:4.217
------划分值:1.000,左节点损失:2.674,右节点损失:1.316,总损失:3.990
('----划分特征：', 526)
------划分值:0.000,左节点损失:0.000,右节点损失:4.217,总损失:4.217
------划分值:1.000,左节点损失:3.333,右节点损失:0.757,总损失:4.090
('----划分特征：', 527)
------划分值:0.000,左节点损失:0.000,右节点损失:4.217,总损失:4.217
------划分值:1.000,左节点损失:3.862,右节点损失:0.321,总损失:4.183
('----划分特征：', 528)
------划分值:0.000,左节点损失:0.000,右节点损失:4.217,总损失:4.217
------划分值:1.000,左节点损失:4.141,右节点损失:0.075,总损失:4.217
('----划分特征：', 529)
------划分值:0.000,左节点损失:0.000,右节点损失:4.217,总损失:4.217
------划分值:1.000,左节点损失:4.215,右节点损失:0.000,总损失:4.215
('----划分特征：', 530)
------划分值:0.000,左节点损失:0.000,右节点损失:4.217,总损失:4.217
------划分值:1.000,左节点损失:4.217,右节点损失:0.000,总损失:4.217
('----划分特征：', 531)
------划分值:0.000,左节点损失:0.000,右节点损失:4.217,总损失:4.217
------划分值:1.000,左节点损失:4.217,右节点损失:0.000,总损失:4.217
('----划分特征：', 532)
------划分值:0.000,左节点损失:0.000,右节点损失:4.217,总损失:4.217
('----划分特征：', 533)
------划分值:0.000,左节点损失:0.000,右节点损失:4.217,总损失:4.217
('----划分特征：', 534)
------划分值:0.000,左节点损失:0.000,右节点损失:4.217,总损失:4.217
------划分值:1.000,左节点损失:4.217,右节点损失:0.000,总损失:4.217
('----划分特征：', 535)
------划分值:0.000,左节点损失:0.000,右节点损失:4.217,总损失:4.217
------划分值:1.000,左节点损失:4.199,右节点损失:0.015,总损失:4.215
('----划分特征：', 536)
------划分值:0.000,左节点损失:0.000,右节点损失:4.217,总损失:4.217
------划分值:1.000,左节点损失:3.900,右节点损失:0.299,总损失:4.199
('----划分特征：', 537)
------划分值:0.000,左节点损失:0.000,右节点损失:4.217,总损失:4.217
------划分值:1.000,左节点损失:2.948,右节点损失:1.016,总损失:3.964
('----划分特征：', 538)
------划分值:0.000,左节点损失:0.000,右节点损失:4.217,总损失:4.217
------划分值:1.000,左节点损失:1.927,右节点损失:1.738,总损失:3.665
('----划分特征：', 539)
------划分值:0.000,左节点损失:0.000,右节点损失:4.217,总损失:4.217
------划分值:1.000,左节点损失:1.192,右节点损失:2.293,总损失:3.485
('----划分特征：', 540)
------划分值:0.000,左节点损失:0.000,右节点损失:4.217,总损失:4.217
------划分值:1.000,左节点损失:1.344,右节点损失:2.371,总损失:3.715
('----划分特征：', 541)
------划分值:0.000,左节点损失:0.000,右节点损失:4.217,总损失:4.217
------划分值:1.000,左节点损失:2.022,右节点损失:2.041,总损失:4.063
('----划分特征：', 542)
------划分值:0.000,左节点损失:0.000,右节点损失:4.217,总损失:4.217
------划分值:1.000,左节点损失:2.769,右节点损失:1.444,总损失:4.213
('----划分特征：', 543)
------划分值:0.000,左节点损失:0.000,右节点损失:4.217,总损失:4.217
------划分值:1.000,左节点损失:3.199,右节点损失:1.000,总损失:4.199
('----划分特征：', 544)
------划分值:0.000,左节点损失:0.000,右节点损失:4.217,总损失:4.217
------划分值:1.000,左节点损失:3.313,右节点损失:0.846,总损失:4.160
('----划分特征：', 545)
------划分值:1.000,左节点损失:3.213,右节点损失:0.930,总损失:4.143
------划分值:0.000,左节点损失:0.000,右节点损失:4.217,总损失:4.217
('----划分特征：', 546)
------划分值:1.000,左节点损失:2.932,右节点损失:1.226,总损失:4.158
------划分值:0.000,左节点损失:0.000,右节点损失:4.217,总损失:4.217
('----划分特征：', 547)
------划分值:1.000,左节点损失:2.508,右节点损失:1.701,总损失:4.209
------划分值:0.000,左节点损失:0.000,右节点损失:4.217,总损失:4.217
('----划分特征：', 548)
------划分值:1.000,左节点损失:1.919,右节点损失:2.279,总损失:4.198
------划分值:0.000,左节点损失:0.000,右节点损失:4.217,总损失:4.217
('----划分特征：', 549)
------划分值:1.000,左节点损失:1.574,右节点损失:2.549,总损失:4.123
------划分值:0.000,左节点损失:0.000,右节点损失:4.217,总损失:4.217
('----划分特征：', 550)
------划分值:1.000,左节点损失:1.513,右节点损失:2.523,总损失:4.036
------划分值:0.000,左节点损失:0.000,右节点损失:4.217,总损失:4.217
('----划分特征：', 551)
------划分值:1.000,左节点损失:1.904,右节点损失:2.112,总损失:4.017
------划分值:0.000,左节点损失:0.000,右节点损失:4.217,总损失:4.217
('----划分特征：', 552)
------划分值:0.000,左节点损失:0.000,右节点损失:4.217,总损失:4.217
------划分值:1.000,左节点损失:2.561,右节点损失:1.506,总损失:4.067
('----划分特征：', 553)
------划分值:0.000,左节点损失:0.000,右节点损失:4.217,总损失:4.217
------划分值:1.000,左节点损失:3.096,右节点损失:1.006,总损失:4.102
('----划分特征：', 554)
------划分值:0.000,左节点损失:0.000,右节点损失:4.217,总损失:4.217
------划分值:1.000,左节点损失:3.717,右节点损失:0.469,总损失:4.186
('----划分特征：', 555)
------划分值:0.000,左节点损失:0.000,右节点损失:4.217,总损失:4.217
------划分值:1.000,左节点损失:4.006,右节点损失:0.204,总损失:4.210
('----划分特征：', 556)
------划分值:0.000,左节点损失:0.000,右节点损失:4.217,总损失:4.217
------划分值:1.000,左节点损失:4.187,右节点损失:0.030,总损失:4.217
('----划分特征：', 557)
------划分值:0.000,左节点损失:0.000,右节点损失:4.217,总损失:4.217
------划分值:1.000,左节点损失:4.216,右节点损失:0.000,总损失:4.216
('----划分特征：', 558)
------划分值:0.000,左节点损失:0.000,右节点损失:4.217,总损失:4.217
('----划分特征：', 559)
------划分值:0.000,左节点损失:0.000,右节点损失:4.217,总损失:4.217
('----划分特征：', 560)
------划分值:0.000,左节点损失:0.000,右节点损失:4.217,总损失:4.217
('----划分特征：', 561)
------划分值:0.000,左节点损失:0.000,右节点损失:4.217,总损失:4.217
('----划分特征：', 562)
------划分值:0.000,左节点损失:0.000,右节点损失:4.217,总损失:4.217
------划分值:1.000,左节点损失:4.216,右节点损失:0.000,总损失:4.216
('----划分特征：', 563)
------划分值:0.000,左节点损失:0.000,右节点损失:4.217,总损失:4.217
------划分值:1.000,左节点损失:4.206,右节点损失:0.008,总损失:4.213
('----划分特征：', 564)
------划分值:0.000,左节点损失:0.000,右节点损失:4.217,总损失:4.217
------划分值:1.000,左节点损失:3.957,右节点损失:0.254,总损失:4.211
('----划分特征：', 565)
------划分值:0.000,左节点损失:0.000,右节点损失:4.217,总损失:4.217
------划分值:1.000,左节点损失:3.342,右节点损失:0.786,总损失:4.128
('----划分特征：', 566)
------划分值:0.000,左节点损失:0.000,右节点损失:4.217,总损失:4.217
------划分值:1.000,左节点损失:2.292,右节点损失:1.597,总损失:3.888
('----划分特征：', 567)
------划分值:0.000,左节点损失:0.000,右节点损失:4.217,总损失:4.217
------划分值:1.000,左节点损失:1.418,右节点损失:2.273,总损失:3.691
('----划分特征：', 568)
------划分值:0.000,左节点损失:0.000,右节点损失:4.217,总损失:4.217
------划分值:1.000,左节点损失:1.196,右节点损失:2.539,总损失:3.735
('----划分特征：', 569)
------划分值:0.000,左节点损失:0.000,右节点损失:4.217,总损失:4.217
------划分值:1.000,左节点损失:1.331,右节点损失:2.584,总损失:3.914
('----划分特征：', 570)
------划分值:0.000,左节点损失:0.000,右节点损失:4.217,总损失:4.217
------划分值:1.000,左节点损失:1.848,右节点损失:2.271,总损失:4.119
('----划分特征：', 571)
------划分值:0.000,左节点损失:0.000,右节点损失:4.217,总损失:4.217
------划分值:1.000,左节点损失:2.350,右节点损失:1.858,总损失:4.208
('----划分特征：', 572)
------划分值:1.000,左节点损失:2.397,右节点损失:1.820,总损失:4.217
------划分值:0.000,左节点损失:0.000,右节点损失:4.217,总损失:4.217
('----划分特征：', 573)
------划分值:1.000,左节点损失:2.215,右节点损失:2.003,总损失:4.217
------划分值:0.000,左节点损失:0.000,右节点损失:4.217,总损失:4.217
('----划分特征：', 574)
------划分值:1.000,左节点损失:1.922,右节点损失:2.292,总损失:4.213
------划分值:0.000,左节点损失:0.000,右节点损失:4.217,总损失:4.217
('----划分特征：', 575)
------划分值:1.000,左节点损失:1.558,右节点损失:2.620,总损失:4.178
------划分值:0.000,左节点损失:0.000,右节点损失:4.217,总损失:4.217
('----划分特征：', 576)
------划分值:1.000,左节点损失:1.295,右节点损失:2.807,总损失:4.102
------划分值:0.000,左节点损失:0.000,右节点损失:4.217,总损失:4.217
('----划分特征：', 577)
------划分值:1.000,左节点损失:1.345,右节点损失:2.693,总损失:4.039
------划分值:0.000,左节点损失:0.000,右节点损失:4.217,总损失:4.217
('----划分特征：', 578)
------划分值:0.000,左节点损失:0.000,右节点损失:4.217,总损失:4.217
------划分值:1.000,左节点损失:1.863,右节点损失:2.206,总损失:4.069
('----划分特征：', 579)
------划分值:0.000,左节点损失:0.000,右节点损失:4.217,总损失:4.217
------划分值:1.000,左节点损失:2.544,右节点损失:1.585,总损失:4.129
('----划分特征：', 580)
------划分值:0.000,左节点损失:0.000,右节点损失:4.217,总损失:4.217
------划分值:1.000,左节点损失:3.080,右节点损失:1.071,总损失:4.151
('----划分特征：', 581)
------划分值:0.000,左节点损失:0.000,右节点损失:4.217,总损失:4.217
------划分值:1.000,左节点损失:3.604,右节点损失:0.588,总损失:4.193
('----划分特征：', 582)
------划分值:0.000,左节点损失:0.000,右节点损失:4.217,总损失:4.217
------划分值:1.000,左节点损失:3.949,右节点损失:0.265,总损失:4.213
('----划分特征：', 583)
------划分值:0.000,左节点损失:0.000,右节点损失:4.217,总损失:4.217
------划分值:1.000,左节点损失:4.132,右节点损失:0.086,总损失:4.217
('----划分特征：', 584)
------划分值:0.000,左节点损失:0.000,右节点损失:4.217,总损失:4.217
------划分值:1.000,左节点损失:4.200,右节点损失:0.015,总损失:4.216
('----划分特征：', 585)
------划分值:0.000,左节点损失:0.000,右节点损失:4.217,总损失:4.217
------划分值:1.000,左节点损失:4.217,右节点损失:0.000,总损失:4.217
('----划分特征：', 586)
------划分值:0.000,左节点损失:0.000,右节点损失:4.217,总损失:4.217
------划分值:1.000,左节点损失:4.211,右节点损失:0.005,总损失:4.216
('----划分特征：', 587)
------划分值:0.000,左节点损失:0.000,右节点损失:4.217,总损失:4.217
('----划分特征：', 588)
------划分值:0.000,左节点损失:0.000,右节点损失:4.217,总损失:4.217
('----划分特征：', 589)
------划分值:0.000,左节点损失:0.000,右节点损失:4.217,总损失:4.217
('----划分特征：', 590)
------划分值:0.000,左节点损失:0.000,右节点损失:4.217,总损失:4.217
------划分值:1.000,左节点损失:4.217,右节点损失:0.000,总损失:4.217
('----划分特征：', 591)
------划分值:0.000,左节点损失:0.000,右节点损失:4.217,总损失:4.217
------划分值:1.000,左节点损失:4.207,右节点损失:0.008,总损失:4.214
('----划分特征：', 592)
------划分值:0.000,左节点损失:0.000,右节点损失:4.217,总损失:4.217
------划分值:1.000,左节点损失:4.057,右节点损失:0.159,总损失:4.216
('----划分特征：', 593)
------划分值:0.000,左节点损失:0.000,右节点损失:4.217,总损失:4.217
------划分值:1.000,左节点损失:3.595,右节点损失:0.583,总损失:4.178
('----划分特征：', 594)
------划分值:0.000,左节点损失:0.000,右节点损失:4.217,总损失:4.217
------划分值:1.000,左节点损失:2.848,右节点损失:1.229,总损失:4.077
('----划分特征：', 595)
------划分值:0.000,左节点损失:0.000,右节点损失:4.217,总损失:4.217
------划分值:1.000,左节点损失:1.883,右节点损失:2.025,总损失:3.908
('----划分特征：', 596)
------划分值:0.000,左节点损失:0.000,右节点损失:4.217,总损失:4.217
------划分值:1.000,左节点损失:1.246,右节点损失:2.566,总损失:3.812
('----划分特征：', 597)
------划分值:0.000,左节点损失:0.000,右节点损失:4.217,总损失:4.217
------划分值:1.000,左节点损失:0.867,右节点损失:2.957,总损失:3.824
('----划分特征：', 598)
------划分值:1.000,左节点损失:0.872,右节点损失:3.052,总损失:3.924
------划分值:0.000,左节点损失:0.000,右节点损失:4.217,总损失:4.217
('----划分特征：', 599)
------划分值:1.000,左节点损失:1.073,右节点损失:2.983,总损失:4.056
------划分值:0.000,左节点损失:0.000,右节点损失:4.217,总损失:4.217
('----划分特征：', 600)
------划分值:1.000,左节点损失:1.225,右节点损失:2.902,总损失:4.127
------划分值:0.000,左节点损失:0.000,右节点损失:4.217,总损失:4.217
('----划分特征：', 601)
------划分值:1.000,左节点损失:1.186,右节点损失:2.954,总损失:4.140
------划分值:0.000,左节点损失:0.000,右节点损失:4.217,总损失:4.217
('----划分特征：', 602)
------划分值:1.000,左节点损失:1.116,右节点损失:3.006,总损失:4.123
------划分值:0.000,左节点损失:0.000,右节点损失:4.217,总损失:4.217
('----划分特征：', 603)
------划分值:1.000,左节点损失:1.049,右节点损失:3.021,总损失:4.070
------划分值:0.000,左节点损失:0.000,右节点损失:4.217,总损失:4.217
('----划分特征：', 604)
------划分值:0.000,左节点损失:0.000,右节点损失:4.217,总损失:4.217
------划分值:1.000,左节点损失:1.229,右节点损失:2.800,总损失:4.029
('----划分特征：', 605)
------划分值:0.000,左节点损失:0.000,右节点损失:4.217,总损失:4.217
------划分值:1.000,左节点损失:1.861,右节点损失:2.222,总损失:4.083
('----划分特征：', 606)
------划分值:0.000,左节点损失:0.000,右节点损失:4.217,总损失:4.217
------划分值:1.000,左节点损失:2.527,右节点损失:1.615,总损失:4.142
('----划分特征：', 607)
------划分值:0.000,左节点损失:0.000,右节点损失:4.217,总损失:4.217
------划分值:1.000,左节点损失:3.107,右节点损失:1.072,总损失:4.178
('----划分特征：', 608)
------划分值:0.000,左节点损失:0.000,右节点损失:4.217,总损失:4.217
------划分值:1.000,左节点损失:3.566,右节点损失:0.635,总损失:4.200
('----划分特征：', 609)
------划分值:0.000,左节点损失:0.000,右节点损失:4.217,总损失:4.217
------划分值:1.000,左节点损失:3.899,右节点损失:0.315,总损失:4.214
('----划分特征：', 610)
------划分值:0.000,左节点损失:0.000,右节点损失:4.217,总损失:4.217
------划分值:1.000,左节点损失:4.121,右节点损失:0.095,总损失:4.217
('----划分特征：', 611)
------划分值:0.000,左节点损失:0.000,右节点损失:4.217,总损失:4.217
------划分值:1.000,左节点损失:4.193,右节点损失:0.023,总损失:4.215
('----划分特征：', 612)
------划分值:0.000,左节点损失:0.000,右节点损失:4.217,总损失:4.217
------划分值:1.000,左节点损失:4.208,右节点损失:0.008,总损失:4.216
('----划分特征：', 613)
------划分值:0.000,左节点损失:0.000,右节点损失:4.217,总损失:4.217
------划分值:1.000,左节点损失:4.217,右节点损失:0.000,总损失:4.217
('----划分特征：', 614)
------划分值:0.000,左节点损失:0.000,右节点损失:4.217,总损失:4.217
------划分值:1.000,左节点损失:4.211,右节点损失:0.004,总损失:4.215
('----划分特征：', 615)
------划分值:0.000,左节点损失:0.000,右节点损失:4.217,总损失:4.217
('----划分特征：', 616)
------划分值:0.000,左节点损失:0.000,右节点损失:4.217,总损失:4.217
('----划分特征：', 617)
------划分值:0.000,左节点损失:0.000,右节点损失:4.217,总损失:4.217
('----划分特征：', 618)
------划分值:0.000,左节点损失:0.000,右节点损失:4.217,总损失:4.217
------划分值:1.000,左节点损失:4.217,右节点损失:0.000,总损失:4.217
('----划分特征：', 619)
------划分值:0.000,左节点损失:0.000,右节点损失:4.217,总损失:4.217
------划分值:1.000,左节点损失:4.209,右节点损失:0.008,总损失:4.217
('----划分特征：', 620)
------划分值:0.000,左节点损失:0.000,右节点损失:4.217,总损失:4.217
------划分值:1.000,左节点损失:4.172,右节点损失:0.044,总损失:4.217
('----划分特征：', 621)
------划分值:0.000,左节点损失:0.000,右节点损失:4.217,总损失:4.217
------划分值:1.000,左节点损失:3.872,右节点损失:0.329,总损失:4.200
('----划分特征：', 622)
------划分值:0.000,左节点损失:0.000,右节点损失:4.217,总损失:4.217
------划分值:1.000,左节点损失:3.386,右节点损失:0.769,总损失:4.155
('----划分特征：', 623)
------划分值:1.000,左节点损失:2.652,右节点损失:1.419,总损失:4.071
------划分值:0.000,左节点损失:0.000,右节点损失:4.217,总损失:4.217
('----划分特征：', 624)
------划分值:1.000,左节点损失:1.942,右节点损失:2.056,总损失:3.998
------划分值:0.000,左节点损失:0.000,右节点损失:4.217,总损失:4.217
('----划分特征：', 625)
------划分值:1.000,左节点损失:1.235,右节点损失:2.674,总损失:3.909
------划分值:0.000,左节点损失:0.000,右节点损失:4.217,总损失:4.217
('----划分特征：', 626)
------划分值:1.000,左节点损失:0.768,右节点损失:3.124,总损失:3.892
------划分值:0.000,左节点损失:0.000,右节点损失:4.217,总损失:4.217
('----划分特征：', 627)
------划分值:1.000,左节点损失:0.676,右节点损失:3.272,总损失:3.949
------划分值:0.000,左节点损失:0.000,右节点损失:4.217,总损失:4.217
('----划分特征：', 628)
------划分值:1.000,左节点损失:0.683,右节点损失:3.305,总损失:3.988
------划分值:0.000,左节点损失:0.000,右节点损失:4.217,总损失:4.217
('----划分特征：', 629)
------划分值:1.000,左节点损失:0.831,右节点损失:3.194,总损失:4.024
------划分值:0.000,左节点损失:0.000,右节点损失:4.217,总损失:4.217
('----划分特征：', 630)
------划分值:0.000,左节点损失:0.000,右节点损失:4.217,总损失:4.217
------划分值:1.000,左节点损失:1.001,右节点损失:3.033,总损失:4.033
('----划分特征：', 631)
------划分值:0.000,左节点损失:0.000,右节点损失:4.217,总损失:4.217
------划分值:1.000,左节点损失:1.500,右节点损失:2.583,总损失:4.083
('----划分特征：', 632)
------划分值:0.000,左节点损失:0.000,右节点损失:4.217,总损失:4.217
------划分值:1.000,左节点损失:2.131,右节点损失:2.005,总损失:4.135
('----划分特征：', 633)
------划分值:0.000,左节点损失:0.000,右节点损失:4.217,总损失:4.217
------划分值:1.000,左节点损失:2.823,右节点损失:1.360,总损失:4.183
('----划分特征：', 634)
------划分值:0.000,左节点损失:0.000,右节点损失:4.217,总损失:4.217
------划分值:1.000,左节点损失:3.290,右节点损失:0.913,总损失:4.203
('----划分特征：', 635)
------划分值:0.000,左节点损失:0.000,右节点损失:4.217,总损失:4.217
------划分值:1.000,左节点损失:3.680,右节点损失:0.533,总损失:4.214
('----划分特征：', 636)
------划分值:0.000,左节点损失:0.000,右节点损失:4.217,总损失:4.217
------划分值:1.000,左节点损失:3.941,右节点损失:0.276,总损失:4.217
('----划分特征：', 637)
------划分值:0.000,左节点损失:0.000,右节点损失:4.217,总损失:4.217
------划分值:1.000,左节点损失:4.119,右节点损失:0.096,总损失:4.215
('----划分特征：', 638)
------划分值:0.000,左节点损失:0.000,右节点损失:4.217,总损失:4.217
------划分值:1.000,左节点损失:4.178,右节点损失:0.038,总损失:4.215
('----划分特征：', 639)
------划分值:0.000,左节点损失:0.000,右节点损失:4.217,总损失:4.217
------划分值:1.000,左节点损失:4.208,右节点损失:0.008,总损失:4.216
('----划分特征：', 640)
------划分值:0.000,左节点损失:0.000,右节点损失:4.217,总损失:4.217
------划分值:1.000,左节点损失:4.216,右节点损失:0.000,总损失:4.216
('----划分特征：', 641)
------划分值:0.000,左节点损失:0.000,右节点损失:4.217,总损失:4.217
------划分值:1.000,左节点损失:4.217,右节点损失:0.000,总损失:4.217
('----划分特征：', 642)
------划分值:0.000,左节点损失:0.000,右节点损失:4.217,总损失:4.217
------划分值:1.000,左节点损失:4.211,右节点损失:0.000,总损失:4.211
('----划分特征：', 643)
------划分值:0.000,左节点损失:0.000,右节点损失:4.217,总损失:4.217
('----划分特征：', 644)
------划分值:0.000,左节点损失:0.000,右节点损失:4.217,总损失:4.217
('----划分特征：', 645)
------划分值:0.000,左节点损失:0.000,右节点损失:4.217,总损失:4.217
('----划分特征：', 646)
------划分值:0.000,左节点损失:0.000,右节点损失:4.217,总损失:4.217
------划分值:1.000,左节点损失:4.217,右节点损失:0.000,总损失:4.217
('----划分特征：', 647)
------划分值:0.000,左节点损失:0.000,右节点损失:4.217,总损失:4.217
------划分值:1.000,左节点损失:4.217,右节点损失:0.000,总损失:4.217
('----划分特征：', 648)
------划分值:0.000,左节点损失:0.000,右节点损失:4.217,总损失:4.217
------划分值:1.000,左节点损失:4.202,右节点损失:0.015,总损失:4.217
('----划分特征：', 649)
------划分值:1.000,左节点损失:4.120,右节点损失:0.097,总损失:4.217
------划分值:0.000,左节点损失:0.000,右节点损失:4.217,总损失:4.217
('----划分特征：', 650)
------划分值:1.000,左节点损失:3.961,右节点损失:0.254,总损失:4.215
------划分值:0.000,左节点损失:0.000,右节点损失:4.217,总损失:4.217
('----划分特征：', 651)
------划分值:1.000,左节点损失:3.660,右节点损失:0.547,总损失:4.207
------划分值:0.000,左节点损失:0.000,右节点损失:4.217,总损失:4.217
('----划分特征：', 652)
------划分值:1.000,左节点损失:3.139,右节点损失:1.045,总损失:4.184
------划分值:0.000,左节点损失:0.000,右节点损失:4.217,总损失:4.217
('----划分特征：', 653)
------划分值:1.000,左节点损失:2.518,右节点损失:1.630,总损失:4.148
------划分值:0.000,左节点损失:0.000,右节点损失:4.217,总损失:4.217
('----划分特征：', 654)
------划分值:1.000,左节点损失:2.094,右节点损失:2.044,总损失:4.138
------划分值:0.000,左节点损失:0.000,右节点损失:4.217,总损失:4.217
('----划分特征：', 655)
------划分值:1.000,左节点损失:1.678,右节点损失:2.428,总损失:4.105
------划分值:0.000,左节点损失:0.000,右节点损失:4.217,总损失:4.217
('----划分特征：', 656)
------划分值:1.000,左节点损失:1.641,右节点损失:2.469,总损失:4.110
------划分值:0.000,左节点损失:0.000,右节点损失:4.217,总损失:4.217
('----划分特征：', 657)
------划分值:0.000,左节点损失:0.000,右节点损失:4.217,总损失:4.217
------划分值:1.000,左节点损失:1.906,右节点损失:2.241,总损失:4.147
('----划分特征：', 658)
------划分值:0.000,左节点损失:0.000,右节点损失:4.217,总损失:4.217
------划分值:1.000,左节点损失:2.381,右节点损失:1.809,总损失:4.190
('----划分特征：', 659)
------划分值:0.000,左节点损失:0.000,右节点损失:4.217,总损失:4.217
------划分值:1.000,左节点损失:2.882,右节点损失:1.326,总损失:4.209
('----划分特征：', 660)
------划分值:0.000,左节点损失:0.000,右节点损失:4.217,总损失:4.217
------划分值:1.000,左节点损失:3.431,右节点损失:0.787,总损失:4.217
('----划分特征：', 661)
------划分值:0.000,左节点损失:0.000,右节点损失:4.217,总损失:4.217
------划分值:1.000,左节点损失:3.685,右节点损失:0.532,总损失:4.217
('----划分特征：', 662)
------划分值:0.000,左节点损失:0.000,右节点损失:4.217,总损失:4.217
------划分值:1.000,左节点损失:3.898,右节点损失:0.319,总损失:4.216
('----划分特征：', 663)
------划分值:0.000,左节点损失:0.000,右节点损失:4.217,总损失:4.217
------划分值:1.000,左节点损失:4.103,右节点损失:0.106,总损失:4.209
('----划分特征：', 664)
------划分值:0.000,左节点损失:0.000,右节点损失:4.217,总损失:4.217
------划分值:1.000,左节点损失:4.158,右节点损失:0.053,总损失:4.212
('----划分特征：', 665)
------划分值:0.000,左节点损失:0.000,右节点损失:4.217,总损失:4.217
------划分值:1.000,左节点损失:4.196,右节点损失:0.016,总损失:4.212
('----划分特征：', 666)
------划分值:0.000,左节点损失:0.000,右节点损失:4.217,总损失:4.217
------划分值:1.000,左节点损失:4.207,右节点损失:0.008,总损失:4.215
('----划分特征：', 667)
------划分值:0.000,左节点损失:0.000,右节点损失:4.217,总损失:4.217
------划分值:1.000,左节点损失:4.216,右节点损失:0.000,总损失:4.216
('----划分特征：', 668)
------划分值:0.000,左节点损失:0.000,右节点损失:4.217,总损失:4.217
------划分值:1.000,左节点损失:4.217,右节点损失:0.000,总损失:4.217
('----划分特征：', 669)
------划分值:0.000,左节点损失:0.000,右节点损失:4.217,总损失:4.217
('----划分特征：', 670)
------划分值:0.000,左节点损失:0.000,右节点损失:4.217,总损失:4.217
('----划分特征：', 671)
------划分值:0.000,左节点损失:0.000,右节点损失:4.217,总损失:4.217
('----划分特征：', 672)
------划分值:0.000,左节点损失:0.000,右节点损失:4.217,总损失:4.217
('----划分特征：', 673)
------划分值:0.000,左节点损失:0.000,右节点损失:4.217,总损失:4.217
('----划分特征：', 674)
------划分值:0.000,左节点损失:0.000,右节点损失:4.217,总损失:4.217
('----划分特征：', 675)
------划分值:0.000,左节点损失:0.000,右节点损失:4.217,总损失:4.217
------划分值:1.000,左节点损失:4.217,右节点损失:0.000,总损失:4.217
('----划分特征：', 676)
------划分值:1.000,左节点损失:4.210,右节点损失:0.007,总损失:4.217
------划分值:0.000,左节点损失:0.000,右节点损失:4.217,总损失:4.217
('----划分特征：', 677)
------划分值:1.000,左节点损失:4.202,右节点损失:0.015,总损失:4.217
------划分值:0.000,左节点损失:0.000,右节点损失:4.217,总损失:4.217
('----划分特征：', 678)
------划分值:1.000,左节点损失:4.190,右节点损失:0.023,总损失:4.213
------划分值:0.000,左节点损失:0.000,右节点损失:4.217,总损失:4.217
('----划分特征：', 679)
------划分值:1.000,左节点损失:4.149,右节点损失:0.061,总损失:4.210
------划分值:0.000,左节点损失:0.000,右节点损失:4.217,总损失:4.217
('----划分特征：', 680)
------划分值:1.000,左节点损失:4.075,右节点损失:0.129,总损失:4.205
------划分值:0.000,左节点损失:0.000,右节点损失:4.217,总损失:4.217
('----划分特征：', 681)
------划分值:1.000,左节点损失:3.947,右节点损失:0.256,总损失:4.202
------划分值:0.000,左节点损失:0.000,右节点损失:4.217,总损失:4.217
('----划分特征：', 682)
------划分值:1.000,左节点损失:3.762,右节点损失:0.444,总损失:4.206
------划分值:0.000,左节点损失:0.000,右节点损失:4.217,总损失:4.217
('----划分特征：', 683)
------划分值:0.000,左节点损失:0.000,右节点损失:4.217,总损失:4.217
------划分值:1.000,左节点损失:3.649,右节点损失:0.559,总损失:4.208
('----划分特征：', 684)
------划分值:0.000,左节点损失:0.000,右节点损失:4.217,总损失:4.217
------划分值:1.000,左节点损失:3.579,右节点损失:0.634,总损失:4.213
('----划分特征：', 685)
------划分值:0.000,左节点损失:0.000,右节点损失:4.217,总损失:4.217
------划分值:1.000,左节点损失:3.624,右节点损失:0.586,总损失:4.210
('----划分特征：', 686)
------划分值:0.000,左节点损失:0.000,右节点损失:4.217,总损失:4.217
------划分值:1.000,左节点损失:3.761,右节点损失:0.445,总损失:4.205
('----划分特征：', 687)
------划分值:0.000,左节点损失:0.000,右节点损失:4.217,总损失:4.217
------划分值:1.000,左节点损失:3.905,右节点损失:0.299,总损失:4.204
('----划分特征：', 688)
------划分值:0.000,左节点损失:0.000,右节点损失:4.217,总损失:4.217
------划分值:1.000,左节点损失:4.035,右节点损失:0.167,总损失:4.202
('----划分特征：', 689)
------划分值:0.000,左节点损失:0.000,右节点损失:4.217,总损失:4.217
------划分值:1.000,左节点损失:4.118,右节点损失:0.084,总损失:4.203
('----划分特征：', 690)
------划分值:0.000,左节点损失:0.000,右节点损失:4.217,总损失:4.217
------划分值:1.000,左节点损失:4.166,右节点损失:0.039,总损失:4.204
('----划分特征：', 691)
------划分值:0.000,左节点损失:0.000,右节点损失:4.217,总损失:4.217
------划分值:1.000,左节点损失:4.192,右节点损失:0.016,总损失:4.207
('----划分特征：', 692)
------划分值:0.000,左节点损失:0.000,右节点损失:4.217,总损失:4.217
------划分值:1.000,左节点损失:4.196,右节点损失:0.016,总损失:4.212
('----划分特征：', 693)
------划分值:0.000,左节点损失:0.000,右节点损失:4.217,总损失:4.217
------划分值:1.000,左节点损失:4.207,右节点损失:0.008,总损失:4.215
('----划分特征：', 694)
------划分值:0.000,左节点损失:0.000,右节点损失:4.217,总损失:4.217
------划分值:1.000,左节点损失:4.215,右节点损失:0.000,总损失:4.215
('----划分特征：', 695)
------划分值:0.000,左节点损失:0.000,右节点损失:4.217,总损失:4.217
------划分值:1.000,左节点损失:4.217,右节点损失:0.000,总损失:4.217
('----划分特征：', 696)
------划分值:0.000,左节点损失:0.000,右节点损失:4.217,总损失:4.217
------划分值:1.000,左节点损失:4.217,右节点损失:0.000,总损失:4.217
('----划分特征：', 697)
------划分值:0.000,左节点损失:0.000,右节点损失:4.217,总损失:4.217
('----划分特征：', 698)
------划分值:0.000,左节点损失:0.000,右节点损失:4.217,总损失:4.217
('----划分特征：', 699)
------划分值:0.000,左节点损失:0.000,右节点损失:4.217,总损失:4.217
('----划分特征：', 700)
------划分值:0.000,左节点损失:0.000,右节点损失:4.217,总损失:4.217
('----划分特征：', 701)
------划分值:0.000,左节点损失:0.000,右节点损失:4.217,总损失:4.217
('----划分特征：', 702)
------划分值:0.000,左节点损失:0.000,右节点损失:4.217,总损失:4.217
('----划分特征：', 703)
------划分值:0.000,左节点损失:0.000,右节点损失:4.217,总损失:4.217
('----划分特征：', 704)
------划分值:0.000,左节点损失:0.000,右节点损失:4.217,总损失:4.217
------划分值:1.000,左节点损失:4.217,右节点损失:0.000,总损失:4.217
('----划分特征：', 705)
------划分值:0.000,左节点损失:0.000,右节点损失:4.217,总损失:4.217
------划分值:1.000,左节点损失:4.216,右节点损失:0.000,总损失:4.216
('----划分特征：', 706)
------划分值:0.000,左节点损失:0.000,右节点损失:4.217,总损失:4.217
------划分值:1.000,左节点损失:4.214,右节点损失:0.000,总损失:4.214
('----划分特征：', 707)
------划分值:0.000,左节点损失:0.000,右节点损失:4.217,总损失:4.217
------划分值:1.000,左节点损失:4.210,右节点损失:0.000,总损失:4.210
('----划分特征：', 708)
------划分值:0.000,左节点损失:0.000,右节点损失:4.217,总损失:4.217
------划分值:1.000,左节点损失:4.202,右节点损失:0.000,总损失:4.202
('----划分特征：', 709)
------划分值:0.000,左节点损失:0.000,右节点损失:4.217,总损失:4.217
------划分值:1.000,左节点损失:4.194,右节点损失:0.000,总损失:4.194
('----划分特征：', 710)
------划分值:0.000,左节点损失:0.000,右节点损失:4.217,总损失:4.217
------划分值:1.000,左节点损失:4.180,右节点损失:0.008,总损失:4.188
('----划分特征：', 711)
------划分值:0.000,左节点损失:0.000,右节点损失:4.217,总损失:4.217
------划分值:1.000,左节点损失:4.172,右节点损失:0.016,总损失:4.188
('----划分特征：', 712)
------划分值:0.000,左节点损失:0.000,右节点损失:4.217,总损失:4.217
------划分值:1.000,左节点损失:4.174,右节点损失:0.016,总损失:4.190
('----划分特征：', 713)
------划分值:0.000,左节点损失:0.000,右节点损失:4.217,总损失:4.217
------划分值:1.000,左节点损失:4.169,右节点损失:0.024,总损失:4.193
('----划分特征：', 714)
------划分值:0.000,左节点损失:0.000,右节点损失:4.217,总损失:4.217
------划分值:1.000,左节点损失:4.179,右节点损失:0.016,总损失:4.195
('----划分特征：', 715)
------划分值:0.000,左节点损失:0.000,右节点损失:4.217,总损失:4.217
------划分值:1.000,左节点损失:4.189,右节点损失:0.008,总损失:4.197
('----划分特征：', 716)
------划分值:0.000,左节点损失:0.000,右节点损失:4.217,总损失:4.217
------划分值:1.000,左节点损失:4.199,右节点损失:0.000,总损失:4.199
('----划分特征：', 717)
------划分值:0.000,左节点损失:0.000,右节点损失:4.217,总损失:4.217
------划分值:1.000,左节点损失:4.205,右节点损失:0.000,总损失:4.205
('----划分特征：', 718)
------划分值:0.000,左节点损失:0.000,右节点损失:4.217,总损失:4.217
------划分值:1.000,左节点损失:4.209,右节点损失:0.000,总损失:4.209
('----划分特征：', 719)
------划分值:0.000,左节点损失:0.000,右节点损失:4.217,总损失:4.217
------划分值:1.000,左节点损失:4.212,右节点损失:0.000,总损失:4.212
('----划分特征：', 720)
------划分值:0.000,左节点损失:0.000,右节点损失:4.217,总损失:4.217
------划分值:1.000,左节点损失:4.214,右节点损失:0.000,总损失:4.214
('----划分特征：', 721)
------划分值:0.000,左节点损失:0.000,右节点损失:4.217,总损失:4.217
------划分值:1.000,左节点损失:4.215,右节点损失:0.000,总损失:4.215
('----划分特征：', 722)
------划分值:0.000,左节点损失:0.000,右节点损失:4.217,总损失:4.217
------划分值:1.000,左节点损失:4.216,右节点损失:0.000,总损失:4.216
('----划分特征：', 723)
------划分值:0.000,左节点损失:0.000,右节点损失:4.217,总损失:4.217
------划分值:1.000,左节点损失:4.217,右节点损失:0.000,总损失:4.217
('----划分特征：', 724)
------划分值:0.000,左节点损失:0.000,右节点损失:4.217,总损失:4.217
('----划分特征：', 725)
------划分值:0.000,左节点损失:0.000,右节点损失:4.217,总损失:4.217
('----划分特征：', 726)
------划分值:0.000,左节点损失:0.000,右节点损失:4.217,总损失:4.217
('----划分特征：', 727)
------划分值:0.000,左节点损失:0.000,右节点损失:4.217,总损失:4.217
('----划分特征：', 728)
------划分值:0.000,左节点损失:0.000,右节点损失:4.217,总损失:4.217
('----划分特征：', 729)
------划分值:0.000,左节点损失:0.000,右节点损失:4.217,总损失:4.217
('----划分特征：', 730)
------划分值:0.000,左节点损失:0.000,右节点损失:4.217,总损失:4.217
('----划分特征：', 731)
------划分值:0.000,左节点损失:0.000,右节点损失:4.217,总损失:4.217
('----划分特征：', 732)
------划分值:0.000,左节点损失:0.000,右节点损失:4.217,总损失:4.217
------划分值:1.000,左节点损失:4.217,右节点损失:0.000,总损失:4.217
('----划分特征：', 733)
------划分值:0.000,左节点损失:0.000,右节点损失:4.217,总损失:4.217
------划分值:1.000,左节点损失:4.217,右节点损失:0.000,总损失:4.217
('----划分特征：', 734)
------划分值:0.000,左节点损失:0.000,右节点损失:4.217,总损失:4.217
------划分值:1.000,左节点损失:4.216,右节点损失:0.000,总损失:4.216
('----划分特征：', 735)
------划分值:0.000,左节点损失:0.000,右节点损失:4.217,总损失:4.217
------划分值:1.000,左节点损失:4.214,右节点损失:0.000,总损失:4.214
('----划分特征：', 736)
------划分值:0.000,左节点损失:0.000,右节点损失:4.217,总损失:4.217
------划分值:1.000,左节点损失:4.210,右节点损失:0.000,总损失:4.210
('----划分特征：', 737)
------划分值:0.000,左节点损失:0.000,右节点损失:4.217,总损失:4.217
------划分值:1.000,左节点损失:4.208,右节点损失:0.000,总损失:4.208
('----划分特征：', 738)
------划分值:0.000,左节点损失:0.000,右节点损失:4.217,总损失:4.217
------划分值:1.000,左节点损失:4.206,右节点损失:0.000,总损失:4.206
('----划分特征：', 739)
------划分值:0.000,左节点损失:0.000,右节点损失:4.217,总损失:4.217
------划分值:1.000,左节点损失:4.206,右节点损失:0.000,总损失:4.206
('----划分特征：', 740)
------划分值:0.000,左节点损失:0.000,右节点损失:4.217,总损失:4.217
------划分值:1.000,左节点损失:4.208,右节点损失:0.000,总损失:4.208
('----划分特征：', 741)
------划分值:0.000,左节点损失:0.000,右节点损失:4.217,总损失:4.217
------划分值:1.000,左节点损失:4.208,右节点损失:0.000,总损失:4.208
('----划分特征：', 742)
------划分值:0.000,左节点损失:0.000,右节点损失:4.217,总损失:4.217
------划分值:1.000,左节点损失:4.208,右节点损失:0.000,总损失:4.208
('----划分特征：', 743)
------划分值:0.000,左节点损失:0.000,右节点损失:4.217,总损失:4.217
------划分值:1.000,左节点损失:4.210,右节点损失:0.000,总损失:4.210
('----划分特征：', 744)
------划分值:0.000,左节点损失:0.000,右节点损失:4.217,总损失:4.217
------划分值:1.000,左节点损失:4.211,右节点损失:0.000,总损失:4.211
('----划分特征：', 745)
------划分值:0.000,左节点损失:0.000,右节点损失:4.217,总损失:4.217
------划分值:1.000,左节点损失:4.212,右节点损失:0.000,总损失:4.212
('----划分特征：', 746)
------划分值:0.000,左节点损失:0.000,右节点损失:4.217,总损失:4.217
------划分值:1.000,左节点损失:4.214,右节点损失:0.000,总损失:4.214
('----划分特征：', 747)
------划分值:0.000,左节点损失:0.000,右节点损失:4.217,总损失:4.217
------划分值:1.000,左节点损失:4.215,右节点损失:0.000,总损失:4.215
('----划分特征：', 748)
------划分值:0.000,左节点损失:0.000,右节点损失:4.217,总损失:4.217
------划分值:1.000,左节点损失:4.216,右节点损失:0.000,总损失:4.216
('----划分特征：', 749)
------划分值:0.000,左节点损失:0.000,右节点损失:4.217,总损失:4.217
------划分值:1.000,左节点损失:4.217,右节点损失:0.000,总损失:4.217
('----划分特征：', 750)
------划分值:0.000,左节点损失:0.000,右节点损失:4.217,总损失:4.217
------划分值:1.000,左节点损失:4.217,右节点损失:0.000,总损失:4.217
('----划分特征：', 751)
------划分值:0.000,左节点损失:0.000,右节点损失:4.217,总损失:4.217
------划分值:1.000,左节点损失:4.217,右节点损失:0.000,总损失:4.217
('----划分特征：', 752)
------划分值:0.000,左节点损失:0.000,右节点损失:4.217,总损失:4.217
('----划分特征：', 753)
------划分值:0.000,左节点损失:0.000,右节点损失:4.217,总损失:4.217
('----划分特征：', 754)
------划分值:0.000,左节点损失:0.000,右节点损失:4.217,总损失:4.217
('----划分特征：', 755)
------划分值:0.000,左节点损失:0.000,右节点损失:4.217,总损失:4.217
('----划分特征：', 756)
------划分值:0.000,左节点损失:0.000,右节点损失:4.217,总损失:4.217
('----划分特征：', 757)
------划分值:0.000,左节点损失:0.000,右节点损失:4.217,总损失:4.217
('----划分特征：', 758)
------划分值:0.000,左节点损失:0.000,右节点损失:4.217,总损失:4.217
('----划分特征：', 759)
------划分值:0.000,左节点损失:0.000,右节点损失:4.217,总损失:4.217
('----划分特征：', 760)
------划分值:0.000,左节点损失:0.000,右节点损失:4.217,总损失:4.217
('----划分特征：', 761)
------划分值:0.000,左节点损失:0.000,右节点损失:4.217,总损失:4.217
------划分值:1.000,左节点损失:4.217,右节点损失:0.000,总损失:4.217
('----划分特征：', 762)
------划分值:0.000,左节点损失:0.000,右节点损失:4.217,总损失:4.217
------划分值:1.000,左节点损失:4.217,右节点损失:0.000,总损失:4.217
('----划分特征：', 763)
------划分值:0.000,左节点损失:0.000,右节点损失:4.217,总损失:4.217
------划分值:1.000,左节点损失:4.217,右节点损失:0.000,总损失:4.217
('----划分特征：', 764)
------划分值:0.000,左节点损失:0.000,右节点损失:4.217,总损失:4.217
------划分值:1.000,左节点损失:4.217,右节点损失:0.000,总损失:4.217
('----划分特征：', 765)
------划分值:0.000,左节点损失:0.000,右节点损失:4.217,总损失:4.217
------划分值:1.000,左节点损失:4.217,右节点损失:0.000,总损失:4.217
('----划分特征：', 766)
------划分值:0.000,左节点损失:0.000,右节点损失:4.217,总损失:4.217
------划分值:1.000,左节点损失:4.217,右节点损失:0.000,总损失:4.217
('----划分特征：', 767)
------划分值:0.000,左节点损失:0.000,右节点损失:4.217,总损失:4.217
------划分值:1.000,左节点损失:4.216,右节点损失:0.000,总损失:4.216
('----划分特征：', 768)
------划分值:0.000,左节点损失:0.000,右节点损失:4.217,总损失:4.217
------划分值:1.000,左节点损失:4.216,右节点损失:0.000,总损失:4.216
('----划分特征：', 769)
------划分值:0.000,左节点损失:0.000,右节点损失:4.217,总损失:4.217
------划分值:1.000,左节点损失:4.216,右节点损失:0.000,总损失:4.216
('----划分特征：', 770)
------划分值:0.000,左节点损失:0.000,右节点损失:4.217,总损失:4.217
------划分值:1.000,左节点损失:4.216,右节点损失:0.000,总损失:4.216
('----划分特征：', 771)
------划分值:0.000,左节点损失:0.000,右节点损失:4.217,总损失:4.217
------划分值:1.000,左节点损失:4.216,右节点损失:0.000,总损失:4.216
('----划分特征：', 772)
------划分值:0.000,左节点损失:0.000,右节点损失:4.217,总损失:4.217
------划分值:1.000,左节点损失:4.216,右节点损失:0.000,总损失:4.216
('----划分特征：', 773)
------划分值:0.000,左节点损失:0.000,右节点损失:4.217,总损失:4.217
------划分值:1.000,左节点损失:4.217,右节点损失:0.000,总损失:4.217
('----划分特征：', 774)
------划分值:0.000,左节点损失:0.000,右节点损失:4.217,总损失:4.217
------划分值:1.000,左节点损失:4.217,右节点损失:0.000,总损失:4.217
('----划分特征：', 775)
------划分值:0.000,左节点损失:0.000,右节点损失:4.217,总损失:4.217
------划分值:1.000,左节点损失:4.217,右节点损失:0.000,总损失:4.217
('----划分特征：', 776)
------划分值:0.000,左节点损失:0.000,右节点损失:4.217,总损失:4.217
------划分值:1.000,左节点损失:4.217,右节点损失:0.000,总损失:4.217
('----划分特征：', 777)
------划分值:0.000,左节点损失:0.000,右节点损失:4.217,总损失:4.217
------划分值:1.000,左节点损失:4.217,右节点损失:0.000,总损失:4.217
('----划分特征：', 778)
------划分值:0.000,左节点损失:0.000,右节点损失:4.217,总损失:4.217
('----划分特征：', 779)
------划分值:0.000,左节点损失:0.000,右节点损失:4.217,总损失:4.217
('----划分特征：', 780)
------划分值:0.000,左节点损失:0.000,右节点损失:4.217,总损失:4.217
('----划分特征：', 781)
------划分值:0.000,左节点损失:0.000,右节点损失:4.217,总损失:4.217
('----划分特征：', 782)
------划分值:0.000,左节点损失:0.000,右节点损失:4.217,总损失:4.217
('----划分特征：', 783)
------划分值:0.000,左节点损失:0.000,右节点损失:4.217,总损失:4.217
('----划分特征：', 'label')
------划分值:0.000,左节点损失:0.000,右节点损失:4.217,总损失:4.217
------划分值:1.000,左节点损失:0.000,右节点损失:0.000,总损失:0.000
('----划分特征：', 'f_0')
------划分值:-2.212,左节点损失:0.000,右节点损失:4.217,总损失:4.217
('----划分特征：', 'res_1')
------划分值:-0.099,左节点损失:0.000,右节点损失:4.217,总损失:4.217
------划分值:0.901,左节点损失:0.000,右节点损失:0.000,总损失:0.000
('----划分特征：', 'f_1')
------划分值:-2.323,左节点损失:0.000,右节点损失:4.217,总损失:4.217
------划分值:-1.199,左节点损失:0.000,右节点损失:0.000,总损失:0.000
('----划分特征：', 'res_2')
------划分值:-0.089,左节点损失:0.000,右节点损失:4.217,总损失:4.217
------划分值:0.768,左节点损失:0.000,右节点损失:0.000,总损失:0.000
('----划分特征：', 'f_2')
------划分值:-2.433,左节点损失:0.000,右节点损失:4.217,总损失:4.217
------划分值:-0.767,左节点损失:0.000,右节点损失:0.000,总损失:0.000
('----划分特征：', 'res_3')
------划分值:-0.081,左节点损失:0.000,右节点损失:4.217,总损失:4.217
------划分值:0.683,左节点损失:0.000,右节点损失:0.000,总损失:0.000
('----划分特征：', 'f_3')
------划分值:-2.542,左节点损失:0.000,右节点损失:4.217,总损失:4.217
------划分值:-0.452,左节点损失:0.000,右节点损失:0.000,总损失:0.000
('----划分特征：', 'res_4')
------划分值:-0.073,左节点损失:0.000,右节点损失:4.217,总损失:4.217
------划分值:0.611,左节点损失:0.000,右节点损失:0.000,总损失:0.000
('----划分特征：', 'f_4')
------划分值:-2.650,左节点损失:0.000,右节点损失:4.217,总损失:4.217
------划分值:-0.195,左节点损失:0.000,右节点损失:0.000,总损失:0.000
('----划分特征：', 'res_5')
------划分值:-0.066,左节点损失:0.000,右节点损失:4.217,总损失:4.217
------划分值:0.549,左节点损失:0.000,右节点损失:0.000,总损失:0.000
('----划分特征：', 'f_5')
------划分值:-2.757,左节点损失:0.000,右节点损失:4.217,总损失:4.217
------划分值:0.027,左节点损失:0.000,右节点损失:0.000,总损失:0.000
('----划分特征：', 'res_6')
------划分值:-0.060,左节点损失:0.000,右节点损失:4.217,总损失:4.217
------划分值:0.493,左节点损失:0.000,右节点损失:0.000,总损失:0.000
('----划分特征：', 'f_6')
------划分值:-2.863,左节点损失:0.000,右节点损失:4.217,总损失:4.217
------划分值:0.224,左节点损失:0.000,右节点损失:0.000,总损失:0.000
('----划分特征：', 'res_7')
------划分值:-0.054,左节点损失:0.000,右节点损失:4.217,总损失:4.217
------划分值:0.444,左节点损失:0.000,右节点损失:0.000,总损失:0.000
('----划分特征：', 'f_7')
------划分值:-2.969,左节点损失:0.000,右节点损失:4.217,总损失:4.217
------划分值:0.404,左节点损失:0.000,右节点损失:0.000,总损失:0.000
('----划分特征：', 'res_8')
------划分值:-0.049,左节点损失:0.000,右节点损失:4.217,总损失:4.217
------划分值:0.400,左节点损失:0.000,右节点损失:0.000,总损失:0.000
('----划分特征：', 'f_8')
------划分值:-3.074,左节点损失:0.000,右节点损失:4.217,总损失:4.217
------划分值:0.571,左节点损失:0.000,右节点损失:0.000,总损失:0.000
('----划分特征：', 'res_9')
------划分值:-0.044,左节点损失:0.000,右节点损失:4.217,总损失:4.217
------划分值:0.361,左节点损失:0.000,右节点损失:0.000,总损失:0.000
('----划分特征：', 'f_9')
------划分值:-3.178,左节点损失:0.000,右节点损失:4.217,总损失:4.217
------划分值:0.727,左节点损失:0.000,右节点损失:0.000,总损失:0.000
('----划分特征：', 'res_10')
------划分值:-0.040,左节点损失:0.000,右节点损失:4.217,总损失:4.217
------划分值:0.326,左节点损失:0.000,右节点损失:0.000,总损失:0.000
('--最佳划分特征：', 'label')
('--最佳划分值：', 1)
('叶子节点预测值：', -1.0099428483990802)
('叶子节点预测值：', 1.0858447022164572)
第24棵树: log-likelihood:6.5034
