-----------------------------构建第28颗树-----------------------------
--树的深度：0
('----划分特征：', 1)
------划分值:0.000,左节点损失:0.000,右节点损失:1.890,总损失:1.890
('----划分特征：', 2)
------划分值:0.000,左节点损失:0.000,右节点损失:1.890,总损失:1.890
('----划分特征：', 3)
------划分值:0.000,左节点损失:0.000,右节点损失:1.890,总损失:1.890
('----划分特征：', 4)
------划分值:0.000,左节点损失:0.000,右节点损失:1.890,总损失:1.890
('----划分特征：', 5)
------划分值:0.000,左节点损失:0.000,右节点损失:1.890,总损失:1.890
('----划分特征：', 6)
------划分值:0.000,左节点损失:0.000,右节点损失:1.890,总损失:1.890
('----划分特征：', 7)
------划分值:0.000,左节点损失:0.000,右节点损失:1.890,总损失:1.890
('----划分特征：', 8)
------划分值:0.000,左节点损失:0.000,右节点损失:1.890,总损失:1.890
('----划分特征：', 9)
------划分值:0.000,左节点损失:0.000,右节点损失:1.890,总损失:1.890
('----划分特征：', 10)
------划分值:0.000,左节点损失:0.000,右节点损失:1.890,总损失:1.890
('----划分特征：', 11)
------划分值:0.000,左节点损失:0.000,右节点损失:1.890,总损失:1.890
('----划分特征：', 12)
------划分值:0.000,左节点损失:0.000,右节点损失:1.890,总损失:1.890
('----划分特征：', 13)
------划分值:0.000,左节点损失:0.000,右节点损失:1.890,总损失:1.890
('----划分特征：', 14)
------划分值:0.000,左节点损失:0.000,右节点损失:1.890,总损失:1.890
('----划分特征：', 15)
------划分值:0.000,左节点损失:0.000,右节点损失:1.890,总损失:1.890
('----划分特征：', 16)
------划分值:0.000,左节点损失:0.000,右节点损失:1.890,总损失:1.890
('----划分特征：', 17)
------划分值:0.000,左节点损失:0.000,右节点损失:1.890,总损失:1.890
('----划分特征：', 18)
------划分值:0.000,左节点损失:0.000,右节点损失:1.890,总损失:1.890
('----划分特征：', 19)
------划分值:0.000,左节点损失:0.000,右节点损失:1.890,总损失:1.890
('----划分特征：', 20)
------划分值:0.000,左节点损失:0.000,右节点损失:1.890,总损失:1.890
('----划分特征：', 21)
------划分值:0.000,左节点损失:0.000,右节点损失:1.890,总损失:1.890
('----划分特征：', 22)
------划分值:0.000,左节点损失:0.000,右节点损失:1.890,总损失:1.890
('----划分特征：', 23)
------划分值:0.000,左节点损失:0.000,右节点损失:1.890,总损失:1.890
('----划分特征：', 24)
------划分值:0.000,左节点损失:0.000,右节点损失:1.890,总损失:1.890
('----划分特征：', 25)
------划分值:0.000,左节点损失:0.000,右节点损失:1.890,总损失:1.890
('----划分特征：', 26)
------划分值:0.000,左节点损失:0.000,右节点损失:1.890,总损失:1.890
('----划分特征：', 27)
------划分值:0.000,左节点损失:0.000,右节点损失:1.890,总损失:1.890
('----划分特征：', 28)
------划分值:0.000,左节点损失:0.000,右节点损失:1.890,总损失:1.890
('----划分特征：', 29)
------划分值:0.000,左节点损失:0.000,右节点损失:1.890,总损失:1.890
('----划分特征：', 30)
------划分值:0.000,左节点损失:0.000,右节点损失:1.890,总损失:1.890
('----划分特征：', 31)
------划分值:0.000,左节点损失:0.000,右节点损失:1.890,总损失:1.890
('----划分特征：', 32)
------划分值:0.000,左节点损失:0.000,右节点损失:1.890,总损失:1.890
('----划分特征：', 33)
------划分值:0.000,左节点损失:0.000,右节点损失:1.890,总损失:1.890
('----划分特征：', 34)
------划分值:0.000,左节点损失:0.000,右节点损失:1.890,总损失:1.890
('----划分特征：', 35)
------划分值:0.000,左节点损失:0.000,右节点损失:1.890,总损失:1.890
('----划分特征：', 36)
------划分值:0.000,左节点损失:0.000,右节点损失:1.890,总损失:1.890
------划分值:1.000,左节点损失:1.890,右节点损失:0.000,总损失:1.890
('----划分特征：', 37)
------划分值:0.000,左节点损失:0.000,右节点损失:1.890,总损失:1.890
------划分值:1.000,左节点损失:1.890,右节点损失:0.000,总损失:1.890
('----划分特征：', 38)
------划分值:0.000,左节点损失:0.000,右节点损失:1.890,总损失:1.890
------划分值:1.000,左节点损失:1.890,右节点损失:0.000,总损失:1.890
('----划分特征：', 39)
------划分值:0.000,左节点损失:0.000,右节点损失:1.890,总损失:1.890
------划分值:1.000,左节点损失:1.890,右节点损失:0.000,总损失:1.890
('----划分特征：', 40)
------划分值:0.000,左节点损失:0.000,右节点损失:1.890,总损失:1.890
------划分值:1.000,左节点损失:1.890,右节点损失:0.000,总损失:1.890
('----划分特征：', 41)
------划分值:0.000,左节点损失:0.000,右节点损失:1.890,总损失:1.890
------划分值:1.000,左节点损失:1.890,右节点损失:0.000,总损失:1.890
('----划分特征：', 42)
------划分值:0.000,左节点损失:0.000,右节点损失:1.890,总损失:1.890
------划分值:1.000,左节点损失:1.890,右节点损失:0.000,总损失:1.890
('----划分特征：', 43)
------划分值:0.000,左节点损失:0.000,右节点损失:1.890,总损失:1.890
------划分值:1.000,左节点损失:1.890,右节点损失:0.000,总损失:1.890
('----划分特征：', 44)
------划分值:0.000,左节点损失:0.000,右节点损失:1.890,总损失:1.890
------划分值:1.000,左节点损失:1.890,右节点损失:0.000,总损失:1.890
('----划分特征：', 45)
------划分值:0.000,左节点损失:0.000,右节点损失:1.890,总损失:1.890
------划分值:1.000,左节点损失:1.890,右节点损失:0.000,总损失:1.890
('----划分特征：', 46)
------划分值:0.000,左节点损失:0.000,右节点损失:1.890,总损失:1.890
------划分值:1.000,左节点损失:1.890,右节点损失:0.000,总损失:1.890
('----划分特征：', 47)
------划分值:0.000,左节点损失:0.000,右节点损失:1.890,总损失:1.890
------划分值:1.000,左节点损失:1.890,右节点损失:0.000,总损失:1.890
('----划分特征：', 48)
------划分值:0.000,左节点损失:0.000,右节点损失:1.890,总损失:1.890
------划分值:1.000,左节点损失:1.890,右节点损失:0.000,总损失:1.890
('----划分特征：', 49)
------划分值:0.000,左节点损失:0.000,右节点损失:1.890,总损失:1.890
------划分值:1.000,左节点损失:1.890,右节点损失:0.000,总损失:1.890
('----划分特征：', 50)
------划分值:0.000,左节点损失:0.000,右节点损失:1.890,总损失:1.890
------划分值:1.000,左节点损失:1.890,右节点损失:0.000,总损失:1.890
('----划分特征：', 51)
------划分值:0.000,左节点损失:0.000,右节点损失:1.890,总损失:1.890
('----划分特征：', 52)
------划分值:0.000,左节点损失:0.000,右节点损失:1.890,总损失:1.890
('----划分特征：', 53)
------划分值:0.000,左节点损失:0.000,右节点损失:1.890,总损失:1.890
('----划分特征：', 54)
------划分值:0.000,左节点损失:0.000,右节点损失:1.890,总损失:1.890
('----划分特征：', 55)
------划分值:0.000,左节点损失:0.000,右节点损失:1.890,总损失:1.890
('----划分特征：', 56)
------划分值:0.000,左节点损失:0.000,右节点损失:1.890,总损失:1.890
('----划分特征：', 57)
------划分值:0.000,左节点损失:0.000,右节点损失:1.890,总损失:1.890
('----划分特征：', 58)
------划分值:0.000,左节点损失:0.000,右节点损失:1.890,总损失:1.890
('----划分特征：', 59)
------划分值:0.000,左节点损失:0.000,右节点损失:1.890,总损失:1.890
('----划分特征：', 60)
------划分值:0.000,左节点损失:0.000,右节点损失:1.890,总损失:1.890
('----划分特征：', 61)
------划分值:0.000,左节点损失:0.000,右节点损失:1.890,总损失:1.890
('----划分特征：', 62)
------划分值:0.000,左节点损失:0.000,右节点损失:1.890,总损失:1.890
('----划分特征：', 63)
------划分值:0.000,左节点损失:0.000,右节点损失:1.890,总损失:1.890
('----划分特征：', 64)
------划分值:0.000,左节点损失:0.000,右节点损失:1.890,总损失:1.890
------划分值:1.000,左节点损失:1.890,右节点损失:0.000,总损失:1.890
('----划分特征：', 65)
------划分值:0.000,左节点损失:0.000,右节点损失:1.890,总损失:1.890
------划分值:1.000,左节点损失:1.890,右节点损失:0.000,总损失:1.890
('----划分特征：', 66)
------划分值:0.000,左节点损失:0.000,右节点损失:1.890,总损失:1.890
------划分值:1.000,左节点损失:1.890,右节点损失:0.000,总损失:1.890
('----划分特征：', 67)
------划分值:0.000,左节点损失:0.000,右节点损失:1.890,总损失:1.890
------划分值:1.000,左节点损失:1.889,右节点损失:0.000,总损失:1.889
('----划分特征：', 68)
------划分值:0.000,左节点损失:0.000,右节点损失:1.890,总损失:1.890
------划分值:1.000,左节点损失:1.889,右节点损失:0.000,总损失:1.889
('----划分特征：', 69)
------划分值:0.000,左节点损失:0.000,右节点损失:1.890,总损失:1.890
------划分值:1.000,左节点损失:1.889,右节点损失:0.000,总损失:1.889
('----划分特征：', 70)
------划分值:0.000,左节点损失:0.000,右节点损失:1.890,总损失:1.890
------划分值:1.000,左节点损失:1.888,右节点损失:0.000,总损失:1.888
('----划分特征：', 71)
------划分值:0.000,左节点损失:0.000,右节点损失:1.890,总损失:1.890
------划分值:1.000,左节点损失:1.888,右节点损失:0.000,总损失:1.888
('----划分特征：', 72)
------划分值:0.000,左节点损失:0.000,右节点损失:1.890,总损失:1.890
------划分值:1.000,左节点损失:1.886,右节点损失:0.000,总损失:1.886
('----划分特征：', 73)
------划分值:0.000,左节点损失:0.000,右节点损失:1.890,总损失:1.890
------划分值:1.000,左节点损失:1.886,右节点损失:0.000,总损失:1.886
('----划分特征：', 74)
------划分值:0.000,左节点损失:0.000,右节点损失:1.890,总损失:1.890
------划分值:1.000,左节点损失:1.887,右节点损失:0.000,总损失:1.887
('----划分特征：', 75)
------划分值:0.000,左节点损失:0.000,右节点损失:1.890,总损失:1.890
------划分值:1.000,左节点损失:1.888,右节点损失:0.000,总损失:1.888
('----划分特征：', 76)
------划分值:0.000,左节点损失:0.000,右节点损失:1.890,总损失:1.890
------划分值:1.000,左节点损失:1.889,右节点损失:0.000,总损失:1.889
('----划分特征：', 77)
------划分值:0.000,左节点损失:0.000,右节点损失:1.890,总损失:1.890
------划分值:1.000,左节点损失:1.890,右节点损失:0.000,总损失:1.890
('----划分特征：', 78)
------划分值:0.000,左节点损失:0.000,右节点损失:1.890,总损失:1.890
------划分值:1.000,左节点损失:1.890,右节点损失:0.000,总损失:1.890
('----划分特征：', 79)
------划分值:0.000,左节点损失:0.000,右节点损失:1.890,总损失:1.890
------划分值:1.000,左节点损失:1.890,右节点损失:0.000,总损失:1.890
('----划分特征：', 80)
------划分值:0.000,左节点损失:0.000,右节点损失:1.890,总损失:1.890
('----划分特征：', 81)
------划分值:0.000,左节点损失:0.000,右节点损失:1.890,总损失:1.890
('----划分特征：', 82)
------划分值:0.000,左节点损失:0.000,右节点损失:1.890,总损失:1.890
('----划分特征：', 83)
------划分值:0.000,左节点损失:0.000,右节点损失:1.890,总损失:1.890
('----划分特征：', 84)
------划分值:0.000,左节点损失:0.000,右节点损失:1.890,总损失:1.890
('----划分特征：', 85)
------划分值:0.000,左节点损失:0.000,右节点损失:1.890,总损失:1.890
('----划分特征：', 86)
------划分值:0.000,左节点损失:0.000,右节点损失:1.890,总损失:1.890
('----划分特征：', 87)
------划分值:0.000,左节点损失:0.000,右节点损失:1.890,总损失:1.890
('----划分特征：', 88)
------划分值:0.000,左节点损失:0.000,右节点损失:1.890,总损失:1.890
('----划分特征：', 89)
------划分值:0.000,左节点损失:0.000,右节点损失:1.890,总损失:1.890
------划分值:1.000,左节点损失:1.890,右节点损失:0.000,总损失:1.890
('----划分特征：', 90)
------划分值:0.000,左节点损失:0.000,右节点损失:1.890,总损失:1.890
------划分值:1.000,左节点损失:1.890,右节点损失:0.000,总损失:1.890
('----划分特征：', 91)
------划分值:0.000,左节点损失:0.000,右节点损失:1.890,总损失:1.890
------划分值:1.000,左节点损失:1.890,右节点损失:0.000,总损失:1.890
('----划分特征：', 92)
------划分值:0.000,左节点损失:0.000,右节点损失:1.890,总损失:1.890
------划分值:1.000,左节点损失:1.889,右节点损失:0.000,总损失:1.889
('----划分特征：', 93)
------划分值:0.000,左节点损失:0.000,右节点损失:1.890,总损失:1.890
------划分值:1.000,左节点损失:1.889,右节点损失:0.000,总损失:1.889
('----划分特征：', 94)
------划分值:0.000,左节点损失:0.000,右节点损失:1.890,总损失:1.890
------划分值:1.000,左节点损失:1.888,右节点损失:0.000,总损失:1.888
('----划分特征：', 95)
------划分值:0.000,左节点损失:0.000,右节点损失:1.890,总损失:1.890
------划分值:1.000,左节点损失:1.884,右节点损失:0.004,总损失:1.887
('----划分特征：', 96)
------划分值:0.000,左节点损失:0.000,右节点损失:1.890,总损失:1.890
------划分值:1.000,左节点损失:1.874,右节点损失:0.014,总损失:1.887
('----划分特征：', 97)
------划分值:0.000,左节点损失:0.000,右节点损失:1.890,总损失:1.890
------划分值:1.000,左节点损失:1.863,右节点损失:0.024,总损失:1.887
('----划分特征：', 98)
------划分值:0.000,左节点损失:0.000,右节点损失:1.890,总损失:1.890
------划分值:1.000,左节点损失:1.853,右节点损失:0.034,总损失:1.887
('----划分特征：', 99)
------划分值:0.000,左节点损失:0.000,右节点损失:1.890,总损失:1.890
------划分值:1.000,左节点损失:1.848,右节点损失:0.038,总损失:1.885
('----划分特征：', 100)
------划分值:0.000,左节点损失:0.000,右节点损失:1.890,总损失:1.890
------划分值:1.000,左节点损失:1.852,右节点损失:0.031,总损失:1.883
('----划分特征：', 101)
------划分值:0.000,左节点损失:0.000,右节点损失:1.890,总损失:1.890
------划分值:1.000,左节点损失:1.855,右节点损失:0.028,总损失:1.883
('----划分特征：', 102)
------划分值:0.000,左节点损失:0.000,右节点损失:1.890,总损失:1.890
------划分值:1.000,左节点损失:1.869,右节点损失:0.014,总损失:1.883
('----划分特征：', 103)
------划分值:0.000,左节点损失:0.000,右节点损失:1.890,总损失:1.890
------划分值:1.000,左节点损失:1.870,右节点损失:0.017,总损失:1.887
('----划分特征：', 104)
------划分值:0.000,左节点损失:0.000,右节点损失:1.890,总损失:1.890
------划分值:1.000,左节点损失:1.881,右节点损失:0.007,总损失:1.888
('----划分特征：', 105)
------划分值:0.000,左节点损失:0.000,右节点损失:1.890,总损失:1.890
------划分值:1.000,左节点损失:1.889,右节点损失:0.000,总损失:1.889
('----划分特征：', 106)
------划分值:0.000,左节点损失:0.000,右节点损失:1.890,总损失:1.890
------划分值:1.000,左节点损失:1.890,右节点损失:0.000,总损失:1.890
('----划分特征：', 107)
------划分值:0.000,左节点损失:0.000,右节点损失:1.890,总损失:1.890
------划分值:1.000,左节点损失:1.890,右节点损失:0.000,总损失:1.890
('----划分特征：', 108)
------划分值:0.000,左节点损失:0.000,右节点损失:1.890,总损失:1.890
------划分值:1.000,左节点损失:1.890,右节点损失:0.000,总损失:1.890
('----划分特征：', 109)
------划分值:0.000,左节点损失:0.000,右节点损失:1.890,总损失:1.890
('----划分特征：', 110)
------划分值:0.000,左节点损失:0.000,右节点损失:1.890,总损失:1.890
('----划分特征：', 111)
------划分值:0.000,左节点损失:0.000,右节点损失:1.890,总损失:1.890
('----划分特征：', 112)
------划分值:0.000,左节点损失:0.000,右节点损失:1.890,总损失:1.890
('----划分特征：', 113)
------划分值:0.000,左节点损失:0.000,右节点损失:1.890,总损失:1.890
('----划分特征：', 114)
------划分值:0.000,左节点损失:0.000,右节点损失:1.890,总损失:1.890
('----划分特征：', 115)
------划分值:0.000,左节点损失:0.000,右节点损失:1.890,总损失:1.890
('----划分特征：', 116)
------划分值:0.000,左节点损失:0.000,右节点损失:1.890,总损失:1.890
------划分值:1.000,左节点损失:1.890,右节点损失:0.000,总损失:1.890
('----划分特征：', 117)
------划分值:0.000,左节点损失:0.000,右节点损失:1.890,总损失:1.890
------划分值:1.000,左节点损失:1.890,右节点损失:0.000,总损失:1.890
('----划分特征：', 118)
------划分值:0.000,左节点损失:0.000,右节点损失:1.890,总损失:1.890
------划分值:1.000,左节点损失:1.889,右节点损失:0.000,总损失:1.889
('----划分特征：', 119)
------划分值:0.000,左节点损失:0.000,右节点损失:1.890,总损失:1.890
------划分值:1.000,左节点损失:1.889,右节点损失:0.000,总损失:1.889
('----划分特征：', 120)
------划分值:0.000,左节点损失:0.000,右节点损失:1.890,总损失:1.890
------划分值:1.000,左节点损失:1.887,右节点损失:0.000,总损失:1.887
('----划分特征：', 121)
------划分值:0.000,左节点损失:0.000,右节点损失:1.890,总损失:1.890
------划分值:1.000,左节点损失:1.876,右节点损失:0.010,总损失:1.887
('----划分特征：', 122)
------划分值:0.000,左节点损失:0.000,右节点损失:1.890,总损失:1.890
------划分值:1.000,左节点损失:1.850,右节点损失:0.037,总损失:1.887
('----划分特征：', 123)
------划分值:0.000,左节点损失:0.000,右节点损失:1.890,总损失:1.890
------划分值:1.000,左节点损失:1.805,右节点损失:0.083,总损失:1.888
('----划分特征：', 124)
------划分值:0.000,左节点损失:0.000,右节点损失:1.890,总损失:1.890
------划分值:1.000,左节点损失:1.706,右节点损失:0.185,总损失:1.890
('----划分特征：', 125)
------划分值:0.000,左节点损失:0.000,右节点损失:1.890,总损失:1.890
------划分值:1.000,左节点损失:1.564,右节点损失:0.322,总损失:1.886
('----划分特征：', 126)
------划分值:0.000,左节点损失:0.000,右节点损失:1.890,总损失:1.890
------划分值:1.000,左节点损失:1.521,右节点损失:0.367,总损失:1.888
('----划分特征：', 127)
------划分值:0.000,左节点损失:0.000,右节点损失:1.890,总损失:1.890
------划分值:1.000,左节点损失:1.430,右节点损失:0.455,总损失:1.885
('----划分特征：', 128)
------划分值:0.000,左节点损失:0.000,右节点损失:1.890,总损失:1.890
------划分值:1.000,左节点损失:1.385,右节点损失:0.496,总损失:1.881
('----划分特征：', 129)
------划分值:0.000,左节点损失:0.000,右节点损失:1.890,总损失:1.890
------划分值:1.000,左节点损失:1.426,右节点损失:0.456,总损失:1.882
('----划分特征：', 130)
------划分值:0.000,左节点损失:0.000,右节点损失:1.890,总损失:1.890
------划分值:1.000,左节点损失:1.493,右节点损失:0.387,总损失:1.880
('----划分特征：', 131)
------划分值:0.000,左节点损失:0.000,右节点损失:1.890,总损失:1.890
------划分值:1.000,左节点损失:1.578,右节点损失:0.301,总损失:1.879
('----划分特征：', 132)
------划分值:0.000,左节点损失:0.000,右节点损失:1.890,总损失:1.890
------划分值:1.000,左节点损失:1.686,右节点损失:0.196,总损失:1.882
('----划分特征：', 133)
------划分值:0.000,左节点损失:0.000,右节点损失:1.890,总损失:1.890
------划分值:1.000,左节点损失:1.798,右节点损失:0.089,总损失:1.888
('----划分特征：', 134)
------划分值:0.000,左节点损失:0.000,右节点损失:1.890,总损失:1.890
------划分值:1.000,左节点损失:1.855,右节点损失:0.035,总损失:1.890
('----划分特征：', 135)
------划分值:0.000,左节点损失:0.000,右节点损失:1.890,总损失:1.890
------划分值:1.000,左节点损失:1.883,右节点损失:0.007,总损失:1.890
('----划分特征：', 136)
------划分值:0.000,左节点损失:0.000,右节点损失:1.890,总损失:1.890
------划分值:1.000,左节点损失:1.887,右节点损失:0.003,总损失:1.890
('----划分特征：', 137)
------划分值:0.000,左节点损失:0.000,右节点损失:1.890,总损失:1.890
('----划分特征：', 138)
------划分值:0.000,左节点损失:0.000,右节点损失:1.890,总损失:1.890
('----划分特征：', 139)
------划分值:0.000,左节点损失:0.000,右节点损失:1.890,总损失:1.890
('----划分特征：', 140)
------划分值:0.000,左节点损失:0.000,右节点损失:1.890,总损失:1.890
('----划分特征：', 141)
------划分值:0.000,左节点损失:0.000,右节点损失:1.890,总损失:1.890
('----划分特征：', 142)
------划分值:0.000,左节点损失:0.000,右节点损失:1.890,总损失:1.890
('----划分特征：', 143)
------划分值:0.000,左节点损失:0.000,右节点损失:1.890,总损失:1.890
------划分值:1.000,左节点损失:1.890,右节点损失:0.000,总损失:1.890
('----划分特征：', 144)
------划分值:0.000,左节点损失:0.000,右节点损失:1.890,总损失:1.890
------划分值:1.000,左节点损失:1.890,右节点损失:0.000,总损失:1.890
('----划分特征：', 145)
------划分值:0.000,左节点损失:0.000,右节点损失:1.890,总损失:1.890
------划分值:1.000,左节点损失:1.889,右节点损失:0.000,总损失:1.889
('----划分特征：', 146)
------划分值:0.000,左节点损失:0.000,右节点损失:1.890,总损失:1.890
------划分值:1.000,左节点损失:1.888,右节点损失:0.000,总损失:1.888
('----划分特征：', 147)
------划分值:0.000,左节点损失:0.000,右节点损失:1.890,总损失:1.890
------划分值:1.000,左节点损失:1.882,右节点损失:0.004,总损失:1.886
('----划分特征：', 148)
------划分值:0.000,左节点损失:0.000,右节点损失:1.890,总损失:1.890
------划分值:1.000,左节点损失:1.873,右节点损失:0.010,总损失:1.883
('----划分特征：', 149)
------划分值:0.000,左节点损失:0.000,右节点损失:1.890,总损失:1.890
------划分值:1.000,左节点损失:1.827,右节点损失:0.058,总损失:1.885
('----划分特征：', 150)
------划分值:0.000,左节点损失:0.000,右节点损失:1.890,总损失:1.890
------划分值:1.000,左节点损失:1.748,右节点损失:0.139,总损失:1.887
('----划分特征：', 151)
------划分值:0.000,左节点损失:0.000,右节点损失:1.890,总损失:1.890
------划分值:1.000,左节点损失:1.584,右节点损失:0.306,总损失:1.890
('----划分特征：', 152)
------划分值:0.000,左节点损失:0.000,右节点损失:1.890,总损失:1.890
------划分值:1.000,左节点损失:1.387,右节点损失:0.498,总损失:1.886
('----划分特征：', 153)
------划分值:0.000,左节点损失:0.000,右节点损失:1.890,总损失:1.890
------划分值:1.000,左节点损失:1.190,右节点损失:0.689,总损失:1.879
('----划分特征：', 154)
------划分值:0.000,左节点损失:0.000,右节点损失:1.890,总损失:1.890
------划分值:1.000,左节点损失:0.944,右节点损失:0.915,总损失:1.859
('----划分特征：', 155)
------划分值:0.000,左节点损失:0.000,右节点损失:1.890,总损失:1.890
------划分值:1.000,左节点损失:0.781,右节点损失:1.060,总损失:1.840
('----划分特征：', 156)
------划分值:0.000,左节点损失:0.000,右节点损失:1.890,总损失:1.890
------划分值:1.000,左节点损失:0.715,右节点损失:1.108,总损失:1.824
('----划分特征：', 157)
------划分值:1.000,左节点损失:0.814,右节点损失:1.019,总损失:1.833
------划分值:0.000,左节点损失:0.000,右节点损失:1.890,总损失:1.890
('----划分特征：', 158)
------划分值:1.000,左节点损失:0.961,右节点损失:0.879,总损失:1.840
------划分值:0.000,左节点损失:0.000,右节点损失:1.890,总损失:1.890
('----划分特征：', 159)
------划分值:0.000,左节点损失:0.000,右节点损失:1.890,总损失:1.890
------划分值:1.000,左节点损失:1.229,右节点损失:0.631,总损失:1.861
('----划分特征：', 160)
------划分值:1.000,左节点损失:1.455,右节点损失:0.418,总损失:1.873
------划分值:0.000,左节点损失:0.000,右节点损失:1.890,总损失:1.890
('----划分特征：', 161)
------划分值:1.000,左节点损失:1.650,右节点损失:0.234,总损失:1.884
------划分值:0.000,左节点损失:0.000,右节点损失:1.890,总损失:1.890
('----划分特征：', 162)
------划分值:1.000,左节点损失:1.778,右节点损失:0.111,总损失:1.889
------划分值:0.000,左节点损失:0.000,右节点损失:1.890,总损失:1.890
('----划分特征：', 163)
------划分值:0.000,左节点损失:0.000,右节点损失:1.890,总损失:1.890
------划分值:1.000,左节点损失:1.851,右节点损失:0.039,总损失:1.890
('----划分特征：', 164)
------划分值:0.000,左节点损失:0.000,右节点损失:1.890,总损失:1.890
------划分值:1.000,左节点损失:1.882,右节点损失:0.007,总损失:1.889
('----划分特征：', 165)
------划分值:0.000,左节点损失:0.000,右节点损失:1.890,总损失:1.890
------划分值:1.000,左节点损失:1.890,右节点损失:0.000,总损失:1.890
('----划分特征：', 166)
------划分值:0.000,左节点损失:0.000,右节点损失:1.890,总损失:1.890
------划分值:1.000,左节点损失:1.890,右节点损失:0.000,总损失:1.890
('----划分特征：', 167)
------划分值:0.000,左节点损失:0.000,右节点损失:1.890,总损失:1.890
('----划分特征：', 168)
------划分值:0.000,左节点损失:0.000,右节点损失:1.890,总损失:1.890
('----划分特征：', 169)
------划分值:0.000,左节点损失:0.000,右节点损失:1.890,总损失:1.890
('----划分特征：', 170)
------划分值:0.000,左节点损失:0.000,右节点损失:1.890,总损失:1.890
('----划分特征：', 171)
------划分值:0.000,左节点损失:0.000,右节点损失:1.890,总损失:1.890
------划分值:1.000,左节点损失:1.890,右节点损失:0.000,总损失:1.890
('----划分特征：', 172)
------划分值:0.000,左节点损失:0.000,右节点损失:1.890,总损失:1.890
------划分值:1.000,左节点损失:1.889,右节点损失:0.000,总损失:1.889
('----划分特征：', 173)
------划分值:0.000,左节点损失:0.000,右节点损失:1.890,总损失:1.890
------划分值:1.000,左节点损失:1.885,右节点损失:0.003,总损失:1.889
('----划分特征：', 174)
------划分值:0.000,左节点损失:0.000,右节点损失:1.890,总损失:1.890
------划分值:1.000,左节点损失:1.882,右节点损失:0.004,总损失:1.886
('----划分特征：', 175)
------划分值:0.000,左节点损失:0.000,右节点损失:1.890,总损失:1.890
------划分值:1.000,左节点损失:1.874,右节点损失:0.007,总损失:1.881
('----划分特征：', 176)
------划分值:0.000,左节点损失:0.000,右节点损失:1.890,总损失:1.890
------划分值:1.000,左节点损失:1.819,右节点损失:0.065,总损失:1.884
('----划分特征：', 177)
------划分值:0.000,左节点损失:0.000,右节点损失:1.890,总损失:1.890
------划分值:1.000,左节点损失:1.704,右节点损失:0.184,总损失:1.888
('----划分特征：', 178)
------划分值:0.000,左节点损失:0.000,右节点损失:1.890,总损失:1.890
------划分值:1.000,左节点损失:1.532,右节点损失:0.358,总损失:1.890
('----划分特征：', 179)
------划分值:1.000,左节点损失:1.280,右节点损失:0.605,总损失:1.885
------划分值:0.000,左节点损失:0.000,右节点损失:1.890,总损失:1.890
('----划分特征：', 180)
------划分值:1.000,左节点损失:1.073,右节点损失:0.805,总损失:1.878
------划分值:0.000,左节点损失:0.000,右节点损失:1.890,总损失:1.890
('----划分特征：', 181)
------划分值:1.000,左节点损失:0.835,右节点损失:1.032,总损失:1.867
------划分值:0.000,左节点损失:0.000,右节点损失:1.890,总损失:1.890
('----划分特征：', 182)
------划分值:1.000,左节点损失:0.595,右节点损失:1.253,总损失:1.848
------划分值:0.000,左节点损失:0.000,右节点损失:1.890,总损失:1.890
('----划分特征：', 183)
------划分值:1.000,左节点损失:0.428,右节点损失:1.393,总损失:1.821
------划分值:0.000,左节点损失:0.000,右节点损失:1.890,总损失:1.890
('----划分特征：', 184)
------划分值:1.000,左节点损失:0.402,右节点损失:1.409,总损失:1.811
------划分值:0.000,左节点损失:0.000,右节点损失:1.890,总损失:1.890
('----划分特征：', 185)
------划分值:1.000,左节点损失:0.468,右节点损失:1.341,总损失:1.809
------划分值:0.000,左节点损失:0.000,右节点损失:1.890,总损失:1.890
('----划分特征：', 186)
------划分值:1.000,左节点损失:0.596,右节点损失:1.213,总损失:1.809
------划分值:0.000,左节点损失:0.000,右节点损失:1.890,总损失:1.890
('----划分特征：', 187)
------划分值:1.000,左节点损失:0.851,右节点损失:0.977,总损失:1.827
------划分值:0.000,左节点损失:0.000,右节点损失:1.890,总损失:1.890
('----划分特征：', 188)
------划分值:1.000,左节点损失:1.141,右节点损失:0.703,总损失:1.844
------划分值:0.000,左节点损失:0.000,右节点损失:1.890,总损失:1.890
('----划分特征：', 189)
------划分值:1.000,左节点损失:1.446,右节点损失:0.425,总损失:1.871
------划分值:0.000,左节点损失:0.000,右节点损失:1.890,总损失:1.890
('----划分特征：', 190)
------划分值:1.000,左节点损失:1.668,右节点损失:0.219,总损失:1.886
------划分值:0.000,左节点损失:0.000,右节点损失:1.890,总损失:1.890
('----划分特征：', 191)
------划分值:0.000,左节点损失:0.000,右节点损失:1.890,总损失:1.890
------划分值:1.000,左节点损失:1.815,右节点损失:0.074,总损失:1.890
('----划分特征：', 192)
------划分值:0.000,左节点损失:0.000,右节点损失:1.890,总损失:1.890
------划分值:1.000,左节点损失:1.874,右节点损失:0.014,总损失:1.888
('----划分特征：', 193)
------划分值:0.000,左节点损失:0.000,右节点损失:1.890,总损失:1.890
------划分值:1.000,左节点损失:1.889,右节点损失:0.000,总损失:1.889
('----划分特征：', 194)
------划分值:0.000,左节点损失:0.000,右节点损失:1.890,总损失:1.890
------划分值:1.000,左节点损失:1.890,右节点损失:0.000,总损失:1.890
('----划分特征：', 195)
------划分值:0.000,左节点损失:0.000,右节点损失:1.890,总损失:1.890
------划分值:1.000,左节点损失:1.890,右节点损失:0.000,总损失:1.890
('----划分特征：', 196)
------划分值:0.000,左节点损失:0.000,右节点损失:1.890,总损失:1.890
('----划分特征：', 197)
------划分值:0.000,左节点损失:0.000,右节点损失:1.890,总损失:1.890
------划分值:1.000,左节点损失:1.890,右节点损失:0.000,总损失:1.890
('----划分特征：', 198)
------划分值:0.000,左节点损失:0.000,右节点损失:1.890,总损失:1.890
------划分值:1.000,左节点损失:1.890,右节点损失:0.000,总损失:1.890
('----划分特征：', 199)
------划分值:0.000,左节点损失:0.000,右节点损失:1.890,总损失:1.890
------划分值:1.000,左节点损失:1.890,右节点损失:0.000,总损失:1.890
('----划分特征：', 200)
------划分值:0.000,左节点损失:0.000,右节点损失:1.890,总损失:1.890
------划分值:1.000,左节点损失:1.889,右节点损失:0.000,总损失:1.889
('----划分特征：', 201)
------划分值:0.000,左节点损失:0.000,右节点损失:1.890,总损失:1.890
------划分值:1.000,左节点损失:1.883,右节点损失:0.004,总损失:1.887
('----划分特征：', 202)
------划分值:0.000,左节点损失:0.000,右节点损失:1.890,总损失:1.890
------划分值:1.000,左节点损失:1.879,右节点损失:0.004,总损失:1.883
('----划分特征：', 203)
------划分值:0.000,左节点损失:0.000,右节点损失:1.890,总损失:1.890
------划分值:1.000,左节点损失:1.841,右节点损失:0.041,总损失:1.882
('----划分特征：', 204)
------划分值:1.000,左节点损失:1.742,右节点损失:0.144,总损失:1.885
------划分值:0.000,左节点损失:0.000,右节点损失:1.890,总损失:1.890
('----划分特征：', 205)
------划分值:1.000,左节点损失:1.544,右节点损失:0.346,总损失:1.890
------划分值:0.000,左节点损失:0.000,右节点损失:1.890,总损失:1.890
('----划分特征：', 206)
------划分值:1.000,左节点损失:1.307,右节点损失:0.581,总损失:1.889
------划分值:0.000,左节点损失:0.000,右节点损失:1.890,总损失:1.890
('----划分特征：', 207)
------划分值:1.000,左节点损失:1.080,右节点损失:0.802,总损失:1.882
------划分值:0.000,左节点损失:0.000,右节点损失:1.890,总损失:1.890
('----划分特征：', 208)
------划分值:1.000,左节点损失:0.785,右节点损失:1.079,总损失:1.864
------划分值:0.000,左节点损失:0.000,右节点损失:1.890,总损失:1.890
('----划分特征：', 209)
------划分值:1.000,左节点损失:0.596,右节点损失:1.261,总损失:1.857
------划分值:0.000,左节点损失:0.000,右节点损失:1.890,总损失:1.890
('----划分特征：', 210)
------划分值:1.000,左节点损失:0.494,右节点损失:1.356,总损失:1.849
------划分值:0.000,左节点损失:0.000,右节点损失:1.890,总损失:1.890
('----划分特征：', 211)
------划分值:1.000,左节点损失:0.417,右节点损失:1.417,总损失:1.834
------划分值:0.000,左节点损失:0.000,右节点损失:1.890,总损失:1.890
('----划分特征：', 212)
------划分值:1.000,左节点损失:0.433,右节点损失:1.404,总损失:1.837
------划分值:0.000,左节点损失:0.000,右节点损失:1.890,总损失:1.890
('----划分特征：', 213)
------划分值:1.000,左节点损失:0.404,右节点损失:1.416,总损失:1.821
------划分值:0.000,左节点损失:0.000,右节点损失:1.890,总损失:1.890
('----划分特征：', 214)
------划分值:0.000,左节点损失:0.000,右节点损失:1.890,总损失:1.890
------划分值:1.000,左节点损失:0.468,右节点损失:1.343,总损失:1.811
('----划分特征：', 215)
------划分值:0.000,左节点损失:0.000,右节点损失:1.890,总损失:1.890
------划分值:1.000,左节点损失:0.622,右节点损失:1.192,总损失:1.814
('----划分特征：', 216)
------划分值:0.000,左节点损失:0.000,右节点损失:1.890,总损失:1.890
------划分值:1.000,左节点损失:0.893,右节点损失:0.933,总损失:1.825
('----划分特征：', 217)
------划分值:0.000,左节点损失:0.000,右节点损失:1.890,总损失:1.890
------划分值:1.000,左节点损失:1.234,右节点损失:0.620,总损失:1.854
('----划分特征：', 218)
------划分值:0.000,左节点损失:0.000,右节点损失:1.890,总损失:1.890
------划分值:1.000,左节点损失:1.538,右节点损失:0.340,总损失:1.877
('----划分特征：', 219)
------划分值:0.000,左节点损失:0.000,右节点损失:1.890,总损失:1.890
------划分值:1.000,左节点损失:1.746,右节点损失:0.143,总损失:1.889
('----划分特征：', 220)
------划分值:0.000,左节点损失:0.000,右节点损失:1.890,总损失:1.890
------划分值:1.000,左节点损失:1.856,右节点损失:0.033,总损失:1.889
('----划分特征：', 221)
------划分值:0.000,左节点损失:0.000,右节点损失:1.890,总损失:1.890
------划分值:1.000,左节点损失:1.888,右节点损失:0.000,总损失:1.888
('----划分特征：', 222)
------划分值:0.000,左节点损失:0.000,右节点损失:1.890,总损失:1.890
------划分值:1.000,左节点损失:1.889,右节点损失:0.000,总损失:1.889
('----划分特征：', 223)
------划分值:0.000,左节点损失:0.000,右节点损失:1.890,总损失:1.890
------划分值:1.000,左节点损失:1.890,右节点损失:0.000,总损失:1.890
('----划分特征：', 224)
------划分值:0.000,左节点损失:0.000,右节点损失:1.890,总损失:1.890
------划分值:1.000,左节点损失:1.890,右节点损失:0.000,总损失:1.890
('----划分特征：', 225)
------划分值:0.000,左节点损失:0.000,右节点损失:1.890,总损失:1.890
------划分值:1.000,左节点损失:1.890,右节点损失:0.000,总损失:1.890
('----划分特征：', 226)
------划分值:0.000,左节点损失:0.000,右节点损失:1.890,总损失:1.890
------划分值:1.000,左节点损失:1.890,右节点损失:0.000,总损失:1.890
('----划分特征：', 227)
------划分值:0.000,左节点损失:0.000,右节点损失:1.890,总损失:1.890
------划分值:1.000,左节点损失:1.889,右节点损失:0.000,总损失:1.889
('----划分特征：', 228)
------划分值:0.000,左节点损失:0.000,右节点损失:1.890,总损失:1.890
------划分值:1.000,左节点损失:1.887,右节点损失:0.000,总损失:1.887
('----划分特征：', 229)
------划分值:0.000,左节点损失:0.000,右节点损失:1.890,总损失:1.890
------划分值:1.000,左节点损失:1.878,右节点损失:0.007,总损失:1.885
('----划分特征：', 230)
------划分值:0.000,左节点损失:0.000,右节点损失:1.890,总损失:1.890
------划分值:1.000,左节点损失:1.859,右节点损失:0.024,总损失:1.883
('----划分特征：', 231)
------划分值:0.000,左节点损失:0.000,右节点损失:1.890,总损失:1.890
------划分值:1.000,左节点损失:1.783,右节点损失:0.101,总损失:1.884
('----划分特征：', 232)
------划分值:1.000,左节点损失:1.597,右节点损失:0.293,总损失:1.890
------划分值:0.000,左节点损失:0.000,右节点损失:1.890,总损失:1.890
('----划分特征：', 233)
------划分值:1.000,左节点损失:1.370,右节点损失:0.519,总损失:1.889
------划分值:0.000,左节点损失:0.000,右节点损失:1.890,总损失:1.890
('----划分特征：', 234)
------划分值:1.000,左节点损失:1.060,右节点损失:0.819,总损失:1.879
------划分值:0.000,左节点损失:0.000,右节点损失:1.890,总损失:1.890
('----划分特征：', 235)
------划分值:1.000,左节点损失:0.807,右节点损失:1.058,总损失:1.865
------划分值:0.000,左节点损失:0.000,右节点损失:1.890,总损失:1.890
('----划分特征：', 236)
------划分值:1.000,左节点损失:0.626,右节点损失:1.229,总损失:1.855
------划分值:0.000,左节点损失:0.000,右节点损失:1.890,总损失:1.890
('----划分特征：', 237)
------划分值:1.000,左节点损失:0.568,右节点损失:1.284,总损失:1.852
------划分值:0.000,左节点损失:0.000,右节点损失:1.890,总损失:1.890
('----划分特征：', 238)
------划分值:1.000,左节点损失:0.578,右节点损失:1.273,总损失:1.851
------划分值:0.000,左节点损失:0.000,右节点损失:1.890,总损失:1.890
('----划分特征：', 239)
------划分值:1.000,左节点损失:0.673,右节点损失:1.190,总损失:1.863
------划分值:0.000,左节点损失:0.000,右节点损失:1.890,总损失:1.890
('----划分特征：', 240)
------划分值:1.000,左节点损失:0.746,右节点损失:1.128,总损失:1.874
------划分值:0.000,左节点损失:0.000,右节点损失:1.890,总损失:1.890
('----划分特征：', 241)
------划分值:1.000,左节点损失:0.703,右节点损失:1.167,总损失:1.869
------划分值:0.000,左节点损失:0.000,右节点损失:1.890,总损失:1.890
('----划分特征：', 242)
------划分值:0.000,左节点损失:0.000,右节点损失:1.890,总损失:1.890
------划分值:1.000,左节点损失:0.586,右节点损失:1.259,总损失:1.845
('----划分特征：', 243)
------划分值:0.000,左节点损失:0.000,右节点损失:1.890,总损失:1.890
------划分值:1.000,左节点损失:0.579,右节点损失:1.241,总损失:1.820
('----划分特征：', 244)
------划分值:0.000,左节点损失:0.000,右节点损失:1.890,总损失:1.890
------划分值:1.000,左节点损失:0.699,右节点损失:1.098,总损失:1.796
('----划分特征：', 245)
------划分值:0.000,左节点损失:0.000,右节点损失:1.890,总损失:1.890
------划分值:1.000,左节点损失:1.027,右节点损失:0.793,总损失:1.820
('----划分特征：', 246)
------划分值:0.000,左节点损失:0.000,右节点损失:1.890,总损失:1.890
------划分值:1.000,左节点损失:1.364,右节点损失:0.481,总损失:1.846
('----划分特征：', 247)
------划分值:0.000,左节点损失:0.000,右节点损失:1.890,总损失:1.890
------划分值:1.000,左节点损失:1.671,右节点损失:0.210,总损失:1.881
('----划分特征：', 248)
------划分值:0.000,左节点损失:0.000,右节点损失:1.890,总损失:1.890
------划分值:1.000,左节点损失:1.839,右节点损失:0.052,总损失:1.890
('----划分特征：', 249)
------划分值:0.000,左节点损失:0.000,右节点损失:1.890,总损失:1.890
------划分值:1.000,左节点损失:1.888,右节点损失:0.000,总损失:1.888
('----划分特征：', 250)
------划分值:0.000,左节点损失:0.000,右节点损失:1.890,总损失:1.890
------划分值:1.000,左节点损失:1.890,右节点损失:0.000,总损失:1.890
('----划分特征：', 251)
------划分值:0.000,左节点损失:0.000,右节点损失:1.890,总损失:1.890
------划分值:1.000,左节点损失:1.890,右节点损失:0.000,总损失:1.890
('----划分特征：', 252)
------划分值:0.000,左节点损失:0.000,右节点损失:1.890,总损失:1.890
('----划分特征：', 253)
------划分值:0.000,左节点损失:0.000,右节点损失:1.890,总损失:1.890
------划分值:1.000,左节点损失:1.890,右节点损失:0.000,总损失:1.890
('----划分特征：', 254)
------划分值:0.000,左节点损失:0.000,右节点损失:1.890,总损失:1.890
------划分值:1.000,左节点损失:1.890,右节点损失:0.000,总损失:1.890
('----划分特征：', 255)
------划分值:0.000,左节点损失:0.000,右节点损失:1.890,总损失:1.890
------划分值:1.000,左节点损失:1.889,右节点损失:0.000,总损失:1.889
('----划分特征：', 256)
------划分值:0.000,左节点损失:0.000,右节点损失:1.890,总损失:1.890
------划分值:1.000,左节点损失:1.887,右节点损失:0.000,总损失:1.887
('----划分特征：', 257)
------划分值:0.000,左节点损失:0.000,右节点损失:1.890,总损失:1.890
------划分值:1.000,左节点损失:1.877,右节点损失:0.007,总损失:1.884
('----划分特征：', 258)
------划分值:0.000,左节点损失:0.000,右节点损失:1.890,总损失:1.890
------划分值:1.000,左节点损失:1.802,右节点损失:0.086,总损失:1.888
('----划分特征：', 259)
------划分值:0.000,左节点损失:0.000,右节点损失:1.890,总损失:1.890
------划分值:1.000,左节点损失:1.662,右节点损失:0.228,总损失:1.890
('----划分特征：', 260)
------划分值:0.000,左节点损失:0.000,右节点损失:1.890,总损失:1.890
------划分值:1.000,左节点损失:1.436,右节点损失:0.452,总损失:1.888
('----划分特征：', 261)
------划分值:1.000,左节点损失:1.141,右节点损失:0.736,总损失:1.877
------划分值:0.000,左节点损失:0.000,右节点损失:1.890,总损失:1.890
('----划分特征：', 262)
------划分值:0.000,左节点损失:0.000,右节点损失:1.890,总损失:1.890
------划分值:1.000,左节点损失:0.826,右节点损失:1.031,总损失:1.857
('----划分特征：', 263)
------划分值:1.000,左节点损失:0.607,右节点损失:1.229,总损失:1.836
------划分值:0.000,左节点损失:0.000,右节点损失:1.890,总损失:1.890
('----划分特征：', 264)
------划分值:1.000,左节点损失:0.609,右节点损失:1.233,总损失:1.842
------划分值:0.000,左节点损失:0.000,右节点损失:1.890,总损失:1.890
('----划分特征：', 265)
------划分值:1.000,左节点损失:0.671,右节点损失:1.172,总损失:1.843
------划分值:0.000,左节点损失:0.000,右节点损失:1.890,总损失:1.890
('----划分特征：', 266)
------划分值:0.000,左节点损失:0.000,右节点损失:1.890,总损失:1.890
------划分值:1.000,左节点损失:0.888,右节点损失:0.983,总损失:1.871
('----划分特征：', 267)
------划分值:0.000,左节点损失:0.000,右节点损失:1.890,总损失:1.890
------划分值:1.000,左节点损失:1.045,右节点损失:0.840,总损失:1.885
('----划分特征：', 268)
------划分值:0.000,左节点损失:0.000,右节点损失:1.890,总损失:1.890
------划分值:1.000,左节点损失:1.110,右节点损失:0.780,总损失:1.890
('----划分特征：', 269)
------划分值:1.000,左节点损失:1.045,右节点损失:0.845,总损失:1.890
------划分值:0.000,左节点损失:0.000,右节点损失:1.890,总损失:1.890
('----划分特征：', 270)
------划分值:0.000,左节点损失:0.000,右节点损失:1.890,总损失:1.890
------划分值:1.000,左节点损失:0.894,右节点损失:0.990,总损失:1.883
('----划分特征：', 271)
------划分值:0.000,左节点损失:0.000,右节点损失:1.890,总损失:1.890
------划分值:1.000,左节点损失:0.656,右节点损失:1.176,总损失:1.832
('----划分特征：', 272)
------划分值:0.000,左节点损失:0.000,右节点损失:1.890,总损失:1.890
------划分值:1.000,左节点损失:0.641,右节点损失:1.138,总损失:1.779
('----划分特征：', 273)
------划分值:0.000,左节点损失:0.000,右节点损失:1.890,总损失:1.890
------划分值:1.000,左节点损失:0.822,右节点损失:0.922,总损失:1.743
('----划分特征：', 274)
------划分值:0.000,左节点损失:0.000,右节点损失:1.890,总损失:1.890
------划分值:1.000,左节点损失:1.172,右节点损失:0.590,总损失:1.762
('----划分特征：', 275)
------划分值:0.000,左节点损失:0.000,右节点损失:1.890,总损失:1.890
------划分值:1.000,左节点损失:1.603,右节点损失:0.243,总损失:1.846
('----划分特征：', 276)
------划分值:0.000,左节点损失:0.000,右节点损失:1.890,总损失:1.890
------划分值:1.000,左节点损失:1.812,右节点损失:0.074,总损失:1.885
('----划分特征：', 277)
------划分值:0.000,左节点损失:0.000,右节点损失:1.890,总损失:1.890
------划分值:1.000,左节点损失:1.889,右节点损失:0.000,总损失:1.889
('----划分特征：', 278)
------划分值:0.000,左节点损失:0.000,右节点损失:1.890,总损失:1.890
------划分值:1.000,左节点损失:1.890,右节点损失:0.000,总损失:1.890
('----划分特征：', 279)
------划分值:0.000,左节点损失:0.000,右节点损失:1.890,总损失:1.890
('----划分特征：', 280)
------划分值:0.000,左节点损失:0.000,右节点损失:1.890,总损失:1.890
('----划分特征：', 281)
------划分值:0.000,左节点损失:0.000,右节点损失:1.890,总损失:1.890
------划分值:1.000,左节点损失:1.890,右节点损失:0.000,总损失:1.890
('----划分特征：', 282)
------划分值:0.000,左节点损失:0.000,右节点损失:1.890,总损失:1.890
------划分值:1.000,左节点损失:1.890,右节点损失:0.000,总损失:1.890
('----划分特征：', 283)
------划分值:0.000,左节点损失:0.000,右节点损失:1.890,总损失:1.890
------划分值:1.000,左节点损失:1.889,右节点损失:0.000,总损失:1.889
('----划分特征：', 284)
------划分值:0.000,左节点损失:0.000,右节点损失:1.890,总损失:1.890
------划分值:1.000,左节点损失:1.887,右节点损失:0.000,总损失:1.887
('----划分特征：', 285)
------划分值:0.000,左节点损失:0.000,右节点损失:1.890,总损失:1.890
------划分值:1.000,左节点损失:1.856,右节点损失:0.031,总损失:1.887
('----划分特征：', 286)
------划分值:0.000,左节点损失:0.000,右节点损失:1.890,总损失:1.890
------划分值:1.000,左节点损失:1.733,右节点损失:0.157,总损失:1.890
('----划分特征：', 287)
------划分值:0.000,左节点损失:0.000,右节点损失:1.890,总损失:1.890
------划分值:1.000,左节点损失:1.512,右节点损失:0.369,总损失:1.880
('----划分特征：', 288)
------划分值:0.000,左节点损失:0.000,右节点损失:1.890,总损失:1.890
------划分值:1.000,左节点损失:1.218,右节点损失:0.647,总损失:1.866
('----划分特征：', 289)
------划分值:0.000,左节点损失:0.000,右节点损失:1.890,总损失:1.890
------划分值:1.000,左节点损失:0.863,右节点损失:0.969,总损失:1.832
('----划分特征：', 290)
------划分值:0.000,左节点损失:0.000,右节点损失:1.890,总损失:1.890
------划分值:1.000,左节点损失:0.635,右节点损失:1.182,总损失:1.817
('----划分特征：', 291)
------划分值:1.000,左节点损失:0.653,右节点损失:1.181,总损失:1.833
------划分值:0.000,左节点损失:0.000,右节点损失:1.890,总损失:1.890
('----划分特征：', 292)
------划分值:1.000,左节点损失:0.749,右节点损失:1.090,总损失:1.839
------划分值:0.000,左节点损失:0.000,右节点损失:1.890,总损失:1.890
('----划分特征：', 293)
------划分值:0.000,左节点损失:0.000,右节点损失:1.890,总损失:1.890
------划分值:1.000,左节点损失:0.965,右节点损失:0.899,总损失:1.864
('----划分特征：', 294)
------划分值:0.000,左节点损失:0.000,右节点损失:1.890,总损失:1.890
------划分值:1.000,左节点损失:1.189,右节点损失:0.696,总损失:1.885
('----划分特征：', 295)
------划分值:0.000,左节点损失:0.000,右节点损失:1.890,总损失:1.890
------划分值:1.000,左节点损失:1.351,右节点损失:0.538,总损失:1.888
('----划分特征：', 296)
------划分值:0.000,左节点损失:0.000,右节点损失:1.890,总损失:1.890
------划分值:1.000,左节点损失:1.421,右节点损失:0.455,总损失:1.875
('----划分特征：', 297)
------划分值:0.000,左节点损失:0.000,右节点损失:1.890,总损失:1.890
------划分值:1.000,左节点损失:1.323,右节点损失:0.552,总损失:1.875
('----划分特征：', 298)
------划分值:0.000,左节点损失:0.000,右节点损失:1.890,总损失:1.890
------划分值:1.000,左节点损失:1.135,右节点损失:0.755,总损失:1.890
('----划分特征：', 299)
------划分值:0.000,左节点损失:0.000,右节点损失:1.890,总损失:1.890
------划分值:1.000,左节点损失:0.843,右节点损失:1.021,总损失:1.864
('----划分特征：', 300)
------划分值:0.000,左节点损失:0.000,右节点损失:1.890,总损失:1.890
------划分值:1.000,左节点损失:0.639,右节点损失:1.121,总损失:1.760
('----划分特征：', 301)
------划分值:0.000,左节点损失:0.000,右节点损失:1.890,总损失:1.890
------划分值:1.000,左节点损失:0.753,右节点损失:0.920,总损失:1.673
('----划分特征：', 302)
------划分值:0.000,左节点损失:0.000,右节点损失:1.890,总损失:1.890
------划分值:1.000,左节点损失:1.043,右节点损失:0.587,总损失:1.630
('----划分特征：', 303)
------划分值:0.000,左节点损失:0.000,右节点损失:1.890,总损失:1.890
------划分值:1.000,左节点损失:1.469,右节点损失:0.246,总损失:1.715
('----划分特征：', 304)
------划分值:0.000,左节点损失:0.000,右节点损失:1.890,总损失:1.890
------划分值:1.000,左节点损失:1.799,右节点损失:0.063,总损失:1.862
('----划分特征：', 305)
------划分值:0.000,左节点损失:0.000,右节点损失:1.890,总损失:1.890
------划分值:1.000,左节点损失:1.890,右节点损失:0.000,总损失:1.890
('----划分特征：', 306)
------划分值:0.000,左节点损失:0.000,右节点损失:1.890,总损失:1.890
------划分值:1.000,左节点损失:1.890,右节点损失:0.000,总损失:1.890
('----划分特征：', 307)
------划分值:0.000,左节点损失:0.000,右节点损失:1.890,总损失:1.890
('----划分特征：', 308)
------划分值:0.000,左节点损失:0.000,右节点损失:1.890,总损失:1.890
('----划分特征：', 309)
------划分值:0.000,左节点损失:0.000,右节点损失:1.890,总损失:1.890
------划分值:1.000,左节点损失:1.890,右节点损失:0.000,总损失:1.890
('----划分特征：', 310)
------划分值:0.000,左节点损失:0.000,右节点损失:1.890,总损失:1.890
------划分值:1.000,左节点损失:1.890,右节点损失:0.000,总损失:1.890
('----划分特征：', 311)
------划分值:0.000,左节点损失:0.000,右节点损失:1.890,总损失:1.890
------划分值:1.000,左节点损失:1.889,右节点损失:0.000,总损失:1.889
('----划分特征：', 312)
------划分值:0.000,左节点损失:0.000,右节点损失:1.890,总损失:1.890
------划分值:1.000,左节点损失:1.887,右节点损失:0.000,总损失:1.887
('----划分特征：', 313)
------划分值:0.000,左节点损失:0.000,右节点损失:1.890,总损失:1.890
------划分值:1.000,左节点损失:1.820,右节点损失:0.070,总损失:1.890
('----划分特征：', 314)
------划分值:0.000,左节点损失:0.000,右节点损失:1.890,总损失:1.890
------划分值:1.000,左节点损失:1.634,右节点损失:0.243,总损失:1.878
('----划分特征：', 315)
------划分值:0.000,左节点损失:0.000,右节点损失:1.890,总损失:1.890
------划分值:1.000,左节点损失:1.336,右节点损失:0.511,总损失:1.847
('----划分特征：', 316)
------划分值:0.000,左节点损失:0.000,右节点损失:1.890,总损失:1.890
------划分值:1.000,左节点损失:1.002,右节点损失:0.818,总损失:1.820
('----划分特征：', 317)
------划分值:0.000,左节点损失:0.000,右节点损失:1.890,总损失:1.890
------划分值:1.000,左节点损失:0.698,右节点损失:1.099,总损失:1.798
('----划分特征：', 318)
------划分值:0.000,左节点损失:0.000,右节点损失:1.890,总损失:1.890
------划分值:1.000,左节点损失:0.635,右节点损失:1.182,总损失:1.817
('----划分特征：', 319)
------划分值:1.000,左节点损失:0.758,右节点损失:1.082,总损失:1.840
------划分值:0.000,左节点损失:0.000,右节点损失:1.890,总损失:1.890
('----划分特征：', 320)
------划分值:1.000,左节点损失:1.029,右节点损失:0.843,总损失:1.872
------划分值:0.000,左节点损失:0.000,右节点损失:1.890,总损失:1.890
('----划分特征：', 321)
------划分值:1.000,左节点损失:1.249,右节点损失:0.638,总损失:1.887
------划分值:0.000,左节点损失:0.000,右节点损失:1.890,总损失:1.890
('----划分特征：', 322)
------划分值:0.000,左节点损失:0.000,右节点损失:1.890,总损失:1.890
------划分值:1.000,左节点损失:1.475,右节点损失:0.408,总损失:1.883
('----划分特征：', 323)
------划分值:0.000,左节点损失:0.000,右节点损失:1.890,总损失:1.890
------划分值:1.000,左节点损失:1.600,右节点损失:0.252,总损失:1.853
('----划分特征：', 324)
------划分值:0.000,左节点损失:0.000,右节点损失:1.890,总损失:1.890
------划分值:1.000,左节点损失:1.605,右节点损失:0.227,总损失:1.832
('----划分特征：', 325)
------划分值:0.000,左节点损失:0.000,右节点损失:1.890,总损失:1.890
------划分值:1.000,左节点损失:1.533,右节点损失:0.294,总损失:1.827
('----划分特征：', 326)
------划分值:0.000,左节点损失:0.000,右节点损失:1.890,总损失:1.890
------划分值:1.000,左节点损失:1.371,右节点损失:0.496,总损失:1.867
('----划分特征：', 327)
------划分值:0.000,左节点损失:0.000,右节点损失:1.890,总损失:1.890
------划分值:1.000,左节点损失:1.033,右节点损失:0.851,总损失:1.884
('----划分特征：', 328)
------划分值:0.000,左节点损失:0.000,右节点损失:1.890,总损失:1.890
------划分值:1.000,左节点损失:0.746,右节点损失:1.020,总损失:1.766
('----划分特征：', 329)
------划分值:0.000,左节点损失:0.000,右节点损失:1.890,总损失:1.890
------划分值:1.000,左节点损失:0.703,右节点损失:0.859,总损失:1.562
('----划分特征：', 330)
------划分值:0.000,左节点损失:0.000,右节点损失:1.890,总损失:1.890
------划分值:1.000,左节点损失:0.912,右节点损失:0.522,总损失:1.433
('----划分特征：', 331)
------划分值:0.000,左节点损失:0.000,右节点损失:1.890,总损失:1.890
------划分值:1.000,左节点损失:1.385,右节点损失:0.204,总损失:1.589
('----划分特征：', 332)
------划分值:0.000,左节点损失:0.000,右节点损失:1.890,总损失:1.890
------划分值:1.000,左节点损失:1.765,右节点损失:0.065,总损失:1.829
('----划分特征：', 333)
------划分值:0.000,左节点损失:0.000,右节点损失:1.890,总损失:1.890
------划分值:1.000,左节点损失:1.890,右节点损失:0.000,总损失:1.890
('----划分特征：', 334)
------划分值:0.000,左节点损失:0.000,右节点损失:1.890,总损失:1.890
------划分值:1.000,左节点损失:1.887,右节点损失:0.002,总损失:1.889
('----划分特征：', 335)
------划分值:0.000,左节点损失:0.000,右节点损失:1.890,总损失:1.890
('----划分特征：', 336)
------划分值:0.000,左节点损失:0.000,右节点损失:1.890,总损失:1.890
('----划分特征：', 337)
------划分值:0.000,左节点损失:0.000,右节点损失:1.890,总损失:1.890
------划分值:1.000,左节点损失:1.890,右节点损失:0.000,总损失:1.890
('----划分特征：', 338)
------划分值:0.000,左节点损失:0.000,右节点损失:1.890,总损失:1.890
------划分值:1.000,左节点损失:1.890,右节点损失:0.000,总损失:1.890
('----划分特征：', 339)
------划分值:0.000,左节点损失:0.000,右节点损失:1.890,总损失:1.890
------划分值:1.000,左节点损失:1.889,右节点损失:0.000,总损失:1.889
('----划分特征：', 340)
------划分值:0.000,左节点损失:0.000,右节点损失:1.890,总损失:1.890
------划分值:1.000,左节点损失:1.885,右节点损失:0.003,总损失:1.888
('----划分特征：', 341)
------划分值:0.000,左节点损失:0.000,右节点损失:1.890,总损失:1.890
------划分值:1.000,左节点损失:1.760,右节点损失:0.123,总损失:1.883
('----划分特征：', 342)
------划分值:0.000,左节点损失:0.000,右节点损失:1.890,总损失:1.890
------划分值:1.000,左节点损失:1.478,右节点损失:0.351,总损失:1.830
('----划分特征：', 343)
------划分值:0.000,左节点损失:0.000,右节点损失:1.890,总损失:1.890
------划分值:1.000,左节点损失:1.125,右节点损失:0.667,总损失:1.792
('----划分特征：', 344)
------划分值:0.000,左节点损失:0.000,右节点损失:1.890,总损失:1.890
------划分值:1.000,左节点损失:0.747,右节点损失:1.006,总损失:1.753
('----划分特征：', 345)
------划分值:0.000,左节点损失:0.000,右节点损失:1.890,总损失:1.890
------划分值:1.000,左节点损失:0.585,右节点损失:1.192,总损失:1.778
('----划分特征：', 346)
------划分值:0.000,左节点损失:0.000,右节点损失:1.890,总损失:1.890
------划分值:1.000,左节点损失:0.692,右节点损失:1.136,总损失:1.828
('----划分特征：', 347)
------划分值:0.000,左节点损失:0.000,右节点损失:1.890,总损失:1.890
------划分值:1.000,左节点损失:0.970,右节点损失:0.903,总损失:1.873
('----划分特征：', 348)
------划分值:1.000,左节点损失:1.284,右节点损失:0.606,总损失:1.890
------划分值:0.000,左节点损失:0.000,右节点损失:1.890,总损失:1.890
('----划分特征：', 349)
------划分值:1.000,左节点损失:1.490,右节点损失:0.388,总损失:1.878
------划分值:0.000,左节点损失:0.000,右节点损失:1.890,总损失:1.890
('----划分特征：', 350)
------划分值:0.000,左节点损失:0.000,右节点损失:1.890,总损失:1.890
------划分值:1.000,左节点损失:1.623,右节点损失:0.216,总损失:1.839
('----划分特征：', 351)
------划分值:0.000,左节点损失:0.000,右节点损失:1.890,总损失:1.890
------划分值:1.000,左节点损失:1.672,右节点损失:0.126,总损失:1.797
('----划分特征：', 352)
------划分值:0.000,左节点损失:0.000,右节点损失:1.890,总损失:1.890
------划分值:1.000,左节点损失:1.660,右节点损失:0.102,总损失:1.762
('----划分特征：', 353)
------划分值:0.000,左节点损失:0.000,右节点损失:1.890,总损失:1.890
------划分值:1.000,左节点损失:1.598,右节点损失:0.177,总损失:1.775
('----划分特征：', 354)
------划分值:0.000,左节点损失:0.000,右节点损失:1.890,总损失:1.890
------划分值:1.000,左节点损失:1.412,右节点损失:0.441,总损失:1.853
('----划分特征：', 355)
------划分值:0.000,左节点损失:0.000,右节点损失:1.890,总损失:1.890
------划分值:1.000,左节点损失:1.172,右节点损失:0.718,总损失:1.889
('----划分特征：', 356)
------划分值:0.000,左节点损失:0.000,右节点损失:1.890,总损失:1.890
------划分值:1.000,左节点损失:0.786,右节点损失:0.962,总损失:1.748
('----划分特征：', 357)
------划分值:0.000,左节点损失:0.000,右节点损失:1.890,总损失:1.890
------划分值:1.000,左节点损失:0.694,右节点损失:0.795,总损失:1.488
('----划分特征：', 358)
------划分值:0.000,左节点损失:0.000,右节点损失:1.890,总损失:1.890
------划分值:1.000,左节点损失:0.887,右节点损失:0.462,总损失:1.349
('----划分特征：', 359)
------划分值:0.000,左节点损失:0.000,右节点损失:1.890,总损失:1.890
------划分值:1.000,左节点损失:1.327,右节点损失:0.196,总损失:1.523
('----划分特征：', 360)
------划分值:0.000,左节点损失:0.000,右节点损失:1.890,总损失:1.890
------划分值:1.000,左节点损失:1.726,右节点损失:0.083,总损失:1.809
('----划分特征：', 361)
------划分值:0.000,左节点损失:0.000,右节点损失:1.890,总损失:1.890
------划分值:1.000,左节点损失:1.890,右节点损失:0.000,总损失:1.890
('----划分特征：', 362)
------划分值:0.000,左节点损失:0.000,右节点损失:1.890,总损失:1.890
------划分值:1.000,左节点损失:1.887,右节点损失:0.002,总损失:1.890
('----划分特征：', 363)
------划分值:0.000,左节点损失:0.000,右节点损失:1.890,总损失:1.890
('----划分特征：', 364)
------划分值:0.000,左节点损失:0.000,右节点损失:1.890,总损失:1.890
('----划分特征：', 365)
------划分值:0.000,左节点损失:0.000,右节点损失:1.890,总损失:1.890
------划分值:1.000,左节点损失:1.890,右节点损失:0.000,总损失:1.890
('----划分特征：', 366)
------划分值:0.000,左节点损失:0.000,右节点损失:1.890,总损失:1.890
------划分值:1.000,左节点损失:1.890,右节点损失:0.000,总损失:1.890
('----划分特征：', 367)
------划分值:0.000,左节点损失:0.000,右节点损失:1.890,总损失:1.890
------划分值:1.000,左节点损失:1.890,右节点损失:0.000,总损失:1.890
('----划分特征：', 368)
------划分值:0.000,左节点损失:0.000,右节点损失:1.890,总损失:1.890
------划分值:1.000,左节点损失:1.874,右节点损失:0.016,总损失:1.890
('----划分特征：', 369)
------划分值:0.000,左节点损失:0.000,右节点损失:1.890,总损失:1.890
------划分值:1.000,左节点损失:1.676,右节点损失:0.178,总损失:1.854
('----划分特征：', 370)
------划分值:0.000,左节点损失:0.000,右节点损失:1.890,总损失:1.890
------划分值:1.000,左节点损失:1.306,右节点损失:0.459,总损失:1.765
('----划分特征：', 371)
------划分值:0.000,左节点损失:0.000,右节点损失:1.890,总损失:1.890
------划分值:1.000,左节点损失:0.913,右节点损失:0.808,总损失:1.721
('----划分特征：', 372)
------划分值:0.000,左节点损失:0.000,右节点损失:1.890,总损失:1.890
------划分值:1.000,左节点损失:0.634,右节点损失:1.094,总损失:1.727
('----划分特征：', 373)
------划分值:0.000,左节点损失:0.000,右节点损失:1.890,总损失:1.890
------划分值:1.000,左节点损失:0.630,右节点损失:1.167,总损失:1.797
('----划分特征：', 374)
------划分值:0.000,左节点损失:0.000,右节点损失:1.890,总损失:1.890
------划分值:1.000,左节点损失:0.868,右节点损失:0.996,总损失:1.865
('----划分特征：', 375)
------划分值:0.000,左节点损失:0.000,右节点损失:1.890,总损失:1.890
------划分值:1.000,左节点损失:1.230,右节点损失:0.660,总损失:1.890
('----划分特征：', 376)
------划分值:0.000,左节点损失:0.000,右节点损失:1.890,总损失:1.890
------划分值:1.000,左节点损失:1.483,右节点损失:0.388,总损失:1.870
('----划分特征：', 377)
------划分值:1.000,左节点损失:1.650,右节点损失:0.163,总损失:1.813
------划分值:0.000,左节点损失:0.000,右节点损失:1.890,总损失:1.890
('----划分特征：', 378)
------划分值:1.000,左节点损失:1.684,右节点损失:0.074,总损失:1.757
------划分值:0.000,左节点损失:0.000,右节点损失:1.890,总损失:1.890
('----划分特征：', 379)
------划分值:1.000,左节点损失:1.677,右节点损失:0.032,总损失:1.709
------划分值:0.000,左节点损失:0.000,右节点损失:1.890,总损失:1.890
('----划分特征：', 380)
------划分值:0.000,左节点损失:0.000,右节点损失:1.890,总损失:1.890
------划分值:1.000,左节点损失:1.644,右节点损失:0.042,总损失:1.686
('----划分特征：', 381)
------划分值:0.000,左节点损失:0.000,右节点损失:1.890,总损失:1.890
------划分值:1.000,左节点损失:1.587,右节点损失:0.150,总损失:1.737
('----划分特征：', 382)
------划分值:0.000,左节点损失:0.000,右节点损失:1.890,总损失:1.890
------划分值:1.000,左节点损失:1.449,右节点损失:0.393,总损失:1.842
('----划分特征：', 383)
------划分值:0.000,左节点损失:0.000,右节点损失:1.890,总损失:1.890
------划分值:1.000,左节点损失:1.184,右节点损失:0.704,总损失:1.888
('----划分特征：', 384)
------划分值:0.000,左节点损失:0.000,右节点损失:1.890,总损失:1.890
------划分值:1.000,左节点损失:0.819,右节点损失:0.921,总损失:1.739
('----划分特征：', 385)
------划分值:0.000,左节点损失:0.000,右节点损失:1.890,总损失:1.890
------划分值:1.000,左节点损失:0.710,右节点损失:0.772,总损失:1.482
('----划分特征：', 386)
------划分值:0.000,左节点损失:0.000,右节点损失:1.890,总损失:1.890
------划分值:1.000,左节点损失:0.880,右节点损失:0.489,总损失:1.369
('----划分特征：', 387)
------划分值:0.000,左节点损失:0.000,右节点损失:1.890,总损失:1.890
------划分值:1.000,左节点损失:1.302,右节点损失:0.250,总损失:1.552
('----划分特征：', 388)
------划分值:0.000,左节点损失:0.000,右节点损失:1.890,总损失:1.890
------划分值:1.000,左节点损失:1.708,右节点损失:0.098,总损失:1.806
('----划分特征：', 389)
------划分值:0.000,左节点损失:0.000,右节点损失:1.890,总损失:1.890
------划分值:1.000,左节点损失:1.890,右节点损失:0.000,总损失:1.890
('----划分特征：', 390)
------划分值:0.000,左节点损失:0.000,右节点损失:1.890,总损失:1.890
('----划分特征：', 391)
------划分值:0.000,左节点损失:0.000,右节点损失:1.890,总损失:1.890
('----划分特征：', 392)
------划分值:0.000,左节点损失:0.000,右节点损失:1.890,总损失:1.890
('----划分特征：', 393)
------划分值:0.000,左节点损失:0.000,右节点损失:1.890,总损失:1.890
('----划分特征：', 394)
------划分值:0.000,左节点损失:0.000,右节点损失:1.890,总损失:1.890
------划分值:1.000,左节点损失:1.890,右节点损失:0.000,总损失:1.890
('----划分特征：', 395)
------划分值:0.000,左节点损失:0.000,右节点损失:1.890,总损失:1.890
------划分值:1.000,左节点损失:1.890,右节点损失:0.000,总损失:1.890
('----划分特征：', 396)
------划分值:0.000,左节点损失:0.000,右节点损失:1.890,总损失:1.890
------划分值:1.000,左节点损失:1.854,右节点损失:0.034,总损失:1.888
('----划分特征：', 397)
------划分值:0.000,左节点损失:0.000,右节点损失:1.890,总损失:1.890
------划分值:1.000,左节点损失:1.531,右节点损失:0.240,总损失:1.771
('----划分特征：', 398)
------划分值:0.000,左节点损失:0.000,右节点损失:1.890,总损失:1.890
------划分值:1.000,左节点损失:1.137,右节点损失:0.551,总损失:1.688
('----划分特征：', 399)
------划分值:0.000,左节点损失:0.000,右节点损失:1.890,总损失:1.890
------划分值:1.000,左节点损失:0.753,右节点损失:0.911,总损失:1.664
('----划分特征：', 400)
------划分值:0.000,左节点损失:0.000,右节点损失:1.890,总损失:1.890
------划分值:1.000,左节点损失:0.585,右节点损失:1.132,总损失:1.717
('----划分特征：', 401)
------划分值:0.000,左节点损失:0.000,右节点损失:1.890,总损失:1.890
------划分值:1.000,左节点损失:0.728,右节点损失:1.096,总损失:1.824
('----划分特征：', 402)
------划分值:0.000,左节点损失:0.000,右节点损失:1.890,总损失:1.890
------划分值:1.000,左节点损失:1.090,右节点损失:0.798,总损失:1.887
('----划分特征：', 403)
------划分值:0.000,左节点损失:0.000,右节点损失:1.890,总损失:1.890
------划分值:1.000,左节点损失:1.434,右节点损失:0.437,总损失:1.871
('----划分特征：', 404)
------划分值:0.000,左节点损失:0.000,右节点损失:1.890,总损失:1.890
------划分值:1.000,左节点损失:1.617,右节点损失:0.200,总损失:1.817
('----划分特征：', 405)
------划分值:0.000,左节点损失:0.000,右节点损失:1.890,总损失:1.890
------划分值:1.000,左节点损失:1.664,右节点损失:0.074,总损失:1.738
('----划分特征：', 406)
------划分值:1.000,左节点损失:1.661,右节点损失:0.018,总损失:1.679
------划分值:0.000,左节点损失:0.000,右节点损失:1.890,总损失:1.890
('----划分特征：', 407)
------划分值:1.000,左节点损失:1.616,右节点损失:0.007,总损失:1.623
------划分值:0.000,左节点损失:0.000,右节点损失:1.890,总损失:1.890
('----划分特征：', 408)
------划分值:1.000,左节点损失:1.612,右节点损失:0.028,总损失:1.640
------划分值:0.000,左节点损失:0.000,右节点损失:1.890,总损失:1.890
('----划分特征：', 409)
------划分值:0.000,左节点损失:0.000,右节点损失:1.890,总损失:1.890
------划分值:1.000,左节点损失:1.561,右节点损失:0.171,总损失:1.731
('----划分特征：', 410)
------划分值:0.000,左节点损失:0.000,右节点损失:1.890,总损失:1.890
------划分值:1.000,左节点损失:1.406,右节点损失:0.450,总损失:1.856
('----划分特征：', 411)
------划分值:0.000,左节点损失:0.000,右节点损失:1.890,总损失:1.890
------划分值:1.000,左节点损失:1.133,右节点损失:0.749,总损失:1.883
('----划分特征：', 412)
------划分值:0.000,左节点损失:0.000,右节点损失:1.890,总损失:1.890
------划分值:1.000,左节点损失:0.847,右节点损失:0.901,总损失:1.748
('----划分特征：', 413)
------划分值:0.000,左节点损失:0.000,右节点损失:1.890,总损失:1.890
------划分值:1.000,左节点损失:0.723,右节点损失:0.791,总损失:1.514
('----划分特征：', 414)
------划分值:0.000,左节点损失:0.000,右节点损失:1.890,总损失:1.890
------划分值:1.000,左节点损失:0.947,右节点损失:0.505,总损失:1.452
('----划分特征：', 415)
------划分值:0.000,左节点损失:0.000,右节点损失:1.890,总损失:1.890
------划分值:1.000,左节点损失:1.311,右节点损失:0.277,总损失:1.588
('----划分特征：', 416)
------划分值:0.000,左节点损失:0.000,右节点损失:1.890,总损失:1.890
------划分值:1.000,左节点损失:1.723,右节点损失:0.098,总损失:1.821
('----划分特征：', 417)
------划分值:0.000,左节点损失:0.000,右节点损失:1.890,总损失:1.890
------划分值:1.000,左节点损失:1.887,右节点损失:0.003,总损失:1.890
('----划分特征：', 418)
------划分值:0.000,左节点损失:0.000,右节点损失:1.890,总损失:1.890
('----划分特征：', 419)
------划分值:0.000,左节点损失:0.000,右节点损失:1.890,总损失:1.890
('----划分特征：', 420)
------划分值:0.000,左节点损失:0.000,右节点损失:1.890,总损失:1.890
('----划分特征：', 421)
------划分值:0.000,左节点损失:0.000,右节点损失:1.890,总损失:1.890
('----划分特征：', 422)
------划分值:0.000,左节点损失:0.000,右节点损失:1.890,总损失:1.890
------划分值:1.000,左节点损失:1.890,右节点损失:0.000,总损失:1.890
('----划分特征：', 423)
------划分值:0.000,左节点损失:0.000,右节点损失:1.890,总损失:1.890
------划分值:1.000,左节点损失:1.890,右节点损失:0.000,总损失:1.890
('----划分特征：', 424)
------划分值:0.000,左节点损失:0.000,右节点损失:1.890,总损失:1.890
------划分值:1.000,左节点损失:1.822,右节点损失:0.055,总损失:1.878
('----划分特征：', 425)
------划分值:0.000,左节点损失:0.000,右节点损失:1.890,总损失:1.890
------划分值:1.000,左节点损失:1.419,右节点损失:0.298,总损失:1.718
('----划分特征：', 426)
------划分值:0.000,左节点损失:0.000,右节点损失:1.890,总损失:1.890
------划分值:1.000,左节点损失:0.961,右节点损失:0.644,总损失:1.605
('----划分特征：', 427)
------划分值:0.000,左节点损失:0.000,右节点损失:1.890,总损失:1.890
------划分值:1.000,左节点损失:0.623,右节点损失:0.972,总损失:1.596
('----划分特征：', 428)
------划分值:0.000,左节点损失:0.000,右节点损失:1.890,总损失:1.890
------划分值:1.000,左节点损失:0.585,右节点损失:1.128,总损失:1.712
('----划分特征：', 429)
------划分值:0.000,左节点损失:0.000,右节点损失:1.890,总损失:1.890
------划分值:1.000,左节点损失:0.872,右节点损失:0.978,总损失:1.851
('----划分特征：', 430)
------划分值:0.000,左节点损失:0.000,右节点损失:1.890,总损失:1.890
------划分值:1.000,左节点损失:1.288,右节点损失:0.600,总损失:1.888
('----划分特征：', 431)
------划分值:0.000,左节点损失:0.000,右节点损失:1.890,总损失:1.890
------划分值:1.000,左节点损失:1.565,右节点损失:0.273,总损失:1.838
('----划分特征：', 432)
------划分值:0.000,左节点损失:0.000,右节点损失:1.890,总损失:1.890
------划分值:1.000,左节点损失:1.674,右节点损失:0.095,总损失:1.769
('----划分特征：', 433)
------划分值:0.000,左节点损失:0.000,右节点损失:1.890,总损失:1.890
------划分值:1.000,左节点损失:1.664,右节点损失:0.032,总损失:1.696
('----划分特征：', 434)
------划分值:0.000,左节点损失:0.000,右节点损失:1.890,总损失:1.890
------划分值:1.000,左节点损失:1.644,右节点损失:0.011,总损失:1.655
('----划分特征：', 435)
------划分值:1.000,左节点损失:1.614,右节点损失:0.014,总损失:1.628
------划分值:0.000,左节点损失:0.000,右节点损失:1.890,总损失:1.890
('----划分特征：', 436)
------划分值:1.000,左节点损失:1.616,右节点损失:0.056,总损失:1.672
------划分值:0.000,左节点损失:0.000,右节点损失:1.890,总损失:1.890
('----划分特征：', 437)
------划分值:1.000,左节点损失:1.514,右节点损失:0.262,总损失:1.777
------划分值:0.000,左节点损失:0.000,右节点损失:1.890,总损失:1.890
('----划分特征：', 438)
------划分值:1.000,左节点损失:1.331,右节点损失:0.545,总损失:1.876
------划分值:0.000,左节点损失:0.000,右节点损失:1.890,总损失:1.890
('----划分特征：', 439)
------划分值:0.000,左节点损失:0.000,右节点损失:1.890,总损失:1.890
------划分值:1.000,左节点损失:1.010,右节点损失:0.853,总损失:1.863
('----划分特征：', 440)
------划分值:0.000,左节点损失:0.000,右节点损失:1.890,总损失:1.890
------划分值:1.000,左节点损失:0.793,右节点损失:0.937,总损失:1.730
('----划分特征：', 441)
------划分值:0.000,左节点损失:0.000,右节点损失:1.890,总损失:1.890
------划分值:1.000,左节点损失:0.819,右节点损失:0.782,总损失:1.601
('----划分特征：', 442)
------划分值:0.000,左节点损失:0.000,右节点损失:1.890,总损失:1.890
------划分值:1.000,左节点损失:1.063,右节点损失:0.520,总损失:1.584
('----划分特征：', 443)
------划分值:0.000,左节点损失:0.000,右节点损失:1.890,总损失:1.890
------划分值:1.000,左节点损失:1.396,右节点损失:0.275,总损失:1.671
('----划分特征：', 444)
------划分值:0.000,左节点损失:0.000,右节点损失:1.890,总损失:1.890
------划分值:1.000,左节点损失:1.740,右节点损失:0.099,总损失:1.839
('----划分特征：', 445)
------划分值:0.000,左节点损失:0.000,右节点损失:1.890,总损失:1.890
------划分值:1.000,左节点损失:1.887,右节点损失:0.003,总损失:1.890
('----划分特征：', 446)
------划分值:0.000,左节点损失:0.000,右节点损失:1.890,总损失:1.890
------划分值:1.000,左节点损失:1.890,右节点损失:0.000,总损失:1.890
('----划分特征：', 447)
------划分值:0.000,左节点损失:0.000,右节点损失:1.890,总损失:1.890
('----划分特征：', 448)
------划分值:0.000,左节点损失:0.000,右节点损失:1.890,总损失:1.890
('----划分特征：', 449)
------划分值:0.000,左节点损失:0.000,右节点损失:1.890,总损失:1.890
('----划分特征：', 450)
------划分值:0.000,左节点损失:0.000,右节点损失:1.890,总损失:1.890
------划分值:1.000,左节点损失:1.890,右节点损失:0.000,总损失:1.890
('----划分特征：', 451)
------划分值:0.000,左节点损失:0.000,右节点损失:1.890,总损失:1.890
------划分值:1.000,左节点损失:1.890,右节点损失:0.000,总损失:1.890
('----划分特征：', 452)
------划分值:0.000,左节点损失:0.000,右节点损失:1.890,总损失:1.890
------划分值:1.000,左节点损失:1.790,右节点损失:0.080,总损失:1.870
('----划分特征：', 453)
------划分值:0.000,左节点损失:0.000,右节点损失:1.890,总损失:1.890
------划分值:1.000,左节点损失:1.331,右节点损失:0.360,总损失:1.690
('----划分特征：', 454)
------划分值:0.000,左节点损失:0.000,右节点损失:1.890,总损失:1.890
------划分值:1.000,左节点损失:0.881,右节点损失:0.698,总损失:1.579
('----划分特征：', 455)
------划分值:0.000,左节点损失:0.000,右节点损失:1.890,总损失:1.890
------划分值:1.000,左节点损失:0.581,右节点损失:0.991,总损失:1.572
('----划分特征：', 456)
------划分值:0.000,左节点损失:0.000,右节点损失:1.890,总损失:1.890
------划分值:1.000,左节点损失:0.644,右节点损失:1.076,总损失:1.720
('----划分特征：', 457)
------划分值:0.000,左节点损失:0.000,右节点损失:1.890,总损失:1.890
------划分值:1.000,左节点损失:1.024,右节点损失:0.843,总损失:1.867
('----划分特征：', 458)
------划分值:0.000,左节点损失:0.000,右节点损失:1.890,总损失:1.890
------划分值:1.000,左节点损失:1.462,右节点损失:0.415,总损失:1.877
('----划分特征：', 459)
------划分值:0.000,左节点损失:0.000,右节点损失:1.890,总损失:1.890
------划分值:1.000,左节点损失:1.661,右节点损失:0.159,总损失:1.820
('----划分特征：', 460)
------划分值:0.000,左节点损失:0.000,右节点损失:1.890,总损失:1.890
------划分值:1.000,左节点损失:1.701,右节点损失:0.070,总损失:1.771
('----划分特征：', 461)
------划分值:0.000,左节点损失:0.000,右节点损失:1.890,总损失:1.890
------划分值:1.000,左节点损失:1.702,右节点损失:0.018,总损失:1.720
('----划分特征：', 462)
------划分值:0.000,左节点损失:0.000,右节点损失:1.890,总损失:1.890
------划分值:1.000,左节点损失:1.665,右节点损失:0.014,总损失:1.679
('----划分特征：', 463)
------划分值:0.000,左节点损失:0.000,右节点损失:1.890,总损失:1.890
------划分值:1.000,左节点损失:1.643,右节点损失:0.039,总损失:1.682
('----划分特征：', 464)
------划分值:0.000,左节点损失:0.000,右节点损失:1.890,总损失:1.890
------划分值:1.000,左节点损失:1.593,右节点损失:0.147,总损失:1.740
('----划分特征：', 465)
------划分值:1.000,左节点损失:1.434,右节点损失:0.400,总损失:1.834
------划分值:0.000,左节点损失:0.000,右节点损失:1.890,总损失:1.890
('----划分特征：', 466)
------划分值:1.000,左节点损失:1.169,右节点损失:0.721,总损失:1.890
------划分值:0.000,左节点损失:0.000,右节点损失:1.890,总损失:1.890
('----划分特征：', 467)
------划分值:1.000,左节点损失:0.881,右节点损失:0.954,总损失:1.836
------划分值:0.000,左节点损失:0.000,右节点损失:1.890,总损失:1.890
('----划分特征：', 468)
------划分值:0.000,左节点损失:0.000,右节点损失:1.890,总损失:1.890
------划分值:1.000,左节点损失:0.761,右节点损失:0.962,总损失:1.723
('----划分特征：', 469)
------划分值:0.000,左节点损失:0.000,右节点损失:1.890,总损失:1.890
------划分值:1.000,左节点损失:0.899,右节点损失:0.751,总损失:1.650
('----划分特征：', 470)
------划分值:0.000,左节点损失:0.000,右节点损失:1.890,总损失:1.890
------划分值:1.000,左节点损失:1.153,右节点损失:0.507,总损失:1.660
('----划分特征：', 471)
------划分值:0.000,左节点损失:0.000,右节点损失:1.890,总损失:1.890
------划分值:1.000,左节点损失:1.477,右节点损失:0.266,总损失:1.743
('----划分特征：', 472)
------划分值:0.000,左节点损失:0.000,右节点损失:1.890,总损失:1.890
------划分值:1.000,左节点损失:1.783,右节点损失:0.087,总损失:1.870
('----划分特征：', 473)
------划分值:0.000,左节点损失:0.000,右节点损失:1.890,总损失:1.890
------划分值:1.000,左节点损失:1.889,右节点损失:0.000,总损失:1.889
('----划分特征：', 474)
------划分值:0.000,左节点损失:0.000,右节点损失:1.890,总损失:1.890
------划分值:1.000,左节点损失:1.890,右节点损失:0.000,总损失:1.890
('----划分特征：', 475)
------划分值:0.000,左节点损失:0.000,右节点损失:1.890,总损失:1.890
('----划分特征：', 476)
------划分值:0.000,左节点损失:0.000,右节点损失:1.890,总损失:1.890
('----划分特征：', 477)
------划分值:0.000,左节点损失:0.000,右节点损失:1.890,总损失:1.890
('----划分特征：', 478)
------划分值:0.000,左节点损失:0.000,右节点损失:1.890,总损失:1.890
------划分值:1.000,左节点损失:1.890,右节点损失:0.000,总损失:1.890
('----划分特征：', 479)
------划分值:0.000,左节点损失:0.000,右节点损失:1.890,总损失:1.890
------划分值:1.000,左节点损失:1.889,右节点损失:0.000,总损失:1.889
('----划分特征：', 480)
------划分值:0.000,左节点损失:0.000,右节点损失:1.890,总损失:1.890
------划分值:1.000,左节点损失:1.768,右节点损失:0.101,总损失:1.870
('----划分特征：', 481)
------划分值:0.000,左节点损失:0.000,右节点损失:1.890,总损失:1.890
------划分值:1.000,左节点损失:1.253,右节点损失:0.420,总损失:1.673
('----划分特征：', 482)
------划分值:0.000,左节点损失:0.000,右节点损失:1.890,总损失:1.890
------划分值:1.000,左节点损失:0.804,右节点损失:0.722,总损失:1.526
('----划分特征：', 483)
------划分值:0.000,左节点损失:0.000,右节点损失:1.890,总损失:1.890
------划分值:1.000,左节点损失:0.568,右节点损失:0.988,总损失:1.556
('----划分特征：', 484)
------划分值:0.000,左节点损失:0.000,右节点损失:1.890,总损失:1.890
------划分值:1.000,左节点损失:0.687,右节点损失:1.021,总损失:1.708
('----划分特征：', 485)
------划分值:0.000,左节点损失:0.000,右节点损失:1.890,总损失:1.890
------划分值:1.000,左节点损失:1.083,右节点损失:0.781,总损失:1.864
('----划分特征：', 486)
------划分值:0.000,左节点损失:0.000,右节点损失:1.890,总损失:1.890
------划分值:1.000,左节点损失:1.528,右节点损失:0.349,总损失:1.878
('----划分特征：', 487)
------划分值:0.000,左节点损失:0.000,右节点损失:1.890,总损失:1.890
------划分值:1.000,左节点损失:1.673,右节点损失:0.162,总损失:1.835
('----划分特征：', 488)
------划分值:0.000,左节点损失:0.000,右节点损失:1.890,总损失:1.890
------划分值:1.000,左节点损失:1.721,右节点损失:0.081,总损失:1.801
('----划分特征：', 489)
------划分值:0.000,左节点损失:0.000,右节点损失:1.890,总损失:1.890
------划分值:1.000,左节点损失:1.719,右节点损失:0.046,总损失:1.765
('----划分特征：', 490)
------划分值:0.000,左节点损失:0.000,右节点损失:1.890,总损失:1.890
------划分值:1.000,左节点损失:1.669,右节点损失:0.070,总损失:1.739
('----划分特征：', 491)
------划分值:0.000,左节点损失:0.000,右节点损失:1.890,总损失:1.890
------划分值:1.000,左节点损失:1.603,右节点损失:0.160,总损失:1.764
('----划分特征：', 492)
------划分值:0.000,左节点损失:0.000,右节点损失:1.890,总损失:1.890
------划分值:1.000,左节点损失:1.500,右节点损失:0.318,总损失:1.819
('----划分特征：', 493)
------划分值:1.000,左节点损失:1.261,右节点损失:0.620,总损失:1.881
------划分值:0.000,左节点损失:0.000,右节点损失:1.890,总损失:1.890
('----划分特征：', 494)
------划分值:1.000,左节点损失:0.945,右节点损失:0.927,总损失:1.873
------划分值:0.000,左节点损失:0.000,右节点损失:1.890,总损失:1.890
('----划分特征：', 495)
------划分值:1.000,左节点损失:0.779,右节点损失:1.020,总损失:1.800
------划分值:0.000,左节点损失:0.000,右节点损失:1.890,总损失:1.890
('----划分特征：', 496)
------划分值:0.000,左节点损失:0.000,右节点损失:1.890,总损失:1.890
------划分值:1.000,左节点损失:0.784,右节点损失:0.947,总损失:1.730
('----划分特征：', 497)
------划分值:0.000,左节点损失:0.000,右节点损失:1.890,总损失:1.890
------划分值:1.000,左节点损失:1.019,右节点损失:0.697,总损失:1.716
('----划分特征：', 498)
------划分值:0.000,左节点损失:0.000,右节点损失:1.890,总损失:1.890
------划分值:1.000,左节点损失:1.289,右节点损失:0.454,总损失:1.742
('----划分特征：', 499)
------划分值:0.000,左节点损失:0.000,右节点损失:1.890,总损失:1.890
------划分值:1.000,左节点损失:1.614,右节点损失:0.214,总损失:1.828
('----划分特征：', 500)
------划分值:0.000,左节点损失:0.000,右节点损失:1.890,总损失:1.890
------划分值:1.000,左节点损失:1.800,右节点损失:0.081,总损失:1.881
('----划分特征：', 501)
------划分值:0.000,左节点损失:0.000,右节点损失:1.890,总损失:1.890
------划分值:1.000,左节点损失:1.889,右节点损失:0.000,总损失:1.889
('----划分特征：', 502)
------划分值:0.000,左节点损失:0.000,右节点损失:1.890,总损失:1.890
------划分值:1.000,左节点损失:1.890,右节点损失:0.000,总损失:1.890
('----划分特征：', 503)
------划分值:0.000,左节点损失:0.000,右节点损失:1.890,总损失:1.890
('----划分特征：', 504)
------划分值:0.000,左节点损失:0.000,右节点损失:1.890,总损失:1.890
('----划分特征：', 505)
------划分值:0.000,左节点损失:0.000,右节点损失:1.890,总损失:1.890
('----划分特征：', 506)
------划分值:0.000,左节点损失:0.000,右节点损失:1.890,总损失:1.890
------划分值:1.000,左节点损失:1.890,右节点损失:0.000,总损失:1.890
('----划分特征：', 507)
------划分值:0.000,左节点损失:0.000,右节点损失:1.890,总损失:1.890
------划分值:1.000,左节点损失:1.889,右节点损失:0.000,总损失:1.889
('----划分特征：', 508)
------划分值:0.000,左节点损失:0.000,右节点损失:1.890,总损失:1.890
------划分值:1.000,左节点损失:1.737,右节点损失:0.136,总损失:1.873
('----划分特征：', 509)
------划分值:0.000,左节点损失:0.000,右节点损失:1.890,总损失:1.890
------划分值:1.000,左节点损失:1.307,右节点损失:0.430,总损失:1.737
('----划分特征：', 510)
------划分值:0.000,左节点损失:0.000,右节点损失:1.890,总损失:1.890
------划分值:1.000,左节点损失:0.804,右节点损失:0.756,总损失:1.560
('----划分特征：', 511)
------划分值:0.000,左节点损失:0.000,右节点损失:1.890,总损失:1.890
------划分值:1.000,左节点损失:0.528,右节点损失:0.998,总损失:1.526
('----划分特征：', 512)
------划分值:0.000,左节点损失:0.000,右节点损失:1.890,总损失:1.890
------划分值:1.000,左节点损失:0.671,右节点损失:0.999,总损失:1.670
('----划分特征：', 513)
------划分值:0.000,左节点损失:0.000,右节点损失:1.890,总损失:1.890
------划分值:1.000,左节点损失:1.070,右节点损失:0.779,总损失:1.849
('----划分特征：', 514)
------划分值:0.000,左节点损失:0.000,右节点损失:1.890,总损失:1.890
------划分值:1.000,左节点损失:1.453,右节点损失:0.434,总损失:1.887
('----划分特征：', 515)
------划分值:0.000,左节点损失:0.000,右节点损失:1.890,总损失:1.890
------划分值:1.000,左节点损失:1.647,右节点损失:0.205,总损失:1.853
('----划分特征：', 516)
------划分值:0.000,左节点损失:0.000,右节点损失:1.890,总损失:1.890
------划分值:1.000,左节点损失:1.691,右节点损失:0.139,总损失:1.830
('----划分特征：', 517)
------划分值:0.000,左节点损失:0.000,右节点损失:1.890,总损失:1.890
------划分值:1.000,左节点损失:1.675,右节点损失:0.126,总损失:1.800
('----划分特征：', 518)
------划分值:0.000,左节点损失:0.000,右节点损失:1.890,总损失:1.890
------划分值:1.000,左节点损失:1.603,右节点损失:0.191,总损失:1.794
('----划分特征：', 519)
------划分值:1.000,左节点损失:1.442,右节点损失:0.393,总损失:1.835
------划分值:0.000,左节点损失:0.000,右节点损失:1.890,总损失:1.890
('----划分特征：', 520)
------划分值:1.000,左节点损失:1.264,右节点损失:0.613,总损失:1.877
------划分值:0.000,左节点损失:0.000,右节点损失:1.890,总损失:1.890
('----划分特征：', 521)
------划分值:1.000,左节点损失:0.942,右节点损失:0.940,总损失:1.883
------划分值:0.000,左节点损失:0.000,右节点损失:1.890,总损失:1.890
('----划分特征：', 522)
------划分值:1.000,左节点损失:0.749,右节点损失:1.087,总损失:1.836
------划分值:0.000,左节点损失:0.000,右节点损失:1.890,总损失:1.890
('----划分特征：', 523)
------划分值:1.000,左节点损失:0.716,右节点损失:1.057,总损失:1.773
------划分值:0.000,左节点损失:0.000,右节点损失:1.890,总损失:1.890
('----划分特征：', 524)
------划分值:0.000,左节点损失:0.000,右节点损失:1.890,总损失:1.890
------划分值:1.000,左节点损失:0.949,右节点损失:0.825,总损失:1.774
('----划分特征：', 525)
------划分值:0.000,左节点损失:0.000,右节点损失:1.890,总损失:1.890
------划分值:1.000,左节点损失:1.198,右节点损失:0.590,总损失:1.788
('----划分特征：', 526)
------划分值:0.000,左节点损失:0.000,右节点损失:1.890,总损失:1.890
------划分值:1.000,左节点损失:1.494,右节点损失:0.339,总损失:1.833
('----划分特征：', 527)
------划分值:0.000,左节点损失:0.000,右节点损失:1.890,总损失:1.890
------划分值:1.000,左节点损失:1.731,右节点损失:0.144,总损失:1.875
('----划分特征：', 528)
------划分值:0.000,左节点损失:0.000,右节点损失:1.890,总损失:1.890
------划分值:1.000,左节点损失:1.856,右节点损失:0.034,总损失:1.890
('----划分特征：', 529)
------划分值:0.000,左节点损失:0.000,右节点损失:1.890,总损失:1.890
------划分值:1.000,左节点损失:1.889,右节点损失:0.000,总损失:1.889
('----划分特征：', 530)
------划分值:0.000,左节点损失:0.000,右节点损失:1.890,总损失:1.890
------划分值:1.000,左节点损失:1.890,右节点损失:0.000,总损失:1.890
('----划分特征：', 531)
------划分值:0.000,左节点损失:0.000,右节点损失:1.890,总损失:1.890
------划分值:1.000,左节点损失:1.890,右节点损失:0.000,总损失:1.890
('----划分特征：', 532)
------划分值:0.000,左节点损失:0.000,右节点损失:1.890,总损失:1.890
('----划分特征：', 533)
------划分值:0.000,左节点损失:0.000,右节点损失:1.890,总损失:1.890
('----划分特征：', 534)
------划分值:0.000,左节点损失:0.000,右节点损失:1.890,总损失:1.890
------划分值:1.000,左节点损失:1.890,右节点损失:0.000,总损失:1.890
('----划分特征：', 535)
------划分值:0.000,左节点损失:0.000,右节点损失:1.890,总损失:1.890
------划分值:1.000,左节点损失:1.882,右节点损失:0.007,总损失:1.889
('----划分特征：', 536)
------划分值:0.000,左节点损失:0.000,右节点损失:1.890,总损失:1.890
------划分值:1.000,左节点损失:1.748,右节点损失:0.134,总损失:1.882
('----划分特征：', 537)
------划分值:0.000,左节点损失:0.000,右节点损失:1.890,总损失:1.890
------划分值:1.000,左节点损失:1.321,右节点损失:0.455,总损失:1.777
('----划分特征：', 538)
------划分值:0.000,左节点损失:0.000,右节点损失:1.890,总损失:1.890
------划分值:1.000,左节点损失:0.864,右节点损失:0.779,总损失:1.643
('----划分特征：', 539)
------划分值:0.000,左节点损失:0.000,右节点损失:1.890,总损失:1.890
------划分值:1.000,左节点损失:0.534,右节点损失:1.028,总损失:1.562
('----划分特征：', 540)
------划分值:0.000,左节点损失:0.000,右节点损失:1.890,总损失:1.890
------划分值:1.000,左节点损失:0.602,右节点损失:1.063,总损失:1.665
('----划分特征：', 541)
------划分值:0.000,左节点损失:0.000,右节点损失:1.890,总损失:1.890
------划分值:1.000,左节点损失:0.906,右节点损失:0.915,总损失:1.821
('----划分特征：', 542)
------划分值:0.000,左节点损失:0.000,右节点损失:1.890,总损失:1.890
------划分值:1.000,左节点损失:1.241,右节点损失:0.647,总损失:1.888
('----划分特征：', 543)
------划分值:0.000,左节点损失:0.000,右节点损失:1.890,总损失:1.890
------划分值:1.000,左节点损失:1.434,右节点损失:0.448,总损失:1.882
('----划分特征：', 544)
------划分值:0.000,左节点损失:0.000,右节点损失:1.890,总损失:1.890
------划分值:1.000,左节点损失:1.485,右节点损失:0.379,总损失:1.864
('----划分特征：', 545)
------划分值:1.000,左节点损失:1.440,右节点损失:0.417,总损失:1.857
------划分值:0.000,左节点损失:0.000,右节点损失:1.890,总损失:1.890
('----划分特征：', 546)
------划分值:1.000,左节点损失:1.314,右节点损失:0.549,总损失:1.863
------划分值:0.000,左节点损失:0.000,右节点损失:1.890,总损失:1.890
('----划分特征：', 547)
------划分值:1.000,左节点损失:1.124,右节点损失:0.762,总损失:1.886
------划分值:0.000,左节点损失:0.000,右节点损失:1.890,总损失:1.890
('----划分特征：', 548)
------划分值:1.000,左节点损失:0.860,右节点损失:1.021,总损失:1.881
------划分值:0.000,左节点损失:0.000,右节点损失:1.890,总损失:1.890
('----划分特征：', 549)
------划分值:1.000,左节点损失:0.705,右节点损失:1.143,总损失:1.848
------划分值:0.000,左节点损失:0.000,右节点损失:1.890,总损失:1.890
('----划分特征：', 550)
------划分值:1.000,左节点损失:0.678,右节点损失:1.131,总损失:1.809
------划分值:0.000,左节点损失:0.000,右节点损失:1.890,总损失:1.890
('----划分特征：', 551)
------划分值:1.000,左节点损失:0.854,右节点损失:0.947,总损失:1.800
------划分值:0.000,左节点损失:0.000,右节点损失:1.890,总损失:1.890
('----划分特征：', 552)
------划分值:0.000,左节点损失:0.000,右节点损失:1.890,总损失:1.890
------划分值:1.000,左节点损失:1.148,右节点损失:0.675,总损失:1.823
('----划分特征：', 553)
------划分值:0.000,左节点损失:0.000,右节点损失:1.890,总损失:1.890
------划分值:1.000,左节点损失:1.387,右节点损失:0.451,总损失:1.838
('----划分特征：', 554)
------划分值:0.000,左节点损失:0.000,右节点损失:1.890,总损失:1.890
------划分值:1.000,左节点损失:1.666,右节点损失:0.210,总损失:1.876
('----划分特征：', 555)
------划分值:0.000,左节点损失:0.000,右节点损失:1.890,总损失:1.890
------划分值:1.000,左节点损失:1.795,右节点损失:0.091,总损失:1.887
('----划分特征：', 556)
------划分值:0.000,左节点损失:0.000,右节点损失:1.890,总损失:1.890
------划分值:1.000,左节点损失:1.877,右节点损失:0.013,总损失:1.890
('----划分特征：', 557)
------划分值:0.000,左节点损失:0.000,右节点损失:1.890,总损失:1.890
------划分值:1.000,左节点损失:1.890,右节点损失:0.000,总损失:1.890
('----划分特征：', 558)
------划分值:0.000,左节点损失:0.000,右节点损失:1.890,总损失:1.890
('----划分特征：', 559)
------划分值:0.000,左节点损失:0.000,右节点损失:1.890,总损失:1.890
('----划分特征：', 560)
------划分值:0.000,左节点损失:0.000,右节点损失:1.890,总损失:1.890
('----划分特征：', 561)
------划分值:0.000,左节点损失:0.000,右节点损失:1.890,总损失:1.890
('----划分特征：', 562)
------划分值:0.000,左节点损失:0.000,右节点损失:1.890,总损失:1.890
------划分值:1.000,左节点损失:1.890,右节点损失:0.000,总损失:1.890
('----划分特征：', 563)
------划分值:0.000,左节点损失:0.000,右节点损失:1.890,总损失:1.890
------划分值:1.000,左节点损失:1.885,右节点损失:0.003,总损失:1.888
('----划分特征：', 564)
------划分值:0.000,左节点损失:0.000,右节点损失:1.890,总损失:1.890
------划分值:1.000,左节点损失:1.773,右节点损失:0.114,总损失:1.887
('----划分特征：', 565)
------划分值:0.000,左节点损失:0.000,右节点损失:1.890,总损失:1.890
------划分值:1.000,左节点损失:1.498,右节点损失:0.352,总损失:1.850
('----划分特征：', 566)
------划分值:0.000,左节点损失:0.000,右节点损失:1.890,总损失:1.890
------划分值:1.000,左节点损失:1.027,右节点损失:0.716,总损失:1.743
('----划分特征：', 567)
------划分值:0.000,左节点损失:0.000,右节点损失:1.890,总损失:1.890
------划分值:1.000,左节点损失:0.635,右节点损失:1.019,总损失:1.654
('----划分特征：', 568)
------划分值:0.000,左节点损失:0.000,右节点损失:1.890,总损失:1.890
------划分值:1.000,左节点损失:0.536,右节点损失:1.138,总损失:1.674
('----划分特征：', 569)
------划分值:0.000,左节点损失:0.000,右节点损失:1.890,总损失:1.890
------划分值:1.000,左节点损失:0.596,右节点损失:1.158,总损失:1.754
('----划分特征：', 570)
------划分值:0.000,左节点损失:0.000,右节点损失:1.890,总损失:1.890
------划分值:1.000,左节点损失:0.828,右节点损失:1.018,总损失:1.846
('----划分特征：', 571)
------划分值:0.000,左节点损失:0.000,右节点损失:1.890,总损失:1.890
------划分值:1.000,左节点损失:1.053,右节点损失:0.833,总损失:1.886
('----划分特征：', 572)
------划分值:1.000,左节点损失:1.074,右节点损失:0.816,总损失:1.890
------划分值:0.000,左节点损失:0.000,右节点损失:1.890,总损失:1.890
('----划分特征：', 573)
------划分值:1.000,左节点损失:0.992,右节点损失:0.898,总损失:1.890
------划分值:0.000,左节点损失:0.000,右节点损失:1.890,总损失:1.890
('----划分特征：', 574)
------划分值:1.000,左节点损失:0.861,右节点损失:1.027,总损失:1.888
------划分值:0.000,左节点损失:0.000,右节点损失:1.890,总损失:1.890
('----划分特征：', 575)
------划分值:1.000,左节点损失:0.698,右节点损失:1.174,总损失:1.873
------划分值:0.000,左节点损失:0.000,右节点损失:1.890,总损失:1.890
('----划分特征：', 576)
------划分值:1.000,左节点损失:0.580,右节点损失:1.258,总损失:1.838
------划分值:0.000,左节点损失:0.000,右节点损失:1.890,总损失:1.890
('----划分特征：', 577)
------划分值:1.000,左节点损失:0.603,右节点损失:1.207,总损失:1.810
------划分值:0.000,左节点损失:0.000,右节点损失:1.890,总损失:1.890
('----划分特征：', 578)
------划分值:0.000,左节点损失:0.000,右节点损失:1.890,总损失:1.890
------划分值:1.000,左节点损失:0.835,右节点损失:0.988,总损失:1.823
('----划分特征：', 579)
------划分值:0.000,左节点损失:0.000,右节点损失:1.890,总损失:1.890
------划分值:1.000,左节点损失:1.140,右节点损失:0.710,总损失:1.850
('----划分特征：', 580)
------划分值:0.000,左节点损失:0.000,右节点损失:1.890,总损失:1.890
------划分值:1.000,左节点损失:1.380,右节点损失:0.480,总损失:1.861
('----划分特征：', 581)
------划分值:0.000,左节点损失:0.000,右节点损失:1.890,总损失:1.890
------划分值:1.000,左节点损失:1.615,右节点损失:0.264,总损失:1.879
('----划分特征：', 582)
------划分值:0.000,左节点损失:0.000,右节点损失:1.890,总损失:1.890
------划分值:1.000,左节点损失:1.770,右节点损失:0.119,总损失:1.888
('----划分特征：', 583)
------划分值:0.000,左节点损失:0.000,右节点损失:1.890,总损失:1.890
------划分值:1.000,左节点损失:1.852,右节点损失:0.038,总损失:1.890
('----划分特征：', 584)
------划分值:0.000,左节点损失:0.000,右节点损失:1.890,总损失:1.890
------划分值:1.000,左节点损失:1.883,右节点损失:0.007,总损失:1.889
('----划分特征：', 585)
------划分值:0.000,左节点损失:0.000,右节点损失:1.890,总损失:1.890
------划分值:1.000,左节点损失:1.890,右节点损失:0.000,总损失:1.890
('----划分特征：', 586)
------划分值:0.000,左节点损失:0.000,右节点损失:1.890,总损失:1.890
------划分值:1.000,左节点损失:1.887,右节点损失:0.002,总损失:1.890
('----划分特征：', 587)
------划分值:0.000,左节点损失:0.000,右节点损失:1.890,总损失:1.890
('----划分特征：', 588)
------划分值:0.000,左节点损失:0.000,右节点损失:1.890,总损失:1.890
('----划分特征：', 589)
------划分值:0.000,左节点损失:0.000,右节点损失:1.890,总损失:1.890
('----划分特征：', 590)
------划分值:0.000,左节点损失:0.000,右节点损失:1.890,总损失:1.890
------划分值:1.000,左节点损失:1.890,右节点损失:0.000,总损失:1.890
('----划分特征：', 591)
------划分值:0.000,左节点损失:0.000,右节点损失:1.890,总损失:1.890
------划分值:1.000,左节点损失:1.885,右节点损失:0.003,总损失:1.889
('----划分特征：', 592)
------划分值:0.000,左节点损失:0.000,右节点损失:1.890,总损失:1.890
------划分值:1.000,左节点损失:1.818,右节点损失:0.071,总损失:1.890
('----划分特征：', 593)
------划分值:0.000,左节点损失:0.000,右节点损失:1.890,总损失:1.890
------划分值:1.000,左节点损失:1.611,右节点损失:0.261,总损失:1.872
('----划分特征：', 594)
------划分值:0.000,左节点损失:0.000,右节点损失:1.890,总损失:1.890
------划分值:1.000,左节点损失:1.276,右节点损失:0.551,总损失:1.827
('----划分特征：', 595)
------划分值:0.000,左节点损失:0.000,右节点损失:1.890,总损失:1.890
------划分值:1.000,左节点损失:0.844,右节点损失:0.907,总损失:1.751
('----划分特征：', 596)
------划分值:0.000,左节点损失:0.000,右节点损失:1.890,总损失:1.890
------划分值:1.000,左节点损失:0.558,右节点损失:1.150,总损失:1.708
('----划分特征：', 597)
------划分值:0.000,左节点损失:0.000,右节点损失:1.890,总损失:1.890
------划分值:1.000,左节点损失:0.388,右节点损失:1.325,总损失:1.714
('----划分特征：', 598)
------划分值:1.000,左节点损失:0.391,右节点损失:1.368,总损失:1.759
------划分值:0.000,左节点损失:0.000,右节点损失:1.890,总损失:1.890
('----划分特征：', 599)
------划分值:1.000,左节点损失:0.481,右节点损失:1.337,总损失:1.818
------划分值:0.000,左节点损失:0.000,右节点损失:1.890,总损失:1.890
('----划分特征：', 600)
------划分值:1.000,左节点损失:0.549,右节点损失:1.301,总损失:1.850
------划分值:0.000,左节点损失:0.000,右节点损失:1.890,总损失:1.890
('----划分特征：', 601)
------划分值:1.000,左节点损失:0.532,右节点损失:1.324,总损失:1.855
------划分值:0.000,左节点损失:0.000,右节点损失:1.890,总损失:1.890
('----划分特征：', 602)
------划分值:1.000,左节点损失:0.500,右节点损失:1.347,总损失:1.848
------划分值:0.000,左节点损失:0.000,右节点损失:1.890,总损失:1.890
('----划分特征：', 603)
------划分值:1.000,左节点损失:0.470,右节点损失:1.354,总损失:1.824
------划分值:0.000,左节点损失:0.000,右节点损失:1.890,总损失:1.890
('----划分特征：', 604)
------划分值:0.000,左节点损失:0.000,右节点损失:1.890,总损失:1.890
------划分值:1.000,左节点损失:0.551,右节点损失:1.255,总损失:1.806
('----划分特征：', 605)
------划分值:0.000,左节点损失:0.000,右节点损失:1.890,总损失:1.890
------划分值:1.000,左节点损失:0.834,右节点损失:0.996,总损失:1.830
('----划分特征：', 606)
------划分值:0.000,左节点损失:0.000,右节点损失:1.890,总损失:1.890
------划分值:1.000,左节点损失:1.132,右节点损失:0.724,总损失:1.856
('----划分特征：', 607)
------划分值:0.000,左节点损失:0.000,右节点损失:1.890,总损失:1.890
------划分值:1.000,左节点损失:1.392,右节点损失:0.480,总损失:1.873
('----划分特征：', 608)
------划分值:0.000,左节点损失:0.000,右节点损失:1.890,总损失:1.890
------划分值:1.000,左节点损失:1.598,右节点损失:0.285,总损失:1.883
('----划分特征：', 609)
------划分值:0.000,左节点损失:0.000,右节点损失:1.890,总损失:1.890
------划分值:1.000,左节点损失:1.747,右节点损失:0.141,总损失:1.889
('----划分特征：', 610)
------划分值:0.000,左节点损失:0.000,右节点损失:1.890,总损失:1.890
------划分值:1.000,左节点损失:1.847,右节点损失:0.043,总损失:1.890
('----划分特征：', 611)
------划分值:0.000,左节点损失:0.000,右节点损失:1.890,总损失:1.890
------划分值:1.000,左节点损失:1.879,右节点损失:0.010,总损失:1.889
('----划分特征：', 612)
------划分值:0.000,左节点损失:0.000,右节点损失:1.890,总损失:1.890
------划分值:1.000,左节点损失:1.886,右节点损失:0.003,总损失:1.889
('----划分特征：', 613)
------划分值:0.000,左节点损失:0.000,右节点损失:1.890,总损失:1.890
------划分值:1.000,左节点损失:1.890,右节点损失:0.000,总损失:1.890
('----划分特征：', 614)
------划分值:0.000,左节点损失:0.000,右节点损失:1.890,总损失:1.890
------划分值:1.000,左节点损失:1.887,右节点损失:0.002,总损失:1.889
('----划分特征：', 615)
------划分值:0.000,左节点损失:0.000,右节点损失:1.890,总损失:1.890
('----划分特征：', 616)
------划分值:0.000,左节点损失:0.000,右节点损失:1.890,总损失:1.890
('----划分特征：', 617)
------划分值:0.000,左节点损失:0.000,右节点损失:1.890,总损失:1.890
('----划分特征：', 618)
------划分值:0.000,左节点损失:0.000,右节点损失:1.890,总损失:1.890
------划分值:1.000,左节点损失:1.890,右节点损失:0.000,总损失:1.890
('----划分特征：', 619)
------划分值:0.000,左节点损失:0.000,右节点损失:1.890,总损失:1.890
------划分值:1.000,左节点损失:1.886,右节点损失:0.003,总损失:1.890
('----划分特征：', 620)
------划分值:0.000,左节点损失:0.000,右节点损失:1.890,总损失:1.890
------划分值:1.000,左节点损失:1.870,右节点损失:0.020,总损失:1.890
('----划分特征：', 621)
------划分值:0.000,左节点损失:0.000,右节点损失:1.890,总损失:1.890
------划分值:1.000,左节点损失:1.735,右节点损失:0.147,总损失:1.883
('----划分特征：', 622)
------划分值:0.000,左节点损失:0.000,右节点损失:1.890,总损失:1.890
------划分值:1.000,左节点损失:1.517,右节点损失:0.345,总损失:1.862
('----划分特征：', 623)
------划分值:1.000,左节点损失:1.189,右节点损失:0.636,总损失:1.824
------划分值:0.000,左节点损失:0.000,右节点损失:1.890,总损失:1.890
('----划分特征：', 624)
------划分值:1.000,左节点损失:0.870,右节点损失:0.922,总损失:1.792
------划分值:0.000,左节点损失:0.000,右节点损失:1.890,总损失:1.890
('----划分特征：', 625)
------划分值:1.000,左节点损失:0.554,右节点损失:1.198,总损失:1.752
------划分值:0.000,左节点损失:0.000,右节点损失:1.890,总损失:1.890
('----划分特征：', 626)
------划分值:1.000,左节点损失:0.344,右节点损失:1.400,总损失:1.744
------划分值:0.000,左节点损失:0.000,右节点损失:1.890,总损失:1.890
('----划分特征：', 627)
------划分值:1.000,左节点损失:0.303,右节点损失:1.467,总损失:1.770
------划分值:0.000,左节点损失:0.000,右节点损失:1.890,总损失:1.890
('----划分特征：', 628)
------划分值:1.000,左节点损失:0.306,右节点损失:1.481,总损失:1.787
------划分值:0.000,左节点损失:0.000,右节点损失:1.890,总损失:1.890
('----划分特征：', 629)
------划分值:1.000,左节点损失:0.372,右节点损失:1.431,总损失:1.804
------划分值:0.000,左节点损失:0.000,右节点损失:1.890,总损失:1.890
('----划分特征：', 630)
------划分值:0.000,左节点损失:0.000,右节点损失:1.890,总损失:1.890
------划分值:1.000,左节点损失:0.448,右节点损失:1.359,总损失:1.808
('----划分特征：', 631)
------划分值:0.000,左节点损失:0.000,右节点损失:1.890,总损失:1.890
------划分值:1.000,左节点损失:0.672,右节点损失:1.158,总损失:1.830
('----划分特征：', 632)
------划分值:0.000,左节点损失:0.000,右节点损失:1.890,总损失:1.890
------划分值:1.000,左节点损失:0.955,右节点损失:0.898,总损失:1.853
('----划分特征：', 633)
------划分值:0.000,左节点损失:0.000,右节点损失:1.890,总损失:1.890
------划分值:1.000,左节点损失:1.265,右节点损失:0.609,总损失:1.875
('----划分特征：', 634)
------划分值:0.000,左节点损失:0.000,右节点损失:1.890,总损失:1.890
------划分值:1.000,左节点损失:1.475,右节点损失:0.409,总损失:1.884
('----划分特征：', 635)
------划分值:0.000,左节点损失:0.000,右节点损失:1.890,总损失:1.890
------划分值:1.000,左节点损失:1.650,右节点损失:0.239,总损失:1.889
('----划分特征：', 636)
------划分值:0.000,左节点损失:0.000,右节点损失:1.890,总损失:1.890
------划分值:1.000,左节点损失:1.766,右节点损失:0.124,总损失:1.890
('----划分特征：', 637)
------划分值:0.000,左节点损失:0.000,右节点损失:1.890,总损失:1.890
------划分值:1.000,左节点损失:1.846,右节点损失:0.043,总损失:1.889
('----划分特征：', 638)
------划分值:0.000,左节点损失:0.000,右节点损失:1.890,总损失:1.890
------划分值:1.000,左节点损失:1.872,右节点损失:0.017,总损失:1.889
('----划分特征：', 639)
------划分值:0.000,左节点损失:0.000,右节点损失:1.890,总损失:1.890
------划分值:1.000,左节点损失:1.886,右节点损失:0.003,总损失:1.889
('----划分特征：', 640)
------划分值:0.000,左节点损失:0.000,右节点损失:1.890,总损失:1.890
------划分值:1.000,左节点损失:1.890,右节点损失:0.000,总损失:1.890
('----划分特征：', 641)
------划分值:0.000,左节点损失:0.000,右节点损失:1.890,总损失:1.890
------划分值:1.000,左节点损失:1.890,右节点损失:0.000,总损失:1.890
('----划分特征：', 642)
------划分值:0.000,左节点损失:0.000,右节点损失:1.890,总损失:1.890
------划分值:1.000,左节点损失:1.887,右节点损失:0.000,总损失:1.887
('----划分特征：', 643)
------划分值:0.000,左节点损失:0.000,右节点损失:1.890,总损失:1.890
('----划分特征：', 644)
------划分值:0.000,左节点损失:0.000,右节点损失:1.890,总损失:1.890
('----划分特征：', 645)
------划分值:0.000,左节点损失:0.000,右节点损失:1.890,总损失:1.890
('----划分特征：', 646)
------划分值:0.000,左节点损失:0.000,右节点损失:1.890,总损失:1.890
------划分值:1.000,左节点损失:1.890,右节点损失:0.000,总损失:1.890
('----划分特征：', 647)
------划分值:0.000,左节点损失:0.000,右节点损失:1.890,总损失:1.890
------划分值:1.000,左节点损失:1.890,右节点损失:0.000,总损失:1.890
('----划分特征：', 648)
------划分值:0.000,左节点损失:0.000,右节点损失:1.890,总损失:1.890
------划分值:1.000,左节点损失:1.883,右节点损失:0.007,总损失:1.890
('----划分特征：', 649)
------划分值:1.000,左节点损失:1.846,右节点损失:0.044,总损失:1.890
------划分值:0.000,左节点损失:0.000,右节点损失:1.890,总损失:1.890
('----划分特征：', 650)
------划分值:1.000,左节点损失:1.775,右节点损失:0.114,总损失:1.889
------划分值:0.000,左节点损失:0.000,右节点损失:1.890,总损失:1.890
('----划分特征：', 651)
------划分值:1.000,左节点损失:1.640,右节点损失:0.245,总损失:1.885
------划分值:0.000,左节点损失:0.000,右节点损失:1.890,总损失:1.890
('----划分特征：', 652)
------划分值:1.000,左节点损失:1.407,右节点损失:0.468,总损失:1.875
------划分值:0.000,左节点损失:0.000,右节点损失:1.890,总损失:1.890
('----划分特征：', 653)
------划分值:1.000,左节点损失:1.128,右节点损失:0.730,总损失:1.859
------划分值:0.000,左节点损失:0.000,右节点损失:1.890,总损失:1.890
('----划分特征：', 654)
------划分值:1.000,左节点损失:0.939,右节点损失:0.916,总损失:1.855
------划分值:0.000,左节点损失:0.000,右节点损失:1.890,总损失:1.890
('----划分特征：', 655)
------划分值:1.000,左节点损失:0.752,右节点损失:1.088,总损失:1.840
------划分值:0.000,左节点损失:0.000,右节点损失:1.890,总损失:1.890
('----划分特征：', 656)
------划分值:1.000,左节点损失:0.735,右节点损失:1.107,总损失:1.842
------划分值:0.000,左节点损失:0.000,右节点损失:1.890,总损失:1.890
('----划分特征：', 657)
------划分值:0.000,左节点损失:0.000,右节点损失:1.890,总损失:1.890
------划分值:1.000,左节点损失:0.854,右节点损失:1.004,总损失:1.859
('----划分特征：', 658)
------划分值:0.000,左节点损失:0.000,右节点损失:1.890,总损失:1.890
------划分值:1.000,左节点损失:1.067,右节点损失:0.811,总损失:1.878
('----划分特征：', 659)
------划分值:0.000,左节点损失:0.000,右节点损失:1.890,总损失:1.890
------划分值:1.000,左节点损失:1.292,右节点损失:0.594,总损失:1.886
('----划分特征：', 660)
------划分值:0.000,左节点损失:0.000,右节点损失:1.890,总损失:1.890
------划分值:1.000,左节点损失:1.537,右节点损失:0.353,总损失:1.890
('----划分特征：', 661)
------划分值:0.000,左节点损失:0.000,右节点损失:1.890,总损失:1.890
------划分值:1.000,左节点损失:1.652,右节点损失:0.238,总损失:1.890
('----划分特征：', 662)
------划分值:0.000,左节点损失:0.000,右节点损失:1.890,总损失:1.890
------划分值:1.000,左节点损失:1.747,右节点损失:0.143,总损失:1.890
('----划分特征：', 663)
------划分值:0.000,左节点损失:0.000,右节点损失:1.890,总损失:1.890
------划分值:1.000,左节点损失:1.839,右节点损失:0.047,总损失:1.886
('----划分特征：', 664)
------划分值:0.000,左节点损失:0.000,右节点损失:1.890,总损失:1.890
------划分值:1.000,左节点损失:1.864,右节点损失:0.024,总损失:1.888
('----划分特征：', 665)
------划分值:0.000,左节点损失:0.000,右节点损失:1.890,总损失:1.890
------划分值:1.000,左节点损失:1.881,右节点损失:0.007,总损失:1.888
('----划分特征：', 666)
------划分值:0.000,左节点损失:0.000,右节点损失:1.890,总损失:1.890
------划分值:1.000,左节点损失:1.885,右节点损失:0.003,总损失:1.889
('----划分特征：', 667)
------划分值:0.000,左节点损失:0.000,右节点损失:1.890,总损失:1.890
------划分值:1.000,左节点损失:1.889,右节点损失:0.000,总损失:1.889
('----划分特征：', 668)
------划分值:0.000,左节点损失:0.000,右节点损失:1.890,总损失:1.890
------划分值:1.000,左节点损失:1.890,右节点损失:0.000,总损失:1.890
('----划分特征：', 669)
------划分值:0.000,左节点损失:0.000,右节点损失:1.890,总损失:1.890
('----划分特征：', 670)
------划分值:0.000,左节点损失:0.000,右节点损失:1.890,总损失:1.890
('----划分特征：', 671)
------划分值:0.000,左节点损失:0.000,右节点损失:1.890,总损失:1.890
('----划分特征：', 672)
------划分值:0.000,左节点损失:0.000,右节点损失:1.890,总损失:1.890
('----划分特征：', 673)
------划分值:0.000,左节点损失:0.000,右节点损失:1.890,总损失:1.890
('----划分特征：', 674)
------划分值:0.000,左节点损失:0.000,右节点损失:1.890,总损失:1.890
('----划分特征：', 675)
------划分值:0.000,左节点损失:0.000,右节点损失:1.890,总损失:1.890
------划分值:1.000,左节点损失:1.890,右节点损失:0.000,总损失:1.890
('----划分特征：', 676)
------划分值:1.000,左节点损失:1.887,右节点损失:0.003,总损失:1.890
------划分值:0.000,左节点损失:0.000,右节点损失:1.890,总损失:1.890
('----划分特征：', 677)
------划分值:1.000,左节点损失:1.883,右节点损失:0.007,总损失:1.890
------划分值:0.000,左节点损失:0.000,右节点损失:1.890,总损失:1.890
('----划分特征：', 678)
------划分值:1.000,左节点损失:1.878,右节点损失:0.010,总损失:1.888
------划分值:0.000,左节点损失:0.000,右节点损失:1.890,总损失:1.890
('----划分特征：', 679)
------划分值:1.000,左节点损失:1.860,右节点损失:0.027,总损失:1.887
------划分值:0.000,左节点损失:0.000,右节点损失:1.890,总损失:1.890
('----划分特征：', 680)
------划分值:1.000,左节点损失:1.827,右节点损失:0.058,总损失:1.884
------划分值:0.000,左节点损失:0.000,右节点损失:1.890,总损失:1.890
('----划分特征：', 681)
------划分值:1.000,左节点损失:1.769,右节点损失:0.115,总损失:1.883
------划分值:0.000,左节点损失:0.000,右节点损失:1.890,总损失:1.890
('----划分特征：', 682)
------划分值:1.000,左节点损失:1.686,右节点损失:0.199,总损失:1.885
------划分值:0.000,左节点损失:0.000,右节点损失:1.890,总损失:1.890
('----划分特征：', 683)
------划分值:0.000,左节点损失:0.000,右节点损失:1.890,总损失:1.890
------划分值:1.000,左节点损失:1.636,右节点损失:0.250,总损失:1.886
('----划分特征：', 684)
------划分值:0.000,左节点损失:0.000,右节点损失:1.890,总损失:1.890
------划分值:1.000,左节点损失:1.604,右节点损失:0.284,总损失:1.888
('----划分特征：', 685)
------划分值:0.000,左节点损失:0.000,右节点损失:1.890,总损失:1.890
------划分值:1.000,左节点损失:1.624,右节点损失:0.263,总损失:1.887
('----划分特征：', 686)
------划分值:0.000,左节点损失:0.000,右节点损失:1.890,总损失:1.890
------划分值:1.000,左节点损失:1.685,右节点损失:0.199,总损失:1.885
('----划分特征：', 687)
------划分值:0.000,左节点损失:0.000,右节点损失:1.890,总损失:1.890
------划分值:1.000,左节点损失:1.750,右节点损失:0.134,总损失:1.884
('----划分特征：', 688)
------划分值:0.000,左节点损失:0.000,右节点损失:1.890,总损失:1.890
------划分值:1.000,左节点损失:1.808,右节点损失:0.075,总损失:1.883
('----划分特征：', 689)
------划分值:0.000,左节点损失:0.000,右节点损失:1.890,总损失:1.890
------划分值:1.000,左节点损失:1.846,右节点损失:0.038,总损失:1.884
('----划分特征：', 690)
------划分值:0.000,左节点损失:0.000,右节点损失:1.890,总损失:1.890
------划分值:1.000,左节点损失:1.867,右节点损失:0.017,总损失:1.884
('----划分特征：', 691)
------划分值:0.000,左节点损失:0.000,右节点损失:1.890,总损失:1.890
------划分值:1.000,左节点损失:1.879,右节点损失:0.007,总损失:1.886
('----划分特征：', 692)
------划分值:0.000,左节点损失:0.000,右节点损失:1.890,总损失:1.890
------划分值:1.000,左节点损失:1.881,右节点损失:0.007,总损失:1.888
('----划分特征：', 693)
------划分值:0.000,左节点损失:0.000,右节点损失:1.890,总损失:1.890
------划分值:1.000,左节点损失:1.885,右节点损失:0.003,总损失:1.889
('----划分特征：', 694)
------划分值:0.000,左节点损失:0.000,右节点损失:1.890,总损失:1.890
------划分值:1.000,左节点损失:1.889,右节点损失:0.000,总损失:1.889
('----划分特征：', 695)
------划分值:0.000,左节点损失:0.000,右节点损失:1.890,总损失:1.890
------划分值:1.000,左节点损失:1.890,右节点损失:0.000,总损失:1.890
('----划分特征：', 696)
------划分值:0.000,左节点损失:0.000,右节点损失:1.890,总损失:1.890
------划分值:1.000,左节点损失:1.890,右节点损失:0.000,总损失:1.890
('----划分特征：', 697)
------划分值:0.000,左节点损失:0.000,右节点损失:1.890,总损失:1.890
('----划分特征：', 698)
------划分值:0.000,左节点损失:0.000,右节点损失:1.890,总损失:1.890
('----划分特征：', 699)
------划分值:0.000,左节点损失:0.000,右节点损失:1.890,总损失:1.890
('----划分特征：', 700)
------划分值:0.000,左节点损失:0.000,右节点损失:1.890,总损失:1.890
('----划分特征：', 701)
------划分值:0.000,左节点损失:0.000,右节点损失:1.890,总损失:1.890
('----划分特征：', 702)
------划分值:0.000,左节点损失:0.000,右节点损失:1.890,总损失:1.890
('----划分特征：', 703)
------划分值:0.000,左节点损失:0.000,右节点损失:1.890,总损失:1.890
('----划分特征：', 704)
------划分值:0.000,左节点损失:0.000,右节点损失:1.890,总损失:1.890
------划分值:1.000,左节点损失:1.890,右节点损失:0.000,总损失:1.890
('----划分特征：', 705)
------划分值:0.000,左节点损失:0.000,右节点损失:1.890,总损失:1.890
------划分值:1.000,左节点损失:1.890,右节点损失:0.000,总损失:1.890
('----划分特征：', 706)
------划分值:0.000,左节点损失:0.000,右节点损失:1.890,总损失:1.890
------划分值:1.000,左节点损失:1.889,右节点损失:0.000,总损失:1.889
('----划分特征：', 707)
------划分值:0.000,左节点损失:0.000,右节点损失:1.890,总损失:1.890
------划分值:1.000,左节点损失:1.887,右节点损失:0.000,总损失:1.887
('----划分特征：', 708)
------划分值:0.000,左节点损失:0.000,右节点损失:1.890,总损失:1.890
------划分值:1.000,左节点损失:1.883,右节点损失:0.000,总损失:1.883
('----划分特征：', 709)
------划分值:0.000,左节点损失:0.000,右节点损失:1.890,总损失:1.890
------划分值:1.000,左节点损失:1.879,右节点损失:0.000,总损失:1.879
('----划分特征：', 710)
------划分值:0.000,左节点损失:0.000,右节点损失:1.890,总损失:1.890
------划分值:1.000,左节点损失:1.874,右节点损失:0.004,总损失:1.877
('----划分特征：', 711)
------划分值:0.000,左节点损失:0.000,右节点损失:1.890,总损失:1.890
------划分值:1.000,左节点损失:1.870,右节点损失:0.007,总损失:1.877
('----划分特征：', 712)
------划分值:0.000,左节点损失:0.000,右节点损失:1.890,总损失:1.890
------划分值:1.000,左节点损失:1.871,右节点损失:0.007,总损失:1.878
('----划分特征：', 713)
------划分值:0.000,左节点损失:0.000,右节点损失:1.890,总损失:1.890
------划分值:1.000,左节点损失:1.868,右节点损失:0.011,总损失:1.879
('----划分特征：', 714)
------划分值:0.000,左节点损失:0.000,右节点损失:1.890,总损失:1.890
------划分值:1.000,左节点损失:1.873,右节点损失:0.007,总损失:1.880
('----划分特征：', 715)
------划分值:0.000,左节点损失:0.000,右节点损失:1.890,总损失:1.890
------划分值:1.000,左节点损失:1.878,右节点损失:0.004,总损失:1.881
('----划分特征：', 716)
------划分值:0.000,左节点损失:0.000,右节点损失:1.890,总损失:1.890
------划分值:1.000,左节点损失:1.882,右节点损失:0.000,总损失:1.882
('----划分特征：', 717)
------划分值:0.000,左节点损失:0.000,右节点损失:1.890,总损失:1.890
------划分值:1.000,左节点损失:1.885,右节点损失:0.000,总损失:1.885
('----划分特征：', 718)
------划分值:0.000,左节点损失:0.000,右节点损失:1.890,总损失:1.890
------划分值:1.000,左节点损失:1.886,右节点损失:0.000,总损失:1.886
('----划分特征：', 719)
------划分值:0.000,左节点损失:0.000,右节点损失:1.890,总损失:1.890
------划分值:1.000,左节点损失:1.888,右节点损失:0.000,总损失:1.888
('----划分特征：', 720)
------划分值:0.000,左节点损失:0.000,右节点损失:1.890,总损失:1.890
------划分值:1.000,左节点损失:1.888,右节点损失:0.000,总损失:1.888
('----划分特征：', 721)
------划分值:0.000,左节点损失:0.000,右节点损失:1.890,总损失:1.890
------划分值:1.000,左节点损失:1.889,右节点损失:0.000,总损失:1.889
('----划分特征：', 722)
------划分值:0.000,左节点损失:0.000,右节点损失:1.890,总损失:1.890
------划分值:1.000,左节点损失:1.890,右节点损失:0.000,总损失:1.890
('----划分特征：', 723)
------划分值:0.000,左节点损失:0.000,右节点损失:1.890,总损失:1.890
------划分值:1.000,左节点损失:1.890,右节点损失:0.000,总损失:1.890
('----划分特征：', 724)
------划分值:0.000,左节点损失:0.000,右节点损失:1.890,总损失:1.890
('----划分特征：', 725)
------划分值:0.000,左节点损失:0.000,右节点损失:1.890,总损失:1.890
('----划分特征：', 726)
------划分值:0.000,左节点损失:0.000,右节点损失:1.890,总损失:1.890
('----划分特征：', 727)
------划分值:0.000,左节点损失:0.000,右节点损失:1.890,总损失:1.890
('----划分特征：', 728)
------划分值:0.000,左节点损失:0.000,右节点损失:1.890,总损失:1.890
('----划分特征：', 729)
------划分值:0.000,左节点损失:0.000,右节点损失:1.890,总损失:1.890
('----划分特征：', 730)
------划分值:0.000,左节点损失:0.000,右节点损失:1.890,总损失:1.890
('----划分特征：', 731)
------划分值:0.000,左节点损失:0.000,右节点损失:1.890,总损失:1.890
('----划分特征：', 732)
------划分值:0.000,左节点损失:0.000,右节点损失:1.890,总损失:1.890
------划分值:1.000,左节点损失:1.890,右节点损失:0.000,总损失:1.890
('----划分特征：', 733)
------划分值:0.000,左节点损失:0.000,右节点损失:1.890,总损失:1.890
------划分值:1.000,左节点损失:1.890,右节点损失:0.000,总损失:1.890
('----划分特征：', 734)
------划分值:0.000,左节点损失:0.000,右节点损失:1.890,总损失:1.890
------划分值:1.000,左节点损失:1.889,右节点损失:0.000,总损失:1.889
('----划分特征：', 735)
------划分值:0.000,左节点损失:0.000,右节点损失:1.890,总损失:1.890
------划分值:1.000,左节点损失:1.889,右节点损失:0.000,总损失:1.889
('----划分特征：', 736)
------划分值:0.000,左节点损失:0.000,右节点损失:1.890,总损失:1.890
------划分值:1.000,左节点损失:1.887,右节点损失:0.000,总损失:1.887
('----划分特征：', 737)
------划分值:0.000,左节点损失:0.000,右节点损失:1.890,总损失:1.890
------划分值:1.000,左节点损失:1.886,右节点损失:0.000,总损失:1.886
('----划分特征：', 738)
------划分值:0.000,左节点损失:0.000,右节点损失:1.890,总损失:1.890
------划分值:1.000,左节点损失:1.885,右节点损失:0.000,总损失:1.885
('----划分特征：', 739)
------划分值:0.000,左节点损失:0.000,右节点损失:1.890,总损失:1.890
------划分值:1.000,左节点损失:1.885,右节点损失:0.000,总损失:1.885
('----划分特征：', 740)
------划分值:0.000,左节点损失:0.000,右节点损失:1.890,总损失:1.890
------划分值:1.000,左节点损失:1.886,右节点损失:0.000,总损失:1.886
('----划分特征：', 741)
------划分值:0.000,左节点损失:0.000,右节点损失:1.890,总损失:1.890
------划分值:1.000,左节点损失:1.886,右节点损失:0.000,总损失:1.886
('----划分特征：', 742)
------划分值:0.000,左节点损失:0.000,右节点损失:1.890,总损失:1.890
------划分值:1.000,左节点损失:1.886,右节点损失:0.000,总损失:1.886
('----划分特征：', 743)
------划分值:0.000,左节点损失:0.000,右节点损失:1.890,总损失:1.890
------划分值:1.000,左节点损失:1.887,右节点损失:0.000,总损失:1.887
('----划分特征：', 744)
------划分值:0.000,左节点损失:0.000,右节点损失:1.890,总损失:1.890
------划分值:1.000,左节点损失:1.887,右节点损失:0.000,总损失:1.887
('----划分特征：', 745)
------划分值:0.000,左节点损失:0.000,右节点损失:1.890,总损失:1.890
------划分值:1.000,左节点损失:1.888,右节点损失:0.000,总损失:1.888
('----划分特征：', 746)
------划分值:0.000,左节点损失:0.000,右节点损失:1.890,总损失:1.890
------划分值:1.000,左节点损失:1.889,右节点损失:0.000,总损失:1.889
('----划分特征：', 747)
------划分值:0.000,左节点损失:0.000,右节点损失:1.890,总损失:1.890
------划分值:1.000,左节点损失:1.889,右节点损失:0.000,总损失:1.889
('----划分特征：', 748)
------划分值:0.000,左节点损失:0.000,右节点损失:1.890,总损失:1.890
------划分值:1.000,左节点损失:1.890,右节点损失:0.000,总损失:1.890
('----划分特征：', 749)
------划分值:0.000,左节点损失:0.000,右节点损失:1.890,总损失:1.890
------划分值:1.000,左节点损失:1.890,右节点损失:0.000,总损失:1.890
('----划分特征：', 750)
------划分值:0.000,左节点损失:0.000,右节点损失:1.890,总损失:1.890
------划分值:1.000,左节点损失:1.890,右节点损失:0.000,总损失:1.890
('----划分特征：', 751)
------划分值:0.000,左节点损失:0.000,右节点损失:1.890,总损失:1.890
------划分值:1.000,左节点损失:1.890,右节点损失:0.000,总损失:1.890
('----划分特征：', 752)
------划分值:0.000,左节点损失:0.000,右节点损失:1.890,总损失:1.890
('----划分特征：', 753)
------划分值:0.000,左节点损失:0.000,右节点损失:1.890,总损失:1.890
('----划分特征：', 754)
------划分值:0.000,左节点损失:0.000,右节点损失:1.890,总损失:1.890
('----划分特征：', 755)
------划分值:0.000,左节点损失:0.000,右节点损失:1.890,总损失:1.890
('----划分特征：', 756)
------划分值:0.000,左节点损失:0.000,右节点损失:1.890,总损失:1.890
('----划分特征：', 757)
------划分值:0.000,左节点损失:0.000,右节点损失:1.890,总损失:1.890
('----划分特征：', 758)
------划分值:0.000,左节点损失:0.000,右节点损失:1.890,总损失:1.890
('----划分特征：', 759)
------划分值:0.000,左节点损失:0.000,右节点损失:1.890,总损失:1.890
('----划分特征：', 760)
------划分值:0.000,左节点损失:0.000,右节点损失:1.890,总损失:1.890
('----划分特征：', 761)
------划分值:0.000,左节点损失:0.000,右节点损失:1.890,总损失:1.890
------划分值:1.000,左节点损失:1.890,右节点损失:0.000,总损失:1.890
('----划分特征：', 762)
------划分值:0.000,左节点损失:0.000,右节点损失:1.890,总损失:1.890
------划分值:1.000,左节点损失:1.890,右节点损失:0.000,总损失:1.890
('----划分特征：', 763)
------划分值:0.000,左节点损失:0.000,右节点损失:1.890,总损失:1.890
------划分值:1.000,左节点损失:1.890,右节点损失:0.000,总损失:1.890
('----划分特征：', 764)
------划分值:0.000,左节点损失:0.000,右节点损失:1.890,总损失:1.890
------划分值:1.000,左节点损失:1.890,右节点损失:0.000,总损失:1.890
('----划分特征：', 765)
------划分值:0.000,左节点损失:0.000,右节点损失:1.890,总损失:1.890
------划分值:1.000,左节点损失:1.890,右节点损失:0.000,总损失:1.890
('----划分特征：', 766)
------划分值:0.000,左节点损失:0.000,右节点损失:1.890,总损失:1.890
------划分值:1.000,左节点损失:1.890,右节点损失:0.000,总损失:1.890
('----划分特征：', 767)
------划分值:0.000,左节点损失:0.000,右节点损失:1.890,总损失:1.890
------划分值:1.000,左节点损失:1.890,右节点损失:0.000,总损失:1.890
('----划分特征：', 768)
------划分值:0.000,左节点损失:0.000,右节点损失:1.890,总损失:1.890
------划分值:1.000,左节点损失:1.889,右节点损失:0.000,总损失:1.889
('----划分特征：', 769)
------划分值:0.000,左节点损失:0.000,右节点损失:1.890,总损失:1.890
------划分值:1.000,左节点损失:1.889,右节点损失:0.000,总损失:1.889
('----划分特征：', 770)
------划分值:0.000,左节点损失:0.000,右节点损失:1.890,总损失:1.890
------划分值:1.000,左节点损失:1.890,右节点损失:0.000,总损失:1.890
('----划分特征：', 771)
------划分值:0.000,左节点损失:0.000,右节点损失:1.890,总损失:1.890
------划分值:1.000,左节点损失:1.890,右节点损失:0.000,总损失:1.890
('----划分特征：', 772)
------划分值:0.000,左节点损失:0.000,右节点损失:1.890,总损失:1.890
------划分值:1.000,左节点损失:1.890,右节点损失:0.000,总损失:1.890
('----划分特征：', 773)
------划分值:0.000,左节点损失:0.000,右节点损失:1.890,总损失:1.890
------划分值:1.000,左节点损失:1.890,右节点损失:0.000,总损失:1.890
('----划分特征：', 774)
------划分值:0.000,左节点损失:0.000,右节点损失:1.890,总损失:1.890
------划分值:1.000,左节点损失:1.890,右节点损失:0.000,总损失:1.890
('----划分特征：', 775)
------划分值:0.000,左节点损失:0.000,右节点损失:1.890,总损失:1.890
------划分值:1.000,左节点损失:1.890,右节点损失:0.000,总损失:1.890
('----划分特征：', 776)
------划分值:0.000,左节点损失:0.000,右节点损失:1.890,总损失:1.890
------划分值:1.000,左节点损失:1.890,右节点损失:0.000,总损失:1.890
('----划分特征：', 777)
------划分值:0.000,左节点损失:0.000,右节点损失:1.890,总损失:1.890
------划分值:1.000,左节点损失:1.890,右节点损失:0.000,总损失:1.890
('----划分特征：', 778)
------划分值:0.000,左节点损失:0.000,右节点损失:1.890,总损失:1.890
('----划分特征：', 779)
------划分值:0.000,左节点损失:0.000,右节点损失:1.890,总损失:1.890
('----划分特征：', 780)
------划分值:0.000,左节点损失:0.000,右节点损失:1.890,总损失:1.890
('----划分特征：', 781)
------划分值:0.000,左节点损失:0.000,右节点损失:1.890,总损失:1.890
('----划分特征：', 782)
------划分值:0.000,左节点损失:0.000,右节点损失:1.890,总损失:1.890
('----划分特征：', 783)
------划分值:0.000,左节点损失:0.000,右节点损失:1.890,总损失:1.890
('----划分特征：', 'label')
------划分值:0.000,左节点损失:0.000,右节点损失:1.890,总损失:1.890
------划分值:1.000,左节点损失:0.000,右节点损失:0.000,总损失:0.000
('----划分特征：', 'f_0')
------划分值:-2.212,左节点损失:0.000,右节点损失:1.890,总损失:1.890
('----划分特征：', 'res_1')
------划分值:-0.099,左节点损失:0.000,右节点损失:1.890,总损失:1.890
------划分值:0.901,左节点损失:0.000,右节点损失:0.000,总损失:0.000
('----划分特征：', 'f_1')
------划分值:-2.323,左节点损失:0.000,右节点损失:1.890,总损失:1.890
------划分值:-1.199,左节点损失:0.000,右节点损失:0.000,总损失:0.000
('----划分特征：', 'res_2')
------划分值:-0.089,左节点损失:0.000,右节点损失:1.890,总损失:1.890
------划分值:0.768,左节点损失:0.000,右节点损失:0.000,总损失:0.000
('----划分特征：', 'f_2')
------划分值:-2.433,左节点损失:0.000,右节点损失:1.890,总损失:1.890
------划分值:-0.767,左节点损失:0.000,右节点损失:0.000,总损失:0.000
('----划分特征：', 'res_3')
------划分值:-0.081,左节点损失:0.000,右节点损失:1.890,总损失:1.890
------划分值:0.683,左节点损失:0.000,右节点损失:0.000,总损失:0.000
('----划分特征：', 'f_3')
------划分值:-2.542,左节点损失:0.000,右节点损失:1.890,总损失:1.890
------划分值:-0.452,左节点损失:0.000,右节点损失:0.000,总损失:0.000
('----划分特征：', 'res_4')
------划分值:-0.073,左节点损失:0.000,右节点损失:1.890,总损失:1.890
------划分值:0.611,左节点损失:0.000,右节点损失:0.000,总损失:0.000
('----划分特征：', 'f_4')
------划分值:-2.650,左节点损失:0.000,右节点损失:1.890,总损失:1.890
------划分值:-0.195,左节点损失:0.000,右节点损失:0.000,总损失:0.000
('----划分特征：', 'res_5')
------划分值:-0.066,左节点损失:0.000,右节点损失:1.890,总损失:1.890
------划分值:0.549,左节点损失:0.000,右节点损失:0.000,总损失:0.000
('----划分特征：', 'f_5')
------划分值:-2.757,左节点损失:0.000,右节点损失:1.890,总损失:1.890
------划分值:0.027,左节点损失:0.000,右节点损失:0.000,总损失:0.000
('----划分特征：', 'res_6')
------划分值:-0.060,左节点损失:0.000,右节点损失:1.890,总损失:1.890
------划分值:0.493,左节点损失:0.000,右节点损失:0.000,总损失:0.000
('----划分特征：', 'f_6')
------划分值:-2.863,左节点损失:0.000,右节点损失:1.890,总损失:1.890
------划分值:0.224,左节点损失:0.000,右节点损失:0.000,总损失:0.000
('----划分特征：', 'res_7')
------划分值:-0.054,左节点损失:0.000,右节点损失:1.890,总损失:1.890
------划分值:0.444,左节点损失:0.000,右节点损失:0.000,总损失:0.000
('----划分特征：', 'f_7')
------划分值:-2.969,左节点损失:0.000,右节点损失:1.890,总损失:1.890
------划分值:0.404,左节点损失:0.000,右节点损失:0.000,总损失:0.000
('----划分特征：', 'res_8')
------划分值:-0.049,左节点损失:0.000,右节点损失:1.890,总损失:1.890
------划分值:0.400,左节点损失:0.000,右节点损失:0.000,总损失:0.000
('----划分特征：', 'f_8')
------划分值:-3.074,左节点损失:0.000,右节点损失:1.890,总损失:1.890
------划分值:0.571,左节点损失:0.000,右节点损失:0.000,总损失:0.000
('----划分特征：', 'res_9')
------划分值:-0.044,左节点损失:0.000,右节点损失:1.890,总损失:1.890
------划分值:0.361,左节点损失:0.000,右节点损失:0.000,总损失:0.000
('----划分特征：', 'f_9')
------划分值:-3.178,左节点损失:0.000,右节点损失:1.890,总损失:1.890
------划分值:0.727,左节点损失:0.000,右节点损失:0.000,总损失:0.000
('----划分特征：', 'res_10')
------划分值:-0.040,左节点损失:0.000,右节点损失:1.890,总损失:1.890
------划分值:0.326,左节点损失:0.000,右节点损失:0.000,总损失:0.000
('--最佳划分特征：', 'label')
('--最佳划分值：', 1)
('叶子节点预测值：', -1.006642001679845)
('叶子节点预测值：', 1.0558754847687786)
第28棵树: log-likelihood:10.1085
