-----------------------------构建第23颗树-----------------------------
--树的深度：0
('----划分特征：', 1)
------划分值:0.000,左节点损失:0.000,右节点损失:5.155,总损失:5.155
('----划分特征：', 2)
------划分值:0.000,左节点损失:0.000,右节点损失:5.155,总损失:5.155
('----划分特征：', 3)
------划分值:0.000,左节点损失:0.000,右节点损失:5.155,总损失:5.155
('----划分特征：', 4)
------划分值:0.000,左节点损失:0.000,右节点损失:5.155,总损失:5.155
('----划分特征：', 5)
------划分值:0.000,左节点损失:0.000,右节点损失:5.155,总损失:5.155
('----划分特征：', 6)
------划分值:0.000,左节点损失:0.000,右节点损失:5.155,总损失:5.155
('----划分特征：', 7)
------划分值:0.000,左节点损失:0.000,右节点损失:5.155,总损失:5.155
('----划分特征：', 8)
------划分值:0.000,左节点损失:0.000,右节点损失:5.155,总损失:5.155
('----划分特征：', 9)
------划分值:0.000,左节点损失:0.000,右节点损失:5.155,总损失:5.155
('----划分特征：', 10)
------划分值:0.000,左节点损失:0.000,右节点损失:5.155,总损失:5.155
('----划分特征：', 11)
------划分值:0.000,左节点损失:0.000,右节点损失:5.155,总损失:5.155
('----划分特征：', 12)
------划分值:0.000,左节点损失:0.000,右节点损失:5.155,总损失:5.155
('----划分特征：', 13)
------划分值:0.000,左节点损失:0.000,右节点损失:5.155,总损失:5.155
('----划分特征：', 14)
------划分值:0.000,左节点损失:0.000,右节点损失:5.155,总损失:5.155
('----划分特征：', 15)
------划分值:0.000,左节点损失:0.000,右节点损失:5.155,总损失:5.155
('----划分特征：', 16)
------划分值:0.000,左节点损失:0.000,右节点损失:5.155,总损失:5.155
('----划分特征：', 17)
------划分值:0.000,左节点损失:0.000,右节点损失:5.155,总损失:5.155
('----划分特征：', 18)
------划分值:0.000,左节点损失:0.000,右节点损失:5.155,总损失:5.155
('----划分特征：', 19)
------划分值:0.000,左节点损失:0.000,右节点损失:5.155,总损失:5.155
('----划分特征：', 20)
------划分值:0.000,左节点损失:0.000,右节点损失:5.155,总损失:5.155
('----划分特征：', 21)
------划分值:0.000,左节点损失:0.000,右节点损失:5.155,总损失:5.155
('----划分特征：', 22)
------划分值:0.000,左节点损失:0.000,右节点损失:5.155,总损失:5.155
('----划分特征：', 23)
------划分值:0.000,左节点损失:0.000,右节点损失:5.155,总损失:5.155
('----划分特征：', 24)
------划分值:0.000,左节点损失:0.000,右节点损失:5.155,总损失:5.155
('----划分特征：', 25)
------划分值:0.000,左节点损失:0.000,右节点损失:5.155,总损失:5.155
('----划分特征：', 26)
------划分值:0.000,左节点损失:0.000,右节点损失:5.155,总损失:5.155
('----划分特征：', 27)
------划分值:0.000,左节点损失:0.000,右节点损失:5.155,总损失:5.155
('----划分特征：', 28)
------划分值:0.000,左节点损失:0.000,右节点损失:5.155,总损失:5.155
('----划分特征：', 29)
------划分值:0.000,左节点损失:0.000,右节点损失:5.155,总损失:5.155
('----划分特征：', 30)
------划分值:0.000,左节点损失:0.000,右节点损失:5.155,总损失:5.155
('----划分特征：', 31)
------划分值:0.000,左节点损失:0.000,右节点损失:5.155,总损失:5.155
('----划分特征：', 32)
------划分值:0.000,左节点损失:0.000,右节点损失:5.155,总损失:5.155
('----划分特征：', 33)
------划分值:0.000,左节点损失:0.000,右节点损失:5.155,总损失:5.155
('----划分特征：', 34)
------划分值:0.000,左节点损失:0.000,右节点损失:5.155,总损失:5.155
('----划分特征：', 35)
------划分值:0.000,左节点损失:0.000,右节点损失:5.155,总损失:5.155
('----划分特征：', 36)
------划分值:0.000,左节点损失:0.000,右节点损失:5.155,总损失:5.155
------划分值:1.000,左节点损失:5.155,右节点损失:0.000,总损失:5.155
('----划分特征：', 37)
------划分值:0.000,左节点损失:0.000,右节点损失:5.155,总损失:5.155
------划分值:1.000,左节点损失:5.155,右节点损失:0.000,总损失:5.155
('----划分特征：', 38)
------划分值:0.000,左节点损失:0.000,右节点损失:5.155,总损失:5.155
------划分值:1.000,左节点损失:5.155,右节点损失:0.000,总损失:5.155
('----划分特征：', 39)
------划分值:0.000,左节点损失:0.000,右节点损失:5.155,总损失:5.155
------划分值:1.000,左节点损失:5.155,右节点损失:0.000,总损失:5.155
('----划分特征：', 40)
------划分值:0.000,左节点损失:0.000,右节点损失:5.155,总损失:5.155
------划分值:1.000,左节点损失:5.155,右节点损失:0.000,总损失:5.155
('----划分特征：', 41)
------划分值:0.000,左节点损失:0.000,右节点损失:5.155,总损失:5.155
------划分值:1.000,左节点损失:5.155,右节点损失:0.000,总损失:5.155
('----划分特征：', 42)
------划分值:0.000,左节点损失:0.000,右节点损失:5.155,总损失:5.155
------划分值:1.000,左节点损失:5.155,右节点损失:0.000,总损失:5.155
('----划分特征：', 43)
------划分值:0.000,左节点损失:0.000,右节点损失:5.155,总损失:5.155
------划分值:1.000,左节点损失:5.155,右节点损失:0.000,总损失:5.155
('----划分特征：', 44)
------划分值:0.000,左节点损失:0.000,右节点损失:5.155,总损失:5.155
------划分值:1.000,左节点损失:5.155,右节点损失:0.000,总损失:5.155
('----划分特征：', 45)
------划分值:0.000,左节点损失:0.000,右节点损失:5.155,总损失:5.155
------划分值:1.000,左节点损失:5.155,右节点损失:0.000,总损失:5.155
('----划分特征：', 46)
------划分值:0.000,左节点损失:0.000,右节点损失:5.155,总损失:5.155
------划分值:1.000,左节点损失:5.155,右节点损失:0.000,总损失:5.155
('----划分特征：', 47)
------划分值:0.000,左节点损失:0.000,右节点损失:5.155,总损失:5.155
------划分值:1.000,左节点损失:5.155,右节点损失:0.000,总损失:5.155
('----划分特征：', 48)
------划分值:0.000,左节点损失:0.000,右节点损失:5.155,总损失:5.155
------划分值:1.000,左节点损失:5.155,右节点损失:0.000,总损失:5.155
('----划分特征：', 49)
------划分值:0.000,左节点损失:0.000,右节点损失:5.155,总损失:5.155
------划分值:1.000,左节点损失:5.155,右节点损失:0.000,总损失:5.155
('----划分特征：', 50)
------划分值:0.000,左节点损失:0.000,右节点损失:5.155,总损失:5.155
------划分值:1.000,左节点损失:5.155,右节点损失:0.000,总损失:5.155
('----划分特征：', 51)
------划分值:0.000,左节点损失:0.000,右节点损失:5.155,总损失:5.155
('----划分特征：', 52)
------划分值:0.000,左节点损失:0.000,右节点损失:5.155,总损失:5.155
('----划分特征：', 53)
------划分值:0.000,左节点损失:0.000,右节点损失:5.155,总损失:5.155
('----划分特征：', 54)
------划分值:0.000,左节点损失:0.000,右节点损失:5.155,总损失:5.155
('----划分特征：', 55)
------划分值:0.000,左节点损失:0.000,右节点损失:5.155,总损失:5.155
('----划分特征：', 56)
------划分值:0.000,左节点损失:0.000,右节点损失:5.155,总损失:5.155
('----划分特征：', 57)
------划分值:0.000,左节点损失:0.000,右节点损失:5.155,总损失:5.155
('----划分特征：', 58)
------划分值:0.000,左节点损失:0.000,右节点损失:5.155,总损失:5.155
('----划分特征：', 59)
------划分值:0.000,左节点损失:0.000,右节点损失:5.155,总损失:5.155
('----划分特征：', 60)
------划分值:0.000,左节点损失:0.000,右节点损失:5.155,总损失:5.155
('----划分特征：', 61)
------划分值:0.000,左节点损失:0.000,右节点损失:5.155,总损失:5.155
('----划分特征：', 62)
------划分值:0.000,左节点损失:0.000,右节点损失:5.155,总损失:5.155
('----划分特征：', 63)
------划分值:0.000,左节点损失:0.000,右节点损失:5.155,总损失:5.155
('----划分特征：', 64)
------划分值:0.000,左节点损失:0.000,右节点损失:5.155,总损失:5.155
------划分值:1.000,左节点损失:5.155,右节点损失:0.000,总损失:5.155
('----划分特征：', 65)
------划分值:0.000,左节点损失:0.000,右节点损失:5.155,总损失:5.155
------划分值:1.000,左节点损失:5.155,右节点损失:0.000,总损失:5.155
('----划分特征：', 66)
------划分值:0.000,左节点损失:0.000,右节点损失:5.155,总损失:5.155
------划分值:1.000,左节点损失:5.154,右节点损失:0.000,总损失:5.154
('----划分特征：', 67)
------划分值:0.000,左节点损失:0.000,右节点损失:5.155,总损失:5.155
------划分值:1.000,左节点损失:5.153,右节点损失:0.000,总损失:5.153
('----划分特征：', 68)
------划分值:0.000,左节点损失:0.000,右节点损失:5.155,总损失:5.155
------划分值:1.000,左节点损失:5.153,右节点损失:0.000,总损失:5.153
('----划分特征：', 69)
------划分值:0.000,左节点损失:0.000,右节点损失:5.155,总损失:5.155
------划分值:1.000,左节点损失:5.152,右节点损失:0.000,总损失:5.152
('----划分特征：', 70)
------划分值:0.000,左节点损失:0.000,右节点损失:5.155,总损失:5.155
------划分值:1.000,左节点损失:5.150,右节点损失:0.000,总损失:5.150
('----划分特征：', 71)
------划分值:0.000,左节点损失:0.000,右节点损失:5.155,总损失:5.155
------划分值:1.000,左节点损失:5.148,右节点损失:0.000,总损失:5.148
('----划分特征：', 72)
------划分值:0.000,左节点损失:0.000,右节点损失:5.155,总损失:5.155
------划分值:1.000,左节点损失:5.145,右节点损失:0.000,总损失:5.145
('----划分特征：', 73)
------划分值:0.000,左节点损失:0.000,右节点损失:5.155,总损失:5.155
------划分值:1.000,左节点损失:5.145,右节点损失:0.000,总损失:5.145
('----划分特征：', 74)
------划分值:0.000,左节点损失:0.000,右节点损失:5.155,总损失:5.155
------划分值:1.000,左节点损失:5.147,右节点损失:0.000,总损失:5.147
('----划分特征：', 75)
------划分值:0.000,左节点损失:0.000,右节点损失:5.155,总损失:5.155
------划分值:1.000,左节点损失:5.150,右节点损失:0.000,总损失:5.150
('----划分特征：', 76)
------划分值:0.000,左节点损失:0.000,右节点损失:5.155,总损失:5.155
------划分值:1.000,左节点损失:5.153,右节点损失:0.000,总损失:5.153
('----划分特征：', 77)
------划分值:0.000,左节点损失:0.000,右节点损失:5.155,总损失:5.155
------划分值:1.000,左节点损失:5.154,右节点损失:0.000,总损失:5.154
('----划分特征：', 78)
------划分值:0.000,左节点损失:0.000,右节点损失:5.155,总损失:5.155
------划分值:1.000,左节点损失:5.155,右节点损失:0.000,总损失:5.155
('----划分特征：', 79)
------划分值:0.000,左节点损失:0.000,右节点损失:5.155,总损失:5.155
------划分值:1.000,左节点损失:5.155,右节点损失:0.000,总损失:5.155
('----划分特征：', 80)
------划分值:0.000,左节点损失:0.000,右节点损失:5.155,总损失:5.155
('----划分特征：', 81)
------划分值:0.000,左节点损失:0.000,右节点损失:5.155,总损失:5.155
('----划分特征：', 82)
------划分值:0.000,左节点损失:0.000,右节点损失:5.155,总损失:5.155
('----划分特征：', 83)
------划分值:0.000,左节点损失:0.000,右节点损失:5.155,总损失:5.155
('----划分特征：', 84)
------划分值:0.000,左节点损失:0.000,右节点损失:5.155,总损失:5.155
('----划分特征：', 85)
------划分值:0.000,左节点损失:0.000,右节点损失:5.155,总损失:5.155
('----划分特征：', 86)
------划分值:0.000,左节点损失:0.000,右节点损失:5.155,总损失:5.155
('----划分特征：', 87)
------划分值:0.000,左节点损失:0.000,右节点损失:5.155,总损失:5.155
('----划分特征：', 88)
------划分值:0.000,左节点损失:0.000,右节点损失:5.155,总损失:5.155
('----划分特征：', 89)
------划分值:0.000,左节点损失:0.000,右节点损失:5.155,总损失:5.155
------划分值:1.000,左节点损失:5.155,右节点损失:0.000,总损失:5.155
('----划分特征：', 90)
------划分值:0.000,左节点损失:0.000,右节点损失:5.155,总损失:5.155
------划分值:1.000,左节点损失:5.155,右节点损失:0.000,总损失:5.155
('----划分特征：', 91)
------划分值:0.000,左节点损失:0.000,右节点损失:5.155,总损失:5.155
------划分值:1.000,左节点损失:5.155,右节点损失:0.000,总损失:5.155
('----划分特征：', 92)
------划分值:0.000,左节点损失:0.000,右节点损失:5.155,总损失:5.155
------划分值:1.000,左节点损失:5.153,右节点损失:0.000,总损失:5.153
('----划分特征：', 93)
------划分值:0.000,左节点损失:0.000,右节点损失:5.155,总损失:5.155
------划分值:1.000,左节点损失:5.152,右节点损失:0.000,总损失:5.152
('----划分特征：', 94)
------划分值:0.000,左节点损失:0.000,右节点损失:5.155,总损失:5.155
------划分值:1.000,左节点损失:5.148,右节点损失:0.000,总损失:5.148
('----划分特征：', 95)
------划分值:0.000,左节点损失:0.000,右节点损失:5.155,总损失:5.155
------划分值:1.000,左节点损失:5.138,右节点损失:0.010,总损失:5.147
('----划分特征：', 96)
------划分值:0.000,左节点损失:0.000,右节点损失:5.155,总损失:5.155
------划分值:1.000,左节点损失:5.110,右节点损失:0.038,总损失:5.148
('----划分特征：', 97)
------划分值:0.000,左节点损失:0.000,右节点损失:5.155,总损失:5.155
------划分值:1.000,左节点损失:5.082,右节点损失:0.065,总损失:5.148
('----划分特征：', 98)
------划分值:0.000,左节点损失:0.000,右节点损失:5.155,总损失:5.155
------划分值:1.000,左节点损失:5.054,右节点损失:0.093,总损失:5.146
('----划分特征：', 99)
------划分值:0.000,左节点损失:0.000,右节点损失:5.155,总损失:5.155
------划分值:1.000,左节点损失:5.039,右节点损失:0.103,总损失:5.142
('----划分特征：', 100)
------划分值:0.000,左节点损失:0.000,右节点损失:5.155,总损失:5.155
------划分值:1.000,左节点损失:5.050,右节点损失:0.085,总损失:5.135
('----划分特征：', 101)
------划分值:0.000,左节点损失:0.000,右节点损失:5.155,总损失:5.155
------划分值:1.000,左节点损失:5.060,右节点损失:0.076,总损失:5.135
('----划分特征：', 102)
------划分值:0.000,左节点损失:0.000,右节点损失:5.155,总损失:5.155
------划分值:1.000,左节点损失:5.099,右节点损失:0.038,总损失:5.137
('----划分特征：', 103)
------划分值:0.000,左节点损失:0.000,右节点损失:5.155,总损失:5.155
------划分值:1.000,左节点损失:5.099,右节点损失:0.047,总损失:5.146
('----划分特征：', 104)
------划分值:0.000,左节点损失:0.000,右节点损失:5.155,总损失:5.155
------划分值:1.000,左节点损失:5.131,右节点损失:0.019,总损失:5.150
('----划分特征：', 105)
------划分值:0.000,左节点损失:0.000,右节点损失:5.155,总损失:5.155
------划分值:1.000,左节点损失:5.151,右节点损失:0.000,总损失:5.151
('----划分特征：', 106)
------划分值:0.000,左节点损失:0.000,右节点损失:5.155,总损失:5.155
------划分值:1.000,左节点损失:5.154,右节点损失:0.000,总损失:5.154
('----划分特征：', 107)
------划分值:0.000,左节点损失:0.000,右节点损失:5.155,总损失:5.155
------划分值:1.000,左节点损失:5.155,右节点损失:0.000,总损失:5.155
('----划分特征：', 108)
------划分值:0.000,左节点损失:0.000,右节点损失:5.155,总损失:5.155
------划分值:1.000,左节点损失:5.155,右节点损失:0.000,总损失:5.155
('----划分特征：', 109)
------划分值:0.000,左节点损失:0.000,右节点损失:5.155,总损失:5.155
('----划分特征：', 110)
------划分值:0.000,左节点损失:0.000,右节点损失:5.155,总损失:5.155
('----划分特征：', 111)
------划分值:0.000,左节点损失:0.000,右节点损失:5.155,总损失:5.155
('----划分特征：', 112)
------划分值:0.000,左节点损失:0.000,右节点损失:5.155,总损失:5.155
('----划分特征：', 113)
------划分值:0.000,左节点损失:0.000,右节点损失:5.155,总损失:5.155
('----划分特征：', 114)
------划分值:0.000,左节点损失:0.000,右节点损失:5.155,总损失:5.155
('----划分特征：', 115)
------划分值:0.000,左节点损失:0.000,右节点损失:5.155,总损失:5.155
('----划分特征：', 116)
------划分值:0.000,左节点损失:0.000,右节点损失:5.155,总损失:5.155
------划分值:1.000,左节点损失:5.155,右节点损失:0.000,总损失:5.155
('----划分特征：', 117)
------划分值:0.000,左节点损失:0.000,右节点损失:5.155,总损失:5.155
------划分值:1.000,左节点损失:5.155,右节点损失:0.000,总损失:5.155
('----划分特征：', 118)
------划分值:0.000,左节点损失:0.000,右节点损失:5.155,总损失:5.155
------划分值:1.000,左节点损失:5.154,右节点损失:0.000,总损失:5.154
('----划分特征：', 119)
------划分值:0.000,左节点损失:0.000,右节点损失:5.155,总损失:5.155
------划分值:1.000,左节点损失:5.152,右节点损失:0.000,总损失:5.152
('----划分特征：', 120)
------划分值:0.000,左节点损失:0.000,右节点损失:5.155,总损失:5.155
------划分值:1.000,左节点损失:5.148,右节点损失:0.000,总损失:5.148
('----划分特征：', 121)
------划分值:0.000,左节点损失:0.000,右节点损失:5.155,总损失:5.155
------划分值:1.000,左节点损失:5.118,右节点损失:0.028,总损失:5.146
('----划分特征：', 122)
------划分值:0.000,左节点损失:0.000,右节点损失:5.155,总损失:5.155
------划分值:1.000,左节点损失:5.045,右节点损失:0.102,总损失:5.147
('----划分特征：', 123)
------划分值:0.000,左节点损失:0.000,右节点损失:5.155,总损失:5.155
------划分值:1.000,左节点损失:4.924,右节点损失:0.226,总损失:5.150
('----划分特征：', 124)
------划分值:0.000,左节点损失:0.000,右节点损失:5.155,总损失:5.155
------划分值:1.000,左节点损失:4.652,右节点损失:0.503,总损失:5.155
('----划分特征：', 125)
------划分值:0.000,左节点损失:0.000,右节点损失:5.155,总损失:5.155
------划分值:1.000,左节点损失:4.266,右节点损失:0.878,总损失:5.144
('----划分特征：', 126)
------划分值:0.000,左节点损失:0.000,右节点损失:5.155,总损失:5.155
------划分值:1.000,左节点损失:4.148,右节点损失:1.002,总损失:5.150
('----划分特征：', 127)
------划分值:0.000,左节点损失:0.000,右节点损失:5.155,总损失:5.155
------划分值:1.000,左节点损失:3.900,右节点损失:1.241,总损失:5.140
('----划分特征：', 128)
------划分值:0.000,左节点损失:0.000,右节点损失:5.155,总损失:5.155
------划分值:1.000,左节点损失:3.778,右节点损失:1.353,总损失:5.131
('----划分特征：', 129)
------划分值:0.000,左节点损失:0.000,右节点损失:5.155,总损失:5.155
------划分值:1.000,左节点损失:3.889,右节点损失:1.243,总损失:5.132
('----划分特征：', 130)
------划分值:0.000,左节点损失:0.000,右节点损失:5.155,总损失:5.155
------划分值:1.000,左节点损失:4.071,右节点损失:1.057,总损失:5.128
('----划分特征：', 131)
------划分值:0.000,左节点损失:0.000,右节点损失:5.155,总损失:5.155
------划分值:1.000,左节点损失:4.303,右节点损失:0.822,总损失:5.126
('----划分特征：', 132)
------划分值:0.000,左节点损失:0.000,右节点损失:5.155,总损失:5.155
------划分值:1.000,左节点损失:4.598,右节点损失:0.535,总损失:5.133
('----划分特征：', 133)
------划分值:0.000,左节点损失:0.000,右节点损失:5.155,总损失:5.155
------划分值:1.000,左节点损失:4.905,右节点损失:0.244,总损失:5.149
('----划分特征：', 134)
------划分值:0.000,左节点损失:0.000,右节点损失:5.155,总损失:5.155
------划分值:1.000,左节点损失:5.060,右节点损失:0.095,总损失:5.155
('----划分特征：', 135)
------划分值:0.000,左节点损失:0.000,右节点损失:5.155,总损失:5.155
------划分值:1.000,左节点损失:5.136,右节点损失:0.018,总损失:5.154
('----划分特征：', 136)
------划分值:0.000,左节点损失:0.000,右节点损失:5.155,总损失:5.155
------划分值:1.000,左节点损失:5.146,右节点损失:0.009,总损失:5.155
('----划分特征：', 137)
------划分值:0.000,左节点损失:0.000,右节点损失:5.155,总损失:5.155
('----划分特征：', 138)
------划分值:0.000,左节点损失:0.000,右节点损失:5.155,总损失:5.155
('----划分特征：', 139)
------划分值:0.000,左节点损失:0.000,右节点损失:5.155,总损失:5.155
('----划分特征：', 140)
------划分值:0.000,左节点损失:0.000,右节点损失:5.155,总损失:5.155
('----划分特征：', 141)
------划分值:0.000,左节点损失:0.000,右节点损失:5.155,总损失:5.155
('----划分特征：', 142)
------划分值:0.000,左节点损失:0.000,右节点损失:5.155,总损失:5.155
('----划分特征：', 143)
------划分值:0.000,左节点损失:0.000,右节点损失:5.155,总损失:5.155
------划分值:1.000,左节点损失:5.155,右节点损失:0.000,总损失:5.155
('----划分特征：', 144)
------划分值:0.000,左节点损失:0.000,右节点损失:5.155,总损失:5.155
------划分值:1.000,左节点损失:5.155,右节点损失:0.000,总损失:5.155
('----划分特征：', 145)
------划分值:0.000,左节点损失:0.000,右节点损失:5.155,总损失:5.155
------划分值:1.000,左节点损失:5.152,右节点损失:0.000,总损失:5.152
('----划分特征：', 146)
------划分值:0.000,左节点损失:0.000,右节点损失:5.155,总损失:5.155
------划分值:1.000,左节点损失:5.149,右节点损失:0.000,总损失:5.149
('----划分特征：', 147)
------划分值:0.000,左节点损失:0.000,右节点损失:5.155,总损失:5.155
------划分值:1.000,左节点损失:5.134,右节点损失:0.010,总损失:5.144
('----划分特征：', 148)
------划分值:0.000,左节点损失:0.000,右节点损失:5.155,总损失:5.155
------划分值:1.000,左节点损失:5.108,右节点损失:0.029,总损失:5.137
('----划分特征：', 149)
------划分值:0.000,左节点损失:0.000,右节点损失:5.155,总损失:5.155
------划分值:1.000,左节点损失:4.983,右节点损失:0.158,总损失:5.141
('----划分特征：', 150)
------划分值:0.000,左节点损失:0.000,右节点损失:5.155,总损失:5.155
------划分值:1.000,左节点损失:4.769,右节点损失:0.379,总损失:5.148
('----划分特征：', 151)
------划分值:0.000,左节点损失:0.000,右节点损失:5.155,总损失:5.155
------划分值:1.000,左节点损失:4.321,右节点损失:0.834,总损失:5.155
('----划分特征：', 152)
------划分值:0.000,左节点损失:0.000,右节点损失:5.155,总损失:5.155
------划分值:1.000,左节点损失:3.784,右节点损失:1.360,总损失:5.144
('----划分特征：', 153)
------划分值:0.000,左节点损失:0.000,右节点损失:5.155,总损失:5.155
------划分值:1.000,左节点损失:3.246,右节点损失:1.879,总损失:5.125
('----划分特征：', 154)
------划分值:0.000,左节点损失:0.000,右节点损失:5.155,总损失:5.155
------划分值:1.000,左节点损失:2.574,右节点损失:2.497,总损失:5.071
('----划分特征：', 155)
------划分值:0.000,左节点损失:0.000,右节点损失:5.155,总损失:5.155
------划分值:1.000,左节点损失:2.130,右节点损失:2.890,总损失:5.020
('----划分特征：', 156)
------划分值:0.000,左节点损失:0.000,右节点损失:5.155,总损失:5.155
------划分值:1.000,左节点损失:1.951,右节点损失:3.022,总损失:4.974
('----划分特征：', 157)
------划分值:1.000,左节点损失:2.221,右节点损失:2.778,总损失:5.000
------划分值:0.000,左节点损失:0.000,右节点损失:5.155,总损失:5.155
('----划分特征：', 158)
------划分值:1.000,左节点损失:2.620,右节点损失:2.399,总损失:5.019
------划分值:0.000,左节点损失:0.000,右节点损失:5.155,总损失:5.155
('----划分特征：', 159)
------划分值:0.000,左节点损失:0.000,右节点损失:5.155,总损失:5.155
------划分值:1.000,左节点损失:3.353,右节点损失:1.722,总损失:5.075
('----划分特征：', 160)
------划分值:1.000,左节点损失:3.968,右节点损失:1.141,总损失:5.110
------划分值:0.000,左节点损失:0.000,右节点损失:5.155,总损失:5.155
('----划分特征：', 161)
------划分值:1.000,左节点损失:4.501,右节点损失:0.638,总损失:5.139
------划分值:0.000,左节点损失:0.000,右节点损失:5.155,总损失:5.155
('----划分特征：', 162)
------划分值:1.000,左节点损失:4.850,右节点损失:0.303,总损失:5.153
------划分值:0.000,左节点损失:0.000,右节点损失:5.155,总损失:5.155
('----划分特征：', 163)
------划分值:0.000,左节点损失:0.000,右节点损失:5.155,总损失:5.155
------划分值:1.000,左节点损失:5.048,右节点损失:0.107,总损失:5.155
('----划分特征：', 164)
------划分值:0.000,左节点损失:0.000,右节点损失:5.155,总损失:5.155
------划分值:1.000,左节点损失:5.134,右节点损失:0.019,总损失:5.153
('----划分特征：', 165)
------划分值:0.000,左节点损失:0.000,右节点损失:5.155,总损失:5.155
------划分值:1.000,左节点损失:5.154,右节点损失:0.000,总损失:5.154
('----划分特征：', 166)
------划分值:0.000,左节点损失:0.000,右节点损失:5.155,总损失:5.155
------划分值:1.000,左节点损失:5.155,右节点损失:0.000,总损失:5.155
('----划分特征：', 167)
------划分值:0.000,左节点损失:0.000,右节点损失:5.155,总损失:5.155
('----划分特征：', 168)
------划分值:0.000,左节点损失:0.000,右节点损失:5.155,总损失:5.155
('----划分特征：', 169)
------划分值:0.000,左节点损失:0.000,右节点损失:5.155,总损失:5.155
('----划分特征：', 170)
------划分值:0.000,左节点损失:0.000,右节点损失:5.155,总损失:5.155
('----划分特征：', 171)
------划分值:0.000,左节点损失:0.000,右节点损失:5.155,总损失:5.155
------划分值:1.000,左节点损失:5.155,右节点损失:0.000,总损失:5.155
('----划分特征：', 172)
------划分值:0.000,左节点损失:0.000,右节点损失:5.155,总损失:5.155
------划分值:1.000,左节点损失:5.153,右节点损失:0.000,总损失:5.153
('----划分特征：', 173)
------划分值:0.000,左节点损失:0.000,右节点损失:5.155,总损失:5.155
------划分值:1.000,左节点损失:5.142,右节点损失:0.010,总损失:5.151
('----划分特征：', 174)
------划分值:0.000,左节点损失:0.000,右节点损失:5.155,总损失:5.155
------划分值:1.000,左节点损失:5.134,右节点损失:0.010,总损失:5.144
('----划分特征：', 175)
------划分值:0.000,左节点损失:0.000,右节点损失:5.155,总损失:5.155
------划分值:1.000,左节点损失:5.111,右节点损失:0.019,总损失:5.130
('----划分特征：', 176)
------划分值:0.000,左节点损失:0.000,右节点损失:5.155,总损失:5.155
------划分值:1.000,左节点损失:4.962,右节点损失:0.176,总损失:5.138
('----划分特征：', 177)
------划分值:0.000,左节点损失:0.000,右节点损失:5.155,总损失:5.155
------划分值:1.000,左节点损失:4.647,右节点损失:0.502,总损失:5.149
('----划分特征：', 178)
------划分值:0.000,左节点损失:0.000,右节点损失:5.155,总损失:5.155
------划分值:1.000,左节点损失:4.178,右节点损失:0.977,总损失:5.155
('----划分特征：', 179)
------划分值:1.000,左节点损失:3.492,右节点损失:1.649,总损失:5.142
------划分值:0.000,左节点损失:0.000,右节点损失:5.155,总损失:5.155
('----划分特征：', 180)
------划分值:1.000,左节点损失:2.927,右节点损失:2.196,总损失:5.123
------划分值:0.000,左节点损失:0.000,右节点损失:5.155,总损失:5.155
('----划分特征：', 181)
------划分值:1.000,左节点损失:2.279,右节点损失:2.814,总损失:5.093
------划分值:0.000,左节点损失:0.000,右节点损失:5.155,总损失:5.155
('----划分特征：', 182)
------划分值:1.000,左节点损失:1.623,右节点损失:3.417,总损失:5.040
------划分值:0.000,左节点损失:0.000,右节点损失:5.155,总损失:5.155
('----划分特征：', 183)
------划分值:1.000,左节点损失:1.166,右节点损失:3.800,总损失:4.966
------划分值:0.000,左节点损失:0.000,右节点损失:5.155,总损失:5.155
('----划分特征：', 184)
------划分值:1.000,左节点损失:1.096,右节点损失:3.843,总损失:4.939
------划分值:0.000,左节点损失:0.000,右节点损失:5.155,总损失:5.155
('----划分特征：', 185)
------划分值:1.000,左节点损失:1.277,右节点损失:3.658,总损失:4.935
------划分值:0.000,左节点损失:0.000,右节点损失:5.155,总损失:5.155
('----划分特征：', 186)
------划分值:1.000,左节点损失:1.627,右节点损失:3.308,总损失:4.935
------划分值:0.000,左节点损失:0.000,右节点损失:5.155,总损失:5.155
('----划分特征：', 187)
------划分值:1.000,左节点损失:2.320,右节点损失:2.665,总损失:4.985
------划分值:0.000,左节点损失:0.000,右节点损失:5.155,总损失:5.155
('----划分特征：', 188)
------划分值:1.000,左节点损失:3.113,右节点损失:1.918,总损失:5.031
------划分值:0.000,左节点损失:0.000,右节点损失:5.155,总损失:5.155
('----划分特征：', 189)
------划分值:1.000,左节点损失:3.945,右节点损失:1.159,总损失:5.104
------划分值:0.000,左节点损失:0.000,右节点损失:5.155,总损失:5.155
('----划分特征：', 190)
------划分值:1.000,左节点损失:4.548,右节点损失:0.597,总损失:5.145
------划分值:0.000,左节点损失:0.000,右节点损失:5.155,总损失:5.155
('----划分特征：', 191)
------划分值:0.000,左节点损失:0.000,右节点损失:5.155,总损失:5.155
------划分值:1.000,左节点损失:4.952,右节点损失:0.203,总损失:5.155
('----划分特征：', 192)
------划分值:0.000,左节点损失:0.000,右节点损失:5.155,总损失:5.155
------划分值:1.000,左节点损失:5.112,右节点损失:0.037,总损失:5.149
('----划分特征：', 193)
------划分值:0.000,左节点损失:0.000,右节点损失:5.155,总损失:5.155
------划分值:1.000,左节点损失:5.152,右节点损失:0.000,总损失:5.152
('----划分特征：', 194)
------划分值:0.000,左节点损失:0.000,右节点损失:5.155,总损失:5.155
------划分值:1.000,左节点损失:5.155,右节点损失:0.000,总损失:5.155
('----划分特征：', 195)
------划分值:0.000,左节点损失:0.000,右节点损失:5.155,总损失:5.155
------划分值:1.000,左节点损失:5.155,右节点损失:0.000,总损失:5.155
('----划分特征：', 196)
------划分值:0.000,左节点损失:0.000,右节点损失:5.155,总损失:5.155
('----划分特征：', 197)
------划分值:0.000,左节点损失:0.000,右节点损失:5.155,总损失:5.155
------划分值:1.000,左节点损失:5.155,右节点损失:0.000,总损失:5.155
('----划分特征：', 198)
------划分值:0.000,左节点损失:0.000,右节点损失:5.155,总损失:5.155
------划分值:1.000,左节点损失:5.155,右节点损失:0.000,总损失:5.155
('----划分特征：', 199)
------划分值:0.000,左节点损失:0.000,右节点损失:5.155,总损失:5.155
------划分值:1.000,左节点损失:5.154,右节点损失:0.000,总损失:5.154
('----划分特征：', 200)
------划分值:0.000,左节点损失:0.000,右节点损失:5.155,总损失:5.155
------划分值:1.000,左节点损失:5.151,右节点损失:0.000,总损失:5.151
('----划分特征：', 201)
------划分值:0.000,左节点损失:0.000,右节点损失:5.155,总损失:5.155
------划分值:1.000,左节点损失:5.136,右节点损失:0.010,总损失:5.146
('----划分特征：', 202)
------划分值:0.000,左节点损失:0.000,右节点损失:5.155,总损失:5.155
------划分值:1.000,左节点损失:5.126,右节点损失:0.010,总损失:5.136
('----划分特征：', 203)
------划分值:0.000,左节点损失:0.000,右节点损失:5.155,总损失:5.155
------划分值:1.000,左节点损失:5.021,右节点损失:0.113,总损失:5.133
('----划分特征：', 204)
------划分值:1.000,左节点损失:4.750,右节点损失:0.391,总损失:5.142
------划分值:0.000,左节点损失:0.000,右节点损失:5.155,总损失:5.155
('----划分特征：', 205)
------划分值:1.000,左节点损失:4.210,右节点损失:0.945,总损失:5.155
------划分值:0.000,左节点损失:0.000,右节点损失:5.155,总损失:5.155
('----划分特征：', 206)
------划分值:1.000,左节点损失:3.565,右节点损失:1.586,总损失:5.151
------划分值:0.000,左节点损失:0.000,右节点损失:5.155,总损失:5.155
('----划分特征：', 207)
------划分值:1.000,左节点损失:2.945,右节点损失:2.189,总损失:5.134
------划分值:0.000,左节点损失:0.000,右节点损失:5.155,总损失:5.155
('----划分特征：', 208)
------划分值:1.000,左节点损失:2.142,右节点损失:2.943,总损失:5.084
------划分值:0.000,左节点损失:0.000,右节点损失:5.155,总损失:5.155
('----划分特征：', 209)
------划分值:1.000,左节点损失:1.627,右节点损失:3.439,总损失:5.065
------划分值:0.000,左节点损失:0.000,右节点损失:5.155,总损失:5.155
('----划分特征：', 210)
------划分值:1.000,左节点损失:1.346,右节点损失:3.698,总损失:5.044
------划分值:0.000,左节点损失:0.000,右节点损失:5.155,总损失:5.155
('----划分特征：', 211)
------划分值:1.000,左节点损失:1.136,右节点损失:3.865,总损失:5.001
------划分值:0.000,左节点损失:0.000,右节点损失:5.155,总损失:5.155
('----划分特征：', 212)
------划分值:1.000,左节点损失:1.181,右节点损失:3.830,总损失:5.010
------划分值:0.000,左节点损失:0.000,右节点损失:5.155,总损失:5.155
('----划分特征：', 213)
------划分值:1.000,左节点损失:1.103,右节点损失:3.863,总损失:4.967
------划分值:0.000,左节点损失:0.000,右节点损失:5.155,总损失:5.155
('----划分特征：', 214)
------划分值:0.000,左节点损失:0.000,右节点损失:5.155,总损失:5.155
------划分值:1.000,左节点损失:1.277,右节点损失:3.662,总损失:4.939
('----划分特征：', 215)
------划分值:0.000,左节点损失:0.000,右节点损失:5.155,总损失:5.155
------划分值:1.000,左节点损失:1.697,右节点损失:3.252,总损失:4.949
('----划分特征：', 216)
------划分值:0.000,左节点损失:0.000,右节点损失:5.155,总损失:5.155
------划分值:1.000,左节点损失:2.435,右节点损失:2.544,总损失:4.979
('----划分特征：', 217)
------划分值:0.000,左节点损失:0.000,右节点损失:5.155,总损失:5.155
------划分值:1.000,左节点损失:3.366,右节点损失:1.692,总损失:5.058
('----划分特征：', 218)
------划分值:0.000,左节点损失:0.000,右节点损失:5.155,总损失:5.155
------划分值:1.000,左节点损失:4.194,右节点损失:0.926,总损失:5.121
('----划分特征：', 219)
------划分值:0.000,左节点损失:0.000,右节点损失:5.155,总损失:5.155
------划分值:1.000,左节点损失:4.763,右节点损失:0.390,总损失:5.153
('----划分特征：', 220)
------划分值:0.000,左节点损失:0.000,右节点损失:5.155,总损失:5.155
------划分值:1.000,左节点损失:5.061,右节点损失:0.091,总损失:5.152
('----划分特征：', 221)
------划分值:0.000,左节点损失:0.000,右节点损失:5.155,总损失:5.155
------划分值:1.000,左节点损失:5.148,右节点损失:0.000,总损失:5.148
('----划分特征：', 222)
------划分值:0.000,左节点损失:0.000,右节点损失:5.155,总损失:5.155
------划分值:1.000,左节点损失:5.154,右节点损失:0.000,总损失:5.154
('----划分特征：', 223)
------划分值:0.000,左节点损失:0.000,右节点损失:5.155,总损失:5.155
------划分值:1.000,左节点损失:5.155,右节点损失:0.000,总损失:5.155
('----划分特征：', 224)
------划分值:0.000,左节点损失:0.000,右节点损失:5.155,总损失:5.155
------划分值:1.000,左节点损失:5.155,右节点损失:0.000,总损失:5.155
('----划分特征：', 225)
------划分值:0.000,左节点损失:0.000,右节点损失:5.155,总损失:5.155
------划分值:1.000,左节点损失:5.155,右节点损失:0.000,总损失:5.155
('----划分特征：', 226)
------划分值:0.000,左节点损失:0.000,右节点损失:5.155,总损失:5.155
------划分值:1.000,左节点损失:5.155,右节点损失:0.000,总损失:5.155
('----划分特征：', 227)
------划分值:0.000,左节点损失:0.000,右节点损失:5.155,总损失:5.155
------划分值:1.000,左节点损失:5.153,右节点损失:0.000,总损失:5.153
('----划分特征：', 228)
------划分值:0.000,左节点损失:0.000,右节点损失:5.155,总损失:5.155
------划分值:1.000,左节点损失:5.148,右节点损失:0.000,总损失:5.148
('----划分特征：', 229)
------划分值:0.000,左节点损失:0.000,右节点损失:5.155,总损失:5.155
------划分值:1.000,左节点损失:5.123,右节点损失:0.019,总损失:5.142
('----划分特征：', 230)
------划分值:0.000,左节点损失:0.000,右节点损失:5.155,总损失:5.155
------划分值:1.000,左节点损失:5.069,右节点损失:0.066,总损失:5.136
('----划分特征：', 231)
------划分值:0.000,左节点损失:0.000,右节点损失:5.155,总损失:5.155
------划分值:1.000,左节点损失:4.863,右节点损失:0.276,总损失:5.139
('----划分特征：', 232)
------划分值:1.000,左节点损失:4.356,右节点损失:0.798,总损失:5.155
------划分值:0.000,左节点损失:0.000,右节点损失:5.155,总损失:5.155
('----划分特征：', 233)
------划分值:1.000,左节点损失:3.736,右节点损失:1.416,总损失:5.152
------划分值:0.000,左节点损失:0.000,右节点损失:5.155,总损失:5.155
('----划分特征：', 234)
------划分值:1.000,左节点损失:2.890,右节点损失:2.235,总损失:5.125
------划分值:0.000,左节点损失:0.000,右节点损失:5.155,总损失:5.155
('----划分特征：', 235)
------划分值:1.000,左节点损失:2.202,右节点损失:2.885,总损失:5.087
------划分值:0.000,左节点损失:0.000,右节点损失:5.155,总损失:5.155
('----划分特征：', 236)
------划分值:1.000,左节点损失:1.708,右节点损失:3.351,总损失:5.059
------划分值:0.000,左节点损失:0.000,右节点损失:5.155,总损失:5.155
('----划分特征：', 237)
------划分值:1.000,左节点损失:1.550,右节点损失:3.503,总损失:5.052
------划分值:0.000,左节点损失:0.000,右节点损失:5.155,总损失:5.155
('----划分特征：', 238)
------划分值:1.000,左节点损失:1.577,右节点损失:3.473,总损失:5.049
------划分值:0.000,左节点损失:0.000,右节点损失:5.155,总损失:5.155
('----划分特征：', 239)
------划分值:1.000,左节点损失:1.835,右节点损失:3.247,总损失:5.081
------划分值:0.000,左节点损失:0.000,右节点损失:5.155,总损失:5.155
('----划分特征：', 240)
------划分值:1.000,左节点损失:2.034,右节点损失:3.077,总损失:5.112
------划分值:0.000,左节点损失:0.000,右节点损失:5.155,总损失:5.155
('----划分特征：', 241)
------划分值:1.000,左节点损失:1.917,右节点损失:3.182,总损失:5.099
------划分值:0.000,左节点损失:0.000,右节点损失:5.155,总损失:5.155
('----划分特征：', 242)
------划分值:0.000,左节点损失:0.000,右节点损失:5.155,总损失:5.155
------划分值:1.000,左节点损失:1.598,右节点损失:3.434,总损失:5.031
('----划分特征：', 243)
------划分值:0.000,左节点损失:0.000,右节点损失:5.155,总损失:5.155
------划分值:1.000,左节点损失:1.579,右节点损失:3.386,总损失:4.965
('----划分特征：', 244)
------划分值:0.000,左节点损失:0.000,右节点损失:5.155,总损失:5.155
------划分值:1.000,左节点损失:1.905,右节点损失:2.994,总损失:4.899
('----划分特征：', 245)
------划分值:0.000,左节点损失:0.000,右节点损失:5.155,总损失:5.155
------划分值:1.000,左节点损失:2.802,右节点损失:2.163,总损失:4.965
('----划分特征：', 246)
------划分值:0.000,左节点损失:0.000,右节点损失:5.155,总损失:5.155
------划分值:1.000,左节点损失:3.722,右节点损失:1.312,总损失:5.034
('----划分特征：', 247)
------划分值:0.000,左节点损失:0.000,右节点损失:5.155,总损失:5.155
------划分值:1.000,左节点损失:4.557,右节点损失:0.573,总损失:5.130
('----划分特征：', 248)
------划分值:0.000,左节点损失:0.000,右节点损失:5.155,总损失:5.155
------划分值:1.000,左节点损失:5.015,右节点损失:0.141,总损失:5.155
('----划分特征：', 249)
------划分值:0.000,左节点损失:0.000,右节点损失:5.155,总损失:5.155
------划分值:1.000,左节点损失:5.149,右节点损失:0.000,总损失:5.149
('----划分特征：', 250)
------划分值:0.000,左节点损失:0.000,右节点损失:5.155,总损失:5.155
------划分值:1.000,左节点损失:5.154,右节点损失:0.000,总损失:5.154
('----划分特征：', 251)
------划分值:0.000,左节点损失:0.000,右节点损失:5.155,总损失:5.155
------划分值:1.000,左节点损失:5.155,右节点损失:0.000,总损失:5.155
('----划分特征：', 252)
------划分值:0.000,左节点损失:0.000,右节点损失:5.155,总损失:5.155
('----划分特征：', 253)
------划分值:0.000,左节点损失:0.000,右节点损失:5.155,总损失:5.155
------划分值:1.000,左节点损失:5.155,右节点损失:0.000,总损失:5.155
('----划分特征：', 254)
------划分值:0.000,左节点损失:0.000,右节点损失:5.155,总损失:5.155
------划分值:1.000,左节点损失:5.154,右节点损失:0.000,总损失:5.154
('----划分特征：', 255)
------划分值:0.000,左节点损失:0.000,右节点损失:5.155,总损失:5.155
------划分值:1.000,左节点损失:5.152,右节点损失:0.000,总损失:5.152
('----划分特征：', 256)
------划分值:0.000,左节点损失:0.000,右节点损失:5.155,总损失:5.155
------划分值:1.000,左节点损失:5.147,右节点损失:0.000,总损失:5.147
('----划分特征：', 257)
------划分值:0.000,左节点损失:0.000,右节点损失:5.155,总损失:5.155
------划分值:1.000,左节点损失:5.118,右节点损失:0.019,总损失:5.138
('----划分特征：', 258)
------划分值:0.000,左节点损失:0.000,右节点损失:5.155,总损失:5.155
------划分值:1.000,左节点损失:4.914,右节点损失:0.236,总损失:5.149
('----划分特征：', 259)
------划分值:0.000,左节点损失:0.000,右节点损失:5.155,总损失:5.155
------划分值:1.000,左节点损失:4.534,右节点损失:0.621,总损失:5.155
('----划分特征：', 260)
------划分值:0.000,左节点损失:0.000,右节点损失:5.155,总损失:5.155
------划分值:1.000,左节点损失:3.916,右节点损失:1.232,总损失:5.148
('----划分特征：', 261)
------划分值:1.000,左节点损失:3.112,右节点损失:2.007,总损失:5.118
------划分值:0.000,左节点损失:0.000,右节点损失:5.155,总损失:5.155
('----划分特征：', 262)
------划分值:0.000,左节点损失:0.000,右节点损失:5.155,总损失:5.155
------划分值:1.000,左节点损失:2.252,右节点损失:2.812,总损失:5.065
('----划分特征：', 263)
------划分值:1.000,左节点损失:1.655,右节点损失:3.352,总损失:5.007
------划分值:0.000,左节点损失:0.000,右节点损失:5.155,总损失:5.155
('----划分特征：', 264)
------划分值:1.000,左节点损失:1.661,右节点损失:3.363,总损失:5.024
------划分值:0.000,左节点损失:0.000,右节点损失:5.155,总损失:5.155
('----划分特征：', 265)
------划分值:1.000,左节点损失:1.829,右节点损失:3.197,总损失:5.026
------划分值:0.000,左节点损失:0.000,右节点损失:5.155,总损失:5.155
('----划分特征：', 266)
------划分值:0.000,左节点损失:0.000,右节点损失:5.155,总损失:5.155
------划分值:1.000,左节点损失:2.423,右节点损失:2.680,总损失:5.103
('----划分特征：', 267)
------划分值:0.000,左节点损失:0.000,右节点损失:5.155,总损失:5.155
------划分值:1.000,左节点损失:2.850,右节点损失:2.292,总损失:5.142
('----划分特征：', 268)
------划分值:0.000,左节点损失:0.000,右节点损失:5.155,总损失:5.155
------划分值:1.000,左节点损失:3.028,右节点损失:2.127,总损失:5.155
('----划分特征：', 269)
------划分值:1.000,左节点损失:2.850,右节点损失:2.305,总损失:5.155
------划分值:0.000,左节点损失:0.000,右节点损失:5.155,总损失:5.155
('----划分特征：', 270)
------划分值:0.000,左节点损失:0.000,右节点损失:5.155,总损失:5.155
------划分值:1.000,左节点损失:2.437,右节点损失:2.700,总损失:5.137
('----划分特征：', 271)
------划分值:0.000,左节点损失:0.000,右节点损失:5.155,总损失:5.155
------划分值:1.000,左节点损失:1.789,右节点损失:3.208,总损失:4.997
('----划分特征：', 272)
------划分值:0.000,左节点损失:0.000,右节点损失:5.155,总损失:5.155
------划分值:1.000,左节点损失:1.748,右节点损失:3.105,总损失:4.853
('----划分特征：', 273)
------划分值:0.000,左节点损失:0.000,右节点损失:5.155,总损失:5.155
------划分值:1.000,左节点损失:2.241,右节点损失:2.514,总损失:4.755
('----划分特征：', 274)
------划分值:0.000,左节点损失:0.000,右节点损失:5.155,总损失:5.155
------划分值:1.000,左节点损失:3.196,右节点损失:1.611,总损失:4.806
('----划分特征：', 275)
------划分值:0.000,左节点损失:0.000,右节点损失:5.155,总损失:5.155
------划分值:1.000,左节点损失:4.373,右节点损失:0.663,总损失:5.035
('----划分特征：', 276)
------划分值:0.000,左节点损失:0.000,右节点损失:5.155,总损失:5.155
------划分值:1.000,左节点损失:4.941,右节点损失:0.202,总损失:5.143
('----划分特征：', 277)
------划分值:0.000,左节点损失:0.000,右节点损失:5.155,总损失:5.155
------划分值:1.000,左节点损失:5.152,右节点损失:0.000,总损失:5.152
('----划分特征：', 278)
------划分值:0.000,左节点损失:0.000,右节点损失:5.155,总损失:5.155
------划分值:1.000,左节点损失:5.155,右节点损失:0.000,总损失:5.155
('----划分特征：', 279)
------划分值:0.000,左节点损失:0.000,右节点损失:5.155,总损失:5.155
('----划分特征：', 280)
------划分值:0.000,左节点损失:0.000,右节点损失:5.155,总损失:5.155
('----划分特征：', 281)
------划分值:0.000,左节点损失:0.000,右节点损失:5.155,总损失:5.155
------划分值:1.000,左节点损失:5.155,右节点损失:0.000,总损失:5.155
('----划分特征：', 282)
------划分值:0.000,左节点损失:0.000,右节点损失:5.155,总损失:5.155
------划分值:1.000,左节点损失:5.155,右节点损失:0.000,总损失:5.155
('----划分特征：', 283)
------划分值:0.000,左节点损失:0.000,右节点损失:5.155,总损失:5.155
------划分值:1.000,左节点损失:5.152,右节点损失:0.000,总损失:5.152
('----划分特征：', 284)
------划分值:0.000,左节点损失:0.000,右节点损失:5.155,总损失:5.155
------划分值:1.000,左节点损失:5.146,右节点损失:0.000,总损失:5.146
('----划分特征：', 285)
------划分值:0.000,左节点损失:0.000,右节点损失:5.155,总损失:5.155
------划分值:1.000,左节点损失:5.064,右节点损失:0.084,总损失:5.147
('----划分特征：', 286)
------划分值:0.000,左节点损失:0.000,右节点损失:5.155,总损失:5.155
------划分值:1.000,左节点损失:4.726,右节点损失:0.429,总损失:5.155
('----划分特征：', 287)
------划分值:0.000,左节点损失:0.000,右节点损失:5.155,总损失:5.155
------划分值:1.000,左节点损失:4.123,右节点损失:1.005,总损失:5.128
('----划分特征：', 288)
------划分值:0.000,左节点损失:0.000,右节点损失:5.155,总损失:5.155
------划分值:1.000,左节点损失:3.323,右节点损失:1.766,总损失:5.089
('----划分特征：', 289)
------划分值:0.000,左节点损失:0.000,右节点损失:5.155,总损失:5.155
------划分值:1.000,左节点损失:2.353,右节点损失:2.643,总损失:4.996
('----划分特征：', 290)
------划分值:0.000,左节点损失:0.000,右节点损失:5.155,总损失:5.155
------划分值:1.000,左节点损失:1.732,右节点损失:3.225,总损失:4.956
('----划分特征：', 291)
------划分值:1.000,左节点损失:1.780,右节点损失:3.220,总损失:5.000
------划分值:0.000,左节点损失:0.000,右节点损失:5.155,总损失:5.155
('----划分特征：', 292)
------划分值:1.000,左节点损失:2.043,右节点损失:2.973,总损失:5.016
------划分值:0.000,左节点损失:0.000,右节点损失:5.155,总损失:5.155
('----划分特征：', 293)
------划分值:0.000,左节点损失:0.000,右节点损失:5.155,总损失:5.155
------划分值:1.000,左节点损失:2.631,右节点损失:2.453,总损失:5.084
('----划分特征：', 294)
------划分值:0.000,左节点损失:0.000,右节点损失:5.155,总损失:5.155
------划分值:1.000,左节点损失:3.242,右节点损失:1.898,总损失:5.141
('----划分特征：', 295)
------划分值:0.000,左节点损失:0.000,右节点损失:5.155,总损失:5.155
------划分值:1.000,左节点损失:3.684,右节点损失:1.467,总损失:5.151
('----划分特征：', 296)
------划分值:0.000,左节点损失:0.000,右节点损失:5.155,总损失:5.155
------划分值:1.000,左节点损失:3.875,右节点损失:1.240,总损失:5.114
('----划分特征：', 297)
------划分值:0.000,左节点损失:0.000,右节点损失:5.155,总损失:5.155
------划分值:1.000,左节点损失:3.610,右节点损失:1.505,总损失:5.115
('----划分特征：', 298)
------划分值:0.000,左节点损失:0.000,右节点损失:5.155,总损失:5.155
------划分值:1.000,左节点损失:3.096,右节点损失:2.058,总损失:5.154
('----划分特征：', 299)
------划分值:0.000,左节点损失:0.000,右节点损失:5.155,总损失:5.155
------划分值:1.000,左节点损失:2.299,右节点损失:2.785,总损失:5.084
('----划分特征：', 300)
------划分值:0.000,左节点损失:0.000,右节点损失:5.155,总损失:5.155
------划分值:1.000,左节点损失:1.742,右节点损失:3.057,总损失:4.800
('----划分特征：', 301)
------划分值:0.000,左节点损失:0.000,右节点损失:5.155,总损失:5.155
------划分值:1.000,左节点损失:2.054,右节点损失:2.509,总损失:4.562
('----划分特征：', 302)
------划分值:0.000,左节点损失:0.000,右节点损失:5.155,总损失:5.155
------划分值:1.000,左节点损失:2.846,右节点损失:1.601,总损失:4.447
('----划分特征：', 303)
------划分值:0.000,左节点损失:0.000,右节点损失:5.155,总损失:5.155
------划分值:1.000,左节点损失:4.006,右节点损失:0.671,总损失:4.677
('----划分特征：', 304)
------划分值:0.000,左节点损失:0.000,右节点损失:5.155,总损失:5.155
------划分值:1.000,左节点损失:4.907,右节点损失:0.172,总损失:5.080
('----划分特征：', 305)
------划分值:0.000,左节点损失:0.000,右节点损失:5.155,总损失:5.155
------划分值:1.000,左节点损失:5.154,右节点损失:0.000,总损失:5.154
('----划分特征：', 306)
------划分值:0.000,左节点损失:0.000,右节点损失:5.155,总损失:5.155
------划分值:1.000,左节点损失:5.155,右节点损失:0.000,总损失:5.155
('----划分特征：', 307)
------划分值:0.000,左节点损失:0.000,右节点损失:5.155,总损失:5.155
('----划分特征：', 308)
------划分值:0.000,左节点损失:0.000,右节点损失:5.155,总损失:5.155
('----划分特征：', 309)
------划分值:0.000,左节点损失:0.000,右节点损失:5.155,总损失:5.155
------划分值:1.000,左节点损失:5.155,右节点损失:0.000,总损失:5.155
('----划分特征：', 310)
------划分值:0.000,左节点损失:0.000,右节点损失:5.155,总损失:5.155
------划分值:1.000,左节点损失:5.154,右节点损失:0.000,总损失:5.154
('----划分特征：', 311)
------划分值:0.000,左节点损失:0.000,右节点损失:5.155,总损失:5.155
------划分值:1.000,左节点损失:5.152,右节点损失:0.000,总损失:5.152
('----划分特征：', 312)
------划分值:0.000,左节点损失:0.000,右节点损失:5.155,总损失:5.155
------划分值:1.000,左节点损失:5.148,右节点损失:0.000,总损失:5.148
('----划分特征：', 313)
------划分值:0.000,左节点损失:0.000,右节点损失:5.155,总损失:5.155
------划分值:1.000,左节点损失:4.963,右节点损失:0.192,总损失:5.155
('----划分特征：', 314)
------划分值:0.000,左节点损失:0.000,右节点损失:5.155,总损失:5.155
------划分值:1.000,左节点损失:4.458,右节点损失:0.664,总损失:5.122
('----划分特征：', 315)
------划分值:0.000,左节点损失:0.000,右节点损失:5.155,总损失:5.155
------划分值:1.000,左节点损失:3.644,右节点损失:1.393,总损失:5.037
('----划分特征：', 316)
------划分值:0.000,左节点损失:0.000,右节点损失:5.155,总损失:5.155
------划分值:1.000,左节点损失:2.733,右节点损失:2.232,总损失:4.965
('----划分特征：', 317)
------划分值:0.000,左节点损失:0.000,右节点损失:5.155,总损失:5.155
------划分值:1.000,左节点损失:1.905,右节点损失:2.998,总损失:4.903
('----划分特征：', 318)
------划分值:0.000,左节点损失:0.000,右节点损失:5.155,总损失:5.155
------划分值:1.000,左节点损失:1.732,右节点损失:3.223,总损失:4.955
('----划分特征：', 319)
------划分值:1.000,左节点损失:2.069,右节点损失:2.950,总损失:5.019
------划分值:0.000,左节点损失:0.000,右节点损失:5.155,总损失:5.155
('----划分特征：', 320)
------划分值:1.000,左节点损失:2.806,右节点损失:2.299,总损失:5.105
------划分值:0.000,左节点损失:0.000,右节点损失:5.155,总损失:5.155
('----划分特征：', 321)
------划分值:1.000,左节点损失:3.407,右节点损失:1.741,总损失:5.148
------划分值:0.000,左节点损失:0.000,右节点损失:5.155,总损失:5.155
('----划分特征：', 322)
------划分值:0.000,左节点损失:0.000,右节点损失:5.155,总损失:5.155
------划分值:1.000,左节点损失:4.024,右节点损失:1.113,总损失:5.137
('----划分特征：', 323)
------划分值:0.000,左节点损失:0.000,右节点损失:5.155,总损失:5.155
------划分值:1.000,左节点损失:4.365,右节点损失:0.688,总损失:5.053
('----划分特征：', 324)
------划分值:0.000,左节点损失:0.000,右节点损失:5.155,总损失:5.155
------划分值:1.000,左节点损失:4.377,右节点损失:0.619,总损失:4.996
('----划分特征：', 325)
------划分值:0.000,左节点损失:0.000,右节点损失:5.155,总损失:5.155
------划分值:1.000,左节点损失:4.181,右节点损失:0.802,总损失:4.983
('----划分特征：', 326)
------划分值:0.000,左节点损失:0.000,右节点损失:5.155,总损失:5.155
------划分值:1.000,左节点损失:3.740,右节点损失:1.353,总损失:5.094
('----划分特征：', 327)
------划分值:0.000,左节点损失:0.000,右节点损失:5.155,总损失:5.155
------划分值:1.000,左节点损失:2.819,右节点损失:2.320,总损失:5.139
('----划分特征：', 328)
------划分值:0.000,左节点损失:0.000,右节点损失:5.155,总损失:5.155
------划分值:1.000,左节点损失:2.035,右节点损失:2.783,总损失:4.818
('----划分特征：', 329)
------划分值:0.000,左节点损失:0.000,右节点损失:5.155,总损失:5.155
------划分值:1.000,左节点损失:1.916,右节点损失:2.344,总损失:4.261
('----划分特征：', 330)
------划分值:0.000,左节点损失:0.000,右节点损失:5.155,总损失:5.155
------划分值:1.000,左节点损失:2.487,右节点损失:1.423,总损失:3.910
('----划分特征：', 331)
------划分值:0.000,左节点损失:0.000,右节点损失:5.155,总损失:5.155
------划分值:1.000,左节点损失:3.778,右节点损失:0.556,总损失:4.334
('----划分特征：', 332)
------划分值:0.000,左节点损失:0.000,右节点损失:5.155,总损失:5.155
------划分值:1.000,左节点损失:4.813,右节点损失:0.177,总损失:4.990
('----划分特征：', 333)
------划分值:0.000,左节点损失:0.000,右节点损失:5.155,总损失:5.155
------划分值:1.000,左节点损失:5.155,右节点损失:0.000,总损失:5.155
('----划分特征：', 334)
------划分值:0.000,左节点损失:0.000,右节点损失:5.155,总损失:5.155
------划分值:1.000,左节点损失:5.147,右节点损失:0.005,总损失:5.152
('----划分特征：', 335)
------划分值:0.000,左节点损失:0.000,右节点损失:5.155,总损失:5.155
('----划分特征：', 336)
------划分值:0.000,左节点损失:0.000,右节点损失:5.155,总损失:5.155
('----划分特征：', 337)
------划分值:0.000,左节点损失:0.000,右节点损失:5.155,总损失:5.155
------划分值:1.000,左节点损失:5.155,右节点损失:0.000,总损失:5.155
('----划分特征：', 338)
------划分值:0.000,左节点损失:0.000,右节点损失:5.155,总损失:5.155
------划分值:1.000,左节点损失:5.155,右节点损失:0.000,总损失:5.155
('----划分特征：', 339)
------划分值:0.000,左节点损失:0.000,右节点损失:5.155,总损失:5.155
------划分值:1.000,左节点损失:5.154,右节点损失:0.000,总损失:5.154
('----划分特征：', 340)
------划分值:0.000,左节点损失:0.000,右节点损失:5.155,总损失:5.155
------划分值:1.000,左节点损失:5.141,右节点损失:0.010,总损失:5.150
('----划分特征：', 341)
------划分值:0.000,左节点损失:0.000,右节点损失:5.155,总损失:5.155
------划分值:1.000,左节点损失:4.800,右节点损失:0.335,总损失:5.136
('----划分特征：', 342)
------划分值:0.000,左节点损失:0.000,右节点损失:5.155,总损失:5.155
------划分值:1.000,左节点损失:4.033,右节点损失:0.958,总损失:4.991
('----划分特征：', 343)
------划分值:0.000,左节点损失:0.000,右节点损失:5.155,总损失:5.155
------划分值:1.000,左节点损失:3.070,右节点损失:1.819,总损失:4.889
('----划分特征：', 344)
------划分值:0.000,左节点损失:0.000,右节点损失:5.155,总损失:5.155
------划分值:1.000,左节点损失:2.037,右节点损失:2.745,总损失:4.781
('----划分特征：', 345)
------划分值:0.000,左节点损失:0.000,右节点损失:5.155,总损失:5.155
------划分值:1.000,左节点损失:1.597,右节点损失:3.252,总损失:4.849
('----划分特征：', 346)
------划分值:0.000,左节点损失:0.000,右节点损失:5.155,总损失:5.155
------划分值:1.000,左节点损失:1.888,右节点损失:3.098,总损失:4.986
('----划分特征：', 347)
------划分值:0.000,左节点损失:0.000,右节点损失:5.155,总损失:5.155
------划分值:1.000,左节点损失:2.647,右节点损失:2.463,总损失:5.110
('----划分特征：', 348)
------划分值:1.000,左节点损失:3.501,右节点损失:1.654,总损失:5.155
------划分值:0.000,左节点损失:0.000,右节点损失:5.155,总损失:5.155
('----划分特征：', 349)
------划分值:1.000,左节点损失:4.063,右节点损失:1.059,总损失:5.123
------划分值:0.000,左节点损失:0.000,右节点损失:5.155,总损失:5.155
('----划分特征：', 350)
------划分值:0.000,左节点损失:0.000,右节点损失:5.155,总损失:5.155
------划分值:1.000,左节点损失:4.427,右节点损失:0.590,总损失:5.017
('----划分特征：', 351)
------划分值:0.000,左节点损失:0.000,右节点损失:5.155,总损失:5.155
------划分值:1.000,左节点损失:4.560,右节点损失:0.342,总损失:4.903
('----划分特征：', 352)
------划分值:0.000,左节点损失:0.000,右节点损失:5.155,总损失:5.155
------划分值:1.000,左节点损失:4.528,右节点损失:0.277,总损失:4.805
('----划分特征：', 353)
------划分值:0.000,左节点损失:0.000,右节点损失:5.155,总损失:5.155
------划分值:1.000,左节点损失:4.358,右节点损失:0.484,总损失:4.842
('----划分特征：', 354)
------划分值:0.000,左节点损失:0.000,右节点损失:5.155,总损失:5.155
------划分值:1.000,左节点损失:3.851,右节点损失:1.202,总损失:5.053
('----划分特征：', 355)
------划分值:0.000,左节点损失:0.000,右节点损失:5.155,总损失:5.155
------划分值:1.000,左节点损失:3.195,右节点损失:1.958,总损失:5.153
('----划分特征：', 356)
------划分值:0.000,左节点损失:0.000,右节点损失:5.155,总损失:5.155
------划分值:1.000,左节点损失:2.144,右节点损失:2.623,总损失:4.767
('----划分特征：', 357)
------划分值:0.000,左节点损失:0.000,右节点损失:5.155,总损失:5.155
------划分值:1.000,左节点损失:1.892,右节点损失:2.168,总损失:4.060
('----划分特征：', 358)
------划分值:0.000,左节点损失:0.000,右节点损失:5.155,总损失:5.155
------划分值:1.000,左节点损失:2.419,右节点损失:1.260,总损失:3.678
('----划分特征：', 359)
------划分值:0.000,左节点损失:0.000,右节点损失:5.155,总损失:5.155
------划分值:1.000,左节点损失:3.620,右节点损失:0.533,总损失:4.153
('----划分特征：', 360)
------划分值:0.000,左节点损失:0.000,右节点损失:5.155,总损失:5.155
------划分值:1.000,左节点损失:4.709,右节点损失:0.225,总损失:4.934
('----划分特征：', 361)
------划分值:0.000,左节点损失:0.000,右节点损失:5.155,总损失:5.155
------划分值:1.000,左节点损失:5.155,右节点损失:0.000,总损失:5.155
('----划分特征：', 362)
------划分值:0.000,左节点损失:0.000,右节点损失:5.155,总损失:5.155
------划分值:1.000,左节点损失:5.147,右节点损失:0.006,总损失:5.154
('----划分特征：', 363)
------划分值:0.000,左节点损失:0.000,右节点损失:5.155,总损失:5.155
('----划分特征：', 364)
------划分值:0.000,左节点损失:0.000,右节点损失:5.155,总损失:5.155
('----划分特征：', 365)
------划分值:0.000,左节点损失:0.000,右节点损失:5.155,总损失:5.155
------划分值:1.000,左节点损失:5.155,右节点损失:0.000,总损失:5.155
('----划分特征：', 366)
------划分值:0.000,左节点损失:0.000,右节点损失:5.155,总损失:5.155
------划分值:1.000,左节点损失:5.155,右节点损失:0.000,总损失:5.155
('----划分特征：', 367)
------划分值:0.000,左节点损失:0.000,右节点损失:5.155,总损失:5.155
------划分值:1.000,左节点损失:5.154,右节点损失:0.000,总损失:5.154
('----划分特征：', 368)
------划分值:0.000,左节点损失:0.000,右节点损失:5.155,总损失:5.155
------划分值:1.000,左节点损失:5.111,右节点损失:0.044,总损失:5.155
('----划分特征：', 369)
------划分值:0.000,左节点损失:0.000,右节点损失:5.155,总损失:5.155
------划分值:1.000,左节点损失:4.571,右节点损失:0.486,总损失:5.057
('----划分特征：', 370)
------划分值:0.000,左节点损失:0.000,右节点损失:5.155,总损失:5.155
------划分值:1.000,左节点损失:3.563,右节点损失:1.252,总损失:4.815
('----划分特征：', 371)
------划分值:0.000,左节点损失:0.000,右节点损失:5.155,总损失:5.155
------划分值:1.000,左节点损失:2.490,右节点损失:2.203,总损失:4.693
('----划分特征：', 372)
------划分值:0.000,左节点损失:0.000,右节点损失:5.155,总损失:5.155
------划分值:1.000,左节点损失:1.728,右节点损失:2.983,总损失:4.711
('----划分特征：', 373)
------划分值:0.000,左节点损失:0.000,右节点损失:5.155,总损失:5.155
------划分值:1.000,左节点损失:1.719,右节点损失:3.183,总损失:4.901
('----划分特征：', 374)
------划分值:0.000,左节点损失:0.000,右节点损失:5.155,总损失:5.155
------划分值:1.000,左节点损失:2.369,右节点损失:2.717,总损失:5.086
('----划分特征：', 375)
------划分值:0.000,左节点损失:0.000,右节点损失:5.155,总损失:5.155
------划分值:1.000,左节点损失:3.355,右节点损失:1.800,总损失:5.155
('----划分特征：', 376)
------划分值:0.000,左节点损失:0.000,右节点损失:5.155,总损失:5.155
------划分值:1.000,左节点损失:4.044,右节点损失:1.057,总损失:5.102
('----划分特征：', 377)
------划分值:1.000,左节点损失:4.500,右节点损失:0.445,总损失:4.945
------划分值:0.000,左节点损失:0.000,右节点损失:5.155,总损失:5.155
('----划分特征：', 378)
------划分值:1.000,左节点损失:4.592,右节点损失:0.201,总损失:4.793
------划分值:0.000,左节点损失:0.000,右节点损失:5.155,总损失:5.155
('----划分特征：', 379)
------划分值:1.000,左节点损失:4.574,右节点损失:0.087,总损失:4.661
------划分值:0.000,左节点损失:0.000,右节点损失:5.155,总损失:5.155
('----划分特征：', 380)
------划分值:0.000,左节点损失:0.000,右节点损失:5.155,总损失:5.155
------划分值:1.000,左节点损失:4.484,右节点损失:0.115,总损失:4.600
('----划分特征：', 381)
------划分值:0.000,左节点损失:0.000,右节点损失:5.155,总损失:5.155
------划分值:1.000,左节点损失:4.329,右节点损失:0.410,总损失:4.738
('----划分特征：', 382)
------划分值:0.000,左节点损失:0.000,右节点损失:5.155,总损失:5.155
------划分值:1.000,左节点损失:3.953,右节点损失:1.071,总损失:5.024
('----划分特征：', 383)
------划分值:0.000,左节点损失:0.000,右节点损失:5.155,总损失:5.155
------划分值:1.000,左节点损失:3.229,右节点损失:1.921,总损失:5.150
('----划分特征：', 384)
------划分值:0.000,左节点损失:0.000,右节点损失:5.155,总损失:5.155
------划分值:1.000,左节点损失:2.233,右节点损失:2.511,总损失:4.744
('----划分特征：', 385)
------划分值:0.000,左节点损失:0.000,右节点损失:5.155,总损失:5.155
------划分值:1.000,左节点损失:1.937,右节点损失:2.106,总损失:4.043
('----划分特征：', 386)
------划分值:0.000,左节点损失:0.000,右节点损失:5.155,总损失:5.155
------划分值:1.000,左节点损失:2.401,右节点损失:1.334,总损失:3.735
('----划分特征：', 387)
------划分值:0.000,左节点损失:0.000,右节点损失:5.155,总损失:5.155
------划分值:1.000,左节点损失:3.552,右节点损失:0.682,总损失:4.234
('----划分特征：', 388)
------划分值:0.000,左节点损失:0.000,右节点损失:5.155,总损失:5.155
------划分值:1.000,左节点损失:4.660,右节点损失:0.267,总损失:4.927
('----划分特征：', 389)
------划分值:0.000,左节点损失:0.000,右节点损失:5.155,总损失:5.155
------划分值:1.000,左节点损失:5.154,右节点损失:0.000,总损失:5.154
('----划分特征：', 390)
------划分值:0.000,左节点损失:0.000,右节点损失:5.155,总损失:5.155
('----划分特征：', 391)
------划分值:0.000,左节点损失:0.000,右节点损失:5.155,总损失:5.155
('----划分特征：', 392)
------划分值:0.000,左节点损失:0.000,右节点损失:5.155,总损失:5.155
('----划分特征：', 393)
------划分值:0.000,左节点损失:0.000,右节点损失:5.155,总损失:5.155
('----划分特征：', 394)
------划分值:0.000,左节点损失:0.000,右节点损失:5.155,总损失:5.155
------划分值:1.000,左节点损失:5.155,右节点损失:0.000,总损失:5.155
('----划分特征：', 395)
------划分值:0.000,左节点损失:0.000,右节点损失:5.155,总损失:5.155
------划分值:1.000,左节点损失:5.154,右节点损失:0.000,总损失:5.154
('----划分特征：', 396)
------划分值:0.000,左节点损失:0.000,右节点损失:5.155,总损失:5.155
------划分值:1.000,左节点损失:5.057,右节点损失:0.093,总损失:5.149
('----划分特征：', 397)
------划分值:0.000,左节点损失:0.000,右节点损失:5.155,总损失:5.155
------划分值:1.000,左节点损失:4.176,右节点损失:0.655,总损失:4.831
('----划分特征：', 398)
------划分值:0.000,左节点损失:0.000,右节点损失:5.155,总损失:5.155
------划分值:1.000,左节点损失:3.101,右节点损失:1.502,总损失:4.603
('----划分特征：', 399)
------划分值:0.000,左节点损失:0.000,右节点损失:5.155,总损失:5.155
------划分值:1.000,左节点损失:2.054,右节点损失:2.484,总损失:4.538
('----划分特征：', 400)
------划分值:0.000,左节点损失:0.000,右节点损失:5.155,总损失:5.155
------划分值:1.000,左节点损失:1.594,右节点损失:3.088,总损失:4.683
('----划分特征：', 401)
------划分值:0.000,左节点损失:0.000,右节点损失:5.155,总损失:5.155
------划分值:1.000,左节点损失:1.987,右节点损失:2.988,总损失:4.975
('----划分特征：', 402)
------划分值:0.000,左节点损失:0.000,右节点损失:5.155,总损失:5.155
------划分值:1.000,左节点损失:2.972,右节点损失:2.176,总损失:5.148
('----划分特征：', 403)
------划分值:0.000,左节点损失:0.000,右节点损失:5.155,总损失:5.155
------划分值:1.000,左节点损失:3.913,右节点损失:1.191,总损失:5.103
('----划分特征：', 404)
------划分值:0.000,左节点损失:0.000,右节点损失:5.155,总损失:5.155
------划分值:1.000,左节点损失:4.410,右节点损失:0.546,总损失:4.957
('----划分特征：', 405)
------划分值:0.000,左节点损失:0.000,右节点损失:5.155,总损失:5.155
------划分值:1.000,左节点损失:4.539,右节点损失:0.201,总损失:4.740
('----划分特征：', 406)
------划分值:1.000,左节点损失:4.532,右节点损失:0.048,总损失:4.580
------划分值:0.000,左节点损失:0.000,右节点损失:5.155,总损失:5.155
('----划分特征：', 407)
------划分值:1.000,左节点损失:4.409,右节点损失:0.019,总损失:4.428
------划分值:0.000,左节点损失:0.000,右节点损失:5.155,总损失:5.155
('----划分特征：', 408)
------划分值:1.000,左节点损失:4.397,右节点损失:0.077,总损失:4.474
------划分值:0.000,左节点损失:0.000,右节点损失:5.155,总损失:5.155
('----划分特征：', 409)
------划分值:0.000,左节点损失:0.000,右节点损失:5.155,总损失:5.155
------划分值:1.000,左节点损失:4.256,右节点损失:0.466,总损失:4.722
('----划分特征：', 410)
------划分值:0.000,左节点损失:0.000,右节点损失:5.155,总损失:5.155
------划分值:1.000,左节点损失:3.836,右节点损失:1.227,总损失:5.063
('----划分特征：', 411)
------划分值:0.000,左节点损失:0.000,右节点损失:5.155,总损失:5.155
------划分值:1.000,左节点损失:3.091,右节点损失:2.044,总损失:5.135
('----划分特征：', 412)
------划分值:0.000,左节点损失:0.000,右节点损失:5.155,总损失:5.155
------划分值:1.000,左节点损失:2.311,右节点损失:2.456,总损失:4.768
('----划分特征：', 413)
------划分值:0.000,左节点损失:0.000,右节点损失:5.155,总损失:5.155
------划分值:1.000,左节点损失:1.972,右节点损失:2.158,总损失:4.130
('----划分特征：', 414)
------划分值:0.000,左节点损失:0.000,右节点损失:5.155,总损失:5.155
------划分值:1.000,左节点损失:2.583,右节点损失:1.378,总损失:3.961
('----划分特征：', 415)
------划分值:0.000,左节点损失:0.000,右节点损失:5.155,总损失:5.155
------划分值:1.000,左节点损失:3.576,右节点损失:0.756,总损失:4.331
('----划分特征：', 416)
------划分值:0.000,左节点损失:0.000,右节点损失:5.155,总损失:5.155
------划分值:1.000,左节点损失:4.699,右节点损失:0.268,总损失:4.967
('----划分特征：', 417)
------划分值:0.000,左节点损失:0.000,右节点损失:5.155,总损失:5.155
------划分值:1.000,左节点损失:5.146,右节点损失:0.009,总损失:5.155
('----划分特征：', 418)
------划分值:0.000,左节点损失:0.000,右节点损失:5.155,总损失:5.155
('----划分特征：', 419)
------划分值:0.000,左节点损失:0.000,右节点损失:5.155,总损失:5.155
('----划分特征：', 420)
------划分值:0.000,左节点损失:0.000,右节点损失:5.155,总损失:5.155
('----划分特征：', 421)
------划分值:0.000,左节点损失:0.000,右节点损失:5.155,总损失:5.155
('----划分特征：', 422)
------划分值:0.000,左节点损失:0.000,右节点损失:5.155,总损失:5.155
------划分值:1.000,左节点损失:5.155,右节点损失:0.000,总损失:5.155
('----划分特征：', 423)
------划分值:0.000,左节点损失:0.000,右节点损失:5.155,总损失:5.155
------划分值:1.000,左节点损失:5.154,右节点损失:0.000,总损失:5.154
('----划分特征：', 424)
------划分值:0.000,左节点损失:0.000,右节点损失:5.155,总损失:5.155
------划分值:1.000,左节点损失:4.970,右节点损失:0.151,总损失:5.121
('----划分特征：', 425)
------划分值:0.000,左节点损失:0.000,右节点损失:5.155,总损失:5.155
------划分值:1.000,左节点损失:3.872,右节点损失:0.813,总损失:4.685
('----划分特征：', 426)
------划分值:0.000,左节点损失:0.000,右节点损失:5.155,总损失:5.155
------划分值:1.000,左节点损失:2.621,右节点损失:1.756,总损失:4.378
('----划分特征：', 427)
------划分值:0.000,左节点损失:0.000,右节点损失:5.155,总损失:5.155
------划分值:1.000,左节点损失:1.700,右节点损失:2.652,总损失:4.353
('----划分特征：', 428)
------划分值:0.000,左节点损失:0.000,右节点损失:5.155,总损失:5.155
------划分值:1.000,左节点损失:1.595,右节点损失:3.076,总损失:4.671
('----划分特征：', 429)
------划分值:0.000,左节点损失:0.000,右节点损失:5.155,总损失:5.155
------划分值:1.000,左节点损失:2.379,右节点损失:2.669,总损失:5.048
('----划分特征：', 430)
------划分值:0.000,左节点损失:0.000,右节点损失:5.155,总损失:5.155
------划分值:1.000,左节点损失:3.513,右节点损失:1.636,总损失:5.149
('----划分特征：', 431)
------划分值:0.000,左节点损失:0.000,右节点损失:5.155,总损失:5.155
------划分值:1.000,左节点损失:4.268,右节点损失:0.746,总损失:5.013
('----划分特征：', 432)
------划分值:0.000,左节点损失:0.000,右节点损失:5.155,总损失:5.155
------划分值:1.000,左节点损失:4.566,右节点损失:0.258,总损失:4.824
('----划分特征：', 433)
------划分值:0.000,左节点损失:0.000,右节点损失:5.155,总损失:5.155
------划分值:1.000,左节点损失:4.540,右节点损失:0.087,总损失:4.627
('----划分特征：', 434)
------划分值:0.000,左节点损失:0.000,右节点损失:5.155,总损失:5.155
------划分值:1.000,左节点损失:4.485,右节点损失:0.029,总损失:4.514
('----划分特征：', 435)
------划分值:1.000,左节点损失:4.403,右节点损失:0.039,总损失:4.441
------划分值:0.000,左节点损失:0.000,右节点损失:5.155,总损失:5.155
('----划分特征：', 436)
------划分值:1.000,左节点损失:4.407,右节点损失:0.154,总损失:4.561
------划分值:0.000,左节点损失:0.000,右节点损失:5.155,总损失:5.155
('----划分特征：', 437)
------划分值:1.000,左节点损失:4.130,右节点损失:0.716,总损失:4.846
------划分值:0.000,左节点损失:0.000,右节点损失:5.155,总损失:5.155
('----划分特征：', 438)
------划分值:1.000,左节点损失:3.629,右节点损失:1.487,总损失:5.116
------划分值:0.000,左节点损失:0.000,右节点损失:5.155,总损失:5.155
('----划分特征：', 439)
------划分值:0.000,左节点损失:0.000,右节点损失:5.155,总损失:5.155
------划分值:1.000,左节点损失:2.754,右节点损失:2.327,总损失:5.081
('----划分特征：', 440)
------划分值:0.000,左节点损失:0.000,右节点损失:5.155,总损失:5.155
------划分值:1.000,左节点损失:2.164,右节点损失:2.555,总损失:4.719
('----划分特征：', 441)
------划分值:0.000,左节点损失:0.000,右节点损失:5.155,总损失:5.155
------划分值:1.000,左节点损失:2.235,右节点损失:2.132,总损失:4.367
('----划分特征：', 442)
------划分值:0.000,左节点损失:0.000,右节点损失:5.155,总损失:5.155
------划分值:1.000,左节点损失:2.900,右节点损失:1.419,总损失:4.320
('----划分特征：', 443)
------划分值:0.000,左节点损失:0.000,右节点损失:5.155,总损失:5.155
------划分值:1.000,左节点损失:3.808,右节点损失:0.751,总损失:4.558
('----划分特征：', 444)
------划分值:0.000,左节点损失:0.000,右节点损失:5.155,总损失:5.155
------划分值:1.000,左节点损失:4.747,右节点损失:0.270,总损失:5.017
('----划分特征：', 445)
------划分值:0.000,左节点损失:0.000,右节点损失:5.155,总损失:5.155
------划分值:1.000,左节点损失:5.146,右节点损失:0.009,总损失:5.155
('----划分特征：', 446)
------划分值:0.000,左节点损失:0.000,右节点损失:5.155,总损失:5.155
------划分值:1.000,左节点损失:5.155,右节点损失:0.000,总损失:5.155
('----划分特征：', 447)
------划分值:0.000,左节点损失:0.000,右节点损失:5.155,总损失:5.155
('----划分特征：', 448)
------划分值:0.000,左节点损失:0.000,右节点损失:5.155,总损失:5.155
('----划分特征：', 449)
------划分值:0.000,左节点损失:0.000,右节点损失:5.155,总损失:5.155
('----划分特征：', 450)
------划分值:0.000,左节点损失:0.000,右节点损失:5.155,总损失:5.155
------划分值:1.000,左节点损失:5.155,右节点损失:0.000,总损失:5.155
('----划分特征：', 451)
------划分值:0.000,左节点损失:0.000,右节点损失:5.155,总损失:5.155
------划分值:1.000,左节点损失:5.154,右节点损失:0.000,总损失:5.154
('----划分特征：', 452)
------划分值:0.000,左节点损失:0.000,右节点损失:5.155,总损失:5.155
------划分值:1.000,左节点损失:4.881,右节点损失:0.219,总损失:5.100
('----划分特征：', 453)
------划分值:0.000,左节点损失:0.000,右节点损失:5.155,总损失:5.155
------划分值:1.000,左节点损失:3.630,右节点损失:0.981,总损失:4.610
('----划分特征：', 454)
------划分值:0.000,左节点损失:0.000,右节点损失:5.155,总损失:5.155
------划分值:1.000,左节点损失:2.403,右节点损失:1.904,总损失:4.307
('----划分特征：', 455)
------划分值:0.000,左节点损失:0.000,右节点损失:5.155,总损失:5.155
------划分值:1.000,左节点损失:1.584,右节点损失:2.703,总损失:4.287
('----划分特征：', 456)
------划分值:0.000,左节点损失:0.000,右节点损失:5.155,总损失:5.155
------划分值:1.000,左节点损失:1.756,右节点损失:2.935,总损失:4.690
('----划分特征：', 457)
------划分值:0.000,左节点损失:0.000,右节点损失:5.155,总损失:5.155
------划分值:1.000,左节点损失:2.793,右节点损失:2.300,总损失:5.093
('----划分特征：', 458)
------划分值:0.000,左节点损失:0.000,右节点损失:5.155,总损失:5.155
------划分值:1.000,左节点损失:3.987,右节点损失:1.132,总损失:5.119
('----划分特征：', 459)
------划分值:0.000,左节点损失:0.000,右节点损失:5.155,总损失:5.155
------划分值:1.000,左节点损失:4.530,右节点损失:0.435,总损失:4.964
('----划分特征：', 460)
------划分值:0.000,左节点损失:0.000,右节点损失:5.155,总损失:5.155
------划分值:1.000,左节点损失:4.639,右节点损失:0.192,总损失:4.831
('----划分特征：', 461)
------划分值:0.000,左节点损失:0.000,右节点损失:5.155,总损失:5.155
------划分值:1.000,左节点损失:4.643,右节点损失:0.048,总损失:4.691
('----划分特征：', 462)
------划分值:0.000,左节点损失:0.000,右节点损失:5.155,总损失:5.155
------划分值:1.000,左节点损失:4.541,右节点损失:0.039,总损失:4.580
('----划分特征：', 463)
------划分值:0.000,左节点损失:0.000,右节点损失:5.155,总损失:5.155
------划分值:1.000,左节点损失:4.481,右节点损失:0.106,总损失:4.587
('----划分特征：', 464)
------划分值:0.000,左节点损失:0.000,右节点损失:5.155,总损失:5.155
------划分值:1.000,左节点损失:4.346,右节点损失:0.400,总损失:4.746
('----划分特征：', 465)
------划分值:1.000,左节点损失:3.913,右节点损失:1.091,总损失:5.004
------划分值:0.000,左节点损失:0.000,右节点损失:5.155,总损失:5.155
('----划分特征：', 466)
------划分值:1.000,左节点损失:3.190,右节点损失:1.965,总损失:5.155
------划分值:0.000,左节点损失:0.000,右节点损失:5.155,总损失:5.155
('----划分特征：', 467)
------划分值:1.000,左节点损失:2.404,右节点损失:2.603,总损失:5.007
------划分值:0.000,左节点损失:0.000,右节点损失:5.155,总损失:5.155
('----划分特征：', 468)
------划分值:0.000,左节点损失:0.000,右节点损失:5.155,总损失:5.155
------划分值:1.000,左节点损失:2.076,右节点损失:2.623,总损失:4.699
('----划分特征：', 469)
------划分值:0.000,左节点损失:0.000,右节点损失:5.155,总损失:5.155
------划分值:1.000,左节点损失:2.452,右节点损失:2.049,总损失:4.501
('----划分特征：', 470)
------划分值:0.000,左节点损失:0.000,右节点损失:5.155,总损失:5.155
------划分值:1.000,左节点损失:3.146,右节点损失:1.383,总损失:4.529
('----划分特征：', 471)
------划分值:0.000,左节点损失:0.000,右节点损失:5.155,总损失:5.155
------划分值:1.000,左节点损失:4.029,右节点损失:0.725,总损失:4.754
('----划分特征：', 472)
------划分值:0.000,左节点损失:0.000,右节点损失:5.155,总损失:5.155
------划分值:1.000,左节点损失:4.865,右节点损失:0.237,总损失:5.102
('----划分特征：', 473)
------划分值:0.000,左节点损失:0.000,右节点损失:5.155,总损失:5.155
------划分值:1.000,左节点损失:5.154,右节点损失:0.000,总损失:5.154
('----划分特征：', 474)
------划分值:0.000,左节点损失:0.000,右节点损失:5.155,总损失:5.155
------划分值:1.000,左节点损失:5.155,右节点损失:0.000,总损失:5.155
('----划分特征：', 475)
------划分值:0.000,左节点损失:0.000,右节点损失:5.155,总损失:5.155
('----划分特征：', 476)
------划分值:0.000,左节点损失:0.000,右节点损失:5.155,总损失:5.155
('----划分特征：', 477)
------划分值:0.000,左节点损失:0.000,右节点损失:5.155,总损失:5.155
('----划分特征：', 478)
------划分值:0.000,左节点损失:0.000,右节点损失:5.155,总损失:5.155
------划分值:1.000,左节点损失:5.155,右节点损失:0.000,总损失:5.155
('----划分特征：', 479)
------划分值:0.000,左节点损失:0.000,右节点损失:5.155,总损失:5.155
------划分值:1.000,左节点损失:5.153,右节点损失:0.000,总损失:5.153
('----划分特征：', 480)
------划分值:0.000,左节点损失:0.000,右节点损失:5.155,总损失:5.155
------划分值:1.000,左节点损失:4.823,右节点损失:0.276,总损失:5.099
('----划分特征：', 481)
------划分值:0.000,左节点损失:0.000,右节点损失:5.155,总损失:5.155
------划分值:1.000,左节点损失:3.419,右节点损失:1.146,总损失:4.564
('----划分特征：', 482)
------划分值:0.000,左节点损失:0.000,右节点损失:5.155,总损失:5.155
------划分值:1.000,左节点损失:2.194,右节点损失:1.968,总损失:4.162
('----划分特征：', 483)
------划分值:0.000,左节点损失:0.000,右节点损失:5.155,总损失:5.155
------划分值:1.000,左节点损失:1.548,右节点损失:2.695,总损失:4.243
('----划分特征：', 484)
------划分值:0.000,左节点损失:0.000,右节点损失:5.155,总损失:5.155
------划分值:1.000,左节点损失:1.873,右节点损失:2.785,总损失:4.658
('----划分特征：', 485)
------划分值:0.000,左节点损失:0.000,右节点损失:5.155,总损失:5.155
------划分值:1.000,左节点损失:2.953,右节点损失:2.130,总损失:5.083
('----划分特征：', 486)
------划分值:0.000,左节点损失:0.000,右节点损失:5.155,总损失:5.155
------划分值:1.000,左节点损失:4.168,右节点损失:0.953,总损失:5.121
('----划分特征：', 487)
------划分值:0.000,左节点损失:0.000,右节点损失:5.155,总损失:5.155
------划分值:1.000,左节点损失:4.563,右节点损失:0.443,总损失:5.006
('----划分特征：', 488)
------划分值:0.000,左节点损失:0.000,右节点损失:5.155,总损失:5.155
------划分值:1.000,左节点损失:4.693,右节点损失:0.220,总损失:4.913
('----划分特征：', 489)
------划分值:0.000,左节点损失:0.000,右节点损失:5.155,总损失:5.155
------划分值:1.000,左节点损失:4.688,右节点损失:0.125,总损失:4.813
('----划分特征：', 490)
------划分值:0.000,左节点损失:0.000,右节点损失:5.155,总损失:5.155
------划分值:1.000,左节点损失:4.552,右节点损失:0.192,总损失:4.744
('----划分特征：', 491)
------划分值:0.000,左节点损失:0.000,右节点损失:5.155,总损失:5.155
------划分值:1.000,左节点损失:4.373,右节点损失:0.437,总损失:4.810
('----划分特征：', 492)
------划分值:0.000,左节点损失:0.000,右节点损失:5.155,总损失:5.155
------划分值:1.000,左节点损失:4.093,右节点损失:0.868,总损失:4.960
('----划分特征：', 493)
------划分值:1.000,左节点损失:3.439,右节点损失:1.691,总损失:5.130
------划分值:0.000,左节点损失:0.000,右节点损失:5.155,总损失:5.155
('----划分特征：', 494)
------划分值:1.000,左节点损失:2.578,右节点损失:2.529,总损失:5.107
------划分值:0.000,左节点损失:0.000,右节点损失:5.155,总损失:5.155
('----划分特征：', 495)
------划分值:1.000,左节点损失:2.126,右节点损失:2.783,总损失:4.909
------划分值:0.000,左节点损失:0.000,右节点损失:5.155,总损失:5.155
('----划分特征：', 496)
------划分值:0.000,左节点损失:0.000,右节点损失:5.155,总损失:5.155
------划分值:1.000,左节点损失:2.137,右节点损失:2.582,总损失:4.719
('----划分特征：', 497)
------划分值:0.000,左节点损失:0.000,右节点损失:5.155,总损失:5.155
------划分值:1.000,左节点损失:2.779,右节点损失:1.901,总损失:4.680
('----划分特征：', 498)
------划分值:0.000,左节点损失:0.000,右节点损失:5.155,总损失:5.155
------划分值:1.000,左节点损失:3.515,右节点损失:1.237,总损失:4.752
('----划分特征：', 499)
------划分值:0.000,左节点损失:0.000,右节点损失:5.155,总损失:5.155
------划分值:1.000,左节点损失:4.402,右节点损失:0.583,总损失:4.985
('----划分特征：', 500)
------划分值:0.000,左节点损失:0.000,右节点损失:5.155,总损失:5.155
------划分值:1.000,左节点损失:4.910,右节点损失:0.221,总损失:5.131
('----划分特征：', 501)
------划分值:0.000,左节点损失:0.000,右节点损失:5.155,总损失:5.155
------划分值:1.000,左节点损失:5.152,右节点损失:0.000,总损失:5.152
('----划分特征：', 502)
------划分值:0.000,左节点损失:0.000,右节点损失:5.155,总损失:5.155
------划分值:1.000,左节点损失:5.155,右节点损失:0.000,总损失:5.155
('----划分特征：', 503)
------划分值:0.000,左节点损失:0.000,右节点损失:5.155,总损失:5.155
('----划分特征：', 504)
------划分值:0.000,左节点损失:0.000,右节点损失:5.155,总损失:5.155
('----划分特征：', 505)
------划分值:0.000,左节点损失:0.000,右节点损失:5.155,总损失:5.155
('----划分特征：', 506)
------划分值:0.000,左节点损失:0.000,右节点损失:5.155,总损失:5.155
------划分值:1.000,左节点损失:5.155,右节点损失:0.000,总损失:5.155
('----划分特征：', 507)
------划分值:0.000,左节点损失:0.000,右节点损失:5.155,总损失:5.155
------划分值:1.000,左节点损失:5.151,右节点损失:0.000,总损失:5.151
('----划分特征：', 508)
------划分值:0.000,左节点损失:0.000,右节点损失:5.155,总损失:5.155
------划分值:1.000,左节点损失:4.739,右节点损失:0.371,总损失:5.110
('----划分特征：', 509)
------划分值:0.000,左节点损失:0.000,右节点损失:5.155,总损失:5.155
------划分值:1.000,左节点损失:3.566,右节点损失:1.172,总损失:4.739
('----划分特征：', 510)
------划分值:0.000,左节点损失:0.000,右节点损失:5.155,总损失:5.155
------划分值:1.000,左节点损失:2.192,右节点损失:2.061,总损失:4.254
('----划分特征：', 511)
------划分值:0.000,左节点损失:0.000,右节点损失:5.155,总损失:5.155
------划分值:1.000,左节点损失:1.440,右节点损失:2.721,总损失:4.161
('----划分特征：', 512)
------划分值:0.000,左节点损失:0.000,右节点损失:5.155,总损失:5.155
------划分值:1.000,左节点损失:1.831,右节点损失:2.725,总损失:4.556
('----划分特征：', 513)
------划分值:0.000,左节点损失:0.000,右节点损失:5.155,总损失:5.155
------划分值:1.000,左节点损失:2.920,右节点损失:2.124,总损失:5.044
('----划分特征：', 514)
------划分值:0.000,左节点损失:0.000,右节点损失:5.155,总损失:5.155
------划分值:1.000,左节点损失:3.963,右节点损失:1.184,总损失:5.146
('----划分特征：', 515)
------划分值:0.000,左节点损失:0.000,右节点损失:5.155,总损失:5.155
------划分值:1.000,左节点损失:4.494,右节点损失:0.560,总损失:5.054
('----划分特征：', 516)
------划分值:0.000,左节点损失:0.000,右节点损失:5.155,总损失:5.155
------划分值:1.000,左节点损失:4.612,右节点损失:0.378,总损失:4.990
('----划分特征：', 517)
------划分值:0.000,左节点损失:0.000,右节点损失:5.155,总损失:5.155
------划分值:1.000,左节点损失:4.568,右节点损失:0.342,总损失:4.911
('----划分特征：', 518)
------划分值:0.000,左节点损失:0.000,右节点损失:5.155,总损失:5.155
------划分值:1.000,左节点损失:4.373,右节点损失:0.520,总损失:4.893
('----划分特征：', 519)
------划分值:1.000,左节点损失:3.932,右节点损失:1.073,总损失:5.005
------划分值:0.000,左节点损失:0.000,右节点损失:5.155,总损失:5.155
('----划分特征：', 520)
------划分值:1.000,左节点损失:3.448,右节点损失:1.671,总损失:5.119
------划分值:0.000,左节点损失:0.000,右节点损失:5.155,总损失:5.155
('----划分特征：', 521)
------划分值:1.000,左节点损失:2.570,右节点损失:2.565,总损失:5.135
------划分值:0.000,左节点损失:0.000,右节点损失:5.155,总损失:5.155
('----划分特征：', 522)
------划分值:1.000,左节点损失:2.044,右节点损失:2.965,总损失:5.009
------划分值:0.000,左节点损失:0.000,右节点损失:5.155,总损失:5.155
('----划分特征：', 523)
------划分值:1.000,左节点损失:1.954,右节点损失:2.883,总损失:4.837
------划分值:0.000,左节点损失:0.000,右节点损失:5.155,总损失:5.155
('----划分特征：', 524)
------划分值:0.000,左节点损失:0.000,右节点损失:5.155,总损失:5.155
------划分值:1.000,左节点损失:2.588,右节点损失:2.251,总损失:4.839
('----划分特征：', 525)
------划分值:0.000,左节点损失:0.000,右节点损失:5.155,总损失:5.155
------划分值:1.000,左节点损失:3.269,右节点损失:1.608,总损失:4.877
('----划分特征：', 526)
------划分值:0.000,左节点损失:0.000,右节点损失:5.155,总损失:5.155
------划分值:1.000,左节点损失:4.074,右节点损失:0.925,总损失:4.999
('----划分特征：', 527)
------划分值:0.000,左节点损失:0.000,右节点损失:5.155,总损失:5.155
------划分值:1.000,左节点损失:4.721,右节点损失:0.393,总损失:5.114
('----划分特征：', 528)
------划分值:0.000,左节点损失:0.000,右节点损失:5.155,总损失:5.155
------划分值:1.000,左节点损失:5.062,右节点损失:0.092,总损失:5.154
('----划分特征：', 529)
------划分值:0.000,左节点损失:0.000,右节点损失:5.155,总损失:5.155
------划分值:1.000,左节点损失:5.153,右节点损失:0.000,总损失:5.153
('----划分特征：', 530)
------划分值:0.000,左节点损失:0.000,右节点损失:5.155,总损失:5.155
------划分值:1.000,左节点损失:5.155,右节点损失:0.000,总损失:5.155
('----划分特征：', 531)
------划分值:0.000,左节点损失:0.000,右节点损失:5.155,总损失:5.155
------划分值:1.000,左节点损失:5.155,右节点损失:0.000,总损失:5.155
('----划分特征：', 532)
------划分值:0.000,左节点损失:0.000,右节点损失:5.155,总损失:5.155
('----划分特征：', 533)
------划分值:0.000,左节点损失:0.000,右节点损失:5.155,总损失:5.155
('----划分特征：', 534)
------划分值:0.000,左节点损失:0.000,右节点损失:5.155,总损失:5.155
------划分值:1.000,左节点损失:5.155,右节点损失:0.000,总损失:5.155
('----划分特征：', 535)
------划分值:0.000,左节点损失:0.000,右节点损失:5.155,总损失:5.155
------划分值:1.000,左节点损失:5.133,右节点损失:0.019,总损失:5.152
('----划分特征：', 536)
------划分值:0.000,左节点损失:0.000,右节点损失:5.155,总损失:5.155
------划分值:1.000,左节点损失:4.767,右节点损失:0.366,总损失:5.133
('----划分特征：', 537)
------划分值:0.000,左节点损失:0.000,右节点损失:5.155,总损失:5.155
------划分值:1.000,左节点损失:3.604,右节点损失:1.242,总损失:4.846
('----划分特征：', 538)
------划分值:0.000,左节点损失:0.000,右节点损失:5.155,总损失:5.155
------划分值:1.000,左节点损失:2.356,右节点损失:2.125,总损失:4.481
('----划分特征：', 539)
------划分值:0.000,左节点损失:0.000,右节点损失:5.155,总损失:5.155
------划分值:1.000,左节点损失:1.457,右节点损失:2.803,总损失:4.260
('----划分特征：', 540)
------划分值:0.000,左节点损失:0.000,右节点损失:5.155,总损失:5.155
------划分值:1.000,左节点损失:1.643,右节点损失:2.899,总损失:4.542
('----划分特征：', 541)
------划分值:0.000,左节点损失:0.000,右节点损失:5.155,总损失:5.155
------划分值:1.000,左节点损失:2.471,右节点损失:2.495,总损失:4.966
('----划分特征：', 542)
------划分值:0.000,左节点损失:0.000,右节点损失:5.155,总损失:5.155
------划分值:1.000,左节点损失:3.385,右节点损失:1.765,总损失:5.150
('----划分特征：', 543)
------划分值:0.000,左节点损失:0.000,右节点损失:5.155,总损失:5.155
------划分值:1.000,左节点损失:3.911,右节点损失:1.222,总损失:5.133
('----划分特征：', 544)
------划分值:0.000,左节点损失:0.000,右节点损失:5.155,总损失:5.155
------划分值:1.000,左节点损失:4.050,右节点损失:1.035,总损失:5.085
('----划分特征：', 545)
------划分值:1.000,左节点损失:3.927,右节点损失:1.137,总损失:5.064
------划分值:0.000,左节点损失:0.000,右节点损失:5.155,总损失:5.155
('----划分特征：', 546)
------划分值:1.000,左节点损失:3.584,右节点损失:1.498,总损失:5.082
------划分值:0.000,左节点损失:0.000,右节点损失:5.155,总损失:5.155
('----划分特征：', 547)
------划分值:1.000,左节点损失:3.065,右节点损失:2.079,总损失:5.145
------划分值:0.000,左节点损失:0.000,右节点损失:5.155,总损失:5.155
('----划分特征：', 548)
------划分值:1.000,左节点损失:2.346,右节点损失:2.786,总损失:5.132
------划分值:0.000,左节点损失:0.000,右节点损失:5.155,总损失:5.155
('----划分特征：', 549)
------划分值:1.000,左节点损失:1.924,右节点损失:3.116,总损失:5.040
------划分值:0.000,左节点损失:0.000,右节点损失:5.155,总损失:5.155
('----划分特征：', 550)
------划分值:1.000,左节点损失:1.849,右节点损失:3.084,总损失:4.933
------划分值:0.000,左节点损失:0.000,右节点损失:5.155,总损失:5.155
('----划分特征：', 551)
------划分值:1.000,左节点损失:2.328,右节点损失:2.582,总损失:4.910
------划分值:0.000,左节点损失:0.000,右节点损失:5.155,总损失:5.155
('----划分特征：', 552)
------划分值:0.000,左节点损失:0.000,右节点损失:5.155,总损失:5.155
------划分值:1.000,左节点损失:3.131,右节点损失:1.841,总损失:4.972
('----划分特征：', 553)
------划分值:0.000,左节点损失:0.000,右节点损失:5.155,总损失:5.155
------划分值:1.000,左节点损失:3.784,右节点损失:1.230,总损失:5.014
('----划分特征：', 554)
------划分值:0.000,左节点损失:0.000,右节点损失:5.155,总损失:5.155
------划分值:1.000,左节点损失:4.544,右节点损失:0.574,总损失:5.117
('----划分特征：', 555)
------划分值:0.000,左节点损失:0.000,右节点损失:5.155,总损失:5.155
------划分值:1.000,左节点损失:4.897,右节点损失:0.249,总损失:5.147
('----划分特征：', 556)
------划分值:0.000,左节点损失:0.000,右节点损失:5.155,总损失:5.155
------划分值:1.000,左节点损失:5.118,右节点损失:0.036,总损失:5.155
('----划分特征：', 557)
------划分值:0.000,左节点损失:0.000,右节点损失:5.155,总损失:5.155
------划分值:1.000,左节点损失:5.154,右节点损失:0.000,总损失:5.154
('----划分特征：', 558)
------划分值:0.000,左节点损失:0.000,右节点损失:5.155,总损失:5.155
('----划分特征：', 559)
------划分值:0.000,左节点损失:0.000,右节点损失:5.155,总损失:5.155
('----划分特征：', 560)
------划分值:0.000,左节点损失:0.000,右节点损失:5.155,总损失:5.155
('----划分特征：', 561)
------划分值:0.000,左节点损失:0.000,右节点损失:5.155,总损失:5.155
('----划分特征：', 562)
------划分值:0.000,左节点损失:0.000,右节点损失:5.155,总损失:5.155
------划分值:1.000,左节点损失:5.154,右节点损失:0.000,总损失:5.154
('----划分特征：', 563)
------划分值:0.000,左节点损失:0.000,右节点损失:5.155,总损失:5.155
------划分值:1.000,左节点损失:5.141,右节点损失:0.010,总损失:5.151
('----划分特征：', 564)
------划分值:0.000,左节点损失:0.000,右节点损失:5.155,总损失:5.155
------划分值:1.000,左节点损失:4.837,右节点损失:0.311,总损失:5.148
('----划分特征：', 565)
------划分值:0.000,左节点损失:0.000,右节点损失:5.155,总损失:5.155
------划分值:1.000,左节点损失:4.085,右节点损失:0.961,总损失:5.046
('----划分特征：', 566)
------划分值:0.000,左节点损失:0.000,右节点损失:5.155,总损失:5.155
------划分值:1.000,左节点损失:2.801,右节点损失:1.952,总损失:4.753
('----划分特征：', 567)
------划分值:0.000,左节点损失:0.000,右节点损失:5.155,总损失:5.155
------划分值:1.000,左节点损失:1.733,右节点损失:2.779,总损失:4.512
('----划分特征：', 568)
------划分值:0.000,左节点损失:0.000,右节点损失:5.155,总损失:5.155
------划分值:1.000,左节点损失:1.462,右节点损失:3.103,总损失:4.565
('----划分特征：', 569)
------划分值:0.000,左节点损失:0.000,右节点损失:5.155,总损失:5.155
------划分值:1.000,左节点损失:1.627,右节点损失:3.158,总损失:4.785
('----划分特征：', 570)
------划分值:0.000,左节点损失:0.000,右节点损失:5.155,总损失:5.155
------划分值:1.000,左节点损失:2.259,右节点损失:2.776,总损失:5.035
('----划分特征：', 571)
------划分值:0.000,左节点损失:0.000,右节点损失:5.155,总损失:5.155
------划分值:1.000,左节点损失:2.873,右节点损失:2.271,总损失:5.144
('----划分特征：', 572)
------划分值:1.000,左节点损失:2.931,右节点损失:2.225,总损失:5.155
------划分值:0.000,左节点损失:0.000,右节点损失:5.155,总损失:5.155
('----划分特征：', 573)
------划分值:1.000,左节点损失:2.707,右节点损失:2.448,总损失:5.155
------划分值:0.000,左节点损失:0.000,右节点损失:5.155,总损失:5.155
('----划分特征：', 574)
------划分值:1.000,左节点损失:2.349,右节点损失:2.801,总损失:5.150
------划分值:0.000,左节点损失:0.000,右节点损失:5.155,总损失:5.155
('----划分特征：', 575)
------划分值:1.000,左节点损失:1.905,右节点损失:3.203,总损失:5.108
------划分值:0.000,左节点损失:0.000,右节点损失:5.155,总损失:5.155
('----划分特征：', 576)
------划分值:1.000,左节点损失:1.582,右节点损失:3.432,总损失:5.014
------划分值:0.000,左节点损失:0.000,右节点损失:5.155,总损失:5.155
('----划分特征：', 577)
------划分值:1.000,左节点损失:1.644,右节点损失:3.293,总损失:4.937
------划分值:0.000,左节点损失:0.000,右节点损失:5.155,总损失:5.155
('----划分特征：', 578)
------划分值:0.000,左节点损失:0.000,右节点损失:5.155,总损失:5.155
------划分值:1.000,左节点损失:2.277,右节点损失:2.696,总损失:4.974
('----划分特征：', 579)
------划分值:0.000,左节点损失:0.000,右节点损失:5.155,总损失:5.155
------划分值:1.000,左节点损失:3.110,右节点损失:1.938,总损失:5.047
('----划分特征：', 580)
------划分值:0.000,左节点损失:0.000,右节点损失:5.155,总损失:5.155
------划分值:1.000,左节点损失:3.765,右节点损失:1.310,总损失:5.075
('----划分特征：', 581)
------划分值:0.000,左节点损失:0.000,右节点损失:5.155,总损失:5.155
------划分值:1.000,左节点损失:4.406,右节点损失:0.719,总损失:5.125
('----划分特征：', 582)
------划分值:0.000,左节点损失:0.000,右节点损失:5.155,总损失:5.155
------划分值:1.000,左节点损失:4.827,右节点损失:0.323,总损失:5.150
('----划分特征：', 583)
------划分值:0.000,左节点损失:0.000,右节点损失:5.155,总损失:5.155
------划分值:1.000,左节点损失:5.051,右节点损失:0.105,总损失:5.155
('----划分特征：', 584)
------划分值:0.000,左节点损失:0.000,右节点损失:5.155,总损失:5.155
------划分值:1.000,左节点损失:5.135,右节点损失:0.019,总损失:5.153
('----划分特征：', 585)
------划分值:0.000,左节点损失:0.000,右节点损失:5.155,总损失:5.155
------划分值:1.000,左节点损失:5.155,右节点损失:0.000,总损失:5.155
('----划分特征：', 586)
------划分值:0.000,左节点损失:0.000,右节点损失:5.155,总损失:5.155
------划分值:1.000,左节点损失:5.147,右节点损失:0.006,总损失:5.154
('----划分特征：', 587)
------划分值:0.000,左节点损失:0.000,右节点损失:5.155,总损失:5.155
('----划分特征：', 588)
------划分值:0.000,左节点损失:0.000,右节点损失:5.155,总损失:5.155
('----划分特征：', 589)
------划分值:0.000,左节点损失:0.000,右节点损失:5.155,总损失:5.155
('----划分特征：', 590)
------划分值:0.000,左节点损失:0.000,右节点损失:5.155,总损失:5.155
------划分值:1.000,左节点损失:5.155,右节点损失:0.000,总损失:5.155
('----划分特征：', 591)
------划分值:0.000,左节点损失:0.000,右节点损失:5.155,总损失:5.155
------划分值:1.000,左节点损失:5.142,右节点损失:0.009,总损失:5.152
('----划分特征：', 592)
------划分值:0.000,左节点损失:0.000,右节点损失:5.155,总损失:5.155
------划分值:1.000,左节点损失:4.960,右节点损失:0.194,总损失:5.154
('----划分特征：', 593)
------划分值:0.000,左节点损失:0.000,右节点损失:5.155,总损失:5.155
------划分值:1.000,左节点损失:4.395,右节点损失:0.712,总损失:5.107
('----划分特征：', 594)
------划分值:0.000,左节点损失:0.000,右节点损失:5.155,总损失:5.155
------划分值:1.000,左节点损失:3.481,右节点损失:1.503,总损失:4.984
('----划分特征：', 595)
------划分值:0.000,左节点损失:0.000,右节点损失:5.155,总损失:5.155
------划分值:1.000,左节点损失:2.302,右节点损失:2.475,总损失:4.777
('----划分特征：', 596)
------划分值:0.000,左节点损失:0.000,右节点损失:5.155,总损失:5.155
------划分值:1.000,左节点损失:1.523,右节点损失:3.136,总损失:4.659
('----划分特征：', 597)
------划分值:0.000,左节点损失:0.000,右节点损失:5.155,总损失:5.155
------划分值:1.000,左节点损失:1.059,右节点损失:3.615,总损失:4.674
('----划分特征：', 598)
------划分值:1.000,左节点损失:1.066,右节点损失:3.731,总损失:4.797
------划分值:0.000,左节点损失:0.000,右节点损失:5.155,总损失:5.155
('----划分特征：', 599)
------划分值:1.000,左节点损失:1.311,右节点损失:3.647,总损失:4.958
------划分值:0.000,左节点损失:0.000,右节点损失:5.155,总损失:5.155
('----划分特征：', 600)
------划分值:1.000,左节点损失:1.498,右节点损失:3.548,总损失:5.045
------划分值:0.000,左节点损失:0.000,右节点损失:5.155,总损失:5.155
('----划分特征：', 601)
------划分值:1.000,左节点损失:1.450,右节点损失:3.610,总损失:5.061
------划分值:0.000,左节点损失:0.000,右节点损失:5.155,总损失:5.155
('----划分特征：', 602)
------划分值:1.000,左节点损失:1.365,右节点损失:3.675,总损失:5.040
------划分值:0.000,左节点损失:0.000,右节点损失:5.155,总损失:5.155
('----划分特征：', 603)
------划分值:1.000,左节点损失:1.283,右节点损失:3.693,总损失:4.976
------划分值:0.000,左节点损失:0.000,右节点损失:5.155,总损失:5.155
('----划分特征：', 604)
------划分值:0.000,左节点损失:0.000,右节点损失:5.155,总损失:5.155
------划分值:1.000,左节点损失:1.502,右节点损失:3.423,总损失:4.925
('----划分特征：', 605)
------划分值:0.000,左节点损失:0.000,右节点损失:5.155,总损失:5.155
------划分值:1.000,左节点损失:2.275,右节点损失:2.716,总损失:4.991
('----划分特征：', 606)
------划分值:0.000,左节点损失:0.000,右节点损失:5.155,总损失:5.155
------划分值:1.000,左节点损失:3.089,右节点损失:1.974,总损失:5.063
('----划分特征：', 607)
------划分值:0.000,左节点损失:0.000,右节点损失:5.155,总损失:5.155
------划分值:1.000,左节点损失:3.798,右节点损失:1.310,总损失:5.108
('----划分特征：', 608)
------划分值:0.000,左节点损失:0.000,右节点损失:5.155,总损失:5.155
------划分值:1.000,左节点损失:4.359,右节点损失:0.776,总损失:5.135
('----划分特征：', 609)
------划分值:0.000,左节点损失:0.000,右节点损失:5.155,总损失:5.155
------划分值:1.000,左节点损失:4.766,右节点损失:0.385,总损失:5.151
('----划分特征：', 610)
------划分值:0.000,左节点损失:0.000,右节点损失:5.155,总损失:5.155
------划分值:1.000,左节点损失:5.038,右节点损失:0.116,总损失:5.154
('----划分特征：', 611)
------划分值:0.000,左节点损失:0.000,右节点损失:5.155,总损失:5.155
------划分值:1.000,左节点损失:5.125,右节点损失:0.028,总损失:5.153
('----划分特征：', 612)
------划分值:0.000,左节点损失:0.000,右节点损失:5.155,总损失:5.155
------划分值:1.000,左节点损失:5.144,右节点损失:0.009,总损失:5.154
('----划分特征：', 613)
------划分值:0.000,左节点损失:0.000,右节点损失:5.155,总损失:5.155
------划分值:1.000,左节点损失:5.155,右节点损失:0.000,总损失:5.155
('----划分特征：', 614)
------划分值:0.000,左节点损失:0.000,右节点损失:5.155,总损失:5.155
------划分值:1.000,左节点损失:5.147,右节点损失:0.005,总损失:5.152
('----划分特征：', 615)
------划分值:0.000,左节点损失:0.000,右节点损失:5.155,总损失:5.155
('----划分特征：', 616)
------划分值:0.000,左节点损失:0.000,右节点损失:5.155,总损失:5.155
('----划分特征：', 617)
------划分值:0.000,左节点损失:0.000,右节点损失:5.155,总损失:5.155
('----划分特征：', 618)
------划分值:0.000,左节点损失:0.000,右节点损失:5.155,总损失:5.155
------划分值:1.000,左节点损失:5.155,右节点损失:0.000,总损失:5.155
('----划分特征：', 619)
------划分值:0.000,左节点损失:0.000,右节点损失:5.155,总损失:5.155
------划分值:1.000,左节点损失:5.145,右节点损失:0.009,总损失:5.154
('----划分特征：', 620)
------划分值:0.000,左节点损失:0.000,右节点损失:5.155,总损失:5.155
------划分值:1.000,左节点损失:5.100,右节点损失:0.054,总损失:5.154
('----划分特征：', 621)
------划分值:0.000,左节点损失:0.000,右节点损失:5.155,总损失:5.155
------划分值:1.000,左节点损失:4.733,右节点损失:0.402,总损失:5.135
('----划分特征：', 622)
------划分值:0.000,左节点损失:0.000,右节点损失:5.155,总损失:5.155
------划分值:1.000,左节点损失:4.139,右节点损失:0.940,总损失:5.079
('----划分特征：', 623)
------划分值:1.000,左节点损失:3.242,右节点损失:1.734,总损失:4.976
------划分值:0.000,左节点损失:0.000,右节点损失:5.155,总损失:5.155
('----划分特征：', 624)
------划分值:1.000,左节点损失:2.374,右节点损失:2.514,总损失:4.888
------划分值:0.000,左节点损失:0.000,右节点损失:5.155,总损失:5.155
('----划分特征：', 625)
------划分值:1.000,左节点损失:1.510,右节点损失:3.269,总损失:4.779
------划分值:0.000,左节点损失:0.000,右节点损失:5.155,总损失:5.155
('----划分特征：', 626)
------划分值:1.000,左节点损失:0.939,右节点损失:3.819,总损失:4.758
------划分值:0.000,左节点损失:0.000,右节点损失:5.155,总损失:5.155
('----划分特征：', 627)
------划分值:1.000,左节点损失:0.827,右节点损失:4.000,总损失:4.827
------划分值:0.000,左节点损失:0.000,右节点损失:5.155,总损失:5.155
('----划分特征：', 628)
------划分值:1.000,左节点损失:0.835,右节点损失:4.040,总损失:4.875
------划分值:0.000,左节点损失:0.000,右节点损失:5.155,总损失:5.155
('----划分特征：', 629)
------划分值:1.000,左节点损失:1.015,右节点损失:3.904,总损失:4.920
------划分值:0.000,左节点损失:0.000,右节点损失:5.155,总损失:5.155
('----划分特征：', 630)
------划分值:0.000,左节点损失:0.000,右节点损失:5.155,总损失:5.155
------划分值:1.000,左节点损失:1.223,右节点损失:3.707,总损失:4.931
('----划分特征：', 631)
------划分值:0.000,左节点损失:0.000,右节点损失:5.155,总损失:5.155
------划分值:1.000,左节点损失:1.834,右节点损失:3.158,总损失:4.992
('----划分特征：', 632)
------划分值:0.000,左节点损失:0.000,右节点损失:5.155,总损失:5.155
------划分值:1.000,左节点损失:2.604,右节点损失:2.450,总损失:5.055
('----划分特征：', 633)
------划分值:0.000,左节点损失:0.000,右节点损失:5.155,总损失:5.155
------划分值:1.000,左节点损失:3.451,右节点损失:1.662,总损失:5.113
('----划分特征：', 634)
------划分值:0.000,左节点损失:0.000,右节点损失:5.155,总损失:5.155
------划分值:1.000,左节点损失:4.022,右节点损失:1.116,总损失:5.138
('----划分特征：', 635)
------划分值:0.000,左节点损失:0.000,右节点损失:5.155,总损失:5.155
------划分值:1.000,左节点损失:4.499,右节点损失:0.652,总损失:5.151
('----划分特征：', 636)
------划分值:0.000,左节点损失:0.000,右节点损失:5.155,总损失:5.155
------划分值:1.000,左节点损失:4.818,右节点损失:0.337,总损失:5.155
('----划分特征：', 637)
------划分值:0.000,左节点损失:0.000,右节点损失:5.155,总损失:5.155
------划分值:1.000,左节点损失:5.035,右节点损失:0.118,总损失:5.153
('----划分特征：', 638)
------划分值:0.000,左节点损失:0.000,右节点损失:5.155,总损失:5.155
------划分值:1.000,左节点损失:5.107,右节点损失:0.046,总损失:5.153
('----划分特征：', 639)
------划分值:0.000,左节点损失:0.000,右节点损失:5.155,总损失:5.155
------划分值:1.000,左节点损失:5.144,右节点损失:0.009,总损失:5.153
('----划分特征：', 640)
------划分值:0.000,左节点损失:0.000,右节点损失:5.155,总损失:5.155
------划分值:1.000,左节点损失:5.154,右节点损失:0.000,总损失:5.154
('----划分特征：', 641)
------划分值:0.000,左节点损失:0.000,右节点损失:5.155,总损失:5.155
------划分值:1.000,左节点损失:5.155,右节点损失:0.000,总损失:5.155
('----划分特征：', 642)
------划分值:0.000,左节点损失:0.000,右节点损失:5.155,总损失:5.155
------划分值:1.000,左节点损失:5.148,右节点损失:0.000,总损失:5.148
('----划分特征：', 643)
------划分值:0.000,左节点损失:0.000,右节点损失:5.155,总损失:5.155
('----划分特征：', 644)
------划分值:0.000,左节点损失:0.000,右节点损失:5.155,总损失:5.155
('----划分特征：', 645)
------划分值:0.000,左节点损失:0.000,右节点损失:5.155,总损失:5.155
('----划分特征：', 646)
------划分值:0.000,左节点损失:0.000,右节点损失:5.155,总损失:5.155
------划分值:1.000,左节点损失:5.155,右节点损失:0.000,总损失:5.155
('----划分特征：', 647)
------划分值:0.000,左节点损失:0.000,右节点损失:5.155,总损失:5.155
------划分值:1.000,左节点损失:5.155,右节点损失:0.000,总损失:5.155
('----划分特征：', 648)
------划分值:0.000,左节点损失:0.000,右节点损失:5.155,总损失:5.155
------划分值:1.000,左节点损失:5.137,右节点损失:0.018,总损失:5.155
('----划分特征：', 649)
------划分值:1.000,左节点损失:5.036,右节点损失:0.119,总损失:5.155
------划分值:0.000,左节点损失:0.000,右节点损失:5.155,总损失:5.155
('----划分特征：', 650)
------划分值:1.000,左节点损失:4.842,右节点损失:0.310,总损失:5.152
------划分值:0.000,左节点损失:0.000,右节点损失:5.155,总损失:5.155
('----划分特征：', 651)
------划分值:1.000,左节点损失:4.474,右节点损失:0.669,总损失:5.142
------划分值:0.000,左节点损失:0.000,右节点损失:5.155,总损失:5.155
('----划分特征：', 652)
------划分值:1.000,左节点损失:3.838,右节点损失:1.278,总损失:5.115
------划分值:0.000,左节点损失:0.000,右节点损失:5.155,总损失:5.155
('----划分特征：', 653)
------划分值:1.000,左节点损失:3.078,右节点损失:1.992,总损失:5.070
------划分值:0.000,左节点损失:0.000,右节点损失:5.155,总损失:5.155
('----划分特征：', 654)
------划分值:1.000,左节点损失:2.560,右节点损失:2.499,总损失:5.059
------划分值:0.000,左节点损失:0.000,右节点损失:5.155,总损失:5.155
('----划分特征：', 655)
------划分值:1.000,左节点损失:2.051,右节点损失:2.968,总损失:5.019
------划分值:0.000,左节点损失:0.000,右节点损失:5.155,总损失:5.155
('----划分特征：', 656)
------划分值:1.000,左节点损失:2.006,右节点损失:3.019,总损失:5.025
------划分值:0.000,左节点损失:0.000,右节点损失:5.155,总损失:5.155
('----划分特征：', 657)
------划分值:0.000,左节点损失:0.000,右节点损失:5.155,总损失:5.155
------划分值:1.000,左节点损失:2.330,右节点损失:2.739,总损失:5.069
('----划分特征：', 658)
------划分值:0.000,左节点损失:0.000,右节点损失:5.155,总损失:5.155
------划分值:1.000,左节点损失:2.910,右节点损失:2.212,总损失:5.122
('----划分特征：', 659)
------划分值:0.000,左节点损失:0.000,右节点损失:5.155,总损失:5.155
------划分值:1.000,左节点损失:3.524,右节点损失:1.621,总损失:5.145
('----划分特征：', 660)
------划分值:0.000,左节点损失:0.000,右节点损失:5.155,总损失:5.155
------划分值:1.000,左节点损失:4.194,右节点损失:0.962,总损失:5.155
('----划分特征：', 661)
------划分值:0.000,左节点损失:0.000,右节点损失:5.155,总损失:5.155
------划分值:1.000,左节点损失:4.505,右节点损失:0.650,总损失:5.155
('----划分特征：', 662)
------划分值:0.000,左节点损失:0.000,右节点损失:5.155,总损失:5.155
------划分值:1.000,左节点损失:4.765,右节点损失:0.389,总损失:5.154
('----划分特征：', 663)
------划分值:0.000,左节点损失:0.000,右节点损失:5.155,总损失:5.155
------划分值:1.000,左节点损失:5.016,右节点损失:0.129,总损失:5.145
('----划分特征：', 664)
------划分值:0.000,左节点损失:0.000,右节点损失:5.155,总损失:5.155
------划分值:1.000,左节点损失:5.083,右节点损失:0.065,总损失:5.148
('----划分特征：', 665)
------划分值:0.000,左节点损失:0.000,右节点损失:5.155,总损失:5.155
------划分值:1.000,左节点损失:5.130,右节点损失:0.019,总损失:5.149
('----划分特征：', 666)
------划分值:0.000,左节点损失:0.000,右节点损失:5.155,总损失:5.155
------划分值:1.000,左节点损失:5.143,右节点损失:0.009,总损失:5.152
('----划分特征：', 667)
------划分值:0.000,左节点损失:0.000,右节点损失:5.155,总损失:5.155
------划分值:1.000,左节点损失:5.154,右节点损失:0.000,总损失:5.154
('----划分特征：', 668)
------划分值:0.000,左节点损失:0.000,右节点损失:5.155,总损失:5.155
------划分值:1.000,左节点损失:5.155,右节点损失:0.000,总损失:5.155
('----划分特征：', 669)
------划分值:0.000,左节点损失:0.000,右节点损失:5.155,总损失:5.155
('----划分特征：', 670)
------划分值:0.000,左节点损失:0.000,右节点损失:5.155,总损失:5.155
('----划分特征：', 671)
------划分值:0.000,左节点损失:0.000,右节点损失:5.155,总损失:5.155
('----划分特征：', 672)
------划分值:0.000,左节点损失:0.000,右节点损失:5.155,总损失:5.155
('----划分特征：', 673)
------划分值:0.000,左节点损失:0.000,右节点损失:5.155,总损失:5.155
('----划分特征：', 674)
------划分值:0.000,左节点损失:0.000,右节点损失:5.155,总损失:5.155
('----划分特征：', 675)
------划分值:0.000,左节点损失:0.000,右节点损失:5.155,总损失:5.155
------划分值:1.000,左节点损失:5.155,右节点损失:0.000,总损失:5.155
('----划分特征：', 676)
------划分值:1.000,左节点损失:5.146,右节点损失:0.009,总损失:5.155
------划分值:0.000,左节点损失:0.000,右节点损失:5.155,总损失:5.155
('----划分特征：', 677)
------划分值:1.000,左节点损失:5.136,右节点损失:0.018,总损失:5.155
------划分值:0.000,左节点损失:0.000,右节点损失:5.155,总损失:5.155
('----划分特征：', 678)
------划分值:1.000,左节点损失:5.122,右节点损失:0.028,总损失:5.151
------划分值:0.000,左节点损失:0.000,右节点损失:5.155,总损失:5.155
('----划分特征：', 679)
------划分值:1.000,左节点损失:5.072,右节点损失:0.075,总损失:5.147
------划分值:0.000,左节点损失:0.000,右节点损失:5.155,总损失:5.155
('----划分特征：', 680)
------划分值:1.000,左节点损失:4.982,右节点损失:0.158,总损失:5.140
------划分值:0.000,左节点损失:0.000,右节点损失:5.155,总损失:5.155
('----划分特征：', 681)
------划分值:1.000,左节点损失:4.825,右节点损失:0.312,总损失:5.137
------划分值:0.000,左节点损失:0.000,右节点损失:5.155,总损失:5.155
('----划分特征：', 682)
------划分值:1.000,左节点损失:4.599,右节点损失:0.543,总损失:5.142
------划分值:0.000,左节点损失:0.000,右节点损失:5.155,总损失:5.155
('----划分特征：', 683)
------划分值:0.000,左节点损失:0.000,右节点损失:5.155,总损失:5.155
------划分值:1.000,左节点损失:4.461,右节点损失:0.683,总损失:5.144
('----划分特征：', 684)
------划分值:0.000,左节点损失:0.000,右节点损失:5.155,总损失:5.155
------划分值:1.000,左节点损失:4.375,右节点损失:0.775,总损失:5.150
('----划分特征：', 685)
------划分值:0.000,左节点损失:0.000,右节点损失:5.155,总损失:5.155
------划分值:1.000,左节点损失:4.431,右节点损失:0.716,总损失:5.147
('----划分特征：', 686)
------划分值:0.000,左节点损失:0.000,右节点损失:5.155,总损失:5.155
------划分值:1.000,左节点损失:4.597,右节点损失:0.544,总损失:5.141
('----划分特征：', 687)
------划分值:0.000,左节点损失:0.000,右节点损失:5.155,总损失:5.155
------划分值:1.000,左节点损失:4.774,右节点损失:0.366,总损失:5.139
('----划分特征：', 688)
------划分值:0.000,左节点损失:0.000,右节点损失:5.155,总损失:5.155
------划分值:1.000,左节点损失:4.933,右节点损失:0.204,总损失:5.137
('----划分特征：', 689)
------划分值:0.000,左节点损失:0.000,右节点损失:5.155,总损失:5.155
------划分值:1.000,左节点损失:5.034,右节点损失:0.103,总损失:5.137
('----划分特征：', 690)
------划分值:0.000,左节点损失:0.000,右节点损失:5.155,总损失:5.155
------划分值:1.000,左节点损失:5.092,右节点损失:0.047,总损失:5.139
('----划分特征：', 691)
------划分值:0.000,左节点损失:0.000,右节点损失:5.155,总损失:5.155
------划分值:1.000,左节点损失:5.124,右节点损失:0.019,总损失:5.143
('----划分特征：', 692)
------划分值:0.000,左节点损失:0.000,右节点损失:5.155,总损失:5.155
------划分值:1.000,左节点损失:5.129,右节点损失:0.019,总损失:5.148
('----划分特征：', 693)
------划分值:0.000,左节点损失:0.000,右节点损失:5.155,总损失:5.155
------划分值:1.000,左节点损失:5.143,右节点损失:0.009,总损失:5.152
('----划分特征：', 694)
------划分值:0.000,左节点损失:0.000,右节点损失:5.155,总损失:5.155
------划分值:1.000,左节点损失:5.153,右节点损失:0.000,总损失:5.153
('----划分特征：', 695)
------划分值:0.000,左节点损失:0.000,右节点损失:5.155,总损失:5.155
------划分值:1.000,左节点损失:5.154,右节点损失:0.000,总损失:5.154
('----划分特征：', 696)
------划分值:0.000,左节点损失:0.000,右节点损失:5.155,总损失:5.155
------划分值:1.000,左节点损失:5.155,右节点损失:0.000,总损失:5.155
('----划分特征：', 697)
------划分值:0.000,左节点损失:0.000,右节点损失:5.155,总损失:5.155
('----划分特征：', 698)
------划分值:0.000,左节点损失:0.000,右节点损失:5.155,总损失:5.155
('----划分特征：', 699)
------划分值:0.000,左节点损失:0.000,右节点损失:5.155,总损失:5.155
('----划分特征：', 700)
------划分值:0.000,左节点损失:0.000,右节点损失:5.155,总损失:5.155
('----划分特征：', 701)
------划分值:0.000,左节点损失:0.000,右节点损失:5.155,总损失:5.155
('----划分特征：', 702)
------划分值:0.000,左节点损失:0.000,右节点损失:5.155,总损失:5.155
('----划分特征：', 703)
------划分值:0.000,左节点损失:0.000,右节点损失:5.155,总损失:5.155
('----划分特征：', 704)
------划分值:0.000,左节点损失:0.000,右节点损失:5.155,总损失:5.155
------划分值:1.000,左节点损失:5.155,右节点损失:0.000,总损失:5.155
('----划分特征：', 705)
------划分值:0.000,左节点损失:0.000,右节点损失:5.155,总损失:5.155
------划分值:1.000,左节点损失:5.154,右节点损失:0.000,总损失:5.154
('----划分特征：', 706)
------划分值:0.000,左节点损失:0.000,右节点损失:5.155,总损失:5.155
------划分值:1.000,左节点损失:5.152,右节点损失:0.000,总损失:5.152
('----划分特征：', 707)
------划分值:0.000,左节点损失:0.000,右节点损失:5.155,总损失:5.155
------划分值:1.000,左节点损失:5.146,右节点损失:0.000,总损失:5.146
('----划分特征：', 708)
------划分值:0.000,左节点损失:0.000,右节点损失:5.155,总损失:5.155
------划分值:1.000,左节点损失:5.137,右节点损失:0.000,总损失:5.137
('----划分特征：', 709)
------划分值:0.000,左节点损失:0.000,右节点损失:5.155,总损失:5.155
------划分值:1.000,左节点损失:5.126,右节点损失:0.000,总损失:5.126
('----划分特征：', 710)
------划分值:0.000,左节点损失:0.000,右节点损失:5.155,总损失:5.155
------划分值:1.000,左节点损失:5.110,右节点损失:0.010,总损失:5.120
('----划分特征：', 711)
------划分值:0.000,左节点损失:0.000,右节点损失:5.155,总损失:5.155
------划分值:1.000,左节点损失:5.100,右节点损失:0.019,总损失:5.120
('----划分特征：', 712)
------划分值:0.000,左节点损失:0.000,右节点损失:5.155,总损失:5.155
------划分值:1.000,左节点损失:5.103,右节点损失:0.019,总损失:5.122
('----划分特征：', 713)
------划分值:0.000,左节点损失:0.000,右节点损失:5.155,总损失:5.155
------划分值:1.000,左节点损失:5.096,右节点损失:0.029,总损失:5.125
('----划分特征：', 714)
------划分值:0.000,左节点损失:0.000,右节点损失:5.155,总损失:5.155
------划分值:1.000,左节点损失:5.109,右节点损失:0.019,总损失:5.128
('----划分特征：', 715)
------划分值:0.000,左节点损失:0.000,右节点损失:5.155,总损失:5.155
------划分值:1.000,左节点损失:5.121,右节点损失:0.010,总损失:5.131
('----划分特征：', 716)
------划分值:0.000,左节点损失:0.000,右节点损失:5.155,总损失:5.155
------划分值:1.000,左节点损失:5.133,右节点损失:0.000,总损失:5.133
('----划分特征：', 717)
------划分值:0.000,左节点损失:0.000,右节点损失:5.155,总损失:5.155
------划分值:1.000,左节点损失:5.140,右节点损失:0.000,总损失:5.140
('----划分特征：', 718)
------划分值:0.000,左节点损失:0.000,右节点损失:5.155,总损失:5.155
------划分值:1.000,左节点损失:5.145,右节点损失:0.000,总损失:5.145
('----划分特征：', 719)
------划分值:0.000,左节点损失:0.000,右节点损失:5.155,总损失:5.155
------划分值:1.000,左节点损失:5.149,右节点损失:0.000,总损失:5.149
('----划分特征：', 720)
------划分值:0.000,左节点损失:0.000,右节点损失:5.155,总损失:5.155
------划分值:1.000,左节点损失:5.151,右节点损失:0.000,总损失:5.151
('----划分特征：', 721)
------划分值:0.000,左节点损失:0.000,右节点损失:5.155,总损失:5.155
------划分值:1.000,左节点损失:5.153,右节点损失:0.000,总损失:5.153
('----划分特征：', 722)
------划分值:0.000,左节点损失:0.000,右节点损失:5.155,总损失:5.155
------划分值:1.000,左节点损失:5.154,右节点损失:0.000,总损失:5.154
('----划分特征：', 723)
------划分值:0.000,左节点损失:0.000,右节点损失:5.155,总损失:5.155
------划分值:1.000,左节点损失:5.155,右节点损失:0.000,总损失:5.155
('----划分特征：', 724)
------划分值:0.000,左节点损失:0.000,右节点损失:5.155,总损失:5.155
('----划分特征：', 725)
------划分值:0.000,左节点损失:0.000,右节点损失:5.155,总损失:5.155
('----划分特征：', 726)
------划分值:0.000,左节点损失:0.000,右节点损失:5.155,总损失:5.155
('----划分特征：', 727)
------划分值:0.000,左节点损失:0.000,右节点损失:5.155,总损失:5.155
('----划分特征：', 728)
------划分值:0.000,左节点损失:0.000,右节点损失:5.155,总损失:5.155
('----划分特征：', 729)
------划分值:0.000,左节点损失:0.000,右节点损失:5.155,总损失:5.155
('----划分特征：', 730)
------划分值:0.000,左节点损失:0.000,右节点损失:5.155,总损失:5.155
('----划分特征：', 731)
------划分值:0.000,左节点损失:0.000,右节点损失:5.155,总损失:5.155
('----划分特征：', 732)
------划分值:0.000,左节点损失:0.000,右节点损失:5.155,总损失:5.155
------划分值:1.000,左节点损失:5.155,右节点损失:0.000,总损失:5.155
('----划分特征：', 733)
------划分值:0.000,左节点损失:0.000,右节点损失:5.155,总损失:5.155
------划分值:1.000,左节点损失:5.155,右节点损失:0.000,总损失:5.155
('----划分特征：', 734)
------划分值:0.000,左节点损失:0.000,右节点损失:5.155,总损失:5.155
------划分值:1.000,左节点损失:5.153,右节点损失:0.000,总损失:5.153
('----划分特征：', 735)
------划分值:0.000,左节点损失:0.000,右节点损失:5.155,总损失:5.155
------划分值:1.000,左节点损失:5.151,右节点损失:0.000,总损失:5.151
('----划分特征：', 736)
------划分值:0.000,左节点损失:0.000,右节点损失:5.155,总损失:5.155
------划分值:1.000,左节点损失:5.147,右节点损失:0.000,总损失:5.147
('----划分特征：', 737)
------划分值:0.000,左节点损失:0.000,右节点损失:5.155,总损失:5.155
------划分值:1.000,左节点损失:5.144,右节点损失:0.000,总损失:5.144
('----划分特征：', 738)
------划分值:0.000,左节点损失:0.000,右节点损失:5.155,总损失:5.155
------划分值:1.000,左节点损失:5.142,右节点损失:0.000,总损失:5.142
('----划分特征：', 739)
------划分值:0.000,左节点损失:0.000,右节点损失:5.155,总损失:5.155
------划分值:1.000,左节点损失:5.142,右节点损失:0.000,总损失:5.142
('----划分特征：', 740)
------划分值:0.000,左节点损失:0.000,右节点损失:5.155,总损失:5.155
------划分值:1.000,左节点损失:5.143,右节点损失:0.000,总损失:5.143
('----划分特征：', 741)
------划分值:0.000,左节点损失:0.000,右节点损失:5.155,总损失:5.155
------划分值:1.000,左节点损失:5.144,右节点损失:0.000,总损失:5.144
('----划分特征：', 742)
------划分值:0.000,左节点损失:0.000,右节点损失:5.155,总损失:5.155
------划分值:1.000,左节点损失:5.144,右节点损失:0.000,总损失:5.144
('----划分特征：', 743)
------划分值:0.000,左节点损失:0.000,右节点损失:5.155,总损失:5.155
------划分值:1.000,左节点损失:5.147,右节点损失:0.000,总损失:5.147
('----划分特征：', 744)
------划分值:0.000,左节点损失:0.000,右节点损失:5.155,总损失:5.155
------划分值:1.000,左节点损失:5.148,右节点损失:0.000,总损失:5.148
('----划分特征：', 745)
------划分值:0.000,左节点损失:0.000,右节点损失:5.155,总损失:5.155
------划分值:1.000,左节点损失:5.149,右节点损失:0.000,总损失:5.149
('----划分特征：', 746)
------划分值:0.000,左节点损失:0.000,右节点损失:5.155,总损失:5.155
------划分值:1.000,左节点损失:5.151,右节点损失:0.000,总损失:5.151
('----划分特征：', 747)
------划分值:0.000,左节点损失:0.000,右节点损失:5.155,总损失:5.155
------划分值:1.000,左节点损失:5.153,右节点损失:0.000,总损失:5.153
('----划分特征：', 748)
------划分值:0.000,左节点损失:0.000,右节点损失:5.155,总损失:5.155
------划分值:1.000,左节点损失:5.154,右节点损失:0.000,总损失:5.154
('----划分特征：', 749)
------划分值:0.000,左节点损失:0.000,右节点损失:5.155,总损失:5.155
------划分值:1.000,左节点损失:5.155,右节点损失:0.000,总损失:5.155
('----划分特征：', 750)
------划分值:0.000,左节点损失:0.000,右节点损失:5.155,总损失:5.155
------划分值:1.000,左节点损失:5.155,右节点损失:0.000,总损失:5.155
('----划分特征：', 751)
------划分值:0.000,左节点损失:0.000,右节点损失:5.155,总损失:5.155
------划分值:1.000,左节点损失:5.155,右节点损失:0.000,总损失:5.155
('----划分特征：', 752)
------划分值:0.000,左节点损失:0.000,右节点损失:5.155,总损失:5.155
('----划分特征：', 753)
------划分值:0.000,左节点损失:0.000,右节点损失:5.155,总损失:5.155
('----划分特征：', 754)
------划分值:0.000,左节点损失:0.000,右节点损失:5.155,总损失:5.155
('----划分特征：', 755)
------划分值:0.000,左节点损失:0.000,右节点损失:5.155,总损失:5.155
('----划分特征：', 756)
------划分值:0.000,左节点损失:0.000,右节点损失:5.155,总损失:5.155
('----划分特征：', 757)
------划分值:0.000,左节点损失:0.000,右节点损失:5.155,总损失:5.155
('----划分特征：', 758)
------划分值:0.000,左节点损失:0.000,右节点损失:5.155,总损失:5.155
('----划分特征：', 759)
------划分值:0.000,左节点损失:0.000,右节点损失:5.155,总损失:5.155
('----划分特征：', 760)
------划分值:0.000,左节点损失:0.000,右节点损失:5.155,总损失:5.155
('----划分特征：', 761)
------划分值:0.000,左节点损失:0.000,右节点损失:5.155,总损失:5.155
------划分值:1.000,左节点损失:5.155,右节点损失:0.000,总损失:5.155
('----划分特征：', 762)
------划分值:0.000,左节点损失:0.000,右节点损失:5.155,总损失:5.155
------划分值:1.000,左节点损失:5.155,右节点损失:0.000,总损失:5.155
('----划分特征：', 763)
------划分值:0.000,左节点损失:0.000,右节点损失:5.155,总损失:5.155
------划分值:1.000,左节点损失:5.155,右节点损失:0.000,总损失:5.155
('----划分特征：', 764)
------划分值:0.000,左节点损失:0.000,右节点损失:5.155,总损失:5.155
------划分值:1.000,左节点损失:5.155,右节点损失:0.000,总损失:5.155
('----划分特征：', 765)
------划分值:0.000,左节点损失:0.000,右节点损失:5.155,总损失:5.155
------划分值:1.000,左节点损失:5.155,右节点损失:0.000,总损失:5.155
('----划分特征：', 766)
------划分值:0.000,左节点损失:0.000,右节点损失:5.155,总损失:5.155
------划分值:1.000,左节点损失:5.155,右节点损失:0.000,总损失:5.155
('----划分特征：', 767)
------划分值:0.000,左节点损失:0.000,右节点损失:5.155,总损失:5.155
------划分值:1.000,左节点损失:5.154,右节点损失:0.000,总损失:5.154
('----划分特征：', 768)
------划分值:0.000,左节点损失:0.000,右节点损失:5.155,总损失:5.155
------划分值:1.000,左节点损失:5.154,右节点损失:0.000,总损失:5.154
('----划分特征：', 769)
------划分值:0.000,左节点损失:0.000,右节点损失:5.155,总损失:5.155
------划分值:1.000,左节点损失:5.154,右节点损失:0.000,总损失:5.154
('----划分特征：', 770)
------划分值:0.000,左节点损失:0.000,右节点损失:5.155,总损失:5.155
------划分值:1.000,左节点损失:5.154,右节点损失:0.000,总损失:5.154
('----划分特征：', 771)
------划分值:0.000,左节点损失:0.000,右节点损失:5.155,总损失:5.155
------划分值:1.000,左节点损失:5.154,右节点损失:0.000,总损失:5.154
('----划分特征：', 772)
------划分值:0.000,左节点损失:0.000,右节点损失:5.155,总损失:5.155
------划分值:1.000,左节点损失:5.154,右节点损失:0.000,总损失:5.154
('----划分特征：', 773)
------划分值:0.000,左节点损失:0.000,右节点损失:5.155,总损失:5.155
------划分值:1.000,左节点损失:5.155,右节点损失:0.000,总损失:5.155
('----划分特征：', 774)
------划分值:0.000,左节点损失:0.000,右节点损失:5.155,总损失:5.155
------划分值:1.000,左节点损失:5.155,右节点损失:0.000,总损失:5.155
('----划分特征：', 775)
------划分值:0.000,左节点损失:0.000,右节点损失:5.155,总损失:5.155
------划分值:1.000,左节点损失:5.155,右节点损失:0.000,总损失:5.155
('----划分特征：', 776)
------划分值:0.000,左节点损失:0.000,右节点损失:5.155,总损失:5.155
------划分值:1.000,左节点损失:5.155,右节点损失:0.000,总损失:5.155
('----划分特征：', 777)
------划分值:0.000,左节点损失:0.000,右节点损失:5.155,总损失:5.155
------划分值:1.000,左节点损失:5.155,右节点损失:0.000,总损失:5.155
('----划分特征：', 778)
------划分值:0.000,左节点损失:0.000,右节点损失:5.155,总损失:5.155
('----划分特征：', 779)
------划分值:0.000,左节点损失:0.000,右节点损失:5.155,总损失:5.155
('----划分特征：', 780)
------划分值:0.000,左节点损失:0.000,右节点损失:5.155,总损失:5.155
('----划分特征：', 781)
------划分值:0.000,左节点损失:0.000,右节点损失:5.155,总损失:5.155
('----划分特征：', 782)
------划分值:0.000,左节点损失:0.000,右节点损失:5.155,总损失:5.155
('----划分特征：', 783)
------划分值:0.000,左节点损失:0.000,右节点损失:5.155,总损失:5.155
('----划分特征：', 'label')
------划分值:0.000,左节点损失:0.000,右节点损失:5.155,总损失:5.155
------划分值:1.000,左节点损失:0.000,右节点损失:0.000,总损失:0.000
('----划分特征：', 'f_0')
------划分值:-2.212,左节点损失:0.000,右节点损失:5.155,总损失:5.155
('----划分特征：', 'res_1')
------划分值:-0.099,左节点损失:0.000,右节点损失:5.155,总损失:5.155
------划分值:0.901,左节点损失:0.000,右节点损失:0.000,总损失:0.000
('----划分特征：', 'f_1')
------划分值:-2.323,左节点损失:0.000,右节点损失:5.155,总损失:5.155
------划分值:-1.199,左节点损失:0.000,右节点损失:0.000,总损失:0.000
('----划分特征：', 'res_2')
------划分值:-0.089,左节点损失:0.000,右节点损失:5.155,总损失:5.155
------划分值:0.768,左节点损失:0.000,右节点损失:0.000,总损失:0.000
('----划分特征：', 'f_2')
------划分值:-2.433,左节点损失:0.000,右节点损失:5.155,总损失:5.155
------划分值:-0.767,左节点损失:0.000,右节点损失:0.000,总损失:0.000
('----划分特征：', 'res_3')
------划分值:-0.081,左节点损失:0.000,右节点损失:5.155,总损失:5.155
------划分值:0.683,左节点损失:0.000,右节点损失:0.000,总损失:0.000
('----划分特征：', 'f_3')
------划分值:-2.542,左节点损失:0.000,右节点损失:5.155,总损失:5.155
------划分值:-0.452,左节点损失:0.000,右节点损失:0.000,总损失:0.000
('----划分特征：', 'res_4')
------划分值:-0.073,左节点损失:0.000,右节点损失:5.155,总损失:5.155
------划分值:0.611,左节点损失:0.000,右节点损失:0.000,总损失:0.000
('----划分特征：', 'f_4')
------划分值:-2.650,左节点损失:0.000,右节点损失:5.155,总损失:5.155
------划分值:-0.195,左节点损失:0.000,右节点损失:0.000,总损失:0.000
('----划分特征：', 'res_5')
------划分值:-0.066,左节点损失:0.000,右节点损失:5.155,总损失:5.155
------划分值:0.549,左节点损失:0.000,右节点损失:0.000,总损失:0.000
('----划分特征：', 'f_5')
------划分值:-2.757,左节点损失:0.000,右节点损失:5.155,总损失:5.155
------划分值:0.027,左节点损失:0.000,右节点损失:0.000,总损失:0.000
('----划分特征：', 'res_6')
------划分值:-0.060,左节点损失:0.000,右节点损失:5.155,总损失:5.155
------划分值:0.493,左节点损失:0.000,右节点损失:0.000,总损失:0.000
('----划分特征：', 'f_6')
------划分值:-2.863,左节点损失:0.000,右节点损失:5.155,总损失:5.155
------划分值:0.224,左节点损失:0.000,右节点损失:0.000,总损失:0.000
('----划分特征：', 'res_7')
------划分值:-0.054,左节点损失:0.000,右节点损失:5.155,总损失:5.155
------划分值:0.444,左节点损失:0.000,右节点损失:0.000,总损失:0.000
('----划分特征：', 'f_7')
------划分值:-2.969,左节点损失:0.000,右节点损失:5.155,总损失:5.155
------划分值:0.404,左节点损失:0.000,右节点损失:0.000,总损失:0.000
('----划分特征：', 'res_8')
------划分值:-0.049,左节点损失:0.000,右节点损失:5.155,总损失:5.155
------划分值:0.400,左节点损失:0.000,右节点损失:0.000,总损失:0.000
('----划分特征：', 'f_8')
------划分值:-3.074,左节点损失:0.000,右节点损失:5.155,总损失:5.155
------划分值:0.571,左节点损失:0.000,右节点损失:0.000,总损失:0.000
('----划分特征：', 'res_9')
------划分值:-0.044,左节点损失:0.000,右节点损失:5.155,总损失:5.155
------划分值:0.361,左节点损失:0.000,右节点损失:0.000,总损失:0.000
('----划分特征：', 'f_9')
------划分值:-3.178,左节点损失:0.000,右节点损失:5.155,总损失:5.155
------划分值:0.727,左节点损失:0.000,右节点损失:0.000,总损失:0.000
('----划分特征：', 'res_10')
------划分值:-0.040,左节点损失:0.000,右节点损失:5.155,总损失:5.155
------划分值:0.326,左节点损失:0.000,右节点损失:0.000,总损失:0.000
('--最佳划分特征：', 'label')
('--最佳划分值：', 1)
('叶子节点预测值：', -1.0110006416514483)
('叶子节点预测值：', 1.0957861875410626)
第23棵树: log-likelihood:5.8128
